# Bundle file v0.3
60 260
0 0 0
0 0 0
0 0 0
0 0 0
0 0 0
0 0 0
0 0 0
0 0 0
0 0 0
0 0 0
0 0 0
0 0 0
0 0 0
0 0 0
0 0 0
0 0 0
0 0 0
0 0 0
0 0 0
0 0 0
0 0 0
0 0 0
0 0 0
0 0 0
0 0 0
0 0 0
0 0 0
0 0 0
0 0 0
0 0 0
0 0 0
0 0 0
0 0 0
0 0 0
0 0 0
0 0 0
0 0 0
0 0 0
0 0 0
0 0 0
0 0 0
0 0 0
0 0 0
0 0 0
0 0 0
0 0 0
0 0 0
0 0 0
0 0 0
0 0 0
0 0 0
0 0 0
0 0 0
0 0 0
0 0 0
0 0 0
0 0 0
0 0 0
0 0 0
0 0 0
0 0 0
0 0 0
0 0 0
0 0 0
0 0 0
0 0 0
0 0 0
0 0 0
0 0 0
0 0 0
0 0 0
0 0 0
0 0 0
0 0 0
0 0 0
0 0 0
0 0 0
0 0 0
0 0 0
0 0 0
0 0 0
0 0 0
0 0 0
0 0 0
0 0 0
0 0 0
0 0 0
0 0 0
0 0 0
0 0 0
0 0 0
0 0 0
0 0 0
0 0 0
0 0 0
0 0 0
0 0 0
0 0 0
0 0 0
0 0 0
0 0 0
0 0 0
0 0 0
0 0 0
0 0 0
0 0 0
0 0 0
0 0 0
0 0 0
0 0 0
0 0 0
0 0 0
0 0 0
0 0 0
0 0 0
0 0 0
0 0 0
0 0 0
0 0 0
0 0 0
0 0 0
0 0 0
0 0 0
0 0 0
0 0 0
0 0 0
0 0 0
0 0 0
0 0 0
0 0 0
0 0 0
0 0 0
0 0 0
0 0 0
0 0 0
0 0 0
0 0 0
0 0 0
0 0 0
0 0 0
0 0 0
0 0 0
0 0 0
0 0 0
0 0 0
0 0 0
0 0 0
0 0 0
0 0 0
0 0 0
0 0 0
0 0 0
0 0 0
0 0 0
0 0 0
0 0 0
0 0 0
0 0 0
0 0 0
0 0 0
0 0 0
0 0 0
0 0 0
0 0 0
0 0 0
0 0 0
0 0 0
0 0 0
0 0 0
0 0 0
0 0 0
0 0 0
0 0 0
0 0 0
0 0 0
0 0 0
0 0 0
0 0 0
0 0 0
0 0 0
0 0 0
0 0 0
0 0 0
0 0 0
0 0 0
0 0 0
0 0 0
0 0 0
0 0 0
0 0 0
0 0 0
0 0 0
0 0 0
0 0 0
0 0 0
0 0 0
0 0 0
0 0 0
0 0 0
0 0 0
0 0 0
0 0 0
0 0 0
0 0 0
0 0 0
0 0 0
0 0 0
0 0 0
0 0 0
0 0 0
0 0 0
0 0 0
0 0 0
0 0 0
0 0 0
0 0 0
0 0 0
0 0 0
0 0 0
0 0 0
0 0 0
0 0 0
0 0 0
0 0 0
0 0 0
0 0 0
0 0 0
0 0 0
0 0 0
0 0 0
5.5571663961e+002 -1.2417097380e-003 3.5175728923e-002
9.9994952525e-001 -1.3425288666e-003 -9.9571368225e-003
1.3146292709e-003 9.9999519347e-001 -2.8079857605e-003
9.9608587651e-003 2.7947540845e-003 9.9994648389e-001
-6.0400251835e-002 -2.0369324602e-002 -9.4477719093e-002
0 0 0
0 0 0
0 0 0
0 0 0
0 0 0
0 0 0
0 0 0
0 0 0
0 0 0
0 0 0
5.5830988741e+002 2.3963282088e-002 -6.1141841817e-002
9.7452548910e-001 2.2346398519e-001 -1.9076645726e-002
-2.2303372880e-001 9.5666911593e-001 -1.8719016654e-001
-2.3580222801e-002 1.8667632403e-001 9.8213844398e-001
-1.1972348935e-001 -9.5306690794e-001 1.1684654915e-001
0 0 0
0 0 0
0 0 0
0 0 0
0 0 0
0 0 0
0 0 0
0 0 0
0 0 0
0 0 0
0 0 0
0 0 0
0 0 0
0 0 0
0 0 0
0 0 0
0 0 0
0 0 0
0 0 0
0 0 0
0 0 0
0 0 0
0 0 0
0 0 0
0 0 0
0 0 0
0 0 0
0 0 0
0 0 0
0 0 0
0 0 0
0 0 0
0 0 0
0 0 0
0 0 0
0 0 0
0 0 0
0 0 0
0 0 0
0 0 0
0 0 0
0 0 0
0 0 0
0 0 0
0 0 0
0 0 0
0 0 0
0 0 0
0 0 0
0 0 0
9.9962216901e-001 -1.8355842741e+000 -6.6925890741e+000
88 70 55
2 46 1364 82.5600 -150.4800 49 1008 46.9400 -137.6100
9.0724477584e-001 -1.8210833701e+000 -6.7559691221e+000
91 68 50
2 46 1200 73.9400 -147.9600 49 845 39.9900 -132.7000
9.9429275720e-001 -2.3949934840e+000 -6.7926751858e+000
32 23 27
2 46 1430 81.4800 -193.3900 49 1079 34.9800 -174.7100
8.2284312506e-001 -2.3808987164e+000 -6.9025039578e+000
122 46 46
2 46 1428 66.0300 -189.2800 49 1078 22.4000 -166.5600
1.8342393663e+000 -1.3265015895e+000 -6.1043945181e+000
182 148 104
2 46 1359 165.2300 -119.3000 49 1009 134.7700 -134.9700
1.3832289182e-001 -5.1968343996e-001 -4.5568551510e+000
145 79 47
2 46 1342 15.0100 -62.9400 49 990 -1.9600 -78.6700
1.4429912734e+000 -1.9304415067e+000 -6.4071728118e+000
197 191 179
2 46 1563 124.0200 -165.3800 49 1204 83.2700 -163.6600
2.0767087092e+000 -1.5418361549e+000 -6.1564133832e+000
41 26 31
2 46 1360 185.6700 -137.5500 49 1014 149.6000 -155.2700
1.7536243197e-001 -4.5859035446e-001 -4.5830627717e+000
213 191 149
2 46 1267 19.3500 -55.3200 49 912 4.3200 -71.5200
1.0455985754e+000 -4.3841679554e-001 -5.5537822314e+000
162 163 156
2 46 1504 102.6100 -43.5400 49 1132 93.1000 -58.1000
9.5081448005e-001 -1.0222797601e-001 -5.5376446515e+000
165 166 160
2 46 663 93.7400 -10.3900 49 396 92.4000 -23.5700
1.8129012262e+000 -1.6402085200e+000 -6.2849579746e+000
198 80 86
2 46 1426 159.1000 -143.2100 49 1074 121.9400 -152.8600
1.7988091984e+000 -1.7822836455e+000 -6.2011127710e+000
42 29 38
2 46 1491 159.3200 -157.8900 49 1142 119.5100 -167.3200
1.1919255922e+000 -6.7060404857e-001 -5.7823078901e+000
92 60 44
2 46 1480 112.3600 -63.8600 49 1106 98.3700 -76.0900
1.7228631561e+000 -2.0782007531e+000 -6.3072867498e+000
199 195 184
2 46 1513 152.1400 -180.5000 49 1177 102.7000 -184.4200
1.5844677922e+000 1.6587707526e+000 -6.2563499739e+000
232 233 221
2 46 1309 139.1700 145.6400 49 959 186.1000 141.1400
6.8514455450e-001 -2.6323127517e+000 -7.3215518737e+000
115 40 44
2 46 1300 52.9600 -197.1900 49 944 6.9200 -166.2100
-8.5480844973e-001 -1.1080928025e+000 -4.0534311523e+000
148 85 46
2 46 1070 -116.6900 -149.4500 49 939 -155.1600 -146.9300
1.1584052850e+000 1.9471233975e+000 -6.4131335886e+000
197 186 132
2 46 1437 99.0800 166.6500 49 1086 150.1700 177.2800
9.8448513352e-001 1.9924746639e+000 -6.7046320919e+000
227 227 215
2 46 1214 81.5500 163.4100 49 1028 128.6600 181.8500
2.6888193215e+000 -1.3683492451e-001 -5.8668029724e+000
152 140 88
2 46 1334 251.1600 -13.1400 49 1062 252.7600 -57.1100
1.3832289182e-001 -5.1968343996e-001 -4.5568551510e+000
145 79 47
2 46 1343 15.0100 -62.9400 49 991 -1.9600 -78.6700
2.5928819747e+000 -1.7092498354e-001 -6.0846667623e+000
91 83 57
2 46 1401 232.9700 -15.9400 49 988 235.0900 -52.2200
1.3061359899e+000 4.8339111595e-001 -5.6693744229e+000
180 183 174
2 46 1475 125.1500 46.2800 49 1149 142.6100 28.9600
1.8176222814e+000 -6.2077076027e-001 -6.3048056886e+000
139 124 85
2 46 1414 158.1800 -54.1900 49 1063 146.8700 -69.2600
-6.3935545904e-001 -5.9126706039e-001 -4.1766392567e+000
217 184 133
2 46 1539 -85.6600 -78.0500 49 1182 -108.6700 -81.4400
6.8450320624e-001 -9.2253642259e-002 -5.3502923883e+000
154 157 150
2 46 660 69.1500 -9.9000 49 622 67.9900 -20.7900
1.0357862317e+000 -7.2556785712e-001 -5.8441382069e+000
211 206 194
2 46 737 96.9900 -68.2300 49 449 81.0300 -75.7800
2.3102099986e+000 -7.7989315833e-002 -5.8071897200e+000
145 79 65
2 46 666 218.0400 -7.5600 49 419 220.4000 -45.1000
1.3463122125e+000 -7.3966755401e-001 -6.1056483005e+000
144 109 78
2 46 1018 121.0500 -66.5500 49 651 105.6200 -75.5800
1.6403140066e+000 2.2160104115e+000 -6.3283165610e+000
205 199 185
2 46 1210 142.6100 192.6000 49 858 204.7100 194.1200
1.4908023886e+000 1.0196371255e+000 -6.0197896581e+000
235 238 230
2 46 1233 135.9300 92.8800 49 873 166.0200 81.0000
2.3967800203e+000 -7.8834807011e-001 -5.9789801391e+000
53 33 34
2 46 1022 220.1400 -72.5500 49 671 202.4300 -105.4200
-1.3133058521e+000 -7.5322057366e-001 -3.9194233531e+000
63 48 15
2 46 782 -183.8500 -105.4800 49 652 -217.6700 -94.2200
3.0813441344e-002 -1.0658080577e+000 -4.7886758148e+000
137 91 57
2 46 1188 1.7600 -122.0900 49 680 -27.1700 -126.5300
1.7207624904e+000 1.0620597402e+000 -5.8040518481e+000
205 205 193
2 46 1471 162.2200 100.2300 49 1145 196.6000 78.9600
2.4983802740e+000 9.5793344838e-001 -5.6907147335e+000
221 221 213
2 46 1518 240.5900 92.3300 49 1163 276.1400 49.3000
1.6448072096e-001 2.3837623048e+000 -7.7616024915e+000
200 193 182
2 46 844 12.5400 168.9400 49 711 57.2000 217.3100
-1.4248194717e+000 -6.7857473498e-001 -3.9514031932e+000
138 121 77
2 46 347 -197.9200 -94.4300 49 433 -229.8100 -79.0600
2.8162946221e+000 -7.5574378795e-001 -5.8648706985e+000
109 107 112
2 46 1024 264.1300 -70.9400 49 688 245.6200 -115.3800
1.5169222720e+000 2.0860567632e+000 -6.3342474204e+000
232 228 215
2 46 1086 131.8100 181.0600 49 717 189.1700 183.9200
1.2704716987e+000 -8.8044766927e-001 -5.9294087933e+000
129 80 57
2 46 1168 117.3600 -81.5700 49 919 98.0500 -91.7700
-6.6543824823e-001 2.0716212640e+000 -8.7048368689e+000
188 71 73
2 46 1089 -40.3700 131.0600 49 712 -9.8600 195.5500
4.7075017847e-001 9.0677346459e-001 -6.6461137109e+000
247 252 246
2 46 1234 39.3200 74.7700 49 872 59.6500 94.1600
-5.8112149144e-001 2.1976275665e+000 -8.6777729924e+000
187 73 76
2 46 1219 -35.2000 139.4700 49 857 -2.2100 203.5200
2.3906808858e+000 -8.7335190292e-001 -5.9929625495e+000
41 38 38
2 46 1273 219.1300 -80.1600 49 833 199.0900 -112.1300
-8.3705198190e-001 -6.4447837580e-001 -4.0529053147e+000
210 178 133
2 46 1419 -114.4000 -87.5000 49 1108 -141.4300 -88.0600
-8.3705198190e-001 -6.4447837580e-001 -4.0529053147e+000
210 178 133
2 46 1420 -114.4000 -87.5000 49 1107 -141.4300 -88.0600
7.4523685158e-001 1.8746455591e+000 -6.8180908624e+000
212 214 203
2 46 1379 60.3700 150.9800 49 1088 103.5400 174.6800
1.7914782621e+000 8.6505159657e-001 -5.8032050481e+000
238 239 231
2 46 1320 168.9300 81.6100 49 1053 197.8100 57.4800
1.0928210898e+000 1.4063670661e+000 -6.6583234695e+000
231 234 225
2 46 1439 90.6700 116.0400 49 1124 125.1800 126.1400
-2.6588624035e-001 2.1747405555e+000 -8.1073043110e+000
221 215 214
2 46 1378 -16.9100 147.5600 49 1082 19.7600 203.5500
-1.4204891742e-001 -7.6811003789e-001 -4.7937403626e+000
161 121 88
2 46 1421 -18.2900 -88.1900 49 1064 -39.1500 -89.6700
1.9192845074e-001 1.7170019061e+000 -7.9090590168e+000
237 240 231
2 46 1496 13.6500 119.3100 49 1143 46.6300 162.1600
2.4627727954e+000 3.9788507067e-002 -5.8472050354e+000
54 49 51
2 46 1443 230.9400 3.5500 49 1100 237.0300 -36.4400
-2.6867504048e-001 -6.9178273027e-001 -4.6284035493e+000
171 136 106
2 46 1458 -33.1500 -82.2300 49 1110 -54.9800 -84.5200
-2.9977090654e-001 -1.0697911344e+000 -4.5076608405e+000
89 37 24
2 46 1425 -37.5900 -129.9700 49 1071 -70.4000 -132.3200
2.0523354672e+000 -2.6164535404e-001 -6.1595375845e+000
165 155 107
2 46 1406 182.6400 -23.5100 49 1056 180.3800 -47.1300
-1.8458598024e-001 -5.4014349885e-001 -4.6284185186e+000
110 61 39
2 46 1481 -23.4500 -64.4300 49 1136 -40.8400 -69.4100
2.1672203902e+000 -1.0484643302e+000 -6.0382556120e+000
208 87 90
2 46 1530 197.2100 -95.4200 49 1173 172.9500 -120.8700
6.4116885462e-002 -8.8543389872e-001 -4.7931266404e+000
231 195 145
2 46 1545 5.6500 -101.4700 49 1195 -18.9000 -107.7500
2.2693714468e+000 1.8072511652e+000 -5.6092677669e+000
182 86 80
2 46 841 221.8900 177.1300 49 721 284.9200 144.4400
1.9669782887e+000 1.5301365314e+000 -5.7736441836e+000
198 185 176
2 46 851 186.8700 145.5400 49 528 236.7200 121.3900
-1.2198109447e+000 -4.9675834570e-001 -3.9726832386e+000
93 43 37
2 46 728 -168.7600 -69.1400 49 426 -195.4700 -59.9600
3.0722468707e-001 -1.9425613417e-001 -4.8240784418e+000
126 129 118
2 46 975 33.3900 -22.6800 49 796 27.3000 -36.4400
-2.3299638081e-001 -1.6702841065e-001 -4.5115002399e+000
52 51 43
2 46 1144 -30.0300 -21.1200 49 789 -38.2600 -27.8500
-5.1533517756e-001 -5.6493655986e-001 -4.2444940374e+000
155 117 89
2 46 734 -68.1800 -73.4200 49 446 -89.9000 -78.7500
-1.3497551969e+000 -5.2443703941e-001 -4.0880232937e+000
160 140 89
2 46 725 -181.4600 -70.8800 49 637 -207.9400 -54.8600
-1.1042246315e-001 -2.4459094048e-001 -4.5756076388e+000
163 121 97
2 46 971 -14.8800 -30.0100 49 635 -24.5800 -38.6500
1.6043593963e+000 -6.6181666826e-001 -6.0940542713e+000
178 149 117
2 46 1153 143.6700 -59.9100 49 817 131.7900 -74.4900
-7.3624083894e-001 -4.7666014138e-001 -4.2920943678e+000
85 49 51
2 46 1265 -94.9700 -61.4200 49 986 -115.7700 -59.1400
2.3523293395e+000 -9.6570446589e-001 -5.9641918580e+000
44 35 33
2 46 1281 216.6200 -89.0500 49 837 193.9900 -120.3300
-1.4066909617e+000 -5.2387476173e-001 -4.1468127583e+000
49 42 34
2 46 1156 -185.9100 -69.8000 49 901 -212.9400 -50.6700
2.3158467628e+000 1.5383356355e+000 -5.9112215860e+000
189 90 86
2 46 1314 215.9800 143.4200 49 1044 265.2300 113.6400
2.3013337358e+000 1.3565199360e+000 -5.8051409865e+000
46 41 48
2 46 1224 218.7300 128.8500 49 968 262.4900 95.3300
1.7536243197e-001 -4.5859035446e-001 -4.5830627717e+000
213 191 149
2 46 1266 19.3500 -55.3200 49 911 4.3200 -71.5200
7.1157808048e-001 -4.4649494579e-001 -5.4442257642e+000
166 162 159
2 46 1261 71.0200 -45.2400 49 906 60.4400 -54.4700
-8.8467332481e-001 -4.5146820449e-001 -4.0814121631e+000
90 33 24
2 46 1263 -120.4300 -61.3100 49 985 -141.6600 -59.9400
-1.4777667444e+000 -5.9703380582e-001 -4.0144919163e+000
34 28 30
2 46 1276 -200.9400 -81.9600 49 1059 -232.6700 -63.4300
1.9000764652e+000 -1.4098633094e+000 -6.1441582267e+000
111 34 31
2 46 1190 170.1900 -125.9700 49 498 137.6600 -141.5800
-3.6917750491e+001 -2.9000592049e+000 -6.9802457078e+001
91 80 74
2 46 1140 -287.5300 -21.9700 49 719 -290.6500 144.2100
1.4500761789e+000 2.1043624024e+000 -6.5315380323e+000
254 255 213
2 46 1308 121.2700 176.8500 49 859 178.8000 184.6300
1.6425569160e+000 1.7391750964e+000 -6.1126547067e+000
201 199 186
2 46 1380 147.4500 156.2400 49 1034 198.5000 148.7500
1.0668018593e+000 1.6665419492e+000 -6.5853452313e+000
227 233 223
2 46 1310 89.0500 138.9100 49 956 130.9500 150.9200
2.3979794402e+000 -6.8899689764e-001 -5.9199264816e+000
47 27 22
2 46 1268 222.9800 -63.8600 49 670 206.5500 -98.8400
1.5377848583e+000 2.2907895101e+000 -6.4047996679e+000
222 219 204
2 46 1372 131.7800 196.6000 49 1083 195.0700 202.6800
-1.0325008967e+000 1.6960015512e+000 -8.7560707582e+000
191 73 67
2 46 1388 -63.5500 106.5700 49 1087 -39.5700 174.3900
-7.0833703776e-001 1.5528077175e+000 -8.4428590340e+000
220 228 217
2 46 1317 -44.5100 101.2300 49 953 -21.6300 161.4000
-1.7880310963e-001 -2.8325553222e-001 -4.5342749301e+000
141 95 68
2 46 1338 -22.6000 -34.8400 49 980 -35.0900 -42.6700
-4.3780215837e+001 -8.2790099571e+000 -8.2365126211e+001
34 19 18
2 46 1410 -288.8900 -54.5900 49 1038 -296.2500 112.1800
-3.1800276878e-001 1.9096148856e+000 -8.4426978604e+000
212 213 201
2 46 1385 -19.0600 124.5800 49 1026 11.0700 180.8400
1.0530637059e+000 7.3111085438e-001 -5.7522332922e+000
113 106 80
2 46 1498 100.8900 69.6300 49 1162 120.7100 60.6700
-1.2144629072e+000 -5.8566105130e-001 -3.9648868928e+000
82 32 26
2 46 1484 -168.4100 -81.4100 49 1135 -197.1100 -72.5500
-7.1652711016e-001 -6.9157133665e-001 -4.1237754822e+000
47 36 34
2 46 1457 -96.4900 -92.1900 49 1109 -123.6700 -94.3800
-9.2553800284e-001 -6.0570755982e-001 -3.8961507541e+000
126 58 39
2 46 1485 -130.7700 -85.5700 49 1139 -159.9600 -87.7500
2.0694139107e+000 1.2812187985e+000 -5.6722233237e+000
228 228 220
2 46 1517 200.2300 124.0600 49 1161 243.3100 92.7900
1.3993006291e+000 -1.1690717749e+000 -6.2027331485e+000
63 31 31
2 46 1489 123.4600 -103.5900 49 1113 99.3800 -109.7800
1.5327541368e+000 -9.3791980392e-001 -6.0649086479e+000
224 190 142
2 46 1529 138.8400 -84.9000 49 1152 118.1500 -97.6600
8.8573715674e-001 1.5794635881e+000 -6.6294715504e+000
216 219 208
2 46 1532 74.8800 131.0800 49 1189 110.6100 146.3800
-6.3935545904e-001 -5.9126706039e-001 -4.1766392567e+000
217 184 133
2 46 1538 -85.6600 -78.0500 49 1181 -108.6700 -81.4400
2.2832637000e+000 1.6515047927e+000 -5.7743130030e+000
93 45 48
2 46 1549 216.9800 157.2300 49 1199 272.8800 126.5000
3.4340457512e-001 8.3004505691e-001 -6.7148459081e+000
236 239 233
2 46 130 27.5800 67.5300 49 318 47.4900 90.1000
6.3205912286e-001 5.6205347228e-001 -6.4747914583e+000
213 217 202
2 46 602 53.8600 47.5000 49 336 67.6300 59.5400
4.8289998713e-001 -6.6264868132e-002 -5.3413982263e+000
215 220 214
2 46 255 49.4800 -7.1000 49 372 46.6900 -13.4400
2.1059173816e+000 -1.8329329510e-001 -6.0780492097e+000
128 103 81
2 46 261 190.2100 -16.6500 49 418 189.3000 -43.3800
4.2501920159e-001 -2.0329898812e-001 -5.0193679083e+000
140 137 132
2 46 683 44.9700 -22.7600 49 636 39.7500 -34.7900
1.0703326312e-001 -5.4942316587e-001 -4.5026891929e+000
175 125 85
2 46 326 10.8400 -67.3800 49 196 -6.3300 -83.5700
-8.7795418526e-001 -6.7880767340e-001 -3.9878632058e+000
129 73 44
2 46 762 -121.7400 -93.5700 49 653 -150.6500 -94.5200
-7.0970740832e-001 -7.1736906296e-001 -4.1116339127e+000
96 74 59
2 46 360 -96.1000 -95.8800 49 203 -123.5900 -98.5100
1.4196356472e+000 9.0983243413e-001 -6.0575087424e+000
231 235 220
2 46 567 128.4900 82.2900 49 560 155.3800 72.1300
2.6096056328e+000 3.8418540852e-001 -5.9795998450e+000
99 100 102
2 46 623 240.0000 35.3500 49 373 255.4600 -4.7000
-6.9874709122e-001 1.2938690313e+000 -8.5969673775e+000
206 210 196
2 46 561 -43.2200 82.8700 49 287 -24.0300 142.0300
6.5092221091e-001 -1.0246702468e-001 -5.3571209266e+000
203 206 199
2 46 659 65.8300 -10.8900 49 621 63.9400 -20.8600
-3.3352039229e-001 -1.4104630662e-001 -4.5307153837e+000
171 159 133
2 46 676 -41.9700 -17.9200 49 609 -49.9200 -21.2500
3.2872590325e-001 -1.4738758159e-001 -4.8822658791e+000
178 183 174
2 46 682 35.4000 -17.1700 49 619 30.9300 -30.0300
1.1381344221e+000 -3.0660219396e-001 -5.6798298024e+000
161 164 157
2 46 688 108.5800 -30.0500 49 416 104.5200 -44.0500
-7.6362833182e-001 -4.3533939058e-001 -4.3458794519e+000
197 174 160
2 46 996 -97.6300 -55.5400 49 904 -116.3000 -51.1700
-1.4090806190e+000 -6.1370727008e-001 -3.9992137289e+000
148 131 83
2 46 755 -193.3700 -84.5300 49 645 -223.3600 -68.6300
1.1913173358e+000 1.4542608990e+000 -6.3888899682e+000
139 129 93
2 46 886 102.4200 124.8900 49 723 140.8100 129.4300
2.8904334898e+000 1.1294586576e+000 -5.9396454533e+000
47 46 52
2 46 912 268.0000 104.8400 49 755 307.2100 59.6500
-7.4061890919e-001 1.3679865302e+000 -8.6710957321e+000
220 204 189
2 46 1114 -45.0800 86.9300 49 720 -25.7900 147.5300
6.0474176468e-001 -3.0258343882e-001 -5.2894883772e+000
115 111 108
2 46 979 61.6800 -31.7600 49 413 54.5900 -42.0100
-6.3342437211e-001 -3.3242532326e-001 -4.8250994774e+000
161 74 35
2 46 986 -72.8800 -38.3700 49 783 -85.9700 -27.1200
1.8457917136e+000 -8.0232777533e-001 -6.3959121843e+000
197 69 77
2 46 1162 158.9000 -68.8700 49 659 142.5800 -82.2400
2.6342556401e+000 1.4932137269e+000 -6.0744421381e+000
64 63 71
2 46 1094 238.4200 135.3200 49 870 287.9800 101.8000
2.7828239950e+000 1.4367803191e+000 -5.9707046930e+000
58 59 64
2 46 1096 256.4900 132.5900 49 745 305.3800 92.6200
1.4269180103e-001 2.5097278249e+000 -7.9325733866e+000
217 213 193
2 46 1088 11.2100 174.1800 49 851 56.5400 225.2100
1.1342910297e+000 1.3133107136e+000 -6.4967804605e+000
230 233 215
2 46 1228 95.9600 110.9100 49 724 129.9100 117.1700
3.0917086085e-001 1.0988581274e+000 -6.8256673953e+000
226 230 224
2 46 1232 25.6800 88.3300 49 960 48.4300 114.3400
2.7095436976e+000 -8.8752280186e-001 -5.9153371127e+000
46 44 49
2 46 1170 251.8700 -82.5800 49 687 230.1900 -122.7600
-9.2277501217e-001 -4.1836848722e-001 -4.0683551803e+000
165 92 60
2 46 1148 -125.4600 -57.0700 49 903 -147.0500 -54.8400
-1.4066909617e+000 -5.2387476173e-001 -4.1468127583e+000
49 42 34
2 46 1157 -185.9100 -69.8000 49 900 -212.9400 -50.6700
-1.2677739671e+000 -4.7999372173e-001 -4.0616791767e+000
63 22 21
2 46 1269 -171.7700 -65.4100 49 984 -196.8900 -52.5600
1.0445572643e+000 1.8048154117e+000 -6.6458328466e+000
222 224 214
2 46 1217 86.6700 149.1700 49 861 131.0000 163.7500
1.4273242297e+000 1.4634433208e+000 -6.1395712320e+000
253 254 212
2 46 1222 127.4000 130.7300 49 869 169.3000 126.0300
-1.1255173540e+000 1.8147366796e+000 -8.9687439432e+000
71 44 45
2 46 538 -67.4100 111.4000 49 715 -42.9400 182.2600
-9.0614944060e-001 1.2871621865e+000 -8.8662574195e+000
200 71 79
2 46 1230 -54.7200 79.9600 49 863 -36.4900 143.6400
-4.7845580338e-001 -5.6430561493e-001 -4.2560513825e+000
166 137 100
2 46 1271 -63.2800 -73.1400 49 909 -84.7600 -79.2500
-1.0238188353e+000 -6.3996931090e-001 -3.9437228453e+000
166 82 46
2 46 1278 -143.2800 -89.2900 49 822 -172.1500 -86.9600
-9.2422738493e-001 -9.3702149515e-001 -3.9547684860e+000
90 39 34
2 46 1193 -128.8900 -129.6800 49 842 -165.0600 -128.8500
1.1815655262e+000 1.0872824144e+000 -6.2164698851e+000
121 117 93
2 46 1318 104.8200 96.0000 49 966 133.5300 94.9700
-7.5458534463e-001 1.4496941751e+000 -8.6325242092e+000
105 59 48
2 46 1231 -46.1900 92.5100 49 864 -25.7000 153.6500
-1.0753850026e+000 1.4040300157e+000 -8.8985263026e+000
186 71 68
2 46 1319 -64.5800 86.9200 49 1032 -46.0900 154.0300
-8.4020914989e-001 1.1614634023e+000 -8.7691891268e+000
213 217 203
2 46 1321 -50.9400 72.9900 49 958 -34.7500 134.5000
-1.0256361917e+000 1.0673168644e+000 -8.9358578528e+000
185 72 67
2 46 1322 -61.2800 65.8500 49 1035 -47.1800 130.5200
1.5834690793e+000 -5.8414183711e-001 -6.0954454463e+000
73 50 37
2 46 1345 143.4800 -52.4400 49 916 130.0700 -67.2800
1.7391605706e+000 -9.6867643065e-001 -6.1661897160e+000
102 32 31
2 46 1280 155.8200 -86.0500 49 928 133.1500 -101.0600
-1.3217337151e+000 -7.9928139797e-001 -3.9086326934e+000
42 32 25
2 46 1282 -185.7700 -112.1500 49 922 -220.2900 -100.7500
-1.3217337151e+000 -7.9928139797e-001 -3.9086326934e+000
42 32 25
2 46 1283 -185.7700 -112.1500 49 923 -220.2900 -100.7500
1.8859725261e+000 2.2531553394e+000 -6.0972129951e+000
205 197 184
2 46 1373 170.2100 203.3900 49 1084 237.7200 195.7100
2.1041685229e+000 2.1281354380e+000 -5.9158164626e+000
230 225 218
2 46 1436 194.2100 197.5000 49 1029 264.6100 180.0500
4.0150324114e-001 1.5381326217e+000 -6.9952300693e+000
201 204 195
2 46 1387 32.3100 120.7500 49 1089 64.4300 150.1200
8.8046966755e-002 7.4259650516e-001 -6.9492651614e+000
187 187 176
2 46 1394 6.8300 58.4200 49 1093 23.1800 88.2500
1.0704094992e+000 -5.4346747224e-001 -5.6442570267e+000
172 175 167
2 46 1412 102.8900 -53.1600 49 992 92.1200 -65.9400
-7.2304303840e-001 1.2070297825e+000 -8.4522554503e+000
214 216 204
2 46 1440 -44.8800 78.7000 49 1123 -28.3200 136.9600
-1.1135255039e-001 8.5197084715e-001 -7.2703834716e+000
236 241 234
2 46 1473 -9.3900 63.9800 49 1125 9.9000 101.5000
8.9447058663e-002 -3.6869893491e-001 -4.5588990411e+000
149 71 56
2 46 1447 10.1300 -44.7200 49 1131 -4.6600 -59.4600
1.1098396070e+000 -7.9319780017e-001 -5.7865375836e+000
209 215 200
2 46 1454 104.7200 -75.3600 49 1111 87.2800 -85.3100
-1.4882035363e+000 -4.9297898191e-001 -4.0561166291e+000
143 125 78
2 46 1453 -201.3600 -67.2500 49 1128 -228.4300 -47.5900
-1.4107363442e+000 -7.9938599116e-001 -3.8659284913e+000
141 119 74
2 46 1460 -200.3800 -113.4000 49 1112 -235.6500 -100.2000
1.2878915379e+000 1.0103895528e+000 -6.0908839582e+000
254 255 244
2 46 1472 117.1300 91.2200 49 1127 143.6100 84.9100
3.4521463025e-001 -3.9970947689e-001 -4.7111574074e+000
179 181 172
2 46 1505 39.7400 -46.7700 49 1169 25.1600 -64.4600
3.7157292255e-001 -7.2260612195e-001 -4.8301046859e+000
58 33 26
2 46 1509 39.7000 -82.4700 49 1140 21.2100 -96.4400
1.7228631561e+000 -2.0782007531e+000 -6.3072867498e+000
199 195 184
2 46 1514 152.1400 -180.5000 49 1178 102.7000 -184.4200
-4.6345865674e+001 -1.0333906088e+001 -8.4449807755e+001
62 40 31
2 46 1506 -298.7800 -66.6900 49 1144 -307.0100 102.2200
5.7863195521e-001 2.1088434231e+000 -6.9779183586e+000
218 218 206
2 46 495 46.1300 166.0400 49 279 92.2200 197.3300
3.2684444093e-001 1.3739227804e+000 -6.8949427327e+000
207 211 202
2 46 116 27.2000 109.4500 49 288 54.9900 137.8400
-1.2606127157e+000 -6.0468057095e-001 -3.9576032216e+000
130 79 75
2 46 351 -175.5900 -84.1800 49 441 -204.0000 -74.0600
6.1998571065e-001 2.0920953487e+000 -6.9990821223e+000
189 189 177
2 46 848 49.1500 164.2200 49 713 95.2000 194.6900
6.1998571065e-001 2.0920953487e+000 -6.9990821223e+000
189 189 177
2 46 847 49.1500 164.2200 49 714 95.2000 194.6900
2.4771123833e-001 9.1470322492e-001 -6.7492083061e+000
224 230 220
2 46 579 20.9200 74.3100 49 536 39.7200 99.5100
-3.1665260698e+000 7.6279927944e-001 -1.0968808139e+001
56 56 58
2 46 186 -156.0600 38.5400 49 285 -151.6500 135.9600
-3.5898831198e-001 -1.9266214615e-001 -4.5088260797e+000
175 169 150
2 46 677 -45.8600 -24.3200 49 611 -54.2300 -27.5100
2.7750123168e+000 -7.0169237711e-001 -5.8463993002e+000
50 49 54
2 46 743 260.7600 -66.1600 49 469 244.3700 -110.4300
-1.0905633126e+000 -3.1753305025e-001 -4.1718267706e+000
83 45 39
2 46 691 -143.8200 -42.5500 49 381 -163.7800 -32.3900
2.7385937822e+000 -8.2887158121e-001 -5.8599192445e+000
109 108 114
2 46 1027 256.8500 -77.9000 49 685 236.6700 -120.3600
-1.0310457299e+000 -5.2223623960e-001 -4.0071469811e+000
191 103 65
2 46 1015 -142.1200 -71.9900 49 649 -167.2800 -67.9400
5.3274092169e-001 1.7792375626e+000 -6.9536507546e+000
228 229 221
2 46 1090 42.4100 140.4600 49 860 81.5000 169.0400
2.5274029858e+000 1.2504050822e+000 -5.9508515097e+000
67 68 73
2 46 1105 234.4100 115.9800 49 880 274.7700 79.8800
9.0333506053e-001 5.7738163718e-001 -6.1700428701e+000
226 229 216
2 46 1120 79.6200 50.9800 49 883 96.7500 52.7300
7.8389175875e-002 4.3206693202e-001 -6.5237086595e+000
195 196 183
2 46 1122 6.7600 36.1000 49 752 16.1200 59.6900
-9.8408190497e-001 -4.7558680548e-001 -4.0029941839e+000
170 82 46
2 46 1158 -135.7100 -65.7400 49 902 -159.8900 -63.3000
1.9380717192e+000 -1.2477003584e+000 -6.0692701535e+000
207 143 126
2 46 1057 175.5700 -112.8800 49 848 146.6000 -131.8400
1.9878843254e+000 -1.3026266209e+000 -6.1026535522e+000
128 36 35
2 46 1058 178.6000 -117.3700 49 248 149.4800 -136.1100
-3.1975684412e-001 -9.4246350342e-001 -4.5507559856e+000
128 68 42
2 46 1185 -40.7000 -113.6800 49 931 -67.8200 -115.2400
-1.4625916395e+000 -7.9384106933e-001 -3.9145232429e+000
148 129 86
2 46 1039 -205.4800 -111.2500 49 819 -239.5000 -95.2900
1.1230799797e+000 1.4509480237e+000 -6.6526434012e+000
237 240 229
2 46 1225 92.6800 119.6800 49 866 129.5500 129.5700
-7.4525269525e-001 -7.3112824823e-001 -4.0328388781e+000
128 72 50
2 46 1177 -102.7600 -99.5800 49 831 -131.5400 -103.2200
-1.2240196833e-001 -9.4426260548e-001 -4.7353918631e+000
155 105 65
2 46 1180 -14.9200 -109.3200 49 997 -43.2200 -111.8800
1.4542525037e-001 9.7629850295e-001 -7.0167177345e+000
234 238 228
2 46 1326 11.6700 76.2400 49 961 32.0000 106.9000
4.3786396876e-001 -1.2610679208e-001 -5.1104358009e+000
185 190 184
2 46 1252 45.1300 -14.1900 49 897 43.2000 -24.3200
1.9344807628e+000 7.5258414602e-001 -5.8037320345e+000
237 238 227
2 46 1328 182.6200 71.0400 49 972 208.4600 43.0100
1.9286811285e-001 3.9711782864e-001 -6.4431048041e+000
232 239 226
2 46 1397 16.8300 33.6300 49 1095 25.3000 53.6500
-8.0236142983e-001 -7.0628423130e-001 -4.0109210339e+000
105 43 27
2 46 1353 -111.4000 -96.7900 49 996 -139.3100 -99.3800
-2.4511806848e-001 -9.5474931667e-001 -4.6395755931e+000
91 44 32
2 46 1358 -29.7300 -112.7900 49 834 -59.1000 -114.2700
-5.1081541596e-001 2.4031484739e+000 -8.3564437096e+000
185 71 69
2 46 1377 -32.3000 158.2500 49 1022 5.7700 221.8000
1.5639806211e+000 1.3447266596e+000 -6.0895912297e+000
229 230 222
2 46 1316 140.5500 121.0500 49 1043 180.6700 111.3700
8.0909312137e-001 1.1227998652e+000 -6.6331279683e+000
236 243 236
2 46 1391 66.8300 92.7400 49 1046 94.6500 106.4700
2.4782757833e+000 2.4403235126e+000 -6.1205257284e+000
204 86 89
2 46 1370 223.7600 220.2700 49 1025 299.6400 200.3700
1.4231378386e+000 -3.8960046279e-001 -5.8898432519e+000
56 38 38
2 46 1448 132.5100 -36.4000 49 1060 124.9500 -52.3400
-1.5209004742e+000 -6.5134320653e-001 -3.9145823652e+000
160 140 80
2 46 1455 -213.2300 -91.5600 49 1133 -245.2200 -74.0300
-1.5209004742e+000 -6.5134320653e-001 -3.9145823652e+000
160 140 80
2 46 1456 -213.2300 -91.5600 49 1134 -245.2200 -74.0300
-1.2247088465e+000 -7.2889127729e-001 -4.0049199826e+000
104 56 46
2 46 1486 -168.1100 -99.9600 49 1138 -199.6600 -89.4900
1.0670647732e+000 -8.7538057488e-001 -5.8474628286e+000
200 202 192
2 46 1528 99.8400 -82.2300 49 1171 80.3600 -89.7600
-5.9378242299e-001 2.5200222677e+000 -8.5594914758e+000
87 57 58
2 46 53 -36.6800 162.0800 49 514 1.9300 228.8900
-3.1286800298e+000 5.5684800961e-001 -1.0919990576e+001
58 57 62
2 46 204 -155.0400 28.3300 49 46 -152.1300 124.5300
-1.6999031003e-001 1.3330791854e-001 -5.8689076161e+000
200 202 191
2 46 231 -15.0100 12.2000 49 345 -15.2500 30.9700
-9.5721631479e-001 -2.4793662376e-001 -4.2266366977e+000
92 61 56
2 46 275 -125.0500 -33.0600 49 604 -141.6000 -25.5600
-1.3181397674e+000 -5.0665226528e-001 -4.0699160527e+000
98 65 49
2 46 318 -177.8500 -68.8200 49 174 -204.3300 -54.1800
-7.0309596499e-001 -6.4624102256e-001 -4.1334118017e+000
216 198 175
2 46 361 -94.2600 -86.0100 49 193 -120.6200 -88.4900
-5.8981381464e-001 -8.1612938343e-001 -4.1512012202e+000
110 53 26
2 46 386 -79.8200 -107.9100 49 204 -108.4300 -112.6200
2.6849511100e+000 1.6963011202e+000 -6.0687730911e+000
107 106 112
2 46 500 243.5400 154.0500 49 532 299.3000 120.7000
-6.2016436200e-001 -1.4463827008e-001 -4.9053070037e+000
229 138 100
2 46 670 -70.0300 -16.8700 49 592 -78.6200 -4.1300
-5.8436648421e-001 -2.3712445724e-001 -4.8526507136e+000
222 126 79
2 46 673 -66.9200 -27.4500 49 385 -77.5000 -16.8600
-4.4383657697e-001 -2.2128942669e-001 -4.4896298883e+000
169 152 128
2 46 674 -55.3000 -27.7700 49 786 -66.9600 -29.0900
-6.1707935741e-001 -3.9397917568e-001 -4.6052847774e+000
193 89 47
2 46 697 -73.8600 -47.4200 49 412 -90.8600 -41.2700
-8.1809300685e-001 -4.2508292743e-001 -4.3357652270e+000
165 130 112
2 46 706 -104.2200 -54.3500 49 806 -123.8800 -48.6200
-7.6100087314e-001 -4.1103281968e-001 -4.4084636039e+000
112 54 33
2 46 708 -95.7200 -51.7400 49 632 -113.6900 -45.9700
-1.3478555457e+000 -6.4821827411e-001 -3.9937270987e+000
111 92 52
2 46 758 -185.5200 -89.3200 49 438 -215.6000 -75.4600
2.5437067866e+000 1.5825027271e+000 -6.0388460599e+000
59 54 61
2 46 853 231.8400 144.3600 49 529 283.4800 112.6800
2.7196109572e+000 1.6474440637e+000 -6.0704480955e+000
68 67 73
2 46 856 246.6100 149.5700 49 727 301.0000 115.0500
-3.6821159064e-001 -1.6258709502e-001 -4.5197005325e+000
68 62 63
2 46 970 -46.5400 -20.6000 49 608 -54.7300 -23.2300
5.5547381031e-001 -1.8043811503e-001 -5.2406759087e+000
143 145 139
2 46 978 57.1600 -19.3100 49 790 52.8600 -29.5400
-1.2260633800e+000 -4.3919645129e-001 -4.1019239334e+000
105 58 51
2 46 995 -165.0800 -59.4000 49 793 -187.6500 -46.9200
8.7578661069e-001 -5.9705398440e-001 -5.7364734154e+000
139 135 126
2 46 999 83.3800 -57.2600 49 428 70.1400 -63.8600
-1.2689055003e+000 -5.7410561164e-001 -3.9357556315e+000
98 45 51
2 46 1013 -177.3200 -80.4300 49 648 -206.0700 -70.5900
-1.0514790931e+000 -4.9648949675e-001 -4.0328027041e+000
210 124 80
2 46 1014 -144.3600 -68.1000 49 803 -168.0000 -62.7800
1.0989420677e+000 1.1855569790e+000 -6.6345141757e+000
233 236 222
2 46 1109 90.6300 97.9300 49 733 121.6500 106.1700
4.7964011581e-001 1.6260969107e-001 -5.7572702754e+000
223 227 213
2 46 1133 45.2900 15.1200 49 765 49.9600 17.5300
4.0849277687e-001 3.7961274896e-002 -5.4684999702e+000
226 232 222
2 46 1134 40.0500 3.3100 49 769 41.7300 1.6700
-5.4068163761e-001 -1.6902933522e-001 -4.8315180933e+000
205 118 69
2 46 1142 -61.9200 -19.8500 49 893 -71.5200 -10.7600
-5.5952615099e-001 -4.4670828485e-001 -4.5684844044e+000
175 90 55
2 46 1151 -67.9600 -54.1100 49 905 -85.5800 -50.3600
-7.0069749626e-001 -7.5688092537e-001 -4.0561424042e+000
79 33 19
2 46 1179 -96.1500 -102.4500 49 832 -125.3000 -106.7000
-1.4694232155e+000 -8.0294253396e-001 -3.8326875096e+000
43 33 31
2 46 1183 -209.8900 -114.8800 49 921 -246.9200 -100.5000
-8.8532198760e-001 -1.0563560772e+000 -3.9617960979e+000
40 26 25
2 46 1198 -122.9600 -145.7400 49 937 -162.5600 -145.0500
4.7319058780e-001 1.7623709275e+000 -7.0762383123e+000
189 191 180
2 46 1221 37.5900 136.8500 49 954 74.4600 167.6000
2.6681025422e-001 1.3893682103e+000 -6.9534408015e+000
236 239 230
2 46 1227 22.4500 109.7900 49 865 49.7100 140.1000
-1.6637449773e+000 6.2429051981e-002 -9.3977369970e+000
183 64 63
2 46 1241 -95.3800 3.8600 49 969 -95.3900 76.2800
-1.4581621907e+000 1.2025410070e-001 -9.2104022992e+000
188 65 56
2 46 1242 -85.1900 7.3700 49 970 -84.2000 76.2900
-1.7164412470e+000 -1.5563029170e-001 -9.5171017410e+000
191 65 59
2 46 1246 -97.0500 -8.7500 49 877 -99.7800 64.4100
-5.2619730365e-001 -7.1968408483e-002 -5.0929438468e+000
110 51 38
2 46 1250 -59.3200 -8.6700 49 889 -61.1700 5.4200
-2.7427913570e-001 -2.0102487297e-001 -4.5106881330e+000
204 185 143
2 46 1256 -34.8800 -25.2100 49 896 -44.4900 -30.8300
-1.5911066777e+000 -6.0975287470e-001 -3.9381910735e+000
35 28 28
2 46 1275 -221.8800 -85.3100 49 908 -252.6500 -65.0500
-2.3895821683e-001 9.6850239402e-001 -8.1830342603e+000
248 253 246
2 46 1324 -14.7000 65.1800 49 1041 1.4200 112.6200
6.7292998424e-001 9.5925917230e-001 -6.6841261513e+000
243 252 244
2 46 1327 55.8000 78.7300 49 1048 77.9200 94.7800
-1.3096042859e+000 4.9084142212e-001 -9.0454699528e+000
187 71 66
2 46 1331 -77.6100 30.0200 49 1045 -72.1500 97.1100
-4.8049505201e+001 -1.3806668430e+001 -9.7602030185e+001
60 42 41
2 46 1347 -267.2400 -77.2000 49 871 -277.1800 85.3400
1.6747882261e+000 -1.0188778278e+000 -6.0190577631e+000
217 191 140
2 46 1351 153.0400 -92.8800 49 999 129.5800 -109.0400
7.3872921854e-001 2.0291802294e+000 -6.8261559546e+000
235 235 226
2 46 1375 59.9800 163.3100 49 1085 106.2600 188.8500
2.5835625340e+000 -4.1040812481e-002 -5.8500147290e+000
253 250 194
2 46 1402 242.3500 -4.0100 49 1058 245.9000 -46.5000
-6.5742929100e-001 -4.7640598957e-001 -4.3169513687e+000
212 180 139
2 46 1411 -85.1300 -61.0900 49 1101 -104.1500 -60.5100
2.6006716714e+000 -5.9610383694e-001 -5.6805776163e+000
31 25 25
2 46 1415 252.2600 -57.4700 49 1114 236.4300 -103.3200
2.7450241991e+000 -5.3594597903e-001 -5.6422991685e+000
27 22 22
2 46 1416 266.7100 -52.5300 49 1001 255.1600 -102.2800
-1.1607628176e+000 -9.8068405968e-001 -4.1053627713e+000
156 84 40
2 46 1424 -154.2000 -130.7000 49 930 -192.5900 -118.5900
-1.8128863061e-001 -5.3484306557e-001 -4.6140445973e+000
111 61 38
2 46 1451 -22.7600 -63.9500 49 1137 -40.8400 -69.4100
3.4752514143e-002 3.0557475754e-001 -6.2980254573e+000
181 182 168
2 46 1476 3.5800 26.4100 49 1147 9.1500 47.4300
7.5896604374e-001 -1.4460931670e+000 -6.3224496256e+000
100 84 69
2 46 1490 65.1600 -125.6600 49 1117 37.5600 -115.8600
1.0096502605e+000 1.0039229681e+000 -6.6047814641e+000
239 244 239
2 46 1497 84.5200 83.4700 49 1160 109.1400 91.7500
-3.8169654240e-001 -5.4896869638e-002 -4.9491743134e+000
163 70 71
2 46 1535 -43.9700 -6.9100 49 1191 -47.5100 0.6500
2.5721622052e+000 3.7020811764e-001 -5.6864589283e+000
64 62 67
2 46 1551 248.2200 35.6700 49 1200 264.3400 -11.0800
