# Bundle file v0.3
60 260
0 0 0
0 0 0
0 0 0
0 0 0
0 0 0
0 0 0
0 0 0
0 0 0
0 0 0
0 0 0
0 0 0
0 0 0
0 0 0
0 0 0
0 0 0
0 0 0
0 0 0
0 0 0
0 0 0
0 0 0
0 0 0
0 0 0
0 0 0
0 0 0
0 0 0
0 0 0
0 0 0
0 0 0
0 0 0
0 0 0
0 0 0
0 0 0
0 0 0
0 0 0
0 0 0
0 0 0
0 0 0
0 0 0
0 0 0
0 0 0
0 0 0
0 0 0
0 0 0
0 0 0
0 0 0
0 0 0
0 0 0
0 0 0
0 0 0
0 0 0
0 0 0
0 0 0
0 0 0
0 0 0
0 0 0
0 0 0
0 0 0
0 0 0
0 0 0
0 0 0
0 0 0
0 0 0
0 0 0
0 0 0
0 0 0
0 0 0
0 0 0
0 0 0
0 0 0
0 0 0
0 0 0
0 0 0
0 0 0
0 0 0
0 0 0
0 0 0
0 0 0
0 0 0
0 0 0
0 0 0
0 0 0
0 0 0
0 0 0
0 0 0
0 0 0
0 0 0
0 0 0
0 0 0
0 0 0
0 0 0
0 0 0
0 0 0
0 0 0
0 0 0
0 0 0
0 0 0
0 0 0
0 0 0
0 0 0
0 0 0
0 0 0
0 0 0
0 0 0
0 0 0
0 0 0
0 0 0
0 0 0
0 0 0
0 0 0
0 0 0
0 0 0
0 0 0
0 0 0
0 0 0
0 0 0
0 0 0
0 0 0
0 0 0
0 0 0
0 0 0
0 0 0
0 0 0
0 0 0
0 0 0
0 0 0
0 0 0
0 0 0
0 0 0
0 0 0
0 0 0
0 0 0
0 0 0
0 0 0
0 0 0
0 0 0
0 0 0
0 0 0
0 0 0
0 0 0
0 0 0
0 0 0
0 0 0
0 0 0
0 0 0
0 0 0
0 0 0
0 0 0
0 0 0
0 0 0
0 0 0
0 0 0
0 0 0
0 0 0
0 0 0
0 0 0
0 0 0
0 0 0
0 0 0
0 0 0
0 0 0
0 0 0
0 0 0
0 0 0
0 0 0
0 0 0
0 0 0
0 0 0
0 0 0
0 0 0
0 0 0
0 0 0
0 0 0
0 0 0
0 0 0
0 0 0
0 0 0
0 0 0
0 0 0
0 0 0
0 0 0
0 0 0
0 0 0
0 0 0
0 0 0
0 0 0
0 0 0
0 0 0
0 0 0
0 0 0
0 0 0
0 0 0
0 0 0
0 0 0
0 0 0
0 0 0
0 0 0
0 0 0
0 0 0
0 0 0
0 0 0
0 0 0
0 0 0
0 0 0
0 0 0
0 0 0
0 0 0
0 0 0
0 0 0
0 0 0
0 0 0
0 0 0
0 0 0
0 0 0
0 0 0
0 0 0
0 0 0
0 0 0
0 0 0
0 0 0
0 0 0
0 0 0
0 0 0
0 0 0
0 0 0
0 0 0
0 0 0
0 0 0
0 0 0
0 0 0
0 0 0
5.4314928425e+002 0.0000000000e+000 0.0000000000e+000
1.0000000000e+000 0.0000000000e+000 0.0000000000e+000
0.0000000000e+000 1.0000000000e+000 0.0000000000e+000
0.0000000000e+000 0.0000000000e+000 1.0000000000e+000
-0.0000000000e+000 -0.0000000000e+000 -0.0000000000e+000
0 0 0
0 0 0
0 0 0
0 0 0
0 0 0
0 0 0
0 0 0
0 0 0
0 0 0
0 0 0
5.4314928425e+002 0.0000000000e+000 0.0000000000e+000
9.7403986310e-001 2.2623329897e-001 -8.0522996110e-003
-2.2357417110e-001 9.5579355310e-001 -1.9097977346e-001
-3.5509648131e-002 1.8782219861e-001 9.8156094391e-001
-5.2332582667e-002 -9.7134508337e-001 2.3184052668e-001
0 0 0
0 0 0
0 0 0
0 0 0
0 0 0
0 0 0
0 0 0
0 0 0
0 0 0
0 0 0
0 0 0
0 0 0
0 0 0
0 0 0
0 0 0
0 0 0
0 0 0
0 0 0
0 0 0
0 0 0
0 0 0
0 0 0
0 0 0
0 0 0
0 0 0
0 0 0
0 0 0
0 0 0
0 0 0
0 0 0
0 0 0
0 0 0
0 0 0
0 0 0
0 0 0
0 0 0
0 0 0
0 0 0
0 0 0
0 0 0
0 0 0
0 0 0
0 0 0
0 0 0
0 0 0
0 0 0
0 0 0
0 0 0
0 0 0
0 0 0
1.0115499513e+000 -1.8356035819e+000 -6.6286496076e+000
88 70 55
2 46 1364 82.5600 -150.4800 49 1008 46.9400 -137.6100
9.1972741130e-001 -1.8213790666e+000 -6.6928664288e+000
91 68 50
2 46 1200 73.9400 -147.9600 49 845 39.9900 -132.7000
1.0046644563e+000 -2.3859888018e+000 -6.7008826897e+000
32 23 27
2 46 1430 81.4800 -193.3900 49 1079 34.9800 -174.7100
8.3466404360e-001 -2.3723687501e+000 -6.8114413447e+000
122 46 46
2 46 1428 66.0300 -189.2800 49 1078 22.4000 -166.5600
1.8450572161e+000 -1.3294018832e+000 -6.0561002745e+000
182 148 104
2 46 1359 165.2300 -119.3000 49 1009 134.7700 -134.9700
1.2469161133e-001 -5.3073227471e-001 -4.5772416996e+000
145 79 47
2 46 1342 15.0100 -62.9400 49 990 -1.9600 -78.6700
1.4514555716e+000 -1.9279653183e+000 -6.3357933202e+000
197 191 179
2 46 1563 124.0200 -165.3800 49 1204 83.2700 -163.6600
2.0873663264e+000 -1.5428091373e+000 -6.0962146719e+000
41 26 31
2 46 1360 185.6700 -137.5500 49 1014 149.6000 -155.2700
1.6215656758e-001 -4.6919508822e-001 -4.6033826858e+000
213 191 149
2 46 1267 19.3500 -55.3200 49 912 4.3200 -71.5200
1.0495826247e+000 -4.4476338061e-001 -5.5511046036e+000
162 163 156
2 46 1504 102.6100 -43.5400 49 1132 93.1000 -58.1000
9.5380830555e-001 -1.0661094292e-001 -5.5407647719e+000
165 166 160
2 46 663 93.7400 -10.3900 49 396 92.4000 -23.5700
1.8231086421e+000 -1.6405161601e+000 -6.2224048025e+000
198 80 86
2 46 1426 159.1000 -143.2100 49 1074 121.9400 -152.8600
1.8065662567e+000 -1.7810888185e+000 -6.1339553956e+000
42 29 38
2 46 1491 159.3200 -157.8900 49 1142 119.5100 -167.3200
1.1990681319e+000 -6.7687501095e-001 -5.7692977089e+000
92 60 44
2 46 1480 112.3600 -63.8600 49 1106 98.3700 -76.0900
1.7302227001e+000 -2.0744988290e+000 -6.2305490755e+000
199 195 184
2 46 1513 152.1400 -180.5000 49 1177 102.7000 -184.4200
1.6017985290e+000 1.6773048054e+000 -6.2571635143e+000
232 233 221
2 46 1309 139.1700 145.6400 49 959 186.1000 141.1400
7.0111815666e-001 -2.6190643078e+000 -7.2129345174e+000
115 40 44
2 46 1300 52.9600 -197.1900 49 944 6.9200 -166.2100
-8.7723633168e-001 -1.1223438281e+000 -4.0787176506e+000
148 85 46
2 46 1070 -116.6900 -149.4500 49 939 -155.1600 -146.9300
1.1697045568e+000 1.9662100543e+000 -6.4074521928e+000
197 186 132
2 46 1437 99.0800 166.6500 49 1086 150.1700 177.2800
9.9747440023e-001 2.0132445907e+000 -6.6996771759e+000
227 227 215
2 46 1214 81.5500 163.4100 49 1028 128.6600 181.8500
2.7156526390e+000 -1.3703783950e-001 -5.8479225320e+000
152 140 88
2 46 1334 251.1600 -13.1400 49 1062 252.7600 -57.1100
1.2469161133e-001 -5.3073227471e-001 -4.5772416996e+000
145 79 47
2 46 1343 15.0100 -62.9400 49 991 -1.9600 -78.6700
2.6190682367e+000 -1.7051408927e-001 -6.0600146839e+000
91 83 57
2 46 1401 232.9700 -15.9400 49 988 235.0900 -52.2200
1.3139287865e+000 4.8536136805e-001 -5.6721567579e+000
180 183 174
2 46 1475 125.1500 46.2800 49 1149 142.6100 28.9600
1.8356091091e+000 -6.2394177470e-001 -6.2766671582e+000
139 124 85
2 46 1414 158.1800 -54.1900 49 1063 146.8700 -69.2600
-6.6147099130e-001 -6.0428883264e-001 -4.2065569174e+000
217 184 133
2 46 1539 -85.6600 -78.0500 49 1182 -108.6700 -81.4400
6.8282936586e-001 -9.7470552622e-002 -5.3573734881e+000
154 157 150
2 46 660 69.1500 -9.9000 49 622 67.9900 -20.7900
1.0424463694e+000 -7.3229509493e-001 -5.8316151639e+000
211 206 194
2 46 737 96.9900 -68.2300 49 449 81.0300 -75.7800
2.3314474442e+000 -7.8569558723e-002 -5.7934293406e+000
145 79 65
2 46 666 218.0400 -7.5600 49 419 220.4000 -45.1000
1.3580891970e+000 -7.4500914289e-001 -6.0847306918e+000
144 109 78
2 46 1018 121.0500 -66.5500 49 651 105.6200 -75.5800
1.6532256319e+000 2.2367717326e+000 -6.3119484978e+000
205 199 185
2 46 1210 142.6100 192.6000 49 858 204.7100 194.1200
1.5053979874e+000 1.0293776109e+000 -6.0234361183e+000
235 238 230
2 46 1233 135.9300 92.8800 49 873 166.0200 81.0000
2.4150681703e+000 -7.9169717470e-001 -5.9431822504e+000
53 33 34
2 46 1022 220.1400 -72.5500 49 671 202.4300 -105.4200
-1.3408798184e+000 -7.6828282158e-001 -3.9559544451e+000
63 48 15
2 46 782 -183.8500 -105.4800 49 652 -217.6700 -94.2200
1.9811280856e-002 -1.0772359459e+000 -4.7954325348e+000
137 91 57
2 46 1188 1.7600 -122.0900 49 680 -27.1700 -126.5300
1.7361853441e+000 1.0723728042e+000 -5.8088201976e+000
205 205 193
2 46 1471 162.2200 100.2300 49 1145 196.6000 78.9600
2.5250140435e+000 9.6912215009e-001 -5.6919302909e+000
221 221 213
2 46 1518 240.5900 92.3300 49 1163 276.1400 49.3000
1.7882157521e-001 2.4090581831e+000 -7.7452222537e+000
200 193 182
2 46 844 12.5400 168.9400 49 711 57.2000 217.3100
-1.4529388278e+000 -6.9349447160e-001 -3.9889178506e+000
138 121 77
2 46 347 -197.9200 -94.4300 49 433 -229.8100 -79.0600
2.8412880429e+000 -7.6022861923e-001 -5.8335701660e+000
109 107 112
2 46 1024 264.1300 -70.9400 49 688 245.6200 -115.3800
1.5307091361e+000 2.1070727907e+000 -6.3252255046e+000
232 228 215
2 46 1086 131.8100 181.0600 49 717 189.1700 183.9200
1.2792067857e+000 -8.8658523732e-001 -5.9080321568e+000
129 80 57
2 46 1168 117.3600 -81.5700 49 919 98.0500 -91.7700
-6.4928246960e-001 2.0968104279e+000 -8.6919158125e+000
188 71 73
2 46 1089 -40.3700 131.0600 49 712 -9.8600 195.5500
4.7915576698e-001 9.1362424567e-001 -6.6392031422e+000
247 252 246
2 46 1234 39.3200 74.7700 49 872 59.6500 94.1600
-5.6463418428e-001 2.2243794610e+000 -8.6645852727e+000
187 73 76
2 46 1219 -35.2000 139.4700 49 857 -2.2100 203.5200
2.4082726834e+000 -8.7675770526e-001 -5.9544906677e+000
41 38 38
2 46 1273 219.1300 -80.1600 49 833 199.0900 -112.1300
-8.6125279634e-001 -6.5816684061e-001 -4.0851414723e+000
210 178 133
2 46 1419 -114.4000 -87.5000 49 1108 -141.4300 -88.0600
-8.6125279634e-001 -6.5816684061e-001 -4.0851414723e+000
210 178 133
2 46 1420 -114.4000 -87.5000 49 1107 -141.4300 -88.0600
7.5674316229e-001 1.8933062850e+000 -6.8114707673e+000
212 214 203
2 46 1379 60.3700 150.9800 49 1088 103.5400 174.6800
1.8081697155e+000 8.7323543684e-001 -5.8069964833e+000
238 239 231
2 46 1320 168.9300 81.6100 49 1053 197.8100 57.4800
1.1084715220e+000 1.4214645196e+000 -6.6571864732e+000
231 234 225
2 46 1439 90.6700 116.0400 49 1124 125.1800 126.1400
-2.5173907918e-001 2.1986168627e+000 -8.0926799749e+000
221 215 214
2 46 1378 -16.9100 147.5600 49 1082 19.7600 203.5500
-1.5453780175e-001 -7.7956898656e-001 -4.8080637722e+000
161 121 88
2 46 1421 -18.2900 -88.1900 49 1064 -39.1500 -89.6700
2.0978321181e-001 1.7370174221e+000 -7.8968221886e+000
237 240 231
2 46 1496 13.6500 119.3100 49 1143 46.6300 162.1600
2.4873835265e+000 4.0653125889e-002 -5.8342398015e+000
54 49 51
2 46 1443 230.9400 3.5500 49 1100 237.0300 -36.4400
-2.8380943874e-001 -7.0365787276e-001 -4.6476977675e+000
171 136 106
2 46 1458 -33.1500 -82.2300 49 1110 -54.9800 -84.5200
-3.1529573205e-001 -1.0823181301e+000 -4.5217695887e+000
89 37 24
2 46 1425 -37.5900 -129.9700 49 1071 -70.4000 -132.3200
2.0729805678e+000 -2.6294345958e-001 -6.1392734500e+000
165 155 107
2 46 1406 182.6400 -23.5100 49 1056 180.3800 -47.1300
-1.9956336059e-001 -5.5131996574e-001 -4.6491128502e+000
110 61 39
2 46 1481 -23.4500 -64.4300 49 1136 -40.8400 -69.4100
2.1816442542e+000 -1.0518570011e+000 -5.9958003506e+000
208 87 90
2 46 1530 197.2100 -95.4200 49 1173 172.9500 -120.8700
5.3066232628e-002 -8.9693534444e-001 -4.8038859711e+000
231 195 145
2 46 1545 5.6500 -101.4700 49 1195 -18.9000 -107.7500
2.2817633078e+000 1.8233450089e+000 -5.5977010621e+000
182 86 80
2 46 841 221.8900 177.1300 49 721 284.9200 144.4400
1.9839734758e+000 1.5464111949e+000 -5.7755635264e+000
198 185 176
2 46 851 186.8700 145.5400 49 528 236.7200 121.3900
-1.2470499835e+000 -5.1039342912e-001 -4.0092117484e+000
93 43 37
2 46 728 -168.7600 -69.1400 49 426 -195.4700 -59.9600
2.9699644512e-001 -2.0226813370e-001 -4.8410757530e+000
126 129 118
2 46 975 33.3900 -22.6800 49 796 27.3000 -36.4400
-2.5026798301e-001 -1.7630187406e-001 -4.5359921971e+000
52 51 43
2 46 1144 -30.0300 -21.1200 49 789 -38.2600 -27.8500
-5.3617040558e-001 -5.7758615123e-001 -4.2730656097e+000
155 117 89
2 46 734 -68.1800 -73.4200 49 446 -89.9000 -78.7500
-1.3763321850e+000 -5.3800608481e-001 -4.1228815723e+000
160 140 89
2 46 725 -181.4600 -70.8800 49 637 -207.9400 -54.8600
-1.2610686462e-001 -2.5409968788e-001 -4.5985726410e+000
163 121 97
2 46 971 -14.8800 -30.0100 49 635 -24.5800 -38.6500
1.6178373560e+000 -6.6604915580e-001 -6.0700341730e+000
178 149 117
2 46 1153 143.6700 -59.9100 49 817 131.7900 -74.4900
-7.5793821331e-001 -4.8886639284e-001 -4.3212478154e+000
85 49 51
2 46 1265 -94.9700 -61.4200 49 986 -115.7700 -59.1400
2.3683748386e+000 -9.6924534260e-001 -5.9237533507e+000
44 35 33
2 46 1281 216.6200 -89.0500 49 837 193.9900 -120.3300
-1.4328806738e+000 -5.3729629252e-001 -4.1807240749e+000
49 42 34
2 46 1156 -185.9100 -69.8000 49 901 -212.9400 -50.6700
2.3404155286e+000 1.5567719756e+000 -5.9116240516e+000
189 90 86
2 46 1314 215.9800 143.4200 49 1044 265.2300 113.6400
2.3261810731e+000 1.3727658196e+000 -5.8094413703e+000
46 41 48
2 46 1224 218.7300 128.8500 49 968 262.4900 95.3300
1.6215656758e-001 -4.6919508822e-001 -4.6033826858e+000
213 191 149
2 46 1266 19.3500 -55.3200 49 911 4.3200 -71.5200
7.1156986307e-001 -4.5378917452e-001 -5.4465394012e+000
166 162 159
2 46 1261 71.0200 -45.2400 49 906 60.4400 -54.4700
-9.0934533353e-001 -4.6427922012e-001 -4.1149885565e+000
90 33 24
2 46 1263 -120.4300 -61.3100 49 985 -141.6600 -59.9400
-1.5055680434e+000 -6.1134503164e-001 -4.0511844948e+000
34 28 30
2 46 1276 -200.9400 -81.9600 49 1059 -232.6700 -63.4300
1.9109456864e+000 -1.4120398311e+000 -6.0912416864e+000
111 34 31
2 46 1190 170.1900 -125.9700 49 498 137.6600 -141.5800
-3.6946040484e+001 -2.8230256251e+000 -6.9791727924e+001
91 80 74
2 46 1140 -287.5300 -21.9700 49 719 -290.6500 144.2100
1.4652588977e+000 2.1261782603e+000 -6.5204848837e+000
254 255 213
2 46 1308 121.2700 176.8500 49 859 178.8000 184.6300
1.6580797315e+000 1.7577308287e+000 -6.1119058423e+000
201 199 186
2 46 1380 147.4500 156.2400 49 1034 198.5000 148.7500
1.0804013932e+000 1.6838939861e+000 -6.5829034406e+000
227 233 223
2 46 1310 89.0500 138.9100 49 956 130.9500 150.9200
2.4171720174e+000 -6.9262269228e-001 -5.8892942992e+000
47 27 22
2 46 1268 222.9800 -63.8600 49 670 206.5500 -98.8400
1.5494251582e+000 2.3111960220e+000 -6.3848690359e+000
222 219 204
2 46 1372 131.7800 196.6000 49 1083 195.0700 202.6800
-1.0183939427e+000 1.7157007247e+000 -8.7413191820e+000
191 73 67
2 46 1388 -63.5500 106.5700 49 1087 -39.5700 174.3900
-6.9369855818e-001 1.5703058018e+000 -8.4279434470e+000
220 228 217
2 46 1317 -44.5100 101.2300 49 953 -21.6300 161.4000
-1.9528006327e-001 -2.9324594571e-001 -4.5583666344e+000
141 95 68
2 46 1338 -22.6000 -34.8400 49 980 -35.0900 -42.6700
-4.3817197659e+001 -8.2750662386e+000 -8.2346171025e+001
34 19 18
2 46 1410 -288.8900 -54.5900 49 1038 -296.2500 112.1800
-3.0046430029e-001 1.9329554049e+000 -8.4309696765e+000
212 213 201
2 46 1385 -19.0600 124.5800 49 1026 11.0700 180.8400
1.0587219476e+000 7.3511417454e-001 -5.7574657912e+000
113 106 80
2 46 1498 100.8900 69.6300 49 1162 120.7100 60.6700
-1.2415245809e+000 -5.9971710451e-001 -4.0009771747e+000
82 32 26
2 46 1484 -168.4100 -81.4100 49 1135 -197.1100 -72.5500
-7.3926849425e-001 -7.0514065469e-001 -4.1537266208e+000
47 36 34
2 46 1457 -96.4900 -92.1900 49 1109 -123.6700 -94.3800
-9.5190697548e-001 -6.1977771413e-001 -3.9319965229e+000
126 58 39
2 46 1485 -130.7700 -85.5700 49 1139 -159.9600 -87.7500
2.0884281143e+000 1.2949992068e+000 -5.6771712111e+000
228 228 220
2 46 1517 200.2300 124.0600 49 1161 243.3100 92.7900
1.4102557790e+000 -1.1735780603e+000 -6.1653769594e+000
63 31 31
2 46 1489 123.4600 -103.5900 49 1113 99.3800 -109.7800
1.5444163485e+000 -9.4304202451e-001 -6.0358260131e+000
224 190 142
2 46 1529 138.8400 -84.9000 49 1152 118.1500 -97.6600
8.9803776635e-001 1.5955091997e+000 -6.6288343847e+000
216 219 208
2 46 1532 74.8800 131.0800 49 1189 110.6100 146.3800
-6.6147099130e-001 -6.0428883264e-001 -4.2065569174e+000
217 184 133
2 46 1538 -85.6600 -78.0500 49 1181 -108.6700 -81.4400
2.3024426428e+000 1.6691685332e+000 -5.7696157933e+000
93 45 48
2 46 1549 216.9800 157.2300 49 1199 272.8800 126.5000
3.5136061798e-001 8.3597271261e-001 -6.7051886623e+000
236 239 233
2 46 130 27.5800 67.5300 49 318 47.4900 90.1000
6.4089912717e-001 5.6562795024e-001 -6.4694576954e+000
213 217 202
2 46 602 53.8600 47.5000 49 336 67.6300 59.5400
4.7937328125e-001 -7.1677880490e-002 -5.3504072544e+000
215 220 214
2 46 255 49.4800 -7.1000 49 372 46.6900 -13.4400
2.1270000930e+000 -1.8427902233e-001 -6.0607581254e+000
128 103 81
2 46 261 190.2100 -16.6500 49 418 189.3000 -43.3800
4.1779023387e-001 -2.1063863417e-001 -5.0324069896e+000
140 137 132
2 46 683 44.9700 -22.7600 49 636 39.7500 -34.7900
9.2664183632e-002 -5.6076229454e-001 -4.5236686037e+000
175 125 85
2 46 326 10.8400 -67.3800 49 196 -6.3300 -83.5700
-9.0291034829e-001 -6.9283102318e-001 -4.0210612594e+000
129 73 44
2 46 762 -121.7400 -93.5700 49 653 -150.6500 -94.5200
-7.3245765454e-001 -7.3104602455e-001 -4.1414366680e+000
96 74 59
2 46 360 -96.1000 -95.8800 49 203 -123.5900 -98.5100
1.4335560656e+000 9.1810495841e-001 -6.0598880080e+000
231 235 220
2 46 567 128.4900 82.2900 49 560 155.3800 72.1300
2.6407123028e+000 3.8940171822e-001 -5.9721199160e+000
99 100 102
2 46 623 240.0000 35.3500 49 373 255.4600 -4.7000
-6.8182280338e-001 1.3092192194e+000 -8.5800277635e+000
206 210 196
2 46 561 -43.2200 82.8700 49 287 -24.0300 142.0300
6.4905847440e-001 -1.0781002910e-001 -5.3644040689e+000
203 206 199
2 46 659 65.8300 -10.8900 49 621 63.9400 -20.8600
-3.5122678537e-001 -1.5018211993e-001 -4.5551412706e+000
171 159 133
2 46 676 -41.9700 -17.9200 49 609 -49.9200 -21.2500
3.1917128372e-001 -1.5485973608e-001 -4.8982800632e+000
178 183 174
2 46 682 35.4000 -17.1700 49 619 30.9300 -30.0300
1.1441756343e+000 -3.1147706783e-001 -5.6754659196e+000
161 164 157
2 46 688 108.5800 -30.0500 49 416 104.5200 -44.0500
-7.8499730042e-001 -4.4719119378e-001 -4.3743995943e+000
197 174 160
2 46 996 -97.6300 -55.5400 49 904 -116.3000 -51.1700
-1.4367115248e+000 -6.2809246327e-001 -4.0358292009e+000
148 131 83
2 46 755 -193.3700 -84.5300 49 645 -223.3600 -68.6300
1.2048927786e+000 1.4690892417e+000 -6.3888980130e+000
139 129 93
2 46 886 102.4200 124.8900 49 723 140.8100 129.4300
2.9273218477e+000 1.1449963812e+000 -5.9387952190e+000
47 46 52
2 46 912 268.0000 104.8400 49 755 307.2100 59.6500
-7.2364971250e-001 1.3844685805e+000 -8.6552378385e+000
220 204 189
2 46 1114 -45.0800 86.9300 49 720 -25.7900 147.5300
6.0203782969e-001 -3.0958313583e-001 -5.2965350485e+000
115 111 108
2 46 979 61.6800 -31.7600 49 413 54.5900 -42.0100
-6.4938663778e-001 -3.4220264722e-001 -4.8452527909e+000
161 74 35
2 46 986 -72.8800 -38.3700 49 783 -85.9700 -27.1200
1.8641129112e+000 -8.0571909201e-001 -6.3614510335e+000
197 69 77
2 46 1162 158.9000 -68.8700 49 659 142.5800 -82.2400
2.6650313235e+000 1.5124751029e+000 -6.0693622292e+000
64 63 71
2 46 1094 238.4200 135.3200 49 870 287.9800 101.8000
2.8148659790e+000 1.4552935153e+000 -5.9659118497e+000
58 59 64
2 46 1096 256.4900 132.5900 49 745 305.3800 92.6200
1.5836709166e-001 2.5371122035e+000 -7.9149161151e+000
217 213 193
2 46 1088 11.2100 174.1800 49 851 56.5400 225.2100
1.1485970801e+000 1.3267096956e+000 -6.4958418354e+000
230 233 215
2 46 1228 95.9600 110.9100 49 724 129.9100 117.1700
3.1760034486e-001 1.1076527980e+000 -6.8172559854e+000
226 230 224
2 46 1232 25.6800 88.3300 49 960 48.4300 114.3400
2.7312420640e+000 -8.9175496892e-001 -5.8782201252e+000
46 44 49
2 46 1170 251.8700 -82.5800 49 687 230.1900 -122.7600
-9.4783076972e-001 -4.3106847323e-001 -4.1024438392e+000
165 92 60
2 46 1148 -125.4600 -57.0700 49 903 -147.0500 -54.8400
-1.4328806738e+000 -5.3729629252e-001 -4.1807240749e+000
49 42 34
2 46 1157 -185.9100 -69.8000 49 900 -212.9400 -50.6700
-1.2943511733e+000 -4.9333748749e-001 -4.0968640476e+000
63 22 21
2 46 1269 -171.7700 -65.4100 49 984 -196.8900 -52.5600
1.0582407829e+000 1.8238301422e+000 -6.6426139819e+000
222 224 214
2 46 1217 86.6700 149.1700 49 861 131.0000 163.7500
1.4413164030e+000 1.4784457857e+000 -6.1415347234e+000
253 254 212
2 46 1222 127.4000 130.7300 49 869 169.3000 126.0300
-1.1108271567e+000 1.8367619116e+000 -8.9550667899e+000
71 44 45
2 46 538 -67.4100 111.4000 49 715 -42.9400 182.2600
-8.8866523765e-001 1.3031355543e+000 -8.8491878757e+000
200 71 79
2 46 1230 -54.7200 79.9600 49 863 -36.4900 143.6400
-4.9897298724e-001 -5.7689945339e-001 -4.2842933313e+000
166 137 100
2 46 1271 -63.2800 -73.1400 49 909 -84.7600 -79.2500
-1.0500444029e+000 -6.5411198497e-001 -3.9788096914e+000
166 82 46
2 46 1278 -143.2800 -89.2900 49 822 -172.1500 -86.9600
-9.4874655235e-001 -9.5170337047e-001 -3.9853403464e+000
90 39 34
2 46 1193 -128.8900 -129.6800 49 842 -165.0600 -128.8500
1.1938010388e+000 1.0972771723e+000 -6.2183804579e+000
121 117 93
2 46 1318 104.8200 96.0000 49 966 133.5300 94.9700
-7.3834810875e-001 1.4668889455e+000 -8.6172804482e+000
105 59 48
2 46 1231 -46.1900 92.5100 49 864 -25.7000 153.6500
-1.0596353950e+000 1.4210969562e+000 -8.8830311928e+000
186 71 68
2 46 1319 -64.5800 86.9200 49 1032 -46.0900 154.0300
-8.2261756581e-001 1.1757606827e+000 -8.7512960343e+000
213 217 203
2 46 1321 -50.9400 72.9900 49 958 -34.7500 134.5000
-1.0079556723e+000 1.0808566653e+000 -8.9172464523e+000
185 72 67
2 46 1322 -61.2800 65.8500 49 1035 -47.1800 130.5200
1.5980246472e+000 -5.8873664094e-001 -6.0766351492e+000
73 50 37
2 46 1345 143.4800 -52.4400 49 916 130.0700 -67.2800
1.7533914393e+000 -9.7322929124e-001 -6.1323863415e+000
102 32 31
2 46 1280 155.8200 -86.0500 49 928 133.1500 -101.0600
-1.3493665806e+000 -8.1461727026e-001 -3.9452412961e+000
42 32 25
2 46 1282 -185.7700 -112.1500 49 922 -220.2900 -100.7500
-1.3493665806e+000 -8.1461727026e-001 -3.9452412961e+000
42 32 25
2 46 1283 -185.7700 -112.1500 49 923 -220.2900 -100.7500
1.8950419763e+000 2.2706740060e+000 -6.0717433739e+000
205 197 184
2 46 1373 170.2100 203.3900 49 1084 237.7200 195.7100
2.1122335088e+000 2.1438960351e+000 -5.8883095123e+000
230 225 218
2 46 1436 194.2100 197.5000 49 1029 264.6100 180.0500
4.1190113066e-001 1.5525063409e+000 -6.9871894724e+000
201 204 195
2 46 1387 32.3100 120.7500 49 1089 64.4300 150.1200
9.6500408147e-002 7.4791839812e-001 -6.9370817331e+000
187 187 176
2 46 1394 6.8300 58.4200 49 1093 23.1800 88.2500
1.0752985181e+000 -5.4987532669e-001 -5.6373378984e+000
172 175 167
2 46 1412 102.8900 -53.1600 49 992 92.1200 -65.9400
-7.0750412059e-001 1.2207521058e+000 -8.4356833478e+000
214 216 204
2 46 1440 -44.8800 78.7000 49 1123 -28.3200 136.9600
-1.0138991176e-001 8.5881601862e-001 -7.2541937383e+000
236 241 234
2 46 1473 -9.3900 63.9800 49 1125 9.9000 101.5000
7.5216201745e-002 -3.7900735949e-001 -4.5812726955e+000
149 71 56
2 46 1447 10.1300 -44.7200 49 1131 -4.6600 -59.4600
1.1161871822e+000 -7.9998885556e-001 -5.7718772647e+000
209 215 200
2 46 1454 104.7200 -75.3600 49 1111 87.2800 -85.3100
-1.5159325832e+000 -5.0673958487e-001 -4.0927733922e+000
143 125 78
2 46 1453 -201.3600 -67.2500 49 1128 -228.4300 -47.5900
-1.4395132544e+000 -8.1524127819e-001 -3.9047700913e+000
141 119 74
2 46 1460 -200.3800 -113.4000 49 1112 -235.6500 -100.2000
1.3006766898e+000 1.0195971844e+000 -6.0954031183e+000
254 255 244
2 46 1472 117.1300 91.2200 49 1127 143.6100 84.9100
3.3456342955e-001 -4.0953620747e-001 -4.7293064020e+000
179 181 172
2 46 1505 39.7400 -46.7700 49 1169 25.1600 -64.4600
3.6262762497e-001 -7.3320097980e-001 -4.8403396663e+000
58 33 26
2 46 1509 39.7000 -82.4700 49 1140 21.2100 -96.4400
1.7302227001e+000 -2.0744988290e+000 -6.2305490755e+000
199 195 184
2 46 1514 152.1400 -180.5000 49 1178 102.7000 -184.4200
-4.6397363157e+001 -1.0367928682e+001 -8.4416961450e+001
62 40 31
2 46 1506 -298.7800 -66.6900 49 1144 -307.0100 102.2200
5.8925604250e-001 2.1292099018e+000 -6.9670785682e+000
218 218 206
2 46 495 46.1300 166.0400 49 279 92.2200 197.3300
3.3570182329e-001 1.3858372027e+000 -6.8872596781e+000
207 211 202
2 46 116 27.2000 109.4500 49 288 54.9900 137.8400
-1.2879658940e+000 -6.1894582472e-001 -3.9941243455e+000
130 79 75
2 46 351 -175.5900 -84.1800 49 441 -204.0000 -74.0600
6.3140886312e-001 2.1127924108e+000 -6.9888013163e+000
189 189 177
2 46 848 49.1500 164.2200 49 713 95.2000 194.6900
6.3140886312e-001 2.1127924108e+000 -6.9888013163e+000
189 189 177
2 46 847 49.1500 164.2200 49 714 95.2000 194.6900
2.5509669728e-001 9.2128731762e-001 -6.7407492989e+000
224 230 220
2 46 579 20.9200 74.3100 49 536 39.7200 99.5100
-3.1528937233e+000 7.7684069342e-001 -1.0951994311e+001
56 56 58
2 46 186 -156.0600 38.5400 49 285 -151.6500 135.9600
-3.7696427628e-001 -2.0221198539e-001 -4.5336679602e+000
175 169 150
2 46 677 -45.8600 -24.3200 49 611 -54.2300 -27.5100
2.7991295249e+000 -7.0577301886e-001 -5.8158353935e+000
50 49 54
2 46 743 260.7600 -66.1600 49 469 244.3700 -110.4300
-1.1154960324e+000 -3.2951520889e-001 -4.2048627401e+000
83 45 39
2 46 691 -143.8200 -42.5500 49 381 -163.7800 -32.3900
2.7610212330e+000 -8.3330936235e-001 -5.8257991779e+000
109 108 114
2 46 1027 256.8500 -77.9000 49 685 236.6700 -120.3600
-1.0569906012e+000 -5.3571014004e-001 -4.0420793988e+000
191 103 65
2 46 1015 -142.1200 -71.9900 49 649 -167.2800 -67.9400
5.4353512941e-001 1.7964340300e+000 -6.9455571642e+000
228 229 221
2 46 1090 42.4100 140.4600 49 860 81.5000 169.0400
2.5584875662e+000 1.2667397637e+000 -5.9534213584e+000
67 68 73
2 46 1105 234.4100 115.9800 49 880 274.7700 79.8800
9.1160464576e-001 5.8080061529e-001 -6.1675021749e+000
226 229 216
2 46 1120 79.6200 50.9800 49 883 96.7500 52.7300
8.2943261010e-002 4.3345146263e-001 -6.5163727490e+000
195 196 183
2 46 1122 6.7600 36.1000 49 752 16.1200 59.6900
-1.0099698174e+000 -4.8881363888e-001 -4.0381383019e+000
170 82 46
2 46 1158 -135.7100 -65.7400 49 902 -159.8900 -63.3000
1.9496736286e+000 -1.2508486384e+000 -6.0228087870e+000
207 143 126
2 46 1057 175.5700 -112.8800 49 848 146.6000 -131.8400
1.9992895185e+000 -1.3050357708e+000 -6.0520441905e+000
128 36 35
2 46 1058 178.6000 -117.3700 49 248 149.4800 -136.1100
-3.3530133839e-001 -9.5495823849e-001 -4.5669643589e+000
128 68 42
2 46 1185 -40.7000 -113.6800 49 931 -67.8200 -115.2400
-1.4912100401e+000 -8.0966922077e-001 -3.9530421319e+000
148 129 86
2 46 1039 -205.4800 -111.2500 49 819 -239.5000 -95.2900
1.1387891113e+000 1.4665337474e+000 -6.6505036076e+000
237 240 229
2 46 1225 92.6800 119.6800 49 866 129.5500 129.5700
-7.6894581467e-001 -7.4509673078e-001 -4.0640302753e+000
128 72 50
2 46 1177 -102.7600 -99.5800 49 831 -131.5400 -103.2200
-1.3499615335e-001 -9.5621934861e-001 -4.7475148779e+000
155 105 65
2 46 1180 -14.9200 -109.3200 49 997 -43.2200 -111.8800
1.5461505809e-001 9.8409322004e-001 -7.0050535938e+000
234 238 228
2 46 1326 11.6700 76.2400 49 961 32.0000 106.9000
4.3150061883e-001 -1.3255080583e-001 -5.1218499238e+000
185 190 184
2 46 1252 45.1300 -14.1900 49 897 43.2000 -24.3200
1.9535219768e+000 7.5988287862e-001 -5.8064410286e+000
237 238 227
2 46 1328 182.6200 71.0400 49 972 208.4600 43.0100
1.9757736764e-001 3.9819801433e-001 -6.4371504604e+000
232 239 226
2 46 1397 16.8300 33.6300 49 1095 25.3000 53.6500
-8.2663946610e-001 -7.2028749384e-001 -4.0430868540e+000
105 43 27
2 46 1353 -111.4000 -96.7900 49 996 -139.3100 -99.3800
-2.5933504719e-001 -9.6704599625e-001 -4.6538452535e+000
91 44 32
2 46 1358 -29.7300 -112.7900 49 834 -59.1000 -114.2700
-4.9691125044e-001 2.4290562614e+000 -8.3377022621e+000
185 71 69
2 46 1377 -32.3000 158.2500 49 1022 5.7700 221.8000
1.5797394449e+000 1.3588127545e+000 -6.0920942411e+000
229 230 222
2 46 1316 140.5500 121.0500 49 1043 180.6700 111.3700
8.2071488161e-001 1.1330057523e+000 -6.6279490792e+000
236 243 236
2 46 1391 66.8300 92.7400 49 1046 94.6500 106.4700
2.4777000365e+000 2.4491189567e+000 -6.0598678185e+000
204 86 89
2 46 1370 223.7600 220.2700 49 1025 299.6400 200.3700
1.4343351585e+000 -3.9400639324e-001 -5.8792397353e+000
56 38 38
2 46 1448 132.5100 -36.4000 49 1060 124.9500 -52.3400
-1.5502071813e+000 -6.6659949883e-001 -3.9543246594e+000
160 140 80
2 46 1455 -213.2300 -91.5600 49 1133 -245.2200 -74.0300
-1.5502071813e+000 -6.6659949883e-001 -3.9543246594e+000
160 140 80
2 46 1456 -213.2300 -91.5600 49 1134 -245.2200 -74.0300
-1.2509280810e+000 -7.4336498336e-001 -4.0390642940e+000
104 56 46
2 46 1486 -168.1100 -99.9600 49 1138 -199.6600 -89.4900
1.0736162428e+000 -8.8226136965e-001 -5.8305533944e+000
200 202 192
2 46 1528 99.8400 -82.2300 49 1171 80.3600 -89.7600
-5.7886728620e-001 2.5477654886e+000 -8.5391040357e+000
87 57 58
2 46 53 -36.6800 162.0800 49 514 1.9300 228.8900
-3.1136616012e+000 5.6841837086e-001 -1.0899876325e+001
58 57 62
2 46 204 -155.0400 28.3300 49 46 -152.1300 124.5300
-1.7341067288e-001 1.3004921196e-001 -5.8713941293e+000
200 202 191
2 46 231 -15.0100 12.2000 49 345 -15.2500 30.9700
-9.8108781671e-001 -2.5924400968e-001 -4.2584299055e+000
92 61 56
2 46 275 -125.0500 -33.0600 49 604 -141.6000 -25.5600
-1.3447853117e+000 -5.2014080057e-001 -4.1049968473e+000
98 65 49
2 46 318 -177.8500 -68.8200 49 174 -204.3300 -54.1800
-7.2581685739e-001 -6.5962991560e-001 -4.1637110585e+000
216 198 175
2 46 361 -94.2600 -86.0100 49 193 -120.6200 -88.4900
-6.1124020209e-001 -8.2984267290e-001 -4.1782917378e+000
110 53 26
2 46 386 -79.8200 -107.9100 49 204 -108.4300 -112.6200
2.7129248381e+000 1.7167002611e+000 -6.0580109026e+000
107 106 112
2 46 500 243.5400 154.0500 49 532 299.3000 120.7000
-6.3556481856e-001 -1.5302038907e-001 -4.9241692860e+000
229 138 100
2 46 670 -70.0300 -16.8700 49 592 -78.6200 -4.1300
-5.9996205114e-001 -2.4620150144e-001 -4.8723558610e+000
222 126 79
2 46 673 -66.9200 -27.4500 49 385 -77.5000 -16.8600
-4.6245642074e-001 -2.3120252536e-001 -4.5153182174e+000
169 152 128
2 46 674 -55.3000 -27.7700 49 786 -66.9600 -29.0900
-6.3511158057e-001 -4.0475616993e-001 -4.6290877174e+000
193 89 47
2 46 697 -73.8600 -47.4200 49 412 -90.8600 -41.2700
-8.3985422937e-001 -4.3694561246e-001 -4.3646669480e+000
165 130 112
2 46 706 -104.2200 -54.3500 49 806 -123.8800 -48.6200
-7.8176134279e-001 -4.2256919897e-001 -4.4359915209e+000
112 54 33
2 46 708 -95.7200 -51.7400 49 632 -113.6900 -45.9700
-1.3751248892e+000 -6.6266694917e-001 -4.0297736216e+000
111 92 52
2 46 758 -185.5200 -89.3200 49 438 -215.6000 -75.4600
2.5719516946e+000 1.6021891327e+000 -6.0339128301e+000
59 54 61
2 46 853 231.8400 144.3600 49 529 283.4800 112.6800
2.7489635072e+000 1.6677315187e+000 -6.0608014095e+000
68 67 73
2 46 856 246.6100 149.5700 49 727 301.0000 115.0500
-3.8618553052e-001 -1.7192427273e-001 -4.5444086752e+000
68 62 63
2 46 970 -46.5400 -20.6000 49 608 -54.7300 -23.2300
5.5165552059e-001 -1.8682171778e-001 -5.2497878612e+000
143 145 139
2 46 978 57.1600 -19.3100 49 790 52.8600 -29.5400
-1.2521445393e+000 -4.5219534422e-001 -4.1364499363e+000
105 58 51
2 46 995 -165.0800 -59.4000 49 793 -187.6500 -46.9200
8.8022187654e-001 -6.0396271379e-001 -5.7302403529e+000
139 135 126
2 46 999 83.3800 -57.2600 49 428 70.1400 -63.8600
-1.2965996845e+000 -5.8829999833e-001 -3.9728982882e+000
98 45 51
2 46 1013 -177.3200 -80.4300 49 648 -206.0700 -70.5900
-1.0773300174e+000 -5.0979870247e-001 -4.0675637261e+000
210 124 80
2 46 1014 -144.3600 -68.1000 49 803 -168.0000 -62.7800
1.1143398234e+000 1.1977605108e+000 -6.6310445649e+000
233 236 222
2 46 1109 90.6300 97.9300 49 733 121.6500 106.1700
4.7995795357e-001 1.6027107837e-001 -5.7598921330e+000
223 227 213
2 46 1133 45.2900 15.1200 49 765 49.9600 17.5300
4.0536071648e-001 3.3712412920e-002 -5.4751336139e+000
226 232 222
2 46 1134 40.0500 3.3100 49 769 41.7300 1.6700
-5.5638445465e-001 -1.7770428222e-001 -4.8515050150e+000
205 118 69
2 46 1142 -61.9200 -19.8500 49 893 -71.5200 -10.7600
-5.7751557818e-001 -4.5784031138e-001 -4.5924582611e+000
175 90 55
2 46 1151 -67.9600 -54.1100 49 905 -85.5800 -50.3600
-7.2384817344e-001 -7.7081947953e-001 -4.0863634986e+000
79 33 19
2 46 1179 -96.1500 -102.4500 49 832 -125.3000 -106.7000
-1.4990462807e+000 -8.1919618651e-001 -3.8731587650e+000
43 33 31
2 46 1183 -209.8900 -114.8800 49 921 -246.9200 -100.5000
-9.0907955036e-001 -1.0709983628e+000 -3.9900710239e+000
40 26 25
2 46 1198 -122.9600 -145.7400 49 937 -162.5600 -145.0500
4.8485553512e-001 1.7799390467e+000 -7.0685172150e+000
189 191 180
2 46 1221 37.5900 136.8500 49 954 74.4600 167.6000
2.7569094856e-001 1.4014689915e+000 -6.9453740683e+000
236 239 230
2 46 1227 22.4500 109.7900 49 865 49.7100 140.1000
-1.6437259826e+000 6.6698177903e-002 -9.3677456560e+000
183 64 63
2 46 1241 -95.3800 3.8600 49 969 -95.3900 76.2800
-1.4383266045e+000 1.2476596054e-001 -9.1815006039e+000
188 65 56
2 46 1242 -85.1900 7.3700 49 970 -84.2000 76.2900
-1.6947267493e+000 -1.5279701382e-001 -9.4828707410e+000
191 65 59
2 46 1246 -97.0500 -8.7500 49 877 -99.7800 64.4100
-5.3924428305e-001 -7.9178190671e-002 -5.1077134108e+000
110 51 38
2 46 1250 -59.3200 -8.6700 49 889 -61.1700 5.4200
-2.9174200501e-001 -2.1057825889e-001 -4.5354035913e+000
204 185 143
2 46 1256 -34.8800 -25.2100 49 896 -44.4900 -30.8300
-1.6207582375e+000 -6.2493806098e-001 -3.9785258929e+000
35 28 28
2 46 1275 -221.8800 -85.3100 49 908 -252.6500 -65.0500
-2.2097363397e-001 9.7981265214e-001 -8.1648408291e+000
248 253 246
2 46 1324 -14.7000 65.1800 49 1041 1.4200 112.6200
6.8390752226e-001 9.6751055825e-001 -6.6783602235e+000
243 252 244
2 46 1327 55.8000 78.7300 49 1048 77.9200 94.7800
-1.2914597028e+000 4.9835802995e-001 -9.0215972397e+000
187 71 66
2 46 1331 -77.6100 30.0200 49 1045 -72.1500 97.1100
-4.8044816520e+001 -1.3870297563e+001 -9.7594840554e+001
60 42 41
2 46 1347 -267.2400 -77.2000 49 871 -277.1800 85.3400
1.6863323409e+000 -1.0236717771e+000 -5.9858490441e+000
217 191 140
2 46 1351 153.0400 -92.8800 49 999 129.5800 -109.0400
7.4972720217e-001 2.0491067649e+000 -6.8178570546e+000
235 235 226
2 46 1375 59.9800 163.3100 49 1085 106.2600 188.8500
2.6096611189e+000 -4.0721259020e-002 -5.8348570414e+000
253 250 194
2 46 1402 242.3500 -4.0100 49 1058 245.9000 -46.5000
-6.7847032428e-001 -4.8848724590e-001 -4.3454185662e+000
212 180 139
2 46 1411 -85.1300 -61.0900 49 1101 -104.1500 -60.5100
2.6222636173e+000 -6.0064624525e-001 -5.6577210961e+000
31 25 25
2 46 1415 252.2600 -57.4700 49 1114 236.4300 -103.3200
2.7685654046e+000 -5.4009171962e-001 -5.6199920687e+000
27 22 22
2 46 1416 266.7100 -52.5300 49 1001 255.1600 -102.2800
-1.1845001649e+000 -9.9515063494e-001 -4.1337416157e+000
156 84 40
2 46 1424 -154.2000 -130.7000 49 930 -192.5900 -118.5900
-1.9640986994e-001 -5.4606194686e-001 -4.6351401237e+000
111 61 38
2 46 1451 -22.7600 -63.9500 49 1137 -40.8400 -69.4100
3.6881755693e-002 3.0519581558e-001 -6.2939894642e+000
181 182 168
2 46 1476 3.5800 26.4100 49 1147 9.1500 47.4300
7.6741336131e-001 -1.4508529900e+000 -6.2834799823e+000
100 84 69
2 46 1490 65.1600 -125.6600 49 1117 37.5600 -115.8600
1.0240057581e+000 1.0137069710e+000 -6.6021398235e+000
239 244 239
2 46 1497 84.5200 83.4700 49 1160 109.1400 91.7500
-3.9548258725e-001 -6.2272338361e-002 -4.9661260710e+000
163 70 71
2 46 1535 -43.9700 -6.9100 49 1191 -47.5100 0.6500
2.5993560013e+000 3.7418422275e-001 -5.6822966248e+000
64 62 67
2 46 1551 248.2200 35.6700 49 1200 264.3400 -11.0800
