# Bundle file v0.3
60 680
0 0 0
0 0 0
0 0 0
0 0 0
0 0 0
0 0 0
0 0 0
0 0 0
0 0 0
0 0 0
0 0 0
0 0 0
0 0 0
0 0 0
0 0 0
0 0 0
0 0 0
0 0 0
0 0 0
0 0 0
0 0 0
0 0 0
0 0 0
0 0 0
0 0 0
0 0 0
0 0 0
0 0 0
0 0 0
0 0 0
0 0 0
0 0 0
0 0 0
0 0 0
0 0 0
0 0 0
0 0 0
0 0 0
0 0 0
0 0 0
0 0 0
0 0 0
0 0 0
0 0 0
0 0 0
0 0 0
0 0 0
0 0 0
0 0 0
0 0 0
0 0 0
0 0 0
0 0 0
0 0 0
0 0 0
0 0 0
0 0 0
0 0 0
0 0 0
0 0 0
0 0 0
0 0 0
0 0 0
0 0 0
0 0 0
0 0 0
0 0 0
0 0 0
0 0 0
0 0 0
0 0 0
0 0 0
0 0 0
0 0 0
0 0 0
0 0 0
0 0 0
0 0 0
0 0 0
0 0 0
0 0 0
0 0 0
0 0 0
0 0 0
0 0 0
0 0 0
0 0 0
0 0 0
0 0 0
0 0 0
0 0 0
0 0 0
0 0 0
0 0 0
0 0 0
0 0 0
0 0 0
0 0 0
0 0 0
0 0 0
0 0 0
0 0 0
0 0 0
0 0 0
0 0 0
0 0 0
0 0 0
0 0 0
0 0 0
0 0 0
0 0 0
0 0 0
0 0 0
0 0 0
0 0 0
0 0 0
0 0 0
0 0 0
0 0 0
0 0 0
0 0 0
0 0 0
0 0 0
0 0 0
0 0 0
0 0 0
0 0 0
0 0 0
0 0 0
0 0 0
0 0 0
0 0 0
0 0 0
0 0 0
0 0 0
0 0 0
0 0 0
0 0 0
0 0 0
0 0 0
0 0 0
0 0 0
0 0 0
0 0 0
0 0 0
0 0 0
0 0 0
0 0 0
0 0 0
0 0 0
0 0 0
0 0 0
0 0 0
0 0 0
0 0 0
0 0 0
0 0 0
0 0 0
0 0 0
0 0 0
0 0 0
0 0 0
0 0 0
0 0 0
0 0 0
0 0 0
0 0 0
0 0 0
0 0 0
0 0 0
0 0 0
0 0 0
0 0 0
0 0 0
0 0 0
0 0 0
0 0 0
0 0 0
0 0 0
0 0 0
0 0 0
0 0 0
0 0 0
0 0 0
0 0 0
0 0 0
0 0 0
0 0 0
0 0 0
0 0 0
1.6294478528e+003 0.0000000000e+000 0.0000000000e+000
1.0000000000e+000 0.0000000000e+000 0.0000000000e+000
0.0000000000e+000 1.0000000000e+000 0.0000000000e+000
0.0000000000e+000 0.0000000000e+000 1.0000000000e+000
-0.0000000000e+000 -0.0000000000e+000 -0.0000000000e+000
1.6294478528e+003 0.0000000000e+000 0.0000000000e+000
9.9940572452e-001 3.3958506097e-002 5.9175715362e-003
-3.3435761377e-002 9.9676267534e-001 -7.3117842558e-002
-8.3813871383e-003 7.2876531908e-002 9.9730575224e-001
-1.4623451534e-001 -9.2337689943e-001 -3.5495150109e-001
0 0 0
0 0 0
0 0 0
0 0 0
0 0 0
0 0 0
0 0 0
0 0 0
0 0 0
0 0 0
0 0 0
0 0 0
0 0 0
0 0 0
0 0 0
0 0 0
0 0 0
0 0 0
0 0 0
0 0 0
0 0 0
0 0 0
0 0 0
0 0 0
0 0 0
0 0 0
0 0 0
0 0 0
0 0 0
0 0 0
0 0 0
0 0 0
0 0 0
0 0 0
0 0 0
0 0 0
0 0 0
0 0 0
0 0 0
0 0 0
0 0 0
0 0 0
0 0 0
0 0 0
0 0 0
0 0 0
0 0 0
0 0 0
0 0 0
0 0 0
0 0 0
0 0 0
0 0 0
0 0 0
0 0 0
0 0 0
0 0 0
0 0 0
0 0 0
0 0 0
0 0 0
0 0 0
0 0 0
0 0 0
0 0 0
0 0 0
0 0 0
0 0 0
0 0 0
0 0 0
0 0 0
0 0 0
0 0 0
0 0 0
0 0 0
0 0 0
0 0 0
0 0 0
0 0 0
0 0 0
0 0 0
0 0 0
0 0 0
0 0 0
0 0 0
0 0 0
0 0 0
0 0 0
0 0 0
0 0 0
0 0 0
0 0 0
0 0 0
0 0 0
0 0 0
0 0 0
0 0 0
0 0 0
0 0 0
0 0 0
3.9062640986e-001 -1.0555027414e+000 -8.9568788222e+000
160 41 54
2 38 613 70.7800 -191.9800 39 693 27.3100 -232.0200
-2.7726509026e-001 -9.1742217986e-001 -8.4290096228e+000
155 152 136
2 38 1931 -53.0700 -177.4100 39 1694 -93.6700 -223.7300
-7.4255912564e-001 -1.0500329436e+000 -8.4545010497e+000
27 56 41
2 38 2120 -143.1600 -202.3700 39 1902 -179.1500 -244.1400
-2.1690929469e-001 -8.4498925331e-001 -8.3825108584e+000
31 60 43
2 38 1511 -43.2600 -164.1300 39 618 -80.8100 -212.8800
-2.3980178632e-001 -6.6982057344e-001 -8.1454711245e+000
159 170 103
2 38 1918 -47.9100 -134.0000 39 1885 -87.3800 -188.7200
4.7990888161e-001 -8.7261486733e-001 -8.7158241720e+000
166 45 48
2 38 1514 89.5200 -163.1100 39 1461 45.2900 -209.5400
-2.1690929469e-001 -8.4498925331e-001 -8.3825108584e+000
31 60 43
2 38 1512 -43.2600 -164.1300 39 619 -80.8100 -212.8800
5.8499710446e-001 -6.3410112863e-001 -8.4195996584e+000
165 34 44
2 38 1723 113.1600 -122.7100 39 1681 68.0000 -177.5900
1.0107353671e+000 -1.0135180634e+000 -9.1147542487e+000
144 86 82
2 38 1175 180.3900 -181.1400 39 1151 132.9500 -222.5600
-5.9759362070e-001 -4.1521733044e-001 -7.8122918594e+000
137 145 66
2 38 1888 -124.5800 -86.6100 39 1872 -160.3500 -148.7600
-3.9466803676e-001 -2.8750814075e-001 -7.7686953581e+000
159 162 24
2 38 1441 -82.9100 -60.2900 39 1051 -119.5400 -126.1800
-3.0534685689e-002 -1.6505105755e-001 -7.8356356789e+000
29 57 34
2 38 1877 -7.4800 -34.1900 39 1664 -44.3800 -102.5400
-5.9467484937e-002 -3.1945307655e-001 -7.9296383942e+000
22 56 37
2 38 1705 -12.8500 -65.5700 39 1402 -51.1500 -129.8900
-5.9467484937e-002 -3.1945307655e-001 -7.9296383942e+000
22 56 37
2 38 1704 -12.8500 -65.5700 39 1401 -51.1500 -129.8900
-6.7071180349e-001 -3.7182072204e-001 -7.7307458815e+000
29 60 41
2 38 1715 -141.1600 -78.3900 39 1668 -176.5200 -142.3000
-4.6175741668e-001 -4.7499462949e-001 -7.8852445715e+000
147 144 43
2 38 1716 -95.5700 -98.1400 39 1429 -132.2800 -158.9900
2.4932622939e+000 -8.8806646953e-002 -8.8047670131e+000
193 141 109
2 38 1427 460.9000 -16.3300 39 1032 407.8199 -80.4200
-1.0076671543e+000 -4.8984863128e-001 -7.6661353613e+000
23 50 23
2 38 1481 -213.2800 -104.1900 39 526 -247.6200 -165.8200
3.6779653032e+000 -1.0465176555e-001 -9.1386848990e+000
134 48 51
2 38 1703 656.2900 -18.7800 39 1398 594.5200 -82.5300
3.2288181165e+000 -5.2418104080e-001 -9.4035843546e+000
195 134 114
2 38 1018 559.4000 -90.8100 39 1090 500.1801 -144.0800
-7.3355997009e-001 -7.0321553933e-001 -8.0174996925e+000
30 67 35
2 38 1914 -148.8600 -142.9400 39 1894 -184.7400 -196.6800
-3.9466803676e-001 -2.8750814075e-001 -7.7686953581e+000
159 162 24
2 38 1440 -82.9100 -60.2900 39 1050 -119.5400 -126.1800
1.4399961663e+000 -8.8901393848e-002 -8.3161638544e+000
186 128 109
2 38 1690 282.3300 -17.4500 39 1382 233.0601 -84.9500
-3.8120745186e-001 -6.8969125915e-001 -8.0941792467e+000
125 139 68
2 38 1917 -77.1400 -138.8000 39 1680 -114.6700 -193.5400
-5.3418716700e-001 -3.3832563864e-001 -7.7423298526e+000
26 56 27
2 38 1461 -112.1600 -71.2300 39 1425 -148.6800 -136.1400
-5.3418716700e-001 -3.3832563864e-001 -7.7423298526e+000
26 56 27
2 38 1462 -112.1600 -71.2300 39 1426 -148.6800 -136.1400
3.3566788526e+000 3.7837639944e-002 -8.8679376113e+000
196 137 107
2 38 2331 616.2700 7.0700 39 2305 558.2400 -61.8900
3.8852548740e+000 -1.1566296919e-001 -9.2490607106e+000
194 139 93
2 38 377 684.7800 -20.4500 39 428 622.6801 -83.2900
1.6649374119e+000 -1.3428337572e-001 -8.4619062501e+000
190 125 105
2 38 1693 320.5601 -25.8500 39 1384 270.4100 -91.3300
2.4932622939e+000 -8.8806646953e-002 -8.8047670131e+000
193 141 109
2 38 1426 460.9000 -16.3300 39 1033 407.8199 -80.4200
3.2470157478e+000 -1.8803759495e-001 -9.1052359490e+000
139 96 84
2 38 1436 581.2500 -33.6900 39 1396 522.2900 -95.1400
-7.2235437930e-001 -3.4345943431e-001 -7.6515610517e+000
135 136 74
2 38 1713 -153.8500 -73.1400 39 1422 -188.2900 -138.8500
7.3145855265e-001 -3.1545622700e-001 -8.2167176281e+000
174 114 81
2 38 1884 145.0699 -62.5600 39 1868 99.7900 -125.6400
3.2024821923e+000 -5.7739018120e-001 -9.4388587016e+000
188 126 107
2 38 1020 553.1801 -99.7500 39 503 493.0800 -151.6000
-1.5974561230e-001 -4.5815375328e-001 -7.9513024156e+000
150 152 62
2 38 1718 -32.5500 -93.9100 39 1670 -72.3900 -155.4000
-1.5974561230e-001 -4.5815375328e-001 -7.9513024156e+000
150 152 62
2 38 1717 -32.5500 -93.9100 39 1669 -72.3900 -155.4000
1.0632306229e+000 -5.5822043229e-001 -8.5432770899e+000
17 56 92
2 38 1900 202.8600 -106.4800 39 1874 154.5400 -162.6000
-8.0349511964e-001 -1.0362671352e+000 -8.3934050379e+000
143 154 67
2 38 1539 -156.5800 -201.1200 39 1174 -190.9800 -243.8500
-6.6412389692e-001 -9.5629905014e-001 -8.3289559721e+000
114 137 124
2 38 2114 -130.4100 -187.0400 39 2071 -166.0200 -232.6300
-3.6441478066e-001 -9.6873136634e-001 -8.4865106824e+000
35 58 41
2 38 2118 -70.1600 -185.9800 39 1904 -108.6400 -230.3900
1.1273993219e+000 3.0656018234e-002 -8.0727219789e+000
17 85 134
2 38 2288 227.6100 6.1800 39 2260 180.8000 -65.8900
4.8942807464e+000 2.6451101092e-001 -9.4459457458e+000
161 98 58
2 38 328 844.0500 45.6900 39 357 781.6300 -22.1500
4.3355326156e+000 1.9059969968e-001 -9.2943643953e+000
90 65 61
2 38 937 760.3400 33.3500 39 993 698.7300 -33.4900
3.9585397718e+000 5.1134154408e-002 -9.1768865803e+000
190 82 42
2 38 947 703.4000 8.9500 39 1009 641.4600 -56.8600
1.3586567451e+000 -3.4787570227e-002 -8.2766377881e+000
187 130 105
2 38 1409 267.5500 -6.8600 39 1378 219.4000 -75.2500
3.2470157478e+000 -1.8803759495e-001 -9.1052359490e+000
139 96 84
2 38 1435 581.2500 -33.6900 39 1395 522.2900 -95.1400
4.3584434027e+000 -5.4942746029e-002 -9.4475040532e+000
185 162 144
2 38 984 751.8101 -9.5000 39 1044 689.0000 -71.8500
2.6471972631e+000 1.3194515077e-001 -8.6535068726e+000
169 33 48
2 38 1872 499.1100 24.7100 39 1649 443.5000 -44.6700
9.9786725653e-001 -2.0377787451e-001 -8.2388982583e+000
14 59 83
2 38 1443 197.6600 -40.3500 39 1406 150.4700 -105.6200
3.3018451786e-001 -6.2145364703e-001 -8.2869166982e+000
131 88 79
2 38 1492 64.7300 -122.1700 39 1446 21.5600 -178.2400
-3.1863850672e-001 -6.2975876897e-001 -7.9996661757e+000
33 60 32
2 38 1896 -65.3200 -128.2300 39 1884 -103.3300 -185.9400
1.8546618624e-001 -6.6252643468e-001 -8.4211918442e+000
161 107 104
2 38 2099 35.3800 -128.1300 39 1886 -5.6200 -180.4100
3.2855618025e+000 -7.1620989336e-002 -9.0379122211e+000
195 144 124
2 38 980 592.6500 -12.9800 39 423 533.7800 -76.8300
-6.2161406782e-002 -1.0484229995e-001 -7.8016305986e+000
147 156 129
2 38 1876 -12.9600 -21.9000 39 1858 -51.6700 -91.1200
4.4902567074e+000 3.4582854517e-001 -9.2555949980e+000
34 18 32
2 38 1679 790.5601 60.8700 39 1365 729.6700 -8.8200
4.4018255814e+000 2.4510434486e-001 -9.2826665011e+000
184 159 142
2 38 1391 772.7000 43.0200 39 996 711.6000 -24.9500
1.3789251641e+000 -1.2900588024e-001 -8.3269408031e+000
114 59 63
2 38 371 269.6300 -25.2100 39 395 221.3800 -91.8800
-3.4652610431e-001 -4.0926848081e-001 -7.8958040768e+000
24 53 30
2 38 1465 -72.3600 -84.3700 39 1078 -108.2900 -146.6400
4.0292992746e+000 -6.3574525366e-001 -9.9330507420e+000
172 146 128
2 38 1506 661.5100 -104.4200 39 1437 598.2500 -151.9600
-4.9014447480e-001 -8.2920279586e-001 -8.2299713226e+000
28 55 40
2 38 1929 -96.9800 -164.1800 39 1691 -134.8500 -213.9500
3.0327430872e-001 -5.3784420602e-001 -8.1844596440e+000
173 156 133
2 38 1042 60.2300 -107.0600 39 1110 17.3200 -165.8800
1.4673082434e+000 -9.1496370580e-001 -9.1196053028e+000
140 80 70
2 38 1119 262.2800 -163.5000 39 631 211.1000 -208.1900
-2.4225449316e-001 2.8787441928e-001 -7.5528226120e+000
160 158 137
2 38 2083 -52.0200 62.0800 39 1857 -87.9500 -15.7300
4.9291356894e+000 1.4233291045e-001 -9.5517342790e+000
159 92 46
2 38 1404 840.8000 24.3000 39 1012 777.3700 -40.7800
4.6897994211e+000 2.5361557987e-001 -9.3169843283e+000
183 100 52
2 38 2192 820.1801 44.3600 39 2046 757.5100 -24.6400
2.9258531021e+000 1.2778133744e-001 -8.7569673735e+000
170 34 47
2 38 2193 545.1000 23.6300 39 2047 488.0200 -45.1900
3.4615475930e+000 5.5648147011e-001 -8.8831119706e+000
22 20 44
2 38 1867 635.1600 102.0300 39 1854 580.4900 29.2900
4.4014508474e+000 3.2486821792e-001 -9.2223383733e+000
37 17 19
2 38 938 777.8600 57.3500 39 994 716.7900 -12.2700
4.4606358377e+000 2.9269603380e-001 -9.2695233650e+000
186 159 138
2 38 1390 784.1600 51.4400 39 1366 723.0100 -17.4400
4.4179258024e+000 1.3793689323e-001 -9.3450717751e+000
190 173 145
2 38 1688 770.9500 23.8900 39 1653 707.8600 -41.8300
3.2653359290e+000 -1.3866323536e-001 -9.0641463878e+000
199 145 114
2 38 1433 587.8500 -25.1200 39 1042 527.5500 -87.5100
3.8179233146e+000 -1.8375194904e-001 -9.3378575952e+000
193 129 58
2 38 375 666.3700 -32.1000 39 426 605.1100 -92.4600
-3.7523606641e-001 -3.7381639397e-001 -7.8245427527e+000
174 163 47
2 38 1008 -77.9200 -77.8700 39 1076 -115.7800 -141.6200
1.3355726058e+000 -1.3986748119e-001 -8.3502240405e+000
187 128 110
2 38 1410 260.7200 -27.3100 39 1379 212.2600 -93.0000
4.7762067473e+000 -1.2905736529e-002 -9.6548896199e+000
174 106 40
2 38 1402 806.4200 -2.2700 39 1374 742.3900 -63.2700
1.4253978753e+000 -1.4793338514e-001 -8.3368178641e+000
197 132 112
2 38 1411 278.7500 -28.9400 39 1383 229.2900 -95.3700
-1.1378086106e-001 -9.8810674086e-001 -8.6186610308e+000
33 63 19
2 38 1168 -22.1200 -186.7400 39 688 -61.5900 -230.2600
-1.1378086106e-001 -9.8810674086e-001 -8.6186610308e+000
33 63 19
2 38 1169 -22.1200 -186.7400 39 689 -61.5900 -230.2600
1.0110327899e+000 -7.2269191747e-001 -8.7417160592e+000
18 65 112
2 38 1730 188.2700 -134.6800 39 1682 140.7500 -185.2700
1.6082350919e+000 6.1568305337e-001 -8.2816212021e+000
167 165 135
2 38 917 316.1300 121.1900 39 966 272.3500 45.8900
2.0782107865e+000 7.1326640478e-001 -8.4770573990e+000
164 91 90
2 38 1669 399.2200 137.1500 39 1635 353.9800 62.6900
2.5387841886e+000 -1.3899054003e-001 -8.7666534559e+000
186 129 102
2 38 970 471.9100 -25.8400 39 405 416.6300 -90.2700
4.0562275580e+000 -4.7857142803e-001 -9.7198803406e+000
188 153 126
2 38 1025 680.3600 -80.3200 39 509 617.0601 -132.8000
3.9513431462e+000 -7.2787747168e-002 -9.2683829997e+000
104 37 11
2 38 378 694.8900 -12.8500 39 430 633.0800 -76.0800
-6.5541851450e-001 -5.4167360739e-001 -7.7852019824e+000
47 105 123
2 38 1038 -137.6300 -113.3300 39 1101 -172.5500 -174.3600
4.0976354499e+000 -3.9119301685e-001 -9.6675579411e+000
189 162 126
2 38 996 690.9100 -66.0000 39 1062 627.9800 -120.3400
3.9334946628e+000 -7.8671012791e-001 -1.0048871275e+001
166 139 117
2 38 1078 638.2100 -127.6600 39 590 575.4000 -171.7900
3.9679602349e+000 1.2759764990e-001 -9.1597539275e+000
209 121 71
2 38 1401 706.6700 22.5000 39 1372 644.7700 -44.1200
6.3623372485e-001 -7.9209275174e-001 -8.5758051727e+000
130 32 68
2 38 1515 121.3600 -150.5700 39 1148 74.3400 -201.0100
-5.9303124544e-001 -8.7271685675e-001 -8.2565178903e+000
150 153 39
2 38 1928 -117.3700 -172.2000 39 1690 -153.6700 -220.4500
3.9243965677e+000 1.9027037550e-001 -9.1457774289e+000
186 92 29
2 38 2249 699.6300 33.7900 39 2216 639.3300 -33.5300
8.6246981044e-001 4.5222838912e-003 -8.0564599406e+000
102 22 57
2 38 2287 173.8700 1.0000 39 2261 130.2600 -69.7100
3.5909517892e+000 2.6046270296e-001 -8.8964931985e+000
101 23 37
2 38 2330 658.4000 47.5400 39 2304 598.7400 -23.3000
2.0364887548e+000 7.6471696515e-001 -8.5007667549e+000
93 29 30
2 38 899 390.5900 146.5400 39 941 345.2700 72.7500
3.0964112708e+000 6.6116795000e-001 -8.8075781803e+000
65 32 41
2 38 922 572.8500 122.3200 39 303 521.6700 49.3500
3.3635703989e+000 7.6172159110e-001 -8.9138585646e+000
31 27 55
2 38 908 614.7800 139.2600 39 950 563.7300 66.3000
3.3903185232e+000 7.2046058043e-001 -8.9432672828e+000
35 30 51
2 38 909 617.9600 131.2100 39 975 565.8400 59.1400
1.6865906265e+000 6.1582766909e-001 -8.3128684875e+000
187 149 99
2 38 1369 330.7200 120.6900 39 967 285.6899 45.7800
2.0782107865e+000 7.1326640478e-001 -8.4770573990e+000
164 91 90
2 38 1668 399.2200 137.1500 39 1634 353.9800 62.6900
2.8339179954e+000 6.5107768188e-001 -8.7047261197e+000
68 21 32
2 38 1374 530.5601 121.8600 39 1355 480.2300 48.3500
2.9390453492e+000 6.5273972059e-001 -8.7741082956e+000
82 35 41
2 38 1375 546.0500 121.1700 39 1356 495.1500 48.6000
2.7536290796e+000 4.6031430826e-001 -8.6405517839e+000
46 14 25
2 38 1384 519.4100 86.7800 39 985 467.2000 13.7000
2.7877737612e+000 -1.9342032493e-001 -8.9091365911e+000
186 70 74
2 38 974 510.2200 -35.4500 39 1038 452.8800 -97.9000
1.5441229223e-001 6.1727744285e-001 -7.7453209868e+000
36 59 48
2 38 2067 32.8300 129.8200 39 2040 -3.7600 51.3700
2.0479642324e+000 6.4105853500e-001 -8.4571293563e+000
121 53 64
2 38 1864 394.2300 123.5800 39 1849 348.6300 49.3000
4.4482954270e+000 8.5997328422e-002 -9.3499471979e+000
33 17 31
2 38 950 775.6300 14.8800 39 1011 712.2200 -50.6600
1.7975623272e+000 -1.4964196017e-001 -8.5575915865e+000
195 134 99
2 38 958 342.3101 -28.5000 39 1023 291.3900 -92.6400
-3.3282123018e-001 -3.7261639999e-001 -7.8520191174e+000
178 173 28
2 38 1009 -69.4900 -77.2800 39 476 -106.3300 -140.8800
4.0356625367e+000 -5.6399294375e-001 -9.8287619397e+000
191 158 138
2 38 464 669.4900 -93.6100 39 507 606.2300 -143.4700
-7.8027901835e-001 -6.8089008552e-001 -7.9346950481e+000
152 158 40
2 38 1093 -160.4100 -139.8100 39 1099 -195.1100 -195.2500
-1.3866281664e-001 6.9493956584e-001 -7.6904638928e+000
167 151 91
2 38 2066 -29.2600 147.2300 39 2030 -62.8100 68.7400
3.2971013176e+000 8.3392355279e-001 -9.0171457596e+000
155 121 97
2 38 1854 596.3199 150.5800 39 1847 545.9399 80.0800
2.5177089173e+000 -1.8397519437e-001 -8.7758569686e+000
192 135 105
2 38 1428 467.6700 -34.2000 39 1392 411.8600 -97.8500
1.9896223168e-001 -7.0716116738e-001 -8.3296499712e+000
163 164 146
2 38 1105 38.9600 -138.3400 39 548 -3.9100 -191.7900
-3.1042033217e-001 -9.5529479084e-001 -8.4845742765e+000
160 160 43
2 38 1166 -59.6400 -183.4600 39 617 -98.8600 -228.3300
-5.7209113839e+001 2.5194602565e+001 -1.5609906864e+002
81 66 54
2 38 1586 -596.4500 262.9900 39 1529 -609.0600 397.6900
7.0119125000e-001 -4.1091813772e-001 -8.2591382196e+000
200 140 104
2 38 1889 138.2000 -81.0500 39 1671 93.0100 -142.1500
4.4490108955e+000 -8.1737316716e-001 -1.0345575001e+001
132 112 103
2 38 1727 701.1300 -128.8400 39 1459 636.7400 -170.9000
4.7483339530e+000 -2.6948077982e+000 -1.0167271472e+001
136 120 122
2 38 1947 761.0200 -431.8900 39 1726 675.3101 -459.2900
-7.6612774405e+001 3.0173834582e+001 -1.5225684579e+002
88 78 66
2 38 1780 -820.2000 322.9100 39 1737 -835.2700 467.4500
-8.5052425036e+001 2.8502648548e+001 -1.5686220821e+002
71 60 62
2 38 1781 -884.1700 296.0500 39 1739 -899.8400 442.3000
-7.5602290824e+001 2.7571218998e+001 -1.8216660019e+002
89 40 29
2 38 1809 -676.2000 246.6200 39 1742 -688.9800 385.1900
-6.0156019750e+001 2.4740136547e+001 -1.6976116828e+002
55 55 70
2 38 1810 -576.6900 237.4600 39 1746 -589.1000 371.5700
2.6084173905e+000 7.0008275704e-001 -8.6514907569e+000
73 26 37
2 38 2182 491.0601 131.9000 39 2162 443.0200 58.1400
-5.9961272046e+001 3.1363688528e+001 -1.6964147026e+002
69 55 44
2 38 1984 -575.3900 301.2500 39 1937 -586.9500 437.2700
-7.3789948716e+001 2.9301264370e+001 -1.5748211182e+002
57 47 42
2 38 1981 -762.4400 303.2000 39 1936 -778.8800 445.2700
-7.1360247600e+001 3.0013644572e+001 -1.5380068130e+002
92 83 66
2 38 1978 -756.0700 317.9800 39 1935 -770.1800 460.1000
-6.0888148328e+001 2.5384276283e+001 -1.6213305727e+002
115 95 84
2 38 1991 -611.1000 255.1100 39 1943 -624.2200 390.5000
2.8227587801e+000 5.5482459153e-001 -8.6542737905e+000
152 107 55
2 38 2245 531.8700 104.3800 39 2210 479.6600 30.6400
3.6889952885e+000 6.1435115122e-001 -9.0061260265e+000
14 61 103
2 38 2247 667.8700 111.0500 39 2212 612.7000 39.3100
4.6588044818e+000 -2.7885176627e-001 -9.8416803289e+000
178 146 125
2 38 1887 771.2700 -46.1500 39 1871 707.6500 -101.5700
-8.1556604901e+001 3.0012984298e+001 -1.4902313161e+002
101 89 53
2 38 2132 -891.9300 328.1600 39 2083 -908.9500 475.2800
-6.9916801753e+001 2.9873678671e+001 -1.6744077584e+002
65 55 51
2 38 2139 -679.7900 290.7200 39 2088 -693.6100 430.0200
-6.1201787467e+001 2.9727258273e+001 -1.6754192264e+002
39 23 23
2 38 2140 -594.4300 289.1100 39 2090 -606.9400 425.3000
-8.5604554768e+001 2.9160697174e+001 -1.5479256083e+002
51 35 37
2 38 2136 -901.6600 306.9400 39 1932 -918.0700 454.0700
3.4302076924e+000 3.3561664523e-001 -8.8604190287e+000
68 18 27
2 38 2248 630.9100 61.7000 39 2215 574.1801 -9.8400
-7.3602116497e+001 3.1541839771e+001 -1.6479698038e+002
139 112 69
2 38 2222 -727.3300 311.8800 39 2085 -741.7400 453.4700
-2.5709509533e-001 -5.4023120502e-003 -7.6308296590e+000
62 111 141
2 38 2250 -55.2100 -1.1200 39 2166 -91.4500 -74.1600
2.8818765765e-001 -5.4861890344e-001 -8.2267260760e+000
160 141 125
2 38 2289 56.5200 -108.5900 39 2222 14.6900 -166.4800
-1.2433845709e+000 1.2845882359e+000 -8.0624235747e+000
167 39 46
2 38 1270 -250.7000 259.5800 39 1283 -274.3500 194.2400
-1.1849404464e+000 1.2909185018e+000 -8.1018735811e+000
176 27 44
2 38 777 -238.0400 259.6100 39 1285 -261.3100 194.7100
1.2363683999e+000 1.3419912308e+000 -8.8606784845e+000
196 93 85
2 38 1298 227.8700 246.7100 39 1299 193.2300 182.8000
2.2225915916e+000 9.8675114003e-001 -8.7395427809e+000
120 88 89
2 38 866 414.4200 183.9700 39 911 371.6300 112.9200
-8.4281535919e-001 6.3331988004e-001 -7.3946016187e+000
158 157 138
2 38 891 -185.4000 139.5300 39 960 -214.8900 58.7800
2.5782186418e+000 8.0603579141e-001 -8.7065464214e+000
164 126 113
2 38 904 483.0699 150.7400 39 946 435.0500 78.0700
3.3630842035e+000 8.3678471263e-001 -9.0065732685e+000
28 28 56
2 38 907 608.6600 151.3400 39 949 558.4200 80.0600
2.2738216027e+000 6.3229429362e-001 -8.5093665744e+000
84 32 36
2 38 278 435.8600 120.9900 39 971 387.2600 46.8900
2.9297127464e+000 3.9345465838e-001 -8.6918016253e+000
137 83 51
2 38 310 549.6500 73.6700 39 328 495.2500 1.2700
-1.2922607480e+000 1.0580024787e+000 -7.7316482757e+000
176 38 46
2 38 1296 -272.4300 222.9800 39 1307 -295.5700 151.0800
9.9018014522e-001 9.3446986674e-001 -8.2607106193e+000
181 46 41
2 38 1342 195.1600 184.3500 39 1330 157.9200 110.5200
1.6011325438e+000 1.1892857825e+000 -8.7298706957e+000
16 78 121
2 38 1613 298.7500 222.0000 39 1600 261.6500 153.5000
1.5766352214e+000 6.4580437379e-001 -8.2700047522e+000
69 41 59
2 38 894 310.5500 127.2600 39 965 266.7900 51.7600
2.4659589007e+000 6.4062520901e-001 -8.5812757758e+000
62 26 24
2 38 1372 467.8199 121.7300 39 1354 420.1700 47.5900
4.0100197646e+000 5.9513643358e-001 -9.0777280752e+000
138 51 67
2 38 925 720.2700 106.7100 39 312 663.1700 34.7400
3.9768017844e+000 8.6969083908e-003 -9.2288259886e+000
131 49 26
2 38 350 702.2900 1.5000 39 377 640.9700 -63.3000
8.8601762713e-001 -1.2624166730e-001 -8.1927485210e+000
12 84 124
2 38 956 176.4301 -25.1400 39 1020 130.7300 -91.4800
-6.3768817241e-001 -3.8557801313e-001 -7.7415369813e+000
22 50 39
2 38 1002 -134.4000 -81.1400 39 470 -169.3200 -144.9600
-7.8331981399e-001 -6.2018277595e-001 -7.8850815849e+000
159 153 46
2 38 1036 -162.2100 -128.1300 39 532 -196.3500 -185.3000
-7.1681281021e-001 -5.5250675558e-001 -7.8153036481e+000
40 58 26
2 38 484 -149.6100 -115.1800 39 536 -184.5400 -174.9800
5.2071997498e-001 7.7515599421e-001 -7.9838019981e+000
29 55 20
2 38 2052 106.9100 158.1200 39 2032 68.9900 82.0500
5.2071997498e-001 7.7515599421e-001 -7.9838019981e+000
29 55 20
2 38 2051 106.9100 158.1200 39 2031 68.9900 82.0500
7.6265767038e-001 8.1714936543e-001 -8.1201246670e+000
165 88 78
2 38 1842 153.0100 163.9800 39 1843 115.5800 89.1000
3.1985982562e+000 9.0404613687e-001 -9.0046056939e+000
76 46 59
2 38 1655 579.1000 163.5300 39 1836 530.4301 92.8400
-2.0877882203e+000 6.9681722405e-001 -7.5737702209e+000
195 171 145
2 38 1663 -448.7100 149.9000 39 1624 -468.9300 82.0700
5.1051593252e+000 4.7538659366e-001 -9.4395960358e+000
199 104 52
2 38 1680 881.2100 82.0700 39 1856 819.3500 11.6500
2.8217536800e+000 -1.0053200621e-001 -8.8855133894e+000
202 86 93
2 38 976 517.3400 -18.4100 39 1037 461.4000 -82.5400
2.9774691387e+000 -2.6836942614e-001 -9.1204367229e+000
201 96 93
2 38 1448 532.1500 -47.9900 39 1057 474.5200 -106.9500
2.9961102120e+000 -3.8076923044e-001 -9.1412230057e+000
200 86 96
2 38 993 534.4600 -67.9600 39 1058 475.3800 -125.5800
3.2288181165e+000 -5.2418104080e-001 -9.4035843546e+000
195 134 114
2 38 1019 559.4000 -90.8100 39 1091 500.1801 -144.0800
-6.4584454374e-001 -6.1170712230e-001 -7.8647968600e+000
44 108 125
2 38 1483 -133.8600 -126.7300 39 1441 -169.8600 -185.2400
-8.3391876194e-001 1.0860946452e+000 -7.9510060965e+000
163 153 112
2 38 2009 -170.9000 222.5800 39 2006 -196.7300 152.7300
-5.6290105054e-001 1.0737874778e+000 -8.0135908037e+000
168 152 97
2 38 2025 -113.9300 218.2900 39 2008 -142.4600 148.2800
-1.7899823694e-001 1.0045789156e+000 -7.9950190959e+000
32 61 33
2 38 2029 -37.3100 204.8300 39 2139 -65.9400 131.8600
9.3889165569e-001 1.0136197629e+000 -8.3259715729e+000
179 46 47
2 38 2034 183.8300 198.3600 39 2013 147.3101 126.0000
3.2971013176e+000 8.3392355279e-001 -9.0171457596e+000
155 121 97
2 38 1855 596.3199 150.5800 39 1846 545.9399 80.0800
3.2845729082e+000 -2.4084665993e-001 -9.1356486052e+000
194 143 116
2 38 1450 586.0699 -43.0100 39 1414 526.4301 -103.6300
3.2280455680e+000 -4.1827525975e-001 -9.2469654941e+000
196 141 110
2 38 1471 569.1100 -73.7700 39 1413 508.9399 -130.5000
2.0045215892e+000 -6.2275326881e-001 -8.9812781333e+000
189 131 117
2 38 1060 363.8101 -113.0100 39 1121 309.7500 -165.8700
1.9896223168e-001 -7.0716116738e-001 -8.3296499712e+000
163 164 146
2 38 1106 38.9600 -138.3400 39 549 -3.9100 -191.7900
2.9845109652e+000 -8.3434313053e-001 -9.7363289137e+000
194 128 113
2 38 1523 499.1400 -139.5600 39 1129 441.8800 -183.5600
-7.2389850444e+001 2.3103159208e+001 -1.3184797913e+002
67 53 53
2 38 1572 -895.3200 285.4900 39 1516 -911.0200 429.7400
-7.4898423612e+001 2.6269320528e+001 -1.6525611916e+002
158 108 87
2 38 1585 -737.9000 259.0300 39 1527 -752.9400 399.2600
-9.4185629786e+001 2.6592496622e+001 -1.7041159298e+002
108 62 46
2 38 1584 -901.9400 254.2100 39 1522 -916.3800 400.6000
-9.0912063400e+001 2.1509488896e+001 -1.5857265399e+002
145 112 97
2 38 1806 -935.8000 220.9400 39 1531 -950.1000 366.8500
-9.0901678268e+001 2.2001276127e+001 -1.6202626124e+002
134 102 90
2 38 1601 -914.1700 221.2600 39 1533 -931.2900 366.5000
-1.1941984645e+002 1.7193302081e+001 -2.1876168751e+002
75 44 41
2 38 1661 -889.1600 128.0800 39 1553 -905.9900 272.7400
-9.5390520439e+001 1.1593398032e+001 -1.7634853334e+002
65 44 59
2 38 1673 -882.8000 107.0600 39 1562 -895.8300 249.4200
2.5367998380e+000 9.8008424385e-001 -8.8500891176e+000
144 119 97
2 38 2174 467.5200 180.3600 39 2147 422.4600 110.0100
1.5641601645e+000 8.7359019690e-001 -8.5026377725e+000
21 78 107
2 38 2054 300.3800 167.3100 39 2023 258.3800 96.0000
2.9492060282e+000 8.8819843217e-001 -8.8920213711e+000
73 30 40
2 38 2057 540.6300 162.7200 39 2036 492.8700 91.1700
7.6720404076e-001 -9.8403552013e-002 -8.0326228389e+000
144 21 24
2 38 1878 155.6200 -19.9600 39 1860 110.7800 -89.4100
3.2938566855e+000 -1.5514269585e-001 -9.0637090885e+000
193 138 106
2 38 1702 592.3300 -27.9300 39 1662 533.0200 -90.7100
4.0001721554e+000 -2.9840097147e-001 -9.4649787034e+000
172 81 47
2 38 1712 689.1700 -51.5000 39 1666 625.6899 -109.4300
4.9189402868e+000 -2.1761830009e+000 -9.7716839785e+000
44 32 44
2 38 1944 819.3700 -362.6300 39 1715 734.6400 -402.5500
-9.4127697919e+001 2.5241506827e+001 -1.6900235199e+002
148 94 77
2 38 1597 -907.7000 243.3600 39 1525 -924.5600 389.4600
-9.4127697919e+001 2.5241506827e+001 -1.6900235199e+002
148 94 77
2 38 1598 -907.7000 243.3600 39 1524 -924.5600 389.4600
-9.2969865716e+001 2.5652214314e+001 -1.7231548843e+002
164 74 53
2 38 1807 -878.9600 242.5800 39 1941 -895.9200 387.7900
-9.7171300198e+001 2.4345404835e+001 -1.8004005878e+002
130 104 89
2 38 1808 -879.8500 220.3200 39 1944 -895.5400 365.3500
-8.5883555596e+001 1.6957258235e+001 -1.7201722876e+002
45 27 23
2 38 1836 -813.5100 160.6300 39 1765 -828.6000 301.3200
-8.6098742282e+001 1.8188571832e+001 -1.7505594329e+002
115 95 82
2 38 1835 -801.4900 169.3000 39 1763 -816.2200 309.9300
-1.0702133849e+002 2.0172005873e+001 -2.0052512865e+002
70 40 50
2 38 1834 -870.2600 163.8900 39 1762 -885.0600 308.0500
1.5785035963e-001 8.0600179346e-001 -7.8599005699e+000
30 57 36
2 38 2240 32.6700 167.1000 39 2208 -1.4700 90.0000
-8.4928718188e-001 5.6202473781e-001 -7.3267893875e+000
48 99 123
2 38 2061 -188.7300 124.9800 39 2039 -218.2900 43.0200
5.1311374571e-002 -1.3005862032e-001 -7.8372679434e+000
163 164 144
2 38 2089 11.4100 -27.1300 39 1859 -29.8000 -95.8200
-7.9464064874e-001 -6.5178776808e-001 -7.9059009142e+000
90 118 87
2 38 1912 -164.1900 -134.3000 39 1880 -198.1900 -190.6200
-8.2544608345e+001 2.6802259834e+001 -1.7838412979e+002
100 42 31
2 38 2003 -753.2800 244.8400 39 1942 -768.8600 385.9300
-8.2390055846e+001 2.5690430463e+001 -1.7078434831e+002
51 31 30
2 38 2001 -786.1400 245.1100 39 1741 -800.7800 386.9800
-8.5829834989e+001 2.4666374668e+001 -1.7722477540e+002
132 113 110
2 38 2002 -789.0900 226.7900 39 1945 -803.9800 368.5800
-7.8489447136e+001 2.5103994992e+001 -1.8535361744e+002
132 90 82
2 38 2004 -689.9800 220.6900 39 1946 -703.0300 359.1700
-1.0513626326e+002 2.3731258261e+001 -1.9363323895e+002
131 101 87
2 38 2020 -885.2200 199.6800 39 1949 -900.7500 344.9800
-9.7706634130e+001 1.9302380445e+001 -2.0146281746e+002
61 41 32
2 38 2043 -789.8700 156.1300 39 1954 -805.3400 297.2600
-8.3271537385e+001 1.8304617616e+001 -1.7533713944e+002
66 47 30
2 38 2044 -773.8200 170.1100 39 1955 -788.3300 309.7900
-8.7228356685e+001 1.6717333304e+001 -2.0084860811e+002
163 103 69
2 38 2060 -707.2500 135.6300 39 1961 -721.5500 273.4000
-9.7177631038e+001 1.3746465612e+001 -2.1880313585e+002
93 70 78
2 38 2075 -723.7700 102.3700 39 1969 -737.3500 240.7600
-9.7177631038e+001 1.3746465612e+001 -2.1880313585e+002
93 70 78
2 38 2076 -723.7700 102.3700 39 1970 -737.3500 240.7600
1.8916831654e+000 7.2270533979e-001 -8.4691935670e+000
181 143 96
2 38 2181 364.1000 139.0200 39 2156 319.3900 65.6600
1.5418468977e+000 5.7782023527e-001 -8.2372253969e+000
167 161 134
2 38 2185 305.0100 114.3000 39 2161 260.5200 38.7900
-1.4864950167e-001 -6.4889357769e-001 -8.1125175099e+000
39 62 47
2 38 2098 -29.9800 -130.3200 39 2058 -69.8800 -186.5400
-7.8472624781e+001 2.7946250209e+001 -1.5172798915e+002
140 127 118
2 38 2137 -843.0800 300.1100 39 2087 -858.4800 444.6200
-7.3598727737e+001 2.7778151173e+001 -1.6976023555e+002
176 121 84
2 38 2145 -706.3800 266.6300 39 2094 -719.7000 406.2300
-9.0028500707e+001 2.6572584592e+001 -1.8088473921e+002
28 17 30
2 38 2233 -811.6900 239.3500 39 2193 -825.5600 382.5300
-9.8443464920e+001 1.7779667553e+001 -2.0787402750e+002
157 58 65
2 38 2177 -771.1800 139.3800 39 2105 -786.5300 279.7400
-2.3369045596e-001 6.3073610522e-001 -7.6057444892e+000
31 58 40
2 38 2281 -50.2700 135.1500 39 2257 -83.0700 55.5600
3.4821009771e+000 -3.2032923251e-001 -9.3716338373e+000
193 143 108
2 38 2197 605.2800 -55.6600 39 2054 546.0100 -112.6200
-9.3256260161e+001 2.8878285208e+001 -1.6665528958e+002
177 123 64
2 38 2230 -912.2800 282.3300 39 2191 -928.8900 429.7500
-9.3256260161e+001 2.8878285208e+001 -1.6665528958e+002
177 123 64
2 38 2231 -912.2800 282.3300 39 2190 -928.8900 429.7500
-8.9593033303e+001 2.0160643574e+001 -1.5861487372e+002
151 122 103
2 38 2234 -920.9800 207.0800 39 2097 -936.9200 351.9900
1.0489597537e+000 8.2061183804e-001 -8.1503260837e+000
170 159 132
2 38 2277 209.3199 164.1200 39 2252 170.7900 87.9300
-5.7247295149e-001 3.1577263261e-001 -7.3912824076e+000
28 91 126
2 38 2285 -125.9500 69.5900 39 2259 -159.3000 -10.3500
2.7911153441e+000 3.7805487183e-001 -8.6656777773e+000
41 16 27
2 38 2286 525.5200 70.9400 39 2258 471.2400 -0.9400
2.8818765765e-001 -5.4861890344e-001 -8.2267260760e+000
160 141 125
2 38 2290 56.5200 -108.5900 39 2221 14.6900 -166.4800
-7.7455206732e+001 2.4565698432e+001 -1.4629812106e+002
24 13 19
2 38 2274 -863.1700 273.5900 39 2233 -878.5700 417.5200
-8.5475549935e+001 2.1411880492e+001 -1.7706643966e+002
31 21 29
2 38 2276 -787.4100 197.0200 39 2236 -800.4600 337.9500
-4.3302314088e-001 4.3968129305e-001 -7.4710038716e+000
155 148 122
2 38 2303 -93.9800 95.8500 39 2283 -128.0400 15.9200
4.1005542613e+000 -8.0803755719e-001 -1.0150701787e+001
103 86 79
2 38 2259 658.8101 -129.8500 39 2177 595.0500 -173.0200
-8.1018091884e+001 2.7532873226e+001 -1.6167622036e+002
170 118 87
2 38 2318 -817.1400 277.4700 39 2291 -831.3900 420.9500
4.7334616225e+000 5.3040129197e-001 -9.8031520867e+000
174 102 39
2 38 2375 786.4399 88.2500 39 2352 731.1400 26.2300
-1.0806673023e+000 6.9481326799e-001 -7.3719262309e+000
180 154 112
2 38 1353 -238.7600 153.5700 39 1340 -265.6600 73.3800
1.5880940727e+000 1.0231439236e+000 -8.5638533727e+000
26 78 122
2 38 827 302.3101 194.6500 39 902 262.6801 123.5200
1.9812661145e+000 1.0067700396e+000 -8.6650694025e+000
162 94 93
2 38 139 372.9100 189.2600 39 903 330.7900 118.0900
1.9722869383e+000 9.6705646831e-001 -8.6293889623e+000
90 27 35
2 38 860 372.5000 182.5900 39 904 330.4200 110.8000
2.9010953723e+000 9.1752814982e-001 -8.8876027395e+000
79 29 35
2 38 872 531.5000 168.3000 39 921 485.4800 96.5000
3.2459118601e+000 9.1199220154e-001 -8.9968974279e+000
129 43 51
2 38 874 588.7500 164.9800 39 922 538.6300 94.1000
2.1406792957e+000 7.0597319541e-001 -8.4825657504e+000
163 99 101
2 38 239 411.2800 135.6000 39 252 364.9200 61.0600
2.6794243602e+000 6.8243743236e-001 -8.6615107196e+000
117 69 69
2 38 248 504.2300 128.3500 39 298 454.8199 54.6700
2.9923802744e+000 6.5524399881e-001 -8.7737393378e+000
62 24 32
2 38 286 556.0699 121.6200 39 299 504.6400 48.7500
3.6450218711e+000 7.5488971748e-001 -9.0212909293e+000
18 54 96
2 38 263 658.8000 136.2500 39 274 605.5500 64.2100
1.6451206738e+000 5.6899174117e-001 -8.3442259563e+000
175 87 71
2 38 918 321.4399 111.0800 39 294 276.3500 37.5100
3.0395073215e+000 5.5429805680e-001 -8.7034894255e+000
119 75 32
2 38 287 569.0699 103.7700 39 306 516.4100 29.6100
2.8024971929e+000 4.3805454433e-002 -8.7738236805e+000
157 30 37
2 38 345 520.5900 8.1100 39 374 464.8800 -59.2300
2.7024546826e+000 -2.1176062520e-002 -8.7441613113e+000
159 26 40
2 38 344 503.6600 -3.9600 39 403 447.9800 -70.8000
3.6955318897e-001 1.6648267891e+000 -8.9043853792e+000
155 93 75
2 38 1787 68.4600 304.5500 39 1976 39.7100 245.8400
8.2638676395e-001 8.0906072900e-001 -8.1084588043e+000
179 151 126
2 38 1341 166.1100 162.5800 39 1343 127.9800 87.0800
1.9404628122e+000 8.6531726995e-001 -8.5208472879e+000
102 36 45
2 38 1344 371.0500 165.4800 39 1332 327.9200 92.0100
4.0320155749e+000 8.7013532800e-001 -9.2455127003e+000
108 27 27
2 38 1671 710.6700 153.3400 39 1637 658.5200 82.8300
4.8417555259e+000 2.9635723431e-001 -9.4059014528e+000
51 21 20
2 38 327 838.7700 51.3400 39 354 776.2700 -17.0600
2.6846031558e+000 8.5104540296e-002 -8.6993496422e+000
192 74 81
2 38 339 503.1801 15.8700 39 370 447.7900 -52.5400
2.7327441427e+000 -2.5784402913e-001 -8.9300596576e+000
156 24 37
2 38 400 499.0699 -47.1400 39 444 441.5300 -108.2700
3.0866756740e+000 -3.4654778383e-001 -9.2240259132e+000
160 34 45
2 38 994 545.0500 -61.1700 39 454 487.4800 -118.4000
3.8605300516e+000 -3.7798679064e-001 -9.5504728186e+000
188 97 69
2 38 414 658.9500 -64.5600 39 456 596.8600 -119.7300
1.9990973626e+000 -8.8722791735e-001 -9.3479485640e+000
186 125 110
2 38 570 348.3400 -154.6300 39 653 295.0300 -198.9000
7.0967358556e-002 8.3009077943e-001 -7.8918083370e+000
164 156 54
2 38 1645 15.3500 171.3100 39 1829 -19.4400 95.6300
7.0967358556e-002 8.3009077943e-001 -7.8918083370e+000
164 156 54
2 38 1644 15.3500 171.3100 39 1830 -19.4400 95.6300
2.1925964873e+000 1.0273639777e+000 -8.7470611435e+000
80 39 48
2 38 1632 408.7300 191.3300 39 1333 366.0200 120.5200
2.6169345951e+000 1.0842783677e+000 -8.9672119797e+000
31 14 22
2 38 1634 475.8101 196.9700 39 1604 432.2300 128.0100
2.6169345951e+000 1.0842783677e+000 -8.9672119797e+000
31 14 22
2 38 1635 475.8101 196.9700 39 1605 432.2300 128.0100
2.5879590277e+000 2.9862944999e-002 -8.7485092961e+000
190 139 111
2 38 1395 482.2700 5.5100 39 1368 427.6200 -60.9000
1.9345354651e+000 -1.4078000944e-001 -8.5048672918e+000
95 46 39
2 38 1419 370.8400 -27.0100 39 1026 318.2100 -93.0700
-9.5524570163e+001 2.2323564681e+001 -1.7196474391e+002
100 75 64
2 38 1306 -904.2300 211.5700 39 1248 -922.9400 356.7100
-1.1224157939e+000 7.2478001454e-001 -7.3845267475e+000
164 37 38
2 38 1643 -247.7000 159.9300 39 1629 -273.8500 80.1200
-9.3341585109e-001 7.3818612793e-001 -7.4731487333e+000
179 33 47
2 38 1840 -203.2100 160.9300 39 1841 -231.3400 82.0800
8.0939118351e-001 6.5113986707e-001 -7.9737103497e+000
166 83 72
2 38 1666 165.1400 133.1000 39 1641 125.9500 55.4600
2.1482983305e+000 6.4159376333e-001 -8.4746255602e+000
111 52 58
2 38 1865 413.0699 123.3600 39 1850 366.1300 49.0000
1.3038145982e+000 -3.1041113694e-002 -8.2387596090e+000
104 53 42
2 38 1408 257.6899 -6.1100 39 1376 210.3000 -75.1100
1.3038145982e+000 -3.1041113694e-002 -8.2387596090e+000
104 53 42
2 38 1407 257.6899 -6.1100 39 1377 210.3000 -75.1100
8.1573845806e-001 -2.1784257236e-001 -8.2395364851e+000
140 31 48
2 38 1707 161.2500 -43.0700 39 1403 116.2600 -107.1900
-8.9668157263e+001 1.9210758625e+001 -1.7743957560e+002
62 45 37
2 38 1637 -823.2700 176.4200 39 1538 -838.8500 318.1100
-1.0652113369e+002 1.8125878743e+001 -1.9500934601e+002
103 28 41
2 38 1350 -891.4900 151.3900 39 1550 -904.9300 295.8400
-4.7475436016e-001 1.3775720384e+000 -8.3616441322e+000
171 150 121
2 38 1992 -92.3100 268.4300 39 1984 -118.4700 204.3300
5.7003107801e-001 9.7511193085e-001 -8.2098577098e+000
171 35 36
2 38 2030 114.4399 193.3600 39 2020 77.0900 121.3000
1.6658308169e+000 1.0487086886e+000 -8.5882645661e+000
9 72 119
2 38 2037 315.7700 199.0200 39 2016 276.8600 127.6400
3.2164183259e+000 6.9145973424e-001 -8.8684102803e+000
83 53 65
2 38 1857 591.1801 127.0000 39 1853 539.4900 54.5300
4.6116198590e+000 8.3573400919e-001 -9.4844321729e+000
161 73 66
2 38 2069 792.0200 143.6500 39 2038 738.3000 74.6200
-7.3347060905e-001 -5.7880797676e-001 -7.7990821295e+000
31 63 36
2 38 1892 -153.7800 -120.8800 39 1881 -187.9500 -180.6900
-8.5883555596e+001 1.6957258235e+001 -1.7201722876e+002
45 27 23
2 38 1837 -813.5100 160.6300 39 1764 -828.6000 301.3200
-3.9305363228e-001 1.3141809371e+000 -8.3507407698e+000
163 150 117
2 38 2147 -76.1800 256.3800 39 2122 -103.7600 191.8400
9.6451728579e-001 1.1508599737e+000 -8.5037157620e+000
168 149 125
2 38 2165 184.7700 220.5300 39 2140 150.0601 151.2700
1.1691361323e+000 -5.6897828332e-002 -8.2428552777e+000
23 69 105
2 38 2090 230.8199 -11.2000 39 1861 184.6000 -79.0700
2.8103168831e+000 -6.4718316916e-001 -9.4785733591e+000
172 29 47
2 38 1905 482.3800 -111.1000 39 1674 427.0400 -160.1000
2.8103168831e+000 -6.4718316916e-001 -9.4785733591e+000
172 29 47
2 38 1906 482.3800 -111.1000 39 1675 427.0400 -160.1000
-1.0579509779e+002 1.3900480047e+001 -2.2510267920e+002
85 81 95
2 38 2073 -765.8700 100.6200 39 1967 -780.0500 240.6600
-1.3437918269e+002 1.0300852060e+001 -2.3717493182e+002
109 86 72
2 38 2079 -922.4400 70.8100 39 1981 -940.2400 216.1300
-1.2349854193e+002 9.9065053071e+000 -2.2560940715e+002
100 73 65
2 38 2080 -891.5100 71.5700 39 1982 -908.2300 215.5100
4.6343059243e+000 -3.1802190018e+000 -1.0314367510e+001
160 141 145
2 38 2125 731.6700 -502.2800 39 2079 645.0000 -521.9200
-2.6245219585e-001 8.7483175232e-001 -7.7998027397e+000
165 152 118
2 38 2238 -54.5400 182.7300 39 2206 -86.1300 106.6200
2.5007579152e+000 -2.1603792441e-001 -8.8644165710e+000
196 139 112
2 38 2094 459.5800 -39.6900 39 2052 404.8600 -101.3700
3.6788231159e+000 -6.2877687588e-001 -9.7373260804e+000
160 121 95
2 38 2102 615.4900 -105.1900 39 1877 554.6100 -154.4500
-1.0228084528e+002 1.5939025725e+001 -2.1747823006e+002
36 19 33
2 38 2072 -766.0200 119.4300 39 2106 -780.9500 259.5600
-1.2423133220e+002 1.2052833710e+001 -2.2212097601e+002
174 152 135
2 38 2187 -911.3000 88.4200 39 2114 -927.5900 233.2400
-1.1402680999e+002 1.1282445245e+001 -2.1154844026e+002
139 119 103
2 38 2188 -878.5800 86.8900 39 2115 -893.7200 230.2000
1.6848207298e+000 7.1593149766e-001 -8.3351675786e+000
17 81 123
2 38 2283 330.1000 139.8300 39 2254 284.8500 65.0000
1.1934683172e+000 -5.0650493821e-001 -8.6715893009e+000
201 122 116
2 38 2199 223.1801 -95.0000 39 2170 177.2100 -150.4100
-4.6862065081e-001 -5.7075445777e-001 -7.9849556252e+000
69 105 132
2 38 2254 -95.5400 -116.4800 39 2175 -132.9300 -174.0800
-9.9114155961e+001 1.6823468011e+001 -1.9787814775e+002
150 46 52
2 38 2242 -815.6900 138.5500 39 2200 -831.6800 280.0600
-7.7455206732e+001 2.4565698432e+001 -1.4629812106e+002
24 13 19
2 38 2275 -863.1700 273.5900 39 2234 -878.5700 417.5200
-9.7359017864e+001 1.1432543380e+001 -1.8989404890e+002
21 14 21
2 38 2327 -835.4400 98.1000 39 2293 -850.5600 239.2100
-1.3759387815e+002 3.3852702040e+001 -2.4641667465e+002
131 105 90
2 38 2321 -909.9200 223.8500 39 2310 -927.0300 372.5300
-8.7538230875e+001 2.2775730662e+001 -1.7149461552e+002
27 21 28
2 38 2345 -832.1000 216.3900 39 2311 -846.9300 359.1300
1.4260470045e+000 1.4260740434e+000 -8.9670978378e+000
141 141 131
2 38 792 259.5601 259.0700 39 1292 225.1200 195.8600
2.0092145638e+000 9.2251170423e-001 -8.5960855975e+000
165 97 83
2 38 861 381.2900 174.7900 39 909 337.7000 102.4300
2.9992881887e+000 1.0761659663e+000 -9.0452011364e+000
76 52 58
2 38 844 540.4301 193.8400 39 887 495.2700 124.2000
2.0623408372e+000 8.8282078627e-001 -8.5922427202e+000
88 26 31
2 38 184 391.0500 167.4300 39 209 347.7200 94.6800
2.0164019478e+000 8.3381497274e-001 -8.5280678117e+000
93 29 25
2 38 186 385.2500 159.3200 39 938 341.3600 85.7300
2.0178070241e+000 7.0711991359e-001 -8.4482162907e+000
168 99 92
2 38 900 389.4301 136.3400 39 942 343.3800 61.8600
2.1023349044e+000 8.7157230673e-001 -8.6062612844e+000
169 105 95
2 38 185 398.0800 165.0100 39 213 354.2700 92.4300
2.9596577468e+000 4.5165210694e-001 -8.7045426364e+000
156 104 68
2 38 309 554.7100 84.4000 39 327 500.2500 11.8000
4.8339824735e+000 1.7471122646e-001 -9.4903487694e+000
58 18 9
2 38 324 830.2200 29.9300 39 352 766.6300 -35.8100
1.8145926830e+000 1.0378261957e+000 -8.6043497515e+000
183 140 75
2 38 829 342.8300 196.6800 39 881 304.0400 124.5700
2.6878159383e+000 1.0507600510e+000 -8.9402816894e+000
36 16 16
2 38 842 490.1300 191.4600 39 913 445.7300 121.6600
-8.4281535919e-001 6.3331988004e-001 -7.3946016187e+000
158 157 138
2 38 890 -185.4000 139.5300 39 959 -214.8900 58.7800
3.8852548740e+000 -1.1566296919e-001 -9.2490607106e+000
194 139 93
2 38 376 684.7800 -20.4500 39 429 622.6801 -83.2900
-2.3979930835e+000 -2.5137332911e-001 -7.6879472697e+000
186 165 148
2 38 1439 -507.7600 -53.2900 39 1047 -528.0900 -107.9900
3.0129867499e+000 -4.4837134408e-001 -9.2805914122e+000
195 78 85
2 38 455 529.1300 -78.7500 39 498 470.8900 -133.5200
-2.0626334700e+000 8.2230919015e-001 -7.6334542554e+000
197 177 149
2 38 1332 -439.6900 175.5100 39 1322 -460.0700 108.1100
-1.1836010620e+000 8.5613714613e-001 -7.4899074191e+000
169 31 43
2 38 1334 -257.7200 186.2700 39 1609 -282.3400 108.6900
2.9396312713e+000 9.8927235147e-001 -8.9720157360e+000
88 50 50
2 38 1652 534.2900 179.5800 39 1619 487.6300 109.3400
4.4899621887e+000 7.4221890014e-001 -9.3126732327e+000
181 143 116
2 38 1365 785.2900 129.9500 39 1644 730.1000 58.6700
2.6092254608e+000 5.1630263990e-001 -8.6406831877e+000
116 59 30
2 38 1373 492.8400 97.2000 39 1357 440.8700 24.9200
-7.7431818074e+001 2.5921250118e+001 -1.8144751125e+002
93 58 50
2 38 802 -694.3800 232.7900 39 1249 -709.3900 371.5900
3.2542507409e+000 -3.6869157545e-001 -9.2297374434e+000
193 139 111
2 38 1449 574.7800 -65.1500 39 1061 514.7900 -122.7700
3.2983414089e+000 -5.5750737631e-001 -9.4019680586e+000
203 136 109
2 38 1021 572.1100 -96.7300 39 1093 510.8900 -149.8200
1.8199968762e+000 1.2169985873e+000 -8.8498125248e+000
68 42 57
2 38 1821 335.1400 224.0700 39 2003 297.2500 156.7200
1.6456523515e+000 1.1201870506e+000 -8.7052017732e+000
19 76 128
2 38 1631 308.0800 209.6700 39 1827 269.7400 140.7500
3.2008875055e+000 -4.4299644276e-002 -9.0010060095e+000
197 140 111
2 38 1701 579.5900 -8.0500 39 1660 521.6700 -72.4400
-8.1331942666e+001 2.0819842405e+001 -1.7262353108e+002
53 39 47
2 38 1622 -768.3600 196.5100 39 1540 -781.4400 336.5000
4.8217021940e+000 -2.7000740696e+000 -9.8081519927e+000
151 132 130
2 38 1761 800.3900 -448.3800 39 1496 711.1000 -480.7000
1.4107396243e+000 1.2408596776e+000 -8.8544659517e+000
13 76 112
2 38 2019 260.7400 228.1700 39 2002 223.1100 163.7200
1.6342828308e+000 1.3996112869e+000 -9.0354483409e+000
186 136 92
2 38 2000 295.0601 252.3500 39 1993 259.7900 189.3500
-6.5204830045e-001 6.8374373093e-001 -7.4987767971e+000
82 108 101
2 38 2062 -141.6400 148.5700 39 2027 -171.6300 68.7700
5.0139497638e+000 -1.9199402174e+000 -9.5355299136e+000
57 46 54
2 38 1942 856.4100 -327.9700 39 1919 769.6700 -374.4000
4.4431423898e+000 -3.4303142348e+000 -1.0986517706e+001
56 45 54
2 38 1956 658.1801 -508.5500 39 1733 578.6000 -518.3500
-1.2178708840e+000 1.4936244860e+000 -8.2290813130e+000
115 126 124
2 38 2143 -241.6700 295.7900 39 2120 -262.2100 233.0600
-9.2747386103e-002 -4.4603722627e-001 -7.9453731915e+000
30 59 44
2 38 2096 -19.1400 -91.4600 39 2057 -58.9100 -153.7200
-8.2846559174e+001 1.8626587533e+001 -1.7919838227e+002
80 62 48
2 38 2045 -753.8600 169.3600 39 1956 -766.9000 308.5200
5.0244272810e+000 -2.0304670465e+000 -9.5744108885e+000
132 116 117
2 38 2124 854.6200 -345.4200 39 1924 767.2400 -390.0800
3.6222115153e+000 -4.4716854782e-001 -9.5105960661e+000
163 56 36
2 38 2252 620.7900 -76.6600 39 2219 559.6300 -130.7200
-1.2930703890e-001 1.7560730882e+000 -8.9235559236e+000
56 53 7
2 38 10 -23.0500 320.6000 39 801 -48.5400 265.0300
-1.2930703890e-001 1.7560730882e+000 -8.9235559236e+000
56 53 7
2 38 11 -23.0500 320.6000 39 802 -48.5400 265.0300
1.5720692071e+000 1.6659251715e+000 -9.3295002154e+000
100 13 21
2 38 27 274.9000 290.9100 39 818 242.9900 233.2400
2.0538568008e+000 1.6802898706e+000 -9.5074464034e+000
104 28 29
2 38 29 351.7100 288.0300 39 821 319.6400 230.6600
2.1711091427e+000 1.7501508209e+000 -9.6254573887e+000
79 115 131
2 38 32 367.2800 296.3200 39 823 335.5900 240.3100
2.2793296198e+000 1.6848456092e+000 -9.5791986068e+000
85 19 32
2 38 33 387.9800 286.5500 39 824 354.1000 229.4400
3.2980054081e+000 1.8428086620e+000 -1.0168898989e+001
95 46 22
2 38 37 528.0699 295.3700 39 1279 494.7700 242.4700
-1.1569679954e+000 1.3135126657e+000 -8.1206180780e+000
159 150 124
2 38 49 -231.9600 263.5500 39 80 -255.1000 198.7800
-1.1569679954e+000 1.3135126657e+000 -8.1206180780e+000
159 150 124
2 38 50 -231.9600 263.5500 39 81 -255.1000 198.7800
1.0397450884e+000 1.4150045141e+000 -8.8289685759e+000
194 143 110
2 38 57 192.0900 261.1200 39 91 159.5300 197.3600
1.0804822925e+000 1.3796499616e+000 -8.8030052417e+000
158 31 38
2 38 61 200.6400 255.2800 39 835 166.6300 191.0100
2.3802711679e+000 1.4520881141e+000 -9.3217452367e+000
105 79 73
2 38 65 416.9100 253.6700 39 94 378.4600 192.0100
2.7940624913e+000 1.6837881448e+000 -9.7655262454e+000
151 110 90
2 38 68 466.2200 280.9500 39 827 431.2900 224.2600
-1.2416214894e+000 1.1858754398e+000 -7.9258080406e+000
174 31 39
2 38 80 -254.8000 243.7700 39 848 -278.7000 175.6500
-1.2416214894e+000 1.1858754398e+000 -7.9258080406e+000
174 31 39
2 38 81 -254.8000 243.7700 39 849 -278.7000 175.6500
-1.1781700087e+000 1.1693419399e+000 -7.8786411929e+000
157 40 31
2 38 82 -243.7900 241.8500 39 108 -266.9800 172.1500
1.1444167616e+000 1.2060083197e+000 -8.6168856618e+000
206 148 115
2 38 96 216.5100 228.0400 39 115 181.2900 159.9300
-1.2538761122e+000 1.0326310479e+000 -7.7374679119e+000
187 145 102
2 38 114 -263.8500 217.4500 39 142 -287.9300 145.6200
6.3715206151e-001 9.4745886043e-001 -8.1825757287e+000
165 156 129
2 38 128 126.5400 188.7200 39 899 91.7900 115.2300
9.0493243487e-001 1.0441245985e+000 -8.3757942283e+000
172 150 117
2 38 131 176.3000 203.0900 39 879 140.0699 131.9800
1.1339024508e+000 1.1396807838e+000 -8.5502846409e+000
188 151 114
2 38 133 215.9700 217.2100 39 155 180.5000 147.9400
1.1339024508e+000 1.1396807838e+000 -8.5502846409e+000
188 151 114
2 38 134 215.9700 217.2100 39 154 180.5000 147.9400
1.8922545037e+000 1.0832110142e+000 -8.7056712922e+000
140 83 66
2 38 138 353.9800 202.7800 39 160 314.3500 132.4300
-9.8077535857e-001 7.3056515607e-001 -7.4552980790e+000
194 142 109
2 38 165 -214.5700 159.6900 39 230 -241.3400 80.6700
-9.8077535857e-001 7.3056515607e-001 -7.4552980790e+000
194 142 109
2 38 166 -214.5700 159.6900 39 231 -241.3400 80.6700
1.6609464008e+000 8.9469650503e-001 -8.4668143905e+000
154 166 131
2 38 177 319.7400 172.1700 39 195 278.2000 99.1100
1.6215611270e+000 8.4768476423e-001 -8.4117360972e+000
179 173 141
2 38 179 314.1500 164.2000 39 241 272.3000 90.4000
1.6215611270e+000 8.4768476423e-001 -8.4117360972e+000
179 173 141
2 38 180 314.1500 164.2000 39 240 272.3000 90.4000
1.9154093986e+000 9.3825404406e-001 -8.6021613355e+000
92 32 35
2 38 181 363.1400 177.6700 39 202 320.5500 105.8900
1.9154093986e+000 9.3825404406e-001 -8.6021613355e+000
92 32 35
2 38 182 363.1400 177.6700 39 203 320.5500 105.8900
2.4915053966e+000 8.7893100544e-001 -8.7677389216e+000
68 29 34
2 38 190 463.5699 163.2400 39 915 417.2100 91.9900
2.5112168653e+000 8.8632981569e-001 -8.7162892877e+000
137 108 97
2 38 191 469.6700 165.6500 39 218 423.6000 92.9700
2.7722016993e+000 1.0237509392e+000 -8.9395193044e+000
36 11 13
2 38 193 505.3700 186.5900 39 917 460.5699 116.3200
2.7722016993e+000 1.0237509392e+000 -8.9395193044e+000
36 11 13
2 38 194 505.3700 186.5900 39 918 460.5699 116.3200
3.0139106115e+000 1.0334992134e+000 -9.0902109669e+000
152 114 111
2 38 196 541.3800 185.0200 39 919 493.9399 116.9300
3.0731824280e+000 8.5245511643e-001 -8.9244785763e+000
124 86 94
2 38 200 560.7500 155.7200 39 265 513.1600 84.0500
3.0731824280e+000 8.5245511643e-001 -8.9244785763e+000
124 86 94
2 38 201 560.7500 155.7200 39 266 513.1600 84.0500
3.3436830932e+000 8.8874736140e-001 -9.0343188477e+000
26 18 40
2 38 202 603.4600 160.2100 39 273 553.7200 89.4200
-8.1713537406e-001 6.4751267909e-001 -7.3849226451e+000
66 86 63
2 38 218 -180.2900 142.8700 39 235 -209.2900 61.5000
9.4903211264e-001 6.6836620407e-001 -8.0470740253e+000
169 166 128
2 38 226 192.3500 135.3100 39 292 151.6899 58.5500
2.0426774433e+000 7.3617014058e-001 -8.4821108316e+000
96 31 36
2 38 234 392.7900 141.3500 39 247 346.7500 67.3500
2.1190193120e+000 8.0161939434e-001 -8.5344904935e+000
167 98 103
2 38 235 404.4100 153.0800 39 248 359.8600 79.1300
2.1190193120e+000 8.0161939434e-001 -8.5344904935e+000
167 98 103
2 38 236 404.4100 153.0800 39 249 359.8600 79.1300
2.0920521801e+000 7.7162455027e-001 -8.5058641214e+000
93 33 37
2 38 237 400.7600 147.8200 39 250 355.6400 73.6500
2.1406792957e+000 7.0597319541e-001 -8.4825657504e+000
163 99 101
2 38 238 411.2800 135.6000 39 251 364.9200 61.0600
2.5234207605e+000 6.5596269120e-001 -8.5858490966e+000
123 74 72
2 38 246 479.3500 124.4000 39 297 429.7000 50.3100
2.6245556036e+000 8.2928516961e-001 -8.6929520214e+000
144 108 104
2 38 247 491.6400 155.5100 39 947 445.2200 81.7100
4.5067889222e+000 7.9970588939e-001 -9.3938653451e+000
157 28 63
2 38 267 781.9600 138.6600 39 277 726.8300 68.9100
4.5067889222e+000 7.9970588939e-001 -9.3938653451e+000
157 28 63
2 38 268 781.9600 138.6600 39 276 726.8300 68.9100
3.3950671768e+000 6.1628617803e-001 -8.8771194818e+000
27 30 65
2 38 288 623.4600 113.0600 39 307 569.6899 40.2300
-2.9879349365e+000 1.7101536669e-001 -7.4852709579e+000
181 27 39
2 38 315 -649.5900 37.2300 39 336 -664.7700 -22.1300
4.8417555259e+000 2.9635723431e-001 -9.4059014528e+000
51 21 20
2 38 326 838.7700 51.3400 39 353 776.2700 -17.0600
2.7221208848e+000 6.1683309834e-002 -8.7183410415e+000
163 31 41
2 38 340 508.6600 11.5500 39 371 453.7800 -56.7100
2.7308679205e+000 2.8278492045e-002 -8.7905384194e+000
161 30 39
2 38 343 506.2600 5.2300 39 373 451.2000 -61.2500
3.0025650704e+000 -2.8169203749e-001 -9.0821087485e+000
166 28 44
2 38 404 539.4301 -50.7000 39 451 480.1100 -110.1300
2.9757989904e+000 -3.1865618746e-001 -9.0986340244e+000
149 23 37
2 38 405 532.9399 -57.0700 39 452 475.0601 -116.0900
4.0805054139e+000 -4.3755809544e-001 -9.7158919252e+000
179 145 107
2 38 465 684.4900 -73.4200 39 459 621.8400 -126.5500
1.8617773431e+000 -6.4825298450e-001 -8.9325791301e+000
191 130 111
2 38 502 339.2300 -118.1800 39 562 286.8600 -171.0800
2.3502685667e+000 -6.4473459310e-001 -9.1047953739e+000
139 83 74
2 38 506 420.7900 -115.4200 39 572 364.5500 -167.8200
1.5841706196e+000 -9.2661733977e-001 -9.2070301124e+000
141 80 72
2 38 566 280.4700 -164.0100 39 638 228.7800 -207.8100
-4.7890386548e-002 1.6163010701e+000 -8.7462768188e+000
38 52 37
2 38 755 -8.5600 301.0800 39 1273 -35.1000 241.7200
2.9034480882e+000 1.7863132526e+000 -9.9432016032e+000
118 55 22
2 38 766 476.2800 292.6400 39 1276 441.4900 238.4900
2.7875547294e+000 1.7235210227e+000 -9.7655795880e+000
86 28 19
2 38 767 466.0500 287.4000 39 1277 429.6400 231.0500
3.6116952281e+000 1.8681806662e+000 -1.0287186633e+001
43 8 2
2 38 769 572.3700 295.8500 39 1280 537.1200 243.5500
-8.5716965033e+001 2.9707352925e+001 -1.8146690349e+002
137 89 70
2 38 772 -769.3200 266.7600 39 1242 -784.5100 409.2700
-8.5716965033e+001 2.9707352925e+001 -1.8146690349e+002
137 89 70
2 38 773 -769.3200 266.7600 39 1243 -784.5100 409.2700
-1.1427367656e-002 1.3201653314e+000 -8.4082593653e+000
29 56 43
2 38 783 -2.6900 255.8900 39 1289 -30.1600 189.8800
1.4260470045e+000 1.4260740434e+000 -8.9670978378e+000
141 141 131
2 38 791 259.5601 259.0700 39 1291 225.1200 195.8600
2.3749742327e+000 1.4959339043e+000 -9.3411408524e+000
163 132 119
2 38 796 414.5400 260.9000 39 840 377.7500 199.2500
-1.1847309847e+000 1.1438349892e+000 -7.9544859252e+000
179 42 51
2 38 806 -242.1100 234.2700 39 850 -266.7400 166.6800
1.1941623453e+000 1.3106361646e+000 -8.8009204534e+000
158 31 44
2 38 810 221.5400 242.5900 39 852 186.8000 177.7900
1.4938147538e+000 1.2733440093e+000 -8.8047319877e+000
141 149 138
2 38 812 276.7700 235.6000 39 1300 240.4000 169.1500
2.1301514711e+000 1.3715772202e+000 -9.1142784336e+000
120 98 100
2 38 813 381.0500 245.1700 39 857 343.5500 180.8700
2.1301514711e+000 1.3715772202e+000 -9.1142784336e+000
120 98 100
2 38 814 381.0500 245.1700 39 856 343.5500 180.8700
2.0695450188e+000 1.2719960295e+000 -9.0012660969e+000
92 68 83
2 38 817 374.6500 230.2600 39 859 336.5601 164.3200
-1.0943474442e+000 9.7086607257e-001 -7.7636736948e+000
172 38 33
2 38 821 -229.3200 203.7400 39 874 -255.0000 131.8500
-2.1893735407e-001 9.7756531472e-001 -7.9766189553e+000
18 49 27
2 38 824 -43.9200 199.6100 39 876 -75.8100 127.0300
2.0425754145e+000 1.0099488981e+000 -8.6793765594e+000
168 99 94
2 38 832 383.5000 189.6000 39 905 341.7200 118.2200
2.6488821613e+000 1.1319609478e+000 -8.9955467349e+000
145 124 116
2 38 841 479.6801 205.0700 39 884 437.3600 136.0900
-1.1141914938e+000 7.7011094850e-001 -7.4431401626e+000
184 149 118
2 38 853 -243.3200 168.5500 39 929 -270.5500 90.0000
-1.0455311011e-001 8.9412148633e-001 -7.9357740561e+000
30 46 30
2 38 857 -21.0200 183.5400 39 1328 -53.5600 109.6300
2.0766749247e+000 9.1980192484e-001 -8.6079366449e+000
153 85 82
2 38 864 392.9700 174.1400 39 207 350.1300 101.4000
2.0766749247e+000 9.1980192484e-001 -8.6079366449e+000
153 85 82
2 38 865 392.9700 174.1400 39 208 350.1300 101.4000
3.2869635845e+000 9.4895033634e-001 -9.0357944044e+000
156 119 78
2 38 875 592.5500 171.1700 39 923 544.9700 100.1200
-2.0947661916e+000 5.7936701434e-001 -7.5363424591e+000
191 170 143
2 38 881 -452.4300 125.2500 39 957 -472.9200 57.4300
2.0364887548e+000 7.6471696515e-001 -8.5007667549e+000
93 29 30
2 38 898 390.5900 146.5400 39 940 345.2700 72.7500
2.2497355911e+000 6.7120081331e-001 -8.5192027919e+000
141 85 89
2 38 902 430.4000 128.3600 39 970 383.1100 54.2100
4.2393191760e+000 1.2360335366e-002 -9.3255605761e+000
212 134 59
2 38 948 740.8101 2.1400 39 378 678.5699 -62.3500
4.2393191760e+000 1.2360335366e-002 -9.3255605761e+000
212 134 59
2 38 949 740.8101 2.1400 39 379 678.5699 -62.3500
2.2651981856e+000 -7.3143983326e-002 -8.6520541057e+000
192 141 114
2 38 965 426.5800 -13.7700 39 1030 373.3700 -79.4900
2.7548884548e+000 -2.7805549174e-002 -8.8025226195e+000
187 75 74
2 38 972 510.2100 -5.2000 39 409 454.1200 -71.0200
4.6393540239e+000 -4.1373535058e-001 -1.0001401512e+001
150 119 109
2 38 998 756.2100 -67.5000 39 463 691.8000 -118.9100
-6.3768817241e-001 -3.8557801313e-001 -7.7415369813e+000
22 50 39
2 38 1003 -134.4000 -81.1400 39 471 -169.3200 -144.9600
2.5538903870e+000 -5.1110748933e-001 -9.0808251586e+000
192 78 78
2 38 1012 458.4000 -91.7400 39 489 401.6400 -146.9500
-1.6472510320e-001 -5.4089083980e-001 -8.0633046143e+000
29 60 43
2 38 1039 -33.5000 -109.2800 39 1106 -72.6000 -167.6100
3.6857873626e-001 -6.2133015326e-001 -8.2478968182e+000
163 161 150
2 38 1045 72.8199 -122.7500 39 1111 28.7400 -179.7600
1.8166665882e+000 -6.8324041391e-001 -9.0089663574e+000
140 82 71
2 38 1057 328.4301 -123.5500 39 564 276.1300 -174.4100
3.9296526580e+000 -7.2687103328e-001 -9.9243566233e+000
171 148 127
2 38 1079 645.6801 -119.4600 39 593 582.2900 -165.9100
4.1627482630e+000 -7.0910942377e-001 -1.0038477774e+001
137 120 109
2 38 1081 676.2500 -115.2400 39 512 612.1400 -161.2200
4.5108851088e+000 -6.6745515201e-001 -1.0186743750e+001
163 143 134
2 38 1082 722.0000 -106.8800 39 516 657.2700 -152.7400
-7.4503429617e-001 -8.2385850388e-001 -8.2047926506e+000
74 116 116
2 38 1098 -147.4900 -163.6600 39 1142 -183.9600 -212.3100
1.4673082434e+000 -9.1496370580e-001 -9.1196053028e+000
140 80 70
2 38 1120 262.2800 -163.5000 39 632 211.1000 -208.1900
3.0435342548e+000 -8.1514579843e-001 -9.6911990978e+000
124 63 57
2 38 1139 511.8400 -137.0800 39 584 453.0800 -182.0300
3.0435342548e+000 -8.1514579843e-001 -9.6911990978e+000
124 63 57
2 38 1140 511.8400 -137.0800 39 585 453.0800 -182.0300
3.1749726176e+000 -7.9059596092e-001 -9.7006759807e+000
151 95 79
2 38 1144 533.5400 -132.8500 39 583 473.8500 -178.4900
4.9908464949e+000 -2.0500502136e+000 -9.5793134396e+000
140 124 124
2 38 1218 848.5900 -348.6100 39 1208 761.1300 -392.7100
5.0436255431e+000 -2.6818797509e+000 -9.4516877083e+000
133 115 115
2 38 1229 868.7900 -462.1300 39 765 772.8600 -500.2600
-6.9462895364e-001 1.5889373630e+000 -8.5288386053e+000
38 53 34
2 38 1258 -133.4000 303.6300 39 1568 -155.3500 243.6600
-6.0410284387e-001 1.3407209948e+000 -8.2949892093e+000
34 54 42
2 38 1271 -118.6900 263.3700 39 1286 -144.0100 198.7300
2.8162051737e+000 1.6899383249e+000 -9.7146591737e+000
157 118 77
2 38 1281 473.3101 283.2700 39 1278 436.2600 225.9200
-1.0296702689e+002 2.5192357767e+001 -1.8680844026e+002
116 94 83
2 38 1282 -899.2500 219.6900 39 1247 -913.9100 365.7800
-7.3278397892e+001 2.6368565355e+001 -1.8017714950e+002
104 60 46
2 38 1284 -661.9300 238.4700 39 1535 -675.9200 376.2100
-2.2182167453e+000 1.1483034208e+000 -7.9841055654e+000
188 169 139
2 38 1286 -452.6100 234.3500 39 1295 -470.4500 174.3800
-2.2476065168e+000 1.0697025664e+000 -7.9116652001e+000
188 166 142
2 38 1287 -462.5600 220.3000 39 1294 -480.8800 159.2900
-1.3203918717e+000 1.1204108491e+000 -7.7868094266e+000
168 44 51
2 38 1293 -276.3900 234.4600 39 1298 -299.0600 163.7700
-1.3203918717e+000 1.1204108491e+000 -7.7868094266e+000
168 44 51
2 38 1294 -276.3900 234.4600 39 1297 -299.0600 163.7700
-1.2922607480e+000 1.0580024787e+000 -7.7316482757e+000
176 38 46
2 38 1295 -272.4300 222.9800 39 1306 -295.5700 151.0800
1.2995203125e+000 1.1849865625e+000 -8.6486683538e+000
182 87 75
2 38 1299 245.0699 223.2200 39 1315 208.6500 154.9800
2.6062254156e+000 1.2686192838e+000 -9.2734279260e+000
138 114 104
2 38 1303 458.0000 222.9000 39 861 418.1500 159.3300
-2.1276725020e+000 1.0375968626e+000 -7.7530435729e+000
195 175 148
2 38 1314 -446.8600 218.0600 39 1305 -465.7500 152.6700
-2.5211185928e-001 1.0583850027e+000 -8.0460712498e+000
31 54 58
2 38 1322 -51.0700 214.3400 39 1312 -80.4500 142.9800
1.3240176594e+000 1.1147131577e+000 -8.5566353546e+000
169 71 62
2 38 1323 252.3600 212.2400 39 1317 214.8900 142.1600
2.0309581112e+000 1.1490057771e+000 -8.8644264705e+000
87 60 79
2 38 1324 373.7100 211.1400 39 1319 333.4100 143.2700
-1.1836010620e+000 8.5613714613e-001 -7.4899074191e+000
169 31 43
2 38 1333 -257.7200 186.2700 39 1608 -282.3400 108.6900
-1.1567375703e+000 7.9540553760e-001 -7.4468235622e+000
174 40 49
2 38 1335 -253.2000 174.0500 39 1610 -278.5900 95.6000
-1.0285711883e+000 8.3546727602e-001 -7.5597465359e+000
169 42 34
2 38 1337 -221.1800 180.0400 39 1325 -248.4600 103.4500
-1.7707100795e-001 8.9391459854e-001 -7.9042050046e+000
28 53 28
2 38 1338 -36.4100 184.2700 39 1327 -67.8200 109.9900
9.2838357072e-001 9.4622192258e-001 -8.2649774414e+000
170 153 128
2 38 1339 183.4301 186.4900 39 1614 145.5800 113.2800
8.2638676395e-001 8.0906072900e-001 -8.1084588043e+000
179 151 126
2 38 1340 166.1100 162.5800 39 1342 127.9800 87.0800
9.9018014522e-001 9.3446986674e-001 -8.2607106193e+000
181 46 41
2 38 1343 195.1600 184.3500 39 1331 157.9200 110.5200
-1.1022114731e+000 6.5717408862e-001 -7.3195158807e+000
171 35 47
2 38 1352 -245.5400 146.3100 39 1630 -271.9400 65.1200
8.4891439258e-001 7.3111084622e-001 -8.0568985644e+000
170 153 133
2 38 1358 171.6300 147.8700 39 1344 132.7200 71.4800
2.8788094137e+000 7.9518175653e-001 -8.7394584224e+000
77 35 45
2 38 1362 537.3101 148.1400 39 1636 487.3600 74.4400
2.8405927206e+000 7.5032806453e-001 -8.7390142164e+000
79 38 44
2 38 1363 529.7600 139.8800 39 1350 480.5300 66.4600
3.2061976797e+000 8.3042823257e-001 -8.9535140247e+000
70 39 42
2 38 1364 583.7200 151.0800 39 1351 534.0601 79.6500
-3.0114548950e-001 3.4997191877e-001 -7.4743129188e+000
121 126 122
2 38 1383 -65.2100 76.2500 39 1646 -100.8800 -3.7000
4.9638079214e+000 2.0476296951e-001 -9.5127751028e+000
158 98 34
2 38 1392 850.4500 35.0200 39 1367 786.6000 -31.2500
8.7980578973e-001 8.2066922057e-002 -8.0282357412e+000
51 54 96
2 38 1394 178.6801 16.6400 39 1000 134.0000 -55.3100
3.0235857093e+000 5.2880034206e-002 -8.8459187380e+000
190 69 80
2 38 1397 557.3199 9.6600 39 1369 500.0500 -57.4600
3.0235857093e+000 5.2880034206e-002 -8.8459187380e+000
190 69 80
2 38 1398 557.3199 9.6600 39 1370 500.0500 -57.4600
3.7971852257e+000 1.1903085861e-001 -9.0462638628e+000
194 91 50
2 38 1400 684.5800 21.2900 39 1008 623.2700 -46.6500
3.5762529144e+000 -3.3131078147e-001 -9.3834963360e+000
158 85 49
2 38 1451 621.3900 -57.6200 39 1416 560.3400 -114.5100
4.5428948104e+000 -2.7486299256e-001 -9.7379490702e+000
185 154 134
2 38 1454 760.6100 -46.1100 39 1068 695.9100 -102.4000
-3.4585644180e-001 -4.7788940483e-001 -7.9101872657e+000
138 145 61
2 38 1466 -70.8900 -98.4800 39 1080 -109.6300 -159.3900
-3.4585644180e-001 -4.7788940483e-001 -7.9101872657e+000
138 145 61
2 38 1467 -70.8900 -98.4800 39 1079 -109.6300 -159.3900
3.2280455680e+000 -4.1827525975e-001 -9.2469654941e+000
196 141 110
2 38 1470 569.1100 -73.7700 39 1412 508.9399 -130.5000
3.3516705988e+000 -4.5209006672e-001 -9.3521221508e+000
197 131 104
2 38 1473 584.1500 -78.8100 39 1436 523.7500 -134.1200
-4.8639289054e-001 -5.3497043165e-001 -7.8980116175e+000
56 105 122
2 38 1485 -101.1400 -110.2900 39 1442 -136.6100 -170.1900
7.9746388977e-001 -6.7501505553e-001 -8.6058706960e+000
11 59 105
2 38 1495 150.6700 -127.7600 39 1450 104.8600 -180.0900
1.8903154974e+000 -5.8522994593e-001 -8.8726664335e+000
192 131 110
2 38 1502 346.8500 -107.4200 39 1433 294.2100 -162.1300
2.3550617531e+000 -5.7014464683e-001 -9.0717309131e+000
195 132 115
2 38 1503 423.1200 -102.4300 39 1434 367.3900 -156.1600
-4.3676553098e-001 -7.8787861948e-001 -8.1872787531e+000
133 138 34
2 38 1509 -87.0700 -156.7900 39 1144 -124.8900 -208.2100
-4.3676553098e-001 -7.8787861948e-001 -8.1872787531e+000
133 138 34
2 38 1510 -87.0700 -156.7900 39 1145 -124.8900 -208.2100
1.1387925749e+000 -7.1844961106e-001 -8.7939996885e+000
137 82 80
2 38 1517 210.5601 -133.0500 39 1116 162.8300 -183.5900
5.1473090383e+000 -1.6313038369e+000 -9.1905721038e+000
155 137 137
2 38 1542 912.1899 -289.1000 39 1196 823.0300 -345.0600
5.2124896137e+000 -2.3901782268e+000 -9.0657713584e+000
159 141 141
2 38 1553 935.8900 -429.2900 39 1224 836.3101 -477.8900
-5.2780250532e+001 2.4721293542e+001 -1.3906127892e+002
84 65 60
2 38 1574 -618.0500 289.6700 39 1519 -630.2500 424.6500
-1.8047071398e+000 1.4178765992e+000 -7.9471060439e+000
127 131 130
2 38 1577 -369.8900 290.7100 39 1566 -389.1800 225.8600
5.1939546624e-001 1.6119821539e+000 -8.9141904666e+000
167 146 119
2 38 1579 95.2400 294.6200 39 1791 66.5800 235.1900
4.4946029565e+000 2.0358232383e+000 -1.0964859591e+001
148 116 79
2 38 1583 668.7400 302.3500 39 1271 633.1899 256.3700
-1.3926982483e+000 1.2808976135e+000 -8.0019051454e+000
170 33 43
2 38 1587 -283.5600 260.8300 39 1574 -305.3200 195.0200
-1.3926982483e+000 1.2808976135e+000 -8.0019051454e+000
170 33 43
2 38 1588 -283.5600 260.8300 39 1575 -305.3200 195.0200
-5.5166370718e-001 1.4362131645e+000 -8.3940590462e+000
27 61 44
2 38 1589 -107.3400 278.8200 39 1578 -131.8200 215.6100
1.4946415404e+000 1.4827518628e+000 -9.1135657576e+000
24 79 104
2 38 1593 267.9000 265.0000 39 1582 233.5699 204.2400
-1.2813101490e+000 1.1391449976e+000 -7.8712423389e+000
165 104 80
2 38 1606 -265.8900 235.8600 39 1586 -287.5500 166.7700
1.1850894401e+000 1.2488003059e+000 -8.6544733510e+000
160 31 43
2 38 1612 223.4000 235.0800 39 1592 188.0699 167.4000
2.2361812943e+000 1.3843033307e+000 -9.1550796082e+000
133 106 93
2 38 1615 397.4700 246.4800 39 1816 361.2300 182.0100
2.4847060082e+000 1.2950086118e+000 -9.1390262996e+000
33 15 13
2 38 1617 442.9301 230.9100 39 1817 403.6200 165.1800
2.4847060082e+000 1.2950086118e+000 -9.1390262996e+000
33 15 13
2 38 1618 442.9301 230.9100 39 1818 403.6200 165.1800
2.1811272636e-001 9.9896660467e-001 -8.1043579358e+000
29 50 26
2 38 1625 44.3500 200.7900 39 1824 10.7300 128.1600
2.1811272636e-001 9.9896660467e-001 -8.1043579358e+000
29 50 26
2 38 1626 44.3500 200.7900 39 1825 10.7300 128.1600
1.1778957395e+000 1.1404986626e+000 -8.5380761223e+000
197 147 111
2 38 1629 225.1100 217.6100 39 1597 188.4600 147.9400
2.1940999703e+000 1.0278777216e+000 -8.7518985884e+000
80 39 48
2 38 1633 408.7300 191.3300 39 1618 366.1500 120.5900
2.7548422350e+000 1.0772038004e+000 -9.0059632064e+000
145 122 106
2 38 1636 498.7700 194.8300 39 1606 454.4100 125.9200
-1.1571661845e+000 7.9526355561e-001 -7.4524722479e+000
174 40 49
2 38 1640 -253.0000 173.8800 39 1611 -278.5900 95.6000
-1.1224157939e+000 7.2478001454e-001 -7.3845267475e+000
164 37 38
2 38 1642 -247.7000 159.9300 39 1628 -273.8500 80.1200
8.8360484640e-001 8.2397284341e-001 -8.1447110327e+000
154 78 62
2 38 1646 176.6100 164.8700 39 1844 138.7700 89.6900
9.9105424116e-001 9.3686900977e-001 -8.2728849690e+000
182 47 41
2 38 1647 195.1200 184.5400 39 1615 157.7900 111.0000
9.9105424116e-001 9.3686900977e-001 -8.2728849690e+000
182 47 41
2 38 1648 195.1200 184.5400 39 1616 157.7900 111.0000
3.0253700533e+000 9.4597686984e-001 -8.9525495540e+000
133 98 96
2 38 1653 550.6300 172.1800 39 1620 503.7600 101.0400
-2.0877882203e+000 6.9681722405e-001 -7.5737702209e+000
195 171 145
2 38 1662 -448.7100 149.9000 39 1625 -468.9300 82.0700
8.0939118351e-001 6.5113986707e-001 -7.9737103497e+000
166 83 72
2 38 1667 165.1400 133.1000 39 1640 125.9500 55.4600
4.3808962047e+000 8.4819149350e-002 -9.3420546496e+000
40 23 35
2 38 1687 764.5601 14.6800 39 1652 701.4900 -50.6100
1.5502030525e+000 -1.4465527842e-001 -8.4473551265e+000
185 124 103
2 38 1691 298.9500 -27.8900 39 1659 249.6200 -92.8900
2.1224012852e+000 -1.1974231119e-001 -8.6086658739e+000
193 142 111
2 38 1696 401.9100 -22.7000 39 1385 348.6899 -87.9500
-7.2235437930e-001 -3.4345943431e-001 -7.6515610517e+000
135 136 74
2 38 1714 -153.8500 -73.1400 39 1423 -188.2900 -138.8500
2.4744247637e+000 -5.1131434030e-001 -9.1555066871e+000
194 132 105
2 38 1719 440.3800 -91.0000 39 1673 385.0400 -144.5000
6.3694657094e-001 -6.7224109518e-001 -8.4800501001e+000
198 132 110
2 38 1724 122.2400 -129.1500 39 1448 76.8500 -182.8300
3.3478922382e+000 -8.7010228761e-001 -9.8801458800e+000
146 115 95
2 38 1732 552.1899 -143.5100 39 1456 492.2100 -186.6900
3.4539088553e+000 -9.2595785965e-001 -1.0037731233e+001
184 150 123
2 38 1733 561.1500 -150.4200 39 1458 500.2100 -191.1000
-9.5764464690e-001 -8.7070996253e-001 -8.1270811799e+000
34 64 39
2 38 1735 -192.0500 -174.5700 39 1687 -225.9300 -222.9300
4.9127907558e-001 -9.9288283676e-001 -8.8373236113e+000
193 130 119
2 38 1738 90.5100 -183.0600 39 1697 45.6800 -226.2000
4.9575269613e+000 -2.1809518889e+000 -9.7064079922e+000
154 140 139
2 38 1754 831.9500 -366.0400 39 1716 744.8199 -406.5800
4.7444173966e+000 -2.8036551455e+000 -1.0322765254e+001
142 126 128
2 38 1759 748.3101 -442.3900 39 1724 664.5900 -467.1600
-5.1096639202e+001 2.9065546452e+001 -1.5246158967e+002
90 79 80
2 38 1783 -546.0500 310.6400 39 1738 -555.9700 444.7600
-4.6542098885e-001 1.6113453551e+000 -8.5975313284e+000
31 54 25
2 38 1786 -87.2700 305.3000 39 1974 -113.3500 245.6000
1.3277536853e+000 1.5988749286e+000 -9.1697984522e+000
96 115 113
2 38 1789 236.1700 284.0800 39 1792 204.5601 224.9000
1.3277536853e+000 1.5988749286e+000 -9.1697984522e+000
96 115 113
2 38 1790 236.1700 284.0800 39 1793 204.5601 224.9000
-5.3126458919e+001 2.8124951043e+001 -1.6352788295e+002
86 69 61
2 38 1797 -528.4900 280.2300 39 1938 -540.0100 413.5300
1.3640332753e+000 1.5218909576e+000 -9.0750034828e+000
108 122 134
2 38 1800 245.0500 273.2400 39 1800 212.6000 212.1600
1.3640332753e+000 1.5218909576e+000 -9.0750034828e+000
108 122 134
2 38 1801 245.0500 273.2400 39 1801 212.6000 212.1600
1.4555995597e+000 1.5800922543e+000 -9.1944320316e+000
38 40 63
2 38 1802 258.1899 279.9900 39 1794 225.9399 220.5900
1.6564092617e+000 1.5442564756e+000 -9.1847086941e+000
88 62 81
2 38 1803 293.8900 273.9600 39 1802 260.8000 213.2100
2.3130228823e+000 1.4821908307e+000 -9.3155812383e+000
99 78 95
2 38 1804 404.8000 259.2200 39 1804 368.1700 197.4600
-8.0232534868e-001 1.2351391343e+000 -8.1276606610e+000
172 157 72
2 38 1812 -160.5800 247.6000 39 1805 -186.1800 180.9900
-8.0232534868e-001 1.2351391343e+000 -8.1276606610e+000
172 157 72
2 38 1813 -160.5800 247.6000 39 1806 -186.1800 180.9900
-2.0830237540e-001 1.2175071024e+000 -8.2376170292e+000
162 156 81
2 38 1816 -41.1100 240.8200 39 1807 -69.6200 172.8500
-2.0830237540e-001 1.2175071024e+000 -8.2376170292e+000
162 156 81
2 38 1817 -41.1100 240.8200 39 1808 -69.6200 172.8500
2.6400991473e+000 1.4320135575e+000 -9.3525895868e+000
145 113 99
2 38 1822 460.0800 249.4700 39 2004 421.7700 186.6600
-6.7578820169e-001 9.7593959296e-001 -7.8359410762e+000
171 154 96
2 38 1828 -140.3900 202.9300 39 1820 -168.2300 129.8700
-6.7578820169e-001 9.7593959296e-001 -7.8359410762e+000
171 154 96
2 38 1829 -140.3900 202.9300 39 1821 -168.2300 129.8700
-4.5677409441e-001 1.0694076362e+000 -8.0268879681e+000
34 54 28
2 38 1830 -91.7100 216.9900 39 1822 -121.8800 146.7200
-2.7400720029e-001 1.0004599092e+000 -7.9708976411e+000
174 155 62
2 38 1832 -56.2200 204.5400 39 1823 -85.5800 131.8100
-9.3341585109e-001 7.3818612793e-001 -7.4731487333e+000
179 33 47
2 38 1839 -203.2100 160.9300 39 1840 -231.3400 82.0800
7.6265767038e-001 8.1714936543e-001 -8.1201246670e+000
165 88 78
2 38 1841 153.0100 163.9800 39 1842 115.5800 89.1000
2.8625083881e+000 1.0204461894e+000 -8.9727657064e+000
140 110 102
2 38 1843 520.1300 185.2500 39 1834 474.4700 115.2700
-2.0405990015e+000 6.4694720767e-001 -7.5138523482e+000
148 123 101
2 38 1851 -441.7700 140.2700 39 1838 -462.9900 71.0200
9.1645781820e-001 7.0668816803e-001 -8.0577299980e+000
157 85 70
2 38 1852 185.1100 142.9400 39 1845 145.8500 66.2400
3.2164183259e+000 6.9145973424e-001 -8.8684102803e+000
83 53 65
2 38 1856 591.1801 127.0000 39 1852 539.4900 54.5300
4.0520692975e+000 2.6720520886e-002 -9.2584206909e+000
185 87 31
2 38 1874 713.1600 4.7000 39 1651 652.0000 -60.1700
1.0373839117e+000 -1.6245011390e-001 -8.3424252873e+000
15 59 92
2 38 1880 202.2400 -31.6700 39 1656 156.9900 -95.6500
-4.0645327350e-001 -5.0366619943e-001 -8.0109823979e+000
27 58 30
2 38 1895 -82.4500 -102.4700 39 1873 -120.2300 -160.6400
6.4863414284e-001 -6.1262479698e-001 -8.3768882437e+000
153 88 60
2 38 1898 126.0601 -119.1500 39 1887 80.4100 -175.4800
1.5204467110e+000 -7.4863695701e-001 -8.9689345968e+000
197 132 114
2 38 1922 276.2300 -136.0100 39 1684 225.2400 -185.2000
-2.7726509026e-001 -9.1742217986e-001 -8.4290096228e+000
155 152 136
2 38 1932 -53.0700 -177.4100 39 1695 -93.6700 -223.7300
3.7476160942e-001 -1.1282857211e+000 -9.0525131088e+000
167 46 61
2 38 1937 68.0400 -203.1700 39 1705 22.8700 -240.5900
5.0631726124e+000 -1.8358950501e+000 -9.4843331494e+000
60 50 59
2 38 1940 869.3199 -315.2500 39 1917 782.7600 -363.8100
5.0774267384e+000 -1.8440997770e+000 -9.3742018256e+000
138 121 121
2 38 1941 882.1500 -320.4200 39 1918 793.6700 -370.5300
4.8697707032e+000 -2.2688513374e+000 -9.6975785026e+000
135 122 122
2 38 1945 818.3300 -381.2500 39 1923 730.2300 -420.1500
4.8281152579e+000 -2.6228275707e+000 -1.0155621696e+001
136 119 125
2 38 1948 774.5300 -420.7900 39 1721 689.0100 -449.6700
-1.7117804081e+002 -1.2733453389e+002 -4.5399539181e+002
109 81 77
2 38 1951 -614.3800 -457.0200 39 1912 -630.0200 -314.3400
4.6425281559e+000 -3.0085858497e+000 -1.0487679783e+001
149 130 133
2 38 1953 721.2000 -467.4100 39 1930 637.2100 -487.2300
4.5455403830e+000 -3.2792791423e+000 -1.0752352669e+001
143 127 130
2 38 1958 689.0200 -497.0000 39 1729 605.6000 -510.4700
4.4661401042e+000 -3.3580282867e+000 -1.0778005074e+001
147 131 134
2 38 1959 675.0699 -507.6400 39 1734 592.5300 -519.7900
-6.0623846916e+001 3.0416613800e+001 -1.6133998401e+002
124 92 87
2 38 1983 -611.9000 307.1900 39 2089 -623.7900 444.2100
-5.1381634338e-001 1.5127319439e+000 -8.5016413064e+000
170 157 113
2 38 1986 -97.8000 289.8700 39 1975 -123.7900 228.6900
-4.0759340280e-001 1.4629667996e+000 -8.5040349891e+000
36 60 30
2 38 1993 -77.7200 280.2800 39 1985 -103.8800 218.5800
-2.1128471434e-001 1.4506341880e+000 -8.4963775125e+000
29 51 30
2 38 1994 -40.3800 278.1900 39 1986 -67.1100 215.0500
-2.1128471434e-001 1.4506341880e+000 -8.4963775125e+000
29 51 30
2 38 1995 -40.3800 278.1900 39 1987 -67.1100 215.0500
1.5563504477e+000 1.5582617795e+000 -9.1896594023e+000
180 127 96
2 38 1996 276.1500 276.2700 39 1991 243.3300 216.2300
1.5563504477e+000 1.5582617795e+000 -9.1896594023e+000
180 127 96
2 38 1997 276.1500 276.2700 39 1990 243.3300 216.2300
1.5186326517e+000 1.4181711361e+000 -9.0010565458e+000
30 76 112
2 38 1998 275.1600 256.6900 39 1992 240.6801 193.5800
1.6342828308e+000 1.3996112869e+000 -9.0354483409e+000
186 136 92
2 38 1999 295.0601 252.3500 39 1994 259.7900 189.3500
-7.2727604135e+001 2.4246335348e+001 -1.7840006146e+002
104 71 57
2 38 2005 -663.8900 221.4600 39 1947 -677.2000 358.6900
-9.0241240740e-001 1.2509837359e+000 -8.1648545311e+000
30 53 24
2 38 2007 -179.7600 249.6300 39 1996 -204.8100 184.4800
-8.3391876194e-001 1.0860946452e+000 -7.9510060965e+000
163 153 112
2 38 2008 -170.9000 222.5800 39 2005 -196.7300 152.7300
-6.6245317002e-001 1.1754198621e+000 -8.0425490143e+000
35 55 39
2 38 2010 -134.7300 238.1900 39 2127 -159.9600 168.7800
-5.9870375420e-001 1.2476119012e+000 -8.1898350149e+000
171 154 111
2 38 2011 -118.8500 248.2000 39 1997 -145.4300 181.6100
-5.9870375420e-001 1.2476119012e+000 -8.1898350149e+000
171 154 111
2 38 2012 -118.8500 248.2000 39 1998 -145.4300 181.6100
-2.3454297211e-003 1.2278889938e+000 -8.3044286824e+000
167 149 115
2 38 2014 -0.2000 240.9000 39 2000 -30.0100 173.1000
-2.3454297211e-003 1.2278889938e+000 -8.3044286824e+000
167 149 115
2 38 2015 -0.2000 240.9000 39 2001 -30.0100 173.1000
-6.8890539300e-002 1.1521215132e+000 -8.1929801451e+000
37 60 43
2 38 2016 -13.5400 229.1200 39 2130 -43.4900 159.5400
-6.8890539300e-002 1.1521215132e+000 -8.1929801451e+000
37 60 43
2 38 2017 -13.5400 229.1200 39 2131 -43.4900 159.5400
-7.7650099357e-001 1.0042551232e+000 -7.9015581979e+000
32 60 31
2 38 2024 -159.9400 207.0800 39 2007 -186.9900 136.1500
-5.4439934659e-001 9.2554644607e-001 -7.7942256627e+000
38 64 45
2 38 2026 -113.6700 193.4800 39 2142 -142.7400 118.8000
-4.7038995726e-001 9.8364152149e-001 -7.8941593516e+000
168 155 110
2 38 2027 -97.0400 203.0300 39 2009 -125.9100 129.9300
-4.7038995726e-001 9.8364152149e-001 -7.8941593516e+000
168 155 110
2 38 2028 -97.0400 203.0300 39 2010 -125.9100 129.9300
5.7003107801e-001 9.7511193085e-001 -8.2098577098e+000
171 35 36
2 38 2031 114.4399 193.3600 39 2021 77.0900 121.3000
8.4879921763e-001 1.0746145256e+000 -8.3681094439e+000
163 156 131
2 38 2032 165.5601 209.2100 39 2011 129.8199 138.1300
8.4879921763e-001 1.0746145256e+000 -8.3681094439e+000
163 156 131
2 38 2033 165.5601 209.2100 39 2012 129.8199 138.1300
1.4628135758e+000 1.1042748114e+000 -8.6646812168e+000
6 77 115
2 38 2036 276.1100 207.5000 39 2015 236.5699 139.2800
2.4008075669e+000 1.2109257266e+000 -9.0521879806e+000
130 101 93
2 38 2040 432.8101 217.8500 39 2017 391.3101 151.5200
-2.0544400625e-001 8.0175608864e-001 -7.7708998675e+000
161 155 93
2 38 2047 -42.9200 168.1000 39 2028 -75.1700 91.3400
-2.0544400625e-001 8.0175608864e-001 -7.7708998675e+000
161 155 93
2 38 2048 -42.9200 168.1000 39 2029 -75.1700 91.3400
1.4053348100e-001 8.7494017115e-001 -7.9877667461e+000
28 53 26
2 38 2049 29.1000 178.4300 39 2018 -5.0500 104.2600
1.4053348100e-001 8.7494017115e-001 -7.9877667461e+000
28 53 26
2 38 2050 29.1000 178.4300 39 2019 -5.0500 104.2600
1.5073862634e+000 9.8614999858e-001 -8.5298225290e+000
26 74 118
2 38 2053 288.2800 188.3300 39 2022 248.3199 117.2200
1.8325003872e+000 8.5529843572e-001 -8.4850852333e+000
176 114 89
2 38 2055 351.9000 164.2500 39 2155 309.1700 90.7200
2.7330690093e+000 8.5491504778e-001 -8.7939198357e+000
92 53 58
2 38 2056 506.5601 158.3800 39 2034 459.3600 86.1900
3.2597438841e+000 9.8178998290e-001 -9.0675847450e+000
158 118 83
2 38 2058 585.9500 176.3900 39 2024 538.3199 106.1800
4.6708060870e+000 6.2632812980e-001 -9.3569752660e+000
176 141 126
2 38 2078 813.3500 109.0800 39 2041 755.4399 38.5200
3.8508985740e+000 3.7262623628e-001 -9.0138550978e+000
125 27 47
2 38 2084 696.4200 67.2900 39 2044 637.8600 -3.6800
3.8508985740e+000 3.7262623628e-001 -9.0138550978e+000
125 27 47
2 38 2085 696.4200 67.2900 39 2043 637.8600 -3.6800
-3.3285015163e-001 -3.1312653492e-001 -7.8208980555e+000
23 61 45
2 38 2093 -68.7700 -65.3000 39 1866 -107.4000 -129.9800
-2.9142330582e-001 -3.9484394284e-001 -7.8473889572e+000
93 116 116
2 38 2095 -60.2000 -82.0200 39 2056 -99.0600 -145.5600
-7.3436319217e-001 -8.0300029764e-001 -8.0842441828e+000
78 113 131
2 38 2103 -148.1400 -161.8400 39 2069 -183.6500 -213.2000
1.8869730789e+000 -7.5401765472e-001 -9.1053204064e+000
194 131 113
2 38 2111 337.3300 -134.8700 39 1889 284.9200 -183.8800
2.0019321578e+000 -7.6407785690e-001 -9.1908164850e+000
193 134 112
2 38 2113 354.8500 -135.4500 39 2064 301.4200 -183.4400
-1.1355291176e+000 -1.0794292770e+000 -8.3305075869e+000
39 67 47
2 38 2119 -222.1900 -211.1300 39 1901 -255.0100 -252.3400
5.5350800672e-001 -1.1170620416e+000 -9.1500225717e+000
20 76 127
2 38 2121 98.0900 -198.8600 39 1905 54.1300 -236.2200
-8.1556604901e+001 3.0012984298e+001 -1.4902313161e+002
101 89 53
2 38 2133 -891.9300 328.1600 39 2084 -908.9500 475.2800
-5.2718799499e+001 2.7274015887e+001 -1.5408179811e+002
38 26 26
2 38 2141 -556.9000 288.4200 39 2091 -568.3500 422.3500
-7.3598727737e+001 2.7778151173e+001 -1.6976023555e+002
176 121 84
2 38 2146 -706.3800 266.6300 39 2095 -719.7000 406.2300
-1.1705269468e-001 1.3863536728e+000 -8.4359100816e+000
169 153 109
2 38 2149 -22.4000 267.7600 39 2125 -50.2400 202.9500
-1.1705269468e-001 1.3863536728e+000 -8.4359100816e+000
169 153 109
2 38 2150 -22.4000 267.7600 39 2124 -50.2400 202.9500
1.7744147579e-003 1.4457370573e+000 -8.5495494725e+000
39 55 23
2 38 2151 0.2600 275.5500 39 2126 -27.0200 212.1600
-7.2841813678e+001 2.6099708666e+001 -1.7235408860e+002
89 44 31
2 38 2153 -687.4000 246.7600 39 2096 -702.7900 385.2400
-4.8814083539e-001 1.2416393506e+000 -8.2091859318e+000
35 61 30
2 38 2154 -96.8500 246.4500 39 2128 -123.5900 179.5500
1.0777533819e-001 1.2151757499e+000 -8.3255421250e+000
34 57 28
2 38 2157 21.0100 237.8400 39 2132 -8.7600 169.7700
2.3429874080e+000 1.3296081727e+000 -9.1240486248e+000
150 124 109
2 38 2158 419.1899 237.3100 39 2133 379.1700 172.3400
-1.1564207696e+000 9.4322447013e-001 -7.6720915526e+000
154 58 55
2 38 2161 -245.3500 200.3100 39 2135 -270.6100 126.7200
-9.5772416848e-001 1.0453321940e+000 -7.9474684415e+000
44 95 121
2 38 2162 -195.8300 214.2800 39 2136 -222.1800 145.5100
-3.6349531424e-001 9.7433793473e-001 -7.9075514367e+000
35 60 36
2 38 2163 -74.9600 200.7800 39 2138 -104.3300 127.3100
-1.0335345204e+000 7.3026376488e-001 -7.4193885814e+000
168 122 89
2 38 2169 -226.8400 160.3700 39 2150 -253.9700 80.8400
-1.0335345204e+000 7.3026376488e-001 -7.4193885814e+000
168 122 89
2 38 2170 -226.8400 160.3700 39 2151 -253.9700 80.8400
2.5944159215e-001 8.8281535451e-001 -8.0071716577e+000
163 152 122
2 38 2171 52.8900 179.6400 39 2144 18.7300 105.0000
5.1728340282e-001 8.7746839387e-001 -8.0885773477e+000
162 150 126
2 38 2172 104.1801 176.7700 39 2146 68.7500 102.3700
3.7191824138e+000 1.0223698460e+000 -9.2341329499e+000
154 118 87
2 38 2175 657.3900 180.1500 39 2148 606.5699 110.9800
3.8581907006e+000 9.3676065894e-001 -9.2154582404e+000
132 24 40
2 38 2176 683.3101 165.3700 39 2149 630.6000 95.4700
-8.3354484039e-001 6.5422036021e-001 -7.3946973622e+000
96 120 118
2 38 2178 -183.8000 144.1700 39 2152 -212.3500 63.1000
-7.1534610496e-001 6.2087212525e-001 -7.3996975233e+000
26 56 29
2 38 2180 -157.6500 136.7300 39 2159 -187.3100 55.2200
4.5776447714e+000 9.1582372917e-001 -9.5808008599e+000
168 138 114
2 38 2184 778.1400 155.8600 39 2037 726.4700 88.4100
4.4463323216e+000 7.1356469334e-001 -9.4951072113e+000
169 85 38
2 38 2186 764.2700 122.1400 39 2163 707.2500 55.8000
3.8628109367e+000 -1.5569072591e-001 -9.2914339899e+000
183 125 68
2 38 2194 677.4100 -27.3000 39 2169 616.0500 -89.0800
3.8628109367e+000 -1.5569072591e-001 -9.2914339899e+000
183 125 68
2 38 2195 677.4100 -27.3000 39 2168 616.0500 -89.0800
-6.5214788279e-001 -5.6868377726e-001 -7.8323374427e+000
66 110 108
2 38 2201 -136.0900 -118.2700 39 2173 -171.1400 -178.0000
1.7575773162e+000 -7.9338574780e-001 -9.1166395485e+000
193 130 112
2 38 2206 313.4500 -141.6800 39 2062 262.5000 -189.5400
-7.0482074999e+001 2.8194062173e+001 -1.7232888263e+002
171 120 76
2 38 2232 -666.0000 266.5900 39 2194 -679.3000 404.8900
-2.6245219585e-001 8.7483175232e-001 -7.7998027397e+000
165 152 118
2 38 2237 -54.5400 182.7300 39 2205 -86.1300 106.6200
5.2661387427e-003 8.7404360982e-001 -7.9098455696e+000
160 151 110
2 38 2239 1.1300 180.0500 39 2207 -31.5400 104.7900
-2.0629794679e+000 5.9529276623e-001 -7.5256800257e+000
151 126 104
2 38 2243 -446.3300 128.8800 39 2209 -466.7100 60.4400
2.8227587801e+000 5.5482459153e-001 -8.6542737905e+000
152 107 55
2 38 2246 531.8700 104.3800 39 2211 479.6600 30.6400
-4.6862065081e-001 -5.7075445777e-001 -7.9849556252e+000
69 105 132
2 38 2253 -95.5400 -116.4800 39 2174 -132.9300 -174.0800
4.7410641678e+000 -7.7554447481e-001 -1.0486149653e+001
30 19 27
2 38 2260 737.1300 -120.6200 39 2172 672.2600 -162.4000
-1.4527080000e+002 -1.0828240267e+002 -3.7290593103e+002
52 27 29
2 38 2266 -635.2800 -473.1500 39 2227 -649.7300 -329.9600
-1.8120367777e+002 -1.4378692488e+002 -5.0126637654e+002
59 30 35
2 38 2267 -588.2900 -467.4100 39 2228 -605.8100 -324.8800
3.6308843127e+000 8.8944759525e-001 -9.1553820331e+000
17 58 109
2 38 2278 645.8300 158.3900 39 2255 596.6600 88.0200
4.3354375377e+000 1.1100308630e+000 -9.6523944020e+000
141 25 37
2 38 2279 731.5000 187.4800 39 2248 683.7300 121.8600
4.3354375377e+000 1.1100308630e+000 -9.6523944020e+000
141 25 37
2 38 2280 731.5000 187.4800 39 2249 683.7300 121.8600
8.4978724196e-001 7.2070359988e-001 -8.1073998013e+000
174 156 134
2 38 2282 170.1000 144.9500 39 2250 132.6100 69.6200
3.0099947716e+000 7.4776721681e-001 -8.7791778245e+000
53 19 23
2 38 2302 558.8900 138.7400 39 2282 508.5300 65.2400
-4.3302314088e-001 4.3968129305e-001 -7.4710038716e+000
155 148 122
2 38 2304 -93.9800 95.8500 39 2284 -128.0400 15.9200
3.2612970655e+000 5.5613129189e-001 -8.8356081026e+000
156 116 80
2 38 2306 601.1801 102.6200 39 2302 548.5000 29.8200
3.2612970655e+000 5.5613129189e-001 -8.8356081026e+000
156 116 80
2 38 2307 601.1801 102.6200 39 2303 548.5000 29.8200
7.1680648492e-003 -6.2715109822e-001 -8.0638228465e+000
156 156 144
2 38 2310 1.8800 -126.7800 39 2263 -40.6100 -185.0400
-9.7222361501e-001 4.0796919915e-001 -7.3104262132e+000
93 121 135
2 38 2329 -215.8700 90.8700 39 2300 -246.5900 10.8600
2.3578842069e+000 -3.4890016322e-001 -8.9151920749e+000
194 140 112
2 38 2333 430.5100 -63.6800 39 2286 376.7500 -122.5500
-1.1689486057e+000 -6.8772608254e-001 -7.7673178464e+000
197 114 104
2 38 2336 -245.1300 -144.2800 39 2288 -277.0500 -200.5000
4.3486598601e+000 -2.2958654316e-001 -9.5614522259e+000
112 68 38
2 38 2349 741.7300 -39.2900 39 2323 677.0000 -97.8600
4.7496463312e-001 -4.0459638987e-001 -8.1185383251e+000
164 160 141
2 38 2350 95.2900 -81.2000 39 2306 51.2500 -143.8300
2.8676147367e+000 -1.1497421436e-001 -8.9323189663e+000
171 33 46
2 38 2359 523.1899 -20.9900 39 2336 466.7100 -84.2500
4.8460437827e+000 1.5547956693e+000 -1.0046422256e+001
40 32 43
2 38 2365 785.9301 252.1900 39 2341 741.9399 189.6200
9.3614100982e-001 -1.5492323497e-001 -7.9802463032e+000
99 130 151
2 38 2368 191.5800 -31.7000 39 2337 143.6400 -102.6900
2.2187172376e+000 -1.9063746768e-001 -9.8445793934e+000
129 80 75
2 38 2386 367.9100 -31.6800 39 2359 319.6600 -74.5200
