# Bundle file v0.3
60 680
0 0 0
0 0 0
0 0 0
0 0 0
0 0 0
0 0 0
0 0 0
0 0 0
0 0 0
0 0 0
0 0 0
0 0 0
0 0 0
0 0 0
0 0 0
0 0 0
0 0 0
0 0 0
0 0 0
0 0 0
0 0 0
0 0 0
0 0 0
0 0 0
0 0 0
0 0 0
0 0 0
0 0 0
0 0 0
0 0 0
0 0 0
0 0 0
0 0 0
0 0 0
0 0 0
0 0 0
0 0 0
0 0 0
0 0 0
0 0 0
0 0 0
0 0 0
0 0 0
0 0 0
0 0 0
0 0 0
0 0 0
0 0 0
0 0 0
0 0 0
0 0 0
0 0 0
0 0 0
0 0 0
0 0 0
0 0 0
0 0 0
0 0 0
0 0 0
0 0 0
0 0 0
0 0 0
0 0 0
0 0 0
0 0 0
0 0 0
0 0 0
0 0 0
0 0 0
0 0 0
0 0 0
0 0 0
0 0 0
0 0 0
0 0 0
0 0 0
0 0 0
0 0 0
0 0 0
0 0 0
0 0 0
0 0 0
0 0 0
0 0 0
0 0 0
0 0 0
0 0 0
0 0 0
0 0 0
0 0 0
0 0 0
0 0 0
0 0 0
0 0 0
0 0 0
0 0 0
0 0 0
0 0 0
0 0 0
0 0 0
0 0 0
0 0 0
0 0 0
0 0 0
0 0 0
0 0 0
0 0 0
0 0 0
0 0 0
0 0 0
0 0 0
0 0 0
0 0 0
0 0 0
0 0 0
0 0 0
0 0 0
0 0 0
0 0 0
0 0 0
0 0 0
0 0 0
0 0 0
0 0 0
0 0 0
0 0 0
0 0 0
0 0 0
0 0 0
0 0 0
0 0 0
0 0 0
0 0 0
0 0 0
0 0 0
0 0 0
0 0 0
0 0 0
0 0 0
0 0 0
0 0 0
0 0 0
0 0 0
0 0 0
0 0 0
0 0 0
0 0 0
0 0 0
0 0 0
0 0 0
0 0 0
0 0 0
0 0 0
0 0 0
0 0 0
0 0 0
0 0 0
0 0 0
0 0 0
0 0 0
0 0 0
0 0 0
0 0 0
0 0 0
0 0 0
0 0 0
0 0 0
0 0 0
0 0 0
0 0 0
0 0 0
0 0 0
0 0 0
0 0 0
0 0 0
0 0 0
0 0 0
0 0 0
0 0 0
0 0 0
0 0 0
0 0 0
0 0 0
0 0 0
0 0 0
0 0 0
0 0 0
0 0 0
0 0 0
0 0 0
1.6227563679e+003 5.3100845941e-002 -1.1263504072e-001
9.9999979323e-001 1.5763182038e-004 -6.2345534456e-004
-1.5753382761e-004 9.9999997523e-001 1.5722287178e-004
6.2348011244e-004 -1.5712462397e-004 9.9999979329e-001
-6.3652908746e-003 2.0247461019e-003 -1.9632817151e-002
1.6220641675e+003 5.0317503260e-002 -1.0517076610e-001
9.9943856506e-001 3.3042624947e-002 5.5443312825e-003
-3.2546068227e-002 9.9676036121e-001 -7.3549546292e-002
-7.9566397249e-003 7.3327806823e-002 9.9727615264e-001
-1.5158708593e-001 -9.2881130664e-001 -3.6546594854e-001
0 0 0
0 0 0
0 0 0
0 0 0
0 0 0
0 0 0
0 0 0
0 0 0
0 0 0
0 0 0
0 0 0
0 0 0
0 0 0
0 0 0
0 0 0
0 0 0
0 0 0
0 0 0
0 0 0
0 0 0
0 0 0
0 0 0
0 0 0
0 0 0
0 0 0
0 0 0
0 0 0
0 0 0
0 0 0
0 0 0
0 0 0
0 0 0
0 0 0
0 0 0
0 0 0
0 0 0
0 0 0
0 0 0
0 0 0
0 0 0
0 0 0
0 0 0
0 0 0
0 0 0
0 0 0
0 0 0
0 0 0
0 0 0
0 0 0
0 0 0
0 0 0
0 0 0
0 0 0
0 0 0
0 0 0
0 0 0
0 0 0
0 0 0
0 0 0
0 0 0
0 0 0
0 0 0
0 0 0
0 0 0
0 0 0
0 0 0
0 0 0
0 0 0
0 0 0
0 0 0
0 0 0
0 0 0
0 0 0
0 0 0
0 0 0
0 0 0
0 0 0
0 0 0
0 0 0
0 0 0
0 0 0
0 0 0
0 0 0
0 0 0
0 0 0
0 0 0
0 0 0
0 0 0
0 0 0
0 0 0
0 0 0
0 0 0
0 0 0
0 0 0
0 0 0
0 0 0
0 0 0
0 0 0
0 0 0
0 0 0
3.9355727800e-001 -1.0630159907e+000 -8.9677636519e+000
160 41 54
2 38 613 70.7800 -191.9800 39 693 27.3100 -232.0200
-2.7869829718e-001 -9.2572313919e-001 -8.4499803181e+000
155 152 136
2 38 1931 -53.0700 -177.4100 39 1694 -93.6700 -223.7300
-7.4803127011e-001 -1.0600888615e+000 -8.4841173045e+000
27 56 41
2 38 2120 -143.1600 -202.3700 39 1902 -179.1500 -244.1400
-2.1779806378e-001 -8.5259379342e-001 -8.4015356563e+000
31 60 43
2 38 1511 -43.2600 -164.1300 39 618 -80.8100 -212.8800
-2.4072091477e-001 -6.7614357720e-001 -8.1631820959e+000
159 170 103
2 38 1918 -47.9100 -134.0000 39 1885 -87.3800 -188.7200
4.8357928360e-001 -8.7892532191e-001 -8.7246379592e+000
166 45 48
2 38 1514 89.5200 -163.1100 39 1461 45.2900 -209.5400
-2.1779806378e-001 -8.5259379342e-001 -8.4015356563e+000
31 60 43
2 38 1512 -43.2600 -164.1300 39 619 -80.8100 -212.8800
5.8951850712e-001 -6.3880937491e-001 -8.4257372585e+000
165 34 44
2 38 1723 113.1600 -122.7100 39 1681 68.0000 -177.5900
1.0161577473e+000 -1.0190420514e+000 -9.1163549115e+000
144 86 82
2 38 1175 180.3900 -181.1400 39 1151 132.9500 -222.5600
-6.0125340285e-001 -4.1973928771e-001 -7.8319028234e+000
137 145 66
2 38 1888 -124.5800 -86.6100 39 1872 -160.3500 -148.7600
-3.9649689372e-001 -2.9078931663e-001 -7.7838282334e+000
159 162 24
2 38 1441 -82.9100 -60.2900 39 1051 -119.5400 -126.1800
-2.9462539834e-002 -1.6710040159e-001 -7.8446485621e+000
29 57 34
2 38 1877 -7.4800 -34.1900 39 1664 -44.3800 -102.5400
-5.8720394340e-002 -3.2273539235e-001 -7.9406941171e+000
22 56 37
2 38 1705 -12.8500 -65.5700 39 1402 -51.1500 -129.8900
-5.8720394340e-002 -3.2273539235e-001 -7.9406941171e+000
22 56 37
2 38 1704 -12.8500 -65.5700 39 1401 -51.1500 -129.8900
-6.7494248789e-001 -3.7601739919e-001 -7.7508492838e+000
29 60 41
2 38 1715 -141.1600 -78.3900 39 1668 -176.5200 -142.3000
-4.6432347699e-001 -4.7993790369e-001 -7.9037166625e+000
147 144 43
2 38 1716 -95.5700 -98.1400 39 1429 -132.2800 -158.9900
2.4987449883e+000 -8.9283096076e-002 -8.7961598311e+000
193 141 109
2 38 1427 460.9000 -16.3300 39 1032 407.8199 -80.4200
-1.0149751871e+000 -4.9533528956e-001 -7.6928963758e+000
23 50 23
2 38 1481 -213.2800 -104.1900 39 526 -247.6200 -165.8200
3.6757421250e+000 -1.0480372768e-001 -9.1254565551e+000
134 48 51
2 38 1703 656.2900 -18.7800 39 1398 594.5200 -82.5300
3.2286290334e+000 -5.2413621173e-001 -9.3876776575e+000
195 134 114
2 38 1018 559.4000 -90.8100 39 1090 500.1801 -144.0800
-7.3870083682e-001 -7.1040956170e-001 -8.0430323923e+000
30 67 35
2 38 1914 -148.8600 -142.9400 39 1894 -184.7400 -196.6800
-3.9649689372e-001 -2.9078931663e-001 -7.7838282334e+000
159 162 24
2 38 1440 -82.9100 -60.2900 39 1050 -119.5400 -126.1800
1.4474734880e+000 -8.9767212299e-002 -8.3127901919e+000
186 128 109
2 38 1690 282.3300 -17.4500 39 1382 233.0601 -84.9500
-3.8328807071e-001 -6.9637877939e-001 -8.1142270205e+000
125 139 68
2 38 1917 -77.1400 -138.8000 39 1680 -114.6700 -193.5400
-5.3722045735e-001 -3.4214246944e-001 -7.7600602634e+000
26 56 27
2 38 1461 -112.1600 -71.2300 39 1425 -148.6800 -136.1400
-5.3722045735e-001 -3.4214246944e-001 -7.7600602634e+000
26 56 27
2 38 1462 -112.1600 -71.2300 39 1426 -148.6800 -136.1400
3.3573461097e+000 3.7522997546e-002 -8.8577739058e+000
196 137 107
2 38 2331 616.2700 7.0700 39 2305 558.2400 -61.8900
3.8809887752e+000 -1.1570660416e-001 -9.2337459245e+000
194 139 93
2 38 377 684.7800 -20.4500 39 428 622.6801 -83.2900
1.6723913809e+000 -1.3522027104e-001 -8.4571403327e+000
190 125 105
2 38 1693 320.5601 -25.8500 39 1384 270.4100 -91.3300
2.4987449883e+000 -8.9283096076e-002 -8.7961598311e+000
193 141 109
2 38 1426 460.9000 -16.3300 39 1033 407.8199 -80.4200
3.2479196790e+000 -1.8827815126e-001 -9.0931632913e+000
139 96 84
2 38 1436 581.2500 -33.6900 39 1396 522.2900 -95.1400
-7.2698525860e-001 -3.4745015535e-001 -7.6720582028e+000
135 136 74
2 38 1713 -153.8500 -73.1400 39 1422 -188.2900 -138.8500
7.3690638035e-001 -3.1798706384e-001 -8.2191175299e+000
174 114 81
2 38 1884 145.0699 -62.5600 39 1868 99.7900 -125.6400
3.2024183613e+000 -5.7735506641e-001 -9.4228969478e+000
188 126 107
2 38 1020 553.1801 -99.7500 39 503 493.0800 -151.6000
-1.5984709355e-001 -4.6267515541e-001 -7.9654346521e+000
150 152 62
2 38 1718 -32.5500 -93.9100 39 1670 -72.3900 -155.4000
-1.5984709355e-001 -4.6267515541e-001 -7.9654346521e+000
150 152 62
2 38 1717 -32.5500 -93.9100 39 1669 -72.3900 -155.4000
1.0695826645e+000 -5.6165738481e-001 -8.5436405386e+000
17 56 92
2 38 1900 202.8600 -106.4800 39 1874 154.5400 -162.6000
-8.0950307077e-001 -1.0463322666e+000 -8.4239761345e+000
143 154 67
2 38 1539 -156.5800 -201.1200 39 1174 -190.9800 -243.8500
-6.6884874724e-001 -9.6554107785e-001 -8.3564580033e+000
114 137 124
2 38 2114 -130.4100 -187.0400 39 2071 -166.0200 -232.6300
-3.6659670913e-001 -9.7753698382e-001 -8.5091885388e+000
35 58 41
2 38 2118 -70.1600 -185.9800 39 1904 -108.6400 -230.3900
1.1344642351e+000 3.0269476983e-002 -8.0710209208e+000
17 85 134
2 38 2288 227.6100 6.1800 39 2260 180.8000 -65.8900
4.8786063707e+000 2.6376371940e-001 -9.4164366276e+000
161 98 58
2 38 328 844.0500 45.6900 39 357 781.6300 -22.1500
4.3272365197e+000 1.9003430934e-001 -9.2757668492e+000
90 65 61
2 38 937 760.3400 33.3500 39 993 698.7300 -33.4900
3.9541075290e+000 5.0821592808e-002 -9.1624311508e+000
190 82 42
2 38 947 703.4000 8.9500 39 1009 641.4600 -56.8600
1.3660650886e+000 -3.5436659222e-002 -8.2735888869e+000
187 130 105
2 38 1409 267.5500 -6.8600 39 1378 219.4000 -75.2500
3.2479196790e+000 -1.8827815126e-001 -9.0931632913e+000
139 96 84
2 38 1435 581.2500 -33.6900 39 1395 522.2900 -95.1400
4.3492596209e+000 -5.4912835338e-002 -9.4269885514e+000
185 162 144
2 38 984 751.8101 -9.5000 39 1044 689.0000 -71.8500
2.6526773125e+000 1.3173930102e-001 -8.6470228099e+000
169 33 48
2 38 1872 499.1100 24.7100 39 1649 443.5000 -44.6700
1.0043772883e+000 -2.0544414351e-001 -8.2385736192e+000
14 59 83
2 38 1443 197.6600 -40.3500 39 1406 150.4700 -105.6200
3.3334883144e-001 -6.2653201992e-001 -8.2962009565e+000
131 88 79
2 38 1492 64.7300 -122.1700 39 1446 21.5600 -178.2400
-3.2013244214e-001 -6.3590290993e-001 -8.0181598548e+000
33 60 32
2 38 1896 -65.3200 -128.2300 39 1884 -103.3300 -185.9400
1.8759424611e-001 -6.6804492539e-001 -8.4323583009e+000
161 107 104
2 38 2099 35.3800 -128.1300 39 1886 -5.6200 -180.4100
3.2865539582e+000 -7.1907618867e-002 -9.0268349238e+000
195 144 124
2 38 980 592.6500 -12.9800 39 423 533.7800 -76.8300
-6.1286224093e-002 -1.0644867722e-001 -7.8105887685e+000
147 156 129
2 38 1876 -12.9600 -21.9000 39 1858 -51.6700 -91.1200
4.4802304846e+000 3.4487906120e-001 -9.2348908482e+000
34 18 32
2 38 1679 790.5601 60.8700 39 1365 729.6700 -8.8200
4.3927525981e+000 2.4441395059e-001 -9.2631207523e+000
184 159 142
2 38 1391 772.7000 43.0200 39 996 711.6000 -24.9500
1.3862719144e+000 -1.3006233071e-001 -8.3237317801e+000
114 59 63
2 38 371 269.6300 -25.2100 39 395 221.3800 -91.8800
-3.4808001062e-001 -4.1353208675e-001 -7.9117177797e+000
24 53 30
2 38 1465 -72.3600 -84.3700 39 1078 -108.2900 -146.6400
4.0214333885e+000 -6.3440837402e-001 -9.9092635158e+000
172 146 128
2 38 1506 661.5100 -104.4200 39 1437 598.2500 -151.9600
-4.9326903911e-001 -8.3717514359e-001 -8.2533295359e+000
28 55 40
2 38 1929 -96.9800 -164.1800 39 1691 -134.8500 -213.9500
3.0635479318e-001 -5.4238974853e-001 -8.1933718842e+000
173 156 133
2 38 1042 60.2300 -107.0600 39 1110 17.3200 -165.8800
1.4735168018e+000 -9.1888790679e-001 -9.1158235399e+000
140 80 70
2 38 1119 262.2800 -163.5000 39 631 211.1000 -208.1900
-2.4240086287e-001 2.8919523897e-001 -7.5606706421e+000
160 158 137
2 38 2083 -52.0200 62.0800 39 1857 -87.9500 -15.7300
4.9130047487e+000 1.4198868919e-001 -9.5216527655e+000
159 92 46
2 38 1404 840.8000 24.3000 39 1012 777.3700 -40.7800
4.6770861288e+000 2.5290117067e-001 -9.2922856413e+000
183 100 52
2 38 2192 820.1801 44.3600 39 2046 757.5100 -24.6400
2.9298635773e+000 1.2750312717e-001 -8.7495962965e+000
170 34 47
2 38 2193 545.1000 23.6300 39 2047 488.0200 -45.1900
3.4625536508e+000 5.5596256279e-001 -8.8755690194e+000
22 20 44
2 38 1867 635.1600 102.0300 39 1854 580.4900 29.2900
4.3925658000e+000 3.2399287796e-001 -9.2032726382e+000
37 17 19
2 38 938 777.8600 57.3500 39 994 716.7900 -12.2700
4.4509244481e+000 2.9188408306e-001 -9.2492139087e+000
186 159 138
2 38 1390 784.1600 51.4400 39 1366 723.0100 -17.4400
4.4087201117e+000 1.3748749478e-001 -9.3253562654e+000
190 173 145
2 38 1688 770.9500 23.8900 39 1653 707.8600 -41.8300
3.2664238948e+000 -1.3894959856e-001 -9.0529989268e+000
199 145 114
2 38 1433 587.8500 -25.1200 39 1042 527.5500 -87.5100
3.8139658377e+000 -1.8369593077e-001 -9.3218911482e+000
193 129 58
2 38 375 666.3700 -32.1000 39 426 605.1100 -92.4600
-3.7698774504e-001 -3.7782411557e-001 -7.8405344689e+000
174 163 47
2 38 1008 -77.9200 -77.8700 39 1076 -115.7800 -141.6200
1.3428492455e+000 -1.4099666891e-001 -8.3473140346e+000
187 128 110
2 38 1410 260.7200 -27.3100 39 1379 212.2600 -93.0000
4.7621007093e+000 -1.2831534190e-002 -9.6279446749e+000
174 106 40
2 38 1402 806.4200 -2.2700 39 1374 742.3900 -63.2700
1.4328132915e+000 -1.4905965324e-001 -8.3335455179e+000
197 132 112
2 38 1411 278.7500 -28.9400 39 1383 229.2900 -95.3700
-1.1401057354e-001 -9.9651691423e-001 -8.6373402082e+000
33 63 19
2 38 1168 -22.1200 -186.7400 39 688 -61.5900 -230.2600
-1.1401057354e-001 -9.9651691423e-001 -8.6373402082e+000
33 63 19
2 38 1169 -22.1200 -186.7400 39 689 -61.5900 -230.2600
1.0169784202e+000 -7.2699342695e-001 -8.7429185572e+000
18 65 112
2 38 1730 188.2700 -134.6800 39 1682 140.7500 -185.2700
1.6161946530e+000 6.1760917005e-001 -8.2792332373e+000
167 165 135
2 38 917 316.1300 121.1900 39 966 272.3500 45.8900
2.0860009512e+000 7.1485890018e-001 -8.4744965034e+000
164 91 90
2 38 1669 399.2200 137.1500 39 1635 353.9800 62.6900
2.5441024432e+000 -1.3954647935e-001 -8.7583017847e+000
186 129 102
2 38 970 471.9100 -25.8400 39 405 416.6300 -90.2700
4.0488182747e+000 -4.7766307348e-001 -9.6983691872e+000
188 153 126
2 38 1025 680.3600 -80.3200 39 509 617.0601 -132.8000
3.9465151676e+000 -7.2877399197e-002 -9.2526379632e+000
104 37 11
2 38 378 694.8900 -12.8500 39 430 633.0800 -76.0800
-6.5969557938e-001 -5.4742512361e-001 -7.8075482574e+000
47 105 123
2 38 1038 -137.6300 -113.3300 39 1101 -172.5500 -174.3600
4.0901080477e+000 -3.9047048839e-001 -9.6465313102e+000
189 162 126
2 38 996 690.9100 -66.0000 39 1062 627.9800 -120.3400
3.9258181658e+000 -7.8501745435e-001 -1.0023589875e+001
166 139 117
2 38 1078 638.2100 -127.6600 39 590 575.4000 -171.7900
3.9636976651e+000 1.2715702730e-001 -9.1458527410e+000
209 121 71
2 38 1401 706.6700 22.5000 39 1372 644.7700 -44.1200
6.4085615469e-001 -7.9767830888e-001 -8.5826022720e+000
130 32 68
2 38 1515 121.3600 -150.5700 39 1148 74.3400 -201.0100
-5.9707641804e-001 -8.8117894484e-001 -8.2819435238e+000
150 153 39
2 38 1928 -117.3700 -172.2000 39 1690 -153.6700 -220.4500
3.9205785868e+000 1.8974919754e-001 -9.1322939479e+000
186 92 29
2 38 2249 699.6300 33.7900 39 2216 639.3300 -33.5300
8.6861844980e-001 3.9706964735e-003 -8.0561336108e+000
102 22 57
2 38 2287 173.8700 1.0000 39 2261 130.2600 -69.7100
3.5905060623e+000 2.5996231187e-001 -8.8870458366e+000
101 23 37
2 38 2330 658.4000 47.5400 39 2304 598.7400 -23.3000
2.0443746529e+000 7.6653338810e-001 -8.4985990772e+000
93 29 30
2 38 899 390.5900 146.5400 39 941 345.2700 72.7500
3.1001519119e+000 6.6113598479e-001 -8.8023224496e+000
65 32 41
2 38 922 572.8500 122.3200 39 303 521.6700 49.3500
3.3655346940e+000 7.6132474411e-001 -8.9075866319e+000
31 27 55
2 38 908 614.7800 139.2600 39 950 563.7300 66.3000
3.3920727526e+000 7.2002646828e-001 -8.9366466297e+000
35 30 51
2 38 909 617.9600 131.2100 39 975 565.8400 59.1400
1.6946063497e+000 6.1765877146e-001 -8.3104559470e+000
187 149 99
2 38 1369 330.7200 120.6900 39 967 285.6899 45.7800
2.0860009512e+000 7.1485890018e-001 -8.4744965034e+000
164 91 90
2 38 1668 399.2200 137.1500 39 1634 353.9800 62.6900
2.8391816112e+000 6.5140952740e-001 -8.7005032220e+000
68 21 32
2 38 1374 530.5601 121.8600 39 1355 480.2300 48.3500
2.9437417405e+000 6.5292814280e-001 -8.7694270766e+000
82 35 41
2 38 1375 546.0500 121.1700 39 1356 495.1500 48.6000
2.7590691992e+000 4.6049202028e-001 -8.6355727891e+000
46 14 25
2 38 1384 519.4100 86.7800 39 985 467.2000 13.7000
2.7917406022e+000 -1.9391558212e-001 -8.8994841269e+000
186 70 74
2 38 974 510.2200 -35.4500 39 1038 452.8800 -97.9000
1.5706111918e-001 6.2065639111e-001 -7.7489266393e+000
36 59 48
2 38 2067 32.8300 129.8200 39 2040 -3.7600 51.3700
2.0557451578e+000 6.4248504711e-001 -8.4541349048e+000
121 53 64
2 38 1864 394.2300 123.5800 39 1849 348.6300 49.3000
4.4385736253e+000 8.5689418376e-002 -9.3294698679e+000
33 17 31
2 38 950 775.6300 14.8800 39 1011 712.2200 -50.6600
1.8048916282e+000 -1.5056189232e-001 -8.5520452401e+000
195 134 99
2 38 958 342.3101 -28.5000 39 1023 291.3900 -92.6400
-3.3422683543e-001 -3.7657040584e-001 -7.8673465987e+000
178 173 28
2 38 1009 -69.4900 -77.2800 39 476 -106.3300 -140.8800
4.0280721311e+000 -5.6286389794e-001 -9.8061145681e+000
191 158 138
2 38 464 669.4900 -93.6100 39 507 606.2300 -143.4700
-7.8581026134e-001 -6.8796472292e-001 -7.9607512949e+000
152 158 40
2 38 1093 -160.4100 -139.8100 39 1099 -195.1100 -195.2500
-1.3789686735e-001 6.9896274421e-001 -7.6964101280e+000
167 151 91
2 38 2066 -29.2600 147.2300 39 2030 -62.8100 68.7400
3.2996656620e+000 8.3366871681e-001 -9.0113118830e+000
155 121 97
2 38 1854 596.3199 150.5800 39 1847 545.9399 80.0800
2.5230583339e+000 -1.8460662859e-001 -8.7674511531e+000
192 135 105
2 38 1428 467.6700 -34.2000 39 1392 411.8600 -97.8500
2.0122524248e-001 -7.1306951649e-001 -8.3415264532e+000
163 164 146
2 38 1105 38.9600 -138.3400 39 548 -3.9100 -191.7900
-3.1215224373e-001 -9.6390787183e-001 -8.5062937621e+000
160 160 43
2 38 1166 -59.6400 -183.4600 39 617 -98.8600 -228.3300
-5.7205610160e+001 2.5160815931e+001 -1.5610103312e+002
81 66 54
2 38 1586 -596.4500 262.9900 39 1529 -609.0600 397.6900
7.0644818186e-001 -4.1406849475e-001 -8.2624193151e+000
200 140 104
2 38 1889 138.2000 -81.0500 39 1671 93.0100 -142.1500
4.4355049519e+000 -8.1468573468e-001 -1.0314164820e+001
132 112 103
2 38 1727 701.1300 -128.8400 39 1459 636.7400 -170.9000
4.7296569540e+000 -2.6839179648e+000 -1.0130549528e+001
136 120 122
2 38 1947 761.0200 -431.8900 39 1726 675.3101 -459.2900
-7.6618158640e+001 3.0161882934e+001 -1.5226100737e+002
88 78 66
2 38 1780 -820.2000 322.9100 39 1737 -835.2700 467.4500
-8.5103865215e+001 2.8515653620e+001 -1.5683919091e+002
71 60 62
2 38 1781 -884.1700 296.0500 39 1739 -899.8400 442.3000
-7.5573418874e+001 2.7529798739e+001 -1.8218232575e+002
89 40 29
2 38 1809 -676.2000 246.6200 39 1742 -688.9800 385.1900
-6.0165904393e+001 2.4710339780e+001 -1.6975777878e+002
55 55 70
2 38 1810 -576.6900 237.4600 39 1746 -589.1000 371.5700
2.6147268584e+000 7.0082154503e-001 -8.6479685242e+000
73 26 37
2 38 2182 491.0601 131.9000 39 2162 443.0200 58.1400
-5.9958541581e+001 3.1321192925e+001 -1.6964573560e+002
69 55 44
2 38 1984 -575.3900 301.2500 39 1937 -586.9500 437.2700
-7.3764956731e+001 2.9269826018e+001 -1.5749996933e+002
57 47 42
2 38 1981 -762.4400 303.2000 39 1936 -778.8800 445.2700
-7.1336509301e+001 2.9981360806e+001 -1.5381858481e+002
92 83 66
2 38 1978 -756.0700 317.9800 39 1935 -770.1800 460.1000
-6.0880579301e+001 2.5349168674e+001 -1.6213716174e+002
115 95 84
2 38 1991 -611.1000 255.1100 39 1943 -624.2200 390.5000
2.8280280897e+000 5.5504992270e-001 -8.6498523210e+000
152 107 55
2 38 2245 531.8700 104.3800 39 2210 479.6600 30.6400
3.6881447099e+000 6.1355207027e-001 -8.9969517487e+000
14 61 103
2 38 2247 667.8700 111.0500 39 2212 612.7000 39.3100
4.6451909735e+000 -2.7795333019e-001 -9.8143631804e+000
178 146 125
2 38 1887 771.2700 -46.1500 39 1871 707.6500 -101.5700
-8.1631229690e+001 3.0038370872e+001 -1.4898786717e+002
101 89 53
2 38 2132 -891.9300 328.1600 39 2083 -908.9500 475.2800
-6.9886496052e+001 2.9829658015e+001 -1.6745870655e+002
65 55 51
2 38 2139 -679.7900 290.7200 39 2088 -693.6100 430.0200
-6.1194330280e+001 2.9685862631e+001 -1.6754766271e+002
39 23 23
2 38 2140 -594.4300 289.1100 39 2090 -606.9400 425.3000
-8.5682363776e+001 2.9186396607e+001 -1.5475409603e+002
51 35 37
2 38 2136 -901.6600 306.9400 39 1932 -918.0700 454.0700
3.4310782265e+000 3.3517069814e-001 -8.8519391784e+000
68 18 27
2 38 2248 630.9100 61.7000 39 2215 574.1801 -9.8400
-7.3571059298e+001 3.1501362903e+001 -1.6481774426e+002
139 112 69
2 38 2222 -727.3300 311.8800 39 2085 -741.7400 453.4700
-2.5757174701e-001 -6.3067708686e-003 -7.6410575475e+000
62 111 141
2 38 2250 -55.2100 -1.1200 39 2166 -91.4500 -74.1600
2.9113963753e-001 -5.5323367233e-001 -8.2357447321e+000
160 141 125
2 38 2289 56.5200 -108.5900 39 2222 14.6900 -166.4800
-1.2495079472e+000 1.2921530519e+000 -8.0813488994e+000
167 39 46
2 38 1270 -250.7000 259.5800 39 1283 -274.3500 194.2400
-1.1906989905e+000 1.2985190719e+000 -8.1200696823e+000
176 27 44
2 38 777 -238.0400 259.6100 39 1285 -261.3100 194.7100
1.2433048620e+000 1.3473211846e+000 -8.8622803781e+000
196 93 85
2 38 1298 227.8700 246.7100 39 1299 193.2300 182.8000
2.2301453586e+000 9.8882373811e-001 -8.7379036416e+000
120 88 89
2 38 866 414.4200 183.9700 39 911 371.6300 112.9200
-8.4704996562e-001 6.3712280069e-001 -7.4079971758e+000
158 157 138
2 38 891 -185.4000 139.5300 39 960 -214.8900 58.7800
2.5847813107e+000 8.0703039968e-001 -8.7037635132e+000
164 126 113
2 38 904 483.0699 150.7400 39 946 435.0500 78.0700
3.3651311139e+000 8.3640561789e-001 -9.0003681718e+000
28 28 56
2 38 907 608.6600 151.3400 39 949 558.4200 80.0600
2.2812401581e+000 6.3338878571e-001 -8.5063658883e+000
84 32 36
2 38 278 435.8600 120.9900 39 971 387.2600 46.8900
2.9341665611e+000 3.9339318922e-001 -8.6860918747e+000
137 83 51
2 38 310 549.6500 73.6700 39 328 495.2500 1.2700
-1.2989950967e+000 1.0643649807e+000 -7.7507697347e+000
176 38 46
2 38 1296 -272.4300 222.9800 39 1307 -295.5700 151.0800
9.9678711737e-001 9.3863418737e-001 -8.2611949891e+000
181 46 41
2 38 1342 195.1600 184.3500 39 1330 157.9200 110.5200
1.6088815559e+000 1.1932997943e+000 -8.7301156240e+000
16 78 121
2 38 1613 298.7500 222.0000 39 1600 261.6500 153.5000
1.5845953321e+000 6.4788886636e-001 -8.2678949794e+000
69 41 59
2 38 894 310.5500 127.2600 39 965 266.7900 51.7600
2.4727322552e+000 6.4145882009e-001 -8.5776811744e+000
62 26 24
2 38 1372 467.8199 121.7300 39 1354 420.1700 47.5900
4.0059882525e+000 5.9400482724e-001 -9.0652095399e+000
138 51 67
2 38 925 720.2700 106.7100 39 312 663.1700 34.7400
3.9719322016e+000 8.4716392329e-003 -9.2134476402e+000
131 49 26
2 38 350 702.2900 1.5000 39 377 640.9700 -63.3000
8.9216777861e-001 -1.2753390728e-001 -8.1928709289e+000
12 84 124
2 38 956 176.4301 -25.1400 39 1020 130.7300 -91.4800
-6.4164901095e-001 -3.8988028683e-001 -7.7613575199e+000
22 50 39
2 38 1002 -134.4000 -81.1400 39 470 -169.3200 -144.9600
-7.8881508046e-001 -6.2670928249e-001 -7.9103345284e+000
159 153 46
2 38 1036 -162.2100 -128.1300 39 532 -196.3500 -185.3000
-7.2164541158e-001 -5.5838392822e-001 -7.8386544389e+000
40 58 26
2 38 484 -149.6100 -115.1800 39 536 -184.5400 -174.9800
5.2540429217e-001 7.7914001418e-001 -7.9855844598e+000
29 55 20
2 38 2052 106.9100 158.1200 39 2032 68.9900 82.0500
5.2540429217e-001 7.7914001418e-001 -7.9855844598e+000
29 55 20
2 38 2051 106.9100 158.1200 39 2031 68.9900 82.0500
7.6843108936e-001 8.2106830947e-001 -8.1208382685e+000
165 88 78
2 38 1842 153.0100 163.9800 39 1843 115.5800 89.1000
3.2018762593e+000 9.0399662246e-001 -8.9995515341e+000
76 46 59
2 38 1655 579.1000 163.5300 39 1836 530.4301 92.8400
-2.1002169807e+000 7.0072163420e-001 -7.6048928087e+000
195 171 145
2 38 1663 -448.7100 149.9000 39 1624 -468.9300 82.0700
5.0861240796e+000 4.7387238830e-001 -9.4037331632e+000
199 104 52
2 38 1680 881.2100 82.0700 39 1856 819.3500 11.6500
2.8256568418e+000 -1.0093728957e-001 -8.8760282615e+000
202 86 93
2 38 976 517.3400 -18.4100 39 1037 461.4000 -82.5400
2.9799823255e+000 -2.6874637923e-001 -9.1086218906e+000
201 96 93
2 38 1448 532.1500 -47.9900 39 1057 474.5200 -106.9500
2.9982609445e+000 -3.8113722885e-001 -9.1289005934e+000
200 86 96
2 38 993 534.4600 -67.9600 39 1058 475.3800 -125.5800
3.2286290334e+000 -5.2413621173e-001 -9.3876776575e+000
195 134 114
2 38 1019 559.4000 -90.8100 39 1091 500.1801 -144.0800
-6.5011437447e-001 -6.1806821318e-001 -7.8879533528e+000
44 108 125
2 38 1483 -133.8600 -126.7300 39 1441 -169.8600 -185.2400
-8.3768010151e-001 1.0926389340e+000 -7.9646277919e+000
163 153 112
2 38 2009 -170.9000 222.5800 39 2006 -196.7300 152.7300
-5.6488889830e-001 1.0802067793e+000 -8.0243958670e+000
168 152 97
2 38 2025 -113.9300 218.2900 39 2008 -142.4600 148.2800
-1.7846710289e-001 1.0104132775e+000 -8.0019589847e+000
32 61 33
2 38 2029 -37.3100 204.8300 39 2139 -65.9400 131.8600
9.4527092292e-001 1.0182224922e+000 -8.3270256308e+000
179 46 47
2 38 2034 183.8300 198.3600 39 2013 147.3101 126.0000
3.2996656620e+000 8.3366871681e-001 -9.0113118830e+000
155 121 97
2 38 1855 596.3199 150.5800 39 1846 545.9399 80.0800
3.2850591314e+000 -2.4103853358e-001 -9.1230459714e+000
194 143 116
2 38 1450 586.0699 -43.0100 39 1414 526.4301 -103.6300
3.2283945090e+000 -4.1837885003e-001 -9.2329762979e+000
196 141 110
2 38 1471 569.1100 -73.7700 39 1413 508.9399 -130.5000
2.0106817501e+000 -6.2471172279e-001 -8.9732144386e+000
189 131 117
2 38 1060 363.8101 -113.0100 39 1121 309.7500 -165.8700
2.0122524248e-001 -7.1306951649e-001 -8.3415264532e+000
163 164 146
2 38 1106 38.9600 -138.3400 39 549 -3.9100 -191.7900
2.9848011798e+000 -8.3428065013e-001 -9.7174022101e+000
194 128 113
2 38 1523 499.1400 -139.5600 39 1129 441.8800 -183.5600
-7.2441343583e+001 2.3118114782e+001 -1.3182768189e+002
67 53 53
2 38 1572 -895.3200 285.4900 39 1516 -911.0200 429.7400
-7.4864562525e+001 2.6234143463e+001 -1.6527566286e+002
158 108 87
2 38 1585 -737.9000 259.0300 39 1527 -752.9400 399.2600
-9.4242613482e+001 2.6607061270e+001 -1.7038332704e+002
108 62 46
2 38 1584 -901.9400 254.2100 39 1522 -916.3800 400.6000
-9.0995546664e+001 2.1534349603e+001 -1.5852856202e+002
145 112 97
2 38 1806 -935.8000 220.9400 39 1531 -950.1000 366.8500
-9.0958891046e+001 2.2016478519e+001 -1.6199733503e+002
134 102 90
2 38 1601 -914.1700 221.2600 39 1533 -931.2900 366.5000
-1.1942764544e+002 1.7193840632e+001 -2.1875806663e+002
75 44 41
2 38 1661 -889.1600 128.0800 39 1553 -905.9900 272.7400
-9.5387415890e+001 1.1593062265e+001 -1.7635108342e+002
65 44 59
2 38 1673 -882.8000 107.0600 39 1562 -895.8300 249.4200
2.5435132599e+000 9.8148737502e-001 -8.8478218456e+000
144 119 97
2 38 2174 467.5200 180.3600 39 2147 422.4600 110.0100
1.5720292026e+000 8.7657509837e-001 -8.5014254007e+000
21 78 107
2 38 2054 300.3800 167.3100 39 2023 258.3800 96.0000
2.9540210408e+000 8.8861864655e-001 -8.8881976141e+000
73 30 40
2 38 2057 540.6300 162.7200 39 2036 492.8700 91.1700
7.7297277695e-001 -9.9602563204e-002 -8.0336146224e+000
144 21 24
2 38 1878 155.6200 -19.9600 39 1860 110.7800 -89.4100
3.2945350809e+000 -1.5538340228e-001 -9.0519399091e+000
193 138 106
2 38 1702 592.3300 -27.9300 39 1662 533.0200 -90.7100
3.9941928430e+000 -2.9802073687e-001 -9.4467760534e+000
172 81 47
2 38 1712 689.1700 -51.5000 39 1666 625.6899 -109.4300
4.9010992367e+000 -2.1678826751e+000 -9.7370434810e+000
44 32 44
2 38 1944 819.3700 -362.6300 39 1715 734.6400 -402.5500
-9.4187915333e+001 2.5257512787e+001 -1.6897171960e+002
148 94 77
2 38 1597 -907.7000 243.3600 39 1525 -924.5600 389.4600
-9.4187915333e+001 2.5257512787e+001 -1.6897171960e+002
148 94 77
2 38 1598 -907.7000 243.3600 39 1524 -924.5600 389.4600
-9.2997406499e+001 2.5654435030e+001 -1.7230384533e+002
164 74 53
2 38 1807 -878.9600 242.5800 39 1941 -895.9200 387.7900
-9.7192528753e+001 2.4345528489e+001 -1.8003131933e+002
130 104 89
2 38 1808 -879.8500 220.3200 39 1944 -895.5400 365.3500
-8.5852569089e+001 1.6940309401e+001 -1.7203389293e+002
45 27 23
2 38 1836 -813.5100 160.6300 39 1765 -828.6000 301.3200
-8.6064863575e+001 1.8168524947e+001 -1.7507402782e+002
115 95 82
2 38 1835 -801.4900 169.3000 39 1763 -816.2200 309.9300
-1.0701845106e+002 2.0165942218e+001 -2.0052820831e+002
70 40 50
2 38 1834 -870.2600 163.8900 39 1762 -885.0600 308.0500
1.6051526286e-001 8.1048827322e-001 -7.8637898623e+000
30 57 36
2 38 2240 32.6700 167.1000 39 2208 -1.4700 90.0000
-8.5364396428e-001 5.6534167239e-001 -7.3404129489e+000
48 99 123
2 38 2061 -188.7300 124.9800 39 2039 -218.2900 43.0200
5.2983903755e-002 -1.3181589161e-001 -7.8453160262e+000
163 164 144
2 38 2089 11.4100 -27.1300 39 1859 -29.8000 -95.8200
-8.0026985718e-001 -6.5861297512e-001 -7.9317777409e+000
90 118 87
2 38 1912 -164.1900 -134.3000 39 1880 -198.1900 -190.6200
-8.2508236480e+001 2.6767484833e+001 -1.7840513718e+002
100 42 31
2 38 2003 -753.2800 244.8400 39 1942 -768.8600 385.9300
-8.2360839382e+001 2.5662873039e+001 -1.7080254525e+002
51 31 30
2 38 2001 -786.1400 245.1100 39 1741 -800.7800 386.9800
-8.5798037668e+001 2.4639296131e+001 -1.7724367026e+002
132 113 110
2 38 2002 -789.0900 226.7900 39 1945 -803.9800 368.5800
-7.8458690218e+001 2.5066165981e+001 -1.8536944983e+002
132 90 82
2 38 2004 -689.9800 220.6900 39 1946 -703.0300 359.1700
-1.0515759043e+002 2.3731874665e+001 -1.9362367750e+002
131 101 87
2 38 2020 -885.2200 199.6800 39 1949 -900.7500 344.9800
-9.7664566788e+001 1.9278575843e+001 -2.0148458981e+002
61 41 32
2 38 2043 -789.8700 156.1300 39 1954 -805.3400 297.2600
-8.3233959706e+001 1.8280803656e+001 -1.7535619576e+002
66 47 30
2 38 2044 -773.8200 170.1100 39 1955 -788.3300 309.7900
-8.7197412702e+001 1.6691369080e+001 -2.0086222950e+002
163 103 69
2 38 2060 -707.2500 135.6300 39 1961 -721.5500 273.4000
-9.7141321173e+001 1.3724375001e+001 -2.1881904596e+002
93 70 78
2 38 2075 -723.7700 102.3700 39 1969 -737.3500 240.7600
-9.7141321173e+001 1.3724375001e+001 -2.1881904596e+002
93 70 78
2 38 2076 -723.7700 102.3700 39 1970 -737.3500 240.7600
1.8996571252e+000 7.2462096637e-001 -8.4668363438e+000
181 143 96
2 38 2181 364.1000 139.0200 39 2156 319.3900 65.6600
1.5497709093e+000 5.7968161708e-001 -8.2349056506e+000
167 161 134
2 38 2185 305.0100 114.3000 39 2161 260.5200 38.7900
-1.4881459522e-001 -6.5494490279e-001 -8.1287350539e+000
39 62 47
2 38 2098 -29.9800 -130.3200 39 2058 -69.8800 -186.5400
-7.8486458930e+001 2.7940683364e+001 -1.5172682369e+002
140 127 118
2 38 2137 -843.0800 300.1100 39 2087 -858.4800 444.6200
-7.3565426553e+001 2.7738010744e+001 -1.6977919135e+002
176 121 84
2 38 2145 -706.3800 266.6300 39 2094 -719.7000 406.2300
-9.0005855437e+001 2.6549572009e+001 -1.8090006107e+002
28 17 30
2 38 2233 -811.6900 239.3500 39 2193 -825.5600 382.5300
-9.8398449271e+001 1.7755131741e+001 -2.0789622149e+002
157 58 65
2 38 2177 -771.1800 139.3800 39 2105 -786.5300 279.7400
-2.3358090281e-001 6.3439670417e-001 -7.6124657571e+000
31 58 40
2 38 2281 -50.2700 135.1500 39 2257 -83.0700 55.5600
3.4805370219e+000 -3.2026111986e-001 -9.3559991642e+000
193 143 108
2 38 2197 605.2800 -55.6600 39 2054 546.0100 -112.6200
-9.3340823282e+001 2.8905291011e+001 -1.6661084183e+002
177 123 64
2 38 2230 -912.2800 282.3300 39 2191 -928.8900 429.7500
-9.3340823282e+001 2.8905291011e+001 -1.6661084183e+002
177 123 64
2 38 2231 -912.2800 282.3300 39 2190 -928.8900 429.7500
-8.9651774512e+001 2.0176521726e+001 -1.5858510738e+002
151 122 103
2 38 2234 -920.9800 207.0800 39 2097 -936.9200 351.9900
1.0558370729e+000 8.2416795610e-001 -8.1501431866e+000
170 159 132
2 38 2277 209.3199 164.1200 39 2252 170.7900 87.9300
-5.7505128576e-001 3.1731201017e-001 -7.4026528909e+000
28 91 126
2 38 2285 -125.9500 69.5900 39 2259 -159.3000 -10.3500
2.7963173460e+000 3.7809336505e-001 -8.6603010909e+000
41 16 27
2 38 2286 525.5200 70.9400 39 2258 471.2400 -0.9400
2.9113963753e-001 -5.5323367233e-001 -8.2357447321e+000
160 141 125
2 38 2290 56.5200 -108.5900 39 2221 14.6900 -166.4800
-7.7475474081e+001 2.4565239818e+001 -1.4629294817e+002
24 13 19
2 38 2274 -863.1700 273.5900 39 2233 -878.5700 417.5200
-8.5440580168e+001 2.1386667907e+001 -1.7708574503e+002
31 21 29
2 38 2276 -787.4100 197.0200 39 2236 -800.4600 337.9500
-4.3445112505e-001 4.4211202760e-001 -7.4801767134e+000
155 148 122
2 38 2303 -93.9800 95.8500 39 2283 -128.0400 15.9200
4.0910896508e+000 -8.0600477770e-001 -1.0123632092e+001
103 86 79
2 38 2259 658.8101 -129.8500 39 2177 595.0500 -173.0200
-8.1008345616e+001 2.7514761043e+001 -1.6168636793e+002
170 118 87
2 38 2318 -817.1400 277.4700 39 2291 -831.3900 420.9500
4.7200863775e+000 5.2874515221e-001 -9.7767744564e+000
174 102 39
2 38 2375 786.4399 88.2500 39 2352 731.1400 26.2300
-1.0865109875e+000 6.9901118946e-001 -7.3882826102e+000
180 154 112
2 38 1353 -238.7600 153.5700 39 1340 -265.6600 73.3800
1.5959568324e+000 1.0266242179e+000 -8.5634198471e+000
26 78 122
2 38 827 302.3101 194.6500 39 902 262.6801 123.5200
1.9891855172e+000 1.0094065580e+000 -8.6640448479e+000
162 94 93
2 38 139 372.9100 189.2600 39 903 330.7900 118.0900
1.9802113975e+000 9.6958966997e-001 -8.6281412485e+000
90 27 35
2 38 860 372.5000 182.5900 39 904 330.4200 110.8000
2.9061241084e+000 9.1806271276e-001 -8.8838942452e+000
79 29 35
2 38 872 531.5000 168.3000 39 921 485.4800 96.5000
3.2489718572e+000 9.1186652133e-001 -8.9919884417e+000
129 43 51
2 38 874 588.7500 164.9800 39 922 538.6300 94.1000
2.1483972357e+000 7.0745222628e-001 -8.4800368391e+000
163 99 101
2 38 239 411.2800 135.6000 39 252 364.9200 61.0600
2.6854661753e+000 6.8304238610e-001 -8.6579100435e+000
117 69 69
2 38 248 504.2300 128.3500 39 298 454.8199 54.6700
2.9967987908e+000 6.5535914646e-001 -8.7690161497e+000
62 24 32
2 38 286 556.0699 121.6200 39 299 504.6400 48.7500
3.6447170746e+000 7.5406609035e-001 -9.0129712803e+000
18 54 96
2 38 263 658.8000 136.2500 39 274 605.5500 64.2100
1.6530674703e+000 5.7070245825e-001 -8.3415048927e+000
175 87 71
2 38 918 321.4399 111.0800 39 294 276.3500 37.5100
3.0435153088e+000 5.5425834773e-001 -8.6982995821e+000
119 75 32
2 38 287 569.0699 103.7700 39 306 516.4100 29.6100
2.8069090352e+000 4.3492181333e-002 -8.7658143775e+000
157 30 37
2 38 345 520.5900 8.1100 39 374 464.8800 -59.2300
2.7072604374e+000 -2.1555904743e-002 -8.7361410998e+000
159 26 40
2 38 344 503.6600 -3.9600 39 403 447.9800 -70.8000
3.7302546675e-001 1.6729686001e+000 -8.9112871099e+000
155 93 75
2 38 1787 68.4600 304.5500 39 1976 39.7100 245.8400
8.3244699402e-001 8.1286227398e-001 -8.1089509228e+000
179 151 126
2 38 1341 166.1100 162.5800 39 1343 127.9800 87.0800
1.9484414303e+000 8.6760069803e-001 -8.5192482480e+000
102 36 45
2 38 1344 371.0500 165.4800 39 1332 327.9200 92.0100
4.0277960358e+000 8.6856698068e-001 -9.2325774530e+000
108 27 27
2 38 1671 710.6700 153.3400 39 1637 658.5200 82.8300
4.8269522756e+000 2.9550159232e-001 -9.3778378611e+000
51 21 20
2 38 327 838.7700 51.3400 39 354 776.2700 -17.0600
2.6897573117e+000 8.4838049161e-002 -8.6922097548e+000
192 74 81
2 38 339 503.1801 15.8700 39 370 447.7900 -52.5400
2.7368706615e+000 -2.5841775669e-001 -8.9202209365e+000
156 24 37
2 38 400 499.0699 -47.1400 39 444 441.5300 -108.2700
3.0881067795e+000 -3.4679304124e-001 -9.2105739830e+000
160 34 45
2 38 994 545.0500 -61.1700 39 454 487.4800 -118.4000
3.8554590045e+000 -3.7752058704e-001 -9.5318569008e+000
188 97 69
2 38 414 658.9500 -64.5600 39 456 596.8600 -119.7300
2.0044888695e+000 -8.8959603621e-001 -9.3380006214e+000
186 125 110
2 38 570 348.3400 -154.6300 39 653 295.0300 -198.9000
7.3077876859e-002 8.3478755176e-001 -7.8964731105e+000
164 156 54
2 38 1645 15.3500 171.3100 39 1829 -19.4400 95.6300
7.3077876859e-002 8.3478755176e-001 -7.8964731105e+000
164 156 54
2 38 1644 15.3500 171.3100 39 1830 -19.4400 95.6300
2.2002298285e+000 1.0296073688e+000 -8.7457830880e+000
80 39 48
2 38 1632 408.7300 191.3300 39 1333 366.0200 120.5200
2.6233243956e+000 1.0856836742e+000 -8.9649673081e+000
31 14 22
2 38 1634 475.8101 196.9700 39 1604 432.2300 128.0100
2.6233243956e+000 1.0856836742e+000 -8.9649673081e+000
31 14 22
2 38 1635 475.8101 196.9700 39 1605 432.2300 128.0100
2.5934036352e+000 2.9541598281e-002 -8.7409284270e+000
190 139 111
2 38 1395 482.2700 5.5100 39 1368 427.6200 -60.9000
1.9417848019e+000 -1.4162358062e-001 -8.4991757690e+000
95 46 39
2 38 1419 370.8400 -27.0100 39 1026 318.2100 -93.0700
-9.5569393024e+001 2.2333777853e+001 -1.7194220835e+002
100 75 64
2 38 1306 -904.2300 211.5700 39 1248 -922.9400 356.7100
-1.1285048005e+000 7.2916791688e-001 -7.4013928722e+000
164 37 38
2 38 1643 -247.7000 159.9300 39 1629 -273.8500 80.1200
-9.3818191252e-001 7.4267708353e-001 -7.4875635215e+000
179 33 47
2 38 1840 -203.2100 160.9300 39 1841 -231.3400 82.0800
8.1544857650e-001 6.5415858447e-001 -7.9736846084e+000
166 83 72
2 38 1666 165.1400 133.1000 39 1641 125.9500 55.4600
2.1559547705e+000 6.4288415229e-001 -8.4716820772e+000
111 52 58
2 38 1865 413.0699 123.3600 39 1850 366.1300 49.0000
1.3111424961e+000 -3.1684411956e-002 -8.2359461534e+000
104 53 42
2 38 1408 257.6899 -6.1100 39 1376 210.3000 -75.1100
1.3111424961e+000 -3.1684411956e-002 -8.2359461534e+000
104 53 42
2 38 1407 257.6899 -6.1100 39 1377 210.3000 -75.1100
8.2154902707e-001 -2.1969999251e-001 -8.2405135283e+000
140 31 48
2 38 1707 161.2500 -43.0700 39 1403 116.2600 -107.1900
-8.9641239704e+001 1.9193845826e+001 -1.7745496612e+002
62 45 37
2 38 1637 -823.2700 176.4200 39 1538 -838.8500 318.1100
-1.0653457978e+002 1.8126833318e+001 -1.9500339871e+002
103 28 41
2 38 1350 -891.4900 151.3900 39 1550 -904.9300 295.8400
-4.7600996739e-001 1.3854644619e+000 -8.3728002267e+000
171 150 121
2 38 1992 -92.3100 268.4300 39 1984 -118.4700 204.3300
5.7486099733e-001 9.8007831290e-001 -8.2122898071e+000
171 35 36
2 38 2030 114.4399 193.3600 39 2020 77.0900 121.3000
1.6737426412e+000 1.0521155277e+000 -8.5878143536e+000
9 72 119
2 38 2037 315.7700 199.0200 39 2016 276.8600 127.6400
3.2194177679e+000 6.9127536256e-001 -8.8627319105e+000
83 53 65
2 38 1857 591.1801 127.0000 39 1853 539.4900 54.5300
4.5999408863e+000 8.3332556423e-001 -9.4608398076e+000
161 73 66
2 38 2069 792.0200 143.6500 39 2038 738.3000 74.6200
-7.3847552620e-001 -5.8495849387e-001 -7.8231177539e+000
31 63 36
2 38 1892 -153.7800 -120.8800 39 1881 -187.9500 -180.6900
-8.5852569089e+001 1.6940309401e+001 -1.7203389293e+002
45 27 23
2 38 1837 -813.5100 160.6300 39 1764 -828.6000 301.3200
-3.9384704914e-001 1.3217319537e+000 -8.3609054702e+000
163 150 117
2 38 2147 -76.1800 256.3800 39 2122 -103.7600 191.8400
9.7086493316e-001 1.1560038757e+000 -8.5052850482e+000
168 149 125
2 38 2165 184.7700 220.5300 39 2140 150.0601 151.2700
1.1761503812e+000 -5.7695469786e-002 -8.2407067423e+000
23 69 105
2 38 2090 230.8199 -11.2000 39 1861 184.6000 -79.0700
2.8124156407e+000 -6.4759492942e-001 -9.4627458317e+000
172 29 47
2 38 1905 482.3800 -111.1000 39 1674 427.0400 -160.1000
2.8124156407e+000 -6.4759492942e-001 -9.4627458317e+000
172 29 47
2 38 1906 482.3800 -111.1000 39 1675 427.0400 -160.1000
-1.0574746371e+002 1.3879929256e+001 -2.2512511441e+002
85 81 95
2 38 2073 -765.8700 100.6200 39 1967 -780.0500 240.6600
-1.3441921565e+002 1.0313899273e+001 -2.3715230576e+002
109 86 72
2 38 2079 -922.4400 70.8100 39 1981 -940.2400 216.1300
-1.2349841607e+002 9.9103461410e+000 -2.2560947853e+002
100 73 65
2 38 2080 -891.5100 71.5700 39 1982 -908.2300 215.5100
4.6161900446e+000 -3.1676665819e+000 -1.0277277068e+001
160 141 145
2 38 2125 731.6700 -502.2800 39 2079 645.0000 -521.9200
-2.6247655262e-001 8.8000283457e-001 -7.8071847940e+000
165 152 118
2 38 2238 -54.5400 182.7300 39 2206 -86.1300 106.6200
2.5060098243e+000 -2.1669767193e-001 -8.8552875618e+000
196 139 112
2 38 2094 459.5800 -39.6900 39 2052 404.8600 -101.3700
3.6742571087e+000 -6.2790129177e-001 -9.7163856204e+000
160 121 95
2 38 2102 615.4900 -105.1900 39 1877 554.6100 -154.4500
-1.0223424961e+002 1.5916052428e+001 -2.1750057203e+002
36 19 33
2 38 2072 -766.0200 119.4300 39 2106 -780.9500 259.5600
-1.2425657399e+002 1.2061308419e+001 -2.2210712588e+002
174 152 135
2 38 2187 -911.3000 88.4200 39 2114 -927.5900 233.2400
-1.1401671995e+002 1.1281949481e+001 -2.1155406817e+002
139 119 103
2 38 2188 -878.5800 86.8900 39 2115 -893.7200 230.2000
1.6928959482e+000 7.1813946021e-001 -8.3334418371e+000
17 81 123
2 38 2283 330.1000 139.8300 39 2254 284.8500 65.0000
1.1999866952e+000 -5.0938801445e-001 -8.6695965348e+000
201 122 116
2 38 2199 223.1801 -95.0000 39 2170 177.2100 -150.4100
-4.7134203052e-001 -5.7652126880e-001 -8.0047613476e+000
69 105 132
2 38 2254 -95.5400 -116.4800 39 2175 -132.9300 -174.0800
-9.9077306937e+001 1.6806253344e+001 -1.9789744670e+002
150 46 52
2 38 2242 -815.6900 138.5500 39 2200 -831.6800 280.0600
-7.7475474081e+001 2.4565239818e+001 -1.4629294817e+002
24 13 19
2 38 2275 -863.1700 273.5900 39 2234 -878.5700 417.5200
-9.7327156935e+001 1.1423546080e+001 -1.8991036349e+002
21 14 21
2 38 2327 -835.4400 98.1000 39 2293 -850.5600 239.2100
-1.3767224044e+002 3.3871530637e+001 -2.4637250742e+002
131 105 90
2 38 2321 -909.9200 223.8500 39 2310 -927.0300 372.5300
-8.7522342958e+001 2.2759948860e+001 -1.7150582951e+002
27 21 28
2 38 2345 -832.1000 216.3900 39 2311 -846.9300 359.1300
1.4333166233e+000 1.4312452135e+000 -8.9687193895e+000
141 141 131
2 38 792 259.5601 259.0700 39 1292 225.1200 195.8600
2.0171449236e+000 9.2484709500e-001 -8.5947253190e+000
165 97 83
2 38 861 381.2900 174.7900 39 909 337.7000 102.4300
3.0038565418e+000 1.0766597592e+000 -9.0416250871e+000
76 52 58
2 38 844 540.4301 193.8400 39 887 495.2700 124.2000
2.0701770129e+000 8.8493167725e-001 -8.5904672981e+000
88 26 31
2 38 184 391.0500 167.4300 39 209 347.7200 94.6800
2.0243087566e+000 8.3586686778e-001 -8.5262101466e+000
93 29 25
2 38 186 385.2500 159.3200 39 938 341.3600 85.7300
2.0257164309e+000 7.0879295106e-001 -8.4458741480e+000
168 99 92
2 38 900 389.4301 136.3400 39 942 343.3800 61.8600
2.1101143867e+000 8.7357870292e-001 -8.6043649960e+000
169 105 95
2 38 185 398.0800 165.0100 39 213 354.2700 92.4300
2.9640688499e+000 4.5161800061e-001 -8.6991767807e+000
156 104 68
2 38 309 554.7100 84.4000 39 327 500.2500 11.8000
4.8193659875e+000 1.7422846413e-001 -9.4627491697e+000
58 18 9
2 38 324 830.2200 29.9300 39 352 766.6300 -35.8100
1.8225445817e+000 1.0408823150e+000 -8.6035845041e+000
183 140 75
2 38 829 342.8300 196.6800 39 881 304.0400 124.5700
2.6939398918e+000 1.0519471335e+000 -8.9378296698e+000
36 16 16
2 38 842 490.1300 191.4600 39 913 445.7300 121.6600
-8.4704996562e-001 6.3712280069e-001 -7.4079971758e+000
158 157 138
2 38 890 -185.4000 139.5300 39 959 -214.8900 58.7800
3.8809887752e+000 -1.1570660416e-001 -9.2337459245e+000
194 139 93
2 38 376 684.7800 -20.4500 39 429 622.6801 -83.2900
-2.4153893447e+000 -2.5471209209e-001 -7.7318239778e+000
186 165 148
2 38 1439 -507.7600 -53.2900 39 1047 -528.0900 -107.9900
3.0146833805e+000 -4.4866712741e-001 -9.2667968909e+000
195 78 85
2 38 455 529.1300 -78.7500 39 498 470.8900 -133.5200
-2.0745634417e+000 8.2700219617e-001 -7.6637010182e+000
197 177 149
2 38 1332 -439.6900 175.5100 39 1322 -460.0700 108.1100
-1.1899126981e+000 8.6134343229e-001 -7.5074880758e+000
169 31 43
2 38 1334 -257.7200 186.2700 39 1609 -282.3400 108.6900
2.9445489511e+000 9.8982417751e-001 -8.9685319441e+000
88 50 50
2 38 1652 534.2900 179.5800 39 1619 487.6300 109.3400
4.4799218708e+000 7.4023974088e-001 -9.2917079263e+000
181 143 116
2 38 1365 785.2900 129.9500 39 1644 730.1000 58.6700
2.6154386878e+000 5.1672991792e-001 -8.6364026479e+000
116 59 30
2 38 1373 492.8400 97.2000 39 1357 440.8700 24.9200
-7.7399384468e+001 2.5882482563e+001 -1.8146455342e+002
93 58 50
2 38 802 -694.3800 232.7900 39 1249 -709.3900 371.5900
3.2545529804e+000 -3.6880903522e-001 -9.2159982414e+000
193 139 111
2 38 1449 574.7800 -65.1500 39 1061 514.7900 -122.7700
3.2976885673e+000 -5.5738572084e-001 -9.3861437618e+000
203 136 109
2 38 1021 572.1100 -96.7300 39 1093 510.8900 -149.8200
1.8278081639e+000 1.2205979821e+000 -8.8496876491e+000
68 42 57
2 38 1821 335.1400 224.0700 39 2003 297.2500 156.7200
1.6534701256e+000 1.1238775796e+000 -8.7049660407e+000
19 76 128
2 38 1631 308.0800 209.6700 39 1827 269.7400 140.7500
3.2025333652e+000 -4.4607120359e-002 -8.9904268173e+000
197 140 111
2 38 1701 579.5900 -8.0500 39 1660 521.6700 -72.4400
-8.1295572947e+001 2.0792816360e+001 -1.7264279588e+002
53 39 47
2 38 1622 -768.3600 196.5100 39 1540 -781.4400 336.5000
4.8062408761e+000 -2.6912196877e+000 -9.7763087667e+000
151 132 130
2 38 1761 800.3900 -448.3800 39 1496 711.1000 -480.7000
1.4181145753e+000 1.2454722426e+000 -8.8551034549e+000
13 76 112
2 38 2019 260.7400 228.1700 39 2002 223.1100 163.7200
1.6418049751e+000 1.4041834580e+000 -9.0362759746e+000
186 136 92
2 38 2000 295.0601 252.3500 39 1993 259.7900 189.3500
-6.5486360482e-001 6.8786412381e-001 -7.5098261346e+000
82 108 101
2 38 2062 -141.6400 148.5700 39 2027 -171.6300 68.7700
4.9973446984e+000 -1.9131803533e+000 -9.5026612646e+000
57 46 54
2 38 1942 856.4100 -327.9700 39 1919 769.6700 -374.4000
4.4197544497e+000 -3.4119889270e+000 -1.0935693677e+001
56 45 54
2 38 1956 658.1801 -508.5500 39 1733 578.6000 -518.3500
-1.2234877461e+000 1.5021527727e+000 -8.2482000615e+000
115 126 124
2 38 2143 -241.6700 295.7900 39 2120 -262.2100 233.0600
-9.2316281721e-002 -4.5039445484e-001 -7.9584535947e+000
30 59 44
2 38 2096 -19.1400 -91.4600 39 2057 -58.9100 -153.7200
-8.2808417861e+001 1.8600317266e+001 -1.7921717555e+002
80 62 48
2 38 2045 -753.8600 169.3600 39 1956 -766.9000 308.5200
5.0078437207e+000 -2.0233838986e+000 -9.5412502191e+000
132 116 117
2 38 2124 854.6200 -345.4200 39 1924 767.2400 -390.0800
3.6190713651e+000 -4.4679214325e-001 -9.4929823838e+000
163 56 36
2 38 2252 620.7900 -76.6600 39 2219 559.6300 -130.7200
-1.2845394641e-001 1.7651558832e+000 -8.9337451076e+000
56 53 7
2 38 10 -23.0500 320.6000 39 801 -48.5400 265.0300
-1.2845394641e-001 1.7651558832e+000 -8.9337451076e+000
56 53 7
2 38 11 -23.0500 320.6000 39 802 -48.5400 265.0300
1.5791728619e+000 1.6713222435e+000 -9.3313345476e+000
100 13 21
2 38 27 274.9000 290.9100 39 818 242.9900 233.2400
2.0608895995e+000 1.6842592358e+000 -9.5075684102e+000
104 28 29
2 38 29 351.7100 288.0300 39 821 319.6400 230.6600
2.1778681047e+000 1.7538374580e+000 -9.6252363755e+000
79 115 131
2 38 32 367.2800 296.3200 39 823 335.5900 240.3100
2.2860319550e+000 1.6881172890e+000 -9.5786475466e+000
85 19 32
2 38 33 387.9800 286.5500 39 824 354.1000 229.4400
3.2996943518e+000 1.8424258677e+000 -1.0161392720e+001
95 46 22
2 38 37 528.0699 295.3700 39 1279 494.7700 242.4700
-1.1625194754e+000 1.3212278031e+000 -8.1385438058e+000
159 150 124
2 38 49 -231.9600 263.5500 39 80 -255.1000 198.7800
-1.1625194754e+000 1.3212278031e+000 -8.1385438058e+000
159 150 124
2 38 50 -231.9600 263.5500 39 81 -255.1000 198.7800
1.0461031109e+000 1.4210107542e+000 -8.8316386301e+000
194 143 110
2 38 57 192.0900 261.1200 39 91 159.5300 197.3600
1.0870077739e+000 1.3854576927e+000 -8.8054525536e+000
158 31 38
2 38 61 200.6400 255.2800 39 835 166.6300 191.0100
2.3871339082e+000 1.4547429770e+000 -9.3208426869e+000
105 79 73
2 38 65 416.9100 253.6700 39 94 378.4600 192.0100
2.7990306429e+000 1.6853121789e+000 -9.7623848462e+000
151 110 90
2 38 68 466.2200 280.9500 39 827 431.2900 224.2600
-1.2478696145e+000 1.1929406464e+000 -7.9445087441e+000
174 31 39
2 38 80 -254.8000 243.7700 39 848 -278.7000 175.6500
-1.2478696145e+000 1.1929406464e+000 -7.9445087441e+000
174 31 39
2 38 81 -254.8000 243.7700 39 849 -278.7000 175.6500
-1.1840250819e+000 1.1763301163e+000 -7.8964997794e+000
157 40 31
2 38 82 -243.7900 241.8500 39 108 -266.9800 172.1500
1.1512870582e+000 1.2110402028e+000 -8.6182406445e+000
206 148 115
2 38 96 216.5100 228.0400 39 115 181.2900 159.9300
-1.2604173031e+000 1.0388609074e+000 -7.7560794894e+000
187 145 102
2 38 114 -263.8500 217.4500 39 142 -287.9300 145.6200
6.4230848609e-001 9.5218059398e-001 -8.1843186325e+000
165 156 129
2 38 128 126.5400 188.7200 39 899 91.7900 115.2300
9.1114862311e-001 1.0489164711e+000 -8.3770736312e+000
172 150 117
2 38 131 176.3000 203.0900 39 879 140.0699 131.9800
1.1407865150e+000 1.1444690524e+000 -8.5512750678e+000
188 151 114
2 38 133 215.9700 217.2100 39 155 180.5000 147.9400
1.1407865150e+000 1.1444690524e+000 -8.5512750678e+000
188 151 114
2 38 134 215.9700 217.2100 39 154 180.5000 147.9400
1.9001642824e+000 1.0862514488e+000 -8.7049762596e+000
140 83 66
2 38 138 353.9800 202.7800 39 160 314.3500 132.4300
-9.8587807107e-001 7.3500316823e-001 -7.4702941215e+000
194 142 109
2 38 165 -214.5700 159.6900 39 230 -241.3400 80.6700
-9.8587807107e-001 7.3500316823e-001 -7.4702941215e+000
194 142 109
2 38 166 -214.5700 159.6900 39 231 -241.3400 80.6700
1.6689309718e+000 8.9758278029e-001 -8.4657014018e+000
154 166 131
2 38 177 319.7400 172.1700 39 195 278.2000 99.1100
1.6295364632e+000 8.5046825252e-001 -8.4104749438e+000
179 173 141
2 38 179 314.1500 164.2000 39 241 272.3000 90.4000
1.6295364632e+000 8.5046825252e-001 -8.4104749438e+000
179 173 141
2 38 180 314.1500 164.2000 39 240 272.3000 90.4000
1.9233817219e+000 9.4081615172e-001 -8.6008675290e+000
92 32 35
2 38 181 363.1400 177.6700 39 202 320.5500 105.8900
1.9233817219e+000 9.4081615172e-001 -8.6008675290e+000
92 32 35
2 38 182 363.1400 177.6700 39 203 320.5500 105.8900
2.4983641001e+000 8.8022924867e-001 -8.7652022663e+000
68 29 34
2 38 190 463.5699 163.2400 39 915 417.2100 91.9900
2.5180334683e+000 8.8759670956e-001 -8.7139627983e+000
137 108 97
2 38 191 469.6700 165.6500 39 218 423.6000 92.9700
2.7779388288e+000 1.0247037624e+000 -8.9366822093e+000
36 11 13
2 38 193 505.3700 186.5900 39 917 460.5699 116.3200
2.7779388288e+000 1.0247037624e+000 -8.9366822093e+000
36 11 13
2 38 194 505.3700 186.5900 39 918 460.5699 116.3200
3.0184559819e+000 1.0339503461e+000 -9.0864317732e+000
152 114 111
2 38 196 541.3800 185.0200 39 919 493.9399 116.9300
3.0771633587e+000 8.5259698954e-001 -8.9197022453e+000
124 86 94
2 38 200 560.7500 155.7200 39 265 513.1600 84.0500
3.0771633587e+000 8.5259698954e-001 -8.9197022453e+000
124 86 94
2 38 201 560.7500 155.7200 39 266 513.1600 84.0500
3.3459347615e+000 8.8841567039e-001 -9.0284243205e+000
26 18 40
2 38 202 603.4600 160.2100 39 273 553.7200 89.4200
-8.2115731523e-001 6.5140976214e-001 -7.3979435262e+000
66 86 63
2 38 218 -180.2900 142.8700 39 235 -209.2900 61.5000
9.5561795351e-001 6.7132531102e-001 -8.0466662274e+000
169 166 128
2 38 226 192.3500 135.3100 39 292 151.6899 58.5500
2.0505643857e+000 7.3789378713e-001 -8.4798686140e+000
96 31 36
2 38 234 392.7900 141.3500 39 247 346.7500 67.3500
2.1267785956e+000 8.0339671523e-001 -8.5323387092e+000
167 98 103
2 38 235 404.4100 153.0800 39 248 359.8600 79.1300
2.1267785956e+000 8.0339671523e-001 -8.5323387092e+000
167 98 103
2 38 236 404.4100 153.0800 39 249 359.8600 79.1300
2.0998603845e+000 7.7336522512e-001 -8.5036622236e+000
93 33 37
2 38 237 400.7600 147.8200 39 250 355.6400 73.6500
2.1483972357e+000 7.0745222628e-001 -8.4800368391e+000
163 99 101
2 38 238 411.2800 135.6000 39 251 364.9200 61.0600
2.5301071708e+000 6.5675329635e-001 -8.5826336006e+000
123 74 72
2 38 246 479.3500 124.4000 39 297 429.7000 50.3100
2.6308943123e+000 8.3022146809e-001 -8.6900835930e+000
144 108 104
2 38 247 491.6400 155.5100 39 947 445.2200 81.7100
4.4967478651e+000 7.9756318613e-001 -9.3729517210e+000
157 28 63
2 38 267 781.9600 138.6600 39 277 726.8300 68.9100
4.4967478651e+000 7.9756318613e-001 -9.3729517210e+000
157 28 63
2 38 268 781.9600 138.6600 39 276 726.8300 68.9100
3.3966925730e+000 6.1584150406e-001 -8.8702827090e+000
27 30 65
2 38 288 623.4600 113.0600 39 307 569.6899 40.2300
-3.0077136425e+000 1.7103773891e-001 -7.5327181575e+000
181 27 39
2 38 315 -649.5900 37.2300 39 336 -664.7700 -22.1300
4.8269522756e+000 2.9550159232e-001 -9.3778378611e+000
51 21 20
2 38 326 838.7700 51.3400 39 353 776.2700 -17.0600
2.7269727649e+000 6.1394052263e-002 -8.7107163938e+000
163 31 41
2 38 340 508.6600 11.5500 39 371 453.7800 -56.7100
2.7355917349e+000 2.7957786271e-002 -8.7824244300e+000
161 30 39
2 38 343 506.2600 5.2300 39 373 451.2000 -61.2500
3.0050357313e+000 -2.8208549611e-001 -9.0707939041e+000
166 28 44
2 38 404 539.4301 -50.7000 39 451 480.1100 -110.1300
2.9781767139e+000 -3.1902971743e-001 -9.0866272401e+000
149 23 37
2 38 405 532.9399 -57.0700 39 452 475.0601 -116.0900
4.0729041177e+000 -4.3671486905e-001 -9.6942611479e+000
179 145 107
2 38 465 684.4900 -73.4200 39 459 621.8400 -126.5500
1.8681492866e+000 -6.5050678727e-001 -8.9253344769e+000
191 130 111
2 38 502 339.2300 -118.1800 39 562 286.8600 -171.0800
2.3552037676e+000 -6.4609187766e-001 -9.0942206650e+000
139 83 74
2 38 506 420.7900 -115.4200 39 572 364.5500 -167.8200
1.5902788493e+000 -9.3023174743e-001 -9.2017214887e+000
141 80 72
2 38 566 280.4700 -164.0100 39 638 228.7800 -207.8100
-4.6577291182e-002 1.6248278823e+000 -8.7553153565e+000
38 52 37
2 38 755 -8.5600 301.0800 39 1273 -35.1000 241.7200
2.9077293917e+000 1.7874806727e+000 -9.9392603980e+000
118 55 22
2 38 766 476.2800 292.6400 39 1276 441.4900 238.4900
2.7925986124e+000 1.7251216230e+000 -9.7629603595e+000
86 28 19
2 38 767 466.0500 287.4000 39 1277 429.6400 231.0500
3.6109857692e+000 1.8665797887e+000 -1.0276857546e+001
43 8 2
2 38 769 572.3700 295.8500 39 1280 537.1200 243.5500
-8.5684533388e+001 2.9673165295e+001 -1.8148755561e+002
137 89 70
2 38 772 -769.3200 266.7600 39 1242 -784.5100 409.2700
-8.5684533388e+001 2.9673165295e+001 -1.8148755561e+002
137 89 70
2 38 773 -769.3200 266.7600 39 1243 -784.5100 409.2700
-9.8818770534e-003 1.3274295733e+000 -8.4154189942e+000
29 56 43
2 38 783 -2.6900 255.8900 39 1289 -30.1600 189.8800
1.4333166233e+000 1.4312452135e+000 -8.9687193895e+000
141 141 131
2 38 791 259.5601 259.0700 39 1291 225.1200 195.8600
2.3817880099e+000 1.4986582885e+000 -9.3403396086e+000
163 132 119
2 38 796 414.5400 260.9000 39 840 377.7500 199.2500
-1.1907043096e+000 1.1506853409e+000 -7.9723889938e+000
179 42 51
2 38 806 -242.1100 234.2700 39 850 -266.7400 166.6800
1.2010336621e+000 1.3159491183e+000 -8.8025287967e+000
158 31 44
2 38 810 221.5400 242.5900 39 852 186.8000 177.7900
1.5013601854e+000 1.2778791174e+000 -8.8055772659e+000
141 149 138
2 38 812 276.7700 235.6000 39 1300 240.4000 169.1500
2.1376026183e+000 1.3747802606e+000 -9.1140117011e+000
120 98 100
2 38 813 381.0500 245.1700 39 857 343.5500 180.8700
2.1376026183e+000 1.3747802606e+000 -9.1140117011e+000
120 98 100
2 38 814 381.0500 245.1700 39 856 343.5500 180.8700
2.0771467250e+000 1.2751265659e+000 -9.0007395743e+000
92 68 83
2 38 817 374.6500 230.2600 39 859 336.5601 164.3200
-1.0999592963e+000 9.7676617622e-001 -7.7801973863e+000
172 38 33
2 38 821 -229.3200 203.7400 39 874 -255.0000 131.8500
-2.1868582826e-001 9.8329457515e-001 -7.9840107894e+000
18 49 27
2 38 824 -43.9200 199.6100 39 876 -75.8100 127.0300
2.0504231615e+000 1.0124607838e+000 -8.6782311459e+000
168 99 94
2 38 832 383.5000 189.6000 39 905 341.7200 118.2200
2.6551189532e+000 1.1333559268e+000 -8.9933350207e+000
145 124 116
2 38 841 479.6801 205.0700 39 884 437.3600 136.0900
-1.1201701991e+000 7.7479302332e-001 -7.4598772648e+000
184 149 118
2 38 853 -243.3200 168.5500 39 929 -270.5500 90.0000
-1.0357229352e-001 8.9930334924e-001 -7.9419092453e+000
30 46 30
2 38 857 -21.0200 183.5400 39 1328 -53.5600 109.6300
2.0844980493e+000 9.2198867388e-001 -8.6063552273e+000
153 85 82
2 38 864 392.9700 174.1400 39 207 350.1300 101.4000
2.0844980493e+000 9.2198867388e-001 -8.6063552273e+000
153 85 82
2 38 865 392.9700 174.1400 39 208 350.1300 101.4000
3.2895851863e+000 9.4872884045e-001 -9.0302465616e+000
156 119 78
2 38 875 592.5500 171.1700 39 923 544.9700 100.1200
-2.1075783867e+000 5.8250269924e-001 -7.5681606065e+000
191 170 143
2 38 881 -452.4300 125.2500 39 957 -472.9200 57.4300
2.0443746529e+000 7.6653338810e-001 -8.4985990772e+000
93 29 30
2 38 898 390.5900 146.5400 39 940 345.2700 72.7500
2.2572023994e+000 6.7242429863e-001 -8.5162968439e+000
141 85 89
2 38 902 430.4000 128.3600 39 970 383.1100 54.2100
4.2316735176e+000 1.2189952070e-002 -9.3072214818e+000
212 134 59
2 38 948 740.8101 2.1400 39 378 678.5699 -62.3500
4.2316735176e+000 1.2189952070e-002 -9.3072214818e+000
212 134 59
2 38 949 740.8101 2.1400 39 379 678.5699 -62.3500
2.2716790465e+000 -7.3680572473e-002 -8.6449582310e+000
192 141 114
2 38 965 426.5800 -13.7700 39 1030 373.3700 -79.4900
2.7594121472e+000 -2.8185269887e-002 -8.7941665371e+000
187 75 74
2 38 972 510.2100 -5.2000 39 409 454.1200 -71.0200
4.6255982065e+000 -4.1240866907e-001 -9.9731888200e+000
150 119 109
2 38 998 756.2100 -67.5000 39 463 691.8000 -118.9100
-6.4164901095e-001 -3.8988028683e-001 -7.7613575199e+000
22 50 39
2 38 1003 -134.4000 -81.1400 39 471 -169.3200 -144.9600
2.5582138027e+000 -5.1201654662e-001 -9.0696969396e+000
192 78 78
2 38 1012 458.4000 -91.7400 39 489 401.6400 -146.9500
-1.6494875055e-001 -5.4606343554e-001 -8.0783641077e+000
29 60 43
2 38 1039 -33.5000 -109.2800 39 1106 -72.6000 -167.6100
3.7200841951e-001 -6.2637660307e-001 -8.2568645946e+000
163 161 150
2 38 1045 72.8199 -122.7500 39 1111 28.7400 -179.7600
1.8230279774e+000 -6.8567116548e-001 -9.0018795362e+000
140 82 71
2 38 1057 328.4301 -123.5500 39 564 276.1300 -174.4100
3.9224251966e+000 -7.2540710023e-001 -9.9006356595e+000
171 148 127
2 38 1079 645.6801 -119.4600 39 593 582.2900 -165.9100
4.1531660638e+000 -7.0734290834e-001 -1.0012584986e+001
137 120 109
2 38 1081 676.2500 -115.2400 39 512 612.1400 -161.2200
4.4975270594e+000 -6.6531936420e-001 -1.0157161523e+001
163 143 134
2 38 1082 722.0000 -106.8800 39 516 657.2700 -152.7400
-7.5038409463e-001 -8.3205820756e-001 -8.2318760231e+000
74 116 116
2 38 1098 -147.4900 -163.6600 39 1142 -183.9600 -212.3100
1.4735168018e+000 -9.1888790679e-001 -9.1158235399e+000
140 80 70
2 38 1120 262.2800 -163.5000 39 632 211.1000 -208.1900
3.0436295090e+000 -8.1504752991e-001 -9.6728150628e+000
124 63 57
2 38 1139 511.8400 -137.0800 39 584 453.0800 -182.0300
3.0436295090e+000 -8.1504752991e-001 -9.6728150628e+000
124 63 57
2 38 1140 511.8400 -137.0800 39 585 453.0800 -182.0300
3.1742033037e+000 -7.9028501369e-001 -9.6818121442e+000
151 95 79
2 38 1144 533.5400 -132.8500 39 583 473.8500 -178.4900
4.9744350445e+000 -2.0429370903e+000 -9.5466552623e+000
140 124 124
2 38 1218 848.5900 -348.6100 39 1208 761.1300 -392.7100
5.0337976453e+000 -2.6766884451e+000 -9.4243565852e+000
133 115 115
2 38 1229 868.7900 -462.1300 39 765 772.8600 -500.2600
-6.9705983441e-001 1.5978051477e+000 -8.5427747220e+000
38 53 34
2 38 1258 -133.4000 303.6300 39 1568 -155.3500 243.6600
-6.0618552685e-001 1.3484971323e+000 -8.3071209386e+000
34 54 42
2 38 1271 -118.6900 263.3700 39 1286 -144.0100 198.7300
2.8211975913e+000 1.6914304368e+000 -9.7120480058e+000
157 118 77
2 38 1281 473.3101 283.2700 39 1278 436.2600 225.9200
-1.0301036991e+002 2.5200971093e+001 -1.8678676505e+002
116 94 83
2 38 1282 -899.2500 219.6900 39 1247 -913.9100 365.7800
-7.3254413568e+001 2.6329224067e+001 -1.8018981381e+002
104 60 46
2 38 1284 -661.9300 238.4700 39 1535 -675.9200 376.2100
-2.2301545471e+000 1.1547418666e+000 -8.0157234155e+000
188 169 139
2 38 1286 -452.6100 234.3500 39 1295 -470.4500 174.3800
-2.2599152656e+000 1.0757149268e+000 -7.9438577174e+000
188 166 142
2 38 1287 -462.5600 220.3000 39 1294 -480.8800 159.2900
-1.3272028453e+000 1.1271085716e+000 -7.8063721267e+000
168 44 51
2 38 1293 -276.3900 234.4600 39 1298 -299.0600 163.7700
-1.3272028453e+000 1.1271085716e+000 -7.8063721267e+000
168 44 51
2 38 1294 -276.3900 234.4600 39 1297 -299.0600 163.7700
-1.2989950967e+000 1.0643649807e+000 -7.7507697347e+000
176 38 46
2 38 1295 -272.4300 222.9800 39 1306 -295.5700 151.0800
1.3067946677e+000 1.1896318035e+000 -8.6495359538e+000
182 87 75
2 38 1299 245.0699 223.2200 39 1315 208.6500 154.9800
2.6124327966e+000 1.2703301730e+000 -9.2708145045e+000
138 114 104
2 38 1303 458.0000 222.9000 39 861 418.1500 159.3300
-2.1393810747e+000 1.0434962011e+000 -7.7836726290e+000
195 175 148
2 38 1314 -446.8600 218.0600 39 1305 -465.7500 152.6700
-2.5205348680e-001 1.0645656126e+000 -8.0539284144e+000
31 54 58
2 38 1322 -51.0700 214.3400 39 1312 -80.4500 142.9800
1.3314242383e+000 1.1190504809e+000 -8.5571975939e+000
169 71 62
2 38 1323 252.3600 212.2400 39 1317 214.8900 142.1600
2.0387152728e+000 1.1519282246e+000 -8.8636464937e+000
87 60 79
2 38 1324 373.7100 211.1400 39 1319 333.4100 143.2700
-1.1899126981e+000 8.6134343229e-001 -7.5074880758e+000
169 31 43
2 38 1333 -257.7200 186.2700 39 1608 -282.3400 108.6900
-1.1629607406e+000 8.0023941016e-001 -7.4640776632e+000
174 40 49
2 38 1335 -253.2000 174.0500 39 1610 -278.5900 95.6000
-1.0338884677e+000 8.4056715305e-001 -7.5753608288e+000
169 42 34
2 38 1337 -221.1800 180.0400 39 1325 -248.4600 103.4500
-1.7655403960e-001 8.9913922952e-001 -7.9108821385e+000
28 53 28
2 38 1338 -36.4100 184.2700 39 1327 -67.8200 109.9900
9.3476808924e-001 9.5054055012e-001 -8.2657872245e+000
170 153 128
2 38 1339 183.4301 186.4900 39 1614 145.5800 113.2800
8.3244699402e-001 8.1286227398e-001 -8.1089509228e+000
179 151 126
2 38 1340 166.1100 162.5800 39 1342 127.9800 87.0800
9.9678711737e-001 9.3863418737e-001 -8.2611949891e+000
181 46 41
2 38 1343 195.1600 184.3500 39 1331 157.9200 110.5200
-1.1082533473e+000 6.6111935478e-001 -7.3362203645e+000
171 35 47
2 38 1352 -245.5400 146.3100 39 1630 -271.9400 65.1200
8.5509523200e-001 7.3449573967e-001 -8.0569973209e+000
170 153 133
2 38 1358 171.6300 147.8700 39 1344 132.7200 71.4800
2.8840528024e+000 7.9562850901e-001 -8.7361218936e+000
77 35 45
2 38 1362 537.3101 148.1400 39 1636 487.3600 74.4400
2.8459221097e+000 7.5077727177e-001 -8.7352686767e+000
79 38 44
2 38 1363 529.7600 139.8800 39 1350 480.5300 66.4600
3.2093763638e+000 8.3032638775e-001 -8.9482401884e+000
70 39 42
2 38 1364 583.7200 151.0800 39 1351 534.0601 79.6500
-3.0165719205e-001 3.5174579309e-001 -7.4824409346e+000
121 126 122
2 38 1383 -65.2100 76.2500 39 1646 -100.8800 -3.7000
4.9473534018e+000 2.0421424055e-001 -9.4821280049e+000
158 98 34
2 38 1392 850.4500 35.0200 39 1367 786.6000 -31.2500
8.8607155296e-001 8.1949151661e-002 -8.0277769433e+000
51 54 96
2 38 1394 178.6801 16.6400 39 1000 134.0000 -55.3100
3.0267580118e+000 5.2556953109e-002 -8.8373198327e+000
190 69 80
2 38 1397 557.3199 9.6600 39 1369 500.0500 -57.4600
3.0267580118e+000 5.2556953109e-002 -8.8373198327e+000
190 69 80
2 38 1398 557.3199 9.6600 39 1370 500.0500 -57.4600
3.7945372497e+000 1.1861472151e-001 -9.0340648912e+000
194 91 50
2 38 1400 684.5800 21.2900 39 1008 623.2700 -46.6500
3.5740223829e+000 -3.3118743202e-001 -9.3677718656e+000
158 85 49
2 38 1451 621.3900 -57.6200 39 1416 560.3400 -114.5100
4.5309962748e+000 -2.7411305916e-001 -9.7132050385e+000
185 154 134
2 38 1454 760.6100 -46.1100 39 1068 695.9100 -102.4000
-3.4746279626e-001 -4.8276064756e-001 -7.9271190260e+000
138 145 61
2 38 1466 -70.8900 -98.4800 39 1080 -109.6300 -159.3900
-3.4746279626e-001 -4.8276064756e-001 -7.9271190260e+000
138 145 61
2 38 1467 -70.8900 -98.4800 39 1079 -109.6300 -159.3900
3.2283945090e+000 -4.1837885003e-001 -9.2329762979e+000
196 141 110
2 38 1470 569.1100 -73.7700 39 1412 508.9399 -130.5000
3.3508747643e+000 -4.5201060279e-001 -9.3367159878e+000
197 131 104
2 38 1473 584.1500 -78.8100 39 1436 523.7500 -134.1200
-4.8921345456e-001 -5.4046968925e-001 -7.9176430399e+000
56 105 122
2 38 1485 -101.1400 -110.2900 39 1442 -136.6100 -170.1900
8.0279450495e-001 -6.7951419977e-001 -8.6093777097e+000
11 59 105
2 38 1495 150.6700 -127.7600 39 1450 104.8600 -180.0900
1.8967839777e+000 -5.8728943853e-001 -8.8654904738e+000
192 131 110
2 38 1502 346.8500 -107.4200 39 1433 294.2100 -162.1300
2.3601377214e+000 -5.7140472801e-001 -9.0613575508e+000
195 132 115
2 38 1503 423.1200 -102.4300 39 1434 367.3900 -156.1600
-4.3939877280e-001 -7.9544785767e-001 -8.2093548847e+000
133 138 34
2 38 1509 -87.0700 -156.7900 39 1144 -124.8900 -208.2100
-4.3939877280e-001 -7.9544785767e-001 -8.2093548847e+000
133 138 34
2 38 1510 -87.0700 -156.7900 39 1145 -124.8900 -208.2100
1.1450077937e+000 -7.2243293938e-001 -8.7935554407e+000
137 82 80
2 38 1517 210.5601 -133.0500 39 1116 162.8300 -183.5900
5.1320583918e+000 -1.6259993054e+000 -9.1572858830e+000
155 137 137
2 38 1542 912.1899 -289.1000 39 1196 823.0300 -345.0600
5.2062429786e+000 -2.3872740070e+000 -9.0372134626e+000
159 141 141
2 38 1553 935.8900 -429.2900 39 1224 836.3101 -477.8900
-5.2766845546e+001 2.4685928588e+001 -1.3906730617e+002
84 65 60
2 38 1574 -618.0500 289.6700 39 1519 -630.2500 424.6500
-1.8137088061e+000 1.4258538942e+000 -7.9733187285e+000
127 131 130
2 38 1577 -369.8900 290.7100 39 1566 -389.1800 225.8600
5.2357290060e-001 1.6196711238e+000 -8.9198894953e+000
167 146 119
2 38 1579 95.2400 294.6200 39 1791 66.5800 235.1900
4.4841970029e+000 2.0302487740e+000 -1.0940363362e+001
148 116 79
2 38 1583 668.7400 302.3500 39 1271 633.1899 256.3700
-1.3997026458e+000 1.2884005451e+000 -8.0226155379e+000
170 33 43
2 38 1587 -283.5600 260.8300 39 1574 -305.3200 195.0200
-1.3997026458e+000 1.2884005451e+000 -8.0226155379e+000
170 33 43
2 38 1588 -283.5600 260.8300 39 1575 -305.3200 195.0200
-5.5335055343e-001 1.4443992052e+000 -8.4061072726e+000
27 61 44
2 38 1589 -107.3400 278.8200 39 1578 -131.8200 215.6100
1.5018975337e+000 1.4879083401e+000 -9.1150043062e+000
24 79 104
2 38 1593 267.9000 265.0000 39 1582 233.5699 204.2400
-1.2878572563e+000 1.1459445212e+000 -7.8902659702e+000
165 104 80
2 38 1606 -265.8900 235.8600 39 1586 -287.5500 166.7700
1.1920545445e+000 1.2539189174e+000 -8.6560330653e+000
160 31 43
2 38 1612 223.4000 235.0800 39 1592 188.0699 167.4000
2.2434065646e+000 1.3872201614e+000 -9.1544188169e+000
133 106 93
2 38 1615 397.4700 246.4800 39 1816 361.2300 182.0100
2.4914128532e+000 1.2970909838e+000 -9.1375322723e+000
33 15 13
2 38 1617 442.9301 230.9100 39 1817 403.6200 165.1800
2.4914128532e+000 1.2970909838e+000 -9.1375322723e+000
33 15 13
2 38 1618 442.9301 230.9100 39 1818 403.6200 165.1800
2.2106694938e-001 1.0044508998e+000 -8.1086497848e+000
29 50 26
2 38 1625 44.3500 200.7900 39 1824 10.7300 128.1600
2.2106694938e-001 1.0044508998e+000 -8.1086497848e+000
29 50 26
2 38 1626 44.3500 200.7900 39 1825 10.7300 128.1600
1.1849338420e+000 1.1452191413e+000 -8.5391210817e+000
197 147 111
2 38 1629 225.1100 217.6100 39 1597 188.4600 147.9400
2.2017233927e+000 1.0301179858e+000 -8.7505864914e+000
80 39 48
2 38 1633 408.7300 191.3300 39 1618 366.1500 120.5900
2.7606608068e+000 1.0782772496e+000 -9.0032634450e+000
145 122 106
2 38 1636 498.7700 194.8300 39 1606 454.4100 125.9200
-1.1633952742e+000 8.0009667198e-001 -7.4697378623e+000
174 40 49
2 38 1640 -253.0000 173.8800 39 1611 -278.5900 95.6000
-1.1285048005e+000 7.2916791688e-001 -7.4013928722e+000
164 37 38
2 38 1642 -247.7000 159.9300 39 1628 -273.8500 80.1200
8.8987439961e-001 8.2777059246e-001 -8.1450126417e+000
154 78 62
2 38 1646 176.6100 164.8700 39 1844 138.7700 89.6900
9.9765728581e-001 9.4104323115e-001 -8.2733724819e+000
182 47 41
2 38 1647 195.1200 184.5400 39 1615 157.7900 111.0000
9.9765728581e-001 9.4104323115e-001 -8.2733724819e+000
182 47 41
2 38 1648 195.1200 184.5400 39 1616 157.7900 111.0000
3.0297460168e+000 9.4629558290e-001 -8.9485003524e+000
133 98 96
2 38 1653 550.6300 172.1800 39 1620 503.7600 101.0400
-2.1002169807e+000 7.0072163420e-001 -7.6048928087e+000
195 171 145
2 38 1662 -448.7100 149.9000 39 1625 -468.9300 82.0700
8.1544857650e-001 6.5415858447e-001 -7.9736846084e+000
166 83 72
2 38 1667 165.1400 133.1000 39 1640 125.9500 55.4600
4.3719594077e+000 8.4498950654e-002 -9.3225396668e+000
40 23 35
2 38 1687 764.5601 14.6800 39 1652 701.4900 -50.6100
1.5576288769e+000 -1.4568528289e-001 -8.4430966520e+000
185 124 103
2 38 1691 298.9500 -27.8900 39 1659 249.6200 -92.8900
2.1292517021e+000 -1.2043957848e-001 -8.6020727853e+000
193 142 111
2 38 1696 401.9100 -22.7000 39 1385 348.6899 -87.9500
-7.2698525860e-001 -3.4745015535e-001 -7.6720582028e+000
135 136 74
2 38 1714 -153.8500 -73.1400 39 1423 -188.2900 -138.8500
2.4790329453e+000 -5.1230862339e-001 -9.1441481226e+000
194 132 105
2 38 1719 440.3800 -91.0000 39 1673 385.0400 -144.5000
6.4166874206e-001 -6.7707769949e-001 -8.4857591581e+000
198 132 110
2 38 1724 122.2400 -129.1500 39 1448 76.8500 -182.8300
3.3452607776e+000 -8.6924963923e-001 -9.8584531562e+000
146 115 95
2 38 1732 552.1899 -143.5100 39 1456 492.2100 -186.6900
3.4501696960e+000 -9.2477772331e-001 -1.0014308580e+001
184 150 123
2 38 1733 561.1500 -150.4200 39 1458 500.2100 -191.1000
-9.6493438488e-001 -8.7958962568e-001 -8.1582553785e+000
34 64 39
2 38 1735 -192.0500 -174.5700 39 1687 -225.9300 -222.9300
4.9487706301e-001 -9.9986094485e-001 -8.8467618392e+000
193 130 119
2 38 1738 90.5100 -183.0600 39 1697 45.6800 -226.2000
4.9405970186e+000 -2.1731524539e+000 -9.6731185855e+000
154 140 139
2 38 1754 831.9500 -366.0400 39 1716 744.8199 -406.5800
4.7242851478e+000 -2.7914353711e+000 -1.0282866902e+001
142 126 128
2 38 1759 748.3101 -442.3900 39 1724 664.5900 -467.1600
-5.1102035964e+001 2.9029155059e+001 -1.5246065616e+002
90 79 80
2 38 1783 -546.0500 310.6400 39 1738 -555.9700 444.7600
-4.6649806667e-001 1.6202371278e+000 -8.6098598369e+000
31 54 25
2 38 1786 -87.2700 305.3000 39 1974 -113.3500 245.6000
1.3345940796e+000 1.6047619810e+000 -9.1721900178e+000
96 115 113
2 38 1789 236.1700 284.0800 39 1792 204.5601 224.9000
1.3345940796e+000 1.6047619810e+000 -9.1721900178e+000
96 115 113
2 38 1790 236.1700 284.0800 39 1793 204.5601 224.9000
-5.3146077230e+001 2.8094880462e+001 -1.6352130180e+002
86 69 61
2 38 1797 -528.4900 280.2300 39 1938 -540.0100 413.5300
1.3710539830e+000 1.5274801617e+000 -9.0770494140e+000
108 122 134
2 38 1800 245.0500 273.2400 39 1800 212.6000 212.1600
1.3710539830e+000 1.5274801617e+000 -9.0770494140e+000
108 122 134
2 38 1801 245.0500 273.2400 39 1801 212.6000 212.1600
1.4626777720e+000 1.5855996689e+000 -9.1963307407e+000
38 40 63
2 38 1802 258.1899 279.9900 39 1794 225.9399 220.5900
1.6637759705e+000 1.5491426638e+000 -9.1860190280e+000
88 62 81
2 38 1803 293.8900 273.9600 39 1802 260.8000 213.2100
2.3199904578e+000 1.4850770485e+000 -9.3149037195e+000
99 78 95
2 38 1804 404.8000 259.2200 39 1804 368.1700 197.4600
-8.0575096838e-001 1.2424624443e+000 -8.1414137567e+000
172 157 72
2 38 1812 -160.5800 247.6000 39 1805 -186.1800 180.9900
-8.0575096838e-001 1.2424624443e+000 -8.1414137567e+000
172 157 72
2 38 1813 -160.5800 247.6000 39 1806 -186.1800 180.9900
-2.0794529802e-001 1.2244726748e+000 -8.2458155820e+000
162 156 81
2 38 1816 -41.1100 240.8200 39 1807 -69.6200 172.8500
-2.0794529802e-001 1.2244726748e+000 -8.2458155820e+000
162 156 81
2 38 1817 -41.1100 240.8200 39 1808 -69.6200 172.8500
2.6461352651e+000 1.4338501890e+000 -9.3506868939e+000
145 113 99
2 38 1822 460.0800 249.4700 39 2004 421.7700 186.6600
-6.7857415036e-001 9.8184664344e-001 -7.8475905338e+000
171 154 96
2 38 1828 -140.3900 202.9300 39 1820 -168.2300 129.8700
-6.7857415036e-001 9.8184664344e-001 -7.8475905338e+000
171 154 96
2 38 1829 -140.3900 202.9300 39 1821 -168.2300 129.8700
-4.5806494173e-001 1.0757681239e+000 -8.0367268511e+000
34 54 28
2 38 1830 -91.7100 216.9900 39 1822 -121.8800 146.7200
-2.7409753642e-001 1.0063386526e+000 -7.9787022849e+000
174 155 62
2 38 1832 -56.2200 204.5400 39 1823 -85.5800 131.8100
-9.3818191252e-001 7.4267708353e-001 -7.4875635215e+000
179 33 47
2 38 1839 -203.2100 160.9300 39 1840 -231.3400 82.0800
7.6843108936e-001 8.2106830947e-001 -8.1208382685e+000
165 88 78
2 38 1841 153.0100 163.9800 39 1842 115.5800 89.1000
2.8678240949e+000 1.0211993880e+000 -8.9696269929e+000
140 110 102
2 38 1843 520.1300 185.2500 39 1834 474.4700 115.2700
-2.0528711453e+000 6.5054747226e-001 -7.5444714951e+000
148 123 101
2 38 1851 -441.7700 140.2700 39 1838 -462.9900 71.0200
9.2290544066e-001 7.0987075459e-001 -8.0574794835e+000
157 85 70
2 38 1852 185.1100 142.9400 39 1845 145.8500 66.2400
3.2194177679e+000 6.9127536256e-001 -8.8627319105e+000
83 53 65
2 38 1856 591.1801 127.0000 39 1852 539.4900 54.5300
4.0464274491e+000 2.6481267149e-002 -9.2422346331e+000
185 87 31
2 38 1874 713.1600 4.7000 39 1651 652.0000 -60.1700
1.0439227416e+000 -1.6383220579e-001 -8.3411929056e+000
15 59 92
2 38 1880 202.2400 -31.6700 39 1656 156.9900 -95.6500
-4.0861090314e-001 -5.0876467768e-001 -8.0289392325e+000
27 58 30
2 38 1895 -82.4500 -102.4700 39 1873 -120.2300 -160.6400
6.5350933509e-001 -6.1710566825e-001 -8.3822057933e+000
153 88 60
2 38 1898 126.0601 -119.1500 39 1887 80.4100 -175.4800
1.5269704296e+000 -7.5190782974e-001 -8.9646333500e+000
197 132 114
2 38 1922 276.2300 -136.0100 39 1684 225.2400 -185.2000
-2.7869829718e-001 -9.2572313919e-001 -8.4499803181e+000
155 152 136
2 38 1932 -53.0700 -177.4100 39 1695 -93.6700 -223.7300
3.7751626090e-001 -1.1362669379e+000 -9.0642433980e+000
167 46 61
2 38 1937 68.0400 -203.1700 39 1705 22.8700 -240.5900
5.0464431000e+000 -1.8294014373e+000 -9.4508886257e+000
60 50 59
2 38 1940 869.3199 -315.2500 39 1917 782.7600 -363.8100
5.0617579547e+000 -1.8379988180e+000 -9.3416598614e+000
138 121 121
2 38 1941 882.1500 -320.4200 39 1918 793.6700 -370.5300
4.8536351928e+000 -2.2610191098e+000 -9.6658011978e+000
135 122 122
2 38 1945 818.3300 -381.2500 39 1923 730.2300 -420.1500
4.8090446607e+000 -2.6121639625e+000 -1.0118393193e+001
136 119 125
2 38 1948 774.5300 -420.7900 39 1721 689.0100 -449.6700
-1.7121146872e+002 -1.2718878968e+002 -4.5402269998e+002
109 81 77
2 38 1951 -614.3800 -457.0200 39 1912 -630.0200 -314.3400
4.6221385320e+000 -2.9951072577e+000 -1.0446480158e+001
149 130 133
2 38 1953 721.2000 -467.4100 39 1930 637.2100 -487.2300
4.5240842054e+000 -3.2636050329e+000 -1.0707640954e+001
143 127 130
2 38 1958 689.0200 -497.0000 39 1729 605.6000 -510.4700
4.4447114089e+000 -3.3417143112e+000 -1.0732537699e+001
147 131 134
2 38 1959 675.0699 -507.6400 39 1734 592.5300 -519.7900
-6.0608430359e+001 3.0372304388e+001 -1.6134986494e+002
124 92 87
2 38 1983 -611.9000 307.1900 39 2089 -623.7900 444.2100
-5.1524325075e-001 1.5212429247e+000 -8.5138298086e+000
170 157 113
2 38 1986 -97.8000 289.8700 39 1975 -123.7900 228.6900
-4.0841129730e-001 1.4711920141e+000 -8.5149897710e+000
36 60 30
2 38 1993 -77.7200 280.2800 39 1985 -103.8800 218.5800
-2.1091064432e-001 1.4586686340e+000 -8.5057477226e+000
29 51 30
2 38 1994 -40.3800 278.1900 39 1986 -67.1100 215.0500
-2.1091064432e-001 1.4586686340e+000 -8.5057477226e+000
29 51 30
2 38 1995 -40.3800 278.1900 39 1987 -67.1100 215.0500
1.5635961635e+000 1.5634505513e+000 -9.1912320221e+000
180 127 96
2 38 1996 276.1500 276.2700 39 1991 243.3300 216.2300
1.5635961635e+000 1.5634505513e+000 -9.1912320221e+000
180 127 96
2 38 1997 276.1500 276.2700 39 1990 243.3300 216.2300
1.5260281477e+000 1.4230855684e+000 -9.0023114121e+000
30 76 112
2 38 1998 275.1600 256.6900 39 1992 240.6801 193.5800
1.6418049751e+000 1.4041834580e+000 -9.0362759746e+000
186 136 92
2 38 1999 295.0601 252.3500 39 1994 259.7900 189.3500
-7.2705338513e+001 2.4210279321e+001 -1.7841117387e+002
104 71 57
2 38 2005 -663.8900 221.4600 39 1947 -677.2000 358.6900
-9.0647410620e-001 1.2583936199e+000 -8.1797057910e+000
30 53 24
2 38 2007 -179.7600 249.6300 39 1996 -204.8100 184.4800
-8.3768010151e-001 1.0926389340e+000 -7.9646277919e+000
163 153 112
2 38 2008 -170.9000 222.5800 39 2005 -196.7300 152.7300
-6.6499651639e-001 1.1824035680e+000 -8.0545883032e+000
35 55 39
2 38 2010 -134.7300 238.1900 39 2127 -159.9600 168.7800
-6.0081527451e-001 1.2549433493e+000 -8.2015849494e+000
171 154 111
2 38 2011 -118.8500 248.2000 39 1997 -145.4300 181.6100
-6.0081527451e-001 1.2549433493e+000 -8.2015849494e+000
171 154 111
2 38 2012 -118.8500 248.2000 39 1998 -145.4300 181.6100
-7.3750636950e-004 1.2347310802e+000 -8.3111846364e+000
167 149 115
2 38 2014 -0.2000 240.9000 39 2000 -30.0100 173.1000
-7.3750636950e-004 1.2347310802e+000 -8.3111846364e+000
167 149 115
2 38 2015 -0.2000 240.9000 39 2001 -30.0100 173.1000
-6.7673484359e-002 1.1586539727e+000 -8.1998364147e+000
37 60 43
2 38 2016 -13.5400 229.1200 39 2130 -43.4900 159.5400
-6.7673484359e-002 1.1586539727e+000 -8.1998364147e+000
37 60 43
2 38 2017 -13.5400 229.1200 39 2131 -43.4900 159.5400
-7.7996424854e-001 1.0103368680e+000 -7.9143659718e+000
32 60 31
2 38 2024 -159.9400 207.0800 39 2007 -186.9900 136.1500
-5.4631714898e-001 9.3112935721e-001 -7.8043887208e+000
38 64 45
2 38 2026 -113.6700 193.4800 39 2142 -142.7400 118.8000
-4.7178531086e-001 9.8952754493e-001 -7.9037353152e+000
168 155 110
2 38 2027 -97.0400 203.0300 39 2009 -125.9100 129.9300
-4.7178531086e-001 9.8952754493e-001 -7.9037353152e+000
168 155 110
2 38 2028 -97.0400 203.0300 39 2010 -125.9100 129.9300
5.7486099733e-001 9.8007831290e-001 -8.2122898071e+000
171 35 36
2 38 2031 114.4399 193.3600 39 2021 77.0900 121.3000
8.5479743201e-001 1.0796344594e+000 -8.3697803210e+000
163 156 131
2 38 2032 165.5601 209.2100 39 2011 129.8199 138.1300
8.5479743201e-001 1.0796344594e+000 -8.3697803210e+000
163 156 131
2 38 2033 165.5601 209.2100 39 2012 129.8199 138.1300
1.4704443497e+000 1.1083058321e+000 -8.6648152248e+000
6 77 115
2 38 2036 276.1100 207.5000 39 2015 236.5699 139.2800
2.4078481143e+000 1.2130954053e+000 -9.0507994363e+000
130 101 93
2 38 2040 432.8101 217.8500 39 2017 391.3101 151.5200
-2.0511173496e-001 8.0646266345e-001 -7.7775955926e+000
161 155 93
2 38 2047 -42.9200 168.1000 39 2028 -75.1700 91.3400
-2.0511173496e-001 8.0646266345e-001 -7.7775955926e+000
161 155 93
2 38 2048 -42.9200 168.1000 39 2029 -75.1700 91.3400
1.4304488483e-001 8.7982695709e-001 -7.9920428363e+000
28 53 26
2 38 2049 29.1000 178.4300 39 2018 -5.0500 104.2600
1.4304488483e-001 8.7982695709e-001 -7.9920428363e+000
28 53 26
2 38 2050 29.1000 178.4300 39 2019 -5.0500 104.2600
1.5151642110e+000 9.8965242094e-001 -8.5293109597e+000
26 74 118
2 38 2053 288.2800 188.3300 39 2022 248.3199 117.2200
1.8405272742e+000 8.5774332051e-001 -8.4835593351e+000
176 114 89
2 38 2055 351.9000 164.2500 39 2155 309.1700 90.7200
2.7389615378e+000 8.5570334274e-001 -8.7907500902e+000
92 53 58
2 38 2056 506.5601 158.3800 39 2034 459.3600 86.1900
3.2626178781e+000 9.8164559935e-001 -9.0623410068e+000
158 118 83
2 38 2058 585.9500 176.3900 39 2024 538.3199 106.1800
4.6583778296e+000 6.2449905743e-001 -9.3324654970e+000
176 141 126
2 38 2078 813.3500 109.0800 39 2041 755.4399 38.5200
3.8481526729e+000 3.7190170675e-001 -9.0022823216e+000
125 27 47
2 38 2084 696.4200 67.2900 39 2044 637.8600 -3.6800
3.8481526729e+000 3.7190170675e-001 -9.0022823216e+000
125 27 47
2 38 2085 696.4200 67.2900 39 2043 637.8600 -3.6800
-3.3421290018e-001 -3.1658162925e-001 -7.8355704558e+000
23 61 45
2 38 2093 -68.7700 -65.3000 39 1866 -107.4000 -129.9800
-2.9250814733e-001 -3.9897026615e-001 -7.8625404738e+000
93 116 116
2 38 2095 -60.2000 -82.0200 39 2056 -99.0600 -145.5600
-7.3959790407e-001 -8.1109562310e-001 -8.1111804343e+000
78 113 131
2 38 2103 -148.1400 -161.8400 39 2069 -183.6500 -213.2000
1.8930102459e+000 -7.5643568455e-001 -9.0972263035e+000
194 131 113
2 38 2111 337.3300 -134.8700 39 1889 284.9200 -183.8800
2.0076731235e+000 -7.6626761526e-001 -9.1816550493e+000
193 134 112
2 38 2113 354.8500 -135.4500 39 2064 301.4200 -183.4400
-1.1445441164e+000 -1.0902293270e+000 -8.3668531264e+000
39 67 47
2 38 2119 -222.1900 -211.1300 39 1901 -255.0100 -252.3400
5.5711570319e-001 -1.1243463841e+000 -9.1582354390e+000
20 76 127
2 38 2121 98.0900 -198.8600 39 1905 54.1300 -236.2200
-8.1631229690e+001 3.0038370872e+001 -1.4898786717e+002
101 89 53
2 38 2133 -891.9300 328.1600 39 2084 -908.9500 475.2800
-5.2724789270e+001 2.7240290119e+001 -1.5408007822e+002
38 26 26
2 38 2141 -556.9000 288.4200 39 2091 -568.3500 422.3500
-7.3565426553e+001 2.7738010744e+001 -1.6977919135e+002
176 121 84
2 38 2146 -706.3800 266.6300 39 2095 -719.7000 406.2300
-1.1612224728e-001 1.3940327207e+000 -8.4442926381e+000
169 153 109
2 38 2149 -22.4000 267.7600 39 2125 -50.2400 202.9500
-1.1612224728e-001 1.3940327207e+000 -8.4442926381e+000
169 153 109
2 38 2150 -22.4000 267.7600 39 2124 -50.2400 202.9500
3.3851958066e-003 1.4535399575e+000 -8.5573424663e+000
39 55 23
2 38 2151 0.2600 275.5500 39 2126 -27.0200 212.1600
-7.2811372639e+001 2.6060850159e+001 -1.7237021717e+002
89 44 31
2 38 2153 -687.4000 246.7600 39 2096 -702.7900 385.2400
-4.8954644027e-001 1.2488912823e+000 -8.2198457215e+000
35 61 30
2 38 2154 -96.8500 246.4500 39 2128 -123.5900 179.5500
1.1002654522e-001 1.2218383301e+000 -8.3314393801e+000
34 57 28
2 38 2157 21.0100 237.8400 39 2132 -8.7600 169.7700
2.3501191723e+000 1.3321609734e+000 -9.1233042711e+000
150 124 109
2 38 2158 419.1899 237.3100 39 2133 379.1700 172.3400
-1.1624619828e+000 9.4895707955e-001 -7.6893736352e+000
154 58 55
2 38 2161 -245.3500 200.3100 39 2135 -270.6100 126.7200
-9.6237165029e-001 1.0516583567e+000 -7.9624488552e+000
44 95 121
2 38 2162 -195.8300 214.2800 39 2136 -222.1800 145.5100
-3.6417801459e-001 9.8012305945e-001 -7.9160840809e+000
35 60 36
2 38 2163 -74.9600 200.7800 39 2138 -104.3300 127.3100
-1.0390028700e+000 7.3469784013e-001 -7.4350775564e+000
168 122 89
2 38 2169 -226.8400 160.3700 39 2150 -253.9700 80.8400
-1.0390028700e+000 7.3469784013e-001 -7.4350775564e+000
168 122 89
2 38 2170 -226.8400 160.3700 39 2151 -253.9700 80.8400
2.6266196286e-001 8.8763591580e-001 -8.0106722686e+000
163 152 122
2 38 2171 52.8900 179.6400 39 2144 18.7300 105.0000
5.2189175198e-001 8.8198737312e-001 -8.0906168448e+000
162 150 126
2 38 2172 104.1801 176.7700 39 2146 68.7500 102.3700
3.7184538135e+000 1.0212681315e+000 -9.2256587223e+000
154 118 87
2 38 2175 657.3900 180.1500 39 2148 606.5699 110.9800
3.8560981928e+000 9.3545293884e-001 -9.2054515186e+000
132 24 40
2 38 2176 683.3101 165.3700 39 2149 630.6000 95.4700
-8.3767947062e-001 6.5816180293e-001 -7.4079090647e+000
96 120 118
2 38 2178 -183.8000 144.1700 39 2152 -212.3500 63.1000
-7.1865930419e-001 6.2458491044e-001 -7.4115196134e+000
26 56 29
2 38 2180 -157.6500 136.7300 39 2159 -187.3100 55.2200
4.5664280481e+000 9.1322331520e-001 -9.5577512831e+000
168 138 114
2 38 2184 778.1400 155.8600 39 2037 726.4700 88.4100
4.4374923220e+000 7.1172889058e-001 -9.4760467854e+000
169 85 38
2 38 2186 764.2700 122.1400 39 2163 707.2500 55.8000
3.8585085376e+000 -1.5565733049e-001 -9.2755339528e+000
183 125 68
2 38 2194 677.4100 -27.3000 39 2169 616.0500 -89.0800
3.8585085376e+000 -1.5565733049e-001 -9.2755339528e+000
183 125 68
2 38 2195 677.4100 -27.3000 39 2168 616.0500 -89.0800
-6.5642809451e-001 -5.7466177366e-001 -7.8549750118e+000
66 110 108
2 38 2201 -136.0900 -118.2700 39 2173 -171.1400 -178.0000
1.7637070663e+000 -7.9615800128e-001 -9.1093384263e+000
193 130 112
2 38 2206 313.4500 -141.6800 39 2062 262.5000 -189.5400
-7.0455298479e+001 2.8151934182e+001 -1.7234382451e+002
171 120 76
2 38 2232 -666.0000 266.5900 39 2194 -679.3000 404.8900
-2.6247655262e-001 8.8000283457e-001 -7.8071847940e+000
165 152 118
2 38 2237 -54.5400 182.7300 39 2205 -86.1300 106.6200
6.9653579774e-003 8.7903331076e-001 -7.9150261219e+000
160 151 110
2 38 2239 1.1300 180.0500 39 2207 -31.5400 104.7900
-2.0755523174e+000 5.9854586360e-001 -7.5569405692e+000
151 126 104
2 38 2243 -446.3300 128.8800 39 2209 -466.7100 60.4400
2.8280280897e+000 5.5504992270e-001 -8.6498523210e+000
152 107 55
2 38 2246 531.8700 104.3800 39 2211 479.6600 30.6400
-4.7134203052e-001 -5.7652126880e-001 -8.0047613476e+000
69 105 132
2 38 2253 -95.5400 -116.4800 39 2174 -132.9300 -174.0800
4.7242357145e+000 -7.7256716440e-001 -1.0451292338e+001
30 19 27
2 38 2260 737.1300 -120.6200 39 2172 672.2600 -162.4000
-1.4528670342e+002 -1.0815004733e+002 -3.7293679665e+002
52 27 29
2 38 2266 -635.2800 -473.1500 39 2227 -649.7300 -329.9600
-1.8125983610e+002 -1.4363232689e+002 -5.0128956749e+002
59 30 35
2 38 2267 -588.2900 -467.4100 39 2228 -605.8100 -324.8800
3.6306068162e+000 8.8855952739e-001 -9.1466990578e+000
17 58 109
2 38 2278 645.8300 158.3900 39 2255 596.6600 88.0200
4.3275001185e+000 1.1073978465e+000 -9.6338707478e+000
141 25 37
2 38 2279 731.5000 187.4800 39 2248 683.7300 121.8600
4.3275001185e+000 1.1073978465e+000 -9.6338707478e+000
141 25 37
2 38 2280 731.5000 187.4800 39 2249 683.7300 121.8600
8.5592208808e-001 7.2402682481e-001 -8.1072490907e+000
174 156 134
2 38 2282 170.1000 144.9500 39 2250 132.6100 69.6200
3.0144094954e+000 7.4793781504e-001 -8.7749279761e+000
53 19 23
2 38 2302 558.8900 138.7400 39 2282 508.5300 65.2400
-4.3445112505e-001 4.4211202760e-001 -7.4801767134e+000
155 148 122
2 38 2304 -93.9800 95.8500 39 2284 -128.0400 15.9200
3.2637380203e+000 5.5583493209e-001 -8.8289419470e+000
156 116 80
2 38 2306 601.1801 102.6200 39 2302 548.5000 29.8200
3.2637380203e+000 5.5583493209e-001 -8.8289419470e+000
156 116 80
2 38 2307 601.1801 102.6200 39 2303 548.5000 29.8200
8.2329085178e-003 -6.3286360553e-001 -8.0778755574e+000
156 156 144
2 38 2310 1.8800 -126.7800 39 2263 -40.6100 -185.0400
-9.7773308053e-001 4.1017759153e-001 -7.3264071916e+000
93 121 135
2 38 2329 -215.8700 90.8700 39 2300 -246.5900 10.8600
2.3633776793e+000 -3.4983791446e-001 -8.9056555675e+000
194 140 112
2 38 2333 430.5100 -63.6800 39 2286 376.7500 -122.5500
-1.1779633583e+000 -6.9517811211e-001 -7.7995254937e+000
197 114 104
2 38 2336 -245.1300 -144.2800 39 2288 -277.0500 -200.5000
4.3392875298e+000 -2.2913162384e-001 -9.5402204744e+000
112 68 38
2 38 2349 741.7300 -39.2900 39 2323 677.0000 -97.8600
4.7915325904e-001 -4.0800092210e-001 -8.1243136239e+000
164 160 141
2 38 2350 95.2900 -81.2000 39 2306 51.2500 -143.8300
2.8712365786e+000 -1.1537582807e-001 -8.9225191106e+000
171 33 46
2 38 2359 523.1899 -20.9900 39 2336 466.7100 -84.2500
4.8303196829e+000 1.5493612297e+000 -1.0015351268e+001
40 32 43
2 38 2365 785.9301 252.1900 39 2341 741.9399 189.6200
9.4264240628e-001 -1.5639873817e-001 -7.9805958952e+000
99 130 151
2 38 2368 191.5800 -31.7000 39 2337 143.6400 -102.6900
2.2243974282e+000 -1.9129112337e-001 -9.8319553939e+000
129 80 75
2 38 2386 367.9100 -31.6800 39 2359 319.6600 -74.5200
