# Bundle file v0.3
46 501
0 0 0
0 0 0
0 0 0
0 0 0
0 0 0
0 0 0
0 0 0
0 0 0
0 0 0
0 0 0
0 0 0
0 0 0
0 0 0
0 0 0
0 0 0
0 0 0
0 0 0
0 0 0
0 0 0
0 0 0
0 0 0
0 0 0
0 0 0
0 0 0
0 0 0
0 0 0
0 0 0
0 0 0
0 0 0
0 0 0
0 0 0
0 0 0
0 0 0
0 0 0
0 0 0
0 0 0
0 0 0
0 0 0
0 0 0
0 0 0
0 0 0
0 0 0
0 0 0
0 0 0
0 0 0
0 0 0
0 0 0
0 0 0
0 0 0
0 0 0
0 0 0
0 0 0
0 0 0
0 0 0
0 0 0
0 0 0
0 0 0
0 0 0
0 0 0
0 0 0
0 0 0
0 0 0
0 0 0
0 0 0
0 0 0
0 0 0
0 0 0
0 0 0
0 0 0
0 0 0
0 0 0
0 0 0
0 0 0
0 0 0
0 0 0
0 0 0
0 0 0
0 0 0
0 0 0
0 0 0
0 0 0
0 0 0
0 0 0
0 0 0
0 0 0
0 0 0
0 0 0
0 0 0
0 0 0
0 0 0
0 0 0
0 0 0
0 0 0
0 0 0
0 0 0
0 0 0
0 0 0
0 0 0
0 0 0
0 0 0
0 0 0
0 0 0
0 0 0
0 0 0
0 0 0
0 0 0
0 0 0
0 0 0
0 0 0
0 0 0
0 0 0
0 0 0
0 0 0
0 0 0
0 0 0
0 0 0
0 0 0
0 0 0
0 0 0
0 0 0
0 0 0
0 0 0
0 0 0
0 0 0
0 0 0
0 0 0
0 0 0
0 0 0
0 0 0
0 0 0
0 0 0
0 0 0
0 0 0
0 0 0
0 0 0
0 0 0
0 0 0
0 0 0
0 0 0
0 0 0
0 0 0
0 0 0
0 0 0
0 0 0
0 0 0
0 0 0
0 0 0
0 0 0
0 0 0
0 0 0
0 0 0
0 0 0
0 0 0
0 0 0
0 0 0
0 0 0
0 0 0
0 0 0
0 0 0
0 0 0
1.0862985685e+003 0.0000000000e+000 0.0000000000e+000
1.0000000000e+000 0.0000000000e+000 0.0000000000e+000
0.0000000000e+000 1.0000000000e+000 0.0000000000e+000
0.0000000000e+000 0.0000000000e+000 1.0000000000e+000
-0.0000000000e+000 -0.0000000000e+000 -0.0000000000e+000
0 0 0
0 0 0
0 0 0
0 0 0
0 0 0
0 0 0
0 0 0
0 0 0
0 0 0
0 0 0
1.0862985685e+003 0.0000000000e+000 0.0000000000e+000
9.9569507115e-001 9.1135284979e-002 1.6902222330e-002
-8.9263845943e-002 9.9193573323e-001 -8.9974812852e-002
-2.4965798511e-002 8.8078720314e-002 9.9580060651e-001
5.4558772445e-002 -9.8070488536e-001 -1.8772657827e-001
0 0 0
0 0 0
0 0 0
0 0 0
0 0 0
0 0 0
0 0 0
0 0 0
0 0 0
0 0 0
0 0 0
0 0 0
0 0 0
0 0 0
0 0 0
0 0 0
0 0 0
0 0 0
0 0 0
0 0 0
0 0 0
0 0 0
0 0 0
0 0 0
0 0 0
0 0 0
0 0 0
0 0 0
0 0 0
0 0 0
0 0 0
0 0 0
0 0 0
0 0 0
0 0 0
0 0 0
0 0 0
0 0 0
0 0 0
0 0 0
0 0 0
0 0 0
0 0 0
0 0 0
0 0 0
0 0 0
0 0 0
0 0 0
0 0 0
0 0 0
8.5678211930e-001 -3.2260670167e+000 -1.2393461284e+001
186 85 58
2 32 1099 75.2200 -282.7500 35 1043 34.0800 -265.9500
8.2088465048e-001 -3.1463031694e+000 -1.2461000512e+001
218 166 96
2 32 1374 71.7100 -274.2600 35 1182 31.4000 -257.2800
1.5632752864e+000 -3.4190951797e+000 -1.1597427635e+001
230 183 106
2 32 1273 146.5500 -320.2400 35 1194 99.1300 -311.9800
2.1343220996e+000 -1.5588190697e+000 -9.3547508963e+000
173 165 154
2 32 1226 247.7200 -181.0300 35 1171 210.7500 -210.2000
-3.0504088748e+000 -1.5420358697e+000 -8.3910459585e+000
191 165 157
2 32 884 -394.7400 -199.6000 35 849 -412.4400 -187.2800
-1.6705905729e+000 -1.1472336907e+000 -8.2692130826e+000
48 37 47
2 32 1347 -219.1200 -150.6500 35 1283 -237.7000 -157.0000
9.0909460063e-001 -2.1586371849e+000 -1.1041954033e+001
212 168 123
2 32 1526 89.6100 -212.3400 35 1383 54.7600 -210.6300
1.8154826353e+000 -1.3231350753e+000 -9.1825587191e+000
210 203 195
2 32 1729 214.7500 -156.5300 35 1610 181.5500 -186.4000
-1.4808588634e+000 -1.6497800871e+000 -8.7401425498e+000
199 83 60
2 32 1683 -183.4700 -204.9500 35 1544 -207.9800 -205.0900
-1.7014858289e+000 -1.0648996141e+000 -8.2233100989e+000
183 160 125
2 32 1210 -224.3400 -140.6000 35 1150 -242.2000 -147.6600
1.0108283545e+000 -3.3167937149e+000 -1.2207438862e+001
216 160 86
2 32 703 90.0900 -295.1300 35 874 47.2500 -279.9300
1.7417449976e+000 -3.4356517481e+000 -1.1357243979e+001
194 113 71
2 32 1118 166.6200 -328.6100 35 1067 117.7200 -323.0700
2.1102542657e+000 -4.9996971002e-001 -9.1342562021e+000
211 207 196
2 32 1512 250.8000 -59.4800 35 1462 226.6600 -97.6400
1.7236393798e+000 -3.1419131876e+000 -1.1434567988e+001
181 88 68
2 32 939 163.7900 -298.4800 35 881 117.8800 -294.3000
1.9298976480e+000 1.0436204455e+000 -9.2437058202e+000
211 205 194
2 32 1486 226.5300 122.6100 35 1332 222.7900 82.9600
1.0889138327e+000 -2.5707919696e+000 -1.1482690570e+001
156 43 47
2 32 1737 103.4000 -243.1500 35 1614 64.5800 -237.3700
3.5220360986e+000 -2.3120468688e+000 -9.2453320167e+000
202 103 91
2 32 1252 413.6400 -271.6800 35 1201 358.4700 -309.1700
8.5610926580e-001 -3.0458462622e+000 -1.2437323328e+001
160 72 60
2 32 1248 74.9100 -266.0100 35 1183 35.2600 -249.9400
-3.0149131559e+000 -1.4317992526e+000 -8.3093292701e+000
45 34 40
2 32 1681 -394.0800 -187.1700 35 1541 -410.7400 -176.6400
2.2501381292e+000 -1.9007587913e+000 -9.5903220847e+000
235 228 218
2 32 1738 254.8700 -215.3000 35 1661 213.7100 -240.3600
2.4952200836e+000 1.1604001869e+000 -9.1165882595e+000
196 189 174
2 32 1484 297.3300 138.2700 35 1421 293.2500 90.4100
3.9932012020e+000 -1.3810249538e+000 -8.6622068492e+000
193 142 121
2 32 257 500.3900 -173.2300 35 346 452.2800 -231.7800
3.5698689149e+000 -2.3143344510e+000 -9.2191045633e+000
200 106 77
2 32 928 420.6500 -272.7000 35 884 364.5600 -310.9600
3.3849204400e+000 -2.3812909736e+000 -9.3402336802e+000
224 165 97
2 32 1251 393.0000 -277.0300 35 1061 339.3900 -311.4200
3.9725464113e+000 -1.3181557066e+000 -8.7207701764e+000
143 75 40
2 32 868 494.5100 -164.2300 35 861 447.7300 -222.1400
1.8143084640e+000 -3.3867045088e+000 -1.1310673376e+001
199 131 70
2 32 724 174.2900 -325.2600 35 683 125.3300 -320.9200
3.4524155802e+000 -7.4158244844e-001 -8.4163964597e+000
162 132 118
2 32 1194 445.5601 -95.7200 35 1169 408.9200 -157.8600
-3.7360311168e+000 -1.0160142190e+000 -7.9554805981e+000
140 83 72
2 32 1339 -509.6200 -138.6300 35 1266 -522.1700 -125.9500
7.2966508625e-001 -2.2625331169e+000 -1.1085180722e+001
244 208 160
2 32 1736 71.0100 -221.7900 35 1660 37.3000 -217.6100
-1.6687660433e+000 -1.1083155543e+000 -8.2446989056e+000
116 94 93
2 32 580 -219.5300 -145.9700 35 280 -237.7400 -152.8600
3.9932012020e+000 -1.3810249538e+000 -8.6622068492e+000
193 142 121
2 32 258 500.3900 -173.2300 35 347 452.2800 -231.7800
9.6793531073e-001 -3.2071683905e+000 -1.2225372084e+001
186 109 67
2 32 935 86.1200 -284.9600 35 873 44.4200 -269.9800
-6.9981232159e-001 -1.3768722626e+000 -8.7664625748e+000
183 173 161
2 32 1051 -86.6200 -170.6000 35 1019 -110.3900 -180.0600
1.7699530199e+000 -3.3706096205e+000 -1.1332399518e+001
186 104 64
2 32 1116 169.7300 -323.0900 35 1207 121.1400 -318.3900
1.3132167684e+000 1.1105324219e+000 -9.6837978207e+000
238 234 224
2 32 1705 147.7900 124.6400 35 1638 144.0800 97.3100
-1.5980544532e+000 -1.0986421241e+000 -8.2759436188e+000
149 37 41
2 32 1677 -209.5400 -144.1700 35 1605 -227.6600 -151.4900
-1.7557670022e+000 -9.8525151050e-001 -8.2474281644e+000
171 144 114
2 32 1207 -231.0200 -129.7300 35 1148 -247.6300 -136.3000
6.0239691326e-001 3.2955628805e+000 -1.1842656559e+001
199 191 177
2 32 1627 55.3700 302.3100 35 1555 69.9100 306.2500
2.5494043228e+000 -2.2926112759e+000 -9.6056359840e+000
98 43 37
2 32 1807 287.6800 -259.3500 35 1724 241.5600 -283.8700
-1.7843693663e+000 -9.2602233987e-001 -8.2670841617e+000
158 128 104
2 32 1206 -234.1200 -121.6200 35 1147 -250.3500 -127.9900
-6.8348199237e-001 1.1622596930e-001 -9.3930471213e+000
165 156 151
2 32 1308 -79.3100 13.4000 35 1239 -88.1200 4.6700
1.5414809195e+000 -1.1247626676e+000 -9.0873929718e+000
161 151 141
2 32 1800 184.4400 -134.4300 35 1689 154.3200 -164.1300
4.0461475847e+000 -1.1085079215e+000 -8.5637093214e+000
137 82 52
2 32 846 512.7000 -140.6700 35 631 468.2300 -203.6400
4.0969635117e+000 -1.2880902367e+000 -8.5345301062e+000
223 185 170
2 32 871 521.1000 -163.9900 35 642 472.9100 -226.5200
4.0219645867e+000 -1.2203349800e+000 -8.6410465637e+000
147 82 54
2 32 1053 505.2600 -153.4500 35 1033 459.2500 -213.9700
5.5453000563e-001 -3.1838082903e+000 -1.2744565660e+001
126 88 77
2 32 1463 47.1700 -271.3900 35 1392 8.4400 -250.8200
-2.7728156927e+000 -1.0481224910e+000 -8.2599534276e+000
40 30 35
2 32 1675 -364.2700 -137.7700 35 1601 -379.1700 -132.6400
-2.4516412464e+000 -1.2847338108e+000 -8.8914279727e+000
178 124 90
2 32 1444 -298.4600 -156.7700 35 1144 -318.1200 -147.8000
-3.0282090836e+000 -1.1137436165e+000 -8.0229056216e+000
98 34 24
2 32 1674 -409.9100 -150.7800 35 1537 -423.7600 -144.8600
-2.7356303749e+000 -9.5794938730e-001 -8.2560871078e+000
149 131 127
2 32 836 -359.7100 -126.0000 35 1010 -373.6500 -121.7300
-3.7712453616e+000 -5.8827255483e-001 -7.9798908761e+000
72 43 27
2 32 1318 -513.2700 -80.0600 35 1249 -522.1900 -68.4300
-1.7014858289e+000 -1.0648996141e+000 -8.2233100989e+000
183 160 125
2 32 1211 -224.3400 -140.6000 35 1149 -242.2000 -147.6600
1.4432869422e-002 -1.2153293293e+000 -9.1099013660e+000
186 182 170
2 32 1214 1.7900 -144.9100 35 1167 -22.7800 -158.6400
-3.3709443418e+000 -1.0619562039e+000 -7.9264625678e+000
209 108 66
2 32 1202 -462.0400 -145.5500 35 1140 -474.2700 -136.9500
3.2939391586e-001 -1.8129756162e-001 -9.4965182088e+000
154 146 135
2 32 1415 37.6000 -20.7500 35 1352 23.1700 -37.6900
-1.7015615726e+000 -9.6955910150e-001 -8.2702769459e+000
45 33 37
2 32 1345 -223.2000 -127.3000 35 1273 -239.9700 -134.3000
2.1866341439e+000 1.8817631194e-001 -9.2757176180e+000
212 209 195
2 32 1414 255.7800 22.0000 35 1351 240.4900 -17.7500
-2.9842697029e+000 -1.6149526931e+000 -8.4793104541e+000
149 57 29
2 32 1233 -381.8700 -206.8100 35 1025 -400.9800 -194.0300
9.2714522685e-001 -3.2327499936e+000 -1.2271625502e+001
194 103 74
2 32 1469 82.0500 -286.1700 35 1393 40.6600 -270.4700
3.7733326763e+000 4.4242267181e-001 -7.9270084893e+000
198 185 169
2 32 1575 516.4100 60.5600 35 1519 497.0800 -22.1100
3.9984649326e+000 1.8712804992e-001 -7.9236165810e+000
207 195 182
2 32 1712 548.2300 25.6600 35 1649 521.5601 -58.4400
2.3306473279e+000 1.6162872448e+000 -9.1229222409e+000
246 241 235
2 32 1564 277.7900 192.4900 35 1508 279.7200 146.0500
1.2764569955e+000 -3.1748459596e+000 -1.1615810739e+001
229 209 219
2 32 1257 119.2200 -296.9300 35 880 75.7700 -287.9700
1.5816256421e+000 -3.2218132044e+000 -1.1270019661e+001
184 81 67
2 32 1537 151.8400 -310.6300 35 1396 106.6700 -305.8300
-3.8870474291e+000 -4.1376056631e-001 -7.9288344033e+000
251 227 161
2 32 1662 -532.4600 -56.6700 35 1591 -540.0100 -44.8000
-3.8870474291e+000 -4.1376056631e-001 -7.9288344033e+000
251 227 161
2 32 1661 -532.4600 -56.6700 35 1590 -540.0100 -44.8000
3.3363791001e+000 -4.3197255467e-001 -8.4430239345e+000
167 149 134
2 32 1766 430.0699 -55.4900 35 1684 397.2700 -118.0500
-3.6854474237e+000 -9.0673112710e-001 -7.9573007117e+000
73 25 23
2 32 1723 -502.7000 -123.7000 35 1651 -514.4000 -112.0800
-3.3124860182e+000 -1.3214468277e+000 -8.0112714339e+000
105 37 28
2 32 1727 -449.6100 -179.2700 35 1604 -463.1900 -168.8600
2.1667281489e+000 -2.5344359108e+000 -9.7843570131e+000
226 208 149
2 32 1775 240.4300 -281.4000 35 1693 193.3400 -298.7800
2.2173470762e+000 1.2222032134e+000 -8.9854672310e+000
173 165 152
2 32 1788 268.0800 147.7600 35 1708 265.7100 100.7200
7.2966508625e-001 -2.2625331169e+000 -1.1085180722e+001
244 208 160
2 32 1735 71.0100 -221.7900 35 1659 37.3000 -217.6100
1.1629340885e+000 -7.6437046577e-001 -8.8543509212e+000
74 62 45
2 32 1189 142.5800 -93.7900 35 1015 118.6400 -124.8500
2.6317439087e+000 1.0308090508e+000 -9.1313485273e+000
208 201 187
2 32 974 313.2600 122.6500 35 940 306.6800 73.7600
-2.9219511666e+000 -1.0901838544e+000 -8.2332097838e+000
138 101 74
2 32 833 -385.1500 -143.7700 35 832 -399.9700 -137.0400
6.0239691326e-001 3.2955628805e+000 -1.1842656559e+001
199 191 177
2 32 1628 55.3700 302.3100 35 1554 69.9100 306.2500
-3.7080168584e-001 -8.9334621797e-002 -9.2978908197e+000
197 195 187
2 32 1501 -43.3400 -10.4400 35 1436 -55.1800 -22.9600
3.7493309312e+000 7.0618509804e-001 -8.1145310889e+000
150 136 123
2 32 976 501.9500 94.5400 35 956 486.2100 15.0800
3.9782515856e+000 -1.3605936621e+000 -8.6979859802e+000
178 143 135
2 32 1054 496.5200 -169.9600 35 1037 448.9200 -227.9500
-3.7360311168e+000 -1.0160142190e+000 -7.9554805981e+000
140 83 72
2 32 1340 -509.6200 -138.6300 35 1265 -522.1700 -125.9500
-1.6802843606e+000 -8.8937461536e-001 -8.2558413640e+000
209 90 81
2 32 1331 -220.7200 -116.9600 35 1274 -236.9400 -124.8200
-3.1251459079e+000 -1.0063122520e+000 -7.9047170190e+000
152 66 43
2 32 1203 -428.9900 -138.2000 35 1141 -442.3500 -133.1600
2.6003546314e+000 1.0061740675e+000 -9.1139192795e+000
208 199 182
2 32 1487 309.8800 119.9200 35 1424 303.5500 71.1600
-1.8092687438e+000 3.1210093003e+000 -1.4211362717e+001
225 220 210
2 32 1553 -137.8300 238.6400 35 1493 -132.4000 275.4500
3.3544047448e+000 -2.4162276496e+000 -9.1499852959e+000
189 87 84
2 32 1473 398.7400 -286.8000 35 1490 341.3100 -323.0400
2.4292211025e-001 -8.4461190137e-001 -9.0089808226e+000
197 193 184
2 32 1722 29.0400 -101.8800 35 1687 8.1600 -121.0400
3.9739102718e+000 -1.2505457161e+000 -8.6570357864e+000
133 82 67
2 32 252 498.1801 -156.9700 35 322 452.3600 -216.4800
3.5067087096e+000 -2.3604793151e+000 -9.2342486116e+000
214 129 98
2 32 692 412.1899 -277.7200 35 415 356.7000 -314.7500
4.1501521860e+000 9.8529470526e-001 -7.7569596408e+000
214 196 182
2 32 458 580.6400 137.9300 35 474 568.5300 44.3800
2.0657921057e+000 9.9842084861e-002 -9.2935947014e+000
190 182 170
2 32 982 241.6200 11.6900 35 1117 224.7100 -26.3300
-1.8393201463e+000 -8.8334069604e-001 -8.3078191220e+000
39 34 48
2 32 1185 -240.2000 -115.4500 35 1146 -255.8500 -120.9400
-3.8464319231e+000 -8.1965207873e-001 -8.0345627246e+000
207 178 118
2 32 1023 -519.8000 -110.7700 35 1132 -530.5600 -96.8300
-1.8946254049e+000 -9.7591359606e-001 -8.2789474951e+000
134 127 118
2 32 577 -248.3000 -128.0000 35 593 -264.5900 -132.7300
4.2972622641e+000 1.0536772213e+000 -7.5446635738e+000
199 73 76
2 32 1300 618.3900 151.6800 35 1104 606.0500 50.6300
-8.0084157963e-001 3.6062602032e-001 -9.6672491565e+000
168 158 149
2 32 1155 -90.0100 40.5200 35 1106 -97.1600 35.4200
-3.1053141672e+000 -1.4863040835e+000 -8.3625425735e+000
33 18 23
2 32 1232 -402.9500 -192.9900 35 1017 -420.6100 -180.7700
3.4836582765e+000 -2.4441685476e+000 -9.2810028564e+000
229 166 100
2 32 1266 407.5601 -286.1000 35 1071 351.0900 -321.5900
3.5259408755e+000 -2.4017092187e+000 -9.2378623766e+000
196 86 80
2 32 1267 414.5500 -282.4300 35 1072 357.8600 -319.2400
-1.4585081622e+000 -1.7587335890e+000 -8.7886819601e+000
232 174 129
2 32 1243 -180.0200 -217.3400 35 1176 -204.9200 -216.4100
2.8764772822e+000 -2.6851014803e+000 -1.0078616634e+001
121 56 40
2 32 1107 310.0900 -289.4000 35 1059 258.1600 -308.8100
-6.7202702957e-001 2.3071699737e+000 -1.2859287459e+001
196 188 178
2 32 1481 -56.7700 194.9000 35 1500 -52.8700 214.7300
-1.8201823741e+000 -9.8185055882e-001 -8.2286318070e+000
52 49 52
2 32 1343 -240.0100 -129.5700 35 1271 -256.4700 -135.6800
-1.6802843606e+000 -8.8937461536e-001 -8.2558413640e+000
209 90 81
2 32 1332 -220.7200 -116.9600 35 1275 -236.9400 -124.8200
-3.2738779731e+000 -9.0627430478e-001 -7.8930913170e+000
181 84 51
2 32 1341 -450.1700 -124.6500 35 1259 -462.3300 -118.5000
-9.6863323379e-001 -1.3968403401e+000 -8.6225324641e+000
177 167 157
2 32 1445 -121.7300 -175.9300 35 1380 -145.1400 -184.1600
1.0669257850e+000 -3.3659503945e+000 -1.2179162768e+001
172 79 75
2 32 1382 95.3700 -300.1900 35 1187 51.7200 -285.2700
2.4802903372e+000 1.8981450986e+000 -8.9193073779e+000
219 211 202
2 32 1480 302.2600 231.2000 35 1322 308.3900 179.7400
2.4802903372e+000 1.8981450986e+000 -8.9193073779e+000
219 211 202
2 32 1479 302.2600 231.2000 35 1321 308.3900 179.7400
1.4437057588e+000 -1.4151498744e-001 -9.4886069153e+000
191 187 178
2 32 1505 165.5900 -16.1600 35 1448 147.6000 -44.4500
2.3688855896e+000 -5.5848514495e-001 -8.8680909680e+000
223 216 203
2 32 1431 290.1100 -68.4200 35 1368 263.4000 -112.8600
-3.6445555094e+000 -5.3898963087e-001 -7.9559154525e+000
201 167 116
2 32 1425 -497.2000 -73.5100 35 1354 -506.4900 -63.9200
-1.8692369795e+000 -9.4473821178e-001 -8.2536917076e+000
54 49 57
2 32 1603 -245.3800 -124.2300 35 1538 -262.1200 -129.8000
2.8310526513e+000 -2.6417296143e+000 -1.0182036376e+001
149 108 64
2 32 1472 302.0400 -281.8400 35 1399 251.4400 -300.2000
2.6466349874e-001 -3.1431216638e+000 -1.2445720242e+001
201 129 82
2 32 1531 22.8400 -274.3800 35 1480 -14.8200 -253.5000
7.5258333526e-001 3.3732890381e+000 -1.1718857095e+001
247 241 229
2 32 1546 69.9600 312.7200 35 1492 85.4800 314.5200
-2.3554214054e+000 -6.8397759093e-001 -8.6397409129e+000
176 88 52
2 32 1592 -296.0500 -85.9800 35 1524 -308.8600 -82.9800
2.1804907505e+000 -2.4239618374e+000 -1.0014838499e+001
254 250 189
2 32 1464 236.5500 -262.9200 35 1394 191.1600 -279.0300
2.9118917601e+000 -2.8493588825e+000 -1.0032909311e+001
153 115 60
2 32 1624 315.1200 -308.5300 35 1551 261.3100 -327.3000
4.1346218523e+000 8.8421679342e-001 -7.6901317443e+000
209 191 177
2 32 1649 583.9100 124.8900 35 1580 569.0400 30.2500
7.3840055237e-001 -7.5260736759e-001 -9.0880421860e+000
222 222 214
2 32 1599 88.5400 -89.9200 35 1534 65.8500 -113.6800
-2.6749298751e+000 -8.2283354105e-001 -8.4217268715e+000
94 32 21
2 32 1597 -344.2900 -106.0000 35 1530 -358.5900 -101.4300
-2.7070700021e+000 -9.3155300993e-001 -8.3169892095e+000
147 104 70
2 32 1602 -352.9100 -121.5500 35 1532 -367.6800 -117.2100
-2.7070700021e+000 -9.3155300993e-001 -8.3169892095e+000
147 104 70
2 32 1601 -352.9100 -121.5500 35 1531 -367.6800 -117.2100
-1.9592705312e+000 3.4484038044e+000 -1.4487353646e+001
203 76 77
2 32 1699 -146.4700 258.6400 35 1627 -139.5900 298.4200
-1.9592705312e+000 3.4484038044e+000 -1.4487353646e+001
203 76 77
2 32 1698 -146.4700 258.6400 35 1628 -139.5900 298.4200
3.3729777407e+000 2.8772453265e-001 -8.1671772244e+000
240 234 221
2 32 1711 448.4500 38.2500 35 1646 428.1500 -33.9100
3.8553386687e+000 7.1512194605e-001 -7.9347385423e+000
236 224 213
2 32 1759 527.6801 97.8900 35 1679 511.6100 13.1600
3.2115190644e+000 2.7154309972e-001 -8.4768430550e+000
125 110 91
2 32 1762 411.0300 34.7400 35 1682 392.4900 -29.4400
5.1565803491e-001 -2.6802371501e+000 -1.1996511216e+001
128 78 65
2 32 1772 46.8200 -242.6800 35 1692 10.4800 -228.6200
3.8150882371e+000 1.0351249732e+000 -7.9045356213e+000
99 83 67
2 32 1789 523.3500 142.1600 35 1677 514.8101 56.1100
1.1623432048e+000 1.1307092697e+000 -9.7143981439e+000
233 229 218
2 32 1791 130.7900 126.5500 35 1707 126.8500 101.0700
-4.0056656390e+000 -6.4311346502e-001 -8.0627539139e+000
138 105 56
2 32 1821 -539.3000 -86.5700 35 1733 -549.1400 -71.2500
2.7009601765e+000 1.5381001723e+000 -8.8058813564e+000
222 216 204
2 32 1839 333.2700 189.7500 35 1753 334.2000 133.9700
-8.5774367304e-001 2.8032911003e-001 -9.7678862329e+000
137 98 89
2 32 481 -95.3000 31.1900 35 73 -103.4600 27.8200
-2.9636411417e+000 -1.4547769822e+000 -8.3359809705e+000
86 56 51
2 32 285 -385.6800 -189.4800 35 272 -403.6100 -179.2600
1.4692368432e+000 3.0894535428e+000 -1.0762110431e+001
213 205 192
2 32 434 148.5200 311.8700 35 4 164.4300 297.4000
2.4235723376e+000 3.8783866520e-002 -8.9284329161e+000
171 152 102
2 32 784 294.8800 4.7200 35 774 275.8900 -42.2400
-3.9438747157e+000 -6.6347124981e-001 -7.9955303030e+000
223 194 129
2 32 182 -535.5200 -90.0800 35 149 -545.2200 -76.0500
-3.7072786060e+000 -8.6592110114e-001 -7.9006744190e+000
131 82 77
2 32 555 -509.4300 -119.0000 35 562 -520.4500 -107.8600
-2.8685738617e+000 -1.0949240342e+000 -8.2351633375e+000
107 82 74
2 32 576 -378.0100 -144.3600 35 585 -393.0000 -138.1800
4.2914407622e+000 1.5194775549e+000 -7.7182626723e+000
174 133 117
2 32 970 603.4800 213.8100 35 935 600.7300 115.9700
-5.2784920933e-001 -4.4005842761e-001 -9.3671235565e+000
71 60 42
2 32 511 -61.0000 -51.0000 35 544 -76.4400 -60.0500
-3.9738045522e+000 -7.7328738393e-001 -8.1107242649e+000
241 215 148
2 32 816 -532.1800 -103.5600 35 779 -542.2800 -87.5200
2.4399005674e+000 -2.6265576634e+000 -9.7883553445e+000
134 112 77
2 32 1262 270.8700 -291.4800 35 1197 220.7400 -310.4900
2.8772202337e+000 -2.8097356296e+000 -1.0050863596e+001
127 87 36
2 32 942 310.6200 -303.7200 35 691 257.9500 -322.3300
9.1992403304e-001 -8.7934663789e-002 -9.7279787942e+000
173 170 161
2 32 1165 102.6500 -9.8300 35 1115 87.6000 -30.1300
-8.2318379375e-001 -9.9458283522e-002 -9.5648759666e+000
146 130 123
2 32 990 -92.8200 -11.1900 35 960 -105.4800 -16.3200
-3.4306248341e+000 -1.1542727474e+000 -7.9477222180e+000
211 108 66
2 32 1048 -468.6600 -157.7200 35 827 -482.0800 -147.8100
2.7597197427e+000 -2.5803562345e+000 -1.0258738497e+001
101 43 31
2 32 1095 292.1800 -273.2400 35 1198 243.0900 -290.7300
1.7884340945e+000 -3.1375908232e+000 -1.1308456888e+001
227 168 98
2 32 1104 171.7200 -301.4100 35 1052 125.4400 -298.5900
-8.9167546598e-001 2.2714879801e+000 -1.2957369074e+001
231 227 219
2 32 1294 -74.5800 190.4600 35 1216 -71.5300 212.5400
1.6630521680e-001 1.2905457853e+000 -1.0703508663e+001
234 230 221
2 32 1150 16.6900 130.9500 35 1095 16.0600 126.2400
-1.3300354816e-001 -6.0330785075e-001 -9.3954195986e+000
143 136 125
2 32 1323 -15.1500 -69.7200 35 1254 -33.2600 -81.7600
-1.5035989474e+000 -9.3483968864e-001 -8.1712370889e+000
149 138 121
2 32 1346 -199.6000 -124.2300 35 1276 -216.5200 -134.8300
-4.0098161790e+000 -9.8190664632e-001 -8.1020548197e+000
74 20 22
2 32 1196 -537.0700 -131.5400 35 1130 -549.4300 -114.4600
-3.4079882151e+000 -1.1091496392e+000 -7.9224398695e+000
233 137 90
2 32 1201 -467.3800 -152.1000 35 1008 -479.8100 -142.8500
-7.6107153217e-001 -1.3599668793e+000 -8.9911920107e+000
148 138 128
2 32 1223 -91.9600 -164.3100 35 1285 -115.0800 -170.7600
3.6933178382e+000 -2.1000568901e+000 -8.9378558852e+000
220 170 108
2 32 1097 448.4200 -255.2900 35 887 393.6500 -300.3500
-2.0910996317e-001 -1.8867449121e+000 -1.0582317784e+001
211 206 195
2 32 1238 -21.5400 -193.6900 35 1028 -50.2600 -187.7300
3.8550890747e+000 5.6505641807e-001 -8.0336695625e+000
230 218 204
2 32 1305 521.1200 76.3900 35 1241 502.6400 -5.4800
1.8454041791e+000 -8.5674953933e-001 -9.0877428131e+000
163 155 144
2 32 1334 220.2900 -102.4500 35 1158 193.0300 -136.6800
-1.8201823741e+000 -9.8185055882e-001 -8.2286318070e+000
52 49 52
2 32 1344 -240.0100 -129.5700 35 1272 -256.4700 -135.6800
3.4565212701e+000 -2.2884480805e+000 -9.2693159748e+000
225 186 107
2 32 1376 405.0800 -268.1900 35 1303 350.4200 -305.0100
3.5720929236e+000 -2.2511887574e+000 -9.0796043138e+000
222 173 97
2 32 1379 426.8900 -269.3900 35 1305 371.7900 -309.9900
3.5720929236e+000 -2.2511887574e+000 -9.0796043138e+000
222 173 97
2 32 1378 426.8900 -269.3900 35 1304 371.7900 -309.9900
4.2207145015e+000 1.5808248846e+000 -7.7240098385e+000
152 110 100
2 32 1396 593.2100 222.2900 35 1329 591.7200 125.3700
-8.4374257290e-001 -3.4514339006e-002 -9.5764850724e+000
110 90 79
2 32 1310 -95.5500 -3.8900 35 1238 -106.5500 -8.7400
-1.9704316298e+000 -4.3674917167e-001 -8.6497037784e+000
165 70 39
2 32 1419 -247.4600 -54.8500 35 1357 -258.7000 -56.8200
-2.3634520298e+000 -5.7401925440e-001 -8.6993516604e+000
138 58 34
2 32 1426 -293.7800 -71.4400 35 1450 -308.2800 -68.5100
-1.6068556185e+000 -1.3666559606e+000 -8.5657079812e+000
220 161 116
2 32 1356 -203.2600 -173.2300 35 1018 -224.6100 -175.6600
-8.4624346937e-001 -1.4081049162e+000 -8.6264972230e+000
141 131 119
2 32 1447 -106.7700 -177.3500 35 1474 -129.7100 -186.6100
1.9298976480e+000 1.0436204455e+000 -9.2437058202e+000
211 205 194
2 32 1485 226.5300 122.6100 35 1331 222.7900 82.9600
2.0900314889e+000 9.3228378376e-001 -9.3058656408e+000
203 195 182
2 32 1405 244.4700 108.8900 35 1334 237.3100 68.5500
-1.3003385027e+000 1.9714976316e+000 -1.3250418941e+001
194 186 175
2 32 1566 -106.5900 161.6300 35 1566 -105.9100 188.2300
-1.3003385027e+000 1.9714976316e+000 -1.3250418941e+001
194 186 175
2 32 1567 -106.5900 161.6300 35 1565 -105.9100 188.2300
1.0921180304e-001 8.2683893871e-001 -1.0394845645e+001
162 158 147
2 32 1572 11.7700 86.4600 35 1509 6.1700 79.3600
8.5860851451e-002 -5.2914450729e-001 -9.4992082304e+000
153 143 137
2 32 1511 9.7600 -60.5200 35 1454 -7.6400 -73.7800
-2.7707831702e-001 -6.2087456097e-001 -9.4130768241e+000
144 140 128
2 32 1594 -31.9700 -71.6500 35 1526 -49.4100 -81.9500
-3.5397870548e+000 -4.9963697758e-001 -8.3402918755e+000
181 98 57
2 32 1663 -460.3900 -64.9500 35 1645 -470.8100 -52.8000
1.1043131675e-001 -1.1768448758e+000 -9.3155398609e+000
157 147 137
2 32 1517 13.5700 -137.1300 35 1463 -12.0900 -149.8400
-2.7004108614e+000 -1.3153293387e+000 -8.2827219178e+000
180 126 83
2 32 1519 -353.6300 -172.4100 35 1465 -371.1100 -166.4100
-2.4895742886e+000 -1.1610727630e+000 -8.7061321988e+000
121 55 31
2 32 1439 -309.7900 -144.7200 35 1375 -327.7400 -137.6800
1.3490142131e+000 -3.4739982900e+000 -1.1820591019e+001
189 89 66
2 32 1539 124.2300 -319.2200 35 1485 77.5800 -307.7100
1.6221951123e+000 -3.4685284944e+000 -1.1499489353e+001
231 188 111
2 32 1540 153.2000 -327.6600 35 1401 105.1200 -320.0800
2.8186310464e+000 2.3504892311e+000 -8.8306454661e+000
235 227 216
2 32 1634 346.4300 289.1100 35 1562 359.6800 232.5900
4.1577030070e+000 1.2816979216e+000 -7.7527337996e+000
156 124 113
2 32 1565 582.2600 179.5600 35 1511 575.2000 84.8500
2.2792793496e+000 -4.8178151692e-001 -9.0451643753e+000
236 232 221
2 32 1595 273.8200 -57.8500 35 1535 248.5400 -99.1400
-3.1153998443e+000 -8.9940323072e-001 -7.8818675208e+000
146 64 42
2 32 1600 -429.1200 -123.9100 35 1529 -441.1900 -119.7200
3.8250612743e+000 1.4420132920e+000 -7.7406503462e+000
249 228 167
2 32 1702 537.2300 202.4100 35 1637 533.2500 111.1700
2.6134044646e+000 -2.8401538820e-001 -8.7216643315e+000
97 82 63
2 32 1794 325.7100 -35.3500 35 1715 300.7700 -86.1700
2.9536142683e+000 2.0868654765e+000 -8.5451119762e+000
162 148 136
2 32 1784 375.6300 265.3100 35 1703 384.5800 201.7200
2.7329431867e+000 1.9395550640e+000 -8.7353656979e+000
242 234 227
2 32 1746 340.2400 241.2400 35 1670 346.4900 183.6800
3.1979776406e+000 1.8499934306e+000 -8.2981234118e+000
227 219 208
2 32 1786 418.7300 242.1900 35 1705 424.0400 170.7800
2.3997655722e+000 -1.0229992483e-001 -9.3428842862e+000
253 247 196
2 32 1763 279.3000 -11.8600 35 1681 258.4100 -51.7900
2.1605925147e+000 -2.1776395899e+000 -9.8432144581e+000
65 28 32
2 32 1739 237.9400 -240.3900 35 1620 195.9200 -259.8000
-2.4222592877e+000 -9.1778719538e-001 -8.5854807908e+000
121 50 29
2 32 1798 -305.6700 -115.9800 35 1711 -321.6100 -112.0300
-2.9678224925e+000 -9.1273593525e-001 -8.2709889938e+000
94 42 29
2 32 1822 -389.7500 -119.8700 35 1734 -402.5200 -113.0100
-2.8029828775e+000 -1.3945120169e+000 -8.3332199679e+000
238 202 157
2 32 1804 -365.2000 -181.7500 35 1718 -382.4000 -173.5500
3.7128057407e+000 -1.1311556742e+000 -8.6546389653e+000
128 47 48
2 32 1843 467.4900 -141.8200 35 1748 421.2200 -199.8200
2.7726977055e+000 9.4579800836e-001 -8.3483474625e+000
229 211 148
2 32 40 360.8000 123.0700 35 67 353.3100 59.0200
1.6674974488e+000 -1.6950835971e-001 -9.3066924103e+000
202 188 147
2 32 493 194.9800 -19.7400 35 514 175.7600 -52.5800
1.7030529943e+000 -3.2872427570e+000 -1.1414762741e+001
207 144 80
2 32 412 162.0300 -312.8400 35 387 114.9900 -307.6500
1.4189314999e+000 -3.4143427703e+000 -1.1771056223e+001
212 138 84
2 32 409 131.0500 -315.0800 35 386 84.8100 -304.7300
-3.7885657196e+000 -3.8217377089e-001 -7.9607527055e+000
130 93 60
2 32 786 -516.6700 -52.0900 35 761 -524.5800 -41.2300
-7.4904930139e-001 -3.4649232702e-001 -9.5023901133e+000
138 123 92
2 32 508 -85.5000 -39.5900 35 512 -99.4600 -45.2700
-1.8946254049e+000 -9.7591359606e-001 -8.2789474951e+000
134 127 118
2 32 578 -248.3000 -128.0000 35 594 -264.5900 -132.7300
-3.9944231672e+000 -9.3820006515e-001 -8.1120308663e+000
208 177 128
2 32 568 -534.6200 -125.5800 35 559 -546.2000 -108.6800
-3.0550960505e+000 -1.3435802588e+000 -8.2580618684e+000
146 110 83
2 32 235 -401.3500 -176.6400 35 267 -418.1200 -166.8400
-3.8299734722e+000 -7.2621172529e-001 -7.9995236305e+000
127 95 56
2 32 817 -519.9100 -98.5800 35 780 -529.8700 -85.5500
-2.9603819031e+000 -1.1474433769e+000 -8.1867378882e+000
161 112 78
2 32 834 -392.3100 -152.1600 35 833 -407.6600 -145.2200
-2.9244881716e+000 -1.1048296299e+000 -8.1516157958e+000
98 56 35
2 32 835 -389.3400 -147.1600 35 584 -404.1400 -141.1800
-2.7926698136e+000 -1.1086478975e+000 -8.2655334488e+000
51 34 33
2 32 1043 -366.6800 -145.6400 35 1011 -381.9200 -139.9000
2.8772202337e+000 -2.8097356296e+000 -1.0050863596e+001
127 87 36
2 32 943 310.6200 -303.7200 35 690 257.9500 -322.3300
2.3760750310e+000 3.1123563992e-001 -9.0968011740e+000
224 219 204
2 32 983 283.7700 37.1700 35 1111 268.6700 -7.6800
2.1198419210e+000 1.0419991636e-001 -9.2332632422e+000
134 123 102
2 32 1158 249.0100 12.2100 35 1248 233.0500 -27.1700
-2.0614459796e+000 -6.0410670805e-001 -8.6419773569e+000
175 91 56
2 32 1008 -258.8000 -75.8800 35 979 -271.9500 -76.4100
-3.6078705248e+000 -8.0809059879e-001 -7.8712876716e+000
117 62 61
2 32 1026 -497.3400 -111.4100 35 994 -508.5900 -102.1100
-8.1158203901e-001 -9.3125352368e-001 -8.6474559245e+000
164 154 144
2 32 1187 -101.8600 -116.9700 35 1151 -120.8000 -129.2200
3.8420429340e+000 -1.6928984139e+000 -8.9322444553e+000
114 68 45
2 32 1083 467.0900 -205.9000 35 1046 416.5000 -256.1300
3.6543017187e+000 -2.2257592671e+000 -9.0791495829e+000
173 81 69
2 32 1098 437.1100 -266.3200 35 1063 381.0400 -307.9700
8.0394145524e-001 -2.9313668390e+000 -1.2435795660e+001
185 147 150
2 32 678 70.3800 -256.0400 35 338 31.7700 -240.2100
2.8597464021e+000 -2.9302259091e+000 -1.0002038761e+001
112 50 36
2 32 1120 310.3900 -318.2700 35 1070 255.8800 -336.2000
1.8536905175e+000 -9.3712466866e-001 -9.0947560881e+000
188 179 172
2 32 1191 221.3500 -111.9400 35 1157 192.5800 -145.7300
-3.5451303574e+000 -7.6608457198e-001 -7.8829678044e+000
105 53 51
2 32 1182 -488.2800 -105.5200 35 1133 -498.7000 -96.9100
2.5182757107e+000 -2.6159419415e+000 -1.0153456970e+001
84 47 21
2 32 1249 270.0100 -279.8000 35 1053 220.0900 -296.0800
1.1333258993e+000 -3.5132236677e+000 -1.2147199137e+001
213 161 127
2 32 1270 101.7700 -314.1200 35 1189 56.1500 -299.0000
2.4543856844e-001 1.2030562595e+000 -1.0553772052e+001
230 227 218
2 32 1301 25.2600 123.8300 35 1230 23.6000 116.8900
2.1866341439e+000 1.8817631194e-001 -9.2757176180e+000
212 209 195
2 32 1413 255.7800 22.0000 35 1350 240.4900 -17.7500
-1.8455047290e+000 -3.5912051820e-001 -8.6240338692e+000
180 76 39
2 32 1312 -232.0800 -45.1700 35 1244 -243.6000 -49.1700
-8.3479476178e-001 -9.9524618747e-001 -8.6412082325e+000
136 124 111
2 32 1349 -104.6700 -125.0700 35 1277 -124.5400 -136.8500
-3.0750196572e+000 -1.0194583231e+000 -7.9316999658e+000
193 113 70
2 32 1342 -420.8200 -139.5600 35 1269 -434.1200 -134.6800
1.4212678748e-001 -1.2521734192e+000 -9.3074143442e+000
174 168 162
2 32 842 16.6900 -146.1300 35 1021 -8.6600 -158.7000
-8.7161655229e-001 -2.9556668804e-001 -9.4690285479e+000
49 34 30
2 32 1421 -99.2500 -33.7900 35 1444 -113.7000 -38.9100
-2.1994279629e+000 -4.8448557694e-001 -8.7409986163e+000
133 45 26
2 32 1427 -272.6500 -60.0900 35 1451 -285.4100 -58.6100
-1.7237306196e-001 -4.0675457994e-001 -9.2837331618e+000
134 127 119
2 32 1422 -19.9400 -47.5600 35 1361 -35.9400 -61.2500
-1.7237306196e-001 -4.0675457994e-001 -9.2837331618e+000
134 127 119
2 32 1423 -19.9400 -47.5600 35 1362 -35.9400 -61.2500
2.7493241097e+000 2.7295353089e+000 -9.3847286252e+000
221 213 202
2 32 1548 318.5100 315.9800 35 1495 334.1800 269.8900
-3.7080168584e-001 -8.9334621797e-002 -9.2978908197e+000
197 195 187
2 32 1500 -43.3400 -10.4400 35 1435 -55.1800 -22.9600
2.4782744475e+000 -4.6560093161e-001 -8.8617138765e+000
240 236 227
2 32 1596 304.0000 -57.0500 35 1536 277.4600 -103.2600
-2.3359661738e+000 -4.6107735147e-001 -8.7445946690e+000
153 78 50
2 32 1590 -289.5200 -57.1600 35 1521 -301.8300 -54.2500
2.2806643219e+000 -2.3857368717e+000 -9.9212064379e+000
91 37 32
2 32 1533 249.7200 -261.2200 35 1486 203.9500 -279.4100
-1.1632585130e+000 1.7226115177e+000 -1.2991478910e+001
248 243 236
2 32 1568 -96.5500 144.1500 35 1501 -98.6000 167.8600
-8.1567869731e-001 -1.8942091268e-001 -9.5140799742e+000
142 127 120
2 32 1583 -92.8300 -21.5800 35 1523 -105.5500 -26.9900
-1.9591443316e+000 -7.1241025454e-001 -8.7844524759e+000
51 12 17
2 32 1667 -242.6900 -88.1700 35 1597 -255.6400 -87.6100
3.3584953011e+000 -2.1478799856e+000 -9.1073242926e+000
198 138 86
2 32 1535 400.1899 -256.2400 35 1302 347.9700 -295.4200
2.1405428452e+000 3.7636339739e-001 -9.5003836603e+000
230 228 216
2 32 1654 244.8000 43.0400 35 1584 231.3600 6.3300
3.4100698228e+000 9.0511673421e-001 -7.9156253601e+000
186 170 119
2 32 1706 467.2800 124.1400 35 1575 457.9000 43.6900
3.3915528131e+000 5.6551878203e-001 -8.0491975222e+000
120 104 88
2 32 1707 457.3300 76.2800 35 1586 441.7500 0.2200
3.3915528131e+000 5.6551878203e-001 -8.0491975222e+000
120 104 88
2 32 1708 457.3300 76.2800 35 1587 441.7500 0.2200
2.4447346992e+000 2.0936142419e-001 -9.0182465587e+000
140 126 86
2 32 1710 294.4100 25.2100 35 1585 277.8700 -21.2100
1.2506817047e+000 -6.8401638194e-001 -9.1984502729e+000
81 70 50
2 32 1765 147.1100 -80.8600 35 1714 125.1400 -108.5300
-3.6854474237e+000 -9.0673112710e-001 -7.9573007117e+000
73 25 23
2 32 1724 -502.7000 -123.7000 35 1650 -514.4000 -112.0800
2.9536142683e+000 2.0868654765e+000 -8.5451119762e+000
162 148 136
2 32 1785 375.6300 265.3100 35 1704 384.5800 201.7200
4.0098763785e+000 1.3652092597e+000 -7.7289822021e+000
120 86 74
2 32 1751 562.4500 191.7700 35 1675 559.3600 98.1600
-3.4827118807e+000 -1.1109617737e+000 -7.9109161121e+000
235 131 85
2 32 1801 -477.5000 -152.4100 35 1716 -491.4400 -142.6900
-5.6880782982e-002 4.4240279705e-001 -9.9247501228e+000
159 151 140
2 32 1836 -6.3100 48.4100 35 1744 -13.9400 38.5800
8.7997870420e-001 -3.2905837565e+000 -1.2053177002e+001
209 164 142
2 32 1830 79.1400 -296.5900 35 1741 37.2900 -281.4100
4.3877380807e-002 1.3713621933e+000 -1.0837949074e+001
214 210 202
2 32 32 4.6500 137.4900 35 31 3.7500 135.1000
-3.4849360603e+000 -5.5813774013e-001 -7.8188143520e+000
105 58 47
2 32 522 -483.2800 -77.3700 35 974 -493.4800 -71.2800
-4.2001063018e-001 2.9823835211e+000 -1.3022769691e+001
219 213 199
2 32 443 -34.8100 248.8100 35 433 -26.5300 268.7100
1.7105414387e+000 -1.4925466474e-001 -9.2899910793e+000
190 177 133
2 32 494 200.4200 -17.4000 35 769 181.1700 -50.9900
-6.2052717658e-001 -4.2845555784e-001 -9.3875424940e+000
92 78 49
2 32 134 -71.6800 -49.5600 35 543 -86.6200 -57.4800
4.1286567878e+000 -1.2921424313e+000 -8.4557824623e+000
191 131 101
2 32 261 530.0000 -166.0400 35 351 481.0800 -230.2200
1.8143084640e+000 -3.3867045088e+000 -1.1310673376e+001
199 131 70
2 32 725 174.2900 -325.2600 35 684 125.3300 -320.9200
4.2928683887e+000 1.1586833371e+000 -7.6162571560e+000
199 152 144
2 32 972 611.9399 165.2300 35 954 601.7900 65.7300
-1.5413951974e+000 -2.4892332856e-001 -8.5240092421e+000
166 84 54
2 32 504 -196.1200 -31.6700 35 508 -206.9300 -40.5600
-2.5497344400e+000 -7.5274480843e-001 -8.5441506997e+000
142 77 57
2 32 1029 -323.9300 -95.6600 35 999 -337.0800 -91.3200
-2.5343576848e+000 -7.3237599932e-001 -8.5915722801e+000
101 28 13
2 32 825 -320.5500 -92.6200 35 975 -332.9200 -87.9300
-3.0586933254e+000 -1.5812983638e+000 -8.4210394029e+000
122 44 21
2 32 885 -394.1700 -203.9100 35 616 -412.6500 -191.0600
2.2061383107e+000 -2.3819345107e+000 -9.8939530747e+000
128 107 63
2 32 921 242.0100 -261.5500 35 875 197.0200 -279.3600
9.5838106832e-001 -3.1325533751e+000 -1.2279482140e+001
210 148 87
2 32 683 84.9200 -277.1000 35 658 43.9200 -262.1700
1.1300253217e+000 -3.1623811136e+000 -1.2106767100e+001
218 177 163
2 32 936 101.5300 -283.7300 35 660 59.3100 -270.8500
1.5349968335e+000 -3.5038824877e+000 -1.1623813267e+001
187 104 63
2 32 951 143.4800 -327.4500 35 894 95.7000 -318.2300
3.8484389275e+000 1.7818721398e+000 -7.5655261309e+000
204 186 148
2 32 963 552.2600 255.8200 35 933 556.3300 159.3700
1.3628166863e+000 -3.1506440101e-001 -9.3978461787e+000
181 166 126
2 32 1000 157.5900 -36.4100 35 984 138.3200 -64.3700
-4.1820523277e-001 -1.0105573604e+000 -8.9853590840e+000
164 157 148
2 32 1044 -50.6700 -122.1900 35 1014 -71.3100 -134.0800
4.1229855215e+000 -1.3467450335e+000 -8.5260439819e+000
195 124 88
2 32 1227 524.8000 -171.6400 35 1179 475.7200 -234.0700
2.4812451022e+000 -2.5959035109e+000 -9.6781724904e+000
83 52 25
2 32 1105 278.3400 -291.3900 35 1057 228.3600 -312.1000
1.7385662858e+000 -3.5072617297e+000 -1.1344991226e+001
233 178 110
2 32 1119 166.5800 -335.8100 35 1069 116.8200 -329.8300
2.8669682126e+000 -3.0670880152e+000 -1.0017960037e+001
103 46 36
2 32 1275 310.8800 -332.5800 35 1211 254.4100 -349.2600
3.5929302036e+000 2.2784478349e+000 -8.1527523995e+000
227 214 199
2 32 1127 477.2900 303.4400 35 922 492.1600 224.2600
-1.5696174685e+000 3.2017364084e+000 -1.4203633216e+001
216 206 196
2 32 1287 -119.9800 244.8800 35 1214 -113.0000 280.1500
4.5350244313e-001 1.7631130442e+000 -1.1027461613e+001
237 233 225
2 32 1295 43.4700 173.5100 35 1416 48.5500 169.5200
-1.1701731600e+000 2.0116325852e+000 -1.3220095828e+001
234 230 220
2 32 971 -96.1300 165.3000 35 1086 -95.1100 190.7700
-1.0264276381e+000 1.9109186534e+000 -1.3039284227e+001
211 208 199
2 32 1141 -85.1100 159.2600 35 1219 -85.2500 182.4100
-9.0088242886e-001 1.9215714859e+000 -1.2919980221e+001
217 214 207
2 32 1142 -76.0300 161.5200 35 1087 -74.5200 183.1500
2.7601674913e+000 1.0615755940e+000 -8.4698084727e+000
230 227 213
2 32 1148 353.2000 136.0600 35 941 349.1100 74.2900
2.5670730321e+000 5.0336838677e-001 -8.6735405641e+000
214 198 139
2 32 1157 321.4800 63.0400 35 1108 308.2900 8.5800
6.4969266131e-001 -5.0345275046e-001 -9.5155395173e+000
144 141 130
2 32 1180 74.1300 -57.4800 35 1125 55.3100 -76.1800
-1.7609462193e+000 -8.4819553148e-001 -8.3584654000e+000
40 29 35
2 32 1186 -228.5400 -110.1800 35 1135 -244.1700 -116.1200
-3.5244115952e+000 -1.1798483596e+000 -7.9505810106e+000
255 169 119
2 32 1218 -481.3700 -161.1700 35 1139 -494.6600 -149.9900
2.8764772822e+000 -2.6851014803e+000 -1.0078616634e+001
121 56 40
2 32 1108 310.0900 -289.4000 35 1060 258.1600 -308.8100
1.3507588917e+000 -3.1000249835e+000 -1.1501089988e+001
214 74 74
2 32 1259 128.9500 -292.6100 35 1190 82.4500 -285.7000
2.7969699159e+000 -2.8107680357e+000 -1.0145884949e+001
120 47 43
2 32 1265 299.2500 -300.9700 35 1208 247.2000 -318.0100
1.1523661464e+000 6.6666847071e-001 -9.8666157575e+000
163 157 145
2 32 1304 126.8800 73.4000 35 1233 119.2500 50.6500
-2.0228075716e+000 1.2609807161e+000 -1.4772824732e+001
220 211 202
2 32 1303 -149.0200 92.6800 35 1326 -154.1000 131.2200
1.9247422460e+000 -8.2703313877e-001 -9.0385460742e+000
197 188 179
2 32 1335 231.3800 -99.3900 35 1278 203.3200 -135.3200
-1.6823413371e-001 -1.9592222387e+000 -1.0663332911e+001
197 190 182
2 32 1239 -17.2000 -199.6000 35 1030 -46.6300 -192.9800
1.6409649318e+000 -3.1036859385e+000 -1.1311538837e+001
226 173 102
2 32 1261 157.3800 -298.0900 35 1192 112.3400 -294.3300
1.6409649318e+000 -3.1036859385e+000 -1.1311538837e+001
226 173 102
2 32 1260 157.3800 -298.0900 35 1191 112.3400 -294.3300
1.2767047527e+000 -3.4469947882e+000 -1.1847844658e+001
191 87 74
2 32 1387 116.8900 -316.0700 35 1300 71.7100 -303.9700
-1.1903684528e+000 2.0648591798e+000 -1.3064624864e+001
235 231 220
2 32 1399 -99.5500 171.6000 35 1319 -96.7400 196.5600
-1.7286262891e+000 -3.2020574766e-001 -8.5810841388e+000
148 61 37
2 32 1420 -218.0900 -40.4100 35 1245 -230.1400 -46.4200
6.0804701609e-001 -2.3527369803e+000 -1.1683836727e+001
243 208 162
2 32 1529 57.4500 -218.6100 35 1382 21.4200 -209.0600
2.2795597303e+000 3.4937967106e-001 -9.3440796775e+000
169 158 140
2 32 1574 264.5500 40.5600 35 1516 251.3400 0.3600
1.5103229246e+000 1.3540288318e-002 -9.6436103842e+000
206 201 195
2 32 1504 170.0900 1.5200 35 1447 154.4200 -25.9100
1.5103229246e+000 1.3540288318e-002 -9.6436103842e+000
206 201 195
2 32 1503 170.0900 1.5200 35 1446 154.4200 -25.9100
1.5708551620e+000 -1.1843020062e-001 -9.3553016901e+000
138 131 111
2 32 1506 182.6400 -13.7200 35 1449 164.6000 -45.1100
-2.5018514203e+000 -1.3931337129e+000 -8.9364750172e+000
115 34 20
2 32 1520 -304.1400 -169.3500 35 1467 -322.3600 -158.5700
1.0624649480e+000 -3.2039941328e+000 -1.2443786367e+001
219 194 141
2 32 1532 92.8700 -279.6800 35 1481 51.3000 -264.1700
2.0256172251e+000 1.9931450222e+000 -9.4222203122e+000
195 188 180
2 32 1559 233.9200 229.8400 35 1503 240.4200 191.2900
-8.9145305947e-001 2.7583690055e+000 -1.3078598345e+001
178 170 159
2 32 1556 -74.4900 229.0400 35 1556 -66.9100 252.7400
1.3947357265e+000 1.6752467213e+000 -9.7875050305e+000
239 236 231
2 32 1563 155.0800 185.9700 35 1507 157.9400 158.9500
2.6908987106e+000 8.5663749366e-001 -8.8130580732e+000
233 227 215
2 32 1488 330.5800 105.4600 35 1427 324.1500 51.1600
3.9125194101e-001 9.4478297926e-001 -9.9957119989e+000
189 182 172
2 32 1573 42.5500 102.6800 35 1510 38.9500 88.5700
-1.2088158417e+000 3.3893503240e-001 -1.0137752217e+001
106 53 46
2 32 1577 -129.8300 36.2700 35 1512 -136.7200 39.9300
-8.9679724949e-001 2.9903269497e-001 -9.7083739469e+000
138 79 58
2 32 1578 -100.4700 33.4400 35 1513 -107.9000 29.8600
-8.9679724949e-001 2.9903269497e-001 -9.7083739469e+000
138 79 58
2 32 1579 -100.4700 33.4400 35 1514 -107.9000 29.8600
-5.2570981259e-001 -2.3352490751e-002 -9.2068020883e+000
159 152 146
2 32 1585 -61.6700 -2.7000 35 1434 -73.2100 -14.9700
-2.3359661738e+000 -4.6107735147e-001 -8.7445946690e+000
153 78 50
2 32 1591 -289.5200 -57.1600 35 1520 -301.8300 -54.2500
-5.3897227340e-001 -4.9167723774e-001 -9.2705983959e+000
73 63 41
2 32 1593 -62.1700 -57.4600 35 1525 -79.6000 -67.4600
-1.9591443316e+000 -7.1241025454e-001 -8.7844524759e+000
51 12 17
2 32 1666 -242.6900 -88.1700 35 1596 -255.6400 -87.6100
-4.4957608308e-001 -9.0281144721e-001 -9.1271727890e+000
157 145 137
2 32 1598 -53.1800 -107.4000 35 1533 -73.5300 -118.0000
-1.0781171194e+000 -9.8434669174e-001 -8.3772031718e+000
170 160 148
2 32 1605 -139.6600 -127.6200 35 1540 -158.2600 -140.0300
-1.0781171194e+000 -9.8434669174e-001 -8.3772031718e+000
170 160 148
2 32 1604 -139.6600 -127.6200 35 1539 -158.2600 -140.0300
2.9118917601e+000 -2.8493588825e+000 -1.0032909311e+001
153 115 60
2 32 1623 315.1200 -308.5300 35 1550 261.3100 -327.3000
2.3663016027e+000 2.3594440545e+000 -9.4404840048e+000
185 178 164
2 32 1632 272.2300 271.4900 35 1560 283.8500 229.9100
2.4071797427e+000 2.1137506277e+000 -8.8788693830e+000
241 234 226
2 32 1638 294.5100 258.6100 35 1630 304.2900 207.4200
1.3391020473e+000 2.3513176224e+000 -1.1097690852e+001
243 239 227
2 32 1700 130.3400 230.0600 35 1664 139.6200 219.0100
4.3073296045e+000 1.3229266546e+000 -7.7488312695e+000
221 199 186
2 32 1645 603.5200 185.4300 35 1574 596.5100 88.6300
1.6294685975e-002 1.2612219826e+000 -1.0814992932e+001
191 183 171
2 32 1646 2.4400 126.8000 35 1572 -0.5200 124.3400
-3.3404208864e-001 1.9090226504e-001 -9.2569653560e+000
156 149 143
2 32 1657 -39.2800 22.3900 35 1582 -48.2200 8.2700
3.0008567316e+000 -4.8849160887e-001 -8.1396513565e+000
218 211 201
2 32 1665 401.3101 -65.1000 35 1654 368.5600 -129.2400
-1.6182163828e+000 -7.2830580669e-001 -8.5865947137e+000
161 138 122
2 32 1668 -204.7300 -92.1400 35 1652 -219.2100 -97.4600
-4.1464271251e+000 -9.2576185407e-001 -8.1448440508e+000
223 191 120
2 32 1672 -553.4100 -123.5500 35 1527 -563.4700 -104.4200
-2.2989814926e+000 -1.1669047570e+000 -8.7755763718e+000
126 51 30
2 32 1676 -283.6400 -144.2800 35 1602 -302.3600 -138.5500
7.8924701764e-001 3.5731321521e-001 -9.6582860168e+000
132 125 115
2 32 1709 89.2100 40.2500 35 1578 78.2700 19.0900
-6.4096409130e-001 2.6799437736e-001 -9.5609166591e+000
215 210 205
2 32 1760 -72.8200 30.4500 35 1678 -80.9900 22.7600
1.4742741183e+000 -2.6073413219e-001 -9.5609881343e+000
181 172 132
2 32 1717 168.4300 -29.5000 35 1647 147.7400 -56.8200
1.2386951847e+000 1.9006395667e+000 -1.0326048869e+001
188 180 169
2 32 1749 130.1100 199.9200 35 1701 135.4500 181.1400
3.0057508418e+000 9.2012711226e-001 -8.5150210896e+000
254 251 202
2 32 1757 382.3500 117.2600 35 1676 375.8200 53.9000
-2.1974867746e+000 2.1425138038e+000 -1.4531378463e+001
226 91 94
2 32 1752 -163.9300 160.2200 35 1666 -164.9200 199.5400
-1.7631112708e+000 -1.7674840183e+000 -9.0517767614e+000
233 189 142
2 32 1770 -212.3200 -212.2400 35 1655 -234.2800 -205.4600
3.1992870732e+000 -2.4644539655e+000 -9.4095408760e+000
229 197 140
2 32 1777 367.9300 -284.6800 35 1662 316.3700 -315.7300
1.4028877550e+000 3.0406579992e+000 -1.0461772414e+001
220 212 201
2 32 1781 146.3000 315.8100 35 1697 161.8700 298.6100
1.4028877550e+000 3.0406579992e+000 -1.0461772414e+001
220 212 201
2 32 1780 146.3000 315.8100 35 1696 161.8700 298.6100
1.6371131823e+000 1.6827759103e+000 -9.9918463979e+000
241 237 228
2 32 1787 179.4500 183.1400 35 1706 179.2800 156.0700
-5.1598112441e-001 -1.6189857809e-001 -9.6866659311e+000
161 154 149
2 32 1816 -59.3800 -18.3900 35 1745 -68.8800 -24.6000
1.8999512520e+000 2.7581287427e+000 -1.0121512323e+001
243 237 225
2 32 1831 205.1900 296.1800 35 1743 217.3100 269.2300
-1.1860362476e+000 -8.8937586991e-001 -8.6635580718e+000
162 148 135
2 32 1837 -148.9800 -111.5600 35 1746 -165.6500 -119.7800
-1.0456636861e-002 -2.4521890118e+000 -1.1235439704e+001
245 238 230
2 32 1828 -1.3400 -237.1400 35 1737 -34.2600 -225.0100
1.8878038865e+000 8.9636247883e-001 -1.0399991595e+001
224 220 209
2 32 1845 198.5200 93.8000 35 1759 188.7900 69.7900
3.5280673222e+000 2.0814261404e+000 -7.9531683447e+000
175 160 106
2 32 5 481.5400 284.2600 35 14 491.5200 201.2700
-3.0767447953e-001 8.9466866763e-001 -1.0556386974e+001
234 231 221
2 32 48 -31.6300 92.0700 35 452 -35.7200 90.4800
-4.6534614882e-001 6.3038940938e-001 -1.0122274652e+001
168 161 151
2 32 72 -49.6900 67.6900 35 949 -55.8900 63.5500
2.5106177969e+000 5.5623219580e-001 -9.3548723504e+000
230 219 201
2 32 75 291.7800 64.6200 35 79 279.0500 21.5300
2.5386529014e+000 5.3590265256e-001 -8.6797863765e+000
170 152 104
2 32 79 317.8900 67.0900 35 82 304.8700 12.9200
2.4438440789e+000 4.0345811349e-001 -8.8283810521e+000
201 185 133
2 32 81 300.5900 49.6300 35 98 286.6900 -0.5200
-5.9761760176e-001 -4.0357768683e-001 -9.5188713629e+000
79 66 49
2 32 133 -67.2600 -45.9100 35 131 -83.7400 -52.9100
-4.0364556356e+000 -8.0354303067e-001 -8.0797374442e+000
236 209 142
2 32 183 -542.5200 -108.0000 35 199 -552.9300 -91.4600
-1.7484505855e+000 -8.8235025021e-001 -8.3576623903e+000
128 87 75
2 32 190 -226.8800 -114.6200 35 218 -242.9700 -120.5500
-2.7030563981e+000 -9.9782201195e-001 -8.2718887809e+000
130 111 105
2 32 212 -354.6600 -130.9800 35 244 -369.1800 -126.7300
-2.8113508831e+000 -1.1123234169e+000 -8.2153064916e+000
144 128 131
2 32 214 -371.5200 -147.0400 35 243 -386.4100 -141.5600
-3.7643882317e+000 -1.3347985741e+000 -7.9963109332e+000
113 42 41
2 32 232 -511.3300 -181.3200 35 253 -525.0600 -166.0300
4.0065339718e+000 -1.3027431235e+000 -8.7230070924e+000
165 127 104
2 32 253 498.6000 -162.2700 35 341 451.8700 -220.6100
4.0065339718e+000 -1.3027431235e+000 -8.7230070924e+000
165 127 104
2 32 254 498.6000 -162.2700 35 342 451.8700 -220.6100
-3.8442669494e+000 -1.5636366863e+000 -8.4258865834e+000
112 70 63
2 32 274 -494.9600 -201.4600 35 254 -512.0800 -180.3700
-3.8442669494e+000 -1.5636366863e+000 -8.4258865834e+000
112 70 63
2 32 275 -494.9600 -201.4600 35 255 -512.0800 -180.3700
-2.0827996127e+000 -1.9591472709e+000 -9.2699056847e+000
145 96 67
2 32 324 -243.7100 -229.5200 35 326 -268.5000 -216.8700
-2.0827996127e+000 -1.9591472709e+000 -9.2699056847e+000
145 96 67
2 32 325 -243.7100 -229.5200 35 327 -268.5000 -216.8700
1.1125899186e+000 -3.1124363198e+000 -1.2109749492e+001
157 92 82
2 32 354 99.8700 -279.1900 35 372 58.2800 -266.4400
3.3815088555e+000 -2.5148049940e+000 -9.3866330209e+000
197 100 84
2 32 395 391.3700 -291.0300 35 414 334.8400 -323.7100
1.6752455230e+000 -3.4892542091e+000 -1.1454240978e+001
217 160 87
2 32 411 158.9800 -330.9000 35 408 110.0400 -323.8800
1.4692368432e+000 3.0894535428e+000 -1.0762110431e+001
213 205 192
2 32 433 148.5200 311.8700 35 3 164.4300 297.4000
4.1278924587e+000 2.1574876699e+000 -7.2194780179e+000
167 149 101
2 32 435 620.5300 324.5800 35 15 632.3101 214.6200
-6.9665003345e-001 3.4701730720e+000 -1.3360149892e+001
223 217 205
2 32 436 -56.1500 282.2300 35 710 -45.7500 307.3100
-6.9665003345e-001 3.4701730720e+000 -1.3360149892e+001
223 217 205
2 32 437 -56.1500 282.2300 35 711 -45.7500 307.3100
-5.5405275207e-001 3.5311661971e+000 -1.3258635216e+001
227 223 211
2 32 438 -45.3500 289.3200 35 432 -33.2500 312.9700
4.1501521860e+000 9.8529470526e-001 -7.7569596408e+000
214 196 182
2 32 459 580.6400 137.9300 35 473 568.5300 44.3800
9.0262597228e-001 1.1307776799e+000 -9.9938678873e+000
176 170 157
2 32 461 98.3900 122.9500 35 446 95.5200 103.5800
2.7760863989e+000 8.6031213617e-001 -8.4057382182e+000
200 182 120
2 32 463 358.9300 111.2000 35 470 349.7900 48.4200
2.4832852704e+000 5.8202693339e-001 -9.3929724178e+000
187 169 149
2 32 469 287.1800 67.3100 35 479 275.3900 25.0300
-1.1029045202e+000 3.4956779966e-001 -1.0062560405e+001
149 129 115
2 32 477 -119.1100 37.7300 35 460 -126.4400 39.5900
1.6674974488e+000 -1.6950835971e-001 -9.3066924103e+000
202 188 147
2 32 492 194.9800 -19.7400 35 515 175.7600 -52.5800
-4.0489106403e+000 -6.2156237319e-001 -8.0232221975e+000
248 220 155
2 32 517 -547.9700 -84.1100 35 527 -557.2400 -68.7000
-3.5795444386e+000 -4.8338387979e-001 -7.9113855453e+000
101 76 50
2 32 519 -491.1800 -66.3100 35 534 -499.8300 -58.1400
-4.0262648674e-001 -5.7642030727e-001 -9.3622573973e+000
78 67 49
2 32 538 -46.6400 -66.8700 35 546 -63.4400 -76.6800
4.5492139476e-001 -6.4534017469e-001 -9.4445128110e+000
104 95 74
2 32 541 52.9200 -74.1400 35 824 31.8900 -91.3000
-3.9752359660e+000 -7.4647608957e-001 -8.0065192110e+000
237 208 150
2 32 547 -538.9500 -101.2000 35 528 -549.3500 -86.4000
-4.0063398202e+000 -8.7324855626e-001 -8.0944259084e+000
147 117 65
2 32 551 -537.4500 -117.1500 35 556 -548.4400 -100.5400
-3.9735672196e+000 -8.7344334711e-001 -8.0805572764e+000
241 212 156
2 32 552 -533.8800 -117.3600 35 200 -545.0500 -101.2900
-4.7870490873e-001 -1.0024013408e+000 -9.0317464298e+000
136 125 114
2 32 565 -57.4200 -120.5400 35 246 -78.3200 -131.3900
-2.9149642001e+000 -9.8494716362e-001 -8.0319372756e+000
100 47 29
2 32 571 -394.3400 -133.2300 35 235 -407.0500 -129.1300
-2.8872722076e+000 -1.0724698875e+000 -8.2166006179e+000
68 34 20
2 32 575 -381.3500 -141.7200 35 582 -396.0700 -135.6400
-3.9980475189e+000 -1.1995676713e+000 -8.1563689811e+000
123 65 62
2 32 599 -532.3100 -159.7300 35 825 -545.3600 -141.0900
-3.8593289159e+000 -1.1768736708e+000 -8.0836680260e+000
93 35 34
2 32 601 -518.2700 -158.0800 35 580 -531.6100 -141.8600
4.1479958950e+000 -1.3296301418e+000 -8.4701991337e+000
230 178 152
2 32 617 531.5300 -170.5700 35 355 482.0601 -234.3700
4.1479958950e+000 -1.3296301418e+000 -8.4701991337e+000
230 178 152
2 32 618 531.5300 -170.5700 35 356 482.0601 -234.3700
-2.2758826080e+000 -1.7082771809e+000 -9.1768514382e+000
177 72 31
2 32 636 -268.6400 -202.0800 35 619 -291.6700 -189.9500
9.6052178677e-001 -3.0397693317e+000 -1.2271836567e+001
204 185 181
2 32 682 85.0200 -269.0800 35 368 45.0400 -254.6900
1.8148887083e+000 -3.5336982044e+000 -1.1333001698e+001
202 117 66
2 32 726 174.1400 -338.6900 35 901 123.6000 -333.1800
-8.4098334302e-001 4.2128534127e-001 -9.7215313746e+000
207 199 189
2 32 756 -93.7500 47.1100 35 461 -100.8500 42.8300
-2.3341838851e-001 6.2818208357e-001 -9.9891594039e+000
192 184 174
2 32 758 -25.1400 68.3500 35 1100 -31.4600 60.5900
-6.9328946828e-001 -1.1784016934e-001 -9.5385723673e+000
147 138 128
2 32 776 -78.2500 -13.3100 35 754 -91.3700 -19.9700
-3.6362230540e+000 -6.0510660658e-001 -7.9422761695e+000
82 42 22
2 32 796 -497.0200 -82.7000 35 781 -506.5200 -73.0700
-3.9553521288e+000 -7.3711893984e-001 -8.0261005085e+000
152 121 74
2 32 814 -535.0100 -99.7000 35 529 -545.2800 -84.9500
-2.8941966423e+000 -6.8850117364e-001 -7.8745221655e+000
131 75 66
2 32 821 -399.1000 -94.9500 35 807 -409.7500 -94.4300
-2.6066652583e+000 -7.9111833308e-001 -8.3237806327e+000
124 57 41
2 32 824 -339.9900 -103.2100 35 812 -352.9000 -100.4200
-2.8684291551e+000 -1.0071587032e+000 -8.0931271471e+000
129 91 72
2 32 831 -384.3400 -135.0600 35 830 -399.0000 -130.9500
-3.9006038455e+000 -1.3054284769e+000 -8.2118483563e+000
91 22 22
2 32 854 -515.9500 -172.6800 35 603 -529.6700 -154.0300
-3.4408827654e+000 -1.3168818855e+000 -8.0172756871e+000
171 82 61
2 32 855 -466.2700 -178.4400 35 841 -480.3600 -166.6800
-3.4392732488e+000 -1.4863487541e+000 -8.1368239051e+000
186 88 56
2 32 880 -458.8300 -198.3700 35 843 -475.0900 -184.5800
-2.2680382183e-001 -2.0057896841e+000 -1.0709153660e+001
241 236 230
2 32 896 -23.7200 -203.5700 35 626 -51.9900 -195.7200
3.8181580883e+000 -1.9625850572e+000 -8.8923923966e+000
158 103 64
2 32 914 465.9700 -239.8000 35 886 411.9900 -287.9700
3.3534846763e+000 -2.3156079201e+000 -9.1135991837e+000
205 121 83
2 32 927 399.6300 -276.0200 35 1209 344.5600 -313.5800
1.8295368218e+000 -3.3750274910e+000 -1.1410754399e+001
237 191 114
2 32 952 174.6900 -321.2300 35 682 125.1100 -316.5100
3.8484389275e+000 1.7818721398e+000 -7.5655261309e+000
204 186 148
2 32 964 552.2600 255.8200 35 932 556.3300 159.3700
-3.3788515832e-001 2.4901696498e+000 -1.2529168109e+001
229 223 211
2 32 966 -29.7100 215.8400 35 1217 -22.8800 231.2200
2.4866551249e+000 5.7438080907e-001 -9.3863001449e+000
193 180 157
2 32 980 287.7500 66.4700 35 955 275.9000 24.0800
-2.1292182517e+000 -6.0859758750e-001 -8.6991178947e+000
137 56 27
2 32 1007 -265.7800 -75.9800 35 977 -278.4700 -75.0800
-2.0614459796e+000 -6.0410670805e-001 -8.6419773569e+000
175 91 56
2 32 1009 -258.8000 -75.8800 35 978 -271.9500 -76.4100
-3.8032353094e+000 -7.4778306526e-001 -8.0185588807e+000
192 164 102
2 32 1021 -514.9100 -101.2400 35 991 -525.3700 -88.2900
-2.8197317331e+000 -7.3637737135e-001 -7.9127810973e+000
112 61 54
2 32 1027 -386.8200 -101.0400 35 808 -398.3200 -100.7600
-3.7999925490e+000 -9.4498032850e-001 -7.9553905639e+000
131 73 68
2 32 1035 -518.1500 -128.8900 35 993 -530.5700 -115.8900
-2.9631185489e+000 -8.9079642348e-001 -8.0038268098e+000
85 25 15
2 32 1039 -401.7300 -120.8200 35 996 -414.6400 -117.1300
2.4812451022e+000 -2.5959035109e+000 -9.6781724904e+000
83 52 25
2 32 1106 278.3400 -291.3900 35 1058 228.3600 -312.1000
1.6825597958e+000 -3.5492632678e+000 -1.1485256678e+001
171 86 70
2 32 1114 158.9700 -335.7200 35 1066 110.1100 -328.0900
1.8857691353e+000 -3.2957126766e+000 -1.1148665148e+001
237 197 116
2 32 1117 183.7900 -321.1200 35 902 134.8100 -319.0700
2.1624128948e+000 2.4486403240e+000 -9.9921202290e+000
243 237 225
2 32 1130 235.8500 266.3000 35 1215 245.5300 234.5600
1.8714177475e+000 2.1283616576e+000 -9.6182015789e+000
166 157 145
2 32 1134 211.4300 240.3900 35 1085 219.9400 206.4100
-1.5235074878e-001 1.6350958988e+000 -1.1169414649e+001
213 209 200
2 32 1143 -14.9100 159.0100 35 1226 -13.2300 161.5300
-9.3749166235e-001 3.6013745273e-001 -9.6903080176e+000
146 75 55
2 32 1154 -104.9800 40.3900 35 1105 -112.2600 36.8700
-1.5069575718e+000 -1.7159453540e-001 -8.4709377095e+000
202 107 59
2 32 1163 -193.0400 -21.9700 35 968 -202.9000 -32.1300
-1.2495614231e+000 -6.9366941395e-002 -8.5695691209e+000
119 52 36
2 32 1164 -158.9900 -8.8900 35 1109 -166.8800 -20.8000
1.6034514113e+000 -2.1206230041e-001 -9.4025075145e+000
203 190 147
2 32 1169 184.9500 -24.5400 35 768 166.8100 -55.1800
-1.8920854025e-001 -5.6357929376e-001 -9.3736569583e+000
133 125 116
2 32 1177 -21.7800 -65.2900 35 1123 -39.1700 -77.1600
2.8687359683e-001 -6.0934489335e-001 -9.5433610471e+000
107 99 88
2 32 1179 32.5200 -69.3800 35 982 13.8800 -83.7700
9.3431479823e-001 -9.0665803291e-001 -9.0765941815e+000
232 229 220
2 32 1188 111.8200 -108.5100 35 1154 87.1900 -133.5300
-4.0098161790e+000 -9.8190664632e-001 -8.1020548197e+000
74 20 22
2 32 1197 -537.0700 -131.5400 35 1131 -549.4300 -114.4600
-3.4500693556e+000 -9.5552874370e-001 -7.9352975870e+000
229 130 74
2 32 1198 -472.2100 -130.7900 35 1137 -483.8700 -121.7800
-3.4500693556e+000 -9.5552874370e-001 -7.9352975870e+000
229 130 74
2 32 1199 -472.2100 -130.7900 35 1138 -483.8700 -121.7800
-2.8319373959e+000 -1.0231408392e+000 -8.2361788577e+000
30 23 25
2 32 1204 -373.1600 -134.8800 35 1142 -387.6200 -129.4600
-3.5654137702e+000 -1.2285475883e+000 -7.9679826855e+000
229 118 74
2 32 1219 -485.7700 -167.4300 35 1160 -499.6300 -155.3800
-7.5605334922e-001 -1.4260643743e+000 -8.8453599731e+000
137 127 115
2 32 1224 -92.5700 -175.0900 35 1166 -116.9700 -182.8400
1.4557200098e+000 -3.7363198461e+000 -1.1935632028e+001
225 149 91
2 32 1274 132.7300 -340.0200 35 1206 83.7400 -326.8900
3.4974105574e+000 2.0037285676e+000 -7.9160393815e+000
216 199 141
2 32 1286 479.6801 274.9400 35 1225 488.3000 191.4800
-9.7025043312e-001 1.8174428019e+000 -1.2992139814e+001
251 247 244
2 32 1297 -80.9300 151.9900 35 1220 -81.2400 174.3900
4.6154756313e-001 1.5025175900e+000 -1.0341201214e+001
237 234 228
2 32 1298 47.6200 157.7100 35 1325 50.7900 146.6600
4.6154756313e-001 1.5025175900e+000 -1.0341201214e+001
237 234 228
2 32 1299 47.6200 157.7100 35 1324 50.7900 146.6600
2.6290148423e+000 1.1019031261e+000 -9.1129542044e+000
237 230 220
2 32 1302 313.3800 131.3500 35 1232 308.1700 82.0900
2.4958318750e+000 4.8971723130e-001 -9.2237983182e+000
237 231 217
2 32 1306 293.2400 57.5900 35 1431 281.5900 12.9800
-3.9906207570e+000 -4.1432923002e-001 -7.9887351126e+000
245 218 146
2 32 1317 -542.6900 -56.3500 35 1243 -550.0600 -42.5700
-3.4294525612e+000 -5.9226553574e-001 -7.9486279225e+000
80 32 23
2 32 1320 -468.2100 -80.8500 35 1251 -478.1700 -73.6900
-2.6715222109e+000 -1.3420020083e+000 -8.1897929981e+000
182 126 79
2 32 1353 -353.6800 -177.8800 35 1163 -371.5900 -173.0400
2.5022057325e+000 -1.3230296076e+000 -8.9714811243e+000
208 201 185
2 32 1358 303.4400 -160.1400 35 1172 265.0900 -199.6400
2.5022057325e+000 -1.3230296076e+000 -8.9714811243e+000
208 201 185
2 32 1359 303.4400 -160.1400 35 1173 265.0900 -199.6400
-3.7288963119e+000 -1.5530734580e+000 -8.3482331266e+000
69 24 21
2 32 1360 -485.1100 -202.0700 35 1162 -501.1300 -182.7400
2.4038532492e+000 2.5579011327e+000 -9.6487371590e+000
244 239 226
2 32 1392 271.3800 288.0700 35 1409 283.2800 249.2900
1.7754865143e-001 1.7828913769e+000 -1.1374406977e+001
224 219 213
2 32 1400 18.0400 170.4300 35 1415 18.1800 171.6000
1.7754865143e-001 1.7828913769e+000 -1.1374406977e+001
224 219 213
2 32 1401 18.0400 170.4300 35 1414 18.1800 171.6000
-2.2865102259e+000 -2.0343471148e-001 -9.0040273888e+000
156 61 33
2 32 1418 -275.1500 -24.4200 35 1342 -285.9000 -20.1300
2.0725095068e+000 -3.2889419528e-001 -9.4029411876e+000
172 159 120
2 32 1424 239.5600 -37.9800 35 1456 217.4500 -72.8500
-3.5831204367e+000 -7.2369923270e-001 -7.8708133376e+000
65 17 17
2 32 1433 -494.1600 -99.8100 35 1365 -504.4500 -91.1100
-2.8101233998e+000 -6.7471991411e-001 -7.9320662131e+000
68 24 29
2 32 1434 -385.1000 -92.4500 35 1366 -395.0800 -92.1700
-2.3406667511e+000 -9.4048762093e-001 -8.7743951734e+000
156 100 70
2 32 1436 -290.0900 -116.4900 35 1367 -304.3500 -111.0500
-1.5761517328e+000 -8.8830969693e-001 -8.1841794439e+000
120 36 40
2 32 1437 -208.9300 -117.8600 35 1376 -225.1700 -127.7400
-9.6863323379e-001 -1.3968403401e+000 -8.6225324641e+000
177 167 157
2 32 1446 -121.7300 -175.9300 35 1381 -145.1400 -184.1600
4.0390043629e+000 -1.3326054885e+000 -8.6274513581e+000
174 104 55
2 32 1449 507.9900 -167.8500 35 1388 460.4800 -227.8300
4.0609260349e+000 -1.2009936686e+000 -8.4968677159e+000
171 103 64
2 32 1450 519.2100 -153.5400 35 1389 471.5900 -217.1100
3.6041687949e+000 2.6186708709e+000 -8.3326868578e+000
209 197 187
2 32 1476 469.7100 341.3700 35 1496 487.1500 266.1900
2.7931644289e+000 9.7798027800e-001 -8.5244780906e+000
155 140 101
2 32 1489 355.3600 124.5600 35 1425 349.4100 63.6000
2.7931644289e+000 9.7798027800e-001 -8.5244780906e+000
155 140 101
2 32 1490 355.3600 124.5600 35 1426 349.4100 63.6000
2.4456948946e+000 7.0809886198e-001 -9.2521634473e+000
227 222 210
2 32 1495 287.3300 83.1600 35 1430 276.9300 38.8100
-1.1561328168e-001 -3.8236934974e-002 -9.3407757613e+000
184 177 169
2 32 1502 -13.4000 -4.4400 35 1437 -25.4500 -19.2200
2.4086811784e+000 -3.5615539555e-001 -8.9926483159e+000
107 94 62
2 32 1507 290.9900 -43.0200 35 1457 266.8300 -87.0400
2.8525571454e+000 -2.8230363326e-001 -8.8530895145e+000
190 182 167
2 32 1508 349.5000 -34.7000 35 1459 325.1800 -85.8100
-4.1218266908e+000 -4.5851663849e-001 -8.0958010262e+000
73 18 23
2 32 1509 -552.6500 -61.4400 35 1439 -561.4400 -45.0700
-2.1723478437e+000 -7.2479529612e-001 -8.7723078659e+000
154 64 32
2 32 1515 -269.1600 -89.7800 35 1358 -282.3100 -87.1100
4.1298059457e+000 -1.3093735077e+000 -8.2541813964e+000
204 136 96
2 32 1523 543.3199 -172.3400 35 1479 492.3300 -239.9800
1.8498926084e+000 -3.3900121186e+000 -1.1123142435e+001
231 178 108
2 32 1541 180.9000 -331.0400 35 1404 130.7100 -328.2400
2.7493241097e+000 2.7295353089e+000 -9.3847286252e+000
221 213 202
2 32 1547 318.5100 315.9800 35 1494 334.1800 269.8900
-1.7076774508e+000 2.8216227910e+000 -1.3903510728e+001
191 185 173
2 32 1555 -132.7700 220.5600 35 1497 -129.0000 254.6200
-2.0421291377e+000 2.5189243938e+000 -1.4073142958e+001
239 234 228
2 32 1562 -157.1600 194.5100 35 1499 -155.4400 231.3100
-2.7807568259e+001 1.7460391036e+000 -5.7777691230e+001
27 15 19
2 32 1576 -523.3700 32.7200 35 1417 -542.8600 161.1300
-1.2257090321e+000 -3.0534005800e-001 -8.8732019319e+000
162 81 51
2 32 1588 -150.0500 -37.3800 35 1443 -161.8300 -45.2600
3.8898126790e+000 -1.1887753073e+000 -8.6344491960e+000
100 48 38
2 32 1606 488.7100 -149.6300 35 1478 444.6801 -209.1400
-1.6667258723e+000 -1.2925576257e+000 -8.4794813205e+000
202 145 108
2 32 1609 -214.0000 -165.6700 35 1470 -232.4100 -168.5800
2.1702150799e+000 2.1837590448e+000 -9.4042912653e+000
234 227 218
2 32 1637 251.4300 252.3400 35 1561 259.5000 212.0600
3.4458842345e+000 1.8951342865e+000 -8.1852552282e+000
152 135 97
2 32 1640 457.6899 251.5500 35 1567 462.6700 174.7100
2.1405428452e+000 3.7636339739e-001 -9.5003836603e+000
230 228 216
2 32 1653 244.8000 43.0400 35 1583 231.3600 6.3300
-1.5755038085e+000 -1.4994197502e+000 -8.7343976000e+000
180 60 42
2 32 1682 -194.6900 -186.2700 35 1608 -218.9000 -186.6400
-1.4808588634e+000 -1.6497800871e+000 -8.7401425498e+000
199 83 60
2 32 1684 -183.4700 -204.9500 35 1543 -207.9800 -205.0900
4.0212248688e+000 2.0401445674e+000 -7.2251928379e+000
254 238 171
2 32 1697 605.7600 306.8400 35 1634 611.9500 198.5000
4.1659496660e+000 1.7097364889e+000 -7.5302775442e+000
115 41 46
2 32 1747 599.5300 246.5100 35 1674 603.1000 145.0900
-1.6754772090e-001 2.0044635423e+000 -1.1901978979e+001
175 167 157
2 32 1748 -15.2800 182.9500 35 1668 -11.9900 191.7600
-5.8584595233e-001 1.9440126956e+000 -1.2714453859e+001
242 242 234
2 32 1754 -50.2700 166.0600 35 1667 -48.3800 183.9300
2.7267503310e+000 1.9264149045e+000 -8.7454624549e+000
242 235 229
2 32 1783 339.1700 239.3400 35 1702 345.0300 182.0200
3.4304709338e+000 -1.8447947049e+000 -8.7406341517e+000
232 225 217
2 32 1806 426.1100 -229.3000 35 1725 375.1600 -276.9800
3.5018861615e+000 -4.8115484362e-001 -7.8787632721e+000
242 233 224
2 32 1820 482.4500 -66.3800 35 1717 448.1000 -141.2900
5.5208053061e-002 2.9813597282e+000 -1.2281515395e+001
250 243 233
2 32 1833 3.9800 263.5700 35 1742 16.4200 274.9800
-1.0645322306e+000 -2.9050668311e-001 -9.3587237026e+000
40 25 25
2 32 1841 -123.7500 -33.7500 35 1760 -135.8000 -37.9000
