# Bundle file v0.3
46 501
0 0 0
0 0 0
0 0 0
0 0 0
0 0 0
0 0 0
0 0 0
0 0 0
0 0 0
0 0 0
0 0 0
0 0 0
0 0 0
0 0 0
0 0 0
0 0 0
0 0 0
0 0 0
0 0 0
0 0 0
0 0 0
0 0 0
0 0 0
0 0 0
0 0 0
0 0 0
0 0 0
0 0 0
0 0 0
0 0 0
0 0 0
0 0 0
0 0 0
0 0 0
0 0 0
0 0 0
0 0 0
0 0 0
0 0 0
0 0 0
0 0 0
0 0 0
0 0 0
0 0 0
0 0 0
0 0 0
0 0 0
0 0 0
0 0 0
0 0 0
0 0 0
0 0 0
0 0 0
0 0 0
0 0 0
0 0 0
0 0 0
0 0 0
0 0 0
0 0 0
0 0 0
0 0 0
0 0 0
0 0 0
0 0 0
0 0 0
0 0 0
0 0 0
0 0 0
0 0 0
0 0 0
0 0 0
0 0 0
0 0 0
0 0 0
0 0 0
0 0 0
0 0 0
0 0 0
0 0 0
0 0 0
0 0 0
0 0 0
0 0 0
0 0 0
0 0 0
0 0 0
0 0 0
0 0 0
0 0 0
0 0 0
0 0 0
0 0 0
0 0 0
0 0 0
0 0 0
0 0 0
0 0 0
0 0 0
0 0 0
0 0 0
0 0 0
0 0 0
0 0 0
0 0 0
0 0 0
0 0 0
0 0 0
0 0 0
0 0 0
0 0 0
0 0 0
0 0 0
0 0 0
0 0 0
0 0 0
0 0 0
0 0 0
0 0 0
0 0 0
0 0 0
0 0 0
0 0 0
0 0 0
0 0 0
0 0 0
0 0 0
0 0 0
0 0 0
0 0 0
0 0 0
0 0 0
0 0 0
0 0 0
0 0 0
0 0 0
0 0 0
0 0 0
0 0 0
0 0 0
0 0 0
0 0 0
0 0 0
0 0 0
0 0 0
0 0 0
0 0 0
0 0 0
0 0 0
0 0 0
0 0 0
0 0 0
0 0 0
0 0 0
0 0 0
0 0 0
0 0 0
0 0 0
0 0 0
0 0 0
1.1101958841e+003 -1.2927191286e-002 -2.7878608990e-002
9.9999601113e-001 -5.1279776993e-004 -2.7775450456e-003
5.0779550778e-004 9.9999824860e-001 -1.8013711672e-003
2.7784639201e-003 1.7999535568e-003 9.9999452014e-001
-2.6764820919e-002 -1.7957707571e-002 -1.5736291700e-001
0 0 0
0 0 0
0 0 0
0 0 0
0 0 0
0 0 0
0 0 0
0 0 0
0 0 0
0 0 0
1.1077560013e+003 -7.6179644323e-003 -4.8438165953e-002
9.9581287993e-001 9.0337562859e-002 1.3994031219e-002
-8.8701942136e-002 9.9188780615e-001 -9.1052432540e-002
-2.2105963773e-002 8.9429887324e-002 9.9574777008e-001
2.4435347232e-002 -9.9077430968e-001 -3.2250396150e-001
0 0 0
0 0 0
0 0 0
0 0 0
0 0 0
0 0 0
0 0 0
0 0 0
0 0 0
0 0 0
0 0 0
0 0 0
0 0 0
0 0 0
0 0 0
0 0 0
0 0 0
0 0 0
0 0 0
0 0 0
0 0 0
0 0 0
0 0 0
0 0 0
0 0 0
0 0 0
0 0 0
0 0 0
0 0 0
0 0 0
0 0 0
0 0 0
0 0 0
0 0 0
0 0 0
0 0 0
0 0 0
0 0 0
0 0 0
0 0 0
0 0 0
0 0 0
0 0 0
0 0 0
0 0 0
0 0 0
0 0 0
0 0 0
0 0 0
0 0 0
8.4272229820e-001 -3.2091985623e+000 -1.2407842490e+001
186 85 58
2 32 1099 75.2200 -282.7500 35 1043 34.0800 -265.9500
8.0664296824e-001 -3.1288134095e+000 -1.2472248770e+001
218 166 96
2 32 1374 71.7100 -274.2600 35 1182 31.4000 -257.2800
1.5508901174e+000 -3.4107906172e+000 -1.1632997140e+001
230 183 106
2 32 1273 146.5500 -320.2400 35 1194 99.1300 -311.9800
2.1285264217e+000 -1.5547851513e+000 -9.3704663091e+000
173 165 154
2 32 1226 247.7200 -181.0300 35 1171 210.7500 -210.2000
-3.0460785601e+000 -1.5376251296e+000 -8.3858435188e+000
191 165 157
2 32 884 -394.7400 -199.6000 35 849 -412.4400 -187.2800
-1.6629281883e+000 -1.1412691403e+000 -8.2674118248e+000
48 37 47
2 32 1347 -219.1200 -150.6500 35 1283 -237.7000 -157.0000
8.9952054082e-001 -2.1479083676e+000 -1.1051414727e+001
212 168 123
2 32 1526 89.6100 -212.3400 35 1383 54.7600 -210.6300
1.8106442120e+000 -1.3186574204e+000 -9.1938101187e+000
210 203 195
2 32 1729 214.7500 -156.5300 35 1610 181.5500 -186.4000
-1.4749578095e+000 -1.6437834383e+000 -8.7452587155e+000
199 83 60
2 32 1683 -183.4700 -204.9500 35 1544 -207.9800 -205.0900
-1.6935148088e+000 -1.0589043022e+000 -8.2203632884e+000
183 160 125
2 32 1210 -224.3400 -140.6000 35 1150 -242.2000 -147.6600
9.9688506568e-001 -3.3017565770e+000 -1.2227806465e+001
216 160 86
2 32 703 90.0900 -295.1300 35 874 47.2500 -279.9300
1.7307602774e+000 -3.4301037926e+000 -1.1397674938e+001
194 113 71
2 32 1118 166.6200 -328.6100 35 1067 117.7200 -323.0700
2.1026357958e+000 -4.9742216437e-001 -9.1364254620e+000
211 207 196
2 32 1512 250.8000 -59.4800 35 1462 226.6600 -97.6400
1.7106211711e+000 -3.1332560541e+000 -1.1465609613e+001
181 88 68
2 32 939 163.7900 -298.4800 35 881 117.8800 -294.3000
1.9210462664e+000 1.0380274612e+000 -9.2349245273e+000
211 205 194
2 32 1486 226.5300 122.6100 35 1332 222.7900 82.9600
1.0767194998e+000 -2.5584328636e+000 -1.1495912878e+001
156 43 47
2 32 1737 103.4000 -243.1500 35 1614 64.5800 -237.3700
3.5268794157e+000 -2.3174517082e+000 -9.2808636451e+000
202 103 91
2 32 1252 413.6400 -271.6800 35 1201 358.4700 -309.1700
8.4158102221e-001 -3.0284626589e+000 -1.2446793907e+001
160 72 60
2 32 1248 74.9100 -266.0100 35 1183 35.2600 -249.9400
-3.0100897978e+000 -1.4271429378e+000 -8.3031286916e+000
45 34 40
2 32 1681 -394.0800 -187.1700 35 1541 -410.7400 -176.6400
2.2440362514e+000 -1.8971590029e+000 -9.6118044571e+000
235 228 218
2 32 1738 254.8700 -215.3000 35 1661 213.7100 -240.3600
2.4839494482e+000 1.1544165750e+000 -9.1057331585e+000
196 189 174
2 32 1484 297.3300 138.2700 35 1421 293.2500 90.4100
3.9985743302e+000 -1.3830395627e+000 -8.6778678456e+000
193 142 121
2 32 257 500.3900 -173.2300 35 346 452.2800 -231.7800
3.5754891362e+000 -2.3201777821e+000 -9.2548499086e+000
200 106 77
2 32 928 420.6500 -272.7000 35 884 364.5600 -310.9600
3.3882992630e+000 -2.3861472410e+000 -9.3766652793e+000
224 165 97
2 32 1251 393.0000 -277.0300 35 1061 339.3900 -311.4200
3.9763165381e+000 -1.3196582882e+000 -8.7358697915e+000
143 75 40
2 32 868 494.5100 -164.2300 35 861 447.7300 -222.1400
1.8032867102e+000 -3.3813331272e+000 -1.1350803955e+001
199 131 70
2 32 724 174.2900 -325.2600 35 683 125.3300 -320.9200
3.4518459217e+000 -7.4039699335e-001 -8.4225259757e+000
162 132 118
2 32 1194 445.5601 -95.7200 35 1169 408.9200 -157.8600
-3.7343597702e+000 -1.0113044638e+000 -7.9357893524e+000
140 83 72
2 32 1339 -509.6200 -138.6300 35 1266 -522.1700 -125.9500
7.2110117605e-001 -2.2512947246e+000 -1.1095150161e+001
244 208 160
2 32 1736 71.0100 -221.7900 35 1660 37.3000 -217.6100
-1.6609812249e+000 -1.1023408085e+000 -8.2424366235e+000
116 94 93
2 32 580 -219.5300 -145.9700 35 280 -237.7400 -152.8600
3.9985743302e+000 -1.3830395627e+000 -8.6778678456e+000
193 142 121
2 32 258 500.3900 -173.2300 35 347 452.2800 -231.7800
9.5393206934e-001 -3.1915351439e+000 -1.2242409514e+001
186 109 67
2 32 935 86.1200 -284.9600 35 873 44.4200 -269.9800
-6.9490440418e-001 -1.3705939711e+000 -8.7708715226e+000
183 173 161
2 32 1051 -86.6200 -170.6000 35 1019 -110.3900 -180.0600
1.7587495052e+000 -3.3647333609e+000 -1.1371449684e+001
186 104 64
2 32 1116 169.7300 -323.0900 35 1207 121.1400 -318.3900
1.3064449722e+000 1.1034374365e+000 -9.6777435416e+000
238 234 224
2 32 1705 147.7900 124.6400 35 1638 144.0800 97.3100
-1.5903156412e+000 -1.0926589289e+000 -8.2740358402e+000
149 37 41
2 32 1677 -209.5400 -144.1700 35 1605 -227.6600 -151.4900
-1.7474741761e+000 -9.7926113196e-001 -8.2437678158e+000
171 144 114
2 32 1207 -231.0200 -129.7300 35 1148 -247.6300 -136.3000
5.9598431321e-001 3.2691586840e+000 -1.1854882881e+001
199 191 177
2 32 1627 55.3700 302.3100 35 1555 69.9100 306.2500
2.5457088643e+000 -2.2917688325e+000 -9.6360654963e+000
98 43 37
2 32 1807 287.6800 -259.3500 35 1724 241.5600 -283.8700
-1.7758100281e+000 -9.2002172903e-001 -8.2627634646e+000
158 128 104
2 32 1206 -234.1200 -121.6200 35 1147 -250.3500 -127.9900
-6.7762305505e-001 1.1719898966e-001 -9.3882091561e+000
165 156 151
2 32 1308 -79.3100 13.4000 35 1239 -88.1200 4.6700
1.5374850908e+000 -1.1201158740e+000 -9.0952134216e+000
161 151 141
2 32 1800 184.4400 -134.4300 35 1689 154.3200 -164.1300
4.0503037983e+000 -1.1094790819e+000 -8.5740144319e+000
137 82 52
2 32 846 512.7000 -140.6700 35 631 468.2300 -203.6400
4.1039659985e+000 -1.2901802629e+000 -8.5473937731e+000
223 185 170
2 32 871 521.1000 -163.9900 35 642 472.9100 -226.5200
4.0261474595e+000 -1.2216560572e+000 -8.6539175700e+000
147 82 54
2 32 1053 505.2600 -153.4500 35 1033 459.2500 -213.9700
5.4114072324e-001 -3.1642768239e+000 -1.2751031544e+001
126 88 77
2 32 1463 47.1700 -271.3900 35 1392 8.4400 -250.8200
-2.7650755099e+000 -1.0424251693e+000 -8.2517452236e+000
40 30 35
2 32 1675 -364.2700 -137.7700 35 1601 -379.1700 -132.6400
-2.4429933525e+000 -1.2784677722e+000 -8.8888803344e+000
178 124 90
2 32 1444 -298.4600 -156.7700 35 1144 -318.1200 -147.8000
-3.0225075732e+000 -1.1085230999e+000 -8.0119841308e+000
98 34 24
2 32 1674 -409.9100 -150.7800 35 1537 -423.7600 -144.8600
-2.7274261129e+000 -9.5218547625e-001 -8.2475637820e+000
149 131 127
2 32 836 -359.7100 -126.0000 35 1010 -373.6500 -121.7300
-3.7675745941e+000 -5.8277235359e-001 -7.9589190105e+000
72 43 27
2 32 1318 -513.2700 -80.0600 35 1249 -522.1900 -68.4300
-1.6935148088e+000 -1.0589043022e+000 -8.2203632884e+000
183 160 125
2 32 1211 -224.3400 -140.6000 35 1149 -242.2000 -147.6600
1.6313514599e-002 -1.2091039317e+000 -9.1140497635e+000
186 182 170
2 32 1214 1.7900 -144.9100 35 1167 -22.7800 -158.6400
-3.3672055669e+000 -1.0570536013e+000 -7.9114005213e+000
209 108 66
2 32 1202 -462.0400 -145.5500 35 1140 -474.2700 -136.9500
3.2900865773e-001 -1.7940956883e-001 -9.4935117790e+000
154 146 135
2 32 1415 37.6000 -20.7500 35 1352 23.1700 -37.6900
-1.6932533721e+000 -9.6355481587e-001 -8.2667017162e+000
45 33 37
2 32 1345 -223.2000 -127.3000 35 1273 -239.9700 -134.3000
2.1766110865e+000 1.8739681544e-001 -9.2718967104e+000
212 209 195
2 32 1414 255.7800 22.0000 35 1351 240.4900 -17.7500
-2.9797205852e+000 -1.6104687144e+000 -8.4754515042e+000
149 57 29
2 32 1233 -381.8700 -206.8100 35 1025 -400.9800 -194.0300
9.1321901685e-001 -3.2168087307e+000 -1.2288373802e+001
194 103 74
2 32 1469 82.0500 -286.1700 35 1393 40.6600 -270.4700
3.7715976854e+000 4.4348903305e-001 -7.9114514647e+000
198 185 169
2 32 1575 516.4100 60.5600 35 1519 497.0800 -22.1100
4.0001751246e+000 1.8848625150e-001 -7.9112653346e+000
207 195 182
2 32 1712 548.2300 25.6600 35 1649 521.5601 -58.4400
2.3203033270e+000 1.6076335302e+000 -9.1100245186e+000
246 241 235
2 32 1564 277.7900 192.4900 35 1508 279.7200 146.0500
1.2640386739e+000 -3.1637840811e+000 -1.1642217366e+001
229 209 219
2 32 1257 119.2200 -296.9300 35 880 75.7700 -287.9700
1.5705055031e+000 -3.2143495101e+000 -1.1303844814e+001
184 81 67
2 32 1537 151.8400 -310.6300 35 1396 106.6700 -305.8300
-3.8840950082e+000 -4.0806309444e-001 -7.9055716539e+000
251 227 161
2 32 1662 -532.4600 -56.6700 35 1591 -540.0100 -44.8000
-3.8840950082e+000 -4.0806309444e-001 -7.9055716539e+000
251 227 161
2 32 1661 -532.4600 -56.6700 35 1590 -540.0100 -44.8000
3.3334849653e+000 -4.3059370002e-001 -8.4459731972e+000
167 149 134
2 32 1766 430.0699 -55.4900 35 1684 397.2700 -118.0500
-3.6826813776e+000 -9.0168206936e-001 -7.9378488932e+000
73 25 23
2 32 1723 -502.7000 -123.7000 35 1651 -514.4000 -112.0800
-3.3099015127e+000 -1.3173311746e+000 -7.9996913946e+000
105 37 28
2 32 1727 -449.6100 -179.2700 35 1604 -463.1900 -168.8600
2.1627103853e+000 -2.5331650332e+000 -9.8174129521e+000
226 208 149
2 32 1775 240.4300 -281.4000 35 1693 193.3400 -298.7800
2.2082391472e+000 1.2163411641e+000 -8.9742427652e+000
173 165 152
2 32 1788 268.0800 147.7600 35 1708 265.7100 100.7200
7.2110117605e-001 -2.2512947246e+000 -1.1095150161e+001
244 208 160
2 32 1735 71.0100 -221.7900 35 1659 37.3000 -217.6100
1.1609276099e+000 -7.6002282089e-001 -8.8569734947e+000
74 62 45
2 32 1189 142.5800 -93.7900 35 1015 118.6400 -124.8500
2.6198471106e+000 1.0255430169e+000 -9.1213700090e+000
208 201 187
2 32 974 313.2600 122.6500 35 940 306.6800 73.7600
-2.9148971268e+000 -1.0846538977e+000 -8.2241745650e+000
138 101 74
2 32 833 -385.1500 -143.7700 35 832 -399.9700 -137.0400
5.9598431321e-001 3.2691586840e+000 -1.1854882881e+001
199 191 177
2 32 1628 55.3700 302.3100 35 1554 69.9100 306.2500
-3.6661443272e-001 -8.7262593281e-002 -9.2937530424e+000
197 195 187
2 32 1501 -43.3400 -10.4400 35 1436 -55.1800 -22.9600
3.7448513244e+000 7.0607815663e-001 -8.0983275090e+000
150 136 123
2 32 976 501.9500 94.5400 35 956 486.2100 15.0800
3.9828257236e+000 -1.3623819279e+000 -8.7136366652e+000
178 143 135
2 32 1054 496.5200 -169.9600 35 1037 448.9200 -227.9500
-3.7343597702e+000 -1.0113044638e+000 -7.9357893524e+000
140 83 72
2 32 1340 -509.6200 -138.6300 35 1265 -522.1700 -125.9500
-1.6717371064e+000 -8.8338577771e-001 -8.2515046880e+000
209 90 81
2 32 1331 -220.7200 -116.9600 35 1274 -236.9400 -124.8200
-3.1194882488e+000 -1.0008974466e+000 -7.8906902881e+000
152 66 43
2 32 1203 -428.9900 -138.2000 35 1141 -442.3500 -133.1600
2.5886394281e+000 1.0010919082e+000 -9.1037947743e+000
208 199 182
2 32 1487 309.8800 119.9200 35 1424 303.5500 71.1600
-1.8042893805e+000 3.0895900981e+000 -1.4238056632e+001
225 220 210
2 32 1553 -137.8300 238.6400 35 1493 -132.4000 275.4500
3.3606407469e+000 -2.4226342631e+000 -9.1876873895e+000
189 87 84
2 32 1473 398.7400 -286.8000 35 1490 341.3100 -323.0400
2.4426797272e-001 -8.3939317187e-001 -9.0101431442e+000
197 193 184
2 32 1722 29.0400 -101.8800 35 1687 8.1600 -121.0400
3.9777592550e+000 -1.2518121044e+000 -8.6705269086e+000
133 82 67
2 32 252 498.1801 -156.9700 35 322 452.3600 -216.4800
3.5121195771e+000 -2.3663580060e+000 -9.2706241824e+000
214 129 98
2 32 692 412.1899 -277.7200 35 415 356.7000 -314.7500
4.1509033790e+000 9.8640000420e-001 -7.7298037084e+000
214 196 182
2 32 458 580.6400 137.9300 35 474 568.5300 44.3800
2.0564449811e+000 9.9543868360e-002 -9.2908049746e+000
190 182 170
2 32 982 241.6200 11.6900 35 1117 224.7100 -26.3300
-1.8305315340e+000 -8.7736307854e-001 -8.3031124015e+000
39 34 48
2 32 1185 -240.2000 -115.4500 35 1146 -255.8500 -120.9400
-3.8443684094e+000 -8.1465291401e-001 -8.0142855770e+000
207 178 118
2 32 1023 -519.8000 -110.7700 35 1132 -530.5600 -96.8300
-1.8861343489e+000 -9.6991816575e-001 -8.2747471569e+000
134 127 118
2 32 577 -248.3000 -128.0000 35 593 -264.5900 -132.7300
4.3026849515e+000 1.0560698285e+000 -7.5128584162e+000
199 73 76
2 32 1300 618.3900 151.6800 35 1104 606.0500 50.6300
-7.9458234044e-001 3.5969677802e-001 -9.6622522423e+000
168 158 149
2 32 1155 -90.0100 40.5200 35 1106 -97.1600 35.4200
-3.1008208054e+000 -1.4817428698e+000 -8.3559112628e+000
33 18 23
2 32 1232 -402.9500 -192.9900 35 1017 -420.6100 -180.7700
3.4893499496e+000 -2.4506546366e+000 -9.3192980632e+000
229 166 100
2 32 1266 407.5601 -286.1000 35 1071 351.0900 -321.5900
3.5320212777e+000 -2.4081862216e+000 -9.2753297130e+000
196 86 80
2 32 1267 414.5500 -282.4300 35 1072 357.8600 -319.2400
-1.4530559193e+000 -1.7529339285e+000 -8.7954808130e+000
232 174 129
2 32 1243 -180.0200 -217.3400 35 1176 -204.9200 -216.4100
2.8722101123e+000 -2.6864369064e+000 -1.0118500301e+001
121 56 40
2 32 1107 310.0900 -289.4000 35 1059 258.1600 -308.8100
-6.7201447484e-001 2.2825260182e+000 -1.2866726645e+001
196 188 178
2 32 1481 -56.7700 194.9000 35 1500 -52.8700 214.7300
-1.8118221997e+000 -9.7586150008e-001 -8.2245912779e+000
52 49 52
2 32 1343 -240.0100 -129.5700 35 1271 -256.4700 -135.6800
-1.6717371064e+000 -8.8338577771e-001 -8.2515046880e+000
209 90 81
2 32 1332 -220.7200 -116.9600 35 1275 -236.9400 -124.8200
-3.2684700292e+000 -9.0079484439e-001 -7.8770274648e+000
181 84 51
2 32 1341 -450.1700 -124.6500 35 1259 -462.3300 -118.5000
-9.6292482127e-001 -1.3906916071e+000 -8.6263048259e+000
177 167 157
2 32 1445 -121.7300 -175.9300 35 1380 -145.1400 -184.1600
1.0529269761e+000 -3.3514624996e+000 -1.2201619960e+001
172 79 75
2 32 1382 95.3700 -300.1900 35 1187 51.7200 -285.2700
2.4702913918e+000 1.8887003628e+000 -8.9025146528e+000
219 211 202
2 32 1480 302.2600 231.2000 35 1322 308.3900 179.7400
2.4702913918e+000 1.8887003628e+000 -8.9025146528e+000
219 211 202
2 32 1479 302.2600 231.2000 35 1321 308.3900 179.7400
1.4367895993e+000 -1.4049005774e-001 -9.4868374226e+000
191 187 178
2 32 1505 165.5900 -16.1600 35 1448 147.6000 -44.4500
2.3625634112e+000 -5.5588703314e-001 -8.8715533772e+000
223 216 203
2 32 1431 290.1100 -68.4200 35 1368 263.4000 -112.8600
-3.6393497567e+000 -5.3324151494e-001 -7.9349931154e+000
201 167 116
2 32 1425 -497.2000 -73.5100 35 1354 -506.4900 -63.9200
-1.8606146944e+000 -9.3869591101e-001 -8.2489150420e+000
54 49 57
2 32 1603 -245.3800 -124.2300 35 1538 -262.1200 -129.8000
2.8251475914e+000 -2.6418094417e+000 -1.0219975656e+001
149 108 64
2 32 1472 302.0400 -281.8400 35 1399 251.4400 -300.2000
2.5456700160e-001 -3.1250139009e+000 -1.2454786751e+001
201 129 82
2 32 1531 22.8400 -274.3800 35 1480 -14.8200 -253.5000
7.4564577118e-001 3.3470883940e+000 -1.1730701806e+001
247 241 229
2 32 1546 69.9600 312.7200 35 1492 85.4800 314.5200
-2.3451294299e+000 -6.7835318271e-001 -8.6330487588e+000
176 88 52
2 32 1592 -296.0500 -85.9800 35 1524 -308.8600 -82.9800
2.1738667395e+000 -2.4207954813e+000 -1.0044394905e+001
254 250 189
2 32 1464 236.5500 -262.9200 35 1394 191.1600 -279.0300
2.9098222307e+000 -2.8528782357e+000 -1.0077176203e+001
153 115 60
2 32 1624 315.1200 -308.5300 35 1551 261.3100 -327.3000
4.1367894634e+000 8.8574536857e-001 -7.6643516069e+000
209 191 177
2 32 1649 583.9100 124.8900 35 1580 569.0400 30.2500
7.3718690906e-001 -7.4801789322e-001 -9.0895198658e+000
222 222 214
2 32 1599 88.5400 -89.9200 35 1534 65.8500 -113.6800
-2.6654018769e+000 -8.1692756744e-001 -8.4128221989e+000
94 32 21
2 32 1597 -344.2900 -106.0000 35 1530 -358.5900 -101.4300
-2.6983671640e+000 -9.2566698146e-001 -8.3082636608e+000
147 104 70
2 32 1602 -352.9100 -121.5500 35 1532 -367.6800 -117.2100
-2.6983671640e+000 -9.2566698146e-001 -8.3082636608e+000
147 104 70
2 32 1601 -352.9100 -121.5500 35 1531 -367.6800 -117.2100
-1.9548872453e+000 3.4159101462e+000 -1.4523806115e+001
203 76 77
2 32 1699 -146.4700 258.6400 35 1627 -139.5900 298.4200
-1.9548872453e+000 3.4159101462e+000 -1.4523806115e+001
203 76 77
2 32 1698 -146.4700 258.6400 35 1628 -139.5900 298.4200
3.3685889052e+000 2.8849789299e-001 -8.1579391318e+000
240 234 221
2 32 1711 448.4500 38.2500 35 1646 428.1500 -33.9100
3.8531018531e+000 7.1566754765e-001 -7.9159412367e+000
236 224 213
2 32 1759 527.6801 97.8900 35 1679 511.6100 13.1600
3.2041262003e+000 2.7170012468e-001 -8.4693880819e+000
125 110 91
2 32 1762 411.0300 34.7400 35 1682 392.4900 -29.4400
5.0516328024e-001 -2.6647377972e+000 -1.2003082317e+001
128 78 65
2 32 1772 46.8200 -242.6800 35 1692 10.4800 -228.6200
3.8111487174e+000 1.0348494751e+000 -7.8800124603e+000
99 83 67
2 32 1789 523.3500 142.1600 35 1677 514.8101 56.1100
1.1565077887e+000 1.1234913367e+000 -9.7087881874e+000
233 229 218
2 32 1791 130.7900 126.5500 35 1707 126.8500 101.0700
-4.0041505138e+000 -6.3793055388e-001 -8.0404422708e+000
138 105 56
2 32 1821 -539.3000 -86.5700 35 1733 -549.1400 -71.2500
2.6904528903e+000 1.5311281046e+000 -8.7899674748e+000
222 216 204
2 32 1839 333.2700 189.7500 35 1753 334.2000 133.9700
-8.5137166816e-001 2.7968964252e-001 -9.7630340850e+000
137 98 89
2 32 481 -95.3000 31.1900 35 73 -103.4600 27.8200
-2.9584890127e+000 -1.4499658595e+000 -8.3299867134e+000
86 56 51
2 32 285 -385.6800 -189.4800 35 272 -403.6100 -179.2600
1.4599222581e+000 3.0672081334e+000 -1.0762157887e+001
213 205 192
2 32 434 148.5200 311.8700 35 4 164.4300 297.4000
2.4151217984e+000 3.9254652192e-002 -8.9258562581e+000
171 152 102
2 32 784 294.8800 4.7200 35 774 275.8900 -42.2400
-3.9422325288e+000 -6.5825120843e-001 -7.9731609261e+000
223 194 129
2 32 182 -535.5200 -90.0800 35 149 -545.2200 -76.0500
-3.7048738000e+000 -8.6084478977e-001 -7.8803328226e+000
131 82 77
2 32 555 -509.4300 -119.0000 35 562 -520.4500 -107.8600
-2.8613902311e+000 -1.0893609616e+000 -8.2265433523e+000
107 82 74
2 32 576 -378.0100 -144.3600 35 585 -393.0000 -138.1800
4.2938115484e+000 1.5206742225e+000 -7.6829642228e+000
174 133 117
2 32 970 603.4800 213.8100 35 935 600.7300 115.9700
-5.2328156069e-001 -4.3625432104e-001 -9.3642706482e+000
71 60 42
2 32 511 -61.0000 -51.0000 35 544 -76.4400 -60.0500
-3.9725630530e+000 -7.6842150468e-001 -8.0903172139e+000
241 215 148
2 32 816 -532.1800 -103.5600 35 779 -542.2800 -87.5200
2.4369289762e+000 -2.6271689960e+000 -9.8253803544e+000
134 112 77
2 32 1262 270.8700 -291.4800 35 1197 220.7400 -310.4900
2.8743817202e+000 -2.8124608350e+000 -1.0093687754e+001
127 87 36
2 32 942 310.6200 -303.7200 35 691 257.9500 -322.3300
9.1507422492e-001 -8.7267722123e-002 -9.7250142226e+000
173 170 161
2 32 1165 102.6500 -9.8300 35 1115 87.6000 -30.1300
-8.1701040849e-001 -9.7515954085e-002 -9.5602652291e+000
146 130 123
2 32 990 -92.8200 -11.1900 35 960 -105.4800 -16.3200
-3.4276160578e+000 -1.1496211721e+000 -7.9323773429e+000
211 108 66
2 32 1048 -468.6600 -157.7200 35 827 -482.0800 -147.8100
2.7523338875e+000 -2.5791598092e+000 -1.0294223936e+001
101 43 31
2 32 1095 292.1800 -273.2400 35 1198 243.0900 -290.7300
1.7761248169e+000 -3.1299876188e+000 -1.1341310509e+001
227 168 98
2 32 1104 171.7200 -301.4100 35 1052 125.4400 -298.5900
-8.9008603104e-001 2.2470265494e+000 -1.2964938506e+001
231 227 219
2 32 1294 -74.5800 190.4600 35 1216 -71.5300 212.5400
1.6440651699e-001 1.2797481862e+000 -1.0700670270e+001
234 230 221
2 32 1150 16.6900 130.9500 35 1095 16.0600 126.2400
-1.3072668156e-001 -5.9894947333e-001 -9.3939811793e+000
143 136 125
2 32 1323 -15.1500 -69.7200 35 1254 -33.2600 -81.7600
-1.4954818155e+000 -9.2886018439e-001 -8.1676719524e+000
149 138 121
2 32 1346 -199.6000 -124.2300 35 1276 -216.5200 -134.8300
-4.0098517905e+000 -9.7748188895e-001 -8.0809480568e+000
74 20 22
2 32 1196 -537.0700 -131.5400 35 1130 -549.4300 -114.4600
-3.4048379743e+000 -1.1044389118e+000 -7.9072646800e+000
233 137 90
2 32 1201 -467.3800 -152.1000 35 1008 -479.8100 -142.8500
-7.5621919901e-001 -1.3534296130e+000 -8.9952972897e+000
148 138 128
2 32 1223 -91.9600 -164.3100 35 1285 -115.0800 -170.7600
3.7008523685e+000 -2.1055205172e+000 -8.9680943594e+000
220 170 108
2 32 1097 448.4200 -255.2900 35 887 393.6500 -300.3500
-2.1025753957e-001 -1.8769043196e+000 -1.0588209768e+001
211 206 195
2 32 1238 -21.5400 -193.6900 35 1028 -50.2600 -187.7300
3.8524076894e+000 5.6560675695e-001 -8.0177599546e+000
230 218 204
2 32 1305 521.1200 76.3900 35 1241 502.6400 -5.4800
1.8397840566e+000 -8.5288979488e-001 -9.0930516529e+000
163 155 144
2 32 1334 220.2900 -102.4500 35 1158 193.0300 -136.6800
-1.8118221997e+000 -9.7586150008e-001 -8.2245912779e+000
52 49 52
2 32 1344 -240.0100 -129.5700 35 1272 -256.4700 -135.6800
3.4603815619e+000 -2.2932169488e+000 -9.3044312243e+000
225 186 107
2 32 1376 405.0800 -268.1900 35 1303 350.4200 -305.0100
3.5786316167e+000 -2.2569704878e+000 -9.1133093231e+000
222 173 97
2 32 1379 426.8900 -269.3900 35 1305 371.7900 -309.9900
3.5786316167e+000 -2.2569704878e+000 -9.1133093231e+000
222 173 97
2 32 1378 426.8900 -269.3900 35 1304 371.7900 -309.9900
4.2222384751e+000 1.5816628840e+000 -7.6888137961e+000
152 110 100
2 32 1396 593.2100 222.2900 35 1329 591.7200 125.3700
-8.3743137614e-001 -3.2954906806e-002 -9.5719407868e+000
110 90 79
2 32 1310 -95.5500 -3.8900 35 1238 -106.5500 -8.7400
-1.9599366177e+000 -4.3171115738e-001 -8.6427724514e+000
165 70 39
2 32 1419 -247.4600 -54.8500 35 1357 -258.7000 -56.8200
-2.3523354394e+000 -5.6845898339e-001 -8.6906849169e+000
138 58 34
2 32 1426 -293.7800 -71.4400 35 1450 -308.2800 -68.5100
-1.5998524024e+000 -1.3605621459e+000 -8.5670172061e+000
220 161 116
2 32 1356 -203.2600 -173.2300 35 1018 -224.6100 -175.6600
-8.4087259566e-001 -1.4020261483e+000 -8.6309811190e+000
141 131 119
2 32 1447 -106.7700 -177.3500 35 1474 -129.7100 -186.6100
1.9210462664e+000 1.0380274612e+000 -9.2349245273e+000
211 205 194
2 32 1485 226.5300 122.6100 35 1331 222.7900 82.9600
2.0800866571e+000 9.2715823591e-001 -9.2983926093e+000
203 195 182
2 32 1405 244.4700 108.8900 35 1334 237.3100 68.5500
-1.2957346845e+000 1.9484587990e+000 -1.3254848798e+001
194 186 175
2 32 1566 -106.5900 161.6300 35 1566 -105.9100 188.2300
-1.2957346845e+000 1.9484587990e+000 -1.3254848798e+001
194 186 175
2 32 1567 -106.5900 161.6300 35 1565 -105.9100 188.2300
1.0826971312e-001 8.2030953290e-001 -1.0390837653e+001
162 158 147
2 32 1572 11.7700 86.4600 35 1509 6.1700 79.3600
8.6709988289e-002 -5.2532024304e-001 -9.4976124962e+000
153 143 137
2 32 1511 9.7600 -60.5200 35 1454 -7.6400 -73.7800
-2.7409010900e-001 -6.1639226519e-001 -9.4115819798e+000
144 140 128
2 32 1594 -31.9700 -71.6500 35 1526 -49.4100 -81.9500
-3.5316863757e+000 -4.9406083365e-001 -8.3233917036e+000
181 98 57
2 32 1663 -460.3900 -64.9500 35 1645 -470.8100 -52.8000
1.1133522048e-001 -1.1705902991e+000 -9.3191644366e+000
157 147 137
2 32 1517 13.5700 -137.1300 35 1463 -12.0900 -149.8400
-2.6938742651e+000 -1.3099763643e+000 -8.2771777982e+000
180 126 83
2 32 1519 -353.6300 -172.4100 35 1465 -371.1100 -166.4100
-2.4808224759e+000 -1.1549902733e+000 -8.7020307158e+000
121 55 31
2 32 1439 -309.7900 -144.7200 35 1375 -327.7400 -137.6800
1.3361078640e+000 -3.4636752386e+000 -1.1853186872e+001
189 89 66
2 32 1539 124.2300 -319.2200 35 1485 77.5800 -307.7100
1.6105758583e+000 -3.4616671098e+000 -1.1538173563e+001
231 188 111
2 32 1540 153.2000 -327.6600 35 1401 105.1200 -320.0800
2.8078906474e+000 2.3393193506e+000 -8.8078162056e+000
235 227 216
2 32 1634 346.4300 289.1100 35 1562 359.6800 232.5900
4.1582038648e+000 1.2824488989e+000 -7.7221087266e+000
156 124 113
2 32 1565 582.2600 179.5600 35 1511 575.2000 84.8500
2.2717277155e+000 -4.7941875722e-001 -9.0477455754e+000
236 232 221
2 32 1595 273.8200 -57.8500 35 1535 248.5400 -99.1400
-3.1092567099e+000 -8.9382188636e-001 -7.8672656517e+000
146 64 42
2 32 1600 -429.1200 -123.9100 35 1529 -441.1900 -119.7200
3.8232303209e+000 1.4416675028e+000 -7.7113557007e+000
249 228 167
2 32 1702 537.2300 202.4100 35 1637 533.2500 111.1700
2.6068918038e+000 -2.8226193239e-001 -8.7224805800e+000
97 82 63
2 32 1794 325.7100 -35.3500 35 1715 300.7700 -86.1700
2.9439387383e+000 2.0784395567e+000 -8.5214741854e+000
162 148 136
2 32 1784 375.6300 265.3100 35 1703 384.5800 201.7200
2.7229086288e+000 1.9308242838e+000 -8.7160460513e+000
242 234 227
2 32 1746 340.2400 241.2400 35 1670 346.4900 183.6800
3.1892713412e+000 1.8440763123e+000 -8.2729469195e+000
227 219 208
2 32 1786 418.7300 242.1900 35 1705 424.0400 170.7800
2.3889381939e+000 -1.0188641599e-001 -9.3421709242e+000
253 247 196
2 32 1763 279.3000 -11.8600 35 1681 258.4100 -51.7900
2.1539096547e+000 -2.1738202711e+000 -9.8680612460e+000
65 28 32
2 32 1739 237.9400 -240.3900 35 1620 195.9200 -259.8000
-2.4127021734e+000 -9.1178151235e-001 -8.5792595881e+000
121 50 29
2 32 1798 -305.6700 -115.9800 35 1711 -321.6100 -112.0300
-2.9599641236e+000 -9.0709878945e-001 -8.2609951069e+000
94 42 29
2 32 1822 -389.7500 -119.8700 35 1734 -402.5200 -113.0100
-2.7971245653e+000 -1.3894653447e+000 -8.3283396671e+000
238 202 157
2 32 1804 -365.2000 -181.7500 35 1718 -382.4000 -173.5500
3.7146666066e+000 -1.1315973329e+000 -8.6690478151e+000
128 47 48
2 32 1843 467.4900 -141.8200 35 1748 421.2200 -199.8200
2.7653253574e+000 9.4356381884e-001 -8.3344597242e+000
229 211 148
2 32 40 360.8000 123.0700 35 67 353.3100 59.0200
1.6603469490e+000 -1.6821924420e-001 -9.3055122126e+000
202 188 147
2 32 493 194.9800 -19.7400 35 514 175.7600 -52.5800
1.6909393031e+000 -3.2797185141e+000 -1.1449852950e+001
207 144 80
2 32 412 162.0300 -312.8400 35 387 114.9900 -307.6500
1.4058445309e+000 -3.4041536666e+000 -1.1803081225e+001
212 138 84
2 32 409 131.0500 -315.0800 35 386 84.8100 -304.7300
-3.7840106706e+000 -3.7636715673e-001 -7.9381409081e+000
130 93 60
2 32 786 -516.6700 -52.0900 35 761 -524.5800 -41.2300
-7.4345227418e-001 -3.4320722120e-001 -9.4989308165e+000
138 123 92
2 32 508 -85.5000 -39.5900 35 512 -99.4600 -45.2700
-1.8861343489e+000 -9.6991816575e-001 -8.2747471569e+000
134 127 118
2 32 578 -248.3000 -128.0000 35 594 -264.5900 -132.7300
-3.9941662751e+000 -9.3370249079e-001 -8.0915503170e+000
208 177 128
2 32 568 -534.6200 -125.5800 35 559 -546.2000 -108.6800
-3.0498498475e+000 -1.3386486163e+000 -8.2499101374e+000
146 110 83
2 32 235 -401.3500 -176.6400 35 267 -418.1200 -166.8400
-3.8274738145e+000 -7.2100812667e-001 -7.9787233968e+000
127 95 56
2 32 817 -519.9100 -98.5800 35 780 -529.8700 -85.5500
-2.9538753665e+000 -1.1420374090e+000 -8.1773745908e+000
161 112 78
2 32 834 -392.3100 -152.1600 35 833 -407.6600 -145.2200
-2.9177911996e+000 -1.0993667815e+000 -8.1420955230e+000
98 56 35
2 32 835 -389.3400 -147.1600 35 584 -404.1400 -141.1800
-2.7852989246e+000 -1.1030467310e+000 -8.2577743579e+000
51 34 33
2 32 1043 -366.6800 -145.6400 35 1011 -381.9200 -139.9000
2.8743817202e+000 -2.8124608350e+000 -1.0093687754e+001
127 87 36
2 32 943 310.6200 -303.7200 35 690 257.9500 -322.3300
2.3662287638e+000 3.1010217120e-001 -9.0921666826e+000
224 219 204
2 32 983 283.7700 37.1700 35 1111 268.6700 -7.6800
2.1104795962e+000 1.0398478164e-001 -9.2299218926e+000
134 123 102
2 32 1158 249.0100 12.2100 35 1248 233.0500 -27.1700
-2.0511862904e+000 -5.9861535653e-001 -8.6355350914e+000
175 91 56
2 32 1008 -258.8000 -75.8800 35 979 -271.9500 -76.4100
-3.6041988366e+000 -8.0269120591e-001 -7.8509269044e+000
117 62 61
2 32 1026 -497.3400 -111.4100 35 994 -508.5900 -102.1100
-8.0537521275e-001 -9.2537523918e-001 -8.6469962563e+000
164 154 144
2 32 1187 -101.8600 -116.9700 35 1151 -120.8000 -129.2200
3.8461673329e+000 -1.6956565206e+000 -8.9551421673e+000
114 68 45
2 32 1083 467.0900 -205.9000 35 1046 416.5000 -256.1300
3.6612965609e+000 -2.2317458515e+000 -9.1126576084e+000
173 81 69
2 32 1098 437.1100 -266.3200 35 1063 381.0400 -307.9700
7.8966537999e-001 -2.9139102477e+000 -1.2442542152e+001
185 147 150
2 32 678 70.3800 -256.0400 35 338 31.7700 -240.2100
2.8586203301e+000 -2.9346710061e+000 -1.0048148824e+001
112 50 36
2 32 1120 310.3900 -318.2700 35 1070 255.8800 -336.2000
1.8482291244e+000 -9.3313919207e-001 -9.1011986587e+000
188 179 172
2 32 1191 221.3500 -111.9400 35 1157 192.5800 -145.7300
-3.5408502112e+000 -7.6061316105e-001 -7.8636228502e+000
105 53 51
2 32 1182 -488.2800 -105.5200 35 1133 -498.7000 -96.9100
2.5119711075e+000 -2.6147415641e+000 -1.0189216554e+001
84 47 21
2 32 1249 270.0100 -279.8000 35 1053 220.0900 -296.0800
1.1195521774e+000 -3.4999923692e+000 -1.2174720692e+001
213 161 127
2 32 1270 101.7700 -314.1200 35 1189 56.1500 -299.0000
2.4331200747e-001 1.1932922038e+000 -1.0550461511e+001
230 227 218
2 32 1301 25.2600 123.8300 35 1230 23.6000 116.8900
2.1766110865e+000 1.8739681544e-001 -9.2718967104e+000
212 209 195
2 32 1413 255.7800 22.0000 35 1350 240.4900 -17.7500
-1.8350291913e+000 -3.5426839324e-001 -8.6165333927e+000
180 76 39
2 32 1312 -232.0800 -45.1700 35 1244 -243.6000 -49.1700
-8.2861521521e-001 -9.8925375094e-001 -8.6411867465e+000
136 124 111
2 32 1349 -104.6700 -125.0700 35 1277 -124.5400 -136.8500
-3.0691851659e+000 -1.0140584384e+000 -7.9186505203e+000
193 113 70
2 32 1342 -420.8200 -139.5600 35 1269 -434.1200 -134.6800
1.4288058300e-001 -1.2457942409e+000 -9.3119650530e+000
174 168 162
2 32 842 16.6900 -146.1300 35 1021 -8.6600 -158.7000
-8.6525398522e-001 -2.9241741867e-001 -9.4648950734e+000
49 34 30
2 32 1421 -99.2500 -33.7900 35 1444 -113.7000 -38.9100
-2.1884134169e+000 -4.7928703159e-001 -8.7332778293e+000
133 45 26
2 32 1427 -272.6500 -60.0900 35 1451 -285.4100 -58.6100
-1.6946977585e-001 -4.0318115033e-001 -9.2811520153e+000
134 127 119
2 32 1422 -19.9400 -47.5600 35 1361 -35.9400 -61.2500
-1.6946977585e-001 -4.0318115033e-001 -9.2811520153e+000
134 127 119
2 32 1423 -19.9400 -47.5600 35 1362 -35.9400 -61.2500
2.7372770298e+000 2.7146089592e+000 -9.3674000968e+000
221 213 202
2 32 1548 318.5100 315.9800 35 1495 334.1800 269.8900
-3.6661443272e-001 -8.7262593281e-002 -9.2937530424e+000
197 195 187
2 32 1500 -43.3400 -10.4400 35 1435 -55.1800 -22.9600
2.4715433209e+000 -4.6337000340e-001 -8.8645688690e+000
240 236 227
2 32 1596 304.0000 -57.0500 35 1536 277.4600 -103.2600
-2.3246766491e+000 -4.5591449536e-001 -8.7362684070e+000
153 78 50
2 32 1590 -289.5200 -57.1600 35 1521 -301.8300 -54.2500
2.2745960987e+000 -2.3831380375e+000 -9.9510703903e+000
91 37 32
2 32 1533 249.7200 -261.2200 35 1486 203.9500 -279.4100
-1.1591749691e+000 1.7020713445e+000 -1.2992230377e+001
248 243 236
2 32 1568 -96.5500 144.1500 35 1501 -98.6000 167.8600
-8.0957540546e-001 -1.8692906923e-001 -9.5098931410e+000
142 127 120
2 32 1583 -92.8300 -21.5800 35 1523 -105.5500 -26.9900
-1.9494332886e+000 -7.0688611417e-001 -8.7802979827e+000
51 12 17
2 32 1667 -242.6900 -88.1700 35 1597 -255.6400 -87.6100
3.3620386499e+000 -2.1515487745e+000 -9.1388417262e+000
198 138 86
2 32 1535 400.1899 -256.2400 35 1302 347.9700 -295.4200
2.1293266889e+000 3.7403451528e-001 -9.4958420856e+000
230 228 216
2 32 1654 244.8000 43.0400 35 1584 231.3600 6.3300
3.4052828889e+000 9.0476818073e-001 -7.8955952509e+000
186 170 119
2 32 1706 467.2800 124.1400 35 1575 457.9000 43.6900
3.3869811474e+000 5.6584346114e-001 -8.0352277986e+000
120 104 88
2 32 1707 457.3300 76.2800 35 1586 441.7500 0.2200
3.3869811474e+000 5.6584346114e-001 -8.0352277986e+000
120 104 88
2 32 1708 457.3300 76.2800 35 1587 441.7500 0.2200
2.4352539448e+000 2.0887713942e-001 -9.0142068773e+000
140 126 86
2 32 1710 294.4100 25.2100 35 1585 277.8700 -21.2100
1.2465121559e+000 -6.8005885652e-001 -9.2001318953e+000
81 70 50
2 32 1765 147.1100 -80.8600 35 1714 125.1400 -108.5300
-3.6826813776e+000 -9.0168206936e-001 -7.9378488932e+000
73 25 23
2 32 1724 -502.7000 -123.7000 35 1650 -514.4000 -112.0800
2.9439387383e+000 2.0784395567e+000 -8.5214741854e+000
162 148 136
2 32 1785 375.6300 265.3100 35 1704 384.5800 201.7200
4.0082371517e+000 1.3652970027e+000 -7.6963443923e+000
120 86 74
2 32 1751 562.4500 191.7700 35 1675 559.3600 98.1600
-3.4796792410e+000 -1.1061361171e+000 -7.8936868120e+000
235 131 85
2 32 1801 -477.5000 -152.4100 35 1716 -491.4400 -142.6900
-5.5671598067e-002 4.3985449878e-001 -9.9203177892e+000
159 151 140
2 32 1836 -6.3100 48.4100 35 1744 -13.9400 38.5800
8.6750574157e-001 -3.2762037544e+000 -1.2074288664e+001
209 164 142
2 32 1830 79.1400 -296.5900 35 1741 37.2900 -281.4100
4.2588682804e-002 1.3596713653e+000 -1.0835722455e+001
214 210 202
2 32 32 4.6500 137.4900 35 31 3.7500 135.1000
-3.4789154640e+000 -5.5213063871e-001 -7.7971640278e+000
105 58 47
2 32 522 -483.2800 -77.3700 35 974 -493.4800 -71.2800
-4.2237264168e-001 2.9533529851e+000 -1.3039009597e+001
219 213 199
2 32 443 -34.8100 248.8100 35 433 -26.5300 268.7100
1.7032551241e+000 -1.4807237385e-001 -9.2887741845e+000
190 177 133
2 32 494 200.4200 -17.4000 35 769 181.1700 -50.9900
-6.1550542290e-001 -4.2469188831e-001 -9.3845573832e+000
92 78 49
2 32 134 -71.6800 -49.5600 35 543 -86.6200 -57.4800
4.1370862691e+000 -1.2945032806e+000 -8.4678683835e+000
191 131 101
2 32 261 530.0000 -166.0400 35 351 481.0800 -230.2200
1.8032867102e+000 -3.3813331272e+000 -1.1350803955e+001
199 131 70
2 32 725 174.2900 -325.2600 35 684 125.3300 -320.9200
4.2970012830e+000 1.1606650068e+000 -7.5841815747e+000
199 152 144
2 32 972 611.9399 165.2300 35 954 601.7900 65.7300
-1.5314966925e+000 -2.4440039986e-001 -8.5163807280e+000
166 84 54
2 32 504 -196.1200 -31.6700 35 508 -206.9300 -40.5600
-2.5397646347e+000 -7.4698461530e-001 -8.5365673916e+000
142 77 57
2 32 1029 -323.9300 -95.6600 35 999 -337.0800 -91.3200
-2.5243357110e+000 -7.2671344299e-001 -8.5845559987e+000
101 28 13
2 32 825 -320.5500 -92.6200 35 975 -332.9200 -87.9300
-3.0544349690e+000 -1.5769124449e+000 -8.4159814247e+000
122 44 21
2 32 885 -394.1700 -203.9100 35 616 -412.6500 -191.0600
2.2002402173e+000 -2.3791518386e+000 -9.9232738513e+000
128 107 63
2 32 921 242.0100 -261.5500 35 875 197.0200 -279.3600
9.4403067877e-001 -3.1163819506e+000 -1.2293849372e+001
210 148 87
2 32 683 84.9200 -277.1000 35 658 43.9200 -262.1700
1.1155555844e+000 -3.1477157369e+000 -1.2125371082e+001
218 177 163
2 32 936 101.5300 -283.7300 35 660 59.3100 -270.8500
1.5228987543e+000 -3.4960207333e+000 -1.1661298536e+001
187 104 63
2 32 951 143.4800 -327.4500 35 894 95.7000 -318.2300
3.8478844731e+000 1.7817266879e+000 -7.5278562337e+000
204 186 148
2 32 963 552.2600 255.8200 35 933 556.3300 159.3700
1.3568634096e+000 -3.1295740043e-001 -9.3969751574e+000
181 166 126
2 32 1000 157.5900 -36.4100 35 984 138.3200 -64.3700
-4.1407334013e-001 -1.0046081636e+000 -8.9867046654e+000
164 157 148
2 32 1044 -50.6700 -122.1900 35 1014 -71.3100 -134.0800
4.1309409349e+000 -1.3492514971e+000 -8.5394709622e+000
195 124 88
2 32 1227 524.8000 -171.6400 35 1179 475.7200 -234.0700
2.4791385234e+000 -2.5970043690e+000 -9.7150209242e+000
83 52 25
2 32 1105 278.3400 -291.3900 35 1057 228.3600 -312.1000
1.7280846608e+000 -3.5025807845e+000 -1.1387734282e+001
233 178 110
2 32 1119 166.5800 -335.8100 35 1069 116.8200 -329.8300
2.8671720799e+000 -3.0733287012e+000 -1.0067772161e+001
103 46 36
2 32 1275 310.8800 -332.5800 35 1211 254.4100 -349.2600
3.5851816241e+000 2.2724521836e+000 -8.1168724358e+000
227 214 199
2 32 1127 477.2900 303.4400 35 922 492.1600 224.2600
-1.5663446566e+000 3.1695250011e+000 -1.4231183318e+001
216 206 196
2 32 1287 -119.9800 244.8800 35 1214 -113.0000 280.1500
4.4881573922e-001 1.7475982423e+000 -1.1025814316e+001
237 233 225
2 32 1295 43.4700 173.5100 35 1416 48.5500 169.5200
-1.1666078511e+000 1.9882176666e+000 -1.3224705873e+001
234 230 220
2 32 971 -96.1300 165.3000 35 1086 -95.1100 190.7700
-1.0236799112e+000 1.8886490853e+000 -1.3042195158e+001
211 208 199
2 32 1141 -85.1100 159.2600 35 1219 -85.2500 182.4100
-8.9901671685e-001 1.8995435671e+000 -1.2923321854e+001
217 214 207
2 32 1142 -76.0300 161.5200 35 1087 -74.5200 183.1500
2.7515067181e+000 1.0582972107e+000 -8.4544890073e+000
230 227 213
2 32 1148 353.2000 136.0600 35 941 349.1100 74.2900
2.5589377245e+000 5.0226244314e-001 -8.6659265555e+000
214 198 139
2 32 1157 321.4800 63.0400 35 1108 308.2900 8.5800
6.4726707313e-001 -5.0007275622e-001 -9.5145767280e+000
144 141 130
2 32 1180 74.1300 -57.4800 35 1125 55.3100 -76.1800
-1.7521100877e+000 -8.4224515429e-001 -8.3539068001e+000
40 29 35
2 32 1186 -228.5400 -110.1800 35 1135 -244.1700 -116.1200
-3.5222810896e+000 -1.1754293428e+000 -7.9344679228e+000
255 169 119
2 32 1218 -481.3700 -161.1700 35 1139 -494.6600 -149.9900
2.8722101123e+000 -2.6864369064e+000 -1.0118500301e+001
121 56 40
2 32 1108 310.0900 -289.4000 35 1060 258.1600 -308.8100
1.3385118686e+000 -3.0896529959e+000 -1.1527934679e+001
214 74 74
2 32 1259 128.9500 -292.6100 35 1190 82.4500 -285.7000
2.7928664204e+000 -2.8124976619e+000 -1.0187829315e+001
120 47 43
2 32 1265 299.2500 -300.9700 35 1208 247.2000 -318.0100
1.1456489266e+000 6.6203094771e-001 -9.8615743415e+000
163 157 145
2 32 1304 126.8800 73.4000 35 1233 119.2500 50.6500
-2.0121002021e+000 1.2393586141e+000 -1.4761589779e+001
220 211 202
2 32 1303 -149.0200 92.6800 35 1326 -154.1000 131.2200
1.9191685324e+000 -8.2337093344e-001 -9.0440393164e+000
197 188 179
2 32 1335 231.3800 -99.3900 35 1278 203.3200 -135.3200
-1.6987731180e-001 -1.9490485719e+000 -1.0669695448e+001
197 190 182
2 32 1239 -17.2000 -199.6000 35 1030 -46.6300 -192.9800
1.6288739627e+000 -3.0953154840e+000 -1.1342284203e+001
226 173 102
2 32 1261 157.3800 -298.0900 35 1192 112.3400 -294.3300
1.6288739627e+000 -3.0953154840e+000 -1.1342284203e+001
226 173 102
2 32 1260 157.3800 -298.0900 35 1191 112.3400 -294.3300
1.2638067334e+000 -3.4359984492e+000 -1.1878649074e+001
191 87 74
2 32 1387 116.8900 -316.0700 35 1300 71.7100 -303.9700
-1.1865170540e+000 2.0418204334e+000 -1.3070816129e+001
235 231 220
2 32 1399 -99.5500 171.6000 35 1319 -96.7400 196.5600
-1.7183035416e+000 -3.1542942266e-001 -8.5732210751e+000
148 61 37
2 32 1420 -218.0900 -40.4100 35 1245 -230.1400 -46.4200
5.9792123682e-001 -2.3391564501e+000 -1.1688793473e+001
243 208 162
2 32 1529 57.4500 -218.6100 35 1382 21.4200 -209.0600
2.2684435361e+000 3.4752057614e-001 -9.3390112536e+000
169 158 140
2 32 1574 264.5500 40.5600 35 1516 251.3400 0.3600
1.5021565540e+000 1.3404493206e-002 -9.6407476104e+000
206 201 195
2 32 1504 170.0900 1.5200 35 1447 154.4200 -25.9100
1.5021565540e+000 1.3404493206e-002 -9.6407476104e+000
206 201 195
2 32 1503 170.0900 1.5200 35 1446 154.4200 -25.9100
1.5638984233e+000 -1.1740309366e-001 -9.3535530258e+000
138 131 111
2 32 1506 182.6400 -13.7200 35 1449 164.6000 -45.1100
-2.4939534707e+000 -1.3871584665e+000 -8.9360860223e+000
115 34 20
2 32 1520 -304.1400 -169.3500 35 1467 -322.3600 -158.5700
1.0467310684e+000 -3.1871609932e+000 -1.2458014329e+001
219 194 141
2 32 1532 92.8700 -279.6800 35 1481 51.3000 -264.1700
2.0159366492e+000 1.9812178013e+000 -9.4105221927e+000
195 188 180
2 32 1559 233.9200 229.8400 35 1503 240.4200 191.2900
-8.9040711117e-001 2.7310301020e+000 -1.3093685526e+001
178 170 159
2 32 1556 -74.4900 229.0400 35 1556 -66.9100 252.7400
1.3873854821e+000 1.6641354992e+000 -9.7804619448e+000
239 236 231
2 32 1563 155.0800 185.9700 35 1507 157.9400 158.9500
2.6804455478e+000 8.5329260580e-001 -8.8012971291e+000
233 227 215
2 32 1488 330.5800 105.4600 35 1427 324.1500 51.1600
3.8956278049e-001 9.3841431818e-001 -9.9911749867e+000
189 182 172
2 32 1573 42.5500 102.6800 35 1510 38.9500 88.5700
-1.2008748734e+000 3.3733527441e-001 -1.0133315658e+001
106 53 46
2 32 1577 -129.8300 36.2700 35 1512 -136.7200 39.9300
-8.9011060639e-001 2.9843757374e-001 -9.7034931596e+000
138 79 58
2 32 1578 -100.4700 33.4400 35 1513 -107.9000 29.8600
-8.9011060639e-001 2.9843757374e-001 -9.7034931596e+000
138 79 58
2 32 1579 -100.4700 33.4400 35 1514 -107.9000 29.8600
-5.2046084831e-001 -2.1374236918e-002 -9.2020088151e+000
159 152 146
2 32 1585 -61.6700 -2.7000 35 1434 -73.2100 -14.9700
-2.3246766491e+000 -4.5591449536e-001 -8.7362684070e+000
153 78 50
2 32 1591 -289.5200 -57.1600 35 1520 -301.8300 -54.2500
-5.3421484250e-001 -4.8750881881e-001 -9.2676875438e+000
73 63 41
2 32 1593 -62.1700 -57.4600 35 1525 -79.6000 -67.4600
-1.9494332886e+000 -7.0688611417e-001 -8.7802979827e+000
51 12 17
2 32 1666 -242.6900 -88.1700 35 1596 -255.6400 -87.6100
-4.4544669887e-001 -8.9709359842e-001 -9.1273800466e+000
157 145 137
2 32 1598 -53.1800 -107.4000 35 1533 -73.5300 -118.0000
-1.0710187070e+000 -9.7838276011e-001 -8.3760695196e+000
170 160 148
2 32 1605 -139.6600 -127.6200 35 1540 -158.2600 -140.0300
-1.0710187070e+000 -9.7838276011e-001 -8.3760695196e+000
170 160 148
2 32 1604 -139.6600 -127.6200 35 1539 -158.2600 -140.0300
2.9098222307e+000 -2.8528782357e+000 -1.0077176203e+001
153 115 60
2 32 1623 315.1200 -308.5300 35 1550 261.3100 -327.3000
2.3548248648e+000 2.3453547488e+000 -9.4256450318e+000
185 178 164
2 32 1632 272.2300 271.4900 35 1560 283.8500 229.9100
2.3978297850e+000 2.1032667499e+000 -8.8602686857e+000
241 234 226
2 32 1638 294.5100 258.6100 35 1630 304.2900 207.4200
1.3278130375e+000 2.3307841291e+000 -1.1095621723e+001
243 239 227
2 32 1700 130.3400 230.0600 35 1664 139.6200 219.0100
4.3096796630e+000 1.3241753896e+000 -7.7165880300e+000
221 199 186
2 32 1645 603.5200 185.4300 35 1574 596.5100 88.6300
1.5200497791e-002 1.2504030413e+000 -1.0812403080e+001
191 183 171
2 32 1646 2.4400 126.8000 35 1572 -0.5200 124.3400
-3.2974666376e-001 1.9154016246e-001 -9.2519175296e+000
156 149 143
2 32 1657 -39.2800 22.3900 35 1582 -48.2200 8.2700
3.0004304204e+000 -4.8647732198e-001 -8.1423040273e+000
218 211 201
2 32 1665 401.3101 -65.1000 35 1654 368.5600 -129.2400
-1.6092717140e+000 -7.2263520321e-001 -8.5825084476e+000
161 138 122
2 32 1668 -204.7300 -92.1400 35 1652 -219.2100 -97.4600
-4.1483830515e+000 -9.2171507180e-001 -8.1243541328e+000
223 191 120
2 32 1672 -553.4100 -123.5500 35 1527 -563.4700 -104.4200
-2.2901417254e+000 -1.1606821910e+000 -8.7724718301e+000
126 51 30
2 32 1676 -283.6400 -144.2800 35 1602 -302.3600 -138.5500
7.8566755244e-001 3.5542509372e-001 -9.6540067515e+000
132 125 115
2 32 1709 89.2100 40.2500 35 1578 78.2700 19.0900
-6.3550038031e-001 2.6774138619e-001 -9.5559770087e+000
215 210 205
2 32 1760 -72.8200 30.4500 35 1678 -80.9900 22.7600
1.4669395753e+000 -2.5921935790e-001 -9.5603412555e+000
181 172 132
2 32 1717 168.4300 -29.5000 35 1647 147.7400 -56.8200
1.2305510128e+000 1.8861518528e+000 -1.0321103197e+001
188 180 169
2 32 1749 130.1100 199.9200 35 1701 135.4500 181.1400
2.9961897406e+000 9.1744002451e-001 -8.5002168389e+000
254 251 202
2 32 1757 382.3500 117.2600 35 1676 375.8200 53.9000
-2.1871577561e+000 2.1147889592e+000 -1.4537925311e+001
226 91 94
2 32 1752 -163.9300 160.2200 35 1666 -164.9200 199.5400
-1.7572601658e+000 -1.7614564383e+000 -9.0586960563e+000
233 189 142
2 32 1770 -212.3200 -212.2400 35 1655 -234.2800 -205.4600
3.2014455364e+000 -2.4687524370e+000 -9.4466631225e+000
229 197 140
2 32 1777 367.9300 -284.6800 35 1662 316.3700 -315.7300
1.3950672673e+000 3.0200654862e+000 -1.0459955472e+001
220 212 201
2 32 1781 146.3000 315.8100 35 1697 161.8700 298.6100
1.3950672673e+000 3.0200654862e+000 -1.0459955472e+001
220 212 201
2 32 1780 146.3000 315.8100 35 1696 161.8700 298.6100
1.6273916882e+000 1.6708275159e+000 -9.9861834688e+000
241 237 228
2 32 1787 179.4500 183.1400 35 1706 179.2800 156.0700
-5.1183775124e-001 -1.6001062709e-001 -9.6834060014e+000
161 154 149
2 32 1816 -59.3800 -18.3900 35 1745 -68.8800 -24.6000
1.8896284509e+000 2.7398153065e+000 -1.0115369709e+001
243 237 225
2 32 1831 205.1900 296.1800 35 1743 217.3100 269.2300
-1.1786369942e+000 -8.8352406669e-001 -8.6621637465e+000
162 148 135
2 32 1837 -148.9800 -111.5600 35 1746 -165.6500 -119.7800
-1.4869236970e-002 -2.4396496693e+000 -1.1244916855e+001
245 238 230
2 32 1828 -1.3400 -237.1400 35 1737 -34.2600 -225.0100
1.8736447713e+000 8.8823586771e-001 -1.0395368673e+001
224 220 209
2 32 1845 198.5200 93.8000 35 1759 188.7900 69.7900
3.5222085487e+000 2.0771714849e+000 -7.9190789064e+000
175 160 106
2 32 5 481.5400 284.2600 35 14 491.5200 201.2700
-3.0597966579e-001 8.8752636199e-001 -1.0552826030e+001
234 231 221
2 32 48 -31.6300 92.0700 35 452 -35.7200 90.4800
-4.6178625077e-001 6.2639185844e-001 -1.0117934874e+001
168 161 151
2 32 72 -49.6900 67.6900 35 949 -55.8900 63.5500
2.4982863698e+000 5.5307349439e-001 -9.3490890367e+000
230 219 201
2 32 75 291.7800 64.6200 35 79 279.0500 21.5300
2.5305775708e+000 5.3463520815e-001 -8.6721535154e+000
170 152 104
2 32 79 317.8900 67.0900 35 82 304.8700 12.9200
2.4352724423e+000 4.0247359580e-001 -8.8221720065e+000
201 185 133
2 32 81 300.5900 49.6300 35 98 286.6900 -0.5200
-5.9289742582e-001 -4.0005699861e-001 -9.5155025144e+000
79 66 49
2 32 133 -67.2600 -45.9100 35 131 -83.7400 -52.9100
-4.0362531316e+000 -7.9881391622e-001 -8.0582246588e+000
236 209 142
2 32 183 -542.5200 -108.0000 35 199 -552.9300 -91.4600
-1.7397334356e+000 -8.7636691204e-001 -8.3533903986e+000
128 87 75
2 32 190 -226.8800 -114.6200 35 218 -242.9700 -120.5500
-2.6949220418e+000 -9.9205259230e-001 -8.2638750715e+000
130 111 105
2 32 212 -354.6600 -130.9800 35 244 -369.1800 -126.7300
-2.8042440698e+000 -1.1067960221e+000 -8.2072853305e+000
144 128 131
2 32 214 -371.5200 -147.0400 35 243 -386.4100 -141.5600
-3.7652222147e+000 -1.3313713247e+000 -7.9786477070e+000
113 42 41
2 32 232 -511.3300 -181.3200 35 253 -525.0600 -166.0300
4.0103676523e+000 -1.3042675982e+000 -8.7377414877e+000
165 127 104
2 32 253 498.6000 -162.2700 35 341 451.8700 -220.6100
4.0103676523e+000 -1.3042675982e+000 -8.7377414877e+000
165 127 104
2 32 254 498.6000 -162.2700 35 342 451.8700 -220.6100
-3.8443622008e+000 -1.5604174268e+000 -8.4122501106e+000
112 70 63
2 32 274 -494.9600 -201.4600 35 254 -512.0800 -180.3700
-3.8443622008e+000 -1.5604174268e+000 -8.4122501106e+000
112 70 63
2 32 275 -494.9600 -201.4600 35 255 -512.0800 -180.3700
-2.0770252807e+000 -1.9530005381e+000 -9.2770782053e+000
145 96 67
2 32 324 -243.7100 -229.5200 35 326 -268.5000 -216.8700
-2.0770252807e+000 -1.9530005381e+000 -9.2770782053e+000
145 96 67
2 32 325 -243.7100 -229.5200 35 327 -268.5000 -216.8700
1.0980893242e+000 -3.0975652017e+000 -1.2126957660e+001
157 92 82
2 32 354 99.8700 -279.1900 35 372 58.2800 -266.4400
3.3860294495e+000 -2.5210333196e+000 -9.4265242413e+000
197 100 84
2 32 395 391.3700 -291.0300 35 414 334.8400 -323.7100
1.6639556514e+000 -3.4831970071e+000 -1.1494592679e+001
217 160 87
2 32 411 158.9800 -330.9000 35 408 110.0400 -323.8800
1.4599222581e+000 3.0672081334e+000 -1.0762157887e+001
213 205 192
2 32 433 148.5200 311.8700 35 3 164.4300 297.4000
4.1370568282e+000 2.1620126837e+000 -7.1695308974e+000
167 149 101
2 32 435 620.5300 324.5800 35 15 632.3101 214.6200
-6.9799009638e-001 3.4392913467e+000 -1.3387406063e+001
223 217 205
2 32 436 -56.1500 282.2300 35 710 -45.7500 307.3100
-6.9799009638e-001 3.4392913467e+000 -1.3387406063e+001
223 217 205
2 32 437 -56.1500 282.2300 35 711 -45.7500 307.3100
-5.5614173156e-001 3.5003998638e+000 -1.3286217149e+001
227 223 211
2 32 438 -45.3500 289.3200 35 432 -33.2500 312.9700
4.1509033790e+000 9.8640000420e-001 -7.7298037084e+000
214 196 182
2 32 459 580.6400 137.9300 35 473 568.5300 44.3800
8.9749199594e-001 1.1228076475e+000 -9.9889045745e+000
176 170 157
2 32 461 98.3900 122.9500 35 446 95.5200 103.5800
2.7685414851e+000 8.5830274120e-001 -8.3932705512e+000
200 182 120
2 32 463 358.9300 111.2000 35 470 349.7900 48.4200
2.4707420444e+000 5.7862131989e-001 -9.3867903884e+000
187 169 149
2 32 469 287.1800 67.3100 35 479 275.3900 25.0300
-1.0954681493e+000 3.4800203211e-001 -1.0057932382e+001
149 129 115
2 32 477 -119.1100 37.7300 35 460 -126.4400 39.5900
1.6603469490e+000 -1.6821924420e-001 -9.3055122126e+000
202 188 147
2 32 492 194.9800 -19.7400 35 515 175.7600 -52.5800
-4.0482548566e+000 -6.1641963566e-001 -8.0002435122e+000
248 220 155
2 32 517 -547.9700 -84.1100 35 527 -557.2400 -68.7000
-3.5738089458e+000 -4.7752578459e-001 -7.8903882593e+000
101 76 50
2 32 519 -491.1800 -66.3100 35 534 -499.8300 -58.1400
-3.9883450426e-001 -5.7204493237e-001 -9.3603347214e+000
78 67 49
2 32 538 -46.6400 -66.8700 35 546 -63.4400 -76.6800
4.5382908611e-001 -6.4113573812e-001 -9.4442963962e+000
104 95 74
2 32 541 52.9200 -74.1400 35 824 31.8900 -91.3000
-3.9742740285e+000 -7.4145759984e-001 -7.9841151311e+000
237 208 150
2 32 547 -538.9500 -101.2000 35 528 -549.3500 -86.4000
-4.0060206382e+000 -8.6862745875e-001 -8.0735251462e+000
147 117 65
2 32 551 -537.4500 -117.1500 35 556 -548.4400 -100.5400
-3.9728829503e+000 -8.6874580970e-001 -8.0596690288e+000
241 212 156
2 32 552 -533.8800 -117.3600 35 200 -545.0500 -101.2900
-4.7439901957e-001 -9.9642557212e-001 -9.0328132496e+000
136 125 114
2 32 565 -57.4200 -120.5400 35 246 -78.3200 -131.3900
-2.9081533507e+000 -9.7943027166e-001 -8.0212750705e+000
100 47 29
2 32 571 -394.3400 -133.2300 35 235 -407.0500 -129.1300
-2.8800777739e+000 -1.0668984286e+000 -8.2075669921e+000
68 34 20
2 32 575 -381.3500 -141.7200 35 582 -396.0700 -135.6400
-3.9992661821e+000 -1.1958906589e+000 -8.1373143986e+000
123 65 62
2 32 599 -532.3100 -159.7300 35 825 -545.3600 -141.0900
-3.8592475197e+000 -1.1728428810e+000 -8.0649852223e+000
93 35 34
2 32 601 -518.2700 -158.0800 35 580 -531.6100 -141.8600
4.1568121589e+000 -1.3322427941e+000 -8.4828105089e+000
230 178 152
2 32 617 531.5300 -170.5700 35 355 482.0601 -234.3700
4.1568121589e+000 -1.3322427941e+000 -8.4828105089e+000
230 178 152
2 32 618 531.5300 -170.5700 35 356 482.0601 -234.3700
-2.2688199429e+000 -1.7018940623e+000 -9.1799843046e+000
177 72 31
2 32 636 -268.6400 -202.0800 35 619 -291.6700 -189.9500
9.4602943613e-001 -3.0234946934e+000 -1.2284128243e+001
204 185 181
2 32 682 85.0200 -269.0800 35 368 45.0400 -254.6900
1.8045699045e+000 -3.5297516092e+000 -1.1377371946e+001
202 117 66
2 32 726 174.1400 -338.6900 35 901 123.6000 -333.1800
-8.3452866759e-001 4.1989717115e-001 -9.7164292012e+000
207 199 189
2 32 756 -93.7500 47.1100 35 461 -100.8500 42.8300
-2.3108620175e-001 6.2437984398e-001 -9.9847115837e+000
192 184 174
2 32 758 -25.1400 68.3500 35 1100 -31.4600 60.5900
-6.8780485627e-001 -1.1582147365e-001 -9.5341448646e+000
147 138 128
2 32 776 -78.2500 -13.3100 35 754 -91.3700 -19.9700
-3.6314387130e+000 -5.9945119399e-001 -7.9217875978e+000
82 42 22
2 32 796 -497.0200 -82.7000 35 781 -506.5200 -73.0700
-3.9540231932e+000 -7.3206925248e-001 -8.0042186716e+000
152 121 74
2 32 814 -535.0100 -99.7000 35 529 -545.2800 -84.9500
-2.8861023869e+000 -6.8255122367e-001 -7.8601835233e+000
131 75 66
2 32 821 -399.1000 -94.9500 35 807 -409.7500 -94.4300
-2.5973508521e+000 -7.8528120346e-001 -8.3151164864e+000
124 57 41
2 32 824 -339.9900 -103.2100 35 812 -352.9000 -100.4200
-2.8610811863e+000 -1.0014583878e+000 -8.0824825055e+000
129 91 72
2 32 831 -384.3400 -135.0600 35 830 -399.0000 -130.9500
-3.9012043172e+000 -1.3018948932e+000 -8.1951490417e+000
91 22 22
2 32 854 -515.9500 -172.6800 35 603 -529.6700 -154.0300
-3.4388644049e+000 -1.3128140661e+000 -8.0038254920e+000
171 82 61
2 32 855 -466.2700 -178.4400 35 841 -480.3600 -166.6800
-3.4376219385e+000 -1.4826551619e+000 -8.1250273408e+000
186 88 56
2 32 880 -458.8300 -198.3700 35 843 -475.0900 -184.5800
-2.2824671216e-001 -1.9954430360e+000 -1.0715930752e+001
241 236 230
2 32 896 -23.7200 -203.5700 35 626 -51.9900 -195.7200
3.8256694919e+000 -1.9674798470e+000 -8.9197100855e+000
158 103 64
2 32 914 465.9700 -239.8000 35 886 411.9900 -287.9700
3.3588610756e+000 -2.3209580005e+000 -9.1487370385e+000
205 121 83
2 32 927 399.6300 -276.0200 35 1209 344.5600 -313.5800
1.8176836917e+000 -3.3688649485e+000 -1.1449695123e+001
237 191 114
2 32 952 174.6900 -321.2300 35 682 125.1100 -316.5100
3.8478844731e+000 1.7817266879e+000 -7.5278562337e+000
204 186 148
2 32 964 552.2600 255.8200 35 932 556.3300 159.3700
-3.3981733245e-001 2.4653449282e+000 -1.2537763938e+001
229 223 211
2 32 966 -29.7100 215.8400 35 1217 -22.8800 231.2200
2.4741364190e+000 5.7103687217e-001 -9.3801258482e+000
193 180 157
2 32 980 287.7500 66.4700 35 955 275.9000 24.0800
-2.1188648116e+000 -6.0315781754e-001 -8.6929198281e+000
137 56 27
2 32 1007 -265.7800 -75.9800 35 977 -278.4700 -75.0800
-2.0511862904e+000 -5.9861535653e-001 -8.6355350914e+000
175 91 56
2 32 1009 -258.8000 -75.8800 35 978 -271.9500 -76.4100
-3.8003577599e+000 -7.4255615244e-001 -7.9980876203e+000
192 164 102
2 32 1021 -514.9100 -101.2400 35 991 -525.3700 -88.2900
-2.8115025183e+000 -7.3043449744e-001 -7.8994991349e+000
112 61 54
2 32 1027 -386.8200 -101.0400 35 808 -398.3200 -100.7600
-3.7983396991e+000 -9.4011005941e-001 -7.9343656327e+000
131 73 68
2 32 1035 -518.1500 -128.8900 35 993 -530.5700 -115.8900
-2.9558059310e+000 -8.8505899319e-001 -7.9912107059e+000
85 25 15
2 32 1039 -401.7300 -120.8200 35 996 -414.6400 -117.1300
2.4791385234e+000 -2.5970043690e+000 -9.7150209242e+000
83 52 25
2 32 1106 278.3400 -291.3900 35 1058 228.3600 -312.1000
1.6713390980e+000 -3.5435736210e+000 -1.1527018348e+001
171 86 70
2 32 1114 158.9700 -335.7200 35 1066 110.1100 -328.0900
1.8753786579e+000 -3.2910200703e+000 -1.1188558983e+001
237 197 116
2 32 1117 183.7900 -321.1200 35 902 134.8100 -319.0700
2.1501101939e+000 2.4320011469e+000 -9.9833307637e+000
243 237 225
2 32 1130 235.8500 266.3000 35 1215 245.5300 234.5600
1.8619505642e+000 2.1148893462e+000 -9.6075174440e+000
166 157 145
2 32 1134 211.4300 240.3900 35 1085 219.9400 206.4100
-1.5284397140e-001 1.6206509731e+000 -1.1169010120e+001
213 209 200
2 32 1143 -14.9100 159.0100 35 1226 -13.2300 161.5300
-9.3049512099e-001 3.5925373347e-001 -9.6851711994e+000
146 75 55
2 32 1154 -104.9800 40.3900 35 1105 -112.2600 36.8700
-1.4970033815e+000 -1.6726045392e-001 -8.4627990043e+000
202 107 59
2 32 1163 -193.0400 -21.9700 35 968 -202.9000 -32.1300
-1.2403901715e+000 -6.5715787833e-002 -8.5624405360e+000
119 52 36
2 32 1164 -158.9900 -8.8900 35 1109 -166.8800 -20.8000
1.5960808517e+000 -2.1062080289e-001 -9.4010597620e+000
203 190 147
2 32 1169 184.9500 -24.5400 35 768 166.8100 -55.1800
-1.8654930743e-001 -5.5935978222e-001 -9.3719280494e+000
133 125 116
2 32 1177 -21.7800 -65.2900 35 1123 -39.1700 -77.1600
2.8641014075e-001 -6.0526868059e-001 -9.5424673003e+000
107 99 88
2 32 1179 32.5200 -69.3800 35 982 13.8800 -83.7700
9.3234302780e-001 -9.0176267596e-001 -9.0799567569e+000
232 229 220
2 32 1188 111.8200 -108.5100 35 1154 87.1900 -133.5300
-4.0098517905e+000 -9.7748188895e-001 -8.0809480568e+000
74 20 22
2 32 1197 -537.0700 -131.5400 35 1131 -549.4300 -114.4600
-3.4460683033e+000 -9.5040215836e-001 -7.9187303787e+000
229 130 74
2 32 1198 -472.2100 -130.7900 35 1137 -483.8700 -121.7800
-3.4460683033e+000 -9.5040215836e-001 -7.9187303787e+000
229 130 74
2 32 1199 -472.2100 -130.7900 35 1138 -483.8700 -121.7800
-2.8242800584e+000 -1.0174665614e+000 -8.2272849683e+000
30 23 25
2 32 1204 -373.1600 -134.8800 35 1142 -387.6200 -129.4600
-3.5637573274e+000 -1.2243025011e+000 -7.9516394217e+000
229 118 74
2 32 1219 -485.7700 -167.4300 35 1160 -499.6300 -155.3800
-7.5116771125e-001 -1.4196662749e+000 -8.8501158832e+000
137 127 115
2 32 1224 -92.5700 -175.0900 35 1166 -116.9700 -182.8400
1.4428095564e+000 -3.7278142340e+000 -1.1975492670e+001
225 149 91
2 32 1274 132.7300 -340.0200 35 1206 83.7400 -326.8900
3.4916934331e+000 1.9997869193e+000 -7.8826006355e+000
216 199 141
2 32 1286 479.6801 274.9400 35 1225 488.3000 191.4800
-9.6786052964e-001 1.7959495783e+000 -1.2993940207e+001
251 247 244
2 32 1297 -80.9300 151.9900 35 1220 -81.2400 174.3900
4.5870065282e-001 1.4912475638e+000 -1.0337519382e+001
237 234 228
2 32 1298 47.6200 157.7100 35 1325 50.7900 146.6600
4.5870065282e-001 1.4912475638e+000 -1.0337519382e+001
237 234 228
2 32 1299 47.6200 157.7100 35 1324 50.7900 146.6600
2.6171324366e+000 1.0962701377e+000 -9.1021500228e+000
237 230 220
2 32 1302 313.3800 131.3500 35 1232 308.1700 82.0900
2.4841888014e+000 4.8727940403e-001 -9.2171346000e+000
237 231 217
2 32 1306 293.2400 57.5900 35 1431 281.5900 12.9800
-3.9887017027e+000 -4.0879030610e-001 -7.9656586170e+000
245 218 146
2 32 1317 -542.6900 -56.3500 35 1243 -550.0600 -42.5700
-3.4229220442e+000 -5.8643111825e-001 -7.9296687394e+000
80 32 23
2 32 1320 -468.2100 -80.8500 35 1251 -478.1700 -73.6900
-2.6653050373e+000 -1.3367612282e+000 -8.1839704027e+000
182 126 79
2 32 1353 -353.6800 -177.8800 35 1163 -371.5900 -173.0400
2.4982550146e+000 -1.3202769849e+000 -8.9861753116e+000
208 201 185
2 32 1358 303.4400 -160.1400 35 1172 265.0900 -199.6400
2.4982550146e+000 -1.3202769849e+000 -8.9861753116e+000
208 201 185
2 32 1359 303.4400 -160.1400 35 1173 265.0900 -199.6400
-3.7287997198e+000 -1.5499062325e+000 -8.3359253619e+000
69 24 21
2 32 1360 -485.1100 -202.0700 35 1162 -501.1300 -182.7400
2.3919142000e+000 2.5422780217e+000 -9.6362591524e+000
244 239 226
2 32 1392 271.3800 288.0700 35 1409 283.2800 249.2900
1.7406029445e-001 1.7663197564e+000 -1.1374542644e+001
224 219 213
2 32 1400 18.0400 170.4300 35 1415 18.1800 171.6000
1.7406029445e-001 1.7663197564e+000 -1.1374542644e+001
224 219 213
2 32 1401 18.0400 170.4300 35 1414 18.1800 171.6000
-2.2743749609e+000 -1.9940272096e-001 -8.9954292618e+000
156 61 33
2 32 1418 -275.1500 -24.4200 35 1342 -285.9000 -20.1300
2.0630338024e+000 -3.2725800769e-001 -9.4035034961e+000
172 159 120
2 32 1424 239.5600 -37.9800 35 1456 217.4500 -72.8500
-3.5788855473e+000 -7.1815392920e-001 -7.8505628060e+000
65 17 17
2 32 1433 -494.1600 -99.8100 35 1365 -504.4500 -91.1100
-2.8017299877e+000 -6.6883847448e-001 -7.9191812387e+000
68 24 29
2 32 1434 -385.1000 -92.4500 35 1366 -395.0800 -92.1700
-2.3312367387e+000 -9.3464613188e-001 -8.7706503937e+000
156 100 70
2 32 1436 -290.0900 -116.4900 35 1367 -304.3500 -111.0500
-1.5677859051e+000 -8.8233773261e-001 -8.1799984339e+000
120 36 40
2 32 1437 -208.9300 -117.8600 35 1376 -225.1700 -127.7400
-9.6292482127e-001 -1.3906916071e+000 -8.6263048259e+000
177 167 157
2 32 1446 -121.7300 -175.9300 35 1381 -145.1400 -184.1600
4.0446124008e+000 -1.3345310638e+000 -8.6417323802e+000
174 104 55
2 32 1449 507.9900 -167.8500 35 1388 460.4800 -227.8300
4.0673854553e+000 -1.2026603064e+000 -8.5087338871e+000
171 103 64
2 32 1450 519.2100 -153.5400 35 1389 471.5900 -217.1100
3.5978030858e+000 2.6120742654e+000 -8.2998304404e+000
209 197 187
2 32 1476 469.7100 341.3700 35 1496 487.1500 266.1900
2.7842643859e+000 9.7496703424e-001 -8.5105170401e+000
155 140 101
2 32 1489 355.3600 124.5600 35 1425 349.4100 63.6000
2.7842643859e+000 9.7496703424e-001 -8.5105170401e+000
155 140 101
2 32 1490 355.3600 124.5600 35 1426 349.4100 63.6000
2.4341697804e+000 7.0436014267e-001 -9.2450994798e+000
227 222 210
2 32 1495 287.3300 83.1600 35 1430 276.9300 38.8100
-1.1289285782e-001 -3.6643105811e-002 -9.3367407348e+000
184 177 169
2 32 1502 -13.4000 -4.4400 35 1437 -25.4500 -19.2200
2.4007820623e+000 -3.5426710183e-001 -8.9940667094e+000
107 94 62
2 32 1507 290.9900 -43.0200 35 1457 266.8300 -87.0400
2.8444002310e+000 -2.8085518661e-001 -8.8535118566e+000
190 182 167
2 32 1508 349.5000 -34.7000 35 1459 325.1800 -85.8100
-4.1207113424e+000 -4.5314915277e-001 -8.0723158407e+000
73 18 23
2 32 1509 -552.6500 -61.4400 35 1439 -561.4400 -45.0700
-2.1622823807e+000 -7.1920349626e-001 -8.7673193787e+000
154 64 32
2 32 1515 -269.1600 -89.7800 35 1358 -282.3100 -87.1100
4.1413908322e+000 -1.3122885357e+000 -8.2648235829e+000
204 136 96
2 32 1523 543.3199 -172.3400 35 1479 492.3300 -239.9800
1.8403186247e+000 -3.3863840228e+000 -1.1165850269e+001
231 178 108
2 32 1541 180.9000 -331.0400 35 1404 130.7100 -328.2400
2.7372770298e+000 2.7146089592e+000 -9.3674000968e+000
221 213 202
2 32 1547 318.5100 315.9800 35 1494 334.1800 269.8900
-1.7021794704e+000 2.7921230700e+000 -1.3922762648e+001
191 185 173
2 32 1555 -132.7700 220.5600 35 1497 -129.0000 254.6200
-2.0337863307e+000 2.4907553128e+000 -1.4087852109e+001
239 234 228
2 32 1562 -157.1600 194.5100 35 1499 -155.4400 231.3100
-2.7646125094e+001 1.6463498303e+000 -5.7863504694e+001
27 15 19
2 32 1576 -523.3700 32.7200 35 1417 -542.8600 161.1300
-1.2171851248e+000 -3.0125195509e-001 -8.8680065283e+000
162 81 51
2 32 1588 -150.0500 -37.3800 35 1443 -161.8300 -45.2600
3.8926103905e+000 -1.1895164235e+000 -8.6468733698e+000
100 48 38
2 32 1606 488.7100 -149.6300 35 1478 444.6801 -209.1400
-1.6595764421e+000 -1.2866663386e+000 -8.4804195055e+000
202 145 108
2 32 1609 -214.0000 -165.6700 35 1470 -232.4100 -168.5800
2.1600564212e+000 2.1709132616e+000 -9.3916968844e+000
234 227 218
2 32 1637 251.4300 252.3400 35 1561 259.5000 212.0600
3.4383569531e+000 1.8902150304e+000 -8.1578570256e+000
152 135 97
2 32 1640 457.6899 251.5500 35 1567 462.6700 174.7100
2.1293266889e+000 3.7403451528e-001 -9.4958420856e+000
230 228 216
2 32 1653 244.8000 43.0400 35 1583 231.3600 6.3300
-1.5688318720e+000 -1.4931041240e+000 -8.7369392801e+000
180 60 42
2 32 1682 -194.6900 -186.2700 35 1608 -218.9000 -186.6400
-1.4749578095e+000 -1.6437834383e+000 -8.7452587155e+000
199 83 60
2 32 1684 -183.4700 -204.9500 35 1543 -207.9800 -205.0900
4.0297094659e+000 2.0441461338e+000 -7.1811201610e+000
254 238 171
2 32 1697 605.7600 306.8400 35 1634 611.9500 198.5000
4.1682197632e+000 1.7110975217e+000 -7.4886187867e+000
115 41 46
2 32 1747 599.5300 246.5100 35 1674 603.1000 145.0900
-1.6952501106e-001 1.9848129224e+000 -1.1904702404e+001
175 167 157
2 32 1748 -15.2800 182.9500 35 1668 -11.9900 191.7600
-5.8622450465e-001 1.9221465041e+000 -1.2717372345e+001
242 242 234
2 32 1754 -50.2700 166.0600 35 1667 -48.3800 183.9300
2.7167204229e+000 1.9177258249e+000 -8.7265028217e+000
242 235 229
2 32 1783 339.1700 239.3400 35 1702 345.0300 182.0200
3.4357517148e+000 -1.8477260328e+000 -8.7657115692e+000
232 225 217
2 32 1806 426.1100 -229.3000 35 1725 375.1600 -276.9800
3.5053860170e+000 -4.7955374130e-001 -7.8775651081e+000
242 233 224
2 32 1820 482.4500 -66.3800 35 1717 448.1000 -141.2900
5.1125289831e-002 2.9547406122e+000 -1.2293863246e+001
250 243 233
2 32 1833 3.9800 263.5700 35 1742 16.4200 274.9800
-1.0571252822e+000 -2.8719615301e-001 -9.3547408289e+000
40 25 25
2 32 1841 -123.7500 -33.7500 35 1760 -135.8000 -37.9000
