# Bundle file v0.3
61 236
0 0 0
0 0 0
0 0 0
0 0 0
0 0 0
0 0 0
0 0 0
0 0 0
0 0 0
0 0 0
0 0 0
0 0 0
0 0 0
0 0 0
0 0 0
0 0 0
0 0 0
0 0 0
0 0 0
0 0 0
0 0 0
0 0 0
0 0 0
0 0 0
0 0 0
0 0 0
0 0 0
0 0 0
0 0 0
0 0 0
0 0 0
0 0 0
0 0 0
0 0 0
0 0 0
0 0 0
0 0 0
0 0 0
0 0 0
0 0 0
0 0 0
0 0 0
0 0 0
0 0 0
0 0 0
0 0 0
0 0 0
0 0 0
0 0 0
0 0 0
0 0 0
0 0 0
0 0 0
0 0 0
0 0 0
0 0 0
0 0 0
0 0 0
0 0 0
0 0 0
1.0809706584e+003 1.3456627529e-002 2.1862697230e-002
9.9999589324e-001 4.9934276717e-004 -2.8220851226e-003
-5.0092929009e-004 9.9999971689e-001 -5.6150223229e-004
2.8218039416e-003 5.6291359143e-004 9.9999586027e-001
-2.6947052736e-002 -2.5317357991e-002 2.6265575135e-001
1.0819168197e+003 2.3087945398e-002 -3.3427467104e-002
9.9837384960e-001 5.6198155120e-002 -9.5615789565e-003
-5.6793922207e-002 9.9501889804e-001 -8.1925838034e-002
4.9098708027e-003 8.2335653871e-002 9.9659256132e-001
-4.8576462360e-001 -8.4101480351e-001 5.2195288257e-001
0 0 0
0 0 0
0 0 0
0 0 0
0 0 0
0 0 0
0 0 0
0 0 0
0 0 0
0 0 0
0 0 0
0 0 0
0 0 0
0 0 0
0 0 0
0 0 0
0 0 0
0 0 0
0 0 0
0 0 0
0 0 0
0 0 0
0 0 0
0 0 0
0 0 0
0 0 0
0 0 0
0 0 0
0 0 0
0 0 0
0 0 0
0 0 0
0 0 0
0 0 0
0 0 0
0 0 0
0 0 0
0 0 0
0 0 0
0 0 0
0 0 0
0 0 0
0 0 0
0 0 0
0 0 0
0 0 0
0 0 0
0 0 0
0 0 0
0 0 0
0 0 0
0 0 0
0 0 0
0 0 0
0 0 0
0 0 0
0 0 0
0 0 0
0 0 0
0 0 0
0 0 0
0 0 0
0 0 0
0 0 0
0 0 0
0 0 0
0 0 0
0 0 0
0 0 0
0 0 0
0 0 0
0 0 0
0 0 0
0 0 0
0 0 0
0 0 0
0 0 0
0 0 0
0 0 0
0 0 0
0 0 0
0 0 0
0 0 0
0 0 0
0 0 0
0 0 0
0 0 0
0 0 0
0 0 0
0 0 0
0 0 0
0 0 0
0 0 0
0 0 0
0 0 0
0 0 0
0 0 0
0 0 0
0 0 0
0 0 0
0 0 0
0 0 0
0 0 0
0 0 0
0 0 0
0 0 0
0 0 0
0 0 0
0 0 0
0 0 0
0 0 0
0 0 0
0 0 0
0 0 0
0 0 0
0 0 0
0 0 0
0 0 0
0 0 0
0 0 0
0 0 0
0 0 0
0 0 0
0 0 0
0 0 0
0 0 0
0 0 0
0 0 0
0 0 0
0 0 0
0 0 0
0 0 0
0 0 0
0 0 0
0 0 0
0 0 0
0 0 0
0 0 0
0 0 0
0 0 0
0 0 0
0 0 0
0 0 0
0 0 0
0 0 0
0 0 0
0 0 0
0 0 0
0 0 0
0 0 0
0 0 0
0 0 0
0 0 0
0 0 0
0 0 0
0 0 0
0 0 0
0 0 0
0 0 0
0 0 0
0 0 0
0 0 0
0 0 0
0 0 0
0 0 0
0 0 0
0 0 0
0 0 0
0 0 0
0 0 0
0 0 0
0 0 0
0 0 0
0 0 0
0 0 0
0 0 0
0 0 0
0 0 0
0 0 0
0 0 0
0 0 0
0 0 0
0 0 0
0 0 0
0 0 0
0 0 0
0 0 0
0 0 0
0 0 0
0 0 0
0 0 0
0 0 0
0 0 0
0 0 0
0 0 0
0 0 0
0 0 0
0 0 0
0 0 0
0 0 0
0 0 0
0 0 0
0 0 0
0 0 0
0 0 0
0 0 0
0 0 0
0 0 0
0 0 0
0 0 0
0 0 0
0 0 0
0 0 0
0 0 0
0 0 0
0 0 0
0 0 0
0 0 0
0 0 0
0 0 0
0 0 0
0 0 0
0 0 0
0 0 0
0 0 0
0 0 0
0 0 0
0 0 0
0 0 0
0 0 0
0 0 0
0 0 0
0 0 0
0 0 0
0 0 0
-3.1069109909e-001 -6.1413833676e-001 -8.9931026418e+000
153 113 47
2 12 1491 -38.7300 -78.5100 13 931 -94.8400 -88.9300
-2.8693637763e-001 8.2800419366e-001 -8.9161315588e+000
141 80 34
2 12 2206 -36.1200 100.9800 13 2404 -83.4400 95.1100
-7.1461134157e-001 3.7556900787e-001 -9.1808134368e+000
199 89 87
2 12 2218 -86.7500 43.1400 13 2414 -137.1800 40.9300
-5.0199703134e-001 3.6372225687e-001 -8.9866904307e+000
94 28 29
2 12 2311 -62.5800 42.7000 13 2513 -113.1600 36.6500
-1.1631450340e+000 3.6587442853e-002 -9.3918236745e+000
113 27 34
2 12 2227 -138.1300 2.2400 13 2422 -190.1000 3.5600
-3.5550119358e-001 -3.2208634800e-001 -9.0733492716e+000
250 211 91
2 12 2289 -43.7600 -41.9900 13 2492 -97.7600 -50.3600
-4.0804056227e-001 8.4810942079e-001 -8.9851175537e+000
252 212 88
2 12 2272 -50.8100 102.6800 13 2477 -98.1900 98.5600
4.0701483913e+000 -1.3014302926e+000 -1.2130414098e+001
134 125 122
2 12 2374 372.4100 -120.7600 13 2579 336.8900 -127.7900
2.3442037610e+000 1.5190423813e+000 -9.7948864407e+000
81 81 90
2 12 1893 266.6000 170.2200 13 2109 242.0300 159.4900
1.3403656621e-001 5.1406063546e-001 -9.2551424201e+000
127 95 46
2 12 2354 16.2100 59.2900 13 2560 -29.4600 52.7100
2.1715506473e+000 -1.2279226498e+000 -1.2350390439e+001
103 51 57
2 12 2343 195.4100 -111.8200 13 2565 157.4900 -106.8800
2.6032661028e-001 -1.5226474242e-001 -9.4318534585e+000
82 82 59
2 12 2142 30.7500 -20.3800 13 2342 -17.6500 -28.5000
-4.6196453124e-001 2.3521961611e-002 -9.0406808394e+000
93 36 28
2 12 2232 -57.6100 0.7300 13 2425 -109.0200 -6.7800
-4.1253995953e-001 6.9088367696e-001 -9.0199021815e+000
98 31 31
2 12 2207 -51.6100 83.1100 13 2403 -98.8800 78.0100
-9.2757739822e+000 5.4335211407e+000 -2.6706661019e+001
83 81 84
2 12 2169 -377.7700 222.2800 13 2373 -388.1500 307.6300
-1.2796791162e-001 5.3338216247e-001 -8.9958292901e+000
106 41 37
2 12 2336 -16.1800 63.6200 13 2559 -63.9200 55.8000
2.4536894942e-001 2.5080276777e-001 -9.2731460682e+000
97 68 28
2 12 593 29.4300 27.6300 13 663 -17.2300 19.2300
3.1271640768e-001 2.6443353257e-001 -9.3353283636e+000
100 68 30
2 12 1845 37.1300 29.1400 13 2033 -8.5000 20.8500
3.1271640768e-001 2.6443353257e-001 -9.3353283636e+000
100 68 30
2 12 1846 37.1300 29.1400 13 2034 -8.5000 20.8500
-6.2683155187e+000 2.4045210150e+000 -2.6466944261e+001
95 94 96
2 12 1919 -256.6100 98.9000 13 2083 -268.1900 171.9900
-6.0718753558e+000 2.3776236717e+000 -2.6710265618e+001
53 51 54
2 12 1921 -246.3400 96.9900 13 2084 -257.2600 169.5000
-5.9483427455e+000 2.2461535125e+000 -2.6725388416e+001
81 79 84
2 12 1816 -240.9900 91.4600 13 1984 -252.2900 163.7200
1.2029430499e+000 1.9225355621e+000 -1.0993166040e+001
229 187 79
2 12 2179 121.9700 191.8100 13 2380 97.7600 200.8800
2.0355134930e-001 -5.8194814615e-001 -9.4699456891e+000
85 96 72
2 12 1955 23.7400 -70.6400 13 2260 -27.0300 -79.2300
-1.4614591144e+001 6.6001939124e+000 -3.2122156079e+001
211 193 177
2 12 1882 -495.5300 224.8800 13 2170 -504.0100 321.5900
-5.9574558151e+000 2.7186573412e+000 -2.6368192614e+001
42 37 41
2 12 1998 -244.6500 112.2400 13 2182 -255.6900 185.0300
-1.4957996038e+001 6.0451462939e+000 -3.2416069135e+001
201 179 168
2 12 1967 -502.4500 204.0300 13 2171 -511.4700 300.5400
-1.2781576014e+001 4.1347352956e+000 -3.0562468304e+001
217 201 193
2 12 1981 -454.2700 147.3600 13 2175 -466.2900 238.4900
-1.4582582877e+001 4.9059265199e+000 -3.1572827721e+001
146 133 127
2 12 1885 -502.7900 169.8700 13 2073 -513.3500 264.5600
-6.4447294435e+000 1.6940885316e+000 -2.6818375634e+001
106 105 110
2 12 2119 -260.3700 68.6800 13 2289 -272.7700 141.5200
-6.0689883479e+000 2.5372919706e+000 -2.6229254847e+001
98 99 101
2 12 2193 -250.6600 105.3100 13 2383 -262.1300 178.0000
-6.6037454116e+000 1.9116118009e+000 -2.6628430608e+001
45 43 48
2 12 2202 -268.8500 78.1300 13 2391 -281.1400 151.4200
-1.3796866064e+001 4.8376872554e+000 -3.0912320566e+001
118 109 110
2 12 2301 -485.7800 171.0600 13 2506 -496.4700 264.2800
-1.6549523606e-001 1.3456838828e-001 -9.0130195359e+000
102 38 37
2 12 2337 -20.5800 14.1100 13 2561 -71.3900 5.2300
-7.3595573093e+000 4.8265880824e+000 -2.5130808324e+001
146 135 133
2 12 2375 -319.0700 210.2800 13 2581 -328.0700 288.5900
-1.2604866763e+001 3.8013390034e+000 -2.9824628909e+001
230 216 203
2 12 1895 -459.5200 139.0200 13 2077 -471.7800 229.0300
-6.1601417477e+000 2.6683937048e+000 -2.6271925607e+001
92 91 96
2 12 1904 -253.9700 110.5500 13 2081 -265.4200 183.7500
-1.5497908226e+001 4.8089345921e+000 -3.3793308921e+001
175 158 150
2 12 1979 -499.3400 155.9100 13 2173 -507.7400 250.7700
-6.6950990643e+000 1.1533786243e+000 -2.7064254992e+001
89 88 93
2 12 1935 -268.1000 46.2700 13 2114 -281.1400 119.2500
-6.5858419136e+000 1.1076175269e+000 -2.7350715626e+001
44 43 46
2 12 1936 -260.8200 43.9300 13 2115 -273.6800 116.8300
-6.5858419136e+000 1.1076175269e+000 -2.7350715626e+001
44 43 46
2 12 1937 -260.8200 43.9300 13 2116 -273.6800 116.8300
-6.4132488296e+000 1.4783183517e+000 -2.6985266025e+001
44 44 46
2 12 1934 -257.4600 59.5300 13 2113 -269.9700 132.1500
-1.4187766072e+001 3.3267486013e+000 -3.2110763100e+001
204 187 174
2 12 1997 -480.5800 113.2200 13 2177 -491.4600 205.0100
-6.8648233077e+000 1.3588312830e+000 -2.7232037162e+001
45 40 46
2 12 2026 -273.2900 54.2700 13 2212 -285.8800 127.8400
1.8539943372e+000 -1.0863947385e+000 -1.2021755070e+001
119 90 57
2 12 2155 171.1500 -101.7400 13 2353 133.1500 -97.8000
-1.4751725887e+001 5.2930527122e+000 -3.2115054526e+001
217 199 187
2 12 2174 -500.1200 180.3100 13 2275 -509.7400 275.4300
-1.6082270972e+001 4.8940306335e+000 -3.4184072062e+001
210 194 181
2 12 2182 -512.1000 156.7000 13 2376 -520.9100 252.9600
-1.6082270972e+001 4.8940306335e+000 -3.4184072062e+001
210 194 181
2 12 2183 -512.1000 156.7000 13 2375 -520.9100 252.9600
-6.5878837684e+000 1.3072855312e+000 -2.7108815371e+001
97 96 101
2 12 2027 -263.2300 52.3300 13 2213 -276.1300 125.3500
-6.4271597503e+000 1.2807592504e+000 -2.7269063370e+001
93 94 96
2 12 2029 -255.4200 51.0900 13 2214 -267.6900 123.5300
-7.2026734328e+000 1.0096818344e+000 -2.8042026246e+001
39 38 41
2 12 2211 -278.5300 39.2100 13 2297 -290.8200 113.4700
-1.6444102482e+001 5.5392720142e+000 -3.3236494652e+001
192 180 180
2 12 2173 -538.8200 182.2700 13 2274 -548.6600 280.7900
-9.2140803525e+000 4.4521921306e+000 -2.5903909292e+001
45 43 48
2 12 2370 -387.3400 187.9500 13 2575 -399.0700 270.8000
-9.0156237357e+000 2.3140299306e+000 -2.6271445571e+001
252 231 202
2 12 2377 -373.3300 96.1800 13 2582 -386.9800 175.2900
-9.0156237357e+000 2.3140299306e+000 -2.6271445571e+001
252 231 202
2 12 2378 -373.3300 96.1800 13 2583 -386.9800 175.2900
-2.5287843492e-001 9.9087887288e-001 -8.9241487679e+000
230 187 82
2 12 1652 -31.9100 121.2700 13 1486 -77.7800 116.1200
-1.0647863498e+001 4.5207235026e+000 -2.7369215649e+001
227 218 213
2 12 1600 -423.3400 180.4200 13 1959 -435.4500 267.1900
-5.9572657316e+000 2.1786826401e+000 -2.6227765515e+001
68 69 71
2 12 1354 -246.1500 90.4600 13 1806 -257.8000 162.2400
2.3268961027e+000 -1.1380779562e+000 -1.2481067507e+001
114 58 58
2 12 2157 206.7400 -102.5100 13 2355 170.8300 -97.7500
-3.0216325119e-001 3.4257933490e-001 -9.0091310770e+000
206 85 86
2 12 2279 -37.4100 39.8000 13 2485 -87.6400 32.8000
-4.7989259185e-001 -1.3142783863e-001 -9.0697829377e+000
255 221 88
2 12 2287 -59.2200 -18.5000 13 2429 -112.2000 -25.6500
-1.2377846863e+001 3.4201857080e+000 -2.9502312075e+001
195 181 175
2 12 2094 -456.4300 126.6000 13 2278 -468.6300 215.2900
-9.0601015562e-001 3.9798225241e-001 -9.1623759342e+000
105 28 33
2 12 2306 -110.3700 46.0700 13 2511 -161.3000 44.9100
1.6273649365e+000 -9.1240429229e-001 -1.2166797884e+001
118 90 51
2 12 2298 148.9500 -84.8600 13 2496 111.2400 -78.1000
2.3319888331e+000 1.4754498805e+000 -9.7990703350e+000
157 168 163
2 12 317 265.1000 165.1800 13 405 240.0600 154.3200
1.9781337789e-001 2.5374539482e-001 -9.2728400913e+000
101 71 29
2 12 1416 23.6000 28.0500 13 1574 -23.0000 19.8600
-1.0761714236e+001 4.4980759774e+000 -2.7267082787e+001
242 231 233
2 12 1239 -429.6800 180.3000 13 1320 -441.7700 267.1100
-1.0482100740e+001 4.4100769294e+000 -2.7309461695e+001
159 147 145
2 12 1240 -417.5000 176.2900 13 1332 -429.8400 262.6500
-6.3606822099e+000 2.5759771127e+000 -2.6520712712e+001
48 46 49
2 12 1903 -260.1300 105.9200 13 2082 -271.0200 179.1700
9.1588429179e-001 1.9041808114e+000 -1.1141861400e+001
116 45 47
2 12 2079 91.8100 187.3300 13 2287 66.5600 199.0300
-6.9634343844e+000 4.4875762342e-001 -2.8298871871e+001
40 35 39
2 12 2125 -265.9800 16.7600 13 2221 -280.0900 91.1300
2.3268961027e+000 -1.1380779562e+000 -1.2481067507e+001
114 58 58
2 12 2158 206.7400 -102.5100 13 2356 170.8300 -97.7500
-3.2903205875e-001 -1.5058941414e-002 -9.0481963151e+000
247 210 89
2 12 2233 -40.2800 -4.5200 13 2426 -93.1200 -12.0200
3.0494857791e-001 7.2328268260e-001 -9.3234049709e+000
54 51 45
2 12 2305 36.6400 83.7500 13 2541 -6.6600 77.8300
-9.0601015562e-001 3.9798225241e-001 -9.1623759342e+000
105 28 33
2 12 2307 -110.3700 46.0700 13 2512 -161.3000 44.9100
-5.0199703134e-001 3.6372225687e-001 -8.9866904307e+000
94 28 29
2 12 2310 -62.5800 42.7000 13 2514 -113.1600 36.6500
9.6147091800e-002 1.4167965871e-001 -9.1866053145e+000
123 92 45
2 12 2338 11.6400 14.6600 13 2562 -36.9900 5.9700
1.6167215581e+000 2.0290399939e+000 -1.0838220133e+001
220 180 97
2 12 1212 165.1500 206.0400 13 1361 145.0500 211.1900
-1.1628178232e+001 6.4778676494e+000 -2.7819224220e+001
252 238 237
2 12 84 -455.3400 254.6900 13 1280 -466.0200 347.3000
-1.1905616754e+001 6.2804016139e+000 -2.7931486597e+001
247 236 236
2 12 85 -464.4500 245.9900 13 7 -475.3200 338.6400
-1.1084929841e+001 4.4018848394e+000 -2.7281209260e+001
233 225 222
2 12 194 -442.4500 176.3600 13 1313 -454.9400 263.7700
-1.0888519140e+001 4.3972657346e+000 -2.7219418031e+001
231 222 219
2 12 196 -435.5000 176.5300 13 1314 -447.9700 263.5500
2.2078362160e+000 -7.5308064554e-001 -1.2476212265e+001
104 53 55
2 12 1869 195.9300 -68.2800 13 1662 162.8300 -62.9500
2.2231896030e+000 1.2911295870e+000 -9.7551243770e+000
108 102 102
2 12 1295 253.7300 144.9300 13 1491 226.6100 133.1500
-1.0689219963e+001 4.3827435213e+000 -2.7126374154e+001
221 211 206
2 12 197 -428.8700 176.4800 13 1331 -441.4300 263.1400
-6.0573508927e+000 2.2905616980e+000 -2.6033499499e+001
64 62 65
2 12 1352 -251.9400 95.6500 13 1391 -264.2600 168.0800
1.8539943372e+000 -1.0863947385e+000 -1.2021755070e+001
119 90 57
2 12 2156 171.1500 -101.7400 13 2354 133.1500 -97.8000
-2.6643544456e-001 7.0577955762e-001 -8.9581205355e+000
236 199 89
2 12 2208 -33.3800 85.2900 13 2405 -81.1100 79.0500
-1.3012729487e+001 4.8977205294e+000 -3.0493755377e+001
236 223 210
2 12 2175 -464.2500 175.4800 13 2374 -474.8500 267.3900
-8.7623030022e-001 2.4064324525e-001 -9.2429808651e+000
216 67 65
2 12 2224 -105.4700 26.5500 13 2417 -157.1400 25.6800
2.3049321596e+000 -9.9572357959e-001 -1.2621553225e+001
230 222 211
2 12 2247 202.6700 -88.9400 13 2438 167.7200 -82.8400
-2.5769943882e-001 1.0057249735e+000 -8.9611800655e+000
233 189 84
2 12 2264 -32.1200 122.4700 13 2469 -78.1400 118.1100
-6.8884148156e-001 7.1151038943e-001 -9.1547198190e+000
215 96 93
2 12 2271 -83.6800 84.0000 13 2476 -132.6100 83.1800
-4.7090199334e-001 1.9785171404e-001 -9.1278158374e+000
217 76 76
2 12 2225 -57.2500 21.5300 13 2420 -108.6700 16.6500
-3.3080659206e-001 1.5763771038e-001 -9.0218942863e+000
113 31 35
2 12 2280 -40.9300 16.9400 13 2486 -92.2900 9.4700
3.4112534555e+000 -1.1038663072e+000 -1.2609151881e+001
68 58 60
2 12 2383 299.7400 -98.5000 13 2592 266.5300 -98.4700
3.4025763273e+000 -1.0482625469e+000 -1.2382547206e+001
66 56 57
2 12 2392 304.3000 -95.3000 13 2598 271.2200 -97.0900
-1.1636489427e+001 6.1198178172e+000 -2.7707765031e+001
235 223 224
2 12 90 -457.5300 241.5800 13 9 -468.6000 333.4500
4.2110986249e+000 2.6679118294e+000 -1.1691037530e+001
245 234 227
2 12 94 400.9200 251.4700 13 144 396.6300 252.4400
1.2940576686e+000 2.0433810236e+000 -1.0995501921e+001
222 189 92
2 12 137 131.1200 203.9900 13 1358 108.2000 213.2100
-1.0427654666e+001 4.3309050254e+000 -2.6856805549e+001
202 195 189
2 12 198 -422.5300 176.1100 13 143 -435.2600 262.1400
-6.0466187601e-001 1.6638706635e+000 -9.7786859450e+000
135 53 58
2 12 209 -68.5700 186.8800 13 291 -107.4900 196.5700
2.3296417997e+000 1.3532033374e+000 -9.8074268601e+000
139 153 147
2 12 321 264.5800 151.1500 13 406 238.4700 139.6600
-1.1959901176e+000 1.0053019144e+000 -9.5142407454e+000
142 26 35
2 12 378 -139.5900 115.1400 13 459 -186.9100 122.7900
-1.2907556550e+001 2.1483348672e+000 -2.9614974141e+001
223 211 211
2 12 439 -474.4100 79.2900 13 281 -487.4600 167.4500
-1.3089862883e+001 2.1012318749e+000 -2.9827153461e+001
214 202 202
2 12 440 -477.5800 76.9300 13 375 -490.7600 165.5700
-1.2343317552e+001 2.1400492668e+000 -2.9427967344e+001
228 217 215
2 12 443 -456.3300 79.4100 13 377 -469.4300 166.4700
-1.0557120316e+001 1.8634964238e+000 -2.5672430388e+001
216 207 201
2 12 445 -448.1800 79.3200 13 378 -464.0800 161.4700
-1.2745579731e+001 1.5340492910e+000 -3.0163518861e+001
158 147 148
2 12 508 -459.5800 55.5100 13 382 -472.7200 142.9000
-8.7233353522e-001 4.5728533240e-001 -9.1524913722e+000
128 33 35
2 12 520 -106.4000 53.3300 13 588 -156.9200 52.1000
-6.9921716701e-001 -4.2936473575e-001 -9.3871479922e+000
212 91 90
2 12 693 -82.8900 -53.2000 13 793 -136.4300 -56.0500
-1.1293218307e+001 6.3889724669e+000 -2.7347648100e+001
224 213 214
2 12 1190 -449.8400 255.5000 13 1284 -460.8500 347.4200
-1.1585007780e+001 6.3712657086e+000 -2.7727842209e+001
228 216 216
2 12 1191 -455.1900 251.3500 13 1281 -465.9400 343.6100
4.6385781847e+000 2.6086672382e+000 -1.0967436333e+001
247 234 228
2 12 1195 471.6700 262.8700 13 150 469.5100 255.0900
1.5131492877e+000 1.9974096616e+000 -1.0657393095e+001
226 189 94
2 12 1211 158.2800 205.7700 13 1786 134.9400 211.1200
-1.0811185710e+001 4.7201102047e+000 -2.7349958790e+001
244 234 233
2 12 1238 -430.1900 188.5200 13 1319 -442.3500 276.0700
1.7452065852e+000 1.6694042020e+000 -9.8578921038e+000
130 70 72
2 12 1249 197.1500 186.0100 13 1403 170.8600 180.8400
4.5898768688e+000 1.8350048952e+000 -1.0991984414e+001
181 171 163
2 12 1257 465.6100 183.5500 13 1407 455.2200 172.0300
-1.2111964783e+001 2.4800167576e+000 -2.8901547622e+001
240 230 228
2 12 1344 -456.0300 93.7100 13 1386 -469.2400 180.6400
-1.2148534785e+001 2.3311340488e+000 -2.9040114821e+001
219 209 205
2 12 1345 -455.0500 87.5600 13 1389 -468.5300 174.6000
-1.1964550106e+001 2.3535786777e+000 -2.8880424478e+001
233 223 222
2 12 1346 -450.7900 89.0100 13 1388 -463.9700 175.4300
-1.1892937480e+001 2.2470248552e+000 -2.9057353371e+001
223 213 209
2 12 1350 -445.2700 84.4500 13 1390 -458.3400 170.6100
-1.1799082886e+001 1.9890457674e+000 -2.9023388252e+001
186 177 172
2 12 1351 -442.2000 74.8000 13 1437 -455.5400 160.5500
-1.2007468967e+001 1.8743252113e+000 -2.9323403859e+001
185 176 171
2 12 1381 -445.3900 69.7700 13 1438 -458.6400 155.8600
8.4915540282e-001 8.9282862471e-003 -7.0954295611e+000
129 90 47
2 12 1443 134.3100 -2.4900 13 798 70.2400 -48.9500
7.8194604347e-001 -3.6193555894e-001 -9.7630162772e+000
69 34 27
2 12 1470 88.5900 -43.2800 13 1629 43.5500 -52.4700
4.9310905648e+000 -4.8340570089e-001 -9.8448611045e+000
201 188 182
2 12 1495 560.0200 -57.4200 13 1705 525.6400 -92.8400
-2.7944198948e+001 -1.6486230131e+001 -5.6631011909e+001
79 85 101
2 12 1583 -536.1400 -317.4800 13 1133 -544.3900 -208.3700
-1.1644917738e+000 4.8373812229e-001 -9.3838457549e+000
215 95 96
2 12 1687 -138.3000 55.1800 13 1540 -188.2500 58.3300
4.9742561116e+000 8.7623738961e-002 -9.9100181668e+000
234 221 215
2 12 1711 560.9500 7.4400 13 1905 533.6700 -26.2300
1.1943076500e+000 2.0749767022e+000 -1.1122550333e+001
135 69 65
2 12 1773 119.5000 204.8400 13 2079 96.9900 215.5100
1.2823982059e+000 1.7914134667e+000 -1.1063105333e+001
200 154 75
2 12 1781 129.1000 177.4500 13 1979 104.6400 185.7600
-1.3049696965e+001 4.3823122706e+000 -2.9874988994e+001
200 186 177
2 12 1791 -475.3400 160.2300 13 2076 -487.0300 251.6900
-6.6357541789e-001 1.2339874419e+000 -9.3072747974e+000
113 34 38
2 12 1794 -79.2800 145.1200 13 2105 -123.8700 148.5100
2.6444043283e-001 1.2875596433e+000 -9.2119977878e+000
57 53 52
2 12 1798 32.1500 153.0200 13 1991 -7.9700 149.4600
2.1828276678e+000 1.4113267316e+000 -9.7781313548e+000
112 163 160
2 12 1802 248.8200 158.1400 13 1996 222.0600 147.8400
-3.4041182710e-001 6.4914947904e-001 -9.0513435292e+000
203 99 92
2 12 1822 -42.0800 77.4200 13 2015 -89.9400 72.4400
1.2128095957e-001 -5.5694326940e-001 -9.3419659771e+000
62 68 56
2 12 1867 14.5600 -68.8200 13 1912 -37.7700 -77.8800
-1.0512659328e+001 5.4347143257e+000 -2.7254152950e+001
108 100 100
2 12 1883 -419.7100 217.8400 13 2072 -431.1000 306.1600
-2.6797831132e-001 1.3947462536e+000 -9.1394438414e+000
122 52 56
2 12 1888 -33.5100 167.9200 13 2205 -74.3200 167.0100
-1.5225420991e+001 4.9569583362e+000 -3.3173606974e+001
180 166 161
2 12 1894 -499.9200 163.7700 13 2075 -508.3800 258.3700
1.3236976653e+000 1.6081042887e+000 -1.0938972082e+001
150 92 46
2 12 1898 134.5700 161.0000 13 2208 109.0400 167.0200
2.1290276383e+000 1.3970094651e+000 -9.7903189323e+000
79 87 89
2 12 1900 242.0900 156.4300 13 2108 215.5100 146.2600
-9.3920599987e+000 3.0612860417e+000 -2.5952557915e+001
244 227 199
2 12 1902 -393.7500 128.7400 13 2180 -407.6700 210.0300
-4.0482804783e-001 9.9544824443e-001 -9.0785390421e+000
144 53 41
2 12 1915 -49.8700 119.6900 13 2219 -95.6400 117.3500
-2.2027710375e-001 9.0874016073e-001 -8.9034342982e+000
231 195 83
2 12 1916 -27.7800 111.2000 13 2121 -74.4100 105.2400
-2.2027710375e-001 9.0874016073e-001 -8.9034342982e+000
231 195 83
2 12 1917 -27.7800 111.2000 13 2122 -74.4100 105.2400
-3.3160518445e-001 7.1878072401e-001 -9.0494068171e+000
234 191 88
2 12 1927 -41.1400 86.0800 13 2125 -88.2700 81.2300
-2.4343468366e-001 5.9757627031e-001 -8.9432480796e+000
205 90 90
2 12 1928 -30.4800 71.9000 13 2128 -79.0900 64.8700
-2.4343468366e-001 5.9757627031e-001 -8.9432480796e+000
205 90 90
2 12 1929 -30.4800 71.9000 13 2129 -79.0900 64.8700
-1.5380044613e+001 2.1364258299e+000 -3.3170219371e+001
114 108 112
2 12 1932 -504.1000 70.2100 13 2094 -515.9500 163.4300
-1.3586716697e+001 6.7141864134e+000 -3.0663809715e+001
206 186 176
2 12 1965 -482.5500 239.5300 13 2168 -491.7700 335.3300
1.3230031244e+000 1.9680316424e+000 -1.0909539382e+001
178 118 56
2 12 1975 135.1100 197.9600 13 2280 111.5600 205.9800
1.6732629366e+000 1.7051139655e+000 -9.9159631944e+000
121 52 56
2 12 1977 187.8900 188.9000 13 2192 161.7000 184.9600
1.6772538569e+000 1.6329619879e+000 -9.9301905498e+000
165 80 83
2 12 1978 187.7900 180.6600 13 2193 161.5900 176.1000
-9.4320713267e+000 3.2871450769e+000 -2.6213568889e+001
193 169 129
2 12 1982 -391.2500 136.7500 13 2178 -405.0200 218.7800
-9.4320713267e+000 3.2871450769e+000 -2.6213568889e+001
193 169 129
2 12 1983 -391.2500 136.7500 13 2179 -405.0200 218.7800
-3.1119377318e-001 1.3253375288e+000 -9.0404220376e+000
243 209 85
2 12 1988 -38.8700 161.0400 13 2295 -81.6900 159.4200
-4.8945555403e-001 1.1525171086e+000 -9.2037321551e+000
155 39 49
2 12 1990 -58.5300 136.5600 13 2204 -104.5800 137.9800
3.4464284104e-001 1.2441955656e+000 -9.2909071132e+000
88 98 72
2 12 1993 41.1800 146.6600 13 2207 2.2300 142.6900
2.1100788552e+000 1.0373298868e+000 -1.0344557670e+001
112 72 39
2 12 2013 226.7400 109.2300 13 2234 198.8000 102.6000
2.1100788552e+000 1.0373298868e+000 -1.0344557670e+001
112 72 39
2 12 2014 226.7400 109.2300 13 2235 198.8000 102.6000
2.1260651848e+000 9.6743598596e-001 -1.0160528948e+001
153 120 60
2 12 2015 232.8700 103.5100 13 2236 203.4800 94.8900
-6.2246301520e+000 1.6255990180e+000 -2.6980262935e+001
94 95 97
2 12 2028 -249.8100 65.4600 13 2195 -262.0900 137.8600
-1.0024302780e+000 -4.7721618876e-001 -9.6220568078e+000
125 35 45
2 12 2058 -116.1300 -57.1500 13 2258 -168.5300 -56.1300
-2.5134422218e+001 -1.5977054139e+001 -5.2881113356e+001
64 62 68
2 12 2069 -516.6000 -329.4600 13 2265 -526.0100 -222.4200
9.5446114130e-001 1.7796246232e+000 -1.1055441827e+001
146 66 62
2 12 2080 96.4600 176.2900 13 2388 70.1800 186.5800
1.3139361682e+000 1.8368027654e+000 -1.0831641493e+001
165 102 46
2 12 2082 135.1900 185.9400 13 2189 110.4000 192.7400
-1.2811647735e+001 3.2701195736e+000 -2.9864354724e+001
239 219 205
2 12 2095 -466.2100 119.2000 13 2277 -479.4800 209.3500
-8.0898175627e-001 8.9612899498e-001 -9.1358299508e+000
217 85 82
2 12 2098 -98.7200 106.8100 13 2398 -146.9000 107.4200
-1.1401559694e+000 6.5131270497e-001 -9.3516525009e+000
137 29 39
2 12 2112 -135.1400 74.8600 13 2311 -185.8200 79.2300
2.4477914724e-001 7.0119468421e-001 -9.2797002211e+000
52 47 41
2 12 2113 29.4800 81.5600 13 2314 -14.3000 75.3800
2.4477914724e-001 7.0119468421e-001 -9.2797002211e+000
52 47 41
2 12 2114 29.4800 81.5600 13 2315 -14.3000 75.3800
-1.7716347144e+000 5.4471084395e-001 -1.0251417052e+001
227 107 101
2 12 2120 -191.7000 57.0600 13 2317 -238.2000 71.8000
-1.3675315140e+000 5.7906911487e-001 -9.5836153670e+000
170 33 41
2 12 2121 -158.2700 64.7600 13 2306 -208.3100 72.2100
-7.3289434812e-001 6.0061064206e-001 -9.1881929773e+000
135 29 37
2 12 2123 -88.5400 70.1700 13 2319 -138.3800 69.6100
-1.1702348059e+000 3.2032385798e-001 -9.3489821288e+000
142 31 39
2 12 2134 -139.1700 35.7400 13 2325 -190.9200 38.3100
-7.9157919223e-001 -5.8141935745e-002 -9.2093479836e+000
143 33 40
2 12 2139 -95.6900 -9.4400 13 2332 -148.8600 -12.3900
2.6032661028e-001 -1.5226474242e-001 -9.4318534585e+000
82 82 59
2 12 2141 30.7500 -20.3800 13 2343 -17.6500 -28.5000
-1.3354433573e+000 -3.4583620161e-001 -9.9577077620e+000
218 97 93
2 12 2145 -148.5900 -40.7800 13 2252 -200.1800 -33.5700
-1.1169377506e+000 -3.8264731257e-001 -9.6069687227e+000
237 104 110
2 12 2146 -129.1200 -46.5400 13 2338 -182.3700 -44.1800
-1.0110176392e+000 -3.5686747454e-001 -9.5417325709e+000
143 34 40
2 12 2148 -117.7900 -43.8300 13 2339 -170.8600 -42.8400
2.1790140978e+000 -3.9547876063e-001 -1.1798819253e+001
105 74 43
2 12 2150 204.8500 -38.9000 13 2346 171.3000 -37.7200
2.2992444425e+000 -2.8487166029e-001 -1.1831486528e+001
89 35 40
2 12 2151 215.7800 -28.5500 13 2347 182.8900 -27.3700
-7.2794684313e-001 -7.4367797375e-001 -9.8517791130e+000
193 90 91
2 12 2154 -81.9700 -86.0300 13 2349 -134.1700 -84.6900
-3.0371322765e+001 -1.6905122010e+001 -5.9233922321e+001
121 113 109
2 12 2159 -557.4000 -311.1800 13 2357 -564.1700 -200.4900
-3.0371322765e+001 -1.6905122010e+001 -5.9233922321e+001
121 113 109
2 12 2160 -557.4000 -311.1800 13 2358 -564.1700 -200.4900
-2.4191118021e+001 -1.5511188160e+001 -5.0280938623e+001
133 126 120
2 12 2162 -523.2700 -336.5800 13 2362 -533.1000 -229.7400
-2.4191118021e+001 -1.5511188160e+001 -5.0280938623e+001
133 126 120
2 12 2163 -523.2700 -336.5800 13 2361 -533.1000 -229.7400
1.1220739943e+000 2.0521681228e+000 -1.1122185146e+001
131 66 57
2 12 2170 112.3700 202.5300 13 2379 89.2500 213.5600
-5.3905058783e-001 1.5878996444e+000 -9.7084653144e+000
206 95 88
2 12 2176 -61.5800 179.5500 13 2385 -100.9900 187.7500
1.1896984658e+000 1.7537782568e+000 -1.1043736146e+001
97 44 43
2 12 2180 119.4800 174.2500 13 2389 95.3500 182.2100
1.4016668632e+000 1.8761175941e+000 -1.0636662990e+001
233 190 82
2 12 2181 146.8300 193.5500 13 2390 122.2300 198.5800
-5.9467061553e-001 1.2287353155e+000 -9.3125432517e+000
219 95 90
2 12 2187 -70.8700 144.3300 13 2392 -115.3400 147.4000
-3.8477719129e-001 1.1829308465e+000 -8.9384650300e+000
254 218 88
2 12 2188 -48.1500 144.9500 13 2394 -93.6900 142.3100
-2.6773474509e-001 1.1589814315e+000 -8.8945358082e+000
148 86 42
2 12 2189 -33.7000 142.6500 13 2395 -79.1100 138.5900
-1.2293330707e+001 2.8931430180e+000 -2.9307912682e+001
178 170 168
2 12 2192 -456.3300 107.7800 13 2382 -469.0600 195.6500
-6.0689883479e+000 2.5372919706e+000 -2.6229254847e+001
98 99 101
2 12 2194 -250.6600 105.3100 13 2384 -262.1300 178.0000
-1.1302869337e+000 1.0644846173e+000 -9.6575439329e+000
131 27 37
2 12 2196 -130.0700 120.3300 13 2467 -175.4100 128.8100
-1.0225081087e+000 9.3666199507e-001 -9.4888471171e+000
214 92 90
2 12 2198 -119.6900 107.4200 13 2397 -166.6200 113.2300
-6.8320159352e-001 1.1318118383e+000 -9.2482145874e+000
114 30 37
2 12 2199 -82.4100 133.9000 13 2399 -127.6400 135.9800
-1.3072265506e+000 8.0509360251e-001 -9.5899063422e+000
216 98 94
2 12 2204 -151.0300 90.8300 13 2472 -199.9300 99.1800
-1.1104316915e+000 8.4107533263e-001 -9.4288852580e+000
114 27 35
2 12 2205 -131.2600 97.0800 13 2402 -178.7500 101.9800
3.6576202236e-001 7.0255664208e-001 -9.3654052134e+000
50 47 42
2 12 2209 43.5200 81.0000 13 2407 0.9600 74.7900
-1.1294361359e+000 5.6324239268e-001 -9.3149559729e+000
128 27 35
2 12 2214 -134.9500 64.9500 13 2411 -185.2800 67.8500
-8.4710713374e-001 5.6270849113e-001 -9.2061912963e+000
223 72 72
2 12 2215 -102.4000 65.5900 13 2412 -152.4000 65.5600
-1.2221149425e+000 -1.3958494434e-001 -9.6797581643e+000
116 31 38
2 12 2228 -140.0200 -18.3500 13 2424 -192.1800 -13.7900
-3.5952015496e-001 -1.6475293905e-001 -9.0432440027e+000
148 86 36
2 12 2234 -44.4400 -22.7500 13 2430 -97.6400 -31.0000
-2.5978849446e+001 -1.4457629771e+001 -5.3197901374e+001
133 125 122
2 12 2249 -530.7200 -296.2500 13 2359 -539.3400 -189.6100
-2.8428750852e+001 -1.6810621659e+001 -5.6687195974e+001
135 129 130
2 12 2251 -545.1500 -323.4600 13 2439 -553.0200 -213.6000
-6.4373299383e-001 1.7328161525e+000 -9.8705979575e+000
119 46 48
2 12 2254 -72.3900 192.9300 13 2455 -110.4300 203.9200
1.5292066974e+000 1.8668561627e+000 -1.0572937123e+001
151 73 49
2 12 2256 161.1700 193.7600 13 2459 136.8500 197.5100
-1.3004484384e+000 9.5774686606e-001 -9.5611915217e+000
135 28 36
2 12 2262 -151.0700 109.0700 13 2466 -198.7100 117.5100
-8.4418942270e-001 1.0943247593e+000 -9.4171633831e+000
217 100 93
2 12 2263 -99.2600 126.6800 13 2468 -145.5700 131.9000
-6.9878344855e-001 8.7335578542e-001 -9.1597450959e+000
121 31 35
2 12 2268 -84.8300 103.6200 13 2473 -132.8500 103.8100
-6.9878344855e-001 8.7335578542e-001 -9.1597450959e+000
121 31 35
2 12 2269 -84.8300 103.6200 13 2474 -132.8500 103.8100
-6.8884148156e-001 7.1151038943e-001 -9.1547198190e+000
215 96 93
2 12 2270 -83.6800 84.0000 13 2475 -132.6100 83.1800
-1.1144727499e+000 4.2169690024e-001 -9.3153987686e+000
210 91 88
2 12 2274 -132.8600 47.8700 13 2478 -184.4300 50.3700
-7.7505197734e-001 -1.1840771147e-001 -9.1983921643e+000
124 32 35
2 12 2285 -93.9300 -16.6800 13 2489 -147.2300 -20.1900
-7.7505197734e-001 -1.1840771147e-001 -9.1983921643e+000
124 32 35
2 12 2286 -93.9300 -16.6800 13 2490 -147.2300 -20.1900
2.6803464174e+000 -5.9228931473e-001 -1.2523704060e+001
81 41 43
2 12 2291 237.6000 -54.1300 13 2493 205.2800 -50.1200
2.5412383930e-001 -5.7936717946e-002 -9.3677499234e+000
53 48 45
2 12 2314 29.7800 -9.1100 13 2516 -17.5700 -18.0500
2.5412383930e-001 -5.7936717946e-002 -9.3677499234e+000
53 48 45
2 12 2315 29.7800 -9.1100 13 2517 -17.5700 -18.0500
2.7012011424e+000 -5.7846444690e-001 -1.2560120309e+001
77 40 41
2 12 2320 238.6900 -52.7300 13 2521 206.7100 -48.6000
3.2923625651e+000 -1.5467029212e+000 -1.2954132979e+001
145 140 135
2 12 2324 282.2500 -133.8800 13 2528 245.5000 -130.2700
1.1857112198e+000 8.4703153325e-001 -1.0085139407e+001
131 99 50
2 12 2333 130.3400 91.2700 13 2544 96.8300 86.8500
1.1857112198e+000 8.4703153325e-001 -1.0085139407e+001
131 99 50
2 12 2334 130.3400 91.2700 13 2543 96.8300 86.8500
1.8892006443e-001 -8.3424892150e-001 -1.0292136060e+001
96 54 55
2 12 2342 19.8700 -91.7100 13 2548 -26.4700 -92.9400
2.1715506473e+000 -1.2279226498e+000 -1.2350390439e+001
103 51 57
2 12 2344 195.4100 -111.8200 13 2566 157.4900 -106.8800
-2.5686537239e+001 -9.6556400031e+000 -6.4783002856e+001
36 35 40
2 12 2345 -429.0000 -161.4600 13 2523 -434.8200 -61.7300
-1.1115499592e+001 4.1088870576e+000 -2.7757480963e+001
255 255 255
2 12 2346 -436.1100 161.9200 13 2551 -447.9300 248.5300
-1.1129651730e+001 1.7121573374e+000 -2.8664373694e+001
60 58 63
2 12 2352 -422.1500 65.1200 13 2555 -435.8000 149.1800
-1.0803771487e+000 2.0911952441e-001 -9.5026031112e+000
124 29 32
2 12 2355 -125.6600 21.7800 13 2547 -177.7500 25.4900
-1.7261683782e+001 -7.8761083279e+000 -4.7041930798e+001
35 34 38
2 12 2359 -396.5400 -182.4700 13 2574 -408.6300 -88.1200
-2.8565116350e+001 -1.2177074571e+001 -6.0217054301e+001
95 91 92
2 12 2360 -514.6000 -219.8300 13 2564 -521.2000 -114.7600
1.0576838293e+000 -9.1768055626e-001 -1.1285406379e+001
95 49 49
2 12 2382 103.8600 -91.7900 13 2591 63.1400 -89.3600
