# Bundle file v0.3
61 509
0 0 0
0 0 0
0 0 0
0 0 0
0 0 0
0 0 0
0 0 0
0 0 0
0 0 0
0 0 0
0 0 0
0 0 0
0 0 0
0 0 0
0 0 0
0 0 0
0 0 0
0 0 0
0 0 0
0 0 0
0 0 0
0 0 0
0 0 0
0 0 0
0 0 0
0 0 0
0 0 0
0 0 0
0 0 0
0 0 0
0 0 0
0 0 0
0 0 0
0 0 0
0 0 0
0 0 0
0 0 0
0 0 0
0 0 0
0 0 0
0 0 0
0 0 0
0 0 0
0 0 0
0 0 0
0 0 0
0 0 0
0 0 0
0 0 0
0 0 0
0 0 0
0 0 0
0 0 0
0 0 0
0 0 0
0 0 0
0 0 0
0 0 0
0 0 0
0 0 0
1.0212797960e+003 1.0891438357e-003 -6.0273941119e-002
9.9963394022e-001 -3.9223976401e-003 2.6769392316e-002
3.9018811903e-003 9.9999205257e-001 8.1860650479e-004
-2.6772390469e-002 -7.1385585752e-004 9.9964130043e-001
3.6757389203e-001 5.0618375323e-002 3.3402125937e-001
1.0259439080e+003 3.1608561965e-003 -9.0581057637e-002
9.9845776217e-001 5.2384894311e-002 1.8382600930e-002
-5.0569776905e-002 9.9481707161e-001 -8.8213897430e-002
-2.2908400920e-002 8.7148246592e-002 9.9593191950e-001
-1.3701732378e-001 -8.6626407880e-001 5.5167202958e-001
1.0261468422e+003 -4.0430585357e-003 -8.1108094883e-002
9.9262022043e-001 1.1995508536e-001 1.7772886308e-002
-1.1740135160e-001 9.8731953715e-001 -1.0685061626e-001
-3.0364792678e-002 1.0397552139e-001 9.9411622576e-001
-6.5728886292e-001 -1.3651108382e+000 4.3045068318e-001
0 0 0
0 0 0
0 0 0
0 0 0
0 0 0
0 0 0
0 0 0
0 0 0
0 0 0
0 0 0
0 0 0
0 0 0
0 0 0
0 0 0
0 0 0
0 0 0
0 0 0
0 0 0
0 0 0
0 0 0
0 0 0
0 0 0
0 0 0
0 0 0
0 0 0
0 0 0
0 0 0
0 0 0
0 0 0
0 0 0
0 0 0
0 0 0
0 0 0
0 0 0
0 0 0
0 0 0
0 0 0
0 0 0
0 0 0
0 0 0
0 0 0
0 0 0
0 0 0
0 0 0
0 0 0
0 0 0
0 0 0
0 0 0
0 0 0
0 0 0
0 0 0
0 0 0
0 0 0
0 0 0
0 0 0
0 0 0
0 0 0
0 0 0
0 0 0
0 0 0
0 0 0
0 0 0
0 0 0
0 0 0
0 0 0
0 0 0
0 0 0
0 0 0
0 0 0
0 0 0
0 0 0
0 0 0
0 0 0
0 0 0
0 0 0
0 0 0
0 0 0
0 0 0
0 0 0
0 0 0
0 0 0
0 0 0
0 0 0
0 0 0
0 0 0
0 0 0
0 0 0
0 0 0
0 0 0
0 0 0
0 0 0
0 0 0
0 0 0
0 0 0
0 0 0
0 0 0
0 0 0
0 0 0
0 0 0
0 0 0
0 0 0
0 0 0
0 0 0
0 0 0
0 0 0
0 0 0
0 0 0
0 0 0
0 0 0
0 0 0
0 0 0
0 0 0
0 0 0
0 0 0
0 0 0
0 0 0
0 0 0
0 0 0
0 0 0
0 0 0
0 0 0
0 0 0
0 0 0
0 0 0
0 0 0
0 0 0
0 0 0
0 0 0
0 0 0
0 0 0
0 0 0
0 0 0
0 0 0
0 0 0
0 0 0
0 0 0
0 0 0
0 0 0
0 0 0
0 0 0
0 0 0
0 0 0
0 0 0
0 0 0
0 0 0
0 0 0
0 0 0
0 0 0
0 0 0
0 0 0
0 0 0
0 0 0
0 0 0
0 0 0
0 0 0
0 0 0
0 0 0
0 0 0
0 0 0
0 0 0
0 0 0
0 0 0
0 0 0
0 0 0
0 0 0
0 0 0
0 0 0
0 0 0
0 0 0
0 0 0
0 0 0
0 0 0
0 0 0
0 0 0
0 0 0
0 0 0
0 0 0
0 0 0
0 0 0
0 0 0
0 0 0
0 0 0
0 0 0
0 0 0
0 0 0
0 0 0
0 0 0
0 0 0
0 0 0
0 0 0
0 0 0
0 0 0
0 0 0
0 0 0
0 0 0
0 0 0
0 0 0
0 0 0
0 0 0
0 0 0
0 0 0
0 0 0
0 0 0
0 0 0
0 0 0
0 0 0
0 0 0
0 0 0
0 0 0
0 0 0
0 0 0
0 0 0
0 0 0
0 0 0
0 0 0
0 0 0
0 0 0
0 0 0
0 0 0
0 0 0
0 0 0
0 0 0
0 0 0
0 0 0
0 0 0
0 0 0
0 0 0
0 0 0
0 0 0
0 0 0
-4.5865435557e-001 -7.2215767370e-001 -9.1982515808e+000
153 113 47
2 12 1491 -38.7300 -78.5100 13 931 -94.8400 -88.9300
-4.3093822318e-001 8.2985131886e-001 -9.1647219947e+000
141 80 34
3 12 2206 -36.1200 100.9800 13 2404 -83.4400 95.1100 14 2757 -137.4700 58.1000
-8.8267386289e-001 3.4276336824e-001 -9.4098036813e+000
199 89 87
3 12 2218 -86.7500 43.1400 13 2414 -137.1800 40.9300 14 2762 -192.1400 9.4800
-6.6324915478e-001 3.2993021679e-001 -9.2526312562e+000
94 28 29
3 12 2311 -62.5800 42.7000 13 2513 -113.1600 36.6500 14 2859 -169.6700 3.4700
-1.3590396983e+000 -1.8881246666e-002 -9.6282485807e+000
113 27 34
2 12 2227 -138.1300 2.2400 13 2422 -190.1000 3.5600
-5.0376177677e-001 -4.0972092648e-001 -9.3032540617e+000
250 211 91
3 12 2289 -43.7600 -41.9900 13 2492 -97.7600 -50.3600 14 2839 -159.0700 -83.0300
-5.5701713864e-001 8.4907749761e-001 -9.2043797169e+000
252 212 88
3 12 2272 -50.8100 102.6800 13 2477 -98.1900 98.5600 14 2823 -151.5200 62.0700
4.3484879983e+000 -1.4819871943e+000 -1.2249441218e+001
134 125 122
2 12 2374 372.4100 -120.7600 13 2579 336.8900 -127.7900
2.4304335223e+000 1.5613083151e+000 -9.9432744672e+000
81 81 90
2 12 1893 266.6000 170.2200 13 2109 242.0300 159.4900
3.1481186020e-002 4.8524110251e-001 -9.4016025113e+000
127 95 46
3 12 2354 16.2100 59.2900 13 2560 -29.4600 52.7100 14 2896 -85.0300 12.7400
2.3157500462e+000 -1.3974050651e+000 -1.2589120422e+001
103 51 57
3 12 2343 195.4100 -111.8200 13 2565 157.4900 -106.8800 14 2903 104.2100 -139.0500
1.7010333494e-001 -2.2910214536e-001 -9.6417151453e+000
82 82 59
3 12 2142 30.7500 -20.3800 13 2342 -17.6500 -28.5000 14 2692 -76.8000 -64.9400
-6.1396844020e-001 -4.0079626748e-002 -9.2809815719e+000
93 36 28
3 12 2232 -57.6100 0.7300 13 2425 -109.0200 -6.7800 14 2684 -166.9100 -40.4800
-5.5809529196e-001 6.7822070589e-001 -9.2514222941e+000
98 31 31
3 12 2207 -51.6100 83.1100 13 2403 -98.8800 78.0100 14 2662 -152.1700 41.6600
-9.3015696100e+000 5.6951931075e+000 -2.6664579176e+001
83 81 84
3 12 2169 -377.7700 222.2800 13 2373 -388.1500 307.6300 14 2722 -392.0100 332.0200
-2.5546346737e-001 5.0874988452e-001 -9.2199334121e+000
106 41 37
3 12 2336 -16.1800 63.6200 13 2559 -63.9200 55.8000 14 2895 -119.5200 17.6600
1.5198348010e-001 2.0425617347e-001 -9.5042091831e+000
97 68 28
3 12 593 29.4300 27.6300 13 663 -17.2300 19.2300 14 777 -74.1600 -18.8500
2.2687176402e-001 2.1825485181e-001 -9.5588871201e+000
100 68 30
3 12 1845 37.1300 29.1400 13 2033 -8.5000 20.8500 14 2365 -65.0800 -17.6500
2.2687176402e-001 2.1825485181e-001 -9.5588871201e+000
100 68 30
3 12 1846 37.1300 29.1400 13 2034 -8.5000 20.8500 14 2366 -65.0800 -17.6500
-6.1235280837e+000 2.4869980060e+000 -2.6245481511e+001
95 94 96
3 12 1919 -256.6100 98.9000 13 2083 -268.1900 171.9900 14 2411 -280.6100 187.4800
-5.9044170292e+000 2.4548347721e+000 -2.6450955040e+001
53 51 54
3 12 1921 -246.3400 96.9900 13 2084 -257.2600 169.5000 14 2412 -269.7400 184.4200
-5.7995894875e+000 2.3268290670e+000 -2.6568335226e+001
81 79 84
3 12 1816 -240.9900 91.4600 13 1984 -252.2900 163.7200 14 2304 -264.9200 178.5300
1.2325622579e+000 1.9943923506e+000 -1.1158772640e+001
229 187 79
3 12 2179 121.9700 191.8100 13 2380 97.7600 200.8800 14 2738 59.1300 161.7000
1.0806080886e-001 -6.9021260734e-001 -9.6737051497e+000
85 96 72
2 12 1955 23.7400 -70.6400 13 2260 -27.0300 -79.2300
-1.4722049363e+001 6.9459270453e+000 -3.1981985642e+001
211 193 177
2 12 1882 -495.5300 224.8800 13 2170 -504.0100 321.5900
-5.8274349998e+000 2.8243182286e+000 -2.6250803020e+001
42 37 41
3 12 1998 -244.6500 112.2400 13 2182 -255.6900 185.0300 14 2517 -267.3500 199.9800
-1.4986252404e+001 6.3290980977e+000 -3.2099481789e+001
201 179 168
3 12 1967 -502.4500 204.0300 13 2171 -511.4700 300.5400 14 2504 -512.0200 336.0100
-1.2870819697e+001 4.3601502074e+000 -3.0508437200e+001
217 201 193
3 12 1981 -454.2700 147.3600 13 2175 -466.2900 238.4900 14 2509 -472.2600 270.9200
-1.4634103794e+001 5.1450908207e+000 -3.1299533237e+001
146 133 127
3 12 1885 -502.7900 169.8700 13 2073 -513.3500 264.5600 14 2505 -516.7700 299.8800
-6.3363869761e+000 1.7585867469e+000 -2.6755401988e+001
106 105 110
3 12 2119 -260.3700 68.6800 13 2289 -272.7700 141.5200 14 2623 -286.5200 157.9500
-5.9652269334e+000 2.6421061643e+000 -2.6195060206e+001
98 99 101
3 12 2193 -250.6600 105.3100 13 2383 -262.1300 178.0000 14 2729 -274.0900 193.3500
-6.4755903680e+000 1.9785815587e+000 -2.6428638883e+001
45 43 48
3 12 2202 -268.8500 78.1300 13 2391 -281.1400 151.4200 14 2728 -294.9200 168.1600
-1.3901160444e+001 5.0917354372e+000 -3.0811061074e+001
118 109 110
2 12 2301 -485.7800 171.0600 13 2506 -496.4700 264.2800
-2.9853356386e-001 8.0783761576e-002 -9.2255863336e+000
102 38 37
3 12 2337 -20.5800 14.1100 13 2561 -71.3900 5.2300 14 2884 -130.2700 -31.2400
-7.3187612324e+000 5.0321206854e+000 -2.5031546416e+001
146 135 133
2 12 2375 -319.0700 210.2800 13 2581 -328.0700 288.5900
-1.2813582514e+001 4.0406918626e+000 -3.0027710730e+001
230 216 203
3 12 1895 -459.5200 139.0200 13 2077 -471.7800 229.0300 14 2406 -478.3200 261.7500
-6.0516011993e+000 2.7762470192e+000 -2.6215325890e+001
92 91 96
3 12 1904 -253.9700 110.5500 13 2081 -265.4200 183.7500 14 2410 -276.7400 199.0700
-1.5457248224e+001 5.0231556250e+000 -3.3405926981e+001
175 158 150
3 12 1979 -499.3400 155.9100 13 2173 -507.7400 250.7700 14 2402 -510.0600 286.0900
-6.5995101408e+000 1.1951098501e+000 -2.7031574537e+001
89 88 93
3 12 1935 -268.1000 46.2700 13 2114 -281.1400 119.2500 14 2417 -296.0000 136.5000
-6.4494717995e+000 1.1430118157e+000 -2.7193519558e+001
44 43 46
2 12 1936 -260.8200 43.9300 13 2115 -273.6800 116.8300
-6.4470117546e+000 1.1421667028e+000 -2.7186980154e+001
44 43 46
3 12 1937 -260.8200 43.9300 13 2116 -273.6800 116.8300 14 2427 -288.6400 133.4900
-6.2879971682e+000 1.5302345540e+000 -2.6871525289e+001
44 44 46
3 12 1934 -257.4600 59.5300 13 2113 -269.9700 132.1500 14 2418 -284.2500 148.4200
-1.4236262512e+001 3.5012418812e+000 -3.1938411073e+001
204 187 174
3 12 1997 -480.5800 113.2200 13 2177 -491.4600 205.0100 14 2511 -497.8700 239.1500
-6.7210258826e+000 1.4016133547e+000 -2.6997295874e+001
45 40 46
3 12 2026 -273.2900 54.2700 13 2212 -285.8800 127.8400 14 2521 -300.4200 145.1000
1.9702733299e+000 -1.2476913481e+000 -1.2288852850e+001
119 90 57
3 12 2155 171.1500 -101.7400 13 2353 133.1500 -97.8000 14 2701 80.0400 -129.6700
-1.4856091742e+001 5.5719619469e+000 -3.1973470763e+001
217 199 187
2 12 2174 -500.1200 180.3100 13 2275 -509.7400 275.4300
-1.6151569209e+001 5.1514270307e+000 -3.3955175266e+001
210 194 181
2 12 2182 -512.1000 156.7000 13 2376 -520.9100 252.9600
-1.6016563172e+001 5.1062184507e+000 -3.3690440205e+001
210 194 181
3 12 2183 -512.1000 156.7000 13 2375 -520.9100 252.9600 14 2614 -523.3000 289.4100
-6.4631422051e+000 1.3527610370e+000 -2.6970040402e+001
97 96 101
3 12 2027 -263.2300 52.3300 13 2213 -276.1300 125.3500 14 2622 -290.9300 142.2100
-6.2841077558e+000 1.3223679802e+000 -2.7103121613e+001
93 94 96
2 12 2029 -255.4200 51.0900 13 2214 -267.6900 123.5300
-7.0673647011e+000 1.0437658769e+000 -2.7865412112e+001
39 38 41
2 12 2211 -278.5300 39.2100 13 2297 -290.8200 113.4700
-1.6544370553e+001 5.8243561585e+000 -3.2942895860e+001
192 180 180
3 12 2173 -538.8200 182.2700 13 2274 -548.6600 280.7900 14 2723 -549.9700 319.1400
-9.3993447691e+000 4.7316900272e+000 -2.6274580852e+001
45 43 48
3 12 2370 -387.3400 187.9500 13 2575 -399.0700 270.8000 14 2919 -404.6400 295.7100
-9.0628365551e+000 2.4254911823e+000 -2.6308093461e+001
252 231 202
3 12 2377 -373.3300 96.1800 13 2582 -386.9800 175.2900 14 2930 -398.7800 199.0000
-9.0628365551e+000 2.4254911823e+000 -2.6308093461e+001
252 231 202
3 12 2378 -373.3300 96.1800 13 2583 -386.9800 175.2900 14 2931 -398.7800 199.0000
-3.9096443280e-001 1.0017659659e+000 -9.1417642674e+000
230 187 82
3 12 1652 -31.9100 121.2700 13 1486 -77.7800 116.1200 14 1716 -130.5600 77.4700
-1.0722138008e+001 4.7452671959e+000 -2.7342544886e+001
227 218 213
2 12 1600 -423.3400 180.4200 13 1959 -435.4500 267.1900
-5.8973570063e+000 2.2827299424e+000 -2.6419722851e+001
68 69 71
3 12 1354 -246.1500 90.4600 13 1806 -257.8000 162.2400 14 2094 -270.2400 177.7100
2.4818155172e+000 -1.2978057918e+000 -1.2683287472e+001
114 58 58
3 12 2157 206.7400 -102.5100 13 2355 170.8300 -97.7500 14 2704 118.1600 -130.9900
-4.4531913928e-001 3.0539678332e-001 -9.2401813034e+000
206 85 86
2 12 2279 -37.4100 39.8000 13 2485 -87.6400 32.8000
-6.3742550632e-001 -2.0484680883e-001 -9.3203331382e+000
255 221 88
3 12 2287 -59.2200 -18.5000 13 2429 -112.2000 -25.6500 14 2776 -171.7100 -57.5700
-1.2515193098e+001 3.6169353715e+000 -2.9547678721e+001
195 181 175
3 12 2094 -456.4300 126.6000 13 2278 -468.6300 215.2900 14 2618 -476.5300 247.4400
-1.0907285932e+000 3.6780182203e-001 -9.4224331755e+000
105 28 33
3 12 2306 -110.3700 46.0700 13 2511 -161.3000 44.9100 14 2856 -215.4000 15.3400
1.7112917676e+000 -1.0459170324e+000 -1.2335185166e+001
118 90 51
2 12 2298 148.9500 -84.8600 13 2496 111.2400 -78.1000
2.4174815416e+000 1.5145270555e+000 -9.9492599817e+000
157 168 163
2 12 317 265.1000 165.1800 13 405 240.0600 154.3200
9.9973568611e-002 2.0747498324e-001 -9.4733818885e+000
101 71 29
3 12 1416 23.6000 28.0500 13 1574 -23.0000 19.8600 14 1810 -80.2500 -18.4300
-1.0828085094e+001 4.7151037856e+000 -2.7198401094e+001
242 231 233
3 12 1239 -429.6800 180.3000 13 1320 -441.7700 267.1100 14 1516 -447.2400 294.9100
-1.0441154361e+001 4.5809578780e+000 -2.7007608241e+001
159 147 145
3 12 1240 -417.5000 176.2900 13 1332 -429.8400 262.6500 14 1518 -435.5800 288.8900
-6.2048704551e+000 2.6612684761e+000 -2.6236366755e+001
48 46 49
3 12 1903 -260.1300 105.9200 13 2082 -271.0200 179.1700 14 2409 -283.5300 195.1400
9.2576871820e-001 1.9678173552e+000 -1.1272534876e+001
116 45 47
3 12 2079 91.8100 187.3300 13 2287 66.5600 199.0300 14 2632 28.6700 161.9200
-6.8145545782e+000 4.5866777802e-001 -2.8120030491e+001
40 35 39
2 12 2125 -265.9800 16.7600 13 2221 -280.0900 91.1300
2.4818155172e+000 -1.2978057918e+000 -1.2683287472e+001
114 58 58
3 12 2158 206.7400 -102.5100 13 2356 170.8300 -97.7500 14 2703 118.1600 -130.9900
-4.7647305137e-001 -7.8459304319e-002 -9.2821435842e+000
247 210 89
3 12 2233 -40.2800 -4.5200 13 2426 -93.1200 -12.0200 14 2775 -152.6000 -45.7400
2.1847563620e-001 7.1462723312e-001 -9.5580325662e+000
54 51 45
3 12 2305 36.6400 83.7500 13 2541 -6.6600 77.8300 14 2878 -60.0600 38.6100
-1.0907285932e+000 3.6780182203e-001 -9.4224331755e+000
105 28 33
3 12 2307 -110.3700 46.0700 13 2512 -161.3000 44.9100 14 2857 -215.4000 15.3400
-6.6324915478e-001 3.2993021679e-001 -9.2526312562e+000
94 28 29
3 12 2310 -62.5800 42.7000 13 2514 -113.1600 36.6500 14 2858 -169.6700 3.4700
-1.2632548445e-002 8.7639454433e-002 -9.4978117916e+000
123 92 45
3 12 2338 11.6400 14.6600 13 2562 -36.9900 5.9700 14 2898 -94.6300 -29.0800
1.6726527271e+000 2.1056399612e+000 -1.0984637246e+001
220 180 97
2 12 1212 165.1500 206.0400 13 1361 145.0500 211.1900
-1.1769694154e+001 6.8262251305e+000 -2.7826900841e+001
252 238 237
2 12 84 -455.3400 254.6900 13 1280 -466.0200 347.3000
-1.2060122343e+001 6.6208909311e+000 -2.7942597097e+001
247 236 236
2 12 85 -464.4500 245.9900 13 7 -475.3200 338.6400
-1.1148706014e+001 4.6092921384e+000 -2.7166334279e+001
233 225 222
3 12 194 -442.4500 176.3600 13 1313 -454.9400 263.7700 14 1514 -460.6200 292.3000
-1.0960916279e+001 4.6097122560e+000 -2.7145704017e+001
231 222 219
3 12 196 -435.5000 176.5300 13 1314 -447.9700 263.5500 14 1515 -453.6500 291.6600
2.3300871230e+000 -8.7196780434e-001 -1.2567109608e+001
104 53 55
3 12 1869 195.9300 -68.2800 13 1662 162.8300 -62.9500 14 2252 111.3400 -97.2700
2.2996354537e+000 1.3169331134e+000 -9.9150182837e+000
108 102 102
2 12 1295 253.7300 144.9300 13 1491 226.6100 133.1500
-1.0798079751e+001 4.6104302746e+000 -2.7170836298e+001
221 211 206
3 12 197 -428.8700 176.4800 13 1331 -441.4300 263.1400 14 1517 -446.6500 290.6900
-6.0247452529e+000 2.4073327353e+000 -2.6301867670e+001
64 62 65
3 12 1352 -251.9400 95.6500 13 1391 -264.2600 168.0800 14 2093 -276.0200 183.7200
1.9702733299e+000 -1.2476913481e+000 -1.2288852850e+001
119 90 57
3 12 2156 171.1500 -101.7400 13 2354 133.1500 -97.8000 14 2702 80.0400 -129.6700
-4.0594591708e-001 6.9573986665e-001 -9.1875345961e+000
236 199 89
3 12 2208 -33.3800 85.2900 13 2405 -81.1100 79.0500 14 2758 -135.5700 41.6400
-1.2931503048e+001 5.0878256208e+000 -3.0032427942e+001
236 223 210
3 12 2175 -464.2500 175.4800 13 2374 -474.8500 267.3900 14 2613 -478.7900 299.0300
-1.0556994041e+000 1.9906645216e-001 -9.4761397121e+000
216 67 65
3 12 2224 -105.4700 26.5500 13 2417 -157.1400 25.6800 14 2768 -212.4600 -3.6000
2.4508006407e+000 -1.1380746932e+000 -1.2773725031e+001
230 222 211
2 12 2247 202.6700 -88.9400 13 2438 167.7200 -82.8400
-3.9614127325e-001 1.0190342841e+000 -9.1860395769e+000
233 189 84
3 12 2264 -32.1200 122.4700 13 2469 -78.1400 118.1100 14 2819 -130.5800 79.9800
-8.5537598905e-001 7.0449104508e-001 -9.3978649788e+000
215 96 93
2 12 2271 -83.6800 84.0000 13 2476 -132.6100 83.1800
-6.2576730938e-001 1.5201346214e-001 -9.3540556029e+000
217 76 76
3 12 2225 -57.2500 21.5300 13 2420 -108.6700 16.6500 14 2772 -166.1600 -16.1400
-4.7691672659e-001 1.0639201119e-001 -9.2609352343e+000
113 31 35
3 12 2280 -40.9300 16.9400 13 2486 -92.2900 9.4700 14 2835 -150.3600 -25.0900
3.6658667327e+000 -1.2704443429e+000 -1.2812077974e+001
68 58 60
3 12 2383 299.7400 -98.5000 13 2592 266.5300 -98.4700 14 2939 212.6800 -137.1800
3.6302745374e+000 -1.2033229722e+000 -1.2518363132e+001
66 56 57
2 12 2392 304.3000 -95.3000 13 2598 271.2200 -97.0900
-1.1780085233e+001 6.4479637778e+000 -2.7717473220e+001
235 223 224
2 12 90 -457.5300 241.5800 13 9 -468.6000 333.4500
4.4655873890e+000 2.7756392531e+000 -1.1686367604e+001
245 234 227
2 12 94 400.9200 251.4700 13 144 396.6300 252.4400
1.3309833328e+000 2.1212850252e+000 -1.1149177174e+001
222 189 92
2 12 137 131.1200 203.9900 13 1358 108.2000 213.2100
-1.0552591638e+001 4.5637643113e+000 -2.6952668877e+001
202 195 189
3 12 198 -422.5300 176.1100 13 143 -435.2600 262.1400 14 75 -440.8400 289.3300
-7.4113431540e-001 1.7283323866e+000 -1.0018648002e+001
135 53 58
2 12 209 -68.5700 186.8800 13 291 -107.4900 196.5700
2.4154638539e+000 1.3832065365e+000 -9.9614216368e+000
139 153 147
2 12 321 264.5800 151.1500 13 406 238.4700 139.6600
-1.3881523274e+000 1.0228778689e+000 -9.7695835861e+000
142 26 35
2 12 378 -139.5900 115.1400 13 459 -186.9100 122.7900
-1.3009670043e+001 2.2695426578e+000 -2.9540252814e+001
223 211 211
2 12 439 -474.4100 79.2900 13 281 -487.4600 167.4500
-1.3194789471e+001 2.2214862124e+000 -2.9751305350e+001
214 202 202
2 12 440 -477.5800 76.9300 13 375 -490.7600 165.5700
-1.2419260326e+001 2.2564054162e+000 -2.9348463721e+001
228 217 215
2 12 443 -456.3300 79.4100 13 377 -469.4300 166.4700
-1.0707960375e+001 1.9633296771e+000 -2.5720882640e+001
216 207 201
2 12 445 -448.1800 79.3200 13 378 -464.0800 161.4700
-1.2808629012e+001 1.6242494185e+000 -3.0054764890e+001
158 147 148
2 12 508 -459.5800 55.5100 13 382 -472.7200 142.9000
-1.0535686638e+000 4.3158106979e-001 -9.3947355132e+000
128 33 35
2 12 520 -106.4000 53.3300 13 588 -156.9200 52.1000
-8.6286052635e-001 -5.2108752923e-001 -9.6051791239e+000
212 91 90
2 12 693 -82.8900 -53.2000 13 793 -136.4300 -56.0500
-1.1435362772e+001 6.7326986179e+000 -2.7367837340e+001
224 213 214
2 12 1190 -449.8400 255.5000 13 1284 -460.8500 347.4200
-1.1726329546e+001 6.7132065350e+000 -2.7736010371e+001
228 216 216
2 12 1191 -455.1900 251.3500 13 1281 -465.9400 343.6100
4.9174782545e+000 2.7194782414e+000 -1.0949634676e+001
247 234 228
2 12 1195 471.6700 262.8700 13 150 469.5100 255.0900
1.5569400012e+000 2.0727415446e+000 -1.0809291325e+001
226 189 94
2 12 1211 158.2800 205.7700 13 1786 134.9400 211.1200
-1.0872042334e+001 4.9460914940e+000 -2.7261468936e+001
244 234 233
3 12 1238 -430.1900 188.5200 13 1319 -442.3500 276.0700 14 1496 -447.2700 303.9500
1.7866567180e+000 1.7241507000e+000 -1.0021799062e+001
130 70 72
2 12 1249 197.1500 186.0100 13 1403 170.8600 180.8400
4.8774129248e+000 1.8933949043e+000 -1.1025687224e+001
181 171 163
2 12 1257 465.6100 183.5500 13 1407 455.2200 172.0300
-1.2201174475e+001 2.6122020185e+000 -2.8844670530e+001
240 230 228
2 12 1344 -456.0300 93.7100 13 1386 -469.2400 180.6400
-1.2234939161e+001 2.4564722813e+000 -2.8981876702e+001
219 209 205
2 12 1345 -455.0500 87.5600 13 1389 -468.5300 174.6000
-1.2044462355e+001 2.4783580210e+000 -2.8818017101e+001
233 223 222
2 12 1346 -450.7900 89.0100 13 1388 -463.9700 175.4300
-1.1958899074e+001 2.3654551852e+000 -2.8982682249e+001
223 213 209
2 12 1350 -445.2700 84.4500 13 1390 -458.3400 170.6100
-1.1819355336e+001 2.0869548164e+000 -2.8850843642e+001
186 177 172
3 12 1351 -442.2000 74.8000 13 1437 -455.5400 160.5500 14 1572 -466.2600 190.2500
-1.2067483098e+001 1.9759190906e+000 -2.9238150535e+001
185 176 171
2 12 1381 -445.3900 69.7700 13 1438 -458.6400 155.8600
7.3974475634e-001 -6.2498123494e-002 -7.2862767680e+000
129 90 47
2 12 1443 134.3100 -2.4900 13 798 70.2400 -48.9500
7.4019553827e-001 -4.5695860186e-001 -9.9649258348e+000
69 34 27
2 12 1470 88.5900 -43.2800 13 1629 43.5500 -52.4700
5.3028351420e+000 -6.1920871170e-001 -9.9988019233e+000
201 188 182
3 12 1495 560.0200 -57.4200 13 1705 525.6400 -92.8400 14 1976 456.9100 -160.3300
-1.3585452742e+000 4.6012547798e-001 -9.6396894541e+000
215 95 96
3 12 1687 -138.3000 55.1800 13 1540 -188.2500 58.3300 14 1774 -239.5900 31.1600
5.3399374485e+000 7.8230389195e-003 -1.0043589334e+001
234 221 215
3 12 1711 560.9500 7.4400 13 1905 533.6700 -26.2300 14 2254 469.3800 -95.4700
1.2294353386e+000 2.1557770870e+000 -1.1284860458e+001
135 69 65
3 12 1773 119.5000 204.8400 13 2079 96.9900 215.5100 14 2519 60.2600 176.5000
1.3201711301e+000 1.8522985873e+000 -1.1224982971e+001
200 154 75
2 12 1781 129.1000 177.4500 13 1979 104.6400 185.7600
-1.3232842956e+001 4.6370726799e+000 -2.9983005755e+001
200 186 177
3 12 1791 -475.3400 160.2300 13 2076 -487.0300 251.6900 14 2403 -491.1300 284.3600
-8.2127382247e-001 1.2670746195e+000 -9.5527782446e+000
113 34 38
2 12 1794 -79.2800 145.1200 13 2105 -123.8700 148.5100
1.7505617588e-001 1.3210404718e+000 -9.4334980430e+000
57 53 52
2 12 1798 32.1500 153.0200 13 1991 -7.9700 149.4600
2.2562500951e+000 1.4460860943e+000 -9.9351833979e+000
112 163 160
2 12 1802 248.8200 158.1400 13 1996 222.0600 147.8400
-4.8335972335e-001 6.3540596393e-001 -9.2847661561e+000
203 99 92
3 12 1822 -42.0800 77.4200 13 2015 -89.9400 72.4400 14 2359 -144.1600 36.5100
1.5980847476e-002 -6.6310208041e-001 -9.5465583982e+000
62 68 56
2 12 1867 14.5600 -68.8200 13 1912 -37.7700 -77.8800
-1.0586968945e+001 5.7059855798e+000 -2.7227697885e+001
108 100 100
2 12 1883 -419.7100 217.8400 13 2072 -431.1000 306.1600
-3.9990711518e-001 1.4388089268e+000 -9.3748551062e+000
122 52 56
2 12 1888 -33.5100 167.9200 13 2205 -74.3200 167.0100
-1.5152943392e+001 5.1627696979e+000 -3.2701965410e+001
180 166 161
3 12 1894 -499.9200 163.7700 13 2075 -508.3800 258.3700 14 2401 -510.7800 293.4100
1.3625944469e+000 1.6578941963e+000 -1.1116366202e+001
150 92 46
3 12 1898 134.5700 161.0000 13 2208 109.0400 167.0200 14 2550 68.1700 127.1300
2.1955312460e+000 1.4325438186e+000 -9.9490469989e+000
79 87 89
3 12 1900 242.0900 156.4300 13 2108 215.5100 146.2600 14 2459 165.4000 93.9400
-9.5134365230e+000 3.2270902509e+000 -2.6121367586e+001
244 227 199
3 12 1902 -393.7500 128.7400 13 2180 -407.6700 210.0300 14 2512 -417.0200 234.8400
-5.5030120700e-001 1.0069525303e+000 -9.2878530338e+000
144 53 41
3 12 1915 -49.8700 119.6900 13 2219 -95.6400 117.3500 14 2651 -147.6700 81.0400
-3.5735460203e-001 9.1340672754e-001 -9.1178825924e+000
231 195 83
3 12 1916 -27.7800 111.2000 13 2121 -74.4100 105.2400 14 2464 -128.0900 66.3900
-3.5735460203e-001 9.1340672754e-001 -9.1178825924e+000
231 195 83
3 12 1917 -27.7800 111.2000 13 2122 -74.4100 105.2400 14 2465 -128.0900 66.3900
-4.7346298168e-001 7.1001271126e-001 -9.2762800694e+000
234 191 88
3 12 1927 -41.1400 86.0800 13 2125 -88.2700 81.2300 14 2352 -142.2200 44.9900
-3.8406431328e-001 5.8044649840e-001 -9.1751489144e+000
205 90 90
3 12 1928 -30.4800 71.9000 13 2128 -79.0900 64.8700 14 2472 -134.9900 27.9700
-3.8406431328e-001 5.8044649840e-001 -9.1751489144e+000
205 90 90
3 12 1929 -30.4800 71.9000 13 2129 -79.0900 64.8700 14 2473 -134.9900 27.9700
-1.5463357628e+001 2.2690004642e+000 -3.3001374771e+001
114 108 112
2 12 1932 -504.1000 70.2100 13 2094 -515.9500 163.4300
-1.3711208550e+001 7.0704761472e+000 -3.0583428521e+001
206 186 176
2 12 1965 -482.5500 239.5300 13 2168 -491.7700 335.3300
1.3597472374e+000 2.0411657096e+000 -1.1066117296e+001
178 118 56
2 12 1975 135.1100 197.9600 13 2280 111.5600 205.9800
1.7106906243e+000 1.7624706757e+000 -1.0080756469e+001
121 52 56
2 12 1977 187.8900 188.9000 13 2192 161.7000 184.9600
1.7093561255e+000 1.6808164412e+000 -1.0067661818e+001
165 80 83
3 12 1978 187.7900 180.6600 13 2193 161.5900 176.1000 14 2553 115.1500 126.8200
-9.4571585746e+000 3.4357133337e+000 -2.6118929170e+001
193 169 129
3 12 1982 -391.2500 136.7500 13 2178 -405.0200 218.7800 14 2513 -414.5000 243.3500
-9.4571585746e+000 3.4357133337e+000 -2.6118929170e+001
193 169 129
3 12 1983 -391.2500 136.7500 13 2179 -405.0200 218.7800 14 2514 -414.5000 243.3500
-4.4665194752e-001 1.3599316584e+000 -9.2550905441e+000
243 209 85
3 12 1988 -38.8700 161.0400 13 2295 -81.6900 159.4200 14 2636 -130.7600 120.8000
-6.3841600365e-001 1.1755044930e+000 -9.3942578069e+000
155 39 49
3 12 1990 -58.5300 136.5600 13 2204 -104.5800 137.9800 14 2556 -154.9700 102.6600
2.6351920668e-001 1.2739097379e+000 -9.5104271658e+000
88 98 72
2 12 1993 41.1800 146.6600 13 2207 2.2300 142.6900
2.1821385194e+000 1.0410531463e+000 -1.0473779811e+001
112 72 39
3 12 2013 226.7400 109.2300 13 2234 198.8000 102.6000 14 2565 149.1900 54.2600
2.1821385194e+000 1.0410531463e+000 -1.0473779811e+001
112 72 39
3 12 2014 226.7400 109.2300 13 2235 198.8000 102.6000 14 2566 149.1900 54.2600
2.2044197532e+000 9.6846726308e-001 -1.0327994595e+001
153 120 60
2 12 2015 232.8700 103.5100 13 2236 203.4800 94.8900
-6.0802389779e+000 1.6805734030e+000 -2.6815373362e+001
94 95 97
2 12 2028 -249.8100 65.4600 13 2195 -262.0900 137.8600
-1.1804558753e+000 -5.6991992485e-001 -9.8418434501e+000
125 35 45
2 12 2058 -116.1300 -57.1500 13 2258 -168.5300 -56.1300
-2.5013372612e+001 -1.6469634525e+001 -5.1983606866e+001
64 62 68
3 12 2069 -516.6000 -329.4600 13 2265 -526.0100 -222.4200 14 2605 -552.5400 -178.0500
9.6260031445e-001 1.8384873064e+000 -1.1198882374e+001
146 66 62
3 12 2080 96.4600 176.2900 13 2388 70.1800 186.5800 14 2737 30.5500 149.6200
1.3490192942e+000 1.9076134719e+000 -1.1021437760e+001
165 102 46
3 12 2082 135.1900 185.9400 13 2189 110.4000 192.7400 14 2535 70.2500 152.6500
-1.2901171034e+001 3.4440586388e+000 -2.9783189427e+001
239 219 205
3 12 2095 -466.2100 119.2000 13 2277 -479.4800 209.3500 14 2617 -486.5900 241.2800
-9.7562839269e-001 8.9637146973e-001 -9.2943974629e+000
217 85 82
3 12 2098 -98.7200 106.8100 13 2398 -146.9000 107.4200 14 2747 -198.8100 73.5000
-1.3310889288e+000 6.4078513337e-001 -9.5621976573e+000
137 29 39
3 12 2112 -135.1400 74.8600 13 2311 -185.8200 79.2300 14 2660 -237.3400 51.0300
1.5191012800e-001 6.8931759121e-001 -9.4905063000e+000
52 47 41
3 12 2113 29.4800 81.5600 13 2314 -14.3000 75.3800 14 2670 -68.2300 35.8700
1.5191012800e-001 6.8931759121e-001 -9.4905063000e+000
52 47 41
3 12 2114 29.4800 81.5600 13 2315 -14.3000 75.3800 14 2671 -68.2300 35.8700
-1.9826753219e+000 5.3014080281e-001 -1.0507720174e+001
227 107 101
2 12 2120 -191.7000 57.0600 13 2317 -238.2000 71.8000
-1.5687781831e+000 5.6483399048e-001 -9.8105386312e+000
170 33 41
3 12 2121 -158.2700 64.7600 13 2306 -208.3100 72.2100 14 2562 -258.5900 47.3800
-9.0211249105e-001 5.8525609888e-001 -9.4308029757e+000
135 29 37
2 12 2123 -88.5400 70.1700 13 2319 -138.3800 69.6100
-1.3679304402e+000 2.8623961251e-001 -9.5903029457e+000
142 31 39
3 12 2134 -139.1700 35.7400 13 2325 -190.9200 38.3100 14 2669 -244.4300 11.7800
-9.6708766711e-001 -1.2274295484e-001 -9.4424885272e+000
143 33 40
3 12 2139 -95.6900 -9.4400 13 2332 -148.8600 -12.3900 14 2683 -206.5700 -41.6800
1.7026177004e-001 -2.2928315617e-001 -9.6454065702e+000
82 82 59
2 12 2141 30.7500 -20.3800 13 2343 -17.6500 -28.5000
-1.5261033129e+000 -4.2678945902e-001 -1.0185937749e+001
218 97 93
2 12 2145 -148.5900 -40.7800 13 2252 -200.1800 -33.5700
-1.3033331993e+000 -4.6805359064e-001 -9.8307604356e+000
237 104 110
2 12 2146 -129.1200 -46.5400 13 2338 -182.3700 -44.1800
-1.1916697412e+000 -4.4243268162e-001 -9.7727400129e+000
143 34 40
3 12 2148 -117.7900 -43.8300 13 2339 -170.8600 -42.8400 14 2688 -227.8500 -68.3200
2.3176738860e+000 -5.0251237892e-001 -1.2040258229e+001
105 74 43
3 12 2150 204.8500 -38.9000 13 2346 171.3000 -37.7200 14 2693 121.0900 -74.7200
2.4391324089e+000 -3.8027223371e-001 -1.2036880128e+001
89 35 40
3 12 2151 215.7800 -28.5500 13 2347 182.8900 -27.3700 14 2694 132.6900 -65.2300
-8.8018365500e-001 -8.5613822640e-001 -1.0061091447e+001
193 90 91
2 12 2154 -81.9700 -86.0300 13 2349 -134.1700 -84.6900
-3.1696275781e+001 -1.8221116690e+001 -6.0887610472e+001
121 113 109
3 12 2159 -557.4000 -311.1800 13 2357 -564.1700 -200.4900 14 2705 -588.1900 -151.3800
-3.1696275781e+001 -1.8221116690e+001 -6.0887610472e+001
121 113 109
3 12 2160 -557.4000 -311.1800 13 2358 -564.1700 -200.4900 14 2706 -588.1900 -151.3800
-2.4662845682e+001 -1.6369957877e+001 -5.0545072137e+001
133 126 120
3 12 2162 -523.2700 -336.5800 13 2362 -533.1000 -229.7400 14 2709 -559.8500 -184.7600
-2.4662845682e+001 -1.6369957877e+001 -5.0545072137e+001
133 126 120
3 12 2163 -523.2700 -336.5800 13 2361 -533.1000 -229.7400 14 2708 -559.8500 -184.7600
1.1520512514e+000 2.1339752956e+000 -1.1296529541e+001
131 66 57
3 12 2170 112.3700 202.5300 13 2379 89.2500 213.5600 14 2731 52.3200 175.4100
-6.7147288484e-001 1.6424289626e+000 -9.9216957331e+000
206 95 88
3 12 2176 -61.5800 179.5500 13 2385 -100.9900 187.7500 14 2734 -144.6300 154.7300
1.2248326349e+000 1.8113246845e+000 -1.1217069424e+001
97 44 43
3 12 2180 119.4800 174.2500 13 2389 95.3500 182.2100 14 2739 56.5800 142.9900
1.4375908956e+000 1.9478709104e+000 -1.0814108147e+001
233 190 82
3 12 2181 146.8300 193.5500 13 2390 122.2300 198.5800 14 2740 81.5600 156.3300
-7.4947494653e-001 1.2633368950e+000 -9.5646676317e+000
219 95 90
3 12 2187 -70.8700 144.3300 13 2392 -115.3400 147.4000 14 2742 -163.5900 114.4300
-5.3038817991e-001 1.2060880014e+000 -9.1352195166e+000
254 218 88
3 12 2188 -48.1500 144.9500 13 2394 -93.6900 142.3100 14 2749 -144.8000 103.8300
-4.0895466379e-001 1.1850959934e+000 -9.1252022660e+000
148 86 42
3 12 2189 -33.7000 142.6500 13 2395 -79.1100 138.5900 14 2750 -130.8800 100.0100
-1.2305465573e+001 3.0296313236e+000 -2.9070509050e+001
178 170 168
3 12 2192 -456.3300 107.7800 13 2382 -469.0600 195.6500 14 2726 -477.9600 226.6100
-5.9652269334e+000 2.6421061643e+000 -2.6195060206e+001
98 99 101
3 12 2194 -250.6600 105.3100 13 2384 -262.1300 178.0000 14 2730 -274.0900 193.3500
-1.3096125073e+000 1.0840061217e+000 -9.9009945369e+000
131 27 37
3 12 2196 -130.0700 120.3300 13 2467 -175.4100 128.8100 14 2818 -221.5400 101.2100
-1.2025368929e+000 9.4804421117e-001 -9.7320677962e+000
214 92 90
3 12 2198 -119.6900 107.4200 13 2397 -166.6200 113.2300 14 2746 -215.2500 84.7500
-8.4179616694e-001 1.1537765038e+000 -9.4672789764e+000
114 30 37
3 12 2199 -82.4100 133.9000 13 2399 -127.6400 135.9800 14 2748 -176.6600 102.4000
-1.5058260224e+000 8.0785700923e-001 -9.8451230574e+000
216 98 94
2 12 2204 -151.0300 90.8300 13 2472 -199.9300 99.1800
-1.2991399312e+000 8.4564184039e-001 -9.6698971458e+000
114 27 35
3 12 2205 -131.2600 97.0800 13 2402 -178.7500 101.9800 14 2743 -228.7200 74.3700
2.8452724558e-001 6.9025137138e-001 -9.5729736526e+000
50 47 42
3 12 2209 43.5200 81.0000 13 2407 0.9600 74.7900 14 2764 -52.7600 34.8600
-1.3295510143e+000 5.4847353643e-001 -9.6038491736e+000
128 27 35
3 12 2214 -134.9500 64.9500 13 2411 -185.2800 67.8500 14 2755 -236.6800 41.0100
-1.0231285258e+000 5.4454971468e-001 -9.4298664470e+000
223 72 72
3 12 2215 -102.4000 65.5900 13 2412 -152.4000 65.5600 14 2760 -205.7800 34.7700
-1.4134155140e+000 -2.0710251073e-001 -9.9129500039e+000
116 31 38
2 12 2228 -140.0200 -18.3500 13 2424 -192.1800 -13.7900
-5.0901326785e-001 -2.4025559086e-001 -9.2778726257e+000
148 86 36
3 12 2234 -44.4400 -22.7500 13 2430 -97.6400 -31.0000 14 2777 -158.1600 -64.0800
-2.9352338010e+001 -1.7951463716e+001 -5.7686104281e+001
135 129 130
3 12 2251 -545.1500 -323.4600 13 2439 -553.0200 -213.6000 14 2790 -577.7400 -166.1500
-7.7991742866e-001 1.8023329790e+000 -1.0110359816e+001
119 46 48
2 12 2254 -72.3900 192.9300 13 2455 -110.4300 203.9200
1.5691974174e+000 1.9347383881e+000 -1.0727460805e+001
151 73 49
3 12 2256 161.1700 193.7600 13 2459 136.8500 197.5100 14 2811 95.4000 153.7400
-1.4962259028e+000 9.7051985981e-001 -9.7932659281e+000
135 28 36
3 12 2262 -151.0700 109.0700 13 2466 -198.7100 117.5100 14 2817 -246.5300 91.2700
-1.0132915401e+000 1.1166668276e+000 -9.6411954622e+000
217 100 93
3 12 2263 -99.2600 126.6800 13 2468 -145.5700 131.9000 14 2744 -194.3000 101.3200
-8.6608739693e-001 8.7910719387e-001 -9.3938154690e+000
121 31 35
3 12 2268 -84.8300 103.6200 13 2473 -132.8500 103.8100 14 2821 -184.5800 71.2100
-8.6529156854e-001 8.7887662583e-001 -9.4046580570e+000
121 31 35
2 12 2269 -84.8300 103.6200 13 2474 -132.8500 103.8100
-8.5537598905e-001 7.0449104508e-001 -9.3978649788e+000
215 96 93
2 12 2270 -83.6800 84.0000 13 2475 -132.6100 83.1800
-1.3099217527e+000 3.9598805903e-001 -9.5502075289e+000
210 91 88
3 12 2274 -132.8600 47.8700 13 2478 -184.4300 50.3700 14 2826 -238.0500 23.2400
-9.5272644458e-001 -1.8755116701e-001 -9.4487264220e+000
124 32 35
3 12 2285 -93.9300 -16.6800 13 2489 -147.2300 -20.1900 14 2833 -205.7500 -48.7500
-9.5272644458e-001 -1.8755116701e-001 -9.4487264220e+000
124 32 35
3 12 2286 -93.9300 -16.6800 13 2490 -147.2300 -20.1900 14 2834 -205.7500 -48.7500
2.8673907665e+000 -7.1130482436e-001 -1.2731462851e+001
81 41 43
3 12 2291 237.6000 -54.1300 13 2493 205.2800 -50.1200 14 2782 155.2900 -86.0600
1.6220709665e-001 -1.2794751104e-001 -9.5835588064e+000
53 48 45
2 12 2314 29.7800 -9.1100 13 2516 -17.5700 -18.0500
1.6220709665e-001 -1.2794751104e-001 -9.5835588064e+000
53 48 45
2 12 2315 29.7800 -9.1100 13 2517 -17.5700 -18.0500
2.8773817089e+000 -6.9306449929e-001 -1.2706082906e+001
77 40 41
2 12 2320 238.6900 -52.7300 13 2521 206.7100 -48.6000
3.5191571689e+000 -1.7341939949e+000 -1.3076389609e+001
145 140 135
2 12 2324 282.2500 -133.8800 13 2528 245.5000 -130.2700
1.2099865609e+000 8.4746679507e-001 -1.0400363981e+001
131 99 50
3 12 2333 130.3400 91.2700 13 2544 96.8300 86.8500 14 2877 48.9200 45.7300
1.2099865609e+000 8.4746679507e-001 -1.0400363981e+001
131 99 50
3 12 2334 130.3400 91.2700 13 2543 96.8300 86.8500 14 2876 48.9200 45.7300
1.1518587818e-001 -9.5855939992e-001 -1.0492195640e+001
96 54 55
2 12 2342 19.8700 -91.7100 13 2548 -26.4700 -92.9400
2.3157500462e+000 -1.3974050651e+000 -1.2589120422e+001
103 51 57
3 12 2344 195.4100 -111.8200 13 2566 157.4900 -106.8800 14 2904 104.2100 -139.0500
-2.2359750180e+001 -8.7582249389e+000 -5.6793011399e+001
36 35 40
3 12 2345 -429.0000 -161.4600 13 2523 -434.8200 -61.7300 14 2883 -453.0900 -24.6600
-1.1109119551e+001 4.2799370092e+000 -2.7516349995e+001
255 255 255
3 12 2346 -436.1100 161.9200 13 2551 -447.9300 248.5300 14 2890 -454.0800 276.4600
-1.1145786114e+001 1.7979474658e+000 -2.8524067678e+001
60 58 63
3 12 2352 -422.1500 65.1200 13 2555 -435.8000 149.1800 14 2891 -447.7100 177.6300
-1.2628082115e+000 1.6851011884e-001 -9.6806939091e+000
124 29 32
3 12 2355 -125.6600 21.7800 13 2547 -177.7500 25.4900 14 2881 -232.4100 -1.5200
-1.6763460485e+001 -8.0113000545e+000 -4.5946680115e+001
35 34 38
2 12 2359 -396.5400 -182.4700 13 2574 -408.6300 -88.1200
-2.7936833674e+001 -1.2323530098e+001 -5.8539737413e+001
95 91 92
3 12 2360 -514.6000 -219.8300 13 2564 -521.2000 -114.7600 14 2899 -540.8200 -70.0300
1.0809895847e+000 -1.0542704194e+000 -1.1473714876e+001
95 49 49
3 12 2382 103.8600 -91.7900 13 2591 63.1400 -89.3600 14 2938 8.6800 -121.2500
-8.0018516779e-001 1.1991544703e+000 -9.5080487422e+000
143 53 51
2 12 302 -77.3200 138.3600 14 1668 -170.6100 107.2800
-1.2943085069e+001 2.2136404246e+000 -2.9545438453e+001
208 199 198
2 12 441 -472.1500 77.4300 14 225 -494.9900 197.6000
-1.2592631893e+000 1.0203159974e+000 -9.7626164831e+000
138 41 44
2 12 1322 -126.1300 115.2800 14 545 -219.6600 93.3400
-1.3882729742e+001 5.6352850336e+000 -3.0998070943e+001
231 213 201
2 12 1971 -482.7000 188.4900 14 2506 -494.5300 315.8000
-2.7327586293e-001 1.2828314956e+000 -9.1835544628e+000
149 101 49
2 12 1991 -17.5800 152.7600 14 2546 -112.8800 110.0200
-1.4874819539e+001 3.9354154892e+000 -3.2404336039e+001
202 186 173
2 12 1996 -494.6100 125.4900 14 2405 -510.3100 254.0000
2.4534563796e-001 8.0291219166e-001 -9.6270896406e+000
76 82 54
2 12 2024 39.1600 92.7100 14 2664 -55.7400 48.7300
2.4534563796e-001 8.0291219166e-001 -9.6270896406e+000
76 82 54
2 12 2025 39.1600 92.7100 14 2663 -55.7400 48.7300
1.7794775650e-001 1.1745059362e+000 -9.4200647990e+000
64 64 52
2 12 2091 32.7300 136.7100 14 2652 -59.2700 90.9800
4.8539498402e+000 3.7313172972e+000 -1.1105514703e+001
233 224 214
2 13 11 464.2300 353.7300 14 80 433.7700 288.4900
4.8539498402e+000 3.7313172972e+000 -1.1105514703e+001
233 224 214
2 13 12 464.2300 353.7300 14 81 433.7700 288.4900
5.5102640411e+000 3.2851640671e+000 -9.7545931954e+000
231 221 214
2 13 35 599.3500 334.0000 14 132 561.0400 253.2500
5.5102640411e+000 3.2851640671e+000 -9.7545931954e+000
231 221 214
2 13 36 599.3500 334.0000 14 133 561.0400 253.2500
5.5863782667e+000 3.2118178898e+000 -9.6337016993e+000
237 225 219
2 13 41 614.6600 327.7900 14 140 575.1200 245.6200
5.5777263270e+000 3.2020566749e+000 -9.5644568867e+000
252 241 235
2 13 42 618.1300 328.5200 14 143 578.5000 245.5100
5.3643201233e+000 3.0113077201e+000 -1.0134932454e+001
247 234 228
2 13 69 559.0400 296.6900 14 183 519.5200 220.5900
5.4970417914e+000 3.1811892298e+000 -9.8703667696e+000
235 221 218
2 13 74 590.0500 319.7100 14 137 550.8800 240.4200
5.5441745942e+000 2.9862321166e+000 -9.6842602792e+000
239 225 219
2 13 83 605.1600 301.6200 14 198 563.7200 220.1900
5.6039155848e+000 3.0711158064e+000 -9.6163348022e+000
250 241 236
2 13 86 616.4800 312.1500 14 196 575.7300 229.5800
4.9090589926e+000 2.7775423936e+000 -1.0694832995e+001
227 214 208
2 13 109 481.6100 265.0400 14 262 442.4200 197.1000
5.3183474608e+000 2.8527309517e+000 -1.0214291156e+001
241 226 221
2 13 120 548.6200 278.3200 14 177 507.8400 203.5900
5.3183474608e+000 2.8527309517e+000 -1.0214291156e+001
241 226 221
2 13 121 548.6200 278.3200 14 178 507.8400 203.5900
5.3058868283e+000 2.8172614033e+000 -1.0184831505e+001
253 240 234
2 13 122 548.7500 275.1300 14 179 507.5400 200.2600
5.3058868283e+000 2.8172614033e+000 -1.0184831505e+001
253 240 234
2 13 123 548.7500 275.1300 14 180 507.5400 200.2600
5.4551001581e+000 2.7246897071e+000 -9.8734774620e+000
237 227 219
2 13 133 581.8600 269.3600 14 278 538.5200 190.7600
4.6582320076e+000 2.6080506912e+000 -1.1278584190e+001
221 211 204
2 13 148 429.8199 240.7100 14 256 391.7100 179.3200
4.9131407001e+000 2.7216013080e+000 -1.0950999408e+001
246 237 228
2 13 149 469.5100 255.0900 14 259 430.6400 189.5300
5.1983736550e+000 2.5101108648e+000 -1.0549108005e+001
231 218 210
2 13 163 515.6400 237.3500 14 371 473.1100 167.1700
5.3849182084e+000 2.5487425355e+000 -1.0015218442e+001
242 228 220
2 13 174 564.6000 248.0800 14 281 520.1300 171.6900
5.3849182084e+000 2.5487425355e+000 -1.0015218442e+001
242 228 220
2 13 175 564.6000 248.0800 14 282 520.1300 171.6900
5.3227450397e+000 2.4431260625e+000 -1.0189563992e+001
235 222 216
2 13 177 547.1500 234.5000 14 373 502.5900 160.2900
5.6074330949e+000 2.6398490178e+000 -9.6483610314e+000
242 230 222
2 13 187 611.4100 262.4700 14 299 566.3900 180.8100
5.6702340763e+000 2.5048910559e+000 -9.4180834805e+000
247 236 227
2 13 194 632.3900 250.3300 14 411 585.2000 166.0200
4.7168213432e+000 2.4520230147e+000 -1.1308270990e+001
219 209 200
2 13 219 432.9301 224.7200 14 356 393.7000 163.5000
4.7145832325e+000 2.4067065982e+000 -1.1327957007e+001
233 223 214
2 13 220 431.6100 220.0400 14 358 392.0200 159.1600
4.7145832325e+000 2.4067065982e+000 -1.1327957007e+001
233 223 214
2 13 221 431.6100 220.0400 14 357 392.0200 159.1600
5.3651457112e+000 2.3742724408e+000 -1.0108855147e+001
235 221 218
2 13 240 555.3800 227.9900 14 376 510.1600 152.6000
5.4625928566e+000 2.3226406543e+000 -9.8504758939e+000
248 239 235
2 13 244 580.5300 225.0500 14 389 533.6200 146.6600
5.4603913922e+000 2.2813051449e+000 -9.8412905840e+000
248 237 231
2 13 247 580.5900 220.5200 14 392 533.1000 142.2800
5.5014732517e+000 2.2127925560e+000 -9.7868204298e+000
236 224 219
2 13 258 587.5400 213.3600 14 507 539.4301 134.2100
5.5165877610e+000 2.1467663829e+000 -9.7990147178e+000
251 241 238
2 13 260 587.8101 205.6800 14 509 539.0601 126.7800
5.6434845454e+000 2.3120935147e+000 -9.4353822842e+000
243 229 224
2 13 269 626.7300 227.9400 14 419 577.5800 144.3900
5.6849978156e+000 2.3304518965e+000 -9.3944551336e+000
252 243 235
2 13 270 634.0699 230.3400 14 422 585.0900 145.9300
5.6849978156e+000 2.3304518965e+000 -9.3944551336e+000
252 243 235
2 13 271 634.0699 230.3400 14 423 585.0900 145.9300
5.6059021344e+000 2.1260109968e+000 -9.5283947967e+000
251 244 238
2 13 276 614.4500 205.8900 14 520 564.5000 123.4000
1.4168385124e+000 1.8011964080e+000 -1.1231527419e+001
136 83 34
2 13 301 113.4700 180.3200 14 344 74.4600 139.9100
5.3860312979e+000 1.8842256154e+000 -1.0038176977e+001
226 212 207
2 13 348 557.4301 175.2500 14 1725 507.4200 100.2800
5.4447245676e+000 1.9150962331e+000 -1.0068895909e+001
236 225 221
2 13 349 562.1100 177.7800 14 574 512.1400 102.9800
5.4241522228e+000 1.8471989714e+000 -1.0029501063e+001
246 233 227
2 13 350 561.4500 171.0900 14 575 511.2100 95.7400
5.5355809621e+000 1.9901694487e+000 -9.6863767569e+000
242 228 226
2 13 353 595.4900 189.2200 14 522 544.8500 109.3000
-1.1363112209e+000 1.3342133965e+000 -9.5311840386e+000
219 87 84
2 13 389 -160.5800 158.5200 14 454 -207.4300 127.6000
5.2268861554e+000 1.8156239214e+000 -1.0397488423e+001
220 207 201
2 13 411 520.4399 166.2000 14 568 471.8500 95.6700
5.1778592676e+000 1.7416334203e+000 -1.0349629789e+001
237 225 219
2 13 414 517.3000 159.1500 14 569 468.1300 88.4800
5.2738443234e+000 1.5298683167e+000 -1.0273515330e+001
212 198 193
2 13 422 529.4500 136.3600 14 651 477.6400 65.3200
5.5965967874e+000 1.7795294831e+000 -9.6091498965e+000
254 247 242
2 13 432 605.0400 165.5600 14 599 551.9301 85.0600
5.5216069546e+000 1.5120508516e+000 -9.7651406830e+000
230 217 212
2 13 495 584.5699 135.1200 14 663 529.9000 57.4200
5.5417903231e+000 1.4700203533e+000 -9.7100283793e+000
252 245 240
2 13 498 589.6300 130.6300 14 666 534.5300 52.1100
5.5775530267e+000 1.3204287627e+000 -9.6722451666e+000
239 225 222
2 13 502 594.3900 113.7000 14 727 537.6300 35.0700
-1.4554903069e+000 6.4364151437e-001 -9.5692946418e+000
224 115 111
2 13 520 -199.9000 79.8100 14 639 -250.9400 53.0400
-1.4213176848e+000 6.7321176420e-001 -9.5021110478e+000
234 124 120
2 13 521 -197.2800 83.0500 14 638 -248.3200 55.4300
-4.6414133190e-001 6.7044838934e-001 -9.2504188261e+000
210 123 79
2 13 523 -87.7100 76.3700 14 642 -142.1400 40.2300
5.3068152943e+000 1.0588344735e+000 -1.0175156369e+001
199 186 178
2 13 534 533.6801 86.4800 14 720 477.8400 15.2700
5.4592147646e+000 1.0178687395e+000 -9.8384378863e+000
246 235 231
2 13 551 568.4500 80.9400 14 788 510.4000 5.4000
5.4926178095e+000 9.3148262109e-001 -9.9075132198e+000
217 202 197
2 13 552 566.9600 71.3400 14 790 508.4399 -3.3500
5.5674111225e+000 1.0320461226e+000 -9.5965694206e+000
232 225 219
2 13 560 595.1200 81.5500 14 798 535.6801 2.7600
5.7047098773e+000 9.6348940892e-001 -9.4767479630e+000
254 251 246
2 13 575 617.0400 72.5700 14 814 555.9200 -7.9200
1.0634721912e+000 6.2878491834e-001 -1.0086232928e+001
104 67 22
2 13 592 83.8900 64.4100 14 712 31.4600 22.5100
2.7026016899e+000 6.8322350748e-001 -1.2422040073e+001
205 173 156
2 13 594 205.9500 66.7200 14 1777 161.8900 27.8200
5.5022306119e+000 8.4521136544e-001 -9.7670849662e+000
218 205 199
2 13 613 575.6100 61.4800 14 802 515.5699 -14.4700
5.4332232313e+000 6.5947091518e-001 -9.8927383915e+000
208 194 190
2 13 614 558.7500 42.2300 14 867 498.3500 -31.7600
5.4814205525e+000 6.9151280270e-001 -9.8050347184e+000
222 209 203
2 13 618 569.6000 44.8000 14 868 508.4100 -30.0400
5.6207438632e+000 8.4091999340e-001 -9.5597247761e+000
236 224 218
2 13 623 601.1801 59.6100 14 806 539.8199 -19.3300
5.6966032454e+000 7.7256270164e-001 -9.4810712605e+000
243 232 226
2 13 636 613.7200 51.0900 14 880 551.2100 -28.9500
-1.0331997688e+000 2.1609304598e-001 -9.3976043630e+000
219 68 67
2 13 659 -155.6200 26.8700 14 773 -211.2800 -3.0000
2.5180786098e-001 2.1314234668e-001 -9.5683173581e+000
111 78 34
2 13 665 -5.7100 20.2300 14 782 -62.4900 -18.2800
5.5009662540e-001 2.7853033266e-001 -9.7688145682e+000
114 82 34
2 13 666 27.6100 27.4500 14 783 -27.7700 -12.3400
5.4103382086e+000 3.6312755708e-001 -9.9762047304e+000
204 191 183
2 13 678 548.6100 10.8300 14 931 486.1600 -61.0600
5.4708870429e+000 4.1875229294e-001 -9.8541357541e+000
221 208 202
2 13 682 562.6300 15.5000 14 932 499.7400 -58.1100
5.6032509131e+000 5.2810155517e-001 -9.6467855318e+000
233 222 218
2 13 686 590.4800 25.1400 14 875 526.8800 -51.6400
5.6701207489e+000 6.2688521052e-001 -9.5415974677e+000
240 232 229
2 13 693 605.4000 35.0800 14 876 541.9000 -43.5500
5.5387774290e+000 4.9863836996e-001 -9.7320570563e+000
255 251 245
2 13 697 577.9600 22.9400 14 872 514.8900 -52.6100
5.4896269574e+000 1.8313324726e-001 -9.8035973464e+000
241 228 222
2 13 743 565.1600 -10.6800 14 937 500.0000 -84.1100
5.5257521428e+000 1.9144108596e-001 -9.7496754233e+000
228 217 211
2 13 744 572.1700 -10.4400 14 938 506.9000 -84.8800
5.6162505378e+000 2.0534012331e-001 -9.6013801434e+000
252 246 240
2 13 761 591.0699 -10.9900 14 949 524.8300 -87.5800
5.7917866925e+000 3.7992866249e-001 -9.3258138768e+000
253 250 246
2 13 772 630.2200 4.6500 14 965 562.9800 -76.1700
9.5993213138e-001 -4.5056146954e-001 -1.0185905510e+001
137 109 61
2 13 797 64.9600 -49.4200 14 925 6.2900 -87.5500
1.6519867229e+000 -7.4076166894e-001 -1.2541597821e+001
161 139 132
2 13 800 106.5400 -49.9700 14 927 55.9900 -79.6000
5.7824209306e+000 1.0590856117e-001 -9.2194209298e+000
241 232 227
2 13 846 633.3400 -27.8200 14 1037 563.1600 -108.9500
-1.0696169984e+000 -7.5887592743e-001 -1.0006128156e+001
153 70 72
2 13 863 -155.6700 -73.7500 14 993 -212.5800 -99.2000
-9.3733747436e-001 -9.1451317410e-001 -1.0285120657e+001
203 106 100
2 13 867 -137.9100 -86.3700 14 1920 -195.5100 -110.2300
2.7621147370e-003 -7.7621778131e-001 -9.6632290368e+000
56 53 52
2 13 868 -39.5200 -88.2900 14 1947 -101.9500 -121.8000
1.6703438225e+000 -8.3740212469e-001 -1.2277172834e+001
110 83 57
2 13 870 109.4000 -60.6800 14 1926 59.1200 -93.0500
1.8534433034e+000 -1.0741374724e+000 -1.2462309119e+001
85 44 41
2 13 871 122.4700 -79.7400 14 1001 70.1100 -110.6900
5.4708462122e+000 -5.3029023752e-001 -9.8167719693e+000
224 214 205
2 13 886 554.5900 -87.2100 14 1168 484.3300 -158.2600
2.3570756875e+000 -1.2277301935e+000 -1.2697611446e+001
165 127 118
2 13 944 160.6900 -91.0300 14 1948 108.3600 -123.9100
5.2018867280e+000 -8.6382444580e-001 -1.0348935209e+001
172 161 156
2 13 949 494.9900 -110.5700 14 1164 426.4200 -174.0400
5.7868881399e+000 -4.9549855635e-001 -9.2959511609e+000
254 249 241
2 13 988 621.2400 -94.9700 14 1198 546.7300 -173.1700
5.7359603036e+000 -9.8052694272e-001 -9.3164340245e+000
232 216 209
2 13 1047 608.4600 -148.5800 14 1346 530.2600 -224.2900
5.7359603036e+000 -9.8052694272e-001 -9.3164340245e+000
232 216 209
2 13 1048 608.4600 -148.5800 14 1345 530.2600 -224.2900
5.7830777623e+000 -9.9179215107e-001 -9.3569610099e+000
230 212 205
2 13 1074 610.5500 -148.9100 14 1347 532.7300 -224.6500
5.5199619146e+000 -1.2316715451e+000 -9.7145606158e+000
230 217 212
2 13 1107 557.8101 -164.5900 14 1341 481.4800 -234.3400
5.7025682059e+000 -1.1731198576e+000 -9.4932718386e+000
232 219 213
2 13 1112 591.0601 -164.9300 14 1351 513.0400 -238.0700
5.6967239983e+000 -1.1212772049e+000 -9.4184349830e+000
235 221 214
2 13 1118 595.8101 -161.2100 14 1350 517.6300 -235.3000
5.7613449472e+000 -1.2167015361e+000 -9.3630339444e+000
232 219 213
2 13 1122 604.9301 -173.3800 14 1353 525.6500 -248.2100
5.5549099539e+000 2.9501636875e+000 -9.6854572802e+000
255 248 242
2 13 1309 606.0800 297.2900 14 1554 564.0000 216.1100
5.0631362390e+000 3.0168471698e+000 -1.0684126522e+001
230 217 209
2 13 1322 499.1400 288.9100 14 172 461.8600 219.4600
5.0631362390e+000 3.0168471698e+000 -1.0684126522e+001
230 217 209
2 13 1323 499.1400 288.9100 14 173 461.8600 219.4600
5.1043290515e+000 2.9703853519e+000 -1.0779561850e+001
228 215 207
2 13 1324 498.3101 281.8500 14 174 460.4700 213.4700
4.9805420645e+000 2.5843158882e+000 -1.0842711594e+001
224 211 202
2 13 1334 480.0300 242.3900 14 265 439.6801 175.7100
5.6731898011e+000 2.6017506479e+000 -9.4249360617e+000
253 248 242
2 13 1342 633.1500 261.3200 14 1602 586.7600 177.1100
5.6346976541e+000 2.5546901317e+000 -9.3605784784e+000
235 222 216
2 13 1343 633.1000 257.3300 14 1603 585.9500 172.7200
-5.6543598147e-001 1.7895141641e+000 -9.9808672863e+000
191 97 95
2 13 1354 -88.2300 202.9900 14 2097 -130.2800 169.3200
9.8734729502e-001 2.1768588054e+000 -1.1187675467e+001
173 83 85
2 13 1357 74.7200 219.9400 14 2309 37.4600 182.3400
4.7609591690e+000 2.4325634562e+000 -1.1236509020e+001
212 202 194
2 13 1363 439.9800 223.4200 14 1634 400.2600 161.4500
4.7609591690e+000 2.4325634562e+000 -1.1236509020e+001
212 202 194
2 13 1364 439.9800 223.4200 14 1633 400.2600 161.4500
4.9269177732e+000 2.2958242069e+000 -1.0850526468e+001
236 223 214
2 13 1366 472.1500 213.3300 14 367 429.5900 147.6300
5.0217458611e+000 2.2067655436e+000 -1.0787755378e+001
210 200 191
2 13 1371 483.5699 204.4600 14 1637 440.1400 137.6700
5.2987489348e+000 2.3014460976e+000 -1.0019131142e+001
233 220 214
2 13 1372 553.1600 221.7400 14 1641 506.9100 146.0600
5.4361307026e+000 2.3167217409e+000 -9.9200667624e+000
253 246 237
2 13 1374 573.5000 223.6300 14 388 526.7700 146.1900
5.3849989830e+000 2.2419709543e+000 -1.0035537577e+001
231 218 213
2 13 1375 560.5400 214.4100 14 1642 513.8800 138.4000
5.5908125171e+000 2.0956389510e+000 -9.6968507504e+000
254 248 242
2 13 1383 601.7700 200.4100 14 1695 551.8000 120.3400
5.6599504921e+000 2.2964848192e+000 -9.4107462904e+000
255 252 247
2 13 1385 630.0200 226.3500 14 1653 580.6600 142.4200
1.5505126843e+000 1.7900391667e+000 -1.0862455027e+001
187 138 71
2 13 1399 132.0900 181.3300 14 347 90.5100 138.6000
5.1547777286e+000 1.8518361094e+000 -1.0387840488e+001
213 200 194
2 13 1413 513.9301 170.6300 14 1722 465.8300 100.2200
5.2449359761e+000 1.9136810716e+000 -1.0229328894e+001
220 209 203
2 13 1414 532.1300 177.9500 14 1687 483.8101 105.2600
5.3114657586e+000 1.9150471691e+000 -1.0219972535e+001
224 210 205
2 13 1419 539.5800 177.6000 14 503 490.8900 104.6600
5.4313577668e+000 2.0370071925e+000 -1.0165544603e+001
252 239 233
2 13 1420 556.0200 190.3000 14 1689 507.9000 115.9300
5.3529030371e+000 1.9409838957e+000 -1.0093687746e+001
225 212 206
2 13 1422 551.2700 181.1900 14 1691 502.1000 106.7800
5.4191961228e+000 1.8584881528e+000 -1.0074334674e+001
227 213 210
2 13 1424 558.3600 172.0300 14 1726 508.5300 97.0400
5.3447956665e+000 1.8121959231e+000 -1.0002451233e+001
232 219 213
2 13 1425 554.3800 168.1700 14 1727 504.0500 92.8700
5.6902521501e+000 1.9348009221e+000 -9.4826741572e+000
255 249 242
2 13 1431 624.7700 183.7200 14 1732 572.7200 100.6900
-9.7658341730e-001 1.2366725119e+000 -9.5515866184e+000
135 39 41
2 13 1444 -142.1300 145.9600 14 1666 -189.7400 114.0900
-8.0033818857e-001 1.2602847245e+000 -9.4662963505e+000
136 45 45
2 13 1446 -122.6000 148.2400 14 1667 -170.5900 114.3300
5.3420502231e+000 1.7337367065e+000 -1.0140797364e+001
222 209 203
2 13 1470 545.5800 158.5100 14 1728 494.8900 85.1200
5.3748675378e+000 1.6564295190e+000 -1.0115357265e+001
219 206 200
2 13 1472 549.4700 150.3100 14 1729 498.4000 76.2700
5.6171241614e+000 1.6673562723e+000 -9.5192222511e+000
254 243 240
2 13 1479 611.9399 153.3900 14 1733 557.6100 71.8100
5.2778596816e+000 1.4595397058e+000 -1.0201348724e+001
209 196 190
2 13 1494 532.7200 129.5600 14 1754 480.8800 57.1500
5.3960737487e+000 1.3027693029e+000 -1.0081175290e+001
213 200 194
2 13 1500 550.3500 112.1800 14 1781 496.0601 38.6700
5.4916583558e+000 1.3826991358e+000 -9.7722612664e+000
225 212 206
2 13 1501 579.5900 121.0300 14 1757 524.1100 43.7000
5.6988759186e+000 1.3943405307e+000 -9.3801359648e+000
236 222 219
2 13 1505 627.3700 122.1000 14 1788 569.8000 39.1400
5.6988759186e+000 1.3943405307e+000 -9.3801359648e+000
236 222 219
2 13 1506 627.3700 122.1000 14 1787 569.8000 39.1400
-1.3725093792e+000 7.6300488556e-001 -9.6789379465e+000
223 96 95
2 13 1513 -187.8000 93.1500 14 1744 -237.4300 65.9500
-4.0879115107e-001 6.5596219058e-001 -9.1763294726e+000
204 104 74
2 13 1514 -81.8200 74.2300 14 1776 -136.7100 37.0500
3.5480130841e-001 6.7229700747e-001 -9.4397716979e+000
119 89 47
2 13 1516 9.1900 71.9900 14 711 -45.2300 30.6300
2.0336891664e+000 1.0045807113e+000 -1.0457746909e+001
104 65 36
2 13 1518 183.1100 99.5800 14 1751 134.0900 52.1800
5.3296577871e+000 1.0766648214e+000 -1.0231208248e+001
200 187 179
2 13 1520 533.2000 88.1400 14 1780 477.5300 17.5000
5.5749114312e+000 1.0369126825e+000 -9.6987616412e+000
254 249 244
2 13 1527 589.5601 82.0400 14 1814 530.5000 4.5100
5.6192646169e+000 1.0169214015e+000 -9.5647025694e+000
235 220 214
2 13 1529 602.5200 79.4800 14 1815 542.7600 0.0300
-1.4324240862e+000 5.3115197522e-001 -9.5825647782e+000
227 186 185
2 13 1539 -197.4700 66.7500 14 2172 -249.1500 40.0500
1.0850515746e+000 6.5362718425e-001 -1.0025386652e+001
134 100 54
2 13 1541 87.0600 66.8300 14 713 34.4200 24.3300
1.2929362399e+000 6.5132595210e-001 -1.0266724757e+001
113 81 48
2 13 1542 106.6500 65.8600 14 2187 54.5900 23.8100
5.5554333894e+000 8.8484864848e-001 -9.6883677599e+000
230 218 212
2 13 1551 586.5800 65.2500 14 1816 526.2300 -11.8600
5.5853886138e+000 8.5584704398e-001 -9.5830087419e+000
228 215 209
2 13 1552 596.0400 61.6200 14 1819 535.0400 -16.9500
5.6200348922e+000 8.6957497489e-001 -9.4541197029e+000
241 229 222
2 13 1553 608.3700 62.5100 14 1825 546.6100 -17.6600
5.5442509970e+000 7.7833959074e-001 -9.7312768726e+000
227 214 208
2 13 1554 581.4800 53.7700 14 1818 520.7600 -22.7400
5.7063984298e+000 8.6714859446e-001 -9.4857099638e+000
254 251 246
2 13 1559 615.4900 61.7400 14 1826 553.7800 -18.5600
5.7053241880e+000 7.8090923105e-001 -9.4373765420e+000
254 252 245
2 13 1560 617.6400 51.8200 14 882 554.9900 -28.8400
5.7053241880e+000 7.8090923105e-001 -9.4373765420e+000
254 252 245
2 13 1561 617.6400 51.8200 14 881 554.9900 -28.8400
1.7487943319e+000 4.7343665919e-002 -1.1197024947e+001
71 91 89
2 13 1576 135.8100 7.5600 14 1845 84.3200 -31.0600
-5.3546725473e-001 8.5666783019e-003 -9.3677548256e+000
178 86 72
2 13 1598 -98.8900 -0.3700 14 1843 -156.5700 -34.0400
5.4873590883e+000 2.1647419179e-001 -9.8014362915e+000
224 212 204
2 13 1605 565.4800 -7.1300 14 933 500.4301 -80.5400
8.5914812146e-001 -4.4654484753e-001 -1.0118227260e+001
131 106 59
2 13 1630 54.8100 -49.4400 14 1883 -4.0600 -87.2900
5.3223941191e+000 -1.4868787868e+000 -1.0092358856e+001
217 204 196
2 13 1734 513.5100 -180.1200 14 2038 439.1500 -244.9100
5.6394049477e+000 2.9802097034e+000 -9.5447365554e+000
253 244 234
2 13 1771 624.3199 302.9700 14 2087 582.3800 219.6000
5.5328797058e+000 2.8764293918e+000 -9.7907889201e+000
234 223 214
2 13 1772 596.4000 287.1100 14 2085 554.0800 207.1100
5.5977399162e+000 2.8501189965e+000 -9.6168056685e+000
237 223 220
2 13 1775 614.0900 287.0900 14 2086 571.1600 204.7500
5.3693878712e+000 2.5029543331e+000 -1.0103494818e+001
235 222 216
2 13 1780 557.2600 241.9800 14 2139 513.0699 166.3400
4.7005937208e+000 2.3847743098e+000 -1.1187136947e+001
214 204 195
2 13 1790 435.9301 219.7400 14 2130 395.8500 157.7400
5.0424056021e+000 2.3133664009e+000 -1.0573216143e+001
218 205 197
2 13 1792 497.0699 217.7900 14 2135 453.5800 148.7900
-2.6852301334e-001 1.3773822040e+000 -9.3601962744e+000
147 106 59
2 13 1815 -60.1100 159.5600 14 2445 -108.6200 120.5800
1.9863150151e+000 1.4909322996e+000 -9.9202537786e+000
80 97 97
2 13 1824 193.3900 154.3700 14 2343 144.6400 102.6600
5.1264702740e+000 1.6117896041e+000 -1.0580644450e+001
196 184 178
2 13 1826 498.9900 144.5800 14 2166 450.0300 76.5500
-7.7929747887e-001 9.6813048345e-001 -9.2374576380e+000
195 83 77
2 13 1831 -124.2400 114.2500 14 2156 -175.7500 79.5000
5.5935196639e+000 1.2970012023e+000 -9.5958754355e+000
233 219 216
2 13 1838 600.7600 111.1300 14 2193 543.3900 31.6200
5.5935196639e+000 1.2970012023e+000 -9.5958754355e+000
233 219 216
2 13 1839 600.7600 111.1300 14 2194 543.3900 31.6200
5.7129906927e+000 1.4220002932e+000 -9.3484439483e+000
254 250 247
2 13 1841 631.5699 125.1200 14 2183 573.6801 42.0100
1.0321894105e+000 9.7089706613e-001 -9.8580309493e+000
131 97 52
2 13 1845 85.3600 101.9700 14 2353 33.7700 58.2500
5.2686755461e+000 1.1889679700e+000 -1.0236432526e+001
197 184 178
2 13 1848 527.6100 100.5400 14 2190 473.2600 29.7200
-1.7496629200e+000 2.5730930127e-001 -1.0054624136e+001
224 75 74
2 13 1858 -224.1300 39.7100 14 2186 -274.9700 18.3900
9.4261755103e-002 -6.6838884114e-002 -9.7033193930e+000
108 90 42
2 13 1888 -25.5000 -9.0000 14 2371 -82.5600 -45.2800
-1.4272109882e+000 -3.3484076201e-001 -1.0135239236e+001
183 87 83
2 13 1895 -190.2400 -24.8300 14 1839 -243.8700 -47.6500
5.3761835227e-001 -4.3461546472e-001 -9.9275915092e+000
132 99 55
2 13 1897 21.3300 -49.2500 14 2226 -38.1000 -85.9800
7.7185321238e-001 -4.3671973240e-001 -1.0037842765e+001
130 100 54
2 13 1899 46.1100 -49.1200 14 1882 -13.0800 -86.8200
1.8461506555e+000 -8.3003244771e-001 -1.2958460780e+001
149 124 116
2 13 1902 117.1800 -52.8100 14 2231 68.9200 -82.8800
5.3779046755e+000 -1.0279789158e-003 -1.0116259787e+001
227 214 208
2 13 1904 533.6700 -26.2300 14 2253 469.3800 -95.4700
5.5119615621e+000 -3.3370943977e-001 -9.8051925044e+000
219 209 202
2 13 1913 561.9399 -66.7500 14 2263 492.5300 -138.3700
5.5119615621e+000 -3.3370943977e-001 -9.8051925044e+000
219 209 202
2 13 1914 561.9399 -66.7500 14 2264 492.5300 -138.3700
5.3613159019e+000 -8.5942660036e-001 -1.0094169971e+001
206 195 188
2 13 1925 524.3199 -116.0100 14 2276 453.6600 -182.5700
5.3613159019e+000 -8.5942660036e-001 -1.0094169971e+001
206 195 188
2 13 1926 524.3199 -116.0100 14 2275 453.6600 -182.5700
5.3914138307e+000 -1.0405128873e+000 -9.9803135801e+000
219 206 197
2 13 1935 531.6000 -137.3800 14 2282 458.8900 -204.6200
5.3914138307e+000 -1.0405128873e+000 -9.9803135801e+000
219 206 197
2 13 1936 531.6000 -137.3800 14 2283 458.8900 -204.6200
5.7834286009e+000 -9.8679242272e-001 -9.2670829322e+000
231 215 211
2 13 1940 616.6801 -150.7100 14 2292 538.0400 -227.2700
4.8272750496e+000 -2.3356938290e+000 -1.0966295703e+001
186 177 172
2 13 1953 416.9200 -235.8900 14 2059 344.5200 -288.7000
5.5267454697e+000 2.9255662189e+000 -9.8054127295e+000
250 242 235
2 13 1960 595.2000 292.3900 14 2303 553.4500 212.4700
2.5612396668e+000 2.0095234405e+000 -1.0645960711e+001
154 72 81
2 13 1969 240.4000 200.5700 14 353 198.3100 148.9000
-4.6052913137e-001 1.7178104556e+000 -9.8130622044e+000
193 92 91
2 13 1974 -77.7800 196.0300 14 2316 -121.6500 161.0500
1.0019151798e+000 1.9098146739e+000 -1.1322062544e+001
161 76 75
2 13 1977 73.4500 191.9800 14 2123 34.9500 155.4400
1.0019151798e+000 1.9098146739e+000 -1.1322062544e+001
161 76 75
2 13 1978 73.4500 191.9800 14 2122 34.9500 155.4400
1.4079227824e+000 1.8226558528e+000 -1.0952977326e+001
210 165 76
2 13 1980 116.7600 184.6000 14 2124 75.9100 143.3500
1.3753282777e+000 1.3215696633e+000 -1.0032151020e+001
102 43 42
2 13 1994 122.6600 138.8100 14 2338 75.0000 92.1000
1.9863798269e+000 1.3648958749e+000 -9.9203654190e+000
74 109 105
2 13 1995 192.1000 140.5700 14 2342 143.1100 88.5600
2.2597674034e+000 1.4516969276e+000 -9.9727625790e+000
122 167 168
2 13 1997 222.0600 147.8400 14 2161 172.4400 95.0200
5.6449006931e+000 1.6908166712e+000 -9.4967447329e+000
238 224 220
2 13 2002 616.5601 156.0700 14 2349 562.4700 73.8800
2.9772119393e+000 7.2333276590e-001 -1.2871118884e+001
80 40 37
2 13 2022 220.5400 69.9700 14 2474 178.5600 31.1600
5.5949446871e+000 7.8207569600e-001 -9.6681535505e+000
225 214 208
2 13 2025 590.7400 53.6900 14 2367 529.7800 -23.9600
-9.5640452632e-001 3.5522815033e-002 -9.4771026138e+000
193 91 87
2 13 2038 -146.5900 6.3600 14 2364 -202.5700 -23.6800
-1.0028780269e+000 -3.3187940644e-001 -9.5745396822e+000
196 90 88
2 13 2049 -152.1900 -34.2000 14 2224 -209.9600 -62.4600
1.6277047740e+000 -7.8712642992e-001 -1.2243352794e+001
160 138 125
2 13 2058 106.8500 -57.0200 14 2498 55.7400 -88.4800
1.2347579915e+000 1.6777784656e+000 -1.1143312551e+001
155 114 60
2 13 2091 96.1600 169.6600 14 2549 55.9400 130.4000
-9.4527024331e-001 1.3993568411e+000 -9.5372925465e+000
240 125 125
2 13 2100 -137.9000 164.9400 14 2440 -184.5100 132.4400
-6.8254889339e-001 1.3919382972e+000 -9.4992276264e+000
108 32 36
2 13 2102 -107.7800 162.8000 14 2442 -154.8300 127.9100
2.9695397369e+000 5.8243512288e-001 -1.2277584355e+001
69 47 49
2 13 2130 230.4100 57.1500 14 2576 186.7000 14.5300
-1.4210808440e+000 2.7357744961e-002 -9.7420715170e+000
148 29 35
2 13 2136 -195.5200 10.7000 14 2481 -248.8300 -14.8700
-1.5329781638e+000 -2.4535897862e-001 -9.9168504823e+000
191 78 77
2 13 2140 -205.4400 -17.2600 14 2369 -259.7700 -40.2600
2.2026841510e+000 -6.3177194873e-001 -1.2500339330e+001
95 67 46
2 13 2154 153.8000 -43.0300 14 2495 104.1600 -77.1400
-1.4791495473e+000 1.3151650717e+000 -1.0130827258e+001
171 30 38
2 13 2197 -189.0600 154.0500 14 2433 -232.9200 129.0200
-1.2680070254e+000 1.2713009809e+000 -9.8044171818e+000
168 29 40
2 13 2201 -171.4700 150.0800 14 2438 -217.3100 121.8600
-1.2680070254e+000 1.2713009809e+000 -9.8044171818e+000
168 29 40
2 13 2202 -171.4700 150.0800 14 2439 -217.3100 121.8600
1.4674318756e+000 1.5197626291e+000 -9.8698789665e+000
122 43 48
2 13 2210 137.2400 161.0300 14 2551 89.0900 112.8200
-1.7543726507e+000 1.0991628100e+000 -1.0189248142e+001
166 32 39
2 13 2216 -219.0600 131.8700 14 2633 -263.1400 109.0000
-1.8781664254e+000 7.0613896001e-001 -1.0253893511e+001
210 76 72
2 13 2223 -232.2300 89.6800 14 2559 -278.8200 69.0300
-1.7778636602e+000 5.9967306273e-001 -1.0072822290e+001
169 27 37
2 13 2225 -225.7000 77.4100 14 2460 -273.9900 55.5000
-1.3253842962e+000 7.3801371576e-001 -9.5499851919e+000
218 104 98
2 13 2227 -184.6000 89.7800 14 2563 -235.7200 62.0600
-1.2995690686e+000 8.4625123747e-002 -9.5348840748e+000
186 70 70
2 13 2243 -184.7700 14.2600 14 2579 -240.2000 -12.4400
8.7141995459e-002 -1.0388823975e-001 -9.5336575721e+000
48 47 42
2 13 2246 -26.2700 -15.3700 14 2587 -85.3900 -51.8700
2.8855198585e+000 -1.0467063801e-002 -1.2485900956e+001
101 70 70
2 13 2248 216.1000 6.5300 14 2488 168.3500 -32.0500
-5.0499984142e-001 -7.3338265982e-001 -9.3553083580e+000
230 204 96
2 13 2259 -99.1300 -86.6500 14 2598 -162.2400 -118.3900
-1.1552946757e+000 1.3192652963e+000 -9.6717949562e+000
222 91 88
2 13 2293 -160.4800 155.7500 14 2635 -206.9500 126.0000
-1.6150119783e+000 9.9785648362e-001 -9.8115262538e+000
215 70 72
2 13 2301 -211.6200 120.9800 14 2555 -258.9800 96.0500
-1.0956802323e+000 1.0105758534e+000 -9.7395495957e+000
158 30 36
2 13 2302 -154.1600 119.6900 14 2648 -202.1700 90.2100
-8.0108637690e-001 1.0239715420e+000 -9.2878550253e+000
202 92 81
2 13 2303 -125.8200 120.8500 14 2650 -176.8600 86.6700
-1.5659495944e+000 6.9287634848e-001 -9.9274664450e+000
159 32 37
2 13 2308 -205.3300 86.5900 14 2658 -253.3900 61.7900
-1.4229844628e+000 5.9685469714e-001 -9.5581162864e+000
230 154 162
2 13 2309 -196.6100 74.2300 14 2659 -247.9700 47.1700
-2.1235096448e+000 3.7535489702e-001 -1.0588905670e+001
222 63 71
2 13 2316 -251.7100 56.7900 14 2665 -298.3400 39.6000
-1.5875242974e+000 3.3054403621e-001 -9.9386934040e+000
164 28 40
2 13 2318 -209.0500 46.7000 14 2668 -259.0700 22.5900
-1.2820865492e+000 -1.0223186175e-001 -9.7859987443e+000
218 102 98
2 13 2328 -179.2700 -4.4000 14 2680 -234.0700 -29.9300
2.3809437107e-001 -1.1484412238e-001 -9.6487998335e+000
47 49 43
2 13 2333 -9.4300 -15.9200 14 2686 -67.6700 -53.2200
-1.1936066264e+000 -4.4535782739e-001 -9.7875547985e+000
144 34 43
2 13 2340 -170.8600 -42.8400 14 2689 -227.8500 -68.3200
-8.8277457002e-001 -5.1092515714e-001 -9.6383290683e+000
212 101 94
2 13 2341 -138.3400 -54.1700 14 2691 -197.3100 -82.3600
3.9917185628e-002 -6.1197560892e-001 -9.8244025628e+000
66 63 55
2 13 2350 -33.7500 -67.8200 14 2696 -94.9300 -100.4600
-2.6157125244e-001 1.0091350538e+000 -9.0544948604e+000
143 94 41
2 13 2400 -62.7500 116.4000 14 2751 -116.0300 76.3200
1.9822977033e+000 1.2938353732e+000 -1.0088092302e+001
56 49 45
2 13 2401 187.9200 131.5000 14 2654 138.3200 81.8400
-4.0427673178e-001 6.9568653900e-001 -9.1788774299e+000
236 198 84
2 13 2406 -81.1100 79.0500 14 2759 -135.5700 41.6400
-5.8595923425e-001 3.1678042542e-001 -9.2774172619e+000
89 26 32
2 13 2418 -104.2600 35.4800 14 2770 -159.9900 0.6300
-1.3399587494e+000 -1.7076577802e-002 -9.5567129988e+000
116 27 33
2 13 2423 -190.1000 3.5600 14 2766 -244.7200 -23.5500
-9.7180693913e-001 -4.4847831862e-001 -9.5789035923e+000
109 31 39
2 13 2428 -149.3100 -47.3300 14 2690 -207.4700 -75.8400
1.3976896263e+000 -4.6417357767e-001 -1.1148650748e+001
92 44 44
2 13 2431 99.5900 -40.2600 14 2840 45.3100 -75.8800
1.8681974965e+000 -1.0744889897e+000 -1.2150709160e+001
88 45 47
2 13 2436 127.4000 -84.2700 14 2787 73.8000 -116.7600
1.8681974965e+000 -1.0744889897e+000 -1.2150709160e+001
88 45 47
2 13 2437 127.4000 -84.2700 14 2788 73.8000 -116.7600
-1.0303639034e+000 1.2912889304e+000 -9.5882840607e+000
136 33 40
2 13 2460 -147.4900 152.3500 14 2815 -194.6700 121.1700
-1.0303639034e+000 1.2912889304e+000 -9.5882840607e+000
136 33 40
2 13 2461 -147.4900 152.3500 14 2814 -194.6700 121.1700
2.0252765943e+000 1.1367015611e+000 -1.0343551749e+001
169 132 61
2 13 2470 185.7000 113.6200 14 2825 136.6800 65.4900
-5.8519374023e-001 5.0630768036e-001 -9.1870841716e+000
217 82 78
2 13 2479 -103.8200 57.4100 14 2763 -159.2800 21.9400
-4.5015529733e-001 4.8844520021e-001 -9.1941851720e+000
114 30 35
2 13 2480 -87.4700 54.3300 14 2827 -143.5600 18.1600
-4.5015529733e-001 4.8844520021e-001 -9.1941851720e+000
114 30 35
2 13 2481 -87.4700 54.3300 14 2828 -143.5600 18.1600
-1.3540069533e+000 2.3063555047e-001 -9.5600992324e+000
127 26 37
2 13 2482 -190.0100 31.5600 14 2831 -244.1400 4.9800
-1.1884296580e+000 5.8396052781e-002 -9.6398786545e+000
113 28 32
2 13 2484 -170.2900 11.5400 14 2767 -225.4400 -15.4200
-9.2265657578e-001 -1.2621320427e-002 -9.4298518812e+000
203 83 79
2 13 2488 -143.1700 -0.1700 14 2832 -200.5900 -29.9600
-8.9059083546e-001 -1.1330658125e+000 -1.0408454970e+001
226 222 213
2 13 2498 -132.0300 -107.1600 14 2841 -191.2400 -129.5300
6.8322205964e-001 2.1042734329e+000 -1.1514775488e+001
157 56 59
2 13 2508 42.3600 210.7700 14 2849 6.5100 176.6400
6.7652118510e-001 1.6908654639e+000 -1.1474453957e+001
79 35 38
2 13 2509 40.4100 170.7600 14 2850 0.6100 138.1500
-7.8862992483e-001 1.4756504543e-001 -9.3208686895e+000
115 27 30
2 13 2515 -128.8900 17.2800 14 2860 -184.6500 -15.7700
-3.3887149710e-001 -2.9672057453e-001 -9.2363942105e+000
131 91 42
2 13 2519 -78.4200 -38.8600 14 2863 -139.3900 -74.0200
3.8888744778e-001 -5.1188936704e-001 -1.0200778058e+001
128 96 49
2 13 2520 4.8100 -53.3200 14 2864 -54.7900 -85.9400
6.9635603549e-001 -1.2997543545e+000 -1.2125701860e+001
114 44 49
2 13 2527 23.7300 -99.1900 14 2842 -29.5800 -124.7700
-1.3976576653e+000 9.7825230368e-001 -9.8114086532e+000
133 29 36
2 13 2536 -187.3600 117.6300 14 2873 -234.7300 90.7800
2.1658278579e-001 7.1456997114e-001 -9.5772026913e+000
54 51 43
2 13 2542 -6.6600 77.8300 14 2879 -60.0600 38.6100
1.4596541900e+000 1.7251053784e+000 -1.1033696400e+001
201 153 69
2 13 2552 119.8000 174.1300 14 2894 79.4100 132.4700
2.4457485118e+000 1.9051605063e+000 -1.0810479152e+001
121 62 65
2 13 2554 223.1300 189.3100 14 2869 182.5700 138.5700
-4.9122167518e-001 1.2678967477e+000 -9.2288234288e+000
214 167 63
2 13 2557 -88.4200 148.9500 14 2892 -137.6500 110.6900
2.7442512030e+000 -1.0703062478e+000 -1.2762724069e+001
218 211 202
2 13 2577 192.4700 -78.5000 14 2928 141.1700 -113.8800
2.7442512030e+000 -1.0703062478e+000 -1.2762724069e+001
218 211 202
2 13 2578 192.4700 -78.5000 14 2929 141.1700 -113.8800
2.0872676990e+000 1.7620145751e+000 -1.0377097105e+001
91 46 51
2 13 2585 195.9300 179.8200 14 2932 151.4400 130.0700
9.8791561213e-001 6.2414588586e-001 -1.0717672754e+001
130 98 47
2 13 2588 69.2500 66.4300 14 2935 21.3100 27.8700
2.9643762569e+000 -2.4194963654e+000 -1.4303088234e+001
222 219 210
2 13 2600 178.4900 -158.5600 14 2947 126.5200 -186.9800
