# Bundle file v0.3
60 680
0 0 0
0 0 0
0 0 0
0 0 0
0 0 0
0 0 0
0 0 0
0 0 0
0 0 0
0 0 0
0 0 0
0 0 0
0 0 0
0 0 0
0 0 0
0 0 0
0 0 0
0 0 0
0 0 0
0 0 0
0 0 0
0 0 0
0 0 0
0 0 0
0 0 0
0 0 0
0 0 0
0 0 0
0 0 0
0 0 0
0 0 0
0 0 0
0 0 0
0 0 0
0 0 0
0 0 0
0 0 0
0 0 0
0 0 0
0 0 0
0 0 0
0 0 0
0 0 0
0 0 0
0 0 0
0 0 0
0 0 0
0 0 0
0 0 0
0 0 0
0 0 0
0 0 0
0 0 0
0 0 0
0 0 0
0 0 0
0 0 0
0 0 0
0 0 0
0 0 0
0 0 0
0 0 0
0 0 0
0 0 0
0 0 0
0 0 0
0 0 0
0 0 0
0 0 0
0 0 0
0 0 0
0 0 0
0 0 0
0 0 0
0 0 0
0 0 0
0 0 0
0 0 0
0 0 0
0 0 0
0 0 0
0 0 0
0 0 0
0 0 0
0 0 0
0 0 0
0 0 0
0 0 0
0 0 0
0 0 0
0 0 0
0 0 0
0 0 0
0 0 0
0 0 0
0 0 0
0 0 0
0 0 0
0 0 0
0 0 0
0 0 0
0 0 0
0 0 0
0 0 0
0 0 0
0 0 0
0 0 0
0 0 0
0 0 0
0 0 0
0 0 0
0 0 0
0 0 0
0 0 0
0 0 0
0 0 0
0 0 0
0 0 0
0 0 0
0 0 0
0 0 0
0 0 0
0 0 0
0 0 0
0 0 0
0 0 0
0 0 0
0 0 0
0 0 0
0 0 0
0 0 0
0 0 0
0 0 0
0 0 0
0 0 0
0 0 0
0 0 0
0 0 0
0 0 0
0 0 0
0 0 0
0 0 0
0 0 0
0 0 0
0 0 0
0 0 0
0 0 0
0 0 0
0 0 0
0 0 0
0 0 0
0 0 0
0 0 0
0 0 0
0 0 0
0 0 0
0 0 0
0 0 0
0 0 0
0 0 0
0 0 0
0 0 0
0 0 0
0 0 0
0 0 0
0 0 0
0 0 0
0 0 0
0 0 0
0 0 0
0 0 0
0 0 0
0 0 0
0 0 0
0 0 0
0 0 0
0 0 0
0 0 0
0 0 0
0 0 0
0 0 0
0 0 0
0 0 0
0 0 0
0 0 0
0 0 0
0 0 0
0 0 0
0 0 0
0 0 0
1.6212345821e+003 4.5226619733e-002 -8.2868146630e-002
9.9999976121e-001 -5.3332557497e-004 -4.3947223000e-004
5.3325349354e-004 9.9999984435e-001 -1.6411902328e-004
4.3955969047e-004 1.6388463399e-004 9.9999988996e-001
-7.4790316545e-003 -4.9744849167e-003 6.5902436221e-002
1.6182527776e+003 4.7044463433e-002 -8.9716206346e-002
9.9946151618e-001 3.2205884917e-002 6.2816117508e-003
-3.1680166004e-002 9.9697891490e-001 -7.0918335665e-002
-8.5466222241e-003 7.0681144786e-002 9.9746234567e-001
-1.4793040739e-001 -9.1873799484e-001 -2.6686498989e-001
0 0 0
0 0 0
0 0 0
0 0 0
0 0 0
0 0 0
0 0 0
0 0 0
0 0 0
0 0 0
0 0 0
0 0 0
0 0 0
0 0 0
0 0 0
0 0 0
0 0 0
0 0 0
0 0 0
0 0 0
0 0 0
0 0 0
0 0 0
0 0 0
0 0 0
0 0 0
0 0 0
0 0 0
0 0 0
0 0 0
0 0 0
0 0 0
0 0 0
0 0 0
0 0 0
0 0 0
0 0 0
0 0 0
0 0 0
0 0 0
0 0 0
0 0 0
0 0 0
0 0 0
0 0 0
0 0 0
0 0 0
0 0 0
0 0 0
0 0 0
0 0 0
0 0 0
0 0 0
0 0 0
0 0 0
0 0 0
0 0 0
0 0 0
0 0 0
0 0 0
0 0 0
0 0 0
0 0 0
0 0 0
0 0 0
0 0 0
0 0 0
0 0 0
0 0 0
0 0 0
0 0 0
0 0 0
0 0 0
0 0 0
0 0 0
0 0 0
0 0 0
0 0 0
0 0 0
0 0 0
0 0 0
0 0 0
0 0 0
0 0 0
0 0 0
0 0 0
0 0 0
0 0 0
0 0 0
0 0 0
0 0 0
0 0 0
0 0 0
0 0 0
0 0 0
0 0 0
0 0 0
0 0 0
0 0 0
0 0 0
3.9740440501e-001 -1.0647328538e+000 -9.0903758659e+000
160 41 54
2 38 613 70.7800 -191.9800 39 693 27.3100 -232.0200
-2.7780333944e-001 -9.2460427617e-001 -8.5570223714e+000
155 152 136
2 38 1931 -53.0700 -177.4100 39 1694 -93.6700 -223.7300
-7.4920667411e-001 -1.0597081099e+000 -8.5951854508e+000
27 56 41
2 38 2120 -143.1600 -202.3700 39 1902 -179.1500 -244.1400
-2.1657928944e-001 -8.5096644417e-001 -8.5060249972e+000
31 60 43
2 38 1511 -43.2600 -164.1300 39 618 -80.8100 -212.8800
-2.3926120766e-001 -6.7320412762e-001 -8.2595979108e+000
159 170 103
2 38 1918 -47.9100 -134.0000 39 1885 -87.3800 -188.7200
4.8749490662e-001 -8.7875689704e-001 -8.8374437626e+000
166 45 48
2 38 1514 89.5200 -163.1100 39 1461 45.2900 -209.5400
-2.1657928944e-001 -8.5096644417e-001 -8.5060249972e+000
31 60 43
2 38 1512 -43.2600 -164.1300 39 619 -80.8100 -212.8800
5.9328438011e-001 -6.3682005204e-001 -8.5273772552e+000
165 34 44
2 38 1723 113.1600 -122.7100 39 1681 68.0000 -177.5900
1.0235667221e+000 -1.0213246426e+000 -9.2419377073e+000
144 86 82
2 38 1175 180.3900 -181.1400 39 1151 132.9500 -222.5600
-5.9975386694e-001 -4.1534544077e-001 -7.9186025017e+000
137 145 66
2 38 1888 -124.5800 -86.6100 39 1872 -160.3500 -148.7600
-3.9456752114e-001 -2.8626612268e-001 -7.8680711758e+000
159 162 24
2 38 1441 -82.9100 -60.2900 39 1051 -119.5400 -126.1800
-2.7157595361e-002 -1.6274095667e-001 -7.9290185791e+000
29 57 34
2 38 1877 -7.4800 -34.1900 39 1664 -44.3800 -102.5400
-5.6562285955e-002 -3.1865300291e-001 -8.0283582016e+000
22 56 37
2 38 1705 -12.8500 -65.5700 39 1402 -51.1500 -129.8900
-5.6562285955e-002 -3.1865300291e-001 -8.0283582016e+000
22 56 37
2 38 1704 -12.8500 -65.5700 39 1401 -51.1500 -129.8900
-6.7332094208e-001 -3.7139644392e-001 -7.8354131347e+000
29 60 41
2 38 1715 -141.1600 -78.3900 39 1668 -176.5200 -142.3000
-4.6281973045e-001 -4.7583877697e-001 -7.9922964856e+000
147 144 43
2 38 1716 -95.5700 -98.1400 39 1429 -132.2800 -158.9900
2.5103967950e+000 -8.7137352776e-002 -8.9017298632e+000
193 141 109
2 38 1427 460.9000 -16.3300 39 1032 407.8199 -80.4200
-1.0137885613e+000 -4.9063657860e-001 -7.7778040815e+000
23 50 23
2 38 1481 -213.2800 -104.1900 39 526 -247.6200 -165.8200
3.6951381738e+000 -1.0372833063e-001 -9.2394584579e+000
134 48 51
2 38 1703 656.2900 -18.7800 39 1398 594.5200 -82.5300
3.2491940560e+000 -5.2532522973e-001 -9.5130287450e+000
195 134 114
2 38 1018 559.4000 -90.8100 39 1090 500.1801 -144.0800
-7.3827972414e-001 -7.0709131022e-001 -8.1379010166e+000
30 67 35
2 38 1914 -148.8600 -142.9400 39 1894 -184.7400 -196.6800
-3.9456752114e-001 -2.8626612268e-001 -7.8680711758e+000
159 162 24
2 38 1440 -82.9100 -60.2900 39 1050 -119.5400 -126.1800
1.4530544830e+000 -8.6637018139e-002 -8.4066708543e+000
186 128 109
2 38 1690 282.3300 -17.4500 39 1382 233.0601 -84.9500
-3.8213277665e-001 -6.9331182023e-001 -8.2097817143e+000
125 139 68
2 38 1917 -77.1400 -138.8000 39 1680 -114.6700 -193.5400
-5.3544130851e-001 -3.3756768439e-001 -7.8443368676e+000
26 56 27
2 38 1461 -112.1600 -71.2300 39 1425 -148.6800 -136.1400
-5.3544130851e-001 -3.3756768439e-001 -7.8443368676e+000
26 56 27
2 38 1462 -112.1600 -71.2300 39 1426 -148.6800 -136.1400
3.3723356664e+000 3.9532822925e-002 -8.9628522457e+000
196 137 107
2 38 2331 616.2700 7.0700 39 2305 558.2400 -61.8900
3.9025934545e+000 -1.1490118612e-001 -9.3512116209e+000
194 139 93
2 38 377 684.7800 -20.4500 39 428 622.6801 -83.2900
1.6792372107e+000 -1.3244918360e-001 -8.5547824899e+000
190 125 105
2 38 1693 320.5601 -25.8500 39 1384 270.4100 -91.3300
2.5103967950e+000 -8.7137352776e-002 -8.9017298632e+000
193 141 109
2 38 1426 460.9000 -16.3300 39 1033 407.8199 -80.4200
3.2652296876e+000 -1.8726701837e-001 -9.2069646615e+000
139 96 84
2 38 1436 581.2500 -33.6900 39 1396 522.2900 -95.1400
-7.2520675284e-001 -3.4265128583e-001 -7.7545886529e+000
135 136 74
2 38 1713 -153.8500 -73.1400 39 1422 -188.2900 -138.8500
7.4064353746e-001 -3.1478652042e-001 -8.3127524125e+000
174 114 81
2 38 1884 145.0699 -62.5600 39 1868 99.7900 -125.6400
3.2233218447e+000 -5.7894297889e-001 -9.5500048640e+000
188 126 107
2 38 1020 553.1801 -99.7500 39 503 493.0800 -151.6000
-1.5794513569e-001 -4.5881742591e-001 -8.0548346426e+000
150 152 62
2 38 1718 -32.5500 -93.9100 39 1670 -72.3900 -155.4000
-1.5794513569e-001 -4.5881742591e-001 -8.0548346426e+000
150 152 62
2 38 1717 -32.5500 -93.9100 39 1669 -72.3900 -155.4000
1.0751100081e+000 -5.5995817194e-001 -8.6472703419e+000
17 56 92
2 38 1900 202.8600 -106.4800 39 1874 154.5400 -162.6000
-8.1076592228e-001 -1.0456369390e+000 -8.5332504361e+000
143 154 67
2 38 1539 -156.5800 -201.1200 39 1174 -190.9800 -243.8500
-6.6927364064e-001 -9.6419675006e-001 -8.4623206163e+000
114 137 124
2 38 2114 -130.4100 -187.0400 39 2071 -166.0200 -232.6300
-3.6613301928e-001 -9.7684068510e-001 -8.6187030289e+000
35 58 41
2 38 2118 -70.1600 -185.9800 39 1904 -108.6400 -230.3900
1.1384944145e+000 3.3924991727e-002 -8.1585165053e+000
17 85 134
2 38 2288 227.6100 6.1800 39 2260 180.8000 -65.8900
4.9091087571e+000 2.6558385556e-001 -9.5442852850e+000
161 98 58
2 38 328 844.0500 45.6900 39 357 781.6300 -22.1500
4.3519566538e+000 1.9193636890e-001 -9.3954511474e+000
90 65 61
2 38 937 760.3400 33.3500 39 993 698.7300 -33.4900
3.9752567038e+000 5.2373647395e-002 -9.2775004492e+000
190 82 42
2 38 947 703.4000 8.9500 39 1009 641.4600 -56.8600
1.3713148619e+000 -3.2116236013e-002 -8.3663728363e+000
187 130 105
2 38 1409 267.5500 -6.8600 39 1378 219.4000 -75.2500
3.2652296876e+000 -1.8726701837e-001 -9.2069646615e+000
139 96 84
2 38 1435 581.2500 -33.6900 39 1395 522.2900 -95.1400
4.3758247529e+000 -5.4278902006e-002 -9.5513758040e+000
185 162 144
2 38 984 751.8101 -9.5000 39 1044 689.0000 -71.8500
2.6636269429e+000 1.3455170544e-001 -8.7472358324e+000
169 33 48
2 38 1872 499.1100 24.7100 39 1649 443.5000 -44.6700
1.0087306894e+000 -2.0220588241e-001 -8.3317813079e+000
14 59 83
2 38 1443 197.6600 -40.3500 39 1406 150.4700 -105.6200
3.3623273510e-001 -6.2404292043e-001 -8.3945558736e+000
131 88 79
2 38 1492 64.7300 -122.1700 39 1446 21.5600 -178.2400
-3.1868915101e-001 -6.3245322749e-001 -8.1104579014e+000
33 60 32
2 38 1896 -65.3200 -128.2300 39 1884 -103.3300 -185.9400
1.9020940331e-001 -6.6594695620e-001 -8.5352686211e+000
161 107 104
2 38 2099 35.3800 -128.1300 39 1886 -5.6200 -180.4100
3.3033017309e+000 -7.0357173462e-002 -9.1380704208e+000
195 144 124
2 38 980 592.6500 -12.9800 39 423 533.7800 -76.8300
-5.8960108431e-002 -1.0200166990e-001 -7.8940639107e+000
147 156 129
2 38 1876 -12.9600 -21.9000 39 1858 -51.6700 -91.1200
4.5055978539e+000 3.4736461371e-001 -9.3544418781e+000
34 18 32
2 38 1679 790.5601 60.8700 39 1365 729.6700 -8.8200
4.4177369171e+000 2.4651522203e-001 -9.3827272982e+000
184 159 142
2 38 1391 772.7000 43.0200 39 996 711.6000 -24.9500
1.3917547551e+000 -1.2698441681e-001 -8.4181317564e+000
114 59 63
2 38 371 269.6300 -25.2100 39 395 221.3800 -91.8800
-3.4634887258e-001 -4.0938093203e-001 -7.9997302537e+000
24 53 30
2 38 1465 -72.3600 -84.3700 39 1078 -108.2900 -146.6400
4.0529849109e+000 -6.3795775628e-001 -1.0052823952e+001
172 146 128
2 38 1506 661.5100 -104.4200 39 1437 598.2500 -151.9600
-4.9275278851e-001 -8.3497015206e-001 -8.3544010169e+000
28 55 40
2 38 1929 -96.9800 -164.1800 39 1691 -134.8500 -213.9500
3.0909600139e-001 -5.3941288780e-001 -8.2883459651e+000
173 156 133
2 38 1042 60.2300 -107.0600 39 1110 17.3200 -165.8800
1.4832752938e+000 -9.2079032028e-001 -9.2394626458e+000
140 80 70
2 38 1119 262.2800 -163.5000 39 631 211.1000 -208.1900
-2.3973091998e-001 2.9384850802e-001 -7.6372412000e+000
160 158 137
2 38 2083 -52.0200 62.0800 39 1857 -87.9500 -15.7300
4.9449900340e+000 1.4314955673e-001 -9.6525555916e+000
159 92 46
2 38 1404 840.8000 24.3000 39 1012 777.3700 -40.7800
4.7042259485e+000 2.5478820740e-001 -9.4145181942e+000
183 100 52
2 38 2192 820.1801 44.3600 39 2046 757.5100 -24.6400
2.9425866999e+000 1.3012048451e-001 -8.8523549563e+000
170 34 47
2 38 2193 545.1000 23.6300 39 2047 488.0200 -45.1900
3.4788643476e+000 5.5978702534e-001 -8.9816306988e+000
22 20 44
2 38 1867 635.1600 102.0300 39 1854 580.4900 29.2900
4.4169148082e+000 3.2643271755e-001 -9.3212831891e+000
37 17 19
2 38 938 777.8600 57.3500 39 994 716.7900 -12.2700
4.4761676157e+000 2.9415215183e-001 -9.3688315125e+000
186 159 138
2 38 1390 784.1600 51.4400 39 1366 723.0100 -17.4400
4.4345478217e+000 1.3906833002e-001 -9.4469744415e+000
190 173 145
2 38 1688 770.9500 23.8900 39 1653 707.8600 -41.8300
3.2834346157e+000 -1.3770372994e-001 -9.1654831063e+000
199 145 114
2 38 1433 587.8500 -25.1200 39 1042 527.5500 -87.5100
3.8364010249e+000 -1.8325370231e-001 -9.4425218608e+000
193 129 58
2 38 375 666.3700 -32.1000 39 426 605.1100 -92.4600
-3.7519115774e-001 -3.7350044337e-001 -7.9266883291e+000
174 163 47
2 38 1008 -77.9200 -77.8700 39 1076 -115.7800 -141.6200
1.3483579267e+000 -1.3793721997e-001 -8.4426046419e+000
187 128 110
2 38 1410 260.7200 -27.3100 39 1379 212.2600 -93.0000
4.7943336659e+000 -1.2413858113e-002 -9.7609471671e+000
174 106 40
2 38 1402 806.4200 -2.2700 39 1374 742.3900 -63.2700
1.4384453162e+000 -1.4606741377e-001 -8.4282423580e+000
197 132 112
2 38 1411 278.7500 -28.9400 39 1383 229.2900 -95.3700
-1.1263560869e-001 -9.9642961362e-001 -8.7500968160e+000
33 63 19
2 38 1168 -22.1200 -186.7400 39 688 -61.5900 -230.2600
-1.1263560869e-001 -9.9642961362e-001 -8.7500968160e+000
33 63 19
2 38 1169 -22.1200 -186.7400 39 689 -61.5900 -230.2600
1.0230389970e+000 -7.2643216157e-001 -8.8538612659e+000
18 65 112
2 38 1730 188.2700 -134.6800 39 1682 140.7500 -185.2700
1.6224206336e+000 6.2201173105e-001 -8.3707042593e+000
167 165 135
2 38 917 316.1300 121.1900 39 966 272.3500 45.8900
2.0945978909e+000 7.1951274251e-001 -8.5705426218e+000
164 91 90
2 38 1669 399.2200 137.1500 39 1635 353.9800 62.6900
2.5555946518e+000 -1.3759019525e-001 -8.8628030904e+000
186 129 102
2 38 970 471.9100 -25.8400 39 405 416.6300 -90.2700
4.0775007441e+000 -4.7964650291e-001 -9.8331386776e+000
188 153 126
2 38 1025 680.3600 -80.3200 39 509 617.0601 -132.8000
3.9686813666e+000 -7.1925157282e-002 -9.3706755247e+000
104 37 11
2 38 378 694.8900 -12.8500 39 430 633.0800 -76.0800
-6.5838994404e-001 -5.4316916212e-001 -7.8945997435e+000
47 105 123
2 38 1038 -137.6300 -113.3300 39 1101 -172.5500 -174.3600
4.1182725739e+000 -3.9182086445e-001 -9.7790406047e+000
189 162 126
2 38 996 690.9100 -66.0000 39 1062 627.9800 -120.3400
3.9584229457e+000 -7.9001144840e-001 -1.0172576594e+001
166 139 117
2 38 1078 638.2100 -127.6600 39 590 575.4000 -171.7900
3.9848110643e+000 1.2904198738e-001 -9.2605189099e+000
209 121 71
2 38 1401 706.6700 22.5000 39 1372 644.7700 -44.1200
6.4509006983e-001 -7.9678325962e-001 -8.6900652901e+000
130 32 68
2 38 1515 121.3600 -150.5700 39 1148 74.3400 -201.0100
-5.9698527289e-001 -8.7921308153e-001 -8.3845430243e+000
150 153 39
2 38 1928 -117.3700 -172.2000 39 1690 -153.6700 -220.4500
3.9413707521e+000 1.9194712467e-001 -9.2464171957e+000
186 92 29
2 38 2249 699.6300 33.7900 39 2216 639.3300 -33.5300
8.7224527979e-001 7.7807591560e-003 -8.1438005030e+000
102 22 57
2 38 2287 173.8700 1.0000 39 2261 130.2600 -69.7100
3.6069756906e+000 2.6259929534e-001 -8.9931731726e+000
101 23 37
2 38 2330 658.4000 47.5400 39 2304 598.7400 -23.3000
2.0531418165e+000 7.7141561646e-001 -8.5956725167e+000
93 29 30
2 38 899 390.5900 146.5400 39 941 345.2700 72.7500
3.1145323659e+000 6.6550653873e-001 -8.9064244211e+000
65 32 41
2 38 922 572.8500 122.3200 39 303 521.6700 49.3500
3.3822497237e+000 7.6608844160e-001 -9.0151528765e+000
31 27 55
2 38 908 614.7800 139.2600 39 950 563.7300 66.3000
3.4091815159e+000 7.2466845059e-001 -9.0451407131e+000
35 30 51
2 38 909 617.9600 131.2100 39 975 565.8400 59.1400
1.7011782049e+000 6.2206164711e-001 -8.4027167331e+000
187 149 99
2 38 1369 330.7200 120.6900 39 967 285.6899 45.7800
2.0945978909e+000 7.1951274251e-001 -8.5705426218e+000
164 91 90
2 38 1668 399.2200 137.1500 39 1634 353.9800 62.6900
2.8516722820e+000 6.5575682456e-001 -8.8017692890e+000
68 21 32
2 38 1374 530.5601 121.8600 39 1355 480.2300 48.3500
2.9572724005e+000 6.5733134056e-001 -8.8727613898e+000
82 35 41
2 38 1375 546.0500 121.1700 39 1356 495.1500 48.6000
2.7704425859e+000 4.6420385863e-001 -8.7348104152e+000
46 14 25
2 38 1384 519.4100 86.7800 39 985 467.2000 13.7000
2.8053725669e+000 -1.9245505325e-001 -9.0081062055e+000
186 70 74
2 38 974 510.2200 -35.4500 39 1038 452.8800 -97.9000
1.6001652905e-001 6.2522359223e-001 -7.8292359921e+000
36 59 48
2 38 2067 32.8300 129.8200 39 2040 -3.7600 51.3700
2.0640279925e+000 6.4693449981e-001 -8.5495704550e+000
121 53 64
2 38 1864 394.2300 123.5800 39 1849 348.6300 49.3000
4.4644679048e+000 8.6985675653e-002 -9.4511337085e+000
33 17 31
2 38 950 775.6300 14.8800 39 1011 712.2200 -50.6600
1.8126554286e+000 -1.4799942036e-001 -8.6522731446e+000
195 134 99
2 38 958 342.3101 -28.5000 39 1023 291.3900 -92.6400
-3.3240332454e-001 -3.7230281283e-001 -7.9540117625e+000
178 173 28
2 38 1009 -69.4900 -77.2800 39 476 -106.3300 -140.8800
4.0581781836e+000 -5.6564680026e-001 -9.9453357813e+000
191 158 138
2 38 464 669.4900 -93.6100 39 507 606.2300 -143.4700
-7.8526858506e-001 -6.8434867002e-001 -8.0533199226e+000
152 158 40
2 38 1093 -160.4100 -139.8100 39 1099 -195.1100 -195.2500
-1.3498314149e-001 7.0368617098e-001 -7.7757374702e+000
167 151 91
2 38 2066 -29.2600 147.2300 39 2030 -62.8100 68.7400
3.3175412944e+000 8.3905213646e-001 -9.1227464729e+000
155 121 97
2 38 1854 596.3199 150.5800 39 1847 545.9399 80.0800
2.5345720869e+000 -1.8281064535e-001 -8.8724961412e+000
192 135 105
2 38 1428 467.6700 -34.2000 39 1392 411.8600 -97.8500
2.0377442243e-001 -7.1091976105e-001 -8.4421503124e+000
163 164 146
2 38 1105 38.9600 -138.3400 39 548 -3.9100 -191.7900
-3.1146250888e-001 -9.6314779906e-001 -8.6154280227e+000
160 160 43
2 38 1166 -59.6400 -183.4600 39 617 -98.8600 -228.3300
-1.0718561453e+002 4.7212506488e+001 -2.9242686392e+002
81 66 54
2 38 1586 -596.4500 262.9900 39 1529 -609.0600 397.6900
7.1019554140e-001 -4.1113811620e-001 -8.3577627369e+000
200 140 104
2 38 1889 138.2000 -81.0500 39 1671 93.0100 -142.1500
4.4757536162e+000 -8.2102003322e-001 -1.0473904180e+001
132 112 103
2 38 1727 701.1300 -128.8400 39 1459 636.7400 -170.9000
4.7699722596e+000 -2.7060513648e+000 -1.0293243199e+001
136 120 122
2 38 1947 761.0200 -431.8900 39 1726 675.3101 -459.2900
-1.5581442846e+002 6.1379663645e+001 -3.0974821890e+002
88 78 66
2 38 1780 -820.2000 322.9100 39 1737 -835.2700 467.4500
-1.8497524451e+002 6.2005855846e+001 -3.4109611492e+002
71 60 62
2 38 1781 -884.1700 296.0500 39 1739 -899.8400 442.3000
-1.7508603313e+002 6.3855475281e+001 -4.2195206361e+002
89 40 29
2 38 1809 -676.2000 246.6200 39 1742 -688.9800 385.1900
-1.2086056891e+002 4.9716313681e+001 -3.4092100745e+002
55 55 70
2 38 1810 -576.6900 237.4600 39 1746 -589.1000 371.5700
2.6261122935e+000 7.0539380671e-001 -8.7480296973e+000
73 26 37
2 38 2182 491.0601 131.9000 39 2162 443.0200 58.1400
-1.2007594487e+002 6.2821956178e+001 -3.3967851098e+002
69 55 44
2 38 1984 -575.3900 301.2500 39 1937 -586.9500 437.2700
-1.5101095266e+002 5.9972423066e+001 -3.2244802879e+002
57 47 42
2 38 1981 -762.4400 303.2000 39 1936 -778.8800 445.2700
-1.4211135064e+002 5.9779192387e+001 -3.0644804763e+002
92 83 66
2 38 1978 -756.0700 317.9800 39 1935 -770.1800 460.1000
-1.1897654375e+002 4.9609047473e+001 -3.1678420631e+002
115 95 84
2 38 1991 -611.1000 255.1100 39 1943 -624.2200 390.5000
2.8398727562e+000 5.5901616800e-001 -8.7495201186e+000
152 107 55
2 38 2245 531.8700 104.3800 39 2210 479.6600 30.6400
3.7070015059e+000 6.1762936782e-001 -9.1073009803e+000
14 61 103
2 38 2247 667.8700 111.0500 39 2212 612.7000 39.3100
4.6790630553e+000 -2.7921129267e-001 -9.9530728055e+000
178 146 125
2 38 1887 771.2700 -46.1500 39 1871 707.6500 -101.5700
-1.6793715653e+002 6.1823638462e+001 -3.0674750792e+002
101 89 53
2 38 2132 -891.9300 328.1600 39 2083 -908.9500 475.2800
-1.4628409045e+002 6.2510420013e+001 -3.5045645026e+002
65 55 51
2 38 2139 -679.7900 290.7200 39 2088 -693.6100 430.0200
-1.2229088685e+002 5.9411521845e+001 -3.3475911343e+002
39 23 23
2 38 2140 -594.4300 289.1100 39 2090 -606.9400 425.3000
-1.8493522174e+002 6.3019150620e+001 -3.3427142589e+002
51 35 37
2 38 2136 -901.6600 306.9400 39 1932 -918.0700 454.0700
3.4466164340e+000 3.3818196004e-001 -8.9568838788e+000
68 18 27
2 38 2248 630.9100 61.7000 39 2215 574.1801 -9.8400
-1.5527589840e+002 6.6551054301e+001 -3.4783835307e+002
139 112 69
2 38 2222 -727.3300 311.8800 39 2085 -741.7400 453.4700
-2.5518718292e-001 -1.5969047178e-003 -7.7202846263e+000
62 111 141
2 38 2250 -55.2100 -1.1200 39 2166 -91.4500 -74.1600
2.9389182139e-001 -5.5036087259e-001 -8.3319527041e+000
160 141 125
2 38 2289 56.5200 -108.5900 39 2222 14.6900 -166.4800
-1.2483103132e+000 1.2996636320e+000 -8.1715616180e+000
167 39 46
2 38 1270 -250.7000 259.5800 39 1283 -274.3500 194.2400
-1.1895386537e+000 1.3061500498e+000 -8.2114014882e+000
176 27 44
2 38 777 -238.0400 259.6100 39 1285 -261.3100 194.7100
1.2523534384e+000 1.3562018498e+000 -8.9744041154e+000
196 93 85
2 38 1298 227.8700 246.7100 39 1299 193.2300 182.8000
2.2415809104e+000 9.9492079920e-001 -8.8423754023e+000
120 88 89
2 38 866 414.4200 183.9700 39 911 371.6300 112.9200
-8.4366717017e-001 6.4189930107e-001 -7.4810290477e+000
158 157 138
2 38 891 -185.4000 139.5300 39 960 -214.8900 58.7800
2.5968160978e+000 8.1211069995e-001 -8.8060574717e+000
164 126 113
2 38 904 483.0699 150.7400 39 946 435.0500 78.0700
3.3831338093e+000 8.4171675484e-001 -9.1113381402e+000
28 28 56
2 38 907 608.6600 151.3400 39 949 558.4200 80.0600
2.2904904372e+000 6.3774941751e-001 -8.6029727370e+000
84 32 36
2 38 278 435.8600 120.9900 39 971 387.2600 46.8900
2.9464690048e+000 3.9682770773e-001 -8.7866039858e+000
137 83 51
2 38 310 549.6500 73.6700 39 328 495.2500 1.2700
-1.2965812651e+000 1.0703951318e+000 -7.8319415229e+000
176 38 46
2 38 1296 -272.4300 222.9800 39 1307 -295.5700 151.0800
1.0021116217e+000 9.4412961870e-001 -8.3539866087e+000
181 46 41
2 38 1342 195.1600 184.3500 39 1330 157.9200 110.5200
1.6184297621e+000 1.2006597434e+000 -8.8363983358e+000
16 78 121
2 38 1613 298.7500 222.0000 39 1600 261.6500 153.5000
1.5907405243e+000 6.5235454003e-001 -8.3591736795e+000
69 41 59
2 38 894 310.5500 127.2600 39 965 266.7900 51.7600
2.4830053514e+000 6.4582132632e-001 -8.6757603547e+000
62 26 24
2 38 1372 467.8199 121.7300 39 1354 420.1700 47.5900
4.0271674913e+000 5.9785305069e-001 -9.1783922106e+000
138 51 67
2 38 925 720.2700 106.7100 39 312 663.1700 34.7400
3.9937485199e+000 9.8083422678e-003 -9.3301096492e+000
131 49 26
2 38 350 702.2900 1.5000 39 377 640.9700 -63.3000
8.9620051881e-001 -1.2402612758e-001 -8.2847653869e+000
12 84 124
2 38 956 176.4301 -25.1400 39 1020 130.7300 -91.4800
-6.4002720850e-001 -3.8530596682e-001 -7.8461493382e+000
22 50 39
2 38 1002 -134.4000 -81.1400 39 470 -169.3200 -144.9600
-7.8805985221e-001 -6.2280427919e-001 -8.0010419677e+000
159 153 46
2 38 1036 -162.2100 -128.1300 39 532 -196.3500 -185.3000
-7.2051155071e-001 -5.5419335444e-001 -7.9267874785e+000
40 58 26
2 38 484 -149.6100 -115.1800 39 536 -184.5400 -174.9800
5.2907997702e-001 7.8402383387e-001 -8.0715639454e+000
29 55 20
2 38 2052 106.9100 158.1200 39 2032 68.9900 82.0500
5.2907997702e-001 7.8402383387e-001 -8.0715639454e+000
29 55 20
2 38 2051 106.9100 158.1200 39 2031 68.9900 82.0500
7.7278423562e-001 8.2614105014e-001 -8.2100163144e+000
165 88 78
2 38 1842 153.0100 163.9800 39 1843 115.5800 89.1000
3.2193329242e+000 9.0974045096e-001 -9.1108039426e+000
76 46 59
2 38 1655 579.1000 163.5300 39 1836 530.4301 92.8400
-2.0977498679e+000 7.0693292270e-001 -7.6830286223e+000
195 171 145
2 38 1663 -448.7100 149.9000 39 1624 -468.9300 82.0700
5.1192863191e+000 4.7664464327e-001 -9.5353023630e+000
199 104 52
2 38 1680 881.2100 82.0700 39 1856 819.3500 11.6500
2.8391483904e+000 -9.9102552893e-002 -8.9833763427e+000
202 86 93
2 38 976 517.3400 -18.4100 39 1037 461.4000 -82.5400
2.9964048390e+000 -2.6796579525e-001 -9.2239487920e+000
201 96 93
2 38 1448 532.1500 -47.9900 39 1057 474.5200 -106.9500
3.0150006929e+000 -3.8094776093e-001 -9.2453424787e+000
200 86 96
2 38 993 534.4600 -67.9600 39 1058 475.3800 -125.5800
3.2491940560e+000 -5.2532522973e-001 -9.5130287450e+000
195 134 114
2 38 1019 559.4000 -90.8100 39 1091 500.1801 -144.0800
-6.4905296667e-001 -6.1414447442e-001 -7.9776362776e+000
44 108 125
2 38 1483 -133.8600 -126.7300 39 1441 -169.8600 -185.2400
-8.3549681162e-001 1.0990084109e+000 -8.0514937604e+000
163 153 112
2 38 2009 -170.9000 222.5800 39 2006 -196.7300 152.7300
-5.6244339809e-001 1.0865247374e+000 -8.1128430949e+000
168 152 97
2 38 2025 -113.9300 218.2900 39 2008 -142.4600 148.2800
-1.7547080165e-001 1.0162114507e+000 -8.0893485685e+000
32 61 33
2 38 2029 -37.3100 204.8300 39 2139 -65.9400 131.8600
9.5081042743e-001 1.0241477007e+000 -8.4220214292e+000
179 46 47
2 38 2034 183.8300 198.3600 39 2013 147.3101 126.0000
3.3175412944e+000 8.3905213646e-001 -9.1227464729e+000
155 121 97
2 38 1855 596.3199 150.5800 39 1846 545.9399 80.0800
3.3028507259e+000 -2.4032829723e-001 -9.2379381346e+000
194 143 116
2 38 1450 586.0699 -43.0100 39 1414 526.4301 -103.6300
3.2472231027e+000 -4.1868321400e-001 -9.3524705309e+000
196 141 110
2 38 1471 569.1100 -73.7700 39 1413 508.9399 -130.5000
2.0219807755e+000 -6.2485686842e-001 -9.0885325824e+000
189 131 117
2 38 1060 363.8101 -113.0100 39 1121 309.7500 -165.8700
2.0377442243e-001 -7.1091976105e-001 -8.4421503124e+000
163 164 146
2 38 1106 38.9600 -138.3400 39 549 -3.9100 -191.7900
3.0077732821e+000 -8.3831773904e-001 -9.8575687557e+000
194 128 113
2 38 1523 499.1400 -139.5600 39 1129 441.8800 -183.5600
-1.3319729242e+002 4.2521486640e+001 -2.4256963416e+002
67 53 53
2 38 1572 -895.3200 285.4900 39 1516 -911.0200 429.7400
-1.5978317844e+002 5.6043725038e+001 -3.5270214618e+002
158 108 87
2 38 1585 -737.9000 259.0300 39 1527 -752.9400 399.2600
-2.3149945364e+002 6.5377947591e+001 -4.1876243102e+002
108 62 46
2 38 1584 -901.9400 254.2100 39 1522 -916.3800 400.6000
-2.0750238846e+002 4.9109162819e+001 -3.6176967070e+002
145 112 97
2 38 1806 -935.8000 220.9400 39 1531 -950.1000 366.8500
-2.1054190846e+002 5.0970173069e+001 -3.7519264268e+002
134 102 90
2 38 1601 -914.1700 221.2600 39 1533 -931.2900 366.5000
-5.0973691594e+002 7.3386957321e+001 -9.3379026369e+002
75 44 41
2 38 1661 -889.1600 128.0800 39 1553 -905.9900 272.7400
-2.4922220386e+002 3.0283444725e+001 -4.6081699444e+002
65 44 59
2 38 1673 -882.8000 107.0600 39 1562 -895.8300 249.4200
2.5570013876e+000 9.8765082265e-001 -8.9552670071e+000
144 119 97
2 38 2174 467.5200 180.3600 39 2147 422.4600 110.0100
1.5797546288e+000 8.8214011792e-001 -8.6001045369e+000
21 78 107
2 38 2054 300.3800 167.3100 39 2023 258.3800 96.0000
2.9692370025e+000 8.9418572013e-001 -8.9959045166e+000
73 30 40
2 38 2057 540.6300 162.7200 39 2036 492.8700 91.1700
7.7636741661e-001 -9.5855053879e-002 -8.1212486890e+000
144 21 24
2 38 1878 155.6200 -19.9600 39 1860 110.7800 -89.4100
3.3115552827e+000 -1.5421558319e-001 -9.1641385082e+000
193 138 106
2 38 1702 592.3300 -27.9300 39 1662 533.0200 -90.7100
4.0191381358e+000 -2.9846517145e-001 -9.5719785516e+000
172 81 47
2 38 1712 689.1700 -51.5000 39 1666 625.6899 -109.4300
4.9335704098e+000 -2.1812558679e+000 -9.8780944325e+000
44 32 44
2 38 1944 819.3700 -362.6300 39 1715 734.6400 -402.5500
-2.2960115427e+002 6.1586118747e+001 -4.1213672147e+002
148 94 77
2 38 1597 -907.7000 243.3600 39 1525 -924.5600 389.4600
-2.2960115427e+002 6.1586118747e+001 -4.1213672147e+002
148 94 77
2 38 1598 -907.7000 243.3600 39 1524 -924.5600 389.4600
-2.2879381608e+002 6.3139587719e+001 -4.2406347286e+002
164 74 53
2 38 1807 -878.9600 242.5800 39 1941 -895.9200 387.7900
-2.5684335460e+002 6.4357926330e+001 -4.7589915951e+002
130 104 89
2 38 1808 -879.8500 220.3200 39 1944 -895.5400 365.3500
-2.0377295394e+002 4.0228609066e+001 -4.0829012501e+002
45 27 23
2 38 1836 -813.5100 160.6300 39 1765 -828.6000 301.3200
-2.0739135620e+002 4.3806790440e+001 -4.2182369029e+002
115 95 82
2 38 1835 -801.4900 169.3000 39 1763 -816.2200 309.9300
-3.4862521542e+002 6.5709726804e+001 -6.5329767680e+002
70 40 50
2 38 1834 -870.2600 163.8900 39 1762 -885.0600 308.0500
1.6370361787e-001 8.1539996160e-001 -7.9470200063e+000
30 57 36
2 38 2240 32.6700 167.1000 39 2208 -1.4700 90.0000
-8.5012947120e-001 5.7006866675e-001 -7.4119982495e+000
48 99 123
2 38 2061 -188.7300 124.9800 39 2039 -218.2900 43.0200
5.5377255307e-002 -1.2749443619e-001 -7.9296383073e+000
163 164 144
2 38 2089 11.4100 -27.1300 39 1859 -29.8000 -95.8200
-7.9963856460e-001 -6.5483623216e-001 -8.0233430404e+000
90 118 87
2 38 1912 -164.1900 -134.3000 39 1880 -198.1900 -190.6200
-1.9577167703e+002 6.3568876371e+001 -4.2324426105e+002
100 42 31
2 38 2003 -753.2800 244.8400 39 1942 -768.8600 385.9300
-1.8848278226e+002 5.8773352872e+001 -3.9086492964e+002
51 31 30
2 38 2001 -786.1400 245.1100 39 1741 -800.7800 386.9800
-2.0714907282e+002 5.9531893337e+001 -4.2789680696e+002
132 113 110
2 38 2002 -789.0900 226.7900 39 1945 -803.9800 368.5800
-1.8829966405e+002 6.0226678610e+001 -4.4474222503e+002
132 90 82
2 38 2004 -689.9800 220.6900 39 1946 -703.0300 359.1700
-3.2005476962e+002 7.2249815556e+001 -5.8945966747e+002
131 101 87
2 38 2020 -885.2200 199.6800 39 1949 -900.7500 344.9800
-2.9623882006e+002 5.8515836097e+001 -6.1098862999e+002
61 41 32
2 38 2043 -789.8700 156.1300 39 1954 -805.3400 297.2600
-1.9723476265e+002 4.3350664640e+001 -4.1544514899e+002
66 47 30
2 38 2044 -773.8200 170.1100 39 1955 -788.3300 309.7900
-2.4383134354e+002 4.6726275004e+001 -5.6143309468e+002
163 103 69
2 38 2060 -707.2500 135.6300 39 1961 -721.5500 273.4000
-3.3358751668e+002 4.7180201873e+001 -7.5107242350e+002
93 70 78
2 38 2075 -723.7700 102.3700 39 1969 -737.3500 240.7600
-3.3358751668e+002 4.7180201873e+001 -7.5107242350e+002
93 70 78
2 38 2076 -723.7700 102.3700 39 1970 -737.3500 240.7600
1.9077902749e+000 7.2942760585e-001 -8.5632798578e+000
181 143 96
2 38 2181 364.1000 139.0200 39 2156 319.3900 65.6600
1.5556050784e+000 5.8398810724e-001 -8.3253334176e+000
167 161 134
2 38 2185 305.0100 114.3000 39 2161 260.5200 38.7900
-1.4711648783e-001 -6.5189425009e-001 -8.2237695235e+000
39 62 47
2 38 2098 -29.9800 -130.3200 39 2058 -69.8800 -186.5400
-1.6094791291e+002 5.7329092596e+001 -3.1125774606e+002
140 127 118
2 38 2137 -843.0800 300.1100 39 2087 -858.4800 444.6200
-1.5900754249e+002 6.0017367143e+001 -3.6689854425e+002
176 121 84
2 38 2145 -706.3800 266.6300 39 2094 -719.7000 406.2300
-2.2735235799e+002 6.7107129692e+001 -4.5695012100e+002
28 17 30
2 38 2233 -811.6900 239.3500 39 2193 -825.5600 382.5300
-3.1388871654e+002 5.6681913466e+001 -6.6295294139e+002
157 58 65
2 38 2177 -771.1800 139.3800 39 2105 -786.5300 279.7400
-2.3068747222e-001 6.3903169158e-001 -7.6898182346e+000
31 58 40
2 38 2281 -50.2700 135.1500 39 2257 -83.0700 55.5600
3.5018519307e+000 -3.2036877149e-001 -9.4786933337e+000
193 143 108
2 38 2197 605.2800 -55.6600 39 2054 546.0100 -112.6200
-2.2296518128e+002 6.9068290800e+001 -3.9827447561e+002
177 123 64
2 38 2230 -912.2800 282.3300 39 2191 -928.8900 429.7500
-2.2296518128e+002 6.9068290800e+001 -3.9827447561e+002
177 123 64
2 38 2231 -912.2800 282.3300 39 2190 -928.8900 429.7500
-2.0304338952e+002 4.5699982776e+001 -3.5938046698e+002
151 122 103
2 38 2234 -920.9800 207.0800 39 2097 -936.9200 351.9900
1.0607254526e+000 8.2909454509e-001 -8.2394399780e+000
170 159 132
2 38 2277 209.3199 164.1200 39 2252 170.7900 87.9300
-5.7204860411e-001 3.2209723255e-001 -7.4758921554e+000
28 91 126
2 38 2285 -125.9500 69.5900 39 2259 -159.3000 -10.3500
2.8079902316e+000 3.8155788666e-001 -8.7603851986e+000
41 16 27
2 38 2286 525.5200 70.9400 39 2258 471.2400 -0.9400
2.9389182139e-001 -5.5036087259e-001 -8.3319527041e+000
160 141 125
2 38 2290 56.5200 -108.5900 39 2221 14.6900 -166.4800
-1.5471572842e+002 4.9078407162e+001 -2.9227165254e+002
24 13 19
2 38 2274 -863.1700 273.5900 39 2233 -878.5700 417.5200
-2.0657113588e+002 5.1742962450e+001 -4.2808274653e+002
31 21 29
2 38 2276 -787.4100 197.0200 39 2236 -800.4600 337.9500
-4.3153521966e-001 4.4677701831e-001 -7.5548381626e+000
155 148 122
2 38 2303 -93.9800 95.8500 39 2283 -128.0400 15.9200
4.1262039899e+000 -8.1154862788e-001 -1.0276375772e+001
103 86 79
2 38 2259 658.8101 -129.8500 39 2177 595.0500 -173.0200
-1.7612295106e+002 5.9859562595e+001 -3.5158694640e+002
170 118 87
2 38 2318 -817.1400 277.4700 39 2291 -831.3900 420.9500
4.7560356772e+000 5.3275018904e-001 -9.9169876687e+000
174 102 39
2 38 2375 786.4399 88.2500 39 2352 731.1400 26.2300
-1.0829045178e+000 7.0391102768e-001 -7.4608725347e+000
180 154 112
2 38 1353 -238.7600 153.5700 39 1340 -265.6600 73.3800
1.6042785352e+000 1.0328108477e+000 -8.6640867679e+000
26 78 122
2 38 827 302.3101 194.6500 39 902 262.6801 123.5200
1.9993333488e+000 1.0155464454e+000 -8.7668800208e+000
162 94 93
2 38 139 372.9100 189.2600 39 903 330.7900 118.0900
1.9900035695e+000 9.7548381846e-001 -8.7297084204e+000
90 27 35
2 38 860 372.5000 182.5900 39 904 330.4200 110.8000
2.9211165379e+000 9.2376669635e-001 -8.9914327087e+000
79 29 35
2 38 872 531.5000 168.3000 39 921 485.4800 96.5000
3.2666301966e+000 9.1759966485e-001 -9.1031811487e+000
129 43 51
2 38 874 588.7500 164.9800 39 922 538.6300 94.1000
2.1571930325e+000 7.1205454572e-001 -8.5761541102e+000
163 99 101
2 38 239 411.2800 135.6000 39 252 364.9200 61.0600
2.6971511811e+000 6.8752843743e-001 -8.7582113644e+000
117 69 69
2 38 248 504.2300 128.3500 39 298 454.8199 54.6700
3.0105090697e+000 6.5972985021e-001 -8.8722812762e+000
62 24 32
2 38 286 556.0699 121.6200 39 299 504.6400 48.7500
3.6639290248e+000 7.5882106540e-001 -9.1242909280e+000
18 54 96
2 38 263 658.8000 136.2500 39 274 605.5500 64.2100
1.6596951831e+000 5.7508851587e-001 -8.4348079684e+000
175 87 71
2 38 918 321.4399 111.0800 39 294 276.3500 37.5100
3.0564298479e+000 5.5812938666e-001 -8.7989933306e+000
119 75 32
2 38 287 569.0699 103.7700 39 306 516.4100 29.6100
2.8193336240e+000 4.5912881963e-002 -8.8693804347e+000
157 30 37
2 38 345 520.5900 8.1100 39 374 464.8800 -59.2300
2.7190735114e+000 -1.9280732484e-002 -8.8391507757e+000
159 26 40
2 38 344 503.6600 -3.9600 39 403 447.9800 -70.8000
3.7870836562e-001 1.6844857185e+000 -9.0276650686e+000
155 93 75
2 38 1787 68.4600 304.5500 39 1976 39.7100 245.8400
8.3685384561e-001 8.1784406615e-001 -8.1976623286e+000
179 151 126
2 38 1341 166.1100 162.5800 39 1343 127.9800 87.0800
1.9572322826e+000 8.7289059883e-001 -8.6172832305e+000
102 36 45
2 38 1344 371.0500 165.4800 39 1332 327.9200 92.0100
4.0521847000e+000 8.7411189694e-001 -9.3525999231e+000
108 27 27
2 38 1671 710.6700 153.3400 39 1637 658.5200 82.8300
4.8566285491e+000 2.9751741813e-001 -9.5042511403e+000
51 21 20
2 38 327 838.7700 51.3400 39 354 776.2700 -17.0600
2.7011775512e+000 8.7482240088e-002 -8.7937359282e+000
192 74 81
2 38 339 503.1801 15.8700 39 370 447.7900 -52.5400
2.7505151830e+000 -2.5721449254e-001 -9.0299327996e+000
156 24 37
2 38 400 499.0699 -47.1400 39 444 441.5300 -108.2700
3.1060209325e+000 -3.4659655650e-001 -9.3292655732e+000
160 34 45
2 38 994 545.0500 -61.1700 39 454 487.4800 -118.4000
3.8808509637e+000 -3.7846031389e-001 -9.6604460390e+000
188 97 69
2 38 414 658.9500 -64.5600 39 456 596.8600 -119.7300
2.0184105589e+000 -8.9233770358e-001 -9.4677034196e+000
186 125 110
2 38 570 348.3400 -154.6300 39 653 295.0300 -198.9000
7.6231804263e-002 8.3987645102e-001 -7.9807830200e+000
164 156 54
2 38 1645 15.3500 171.3100 39 1829 -19.4400 95.6300
7.6231804263e-002 8.3987645102e-001 -7.9807830200e+000
164 156 54
2 38 1644 15.3500 171.3100 39 1830 -19.4400 95.6300
2.2117102495e+000 1.0359130589e+000 -8.8507491060e+000
80 39 48
2 38 1632 408.7300 191.3300 39 1333 366.0200 120.5200
2.6383798056e+000 1.0926127230e+000 -9.0764344890e+000
31 14 22
2 38 1634 475.8101 196.9700 39 1604 432.2300 128.0100
2.6383798056e+000 1.0926127230e+000 -9.0764344890e+000
31 14 22
2 38 1635 475.8101 196.9700 39 1605 432.2300 128.0100
2.6049603182e+000 3.2060717953e-002 -8.8443661893e+000
190 139 111
2 38 1395 482.2700 5.5100 39 1368 427.6200 -60.9000
1.9495730710e+000 -1.3908119532e-001 -8.5974108447e+000
95 46 39
2 38 1419 370.8400 -27.0100 39 1026 318.2100 -93.0700
-2.3923894502e+002 5.5919702774e+001 -4.3062506815e+002
100 75 64
2 38 1306 -904.2300 211.5700 39 1248 -922.9400 356.7100
-1.1249024692e+000 7.3410984846e-001 -7.4742510280e+000
164 37 38
2 38 1643 -247.7000 159.9300 39 1629 -273.8500 80.1200
-9.3491731009e-001 7.4763197812e-001 -7.5623814530e+000
179 33 47
2 38 1840 -203.2100 160.9300 39 1841 -231.3400 82.0800
8.1927211892e-001 6.5865161031e-001 -8.0585917525e+000
166 83 72
2 38 1666 165.1400 133.1000 39 1641 125.9500 55.4600
2.1646202607e+000 6.4729571365e-001 -8.5674614802e+000
111 52 58
2 38 1865 413.0699 123.3600 39 1850 366.1300 49.0000
1.3161099743e+000 -2.8300844533e-002 -8.3277329734e+000
104 53 42
2 38 1408 257.6899 -6.1100 39 1376 210.3000 -75.1100
1.3161099743e+000 -2.8300844533e-002 -8.3277329734e+000
104 53 42
2 38 1407 257.6899 -6.1100 39 1377 210.3000 -75.1100
8.2555060006e-001 -2.1636860238e-001 -8.3341731702e+000
140 31 48
2 38 1707 161.2500 -43.0700 39 1403 116.2600 -107.1900
-2.2341833055e+002 4.7862100807e+001 -4.4226135638e+002
62 45 37
2 38 1637 -823.2700 176.4200 39 1538 -838.8500 318.1100
-3.3469035450e+002 5.6951475438e+001 -6.1274306911e+002
103 28 41
2 38 1350 -891.4900 151.3900 39 1550 -904.9300 295.8400
-4.7375757295e-001 1.3937906606e+000 -8.4716505020e+000
171 150 121
2 38 1992 -92.3100 268.4300 39 1984 -118.4700 204.3300
5.7927407164e-001 9.8586782043e-001 -8.3048029346e+000
171 35 36
2 38 2030 114.4399 193.3600 39 2020 77.0900 121.3000
1.6824541815e+000 1.0583970177e+000 -8.6889904266e+000
9 72 119
2 38 2037 315.7700 199.0200 39 2016 276.8600 127.6400
3.2349573516e+000 6.9578594604e-001 -8.9687990601e+000
83 53 65
2 38 1857 591.1801 127.0000 39 1853 539.4900 54.5300
4.6314626612e+000 8.3881064156e-001 -9.5916745112e+000
161 73 66
2 38 2069 792.0200 143.6500 39 2038 738.3000 74.6200
-7.3736891049e-001 -5.8077693714e-001 -7.9110649946e+000
31 63 36
2 38 1892 -153.7800 -120.8800 39 1881 -187.9500 -180.6900
-2.0377295394e+002 4.0228609066e+001 -4.0829012501e+002
45 27 23
2 38 1837 -813.5100 160.6300 39 1764 -828.6000 301.3200
-3.9138506445e-001 1.3297403756e+000 -8.4592882278e+000
163 150 117
2 38 2147 -76.1800 256.3800 39 2122 -103.7600 191.8400
9.7724786629e-001 1.1629106368e+000 -8.6058613578e+000
168 149 125
2 38 2165 184.7700 220.5300 39 2140 150.0601 151.2700
1.1808829233e+000 -5.4272354788e-002 -8.3330100732e+000
23 69 105
2 38 2090 230.8199 -11.2000 39 1861 184.6000 -79.0700
2.8316459578e+000 -6.4949608354e-001 -9.5926386581e+000
172 29 47
2 38 1905 482.3800 -111.1000 39 1674 427.0400 -160.1000
2.8316459578e+000 -6.4949608354e-001 -9.5926386581e+000
172 29 47
2 38 1906 482.3800 -111.1000 39 1675 427.0400 -160.1000
-4.1493061695e+002 5.4504753893e+001 -8.8294474012e+002
85 81 95
2 38 2073 -765.8700 100.6200 39 1967 -780.0500 240.6600
-8.9371776838e+002 6.8507400720e+001 -1.5772057373e+003
109 86 72
2 38 2079 -922.4400 70.8100 39 1981 -940.2400 216.1300
-6.0735728719e+002 4.8710367643e+001 -1.1095482245e+003
100 73 65
2 38 2080 -891.5100 71.5700 39 1982 -908.2300 215.5100
4.6592506004e+000 -3.1967307725e+000 -1.0451263066e+001
160 141 145
2 38 2125 731.6700 -502.2800 39 2079 645.0000 -521.9200
-2.5955002073e-001 8.8517410607e-001 -7.8894789815e+000
165 152 118
2 38 2238 -54.5400 182.7300 39 2206 -86.1300 106.6200
2.5182101123e+000 -2.1509906693e-001 -8.9632632678e+000
196 139 112
2 38 2094 459.5800 -39.6900 39 2052 404.8600 -101.3700
3.7011215924e+000 -6.3073471785e-001 -9.8530919812e+000
160 121 95
2 38 2102 615.4900 -105.1900 39 1877 554.6100 -154.4500
-3.6269358853e+002 5.6509726872e+001 -7.7130503100e+002
36 19 33
2 38 2072 -766.0200 119.4300 39 2106 -780.9500 259.5600
-5.9079331760e+002 5.7315455743e+001 -1.0562404935e+003
174 152 135
2 38 2187 -911.3000 88.4200 39 2114 -927.5900 233.2400
-4.4018638121e+002 4.3544628584e+001 -8.1673685297e+002
139 119 103
2 38 2188 -878.5800 86.8900 39 2115 -893.7200 230.2000
1.6997413725e+000 7.2280795499e-001 -8.4265671714e+000
17 81 123
2 38 2283 330.1000 139.8300 39 2254 284.8500 65.0000
1.2064138216e+000 -5.0781638412e-001 -8.7762981025e+000
201 122 116
2 38 2199 223.1801 -95.0000 39 2170 177.2100 -150.4100
-4.7009938069e-001 -5.7283493069e-001 -8.0967278509e+000
69 105 132
2 38 2254 -95.5400 -116.4800 39 2175 -132.9300 -174.0800
-2.9841088843e+002 5.0643575991e+001 -5.9593378406e+002
150 46 52
2 38 2242 -815.6900 138.5500 39 2200 -831.6800 280.0600
-1.5471572842e+002 4.9078407162e+001 -2.9227165254e+002
24 13 19
2 38 2275 -863.1700 273.5900 39 2234 -878.5700 417.5200
-2.7850274619e+002 3.2693498482e+001 -5.4335362787e+002
21 14 21
2 38 2327 -835.4400 98.1000 39 2293 -850.5600 239.2100
-1.0012035486e+003 2.4637236205e+002 -1.7928281311e+003
131 105 90
2 38 2321 -909.9200 223.8500 39 2310 -927.0300 372.5300
-2.0798476164e+002 5.4114367596e+001 -4.0759032764e+002
27 21 28
2 38 2345 -832.1000 216.3900 39 2311 -846.9300 359.1300
1.4438360297e+000 1.4408614223e+000 -9.0842761069e+000
141 141 131
2 38 792 259.5601 259.0700 39 1292 225.1200 195.8600
2.0267627732e+000 9.3047290891e-001 -8.6951420864e+000
165 97 83
2 38 861 381.2900 174.7900 39 909 337.7000 102.4300
3.0212814542e+000 1.0834987675e+000 -9.1550454032e+000
76 52 58
2 38 844 540.4301 193.8400 39 887 495.2700 124.2000
2.0798292273e+000 8.9036916904e-001 -8.6904168095e+000
88 26 31
2 38 184 391.0500 167.4300 39 209 347.7200 94.6800
2.0333028331e+000 8.4102401089e-001 -8.6242111496e+000
93 29 25
2 38 186 385.2500 159.3200 39 938 341.3600 85.7300
2.0339861746e+000 7.1342162037e-001 -8.5413343922e+000
168 99 92
2 38 900 389.4301 136.3400 39 942 343.3800 61.8600
2.1199724960e+000 8.7898762272e-001 -8.7046525603e+000
169 105 95
2 38 185 398.0800 165.0100 39 213 354.2700 92.4300
2.9766866797e+000 4.5522804633e-001 -8.8001423726e+000
156 104 68
2 38 309 554.7100 84.4000 39 327 500.2500 11.8000
4.8499040784e+000 1.7564563268e-001 -9.5912374440e+000
58 18 9
2 38 324 830.2200 29.9300 39 352 766.6300 -35.8100
1.8317572128e+000 1.0470500690e+000 -8.7047096886e+000
183 140 75
2 38 829 342.8300 196.6800 39 881 304.0400 124.5700
2.7089612256e+000 1.0585747135e+000 -9.0481259840e+000
36 16 16
2 38 842 490.1300 191.4600 39 913 445.7300 121.6600
-8.4366717017e-001 6.4189930107e-001 -7.4810290477e+000
158 157 138
2 38 890 -185.4000 139.5300 39 959 -214.8900 58.7800
3.9025934545e+000 -1.1490118612e-001 -9.3512116209e+000
194 139 93
2 38 376 684.7800 -20.4500 39 429 622.6801 -83.2900
-2.4163192308e+000 -2.4897708027e-001 -7.8191794650e+000
186 165 148
2 38 1439 -507.7600 -53.2900 39 1047 -528.0900 -107.9900
3.0329275489e+000 -4.4907610861e-001 -9.3882174962e+000
195 78 85
2 38 455 529.1300 -78.7500 39 498 470.8900 -133.5200
-2.0723487393e+000 8.3334589303e-001 -7.7429734698e+000
197 177 149
2 38 1332 -439.6900 175.5100 39 1322 -460.0700 108.1100
-1.1865978250e+000 8.6652481207e-001 -7.5827001544e+000
169 31 43
2 38 1334 -257.7200 186.2700 39 1609 -282.3400 108.6900
2.9607895034e+000 9.9607307903e-001 -9.0793158425e+000
88 50 50
2 38 1652 534.2900 179.5800 39 1619 487.6300 109.3400
4.5075819697e+000 7.4486395329e-001 -9.4153336766e+000
181 143 116
2 38 1365 785.2900 129.9500 39 1644 730.1000 58.6700
2.6265557391e+000 5.2072128248e-001 -8.7362263157e+000
116 59 30
2 38 1373 492.8400 97.2000 39 1357 440.8700 24.9200
-1.8066965037e+002 6.0483741552e+001 -4.2346230658e+002
93 58 50
2 38 802 -694.3800 232.7900 39 1249 -709.3900 371.5900
3.2732886306e+000 -3.6884033055e-001 -9.3346274076e+000
193 139 111
2 38 1449 574.7800 -65.1500 39 1061 514.7900 -122.7700
3.3186446096e+000 -5.5882038712e-001 -9.5115647184e+000
203 136 109
2 38 1021 572.1100 -96.7300 39 1093 510.8900 -149.8200
1.8389625224e+000 1.2283561330e+000 -8.9594781019e+000
68 42 57
2 38 1821 335.1400 224.0700 39 2003 297.2500 156.7200
1.6629310147e+000 1.1308382651e+000 -8.8101867565e+000
19 76 128
2 38 1631 308.0800 209.6700 39 1827 269.7400 140.7500
3.2185627670e+000 -4.2863871155e-002 -9.1005292915e+000
197 140 111
2 38 1701 579.5900 -8.0500 39 1660 521.6700 -72.4400
-1.8745954162e+002 4.7983367080e+001 -3.9802566154e+002
53 39 47
2 38 1622 -768.3600 196.5100 39 1540 -781.4400 336.5000
4.8393100892e+000 -2.7088533545e+000 -9.9225136679e+000
151 132 130
2 38 1761 800.3900 -448.3800 39 1496 711.1000 -480.7000
1.4277326540e+000 1.2537182450e+000 -8.9664434467e+000
13 76 112
2 38 2019 260.7400 228.1700 39 2002 223.1100 163.7200
1.6536246650e+000 1.4137879110e+000 -9.1535768340e+000
186 136 92
2 38 2000 295.0601 252.3500 39 1993 259.7900 189.3500
-6.5175029212e-001 6.9264276370e-001 -7.5850580470e+000
82 108 101
2 38 2062 -141.6400 148.5700 39 2027 -171.6300 68.7700
5.0255271749e+000 -1.9229373737e+000 -9.6334917029e+000
57 46 54
2 38 1942 856.4100 -327.9700 39 1919 769.6700 -374.4000
4.4745889444e+000 -3.4542237817e+000 -1.1146934239e+001
56 45 54
2 38 1956 658.1801 -508.5500 39 1733 578.6000 -518.3500
-1.2228428191e+000 1.5108878986e+000 -8.3434374318e+000
115 126 124
2 38 2143 -241.6700 295.7900 39 2120 -262.2100 233.0600
-9.0307882040e-002 -4.4653405838e-001 -8.0474011761e+000
30 59 44
2 38 2096 -19.1400 -91.4600 39 2057 -58.9100 -153.7200
-1.9959013288e+002 4.4868884706e+001 -4.3184448407e+002
80 62 48
2 38 2045 -753.8600 169.3600 39 1956 -766.9000 308.5200
5.0366147046e+000 -2.0339968661e+000 -9.6737821992e+000
132 116 117
2 38 2124 854.6200 -345.4200 39 1924 767.2400 -390.0800
3.6427881394e+000 -4.4794308478e-001 -9.6208408350e+000
163 56 36
2 38 2252 620.7900 -76.6600 39 2219 559.6300 -130.7200
-1.2511105237e-001 1.7777261776e+000 -9.0516147771e+000
56 53 7
2 38 10 -23.0500 320.6000 39 801 -48.5400 265.0300
-1.2511105237e-001 1.7777261776e+000 -9.0516147771e+000
56 53 7
2 38 11 -23.0500 320.6000 39 802 -48.5400 265.0300
1.5928226863e+000 1.6840860614e+000 -9.4604829263e+000
100 13 21
2 38 27 274.9000 290.9100 39 818 242.9900 233.2400
2.0786813045e+000 1.6976475312e+000 -9.6421944420e+000
104 28 29
2 38 29 351.7100 288.0300 39 821 319.6400 230.6600
2.1974925513e+000 1.7683272528e+000 -9.7645605212e+000
79 115 131
2 38 32 367.2800 296.3200 39 823 335.5900 240.3100
2.3059102150e+000 1.7017594663e+000 -9.7157389885e+000
85 19 32
2 38 33 387.9800 286.5500 39 824 354.1000 229.4400
3.3336999323e+000 1.8599682079e+000 -1.0321893641e+001
95 46 22
2 38 37 528.0699 295.3700 39 1279 494.7700 242.4700
-1.1613642603e+000 1.3289608988e+000 -8.2304244395e+000
159 150 124
2 38 49 -231.9600 263.5500 39 80 -255.1000 198.7800
-1.1613642603e+000 1.3289608988e+000 -8.2304244395e+000
159 150 124
2 38 50 -231.9600 263.5500 39 81 -255.1000 198.7800
1.0542875688e+000 1.4302629635e+000 -8.9433027295e+000
194 143 110
2 38 57 192.0900 261.1200 39 91 159.5300 197.3600
1.0952230107e+000 1.3944011969e+000 -8.9161403895e+000
158 31 38
2 38 61 200.6400 255.2800 39 835 166.6300 191.0100
2.4050093455e+000 1.4653573293e+000 -9.4469961385e+000
105 79 73
2 38 65 416.9100 253.6700 39 94 378.4600 192.0100
2.8241625430e+000 1.6995102409e+000 -9.9057709357e+000
151 110 90
2 38 68 466.2200 280.9500 39 827 431.2900 224.2600
-1.2461488608e+000 1.1997431623e+000 -8.0308600127e+000
174 31 39
2 38 80 -254.8000 243.7700 39 848 -278.7000 175.6500
-1.2461488608e+000 1.1997431623e+000 -8.0308600127e+000
174 31 39
2 38 81 -254.8000 243.7700 39 849 -278.7000 175.6500
-1.1820351845e+000 1.1828752220e+000 -7.9815309994e+000
157 40 31
2 38 82 -243.7900 241.8500 39 108 -266.9800 172.1500
1.1587385511e+000 1.2184180607e+000 -8.7221170300e+000
206 148 115
2 38 96 216.5100 228.0400 39 115 181.2900 159.9300
-1.2580113783e+000 1.0448577420e+000 -7.8374123111e+000
187 145 102
2 38 114 -263.8500 217.4500 39 142 -287.9300 145.6200
6.4674074593e-001 9.5775894672e-001 -8.2756216918e+000
165 156 129
2 38 128 126.5400 188.7200 39 899 91.7900 115.2300
9.1681426686e-001 1.0551115824e+000 -8.4737213307e+000
172 150 117
2 38 131 176.3000 203.0900 39 879 140.0699 131.9800
1.1478372366e+000 1.1513651800e+000 -8.6528692923e+000
188 151 114
2 38 133 215.9700 217.2100 39 155 180.5000 147.9400
1.1478372366e+000 1.1513651800e+000 -8.6528692923e+000
188 151 114
2 38 134 215.9700 217.2100 39 154 180.5000 147.9400
1.9103945567e+000 1.0928672652e+000 -8.8093984031e+000
140 83 66
2 38 138 353.9800 202.7800 39 160 314.3500 132.4300
-9.8255194328e-001 7.3996421717e-001 -7.5447074918e+000
194 142 109
2 38 165 -214.5700 159.6900 39 230 -241.3400 80.6700
-9.8255194328e-001 7.3996421717e-001 -7.5447074918e+000
194 142 109
2 38 166 -214.5700 159.6900 39 231 -241.3400 80.6700
1.6767067648e+000 9.0303125798e-001 -8.5629186811e+000
154 166 131
2 38 177 319.7400 172.1700 39 195 278.2000 99.1100
1.6368300816e+000 8.5567343622e-001 -8.5060443630e+000
179 173 141
2 38 179 314.1500 164.2000 39 241 272.3000 90.4000
1.6368300816e+000 8.5567343622e-001 -8.5060443630e+000
179 173 141
2 38 180 314.1500 164.2000 39 240 272.3000 90.4000
1.9327857724e+000 9.4658225557e-001 -8.7017307162e+000
92 32 35
2 38 181 363.1400 177.6700 39 202 320.5500 105.8900
1.9327857724e+000 9.4658225557e-001 -8.7017307162e+000
92 32 35
2 38 182 363.1400 177.6700 39 203 320.5500 105.8900
2.5107874870e+000 8.8579590880e-001 -8.8698198276e+000
68 29 34
2 38 190 463.5699 163.2400 39 915 417.2100 91.9900
2.5300555763e+000 8.9303230496e-001 -8.8167951807e+000
137 108 97
2 38 191 469.6700 165.6500 39 218 423.6000 92.9700
2.7932170503e+000 1.0311346964e+000 -9.0466492381e+000
36 11 13
2 38 193 505.3700 186.5900 39 917 460.5699 116.3200
2.7932170503e+000 1.0311346964e+000 -9.0466492381e+000
36 11 13
2 38 194 505.3700 186.5900 39 918 460.5699 116.3200
3.0364242467e+000 1.0407370063e+000 -9.2015353038e+000
152 114 111
2 38 196 541.3800 185.0200 39 919 493.9399 116.9300
3.0930549029e+000 8.5799024567e-001 -9.0280251858e+000
124 86 94
2 38 200 560.7500 155.7200 39 265 513.1600 84.0500
3.0930549029e+000 8.5799024567e-001 -9.0280251858e+000
124 86 94
2 38 201 560.7500 155.7200 39 266 513.1600 84.0500
3.3643236822e+000 8.9405502970e-001 -9.1405766219e+000
26 18 40
2 38 202 603.4600 160.2100 39 273 553.7200 89.4200
-8.1774924811e-001 6.5613490879e-001 -7.4706869018e+000
66 86 63
2 38 218 -180.2900 142.8700 39 235 -209.2900 61.5000
9.5985092102e-001 6.7587502166e-001 -8.1333292014e+000
169 166 128
2 38 226 192.3500 135.3100 39 292 151.6899 58.5500
2.0591825445e+000 7.4265343097e-001 -8.5763587134e+000
96 31 36
2 38 234 392.7900 141.3500 39 247 346.7500 67.3500
2.1360299632e+000 8.0839466508e-001 -8.6301708622e+000
167 98 103
2 38 235 404.4100 153.0800 39 248 359.8600 79.1300
2.1360299632e+000 8.0839466508e-001 -8.6301708622e+000
167 98 103
2 38 236 404.4100 153.0800 39 249 359.8600 79.1300
2.1087976486e+000 7.7823321772e-001 -8.6006844829e+000
93 33 37
2 38 237 400.7600 147.8200 39 250 355.6400 73.6500
2.1571930325e+000 7.1205454572e-001 -8.5761541102e+000
163 99 101
2 38 238 411.2800 135.6000 39 251 364.9200 61.0600
2.5406614806e+000 6.6113419003e-001 -8.6809792568e+000
123 74 72
2 38 246 479.3500 124.4000 39 297 429.7000 50.3100
2.6429113513e+000 8.3529885886e-001 -8.7916292416e+000
144 108 104
2 38 247 491.6400 155.5100 39 947 445.2200 81.7100
4.5260541082e+000 8.0269967864e-001 -9.4999160900e+000
157 28 63
2 38 267 781.9600 138.6600 39 277 726.8300 68.9100
4.5260541082e+000 8.0269967864e-001 -9.4999160900e+000
157 28 63
2 38 268 781.9600 138.6600 39 276 726.8300 68.9100
3.4128251115e+000 6.1993753620e-001 -8.9763438982e+000
27 30 65
2 38 288 623.4600 113.0600 39 307 569.6899 40.2300
-3.0061329633e+000 1.7777206373e-001 -7.6126021968e+000
181 27 39
2 38 315 -649.5900 37.2300 39 336 -664.7700 -22.1300
4.8566285491e+000 2.9751741813e-001 -9.5042511403e+000
51 21 20
2 38 326 838.7700 51.3400 39 353 776.2700 -17.0600
2.7386231614e+000 6.3939688457e-002 -8.8126432769e+000
163 31 41
2 38 340 508.6600 11.5500 39 371 453.7800 -56.7100
2.7479491550e+000 3.0368775016e-002 -8.8867375452e+000
161 30 39
2 38 343 506.2600 5.2300 39 373 451.2000 -61.2500
3.0212159248e+000 -2.8134465619e-001 -9.1849572740e+000
166 28 44
2 38 404 539.4301 -50.7000 39 451 480.1100 -110.1300
2.9943484580e+000 -3.1845350113e-001 -9.2013190032e+000
149 23 37
2 38 405 532.9399 -57.0700 39 452 475.0601 -116.0900
4.1016285799e+000 -4.3843072004e-001 -9.8286474303e+000
179 145 107
2 38 465 684.4900 -73.4200 39 459 621.8400 -126.5500
1.8785111254e+000 -6.5056627850e-001 -9.0394945805e+000
191 130 111
2 38 502 339.2300 -118.1800 39 562 286.8600 -171.0800
2.3689444365e+000 -6.4684418535e-001 -9.2127493481e+000
139 83 74
2 38 506 420.7900 -115.4200 39 572 364.5500 -167.8200
1.6011077194e+000 -9.3256375459e-001 -9.3281188010e+000
141 80 72
2 38 566 280.4700 -164.0100 39 638 228.7800 -207.8100
-4.2936580113e-002 1.6356043114e+000 -8.8666317850e+000
38 52 37
2 38 755 -8.5600 301.0800 39 1273 -35.1000 241.7200
2.9358367258e+000 1.8035152394e+000 -1.0090533247e+001
118 55 22
2 38 766 476.2800 292.6400 39 1276 441.4900 238.4900
2.8178945301e+000 1.7397087882e+000 -9.9069586786e+000
86 28 19
2 38 767 466.0500 287.4000 39 1277 429.6400 231.0500
3.6495384111e+000 1.8849056139e+000 -1.0443061565e+001
43 8 2
2 38 769 572.3700 295.8500 39 1280 537.1200 243.5500
-2.1031785885e+002 7.2895633801e+001 -4.4543335810e+002
137 89 70
2 38 772 -769.3200 266.7600 39 1242 -784.5100 409.2700
-2.1031785885e+002 7.2895633801e+001 -4.4543335810e+002
137 89 70
2 38 773 -769.3200 266.7600 39 1243 -784.5100 409.2700
-6.3583221769e-003 1.3353498067e+000 -8.5150819325e+000
29 56 43
2 38 783 -2.6900 255.8900 39 1289 -30.1600 189.8800
1.4438360297e+000 1.4408614223e+000 -9.0842761069e+000
141 141 131
2 38 791 259.5601 259.0700 39 1291 225.1200 195.8600
2.3998523381e+000 1.5096352932e+000 -9.4672455811e+000
163 132 119
2 38 796 414.5400 260.9000 39 840 377.7500 199.2500
-1.1890313922e+000 1.1574779632e+000 -8.0595213354e+000
179 42 51
2 38 806 -242.1100 234.2700 39 850 -266.7400 166.6800
1.2095994558e+000 1.3244638484e+000 -8.9126426435e+000
158 31 44
2 38 810 221.5400 242.5900 39 852 186.8000 177.7900
1.5110703785e+000 1.2859891534e+000 -8.9149441511e+000
141 149 138
2 38 812 276.7700 235.6000 39 1300 240.4000 169.1500
2.1522827913e+000 1.3841583755e+000 -9.2327144807e+000
120 98 100
2 38 813 381.0500 245.1700 39 857 343.5500 180.8700
2.1522827913e+000 1.3841583755e+000 -9.2327144807e+000
120 98 100
2 38 814 381.0500 245.1700 39 856 343.5500 180.8700
2.0904920615e+000 1.2835387325e+000 -9.1152082824e+000
92 68 83
2 38 817 374.6500 230.2600 39 859 336.5601 164.3200
-1.0975544648e+000 9.8265329958e-001 -7.8621945220e+000
172 38 33
2 38 821 -229.3200 203.7400 39 874 -255.0000 131.8500
-2.1575691540e-001 9.8904340626e-001 -8.0710785382e+000
18 49 27
2 38 824 -43.9200 199.6100 39 876 -75.8100 127.0300
2.0608550481e+000 1.0186022075e+000 -8.7812873540e+000
168 99 94
2 38 832 383.5000 189.6000 39 905 341.7200 118.2200
2.6706347848e+000 1.1405729156e+000 -9.1057399506e+000
145 124 116
2 38 841 479.6801 205.0700 39 884 437.3600 136.0900
-1.1167528301e+000 7.7983137773e-001 -7.5340682486e+000
184 149 118
2 38 853 -243.3200 168.5500 39 929 -270.5500 90.0000
-1.0054469064e-001 9.0472366568e-001 -8.0276481985e+000
30 46 30
2 38 857 -21.0200 183.5400 39 1328 -53.5600 109.6300
2.0943580856e+000 9.2757663272e-001 -8.7068078029e+000
153 85 82
2 38 864 392.9700 174.1400 39 207 350.1300 101.4000
2.0943580856e+000 9.2757663272e-001 -8.7068078029e+000
153 85 82
2 38 865 392.9700 174.1400 39 208 350.1300 101.4000
3.3078232336e+000 9.5468703170e-001 -9.1425087168e+000
156 119 78
2 38 875 592.5500 171.1700 39 923 544.9700 100.1200
-2.1050150561e+000 5.8864840790e-001 -7.6457801050e+000
191 170 143
2 38 881 -452.4300 125.2500 39 957 -472.9200 57.4300
2.0531418165e+000 7.7141561646e-001 -8.5956725167e+000
93 29 30
2 38 898 390.5900 146.5400 39 940 345.2700 72.7500
2.2664995107e+000 6.7692403491e-001 -8.6132108133e+000
141 85 89
2 38 902 430.4000 128.3600 39 970 383.1100 54.2100
4.2559909836e+000 1.3309425518e-002 -9.4273256512e+000
212 134 59
2 38 948 740.8101 2.1400 39 378 678.5699 -62.3500
4.2559909836e+000 1.3309425518e-002 -9.4273256512e+000
212 134 59
2 38 949 740.8101 2.1400 39 379 678.5699 -62.3500
2.2814242989e+000 -7.1247548914e-002 -8.7464736628e+000
192 141 114
2 38 965 426.5800 -13.7700 39 1030 373.3700 -79.4900
2.7719487943e+000 -2.5994823472e-002 -8.8989642526e+000
187 75 74
2 38 972 510.2100 -5.2000 39 409 454.1200 -71.0200
4.6618150459e+000 -4.1481769679e-001 -1.0118084542e+001
150 119 109
2 38 998 756.2100 -67.5000 39 463 691.8000 -118.9100
-6.4002720850e-001 -3.8530596682e-001 -7.8461493382e+000
22 50 39
2 38 1003 -134.4000 -81.1400 39 471 -169.3200 -144.9600
2.5725668650e+000 -5.1212127073e-001 -9.1860003608e+000
192 78 78
2 38 1012 458.4000 -91.7400 39 489 401.6400 -146.9500
-1.6316625734e-001 -5.4259954318e-001 -8.1712843299e+000
29 60 43
2 38 1039 -33.5000 -109.2800 39 1106 -72.6000 -167.6100
3.7492974330e-001 -6.2381870169e-001 -8.3540348320e+000
163 161 150
2 38 1045 72.8199 -122.7500 39 1111 28.7400 -179.7600
1.8337045447e+000 -6.8608483848e-001 -9.1189887439e+000
140 82 71
2 38 1057 328.4301 -123.5500 39 564 276.1300 -174.4100
3.9532975824e+000 -7.2957335959e-001 -1.0044472143e+001
171 148 127
2 38 1079 645.6801 -119.4600 39 593 582.2900 -165.9100
4.1870188496e+000 -7.1178346298e-001 -1.0160231870e+001
137 120 109
2 38 1081 676.2500 -115.2400 39 512 612.1400 -161.2200
4.5357265978e+000 -6.6997240095e-001 -1.0309844445e+001
163 143 134
2 38 1082 722.0000 -106.8800 39 516 657.2700 -152.7400
-7.5061396202e-001 -8.2971077176e-001 -8.3331809106e+000
74 116 116
2 38 1098 -147.4900 -163.6600 39 1142 -183.9600 -212.3100
1.4832752938e+000 -9.2079032028e-001 -9.2394626458e+000
140 80 70
2 38 1120 262.2800 -163.5000 39 632 211.1000 -208.1900
3.0665241427e+000 -8.1884301109e-001 -9.8110856320e+000
124 63 57
2 38 1139 511.8400 -137.0800 39 584 453.0800 -182.0300
3.0665241427e+000 -8.1884301109e-001 -9.8110856320e+000
124 63 57
2 38 1140 511.8400 -137.0800 39 585 453.0800 -182.0300
3.1979639926e+000 -7.9398464897e-001 -9.8198512306e+000
151 95 79
2 38 1144 533.5400 -132.8500 39 583 473.8500 -178.4900
5.0033607733e+000 -2.0537918485e+000 -9.6796887751e+000
140 124 124
2 38 1218 848.5900 -348.6100 39 1208 761.1300 -392.7100
5.0582986065e+000 -2.6887031262e+000 -9.5535393029e+000
133 115 115
2 38 1229 868.7900 -462.1300 39 765 772.8600 -500.2600
-6.9571974981e-001 1.6078912741e+000 -8.6473034894e+000
38 53 34
2 38 1258 -133.4000 303.6300 39 1568 -155.3500 243.6600
-6.0419535198e-001 1.3565346705e+000 -8.4039637719e+000
34 54 42
2 38 1271 -118.6900 263.3700 39 1286 -144.0100 198.7300
2.8461069061e+000 1.7054313975e+000 -9.8537885514e+000
157 118 77
2 38 1281 473.3101 283.2700 39 1278 436.2600 225.9200
-2.9507165887e+002 7.2206220621e+001 -5.3526472570e+002
116 94 83
2 38 1282 -899.2500 219.6900 39 1247 -913.9100 365.7800
-1.6573328361e+002 5.9642113551e+001 -4.0754451022e+002
104 60 46
2 38 1284 -661.9300 238.4700 39 1535 -675.9200 376.2100
-2.2303796344e+000 1.1625845126e+000 -8.1039073753e+000
188 169 139
2 38 1286 -452.6100 234.3500 39 1295 -470.4500 174.3800
-2.2596958474e+000 1.0832183604e+000 -8.0301252337e+000
188 166 142
2 38 1287 -462.5600 220.3000 39 1294 -480.8800 159.2900
-1.3250201055e+000 1.1334017186e+000 -7.8889773864e+000
168 44 51
2 38 1293 -276.3900 234.4600 39 1298 -299.0600 163.7700
-1.3250201055e+000 1.1334017186e+000 -7.8889773864e+000
168 44 51
2 38 1294 -276.3900 234.4600 39 1297 -299.0600 163.7700
-1.2965812651e+000 1.0703951318e+000 -7.8319415229e+000
176 38 46
2 38 1295 -272.4300 222.9800 39 1306 -295.5700 151.0800
1.3148800469e+000 1.1969246056e+000 -8.7540292343e+000
182 87 75
2 38 1299 245.0699 223.2200 39 1315 208.6500 154.9800
2.6306318405e+000 1.2793735812e+000 -9.3936528214e+000
138 114 104
2 38 1303 458.0000 222.9000 39 861 418.1500 159.3300
-2.1378646120e+000 1.0503415813e+000 -7.8656589049e+000
195 175 148
2 38 1314 -446.8600 218.0600 39 1305 -465.7500 152.6700
-2.4915976745e-001 1.0706850607e+000 -8.1429392312e+000
31 54 58
2 38 1322 -51.0700 214.3400 39 1312 -80.4500 142.9800
1.3390553718e+000 1.1257351615e+000 -8.6585379197e+000
169 71 62
2 38 1323 252.3600 212.2400 39 1317 214.8900 142.1600
2.0507008779e+000 1.1592713114e+000 -8.9732674212e+000
87 60 79
2 38 1324 373.7100 211.1400 39 1319 333.4100 143.2700
-1.1865978250e+000 8.6652481207e-001 -7.5827001544e+000
169 31 43
2 38 1333 -257.7200 186.2700 39 1608 -282.3400 108.6900
-1.1595269888e+000 8.0531199380e-001 -7.5383213944e+000
174 40 49
2 38 1335 -253.2000 174.0500 39 1610 -278.5900 95.6000
-1.0308320485e+000 8.4578919723e-001 -7.6522466097e+000
169 42 34
2 38 1337 -221.1800 180.0400 39 1325 -248.4600 103.4500
-1.7359619369e-001 9.0453333906e-001 -7.9958282268e+000
28 53 28
2 38 1338 -36.4100 184.2700 39 1327 -67.8200 109.9900
9.4000752987e-001 9.5613061684e-001 -8.3589655669e+000
170 153 128
2 38 1339 183.4301 186.4900 39 1614 145.5800 113.2800
8.3685384561e-001 8.1784406615e-001 -8.1976623286e+000
179 151 126
2 38 1340 166.1100 162.5800 39 1342 127.9800 87.0800
1.0021116217e+000 9.4412961870e-001 -8.3539866087e+000
181 46 41
2 38 1343 195.1600 184.3500 39 1331 157.9200 110.5200
-1.1044790133e+000 6.6596717975e-001 -7.4076723980e+000
171 35 47
2 38 1352 -245.5400 146.3100 39 1630 -271.9400 65.1200
8.5929518778e-001 7.3922417162e-001 -8.1441520851e+000
170 153 133
2 38 1358 171.6300 147.8700 39 1344 132.7200 71.4800
2.8973268811e+000 8.0051391804e-001 -8.8388522072e+000
77 35 45
2 38 1362 537.3101 148.1400 39 1636 487.3600 74.4400
2.8589444489e+000 7.5552684833e-001 -8.8378091203e+000
79 38 44
2 38 1363 529.7600 139.8800 39 1350 480.5300 66.4600
3.2261205469e+000 8.3560338059e-001 -9.0575115642e+000
70 39 42
2 38 1364 583.7200 151.0800 39 1351 534.0601 79.6500
-2.9886630586e-001 3.5635911691e-001 -7.5571363051e+000
121 126 122
2 38 1383 -65.2100 76.2500 39 1646 -100.8800 -3.7000
4.9792535373e+000 2.0567187161e-001 -9.6124895007e+000
158 98 34
2 38 1392 850.4500 35.0200 39 1367 786.6000 -31.2500
8.8968814980e-001 8.5843431808e-002 -8.1145687726e+000
51 54 96
2 38 1394 178.6801 16.6400 39 1000 134.0000 -55.3100
3.0406098036e+000 5.4845347294e-002 -8.9426884746e+000
190 69 80
2 38 1397 557.3199 9.6600 39 1369 500.0500 -57.4600
3.0406098036e+000 5.4845347294e-002 -8.9426884746e+000
190 69 80
2 38 1398 557.3199 9.6600 39 1370 500.0500 -57.4600
3.8134257221e+000 1.2058830178e-001 -9.1448653286e+000
194 91 50
2 38 1400 684.5800 21.2900 39 1008 623.2700 -46.6500
3.5959718768e+000 -3.3144002549e-001 -9.4908778536e+000
158 85 49
2 38 1451 621.3900 -57.6200 39 1416 560.3400 -114.5100
4.5626818525e+000 -2.7514314354e-001 -9.8481699785e+000
185 154 134
2 38 1454 760.6100 -46.1100 39 1068 695.9100 -102.4000
-3.4582447291e-001 -4.7877458778e-001 -8.0161005792e+000
138 145 61
2 38 1466 -70.8900 -98.4800 39 1080 -109.6300 -159.3900
-3.4582447291e-001 -4.7877458778e-001 -8.0161005792e+000
138 145 61
2 38 1467 -70.8900 -98.4800 39 1079 -109.6300 -159.3900
3.2472231027e+000 -4.1868321400e-001 -9.3524705309e+000
196 141 110
2 38 1470 569.1100 -73.7700 39 1412 508.9399 -130.5000
3.3714289981e+000 -4.5275211460e-001 -9.4596392916e+000
197 131 104
2 38 1473 584.1500 -78.8100 39 1436 523.7500 -134.1200
-4.8783167897e-001 -5.3649661146e-001 -8.0069855527e+000
56 105 122
2 38 1485 -101.1400 -110.2900 39 1442 -136.6100 -170.1900
8.0766063068e-001 -6.7825928676e-001 -8.7162960189e+000
11 59 105
2 38 1495 150.6700 -127.7600 39 1450 104.8600 -180.0900
1.9068554521e+000 -5.8692171656e-001 -8.9772472131e+000
192 131 110
2 38 1502 346.8500 -107.4200 39 1433 294.2100 -162.1300
2.3735900718e+000 -5.7168387248e-001 -9.1783012894e+000
195 132 115
2 38 1503 423.1200 -102.4300 39 1434 367.3900 -156.1600
-4.3861444952e-001 -7.9296278648e-001 -8.3086018173e+000
133 138 34
2 38 1509 -87.0700 -156.7900 39 1144 -124.8900 -208.2100
-4.3861444952e-001 -7.9296278648e-001 -8.3086018173e+000
133 138 34
2 38 1510 -87.0700 -156.7900 39 1145 -124.8900 -208.2100
1.1517508644e+000 -7.2205906277e-001 -8.9057286689e+000
137 82 80
2 38 1517 210.5601 -133.0500 39 1116 162.8300 -183.5900
5.1538222522e+000 -1.6318686295e+000 -9.2753523091e+000
155 137 137
2 38 1542 912.1899 -289.1000 39 1196 823.0300 -345.0600
5.2218837911e+000 -2.3932902901e+000 -9.1507246753e+000
159 141 141
2 38 1553 935.8900 -429.2900 39 1224 836.3101 -477.8900
-9.0970051912e+001 4.2615627678e+001 -2.3972724804e+002
84 65 60
2 38 1574 -618.0500 289.6700 39 1519 -630.2500 424.6500
-1.8128781172e+000 1.4336205181e+000 -8.0603513613e+000
127 131 130
2 38 1577 -369.8900 290.7100 39 1566 -389.1800 225.8600
5.2992594507e-001 1.6308065310e+000 -9.0361159494e+000
167 146 119
2 38 1579 95.2400 294.6200 39 1791 66.5800 235.1900
4.5430710607e+000 2.0543741902e+000 -1.1141202553e+001
148 116 79
2 38 1583 668.7400 302.3500 39 1271 633.1899 256.3700
-1.3985159985e+000 1.2957925386e+000 -8.1111162050e+000
170 33 43
2 38 1587 -283.5600 260.8300 39 1574 -305.3200 195.0200
-1.3985159985e+000 1.2957925386e+000 -8.1111162050e+000
170 33 43
2 38 1588 -283.5600 260.8300 39 1575 -305.3200 195.0200
-5.5134401363e-001 1.4531310116e+000 -8.5060673846e+000
27 61 44
2 38 1589 -107.3400 278.8200 39 1578 -131.8200 215.6100
1.5136217856e+000 1.4984744785e+000 -9.2357965283e+000
24 79 104
2 38 1593 267.9000 265.0000 39 1582 233.5699 204.2400
-1.2859806970e+000 1.1525187635e+000 -7.9751115813e+000
165 104 80
2 38 1606 -265.8900 235.8600 39 1586 -287.5500 166.7700
1.1998642668e+000 1.2615787279e+000 -8.7611608943e+000
160 31 43
2 38 1612 223.4000 235.0800 39 1592 188.0699 167.4000
2.2589008160e+000 1.3967368019e+000 -9.2741428843e+000
133 106 93
2 38 1615 397.4700 246.4800 39 1816 361.2300 182.0100
2.5078389696e+000 1.3058394725e+000 -9.2558983230e+000
33 15 13
2 38 1617 442.9301 230.9100 39 1817 403.6200 165.1800
2.5078389696e+000 1.3058394725e+000 -9.2558983230e+000
33 15 13
2 38 1618 442.9301 230.9100 39 1818 403.6200 165.1800
2.2469348044e-001 1.0102491986e+000 -8.1986683511e+000
29 50 26
2 38 1625 44.3500 200.7900 39 1824 10.7300 128.1600
2.2469348044e-001 1.0102491986e+000 -8.1986683511e+000
29 50 26
2 38 1626 44.3500 200.7900 39 1825 10.7300 128.1600
1.1920787795e+000 1.1520467051e+000 -8.6403159855e+000
197 147 111
2 38 1629 225.1100 217.6100 39 1597 188.4600 147.9400
2.2132436603e+000 1.0364386774e+000 -8.8556922417e+000
80 39 48
2 38 1633 408.7300 191.3300 39 1618 366.1500 120.5900
2.7766514898e+000 1.0851928123e+000 -9.1157774077e+000
145 122 106
2 38 1636 498.7700 194.8300 39 1606 454.4100 125.9200
-1.1599832973e+000 8.0518327585e-001 -7.5441206772e+000
174 40 49
2 38 1640 -253.0000 173.8800 39 1611 -278.5900 95.6000
-1.1249024692e+000 7.3410984846e-001 -7.4742510280e+000
164 37 38
2 38 1642 -247.7000 159.9300 39 1628 -273.8500 80.1200
8.9449352529e-001 8.3281972545e-001 -8.2345929802e+000
154 78 62
2 38 1646 176.6100 164.8700 39 1844 138.7700 89.6900
1.0030318204e+000 9.4657913073e-001 -8.3665361041e+000
182 47 41
2 38 1647 195.1200 184.5400 39 1615 157.7900 111.0000
1.0030318204e+000 9.4657913073e-001 -8.3665361041e+000
182 47 41
2 38 1648 195.1200 184.5400 39 1616 157.7900 111.0000
3.0459904223e+000 9.5221398782e-001 -9.0582318520e+000
133 98 96
2 38 1653 550.6300 172.1800 39 1620 503.7600 101.0400
-2.0977498679e+000 7.0693292270e-001 -7.6830286223e+000
195 171 145
2 38 1662 -448.7100 149.9000 39 1625 -468.9300 82.0700
8.1927211892e-001 6.5865161031e-001 -8.0585917525e+000
166 83 72
2 38 1667 165.1400 133.1000 39 1640 125.9500 55.4600
4.3974000726e+000 8.5849164704e-002 -9.4437494827e+000
40 23 35
2 38 1687 764.5601 14.6800 39 1652 701.4900 -50.6100
1.5641106747e+000 -1.4285532691e-001 -8.5406512316e+000
185 124 103
2 38 1691 298.9500 -27.8900 39 1659 249.6200 -92.8900
2.1382686353e+000 -1.1803571403e-001 -8.7028567615e+000
193 142 111
2 38 1696 401.9100 -22.7000 39 1385 348.6899 -87.9500
-7.2520675284e-001 -3.4265128583e-001 -7.7545886529e+000
135 136 74
2 38 1714 -153.8500 -73.1400 39 1423 -188.2900 -138.8500
2.4936746620e+000 -5.1252073884e-001 -9.2632263596e+000
194 132 105
2 38 1719 440.3800 -91.0000 39 1673 385.0400 -144.5000
6.4570584280e-001 -6.7540646387e-001 -8.5893058607e+000
198 132 110
2 38 1724 122.2400 -129.1500 39 1448 76.8500 -182.8300
3.3721245709e+000 -8.7417472399e-001 -1.0003185217e+001
146 115 95
2 38 1732 552.1899 -143.5100 39 1456 492.2100 -186.6900
3.4796728238e+000 -9.3074828786e-001 -1.0165410276e+001
184 150 123
2 38 1733 561.1500 -150.4200 39 1458 500.2100 -191.1000
-9.6574509571e-001 -8.7717274299e-001 -8.2586803213e+000
34 64 39
2 38 1735 -192.0500 -174.5700 39 1687 -225.9300 -222.9300
4.9902538097e-001 -1.0007892139e+000 -8.9645558235e+000
193 130 119
2 38 1738 90.5100 -183.0600 39 1697 45.6800 -226.2000
4.9719526089e+000 -2.1859624924e+000 -9.8117467614e+000
154 140 139
2 38 1754 831.9500 -366.0400 39 1716 744.8199 -406.5800
4.7673503142e+000 -2.8162257057e+000 -1.0452786160e+001
142 126 128
2 38 1759 748.3101 -442.3900 39 1724 664.5900 -467.1600
-9.1720925765e+001 5.2188251853e+001 -2.7362147320e+002
90 79 80
2 38 1783 -546.0500 310.6400 39 1738 -555.9700 444.7600
-4.6443724389e-001 1.6305864596e+000 -8.7166475001e+000
31 54 25
2 38 1786 -87.2700 305.3000 39 1974 -113.3500 245.6000
1.3458998957e+000 1.6164458179e+000 -9.2957404970e+000
96 115 113
2 38 1789 236.1700 284.0800 39 1792 204.5601 224.9000
1.3458998957e+000 1.6164458179e+000 -9.2957404970e+000
96 115 113
2 38 1790 236.1700 284.0800 39 1793 204.5601 224.9000
-1.0032028255e+002 5.3125167401e+001 -3.0862722777e+002
86 69 61
2 38 1797 -528.4900 280.2300 39 1938 -540.0100 413.5300
1.3819609746e+000 1.5381852142e+000 -9.1968031823e+000
108 122 134
2 38 1800 245.0500 273.2400 39 1800 212.6000 212.1600
1.3819609746e+000 1.5381852142e+000 -9.1968031823e+000
108 122 134
2 38 1801 245.0500 273.2400 39 1801 212.6000 212.1600
1.4747714645e+000 1.5971806772e+000 -9.3203948187e+000
38 40 63
2 38 1802 258.1899 279.9900 39 1794 225.9399 220.5900
1.6768289233e+000 1.5602701292e+000 -9.3090484805e+000
88 62 81
2 38 1803 293.8900 273.9600 39 1802 260.8000 213.2100
2.3374554599e+000 1.4958922970e+000 -9.4409214136e+000
99 78 95
2 38 1804 404.8000 259.2200 39 1804 368.1700 197.4600
-8.0390488372e-001 1.2497239479e+000 -8.2333339499e+000
172 157 72
2 38 1812 -160.5800 247.6000 39 1805 -186.1800 180.9900
-8.0390488372e-001 1.2497239479e+000 -8.2333339499e+000
172 157 72
2 38 1813 -160.5800 247.6000 39 1806 -186.1800 180.9900
-2.0497576252e-001 1.2315832555e+000 -8.3404649024e+000
162 156 81
2 38 1816 -41.1100 240.8200 39 1807 -69.6200 172.8500
-2.0497576252e-001 1.2315832555e+000 -8.3404649024e+000
162 156 81
2 38 1817 -41.1100 240.8200 39 1808 -69.6200 172.8500
2.6656509510e+000 1.4442322271e+000 -9.4771358454e+000
145 113 99
2 38 1822 460.0800 249.4700 39 2004 421.7700 186.6600
-6.7598428723e-001 9.8757142841e-001 -7.9312333615e+000
171 154 96
2 38 1828 -140.3900 202.9300 39 1820 -168.2300 129.8700
-6.7598428723e-001 9.8757142841e-001 -7.9312333615e+000
171 154 96
2 38 1829 -140.3900 202.9300 39 1821 -168.2300 129.8700
-4.5547611465e-001 1.0820314687e+000 -8.1254928679e+000
34 54 28
2 38 1830 -91.7100 216.9900 39 1822 -121.8800 146.7200
-2.7122039568e-001 1.0121438885e+000 -8.0655965292e+000
174 155 62
2 38 1832 -56.2200 204.5400 39 1823 -85.5800 131.8100
-9.3491731009e-001 7.4763197812e-001 -7.5623814530e+000
179 33 47
2 38 1839 -203.2100 160.9300 39 1840 -231.3400 82.0800
7.7278423562e-001 8.2614105014e-001 -8.2100163144e+000
165 88 78
2 38 1841 153.0100 163.9800 39 1842 115.5800 89.1000
2.8838124106e+000 1.0276528868e+000 -9.0806241389e+000
140 110 102
2 38 1843 520.1300 185.2500 39 1834 474.4700 115.2700
-2.0500356016e+000 6.5660233810e-001 -7.6212517564e+000
148 123 101
2 38 1851 -441.7700 140.2700 39 1838 -462.9900 71.0200
9.2716519564e-001 7.1451461748e-001 -8.1444594476e+000
157 85 70
2 38 1852 185.1100 142.9400 39 1845 145.8500 66.2400
3.2349573516e+000 6.9578594604e-001 -8.9687990601e+000
83 53 65
2 38 1856 591.1801 127.0000 39 1852 539.4900 54.5300
4.0689729082e+000 2.7837897743e-002 -9.3598783524e+000
185 87 31
2 38 1874 713.1600 4.7000 39 1651 652.0000 -60.1700
1.0487345988e+000 -1.6061787207e-001 -8.4370083188e+000
15 59 92
2 38 1880 202.2400 -31.6700 39 1656 156.9900 -95.6500
-4.0720494761e-001 -5.0499858218e-001 -8.1209370948e+000
27 58 30
2 38 1895 -82.4500 -102.4700 39 1873 -120.2300 -160.6400
6.5735555795e-001 -6.1497487930e-001 -8.4822701820e+000
153 88 60
2 38 1898 126.0601 -119.1500 39 1887 80.4100 -175.4800
1.5361344650e+000 -7.5239908724e-001 -9.0817503190e+000
197 132 114
2 38 1922 276.2300 -136.0100 39 1684 225.2400 -185.2000
-2.7780333944e-001 -9.2460427617e-001 -8.5570223714e+000
155 152 136
2 38 1932 -53.0700 -177.4100 39 1695 -93.6700 -223.7300
3.8139951717e-001 -1.1388819778e+000 -9.1910576920e+000
167 46 61
2 38 1937 68.0400 -203.1700 39 1705 22.8700 -240.5900
5.0736393448e+000 -1.8382393654e+000 -9.5793406821e+000
60 50 59
2 38 1940 869.3199 -315.2500 39 1917 782.7600 -363.8100
5.0867917540e+000 -1.8460435870e+000 -9.4662963199e+000
138 121 121
2 38 1941 882.1500 -320.4200 39 1918 793.6700 -370.5300
4.8849814771e+000 -2.2746184615e+000 -9.8053856361e+000
135 122 122
2 38 1945 818.3300 -381.2500 39 1923 730.2300 -420.1500
4.8490805905e+000 -2.6331552157e+000 -1.0279067059e+001
136 119 125
2 38 1948 774.5300 -420.7900 39 1721 689.0100 -449.6700
2.8062254716e+002 2.0854017645e+002 7.4343632366e+002
109 81 77
2 38 1951 -614.3800 -457.0200 39 1912 -630.0200 -314.3400
4.6684392421e+000 -3.0246062482e+000 -1.0627220447e+001
149 130 133
2 38 1953 721.2000 -467.4100 39 1930 637.2100 -487.2300
4.5753091247e+000 -3.3003086395e+000 -1.0904972806e+001
143 127 130
2 38 1958 689.0200 -497.0000 39 1729 605.6000 -510.4700
4.4961626408e+000 -3.3801968315e+000 -1.0932921642e+001
147 131 134
2 38 1959 675.0699 -507.6400 39 1734 592.5300 -519.7900
-1.1782272949e+002 5.9125770775e+001 -3.1361164357e+002
124 92 87
2 38 1983 -611.9000 307.1900 39 2089 -623.7900 444.2100
-5.1325928171e-001 1.5307397157e+000 -8.6173370600e+000
170 157 113
2 38 1986 -97.8000 289.8700 39 1975 -123.7900 228.6900
-4.0609350877e-001 1.4804103077e+000 -8.6183836732e+000
36 60 30
2 38 1993 -77.7200 280.2800 39 1985 -103.8800 218.5800
-2.0793581750e-001 1.4676269770e+000 -8.6086933943e+000
29 51 30
2 38 1994 -40.3800 278.1900 39 1986 -67.1100 215.0500
-2.0793581750e-001 1.4676269770e+000 -8.6086933943e+000
29 51 30
2 38 1995 -40.3800 278.1900 39 1987 -67.1100 215.0500
1.5761719907e+000 1.5747815834e+000 -9.3147828135e+000
180 127 96
2 38 1996 276.1500 276.2700 39 1991 243.3300 216.2300
1.5761719907e+000 1.5747815834e+000 -9.3147828135e+000
180 127 96
2 38 1997 276.1500 276.2700 39 1990 243.3300 216.2300
1.5371359687e+000 1.4327308393e+000 -9.1187452340e+000
30 76 112
2 38 1998 275.1600 256.6900 39 1992 240.6801 193.5800
1.6536246650e+000 1.4137879110e+000 -9.1535768340e+000
186 136 92
2 38 1999 295.0601 252.3500 39 1994 259.7900 189.3500
-1.6291571280e+002 5.4316665872e+001 -3.9965152743e+002
104 71 57
2 38 2005 -663.8900 221.4600 39 1947 -677.2000 358.6900
-9.0493799683e-001 1.2659295230e+000 -8.2727631180e+000
30 53 24
2 38 2007 -179.7600 249.6300 39 1996 -204.8100 184.4800
-8.3549681162e-001 1.0990084109e+000 -8.0514937604e+000
163 153 112
2 38 2008 -170.9000 222.5800 39 2005 -196.7300 152.7300
-6.6271197646e-001 1.1890870165e+000 -8.1439130713e+000
35 55 39
2 38 2010 -134.7300 238.1900 39 2127 -159.9600 168.7800
-5.9866171510e-001 1.2622938838e+000 -8.2952112489e+000
171 154 111
2 38 2011 -118.8500 248.2000 39 1997 -145.4300 181.6100
-5.9866171510e-001 1.2622938838e+000 -8.2952112489e+000
171 154 111
2 38 2012 -118.8500 248.2000 39 1998 -145.4300 181.6100
2.7239989381e-003 1.2419492814e+000 -8.4076112435e+000
167 149 115
2 38 2014 -0.2000 240.9000 39 2000 -30.0100 173.1000
2.7239989381e-003 1.2419492814e+000 -8.4076112435e+000
167 149 115
2 38 2015 -0.2000 240.9000 39 2001 -30.0100 173.1000
-6.4428976555e-002 1.1653145861e+000 -8.2929400182e+000
37 60 43
2 38 2016 -13.5400 229.1200 39 2130 -43.4900 159.5400
-6.4428976555e-002 1.1653145861e+000 -8.2929400182e+000
37 60 43
2 38 2017 -13.5400 229.1200 39 2131 -43.4900 159.5400
-7.7762095856e-001 1.0163842702e+000 -7.9998461998e+000
32 60 31
2 38 2024 -159.9400 207.0800 39 2007 -186.9900 136.1500
-5.4356191727e-001 9.3657070956e-001 -7.8868212915e+000
38 64 45
2 38 2026 -113.6700 193.4800 39 2142 -142.7400 118.8000
-4.6907757775e-001 9.9525150759e-001 -7.9887590119e+000
168 155 110
2 38 2027 -97.0400 203.0300 39 2009 -125.9100 129.9300
-4.6907757775e-001 9.9525150759e-001 -7.9887590119e+000
168 155 110
2 38 2028 -97.0400 203.0300 39 2010 -125.9100 129.9300
5.7927407164e-001 9.8586782043e-001 -8.3048029346e+000
171 35 36
2 38 2031 114.4399 193.3600 39 2021 77.0900 121.3000
8.6033486151e-001 1.0859352767e+000 -8.4663775602e+000
163 156 131
2 38 2032 165.5601 209.2100 39 2011 129.8199 138.1300
8.6033486151e-001 1.0859352767e+000 -8.4663775602e+000
163 156 131
2 38 2033 165.5601 209.2100 39 2012 129.8199 138.1300
1.4790735523e+000 1.1152303792e+000 -8.7693992298e+000
6 77 115
2 38 2036 276.1100 207.5000 39 2015 236.5699 139.2800
2.4230093266e+000 1.2211389255e+000 -9.1662067695e+000
130 101 93
2 38 2040 432.8101 217.8500 39 2017 391.3101 151.5200
-2.0218094951e-001 8.1146322360e-001 -7.8590531512e+000
161 155 93
2 38 2047 -42.9200 168.1000 39 2028 -75.1700 91.3400
-2.0218094951e-001 8.1146322360e-001 -7.8590531512e+000
161 155 93
2 38 2048 -42.9200 168.1000 39 2029 -75.1700 91.3400
1.4636308892e-001 8.8515570544e-001 -8.0788321426e+000
28 53 26
2 38 2049 29.1000 178.4300 39 2018 -5.0500 104.2600
1.4636308892e-001 8.8515570544e-001 -8.0788321426e+000
28 53 26
2 38 2050 29.1000 178.4300 39 2019 -5.0500 104.2600
1.5230215035e+000 9.9568006504e-001 -8.6291003581e+000
26 74 118
2 38 2053 288.2800 188.3300 39 2022 248.3199 117.2200
1.8487891756e+000 8.6299484178e-001 -8.5807800461e+000
176 114 89
2 38 2055 351.9000 164.2500 39 2155 309.1700 90.7200
2.7523618259e+000 8.6105075407e-001 -8.8955149968e+000
92 53 58
2 38 2056 506.5601 158.3800 39 2034 459.3600 86.1900
3.2812222900e+000 9.8788522463e-001 -9.1759428252e+000
158 118 83
2 38 2058 585.9500 176.3900 39 2024 538.3199 106.1800
4.6875071891e+000 6.2841361331e-001 -9.4581254605e+000
176 141 126
2 38 2078 813.3500 109.0800 39 2041 755.4399 38.5200
3.8672069852e+000 3.7484953769e-001 -9.1123005853e+000
125 27 47
2 38 2084 696.4200 67.2900 39 2044 637.8600 -3.6800
3.8672069852e+000 3.7484953769e-001 -9.1123005853e+000
125 27 47
2 38 2085 696.4200 67.2900 39 2043 637.8600 -3.6800
-3.3230754702e-001 -3.1219834768e-001 -7.9212104013e+000
23 61 45
2 38 2093 -68.7700 -65.3000 39 1866 -107.4000 -129.9800
-2.9065987528e-001 -3.9475835860e-001 -7.9491977956e+000
93 116 116
2 38 2095 -60.2000 -82.0200 39 2056 -99.0600 -145.5600
-7.3948856666e-001 -8.0830355643e-001 -8.2088059683e+000
78 113 131
2 38 2103 -148.1400 -161.8400 39 2069 -183.6500 -213.2000
1.9046444910e+000 -7.5753534152e-001 -9.2177928560e+000
194 131 113
2 38 2111 337.3300 -134.8700 39 1889 284.9200 -183.8800
2.0204572022e+000 -7.6774005073e-001 -9.3049446574e+000
193 134 112
2 38 2113 354.8500 -135.4500 39 2064 301.4200 -183.4400
-1.1471909576e+000 -1.0895972037e+000 -8.4764442011e+000
39 67 47
2 38 2119 -222.1900 -211.1300 39 1901 -255.0100 -252.3400
5.6214582814e-001 -1.1272918805e+000 -9.2874389523e+000
20 76 127
2 38 2121 98.0900 -198.8600 39 1905 54.1300 -236.2200
-1.6793715653e+002 6.1823638462e+001 -3.0674750792e+002
101 89 53
2 38 2133 -891.9300 328.1600 39 2084 -908.9500 475.2800
-9.5891090924e+001 4.9621635808e+001 -2.8019006726e+002
38 26 26
2 38 2141 -556.9000 288.4200 39 2091 -568.3500 422.3500
-1.5900754249e+002 6.0017367143e+001 -3.6689854425e+002
176 121 84
2 38 2146 -706.3800 266.6300 39 2095 -719.7000 406.2300
-1.1286748801e-001 1.4023991158e+000 -8.5451317409e+000
169 153 109
2 38 2149 -22.4000 267.7600 39 2125 -50.2400 202.9500
-1.1286748801e-001 1.4023991158e+000 -8.5451317409e+000
169 153 109
2 38 2150 -22.4000 267.7600 39 2124 -50.2400 202.9500
7.0693548520e-003 1.4625356517e+000 -8.6617114343e+000
39 55 23
2 38 2151 0.2600 275.5500 39 2126 -27.0200 212.1600
-1.5845118677e+002 5.6777657356e+001 -3.7501647301e+002
89 44 31
2 38 2153 -687.4000 246.7600 39 2096 -702.7900 385.2400
-4.8717698013e-001 1.2562019024e+000 -8.3139393026e+000
35 61 30
2 38 2154 -96.8500 246.4500 39 2128 -123.5900 179.5500
1.1376393408e-001 1.2290021065e+000 -8.4282911988e+000
34 57 28
2 38 2157 21.0100 237.8400 39 2132 -8.7600 169.7700
2.3658692404e+000 1.3411849434e+000 -9.2418535464e+000
150 124 109
2 38 2158 419.1899 237.3100 39 2133 379.1700 172.3400
-1.1597816373e+000 9.5461700747e-001 -7.7690413712e+000
154 58 55
2 38 2161 -245.3500 200.3100 39 2135 -270.6100 126.7200
-9.6038066748e-001 1.0580726948e+000 -8.0493041770e+000
44 95 121
2 38 2162 -195.8300 214.2800 39 2136 -222.1800 145.5100
-3.6137176870e-001 9.8578096522e-001 -8.0013512725e+000
35 60 36
2 38 2163 -74.9600 200.7800 39 2138 -104.3300 127.3100
-1.0355495675e+000 7.3963055501e-001 -7.5086924402e+000
168 122 89
2 38 2169 -226.8400 160.3700 39 2150 -253.9700 80.8400
-1.0355495675e+000 7.3963055501e-001 -7.5086924402e+000
168 122 89
2 38 2170 -226.8400 160.3700 39 2151 -253.9700 80.8400
2.6615233175e-001 8.9292618273e-001 -8.0977618228e+000
163 152 122
2 38 2171 52.8900 179.6400 39 2144 18.7300 105.0000
5.2585801672e-001 8.8727540705e-001 -8.1794724019e+000
162 150 126
2 38 2172 104.1801 176.7700 39 2146 68.7500 102.3700
3.7415925242e+000 1.0278890435e+000 -9.3457388040e+000
154 118 87
2 38 2175 657.3900 180.1500 39 2148 606.5699 110.9800
3.8794877801e+000 9.4143829543e-001 -9.3247099455e+000
132 24 40
2 38 2176 683.3101 165.3700 39 2149 630.6000 95.4700
-8.3428312417e-001 6.6291449806e-001 -7.4808787884e+000
96 120 118
2 38 2178 -183.8000 144.1700 39 2152 -212.3500 63.1000
-7.1535663669e-001 6.2926695174e-001 -7.4845369747e+000
26 56 29
2 38 2180 -157.6500 136.7300 39 2159 -187.3100 55.2200
4.5994617458e+000 9.1950854493e-001 -9.6921307417e+000
168 138 114
2 38 2184 778.1400 155.8600 39 2037 726.4700 88.4100
4.4676522437e+000 7.1663980949e-001 -9.6057116656e+000
169 85 38
2 38 2186 764.2700 122.1400 39 2163 707.2500 55.8000
3.8805079517e+000 -1.5505860722e-001 -9.3943962604e+000
183 125 68
2 38 2194 677.4100 -27.3000 39 2169 616.0500 -89.0800
3.8805079517e+000 -1.5505860722e-001 -9.3943962604e+000
183 125 68
2 38 2195 677.4100 -27.3000 39 2168 616.0500 -89.0800
-6.5524796307e-001 -5.7056159611e-001 -7.9434404080e+000
66 110 108
2 38 2201 -136.0900 -118.2700 39 2173 -171.1400 -178.0000
1.7747949262e+000 -7.9743910159e-001 -9.2308753514e+000
193 130 112
2 38 2206 313.4500 -141.6800 39 2062 262.5000 -189.5400
-1.5125904399e+002 6.0511877149e+001 -3.6991208139e+002
171 120 76
2 38 2232 -666.0000 266.5900 39 2194 -679.3000 404.8900
-2.5955002073e-001 8.8517410607e-001 -7.8894789815e+000
165 152 118
2 38 2237 -54.5400 182.7300 39 2205 -86.1300 106.6200
1.0095045086e-002 8.8426506751e-001 -7.9998614325e+000
160 151 110
2 38 2239 1.1300 180.0500 39 2207 -31.5400 104.7900
-2.0728764524e+000 6.0464601264e-001 -7.6342096604e+000
151 126 104
2 38 2243 -446.3300 128.8800 39 2209 -466.7100 60.4400
2.8398727562e+000 5.5901616800e-001 -8.7495201186e+000
152 107 55
2 38 2246 531.8700 104.3800 39 2211 479.6600 30.6400
-4.7009938069e-001 -5.7283493069e-001 -8.0967278509e+000
69 105 132
2 38 2253 -95.5400 -116.4800 39 2174 -132.9300 -174.0800
4.7687367497e+000 -7.7906839582e-001 -1.0616213059e+001
30 19 27
2 38 2260 737.1300 -120.6200 39 2172 672.2600 -162.4000
4.1807879610e+002 3.1133803966e+002 1.0721884492e+003
52 27 29
2 38 2266 -635.2800 -473.1500 39 2227 -649.7300 -329.9600
2.3917950138e+002 1.8958049377e+002 6.6078591108e+002
59 30 35
2 38 2267 -588.2900 -467.4100 39 2228 -605.8100 -324.8800
3.6516803386e+000 8.9427978314e-001 -9.2627624913e+000
17 58 109
2 38 2278 645.8300 158.3900 39 2255 596.6600 88.0200
4.3605291145e+000 1.1154405481e+000 -9.7707712935e+000
141 25 37
2 38 2279 731.5000 187.4800 39 2248 683.7300 121.8600
4.3605291145e+000 1.1154405481e+000 -9.7707712935e+000
141 25 37
2 38 2280 731.5000 187.4800 39 2249 683.7300 121.8600
8.6025996810e-001 7.2884234221e-001 -8.1956975365e+000
174 156 134
2 38 2282 170.1000 144.9500 39 2250 132.6100 69.6200
3.0283903752e+000 7.5263508066e-001 -8.8785066215e+000
53 19 23
2 38 2302 558.8900 138.7400 39 2282 508.5300 65.2400
-4.3153521966e-001 4.4677701831e-001 -7.5548381626e+000
155 148 122
2 38 2304 -93.9800 95.8500 39 2284 -128.0400 15.9200
3.2787531145e+000 5.5974055488e-001 -8.9334530424e+000
156 116 80
2 38 2306 601.1801 102.6200 39 2302 548.5000 29.8200
3.2787531145e+000 5.5974055488e-001 -8.9334530424e+000
156 116 80
2 38 2307 601.1801 102.6200 39 2303 548.5000 29.8200
1.0258662844e-002 -6.2971359416e-001 -8.1710355524e+000
156 156 144
2 38 2310 1.8800 -126.7800 39 2263 -40.6100 -185.0400
-9.7422893386e-001 4.1513707171e-001 -7.3981457011e+000
93 121 135
2 38 2329 -215.8700 90.8700 39 2300 -246.5900 10.8600
2.3754711366e+000 -3.4876295497e-001 -9.0161406345e+000
194 140 112
2 38 2333 430.5100 -63.6800 39 2286 376.7500 -122.5500
-1.1777930955e+000 -6.9107925785e-001 -7.8892859951e+000
197 114 104
2 38 2336 -245.1300 -144.2800 39 2288 -277.0500 -200.5000
4.3673512618e+000 -2.2954751086e-001 -9.6687299434e+000
112 68 38
2 38 2349 741.7300 -39.2900 39 2323 677.0000 -97.8600
4.8217999058e-001 -4.0468299916e-001 -8.2162633750e+000
164 160 141
2 38 2350 95.2900 -81.2000 39 2306 51.2500 -143.8300
2.8853589702e+000 -1.1366359672e-001 -9.0313698680e+000
171 33 46
2 38 2359 523.1899 -20.9900 39 2336 466.7100 -84.2500
4.8769077056e+000 1.5626088516e+000 -1.0175854300e+001
40 32 43
2 38 2365 785.9301 252.1900 39 2341 741.9399 189.6200
9.4603745526e-001 -1.5279893397e-001 -8.0666769273e+000
99 130 151
2 38 2368 191.5800 -31.7000 39 2337 143.6400 -102.6900
2.2432304091e+000 -1.9040081793e-001 -9.9763205916e+000
129 80 75
2 38 2386 367.9100 -31.6800 39 2359 319.6600 -74.5200
