# Bundle file v0.3
46 387
0 0 0
0 0 0
0 0 0
0 0 0
0 0 0
0 0 0
0 0 0
0 0 0
0 0 0
0 0 0
0 0 0
0 0 0
0 0 0
0 0 0
0 0 0
0 0 0
0 0 0
0 0 0
0 0 0
0 0 0
0 0 0
0 0 0
0 0 0
0 0 0
0 0 0
0 0 0
0 0 0
0 0 0
0 0 0
0 0 0
0 0 0
0 0 0
0 0 0
0 0 0
0 0 0
0 0 0
0 0 0
0 0 0
0 0 0
0 0 0
0 0 0
0 0 0
0 0 0
0 0 0
0 0 0
0 0 0
0 0 0
0 0 0
0 0 0
0 0 0
0 0 0
0 0 0
0 0 0
0 0 0
0 0 0
0 0 0
0 0 0
0 0 0
0 0 0
0 0 0
0 0 0
0 0 0
0 0 0
0 0 0
0 0 0
0 0 0
0 0 0
0 0 0
0 0 0
0 0 0
0 0 0
0 0 0
0 0 0
0 0 0
0 0 0
0 0 0
0 0 0
0 0 0
0 0 0
0 0 0
0 0 0
0 0 0
0 0 0
0 0 0
0 0 0
0 0 0
0 0 0
0 0 0
0 0 0
0 0 0
0 0 0
0 0 0
0 0 0
0 0 0
0 0 0
0 0 0
0 0 0
0 0 0
0 0 0
0 0 0
1.0605711680e+003 4.5360442400e-002 -7.8863001226e-002
9.9997805781e-001 -2.4326564590e-005 6.6244478936e-003
9.7766466555e-006 9.9999758782e-001 2.1964205937e-003
-6.6244853456e-003 -2.1963076345e-003 9.9997564592e-001
4.2556187278e-002 1.0300863216e-002 9.1498277766e-002
0 0 0
0 0 0
0 0 0
0 0 0
0 0 0
0 0 0
0 0 0
0 0 0
0 0 0
0 0 0
1.0641050144e+003 1.2989227557e-002 1.4339415320e-003
9.9867743127e-001 5.0420051073e-002 1.0060155283e-002
-4.9166377900e-002 9.9378081713e-001 -9.9911735011e-002
-1.5035144119e-002 9.9284973478e-002 9.9494544498e-001
-6.7999629374e-002 -9.9679250787e-001 9.9263465125e-002
0 0 0
0 0 0
0 0 0
0 0 0
0 0 0
0 0 0
0 0 0
0 0 0
0 0 0
0 0 0
0 0 0
0 0 0
0 0 0
0 0 0
0 0 0
0 0 0
0 0 0
0 0 0
0 0 0
0 0 0
0 0 0
0 0 0
0 0 0
0 0 0
0 0 0
0 0 0
0 0 0
0 0 0
0 0 0
0 0 0
0 0 0
0 0 0
0 0 0
0 0 0
0 0 0
0 0 0
0 0 0
0 0 0
0 0 0
0 0 0
0 0 0
0 0 0
0 0 0
0 0 0
0 0 0
0 0 0
0 0 0
0 0 0
0 0 0
0 0 0
0 0 0
0 0 0
0 0 0
0 0 0
0 0 0
0 0 0
0 0 0
0 0 0
0 0 0
0 0 0
0 0 0
0 0 0
0 0 0
0 0 0
0 0 0
0 0 0
0 0 0
0 0 0
0 0 0
0 0 0
0 0 0
0 0 0
0 0 0
0 0 0
0 0 0
0 0 0
0 0 0
0 0 0
0 0 0
0 0 0
0 0 0
0 0 0
0 0 0
0 0 0
0 0 0
0 0 0
0 0 0
0 0 0
0 0 0
0 0 0
0 0 0
0 0 0
0 0 0
0 0 0
0 0 0
0 0 0
0 0 0
0 0 0
0 0 0
0 0 0
0 0 0
0 0 0
0 0 0
0 0 0
0 0 0
0 0 0
0 0 0
0 0 0
0 0 0
0 0 0
1.8130372366e+000 -9.8932971852e-001 -5.6097891308e+000
74 85 57
2 20 1964 350.6600 -191.1100 23 1892 311.0400 -286.8600
1.7641525261e+000 -9.7938973618e-001 -5.7319731499e+000
77 49 46
2 20 2489 332.0500 -185.0700 23 2319 296.8500 -276.4200
1.3267265893e+000 -1.3688777784e+000 -5.9852939534e+000
236 183 142
2 20 2283 239.7100 -247.5500 23 2063 200.2100 -323.5000
3.4912464933e-001 -3.9626248569e-001 -5.7781222507e+000
191 186 179
2 20 2531 65.5200 -74.3400 23 2355 38.2600 -155.2800
1.0271784974e+000 -6.2065081045e-001 -5.9509902263e+000
221 178 132
2 20 2533 185.7700 -112.9000 23 2402 157.3300 -193.1700
1.8075105345e+000 -1.0562929521e+000 -5.5881117704e+000
180 187 169
2 20 1179 350.9200 -204.8400 23 671 310.3800 -300.7200
1.8058176184e+000 -1.0267870134e+000 -5.6217761345e+000
177 176 166
2 20 1507 348.6800 -197.9200 23 1464 308.2700 -292.8200
1.7967332359e+000 -1.0450865033e+000 -5.6012626821e+000
84 93 73
2 20 1177 348.2800 -202.1900 23 1130 307.4300 -297.5700
1.7922676459e+000 -1.1879022846e+000 -5.5611369910e+000
173 185 170
2 20 1201 349.7600 -231.5000 23 698 307.1400 -326.9100
1.7619516968e+000 -1.2625041100e+000 -5.6044710219e+000
198 202 195
2 20 1522 341.1500 -244.1200 23 1476 297.8600 -336.9500
1.7155474874e+000 -1.2599382146e+000 -5.8200677077e+000
105 94 78
2 20 615 319.1900 -234.4800 23 1148 278.2200 -319.7500
1.9019368849e+000 -6.4363757330e-001 -5.4184794200e+000
130 100 95
2 20 1480 380.7100 -128.8100 23 1427 345.7900 -235.4100
1.7427332999e+000 -1.2133530510e+000 -5.7236995685e+000
73 89 60
2 20 1768 330.4900 -229.6700 23 1715 288.1600 -318.7200
2.7843155110e-001 -1.3863457590e-001 -5.6754984752e+000
158 145 131
2 20 1909 53.8300 -26.7400 23 1806 27.9000 -111.1400
2.0367960718e+000 -6.3988878738e-002 -5.1215442917e+000
227 217 219
2 20 1657 432.1400 -13.7200 23 1623 405.2200 -137.4900
1.9947340959e+000 -2.8064261580e-002 -5.2547153454e+000
212 187 180
2 20 1655 412.2900 -6.0300 23 1620 386.2600 -123.4700
1.9117174090e+000 -6.3827969252e-001 -5.3884539690e+000
115 54 53
2 20 481 385.0900 -128.4600 23 595 349.6100 -236.3600
1.7961682339e+000 -1.1581424916e+000 -5.5501051390e+000
176 183 169
2 20 1198 351.2000 -226.1500 23 697 308.9800 -322.3000
1.8158826835e+000 -9.2886633008e-001 -5.6510194030e+000
172 155 156
2 20 2135 348.7200 -178.1200 23 1882 309.8900 -272.9200
1.8128649619e-001 -2.9753638334e-001 -5.7306175890e+000
145 132 123
2 20 2090 34.8800 -56.3900 23 1814 7.7100 -137.6800
1.9519721634e+000 -7.7255207881e-002 -5.3450438133e+000
168 135 130
2 20 198 396.3900 -15.9200 23 383 369.9300 -128.9000
1.9184129147e+000 -6.0944553485e-001 -5.3497186123e+000
131 84 76
2 20 478 389.4600 -123.5600 23 1088 353.9200 -233.2800
1.9751121155e+000 -4.3220599818e-002 -5.3474577971e+000
206 183 179
2 20 1898 400.8900 -9.0300 23 1817 375.0200 -122.2400
1.8010743281e+000 -1.2831635795e+000 -5.5191825236e+000
205 204 201
2 20 2154 354.2800 -252.0100 23 2074 309.8800 -347.9700
1.9333041266e+000 -5.8400635715e-001 -5.3291093694e+000
120 103 88
2 20 1451 393.9301 -118.8700 23 1430 358.8700 -229.7700
1.9464050309e+000 -6.4745518885e-001 -5.2873797260e+000
133 104 96
2 20 1102 399.7400 -132.8100 23 1093 363.5500 -245.1200
1.8545343386e+000 -1.1846657896e+000 -5.3475103593e+000
178 113 45
2 20 1524 376.9900 -240.2200 23 1480 332.1700 -344.1400
1.9308937579e+000 -6.8015843000e-001 -5.3056123530e+000
135 114 105
2 20 1723 395.3500 -139.0300 23 1693 358.3900 -250.1600
1.8265667931e+000 -1.1364592406e+000 -5.4668751330e+000
208 208 199
2 20 1772 362.8700 -225.3400 23 1717 319.9800 -325.0100
1.8083714099e+000 -1.0863460977e+000 -5.5705695804e+000
168 177 161
2 20 1183 352.2500 -211.3400 23 672 311.1200 -307.5700
1.7433184529e+000 -1.2741579836e+000 -5.6629735873e+000
176 187 160
2 20 1204 334.1100 -243.8000 23 700 290.8400 -334.3100
2.0674889982e+000 2.4233620534e-001 -5.1718551473e+000
134 97 57
2 20 1326 434.1500 50.5100 23 1583 413.2200 -71.9600
1.7794479379e+000 -1.2190524713e+000 -5.5665184117e+000
195 203 183
2 20 1205 346.9300 -237.3400 23 1152 303.9400 -332.1200
-8.0594508891e-001 -1.1336136892e-001 -5.4356034152e+000
59 52 59
2 20 2068 -159.1200 -22.8600 23 1977 -187.0500 -105.6700
5.8090378633e-001 -6.9412564815e-001 -6.0540963169e+000
195 185 175
2 20 2118 104.0900 -124.0900 23 2021 73.5700 -196.9200
5.3730822727e-001 -8.3287628054e-001 -5.9538968186e+000
179 165 152
2 20 1946 98.1700 -151.3400 23 1863 65.7000 -226.0600
1.4390436292e+000 -1.6936433355e+000 -6.3298045323e+000
187 110 50
2 20 1230 245.6900 -289.5800 23 1171 203.5600 -353.5100
1.9492989080e+000 -3.9014330890e-001 -5.3197085635e+000
135 104 102
2 20 2100 398.0000 -79.6300 23 2025 365.8200 -192.2700
1.8586984637e+000 -1.0732168920e+000 -5.4116494833e+000
179 105 64
2 20 2142 373.2900 -215.0000 23 2070 330.4600 -317.6700
1.9330721577e+000 -6.2536734828e-001 -5.3086734181e+000
112 46 43
2 20 2262 395.6000 -127.7700 23 2161 359.4500 -239.2000
1.7116548617e+000 -1.3334370480e+000 -5.7238529632e+000
77 94 60
2 20 2290 324.0200 -252.3900 23 2068 281.4100 -340.0200
1.6281046035e+000 -1.4844268930e+000 -5.9624362241e+000
208 143 71
2 20 2289 295.7700 -269.6200 23 2180 252.6700 -347.4100
9.8521262477e-001 -8.7739315596e-001 -6.0787081850e+000
240 198 150
2 20 2432 175.1600 -156.1600 23 2315 142.6500 -230.5500
8.6795001647e-001 -8.9799409663e-001 -6.1582273245e+000
140 87 66
2 20 2483 152.3300 -157.7400 23 2361 120.0300 -228.7100
1.1758109132e+000 -1.4012018132e+000 -6.1495678995e+000
115 42 45
2 20 2543 206.5700 -246.5300 23 2408 168.1800 -316.2500
-5.5807715550e-001 -3.9027612367e-001 -5.3461088516e+000
171 88 58
2 20 2530 -111.5500 -79.1800 23 2354 -141.5400 -166.9300
-7.9731538213e-001 -4.0938903892e-001 -5.5540061232e+000
189 100 61
2 20 2468 -153.1400 -80.1100 23 2300 -184.5200 -157.9100
2.0549461146e+000 8.8275907400e-003 -4.9982084613e+000
226 182 76
2 20 2584 448.0699 1.7600 23 2430 420.0800 -128.1800
1.8345660588e+000 -1.0718895876e+000 -5.4860952714e+000
212 205 203
2 20 1967 363.1300 -211.7800 23 1708 321.3000 -311.4600
-1.5531925630e+000 -4.5981829285e-001 -5.4591284492e+000
217 175 132
2 20 2420 -307.4700 -91.6900 23 2297 -337.7100 -165.6200
1.9626787138e+000 -1.8940470227e-002 -5.3402355489e+000
135 82 82
2 20 195 398.8600 -4.1200 23 309 373.5100 -117.5900
1.9184129147e+000 -6.0944553485e-001 -5.3497186123e+000
131 84 76
2 20 479 389.4600 -123.5600 23 1089 353.9200 -233.2800
1.8780017383e+000 -6.0754083743e-001 -5.4962732843e+000
115 35 35
2 20 1053 370.4900 -119.8700 23 1077 336.4900 -223.4400
-1.4659502832e+000 -4.6659399407e-001 -5.4484696601e+000
176 131 107
2 20 1037 -290.1800 -93.2200 23 431 -321.3000 -168.2300
1.7967332359e+000 -1.0450865033e+000 -5.6012626821e+000
84 93 73
2 20 1178 348.2800 -202.1900 23 1131 307.4300 -297.5700
1.9947340959e+000 -2.8064261580e-002 -5.2547153454e+000
212 187 180
2 20 1654 412.2900 -6.0300 23 1619 386.2600 -123.4700
6.3438942743e-001 1.6005567212e-001 -5.6135647277e+000
224 221 212
2 20 1884 122.9700 30.3400 23 1792 100.3200 -59.8200
4.4192597164e-001 -1.5252152504e-001 -5.7110278956e+000
199 195 183
2 20 2231 84.5700 -29.2200 23 2122 58.2400 -113.8100
-5.6098339049e-001 -5.0399894186e-001 -5.4581590493e+000
240 200 151
2 20 1695 -109.9900 -100.1000 23 1363 -140.2200 -183.2800
-1.4962716964e+000 -6.0157433552e-001 -5.4017955905e+000
112 41 30
2 20 2113 -299.6200 -121.1000 23 1841 -330.0000 -196.9600
7.7811855721e-001 -6.5431585064e-001 -5.9735014765e+000
100 71 60
2 20 2480 140.1300 -118.5300 23 2358 111.5800 -195.8300
1.3427874126e+000 1.5579715338e-001 -5.4350715029e+000
213 205 193
2 20 1886 268.2200 30.6200 23 1796 245.5900 -73.1300
1.7051587732e+000 -1.2738279133e+000 -5.7885958386e+000
186 180 170
2 20 1517 319.1700 -238.3700 23 1472 277.5900 -324.4200
1.9825643475e+000 -6.9579721952e-002 -5.2618272836e+000
142 50 60
2 20 2078 409.1100 -14.5600 23 1997 382.5800 -131.4500
7.4673593077e-001 2.0549626505e+000 -8.4402930509e+000
238 229 219
2 20 2188 93.2500 260.4200 23 2190 91.5500 243.3100
5.9244595548e-001 1.9778890497e+000 -8.5446757155e+000
238 230 217
2 20 2305 72.8100 247.4400 23 2189 69.5200 232.4800
-1.3687273284e+000 -6.1555477432e-001 -5.4196744448e+000
131 60 35
2 20 2256 -272.6300 -123.4600 23 2143 -303.6800 -199.7800
6.3341333270e-001 -1.5103263102e+000 -6.8422536599e+000
167 62 61
2 20 2605 99.3600 -238.5700 23 2465 65.0200 -286.1800
-5.4257555610e-001 -7.7527577185e-001 -5.6316707472e+000
244 202 152
2 20 2602 -103.8300 -149.0900 23 2451 -134.1000 -225.1800
-1.0017269094e+000 -1.1808951936e+000 -5.9789123316e+000
211 202 205
2 20 1957 -180.3600 -214.2000 23 1445 -213.0600 -272.7700
1.2931815441e+000 2.8866651731e-001 -5.4624747231e+000
210 207 192
2 20 1876 256.8800 56.7100 23 1784 236.4400 -45.5200
-1.2927283940e+000 -3.9067169602e-001 -5.4296976988e+000
172 121 77
2 20 2096 -256.6700 -78.2800 23 2003 -286.8900 -155.9400
6.3438942743e-001 1.6005567212e-001 -5.6135647277e+000
224 221 212
2 20 1885 122.9700 30.3400 23 1793 100.3200 -59.8200
1.8958778749e+000 -5.4761624627e-001 -5.4416963448e+000
126 94 83
2 20 1938 377.9500 -109.1600 23 1658 344.4100 -215.4100
-3.0290149043e-001 -1.8735974228e-001 -5.4413095811e+000
148 138 126
2 20 2087 -59.0400 -37.4800 23 1990 -86.5900 -124.7600
-1.3374521758e+000 -6.7489600670e-001 -5.4406207004e+000
172 97 71
2 20 1712 -265.1700 -134.8200 23 1647 -296.7400 -210.3600
-1.8032522218e+000 -4.1424524736e-001 -5.4862758030e+000
244 154 99
2 20 2237 -356.7400 -82.2200 23 2295 -384.8400 -153.2500
-1.2216120308e+000 -4.1206209017e-001 -5.4499795287e+000
170 108 89
2 20 2338 -241.7400 -82.2000 23 2232 -271.4900 -159.8000
-6.6688435133e-001 -4.5684855300e-001 -5.4933544864e+000
239 197 149
2 20 2422 -129.8900 -90.2300 23 2302 -160.2100 -171.3200
-1.5531925630e+000 -4.5981829285e-001 -5.4591284492e+000
217 175 132
2 20 2419 -307.4700 -91.6900 23 2296 -337.7100 -165.6200
1.7759843742e+000 -1.1999728618e+000 -5.6117079933e+000
158 173 145
2 20 627 343.4100 -231.7200 23 695 300.9600 -325.0700
1.9182050984e+000 -5.9153890918e-001 -5.3620696903e+000
108 38 38
2 20 1450 388.5601 -119.6600 23 1429 353.2400 -228.9900
-1.3977123976e+000 -3.3151887829e-001 -5.5487917791e+000
75 58 63
2 20 1410 -271.8200 -65.0900 23 1334 -301.2100 -137.8900
1.7922676459e+000 -1.1879022846e+000 -5.5611369910e+000
173 185 170
2 20 1200 349.7600 -231.5000 23 699 307.1400 -326.9100
1.7351420971e+000 1.0738212200e+000 -5.2639341425e+000
221 199 186
2 20 2307 358.2700 220.4700 23 2200 351.0400 107.6800
-1.6638776656e+000 -5.8640054581e-001 -5.3798298795e+000
218 134 95
2 20 1432 -334.3100 -118.6800 23 1383 -365.8500 -193.6500
2.1109842756e+000 1.0282939242e+000 -5.1526589936e+000
175 90 49
2 20 1845 445.2900 215.9000 23 1754 439.1000 93.8300
-2.0288202967e-001 -1.6919114437e-001 -5.4802041136e+000
203 201 188
2 20 1906 -38.8200 -33.6500 23 1812 -66.1900 -120.4700
2.0287341661e+000 -5.1277588935e-002 -5.1556611385e+000
223 213 212
2 20 2226 427.8300 -10.9800 23 2134 400.6000 -133.1000
1.2345126621e+000 -9.9439593101e-001 -6.0028270325e+000
108 41 44
2 20 2270 223.0100 -179.2800 23 2168 186.8900 -257.0800
2.0215565918e+000 1.0147559302e+000 -5.1559487321e+000
191 76 76
2 20 2308 426.1600 212.9000 23 2204 419.3900 91.8700
2.0710921195e+000 8.0743052069e-001 -5.1207353983e+000
200 142 42
2 20 2514 439.7900 170.5500 23 2382 428.9100 46.4400
1.9276994645e+000 7.9312926573e-001 -5.1047471897e+000
81 46 44
2 20 2516 411.9399 168.0100 23 2420 397.9500 44.8200
1.9765791618e+000 -4.9340343330e-001 -5.1066350508e+000
115 75 24
2 20 2534 420.9301 -104.8400 23 2406 385.8101 -226.4100
1.5829592167e+000 -7.9781020031e-001 -5.9153987840e+000
95 65 42
2 20 2428 289.6900 -146.0800 23 2316 255.4600 -230.9300
-1.4683056355e+000 -3.1649678436e-001 -5.5096456370e+000
128 90 75
2 20 1408 -287.5100 -62.6300 23 1331 -317.4700 -136.0800
-1.4292240570e+000 -2.8660504231e-001 -5.5640398526e+000
77 47 37
2 20 228 -277.2900 -56.1700 23 353 -306.3400 -128.3000
1.9622370908e+000 -6.9065691002e-002 -5.3413781118e+000
133 98 94
2 20 199 398.6899 -14.2700 23 384 372.4800 -127.5400
1.9232097193e+000 -6.2355701976e-001 -5.3287074886e+000
109 45 42
2 20 1481 392.1500 -126.9200 23 1090 355.9900 -237.4300
-1.4976219191e+000 -5.4360409879e-001 -5.4260230720e+000
139 92 72
2 20 1433 -298.0600 -109.0000 23 1354 -329.0400 -184.2000
1.7398518917e+000 -1.1968846562e+000 -5.7522262235e+000
72 85 61
2 20 1195 328.0500 -225.4100 23 689 286.5600 -313.6700
1.7847174936e+000 -1.2429798386e+000 -5.5065665075e+000
103 120 88
2 20 1207 352.3100 -244.6800 23 1478 307.6200 -341.3400
3.0600951370e+000 7.0974527000e-001 -5.5437022520e+000
122 103 97
2 20 2032 597.8300 138.0300 23 1954 588.1000 22.1900
-1.3837612734e+000 -5.0861952748e-001 -5.4466396664e+000
107 84 69
2 20 1434 -274.2300 -101.5500 23 1357 -304.7300 -177.3100
1.1149561657e+000 -6.4378205681e-001 -5.9633737456e+000
193 145 96
2 20 1441 201.6000 -116.8800 23 1392 172.1300 -197.3200
1.2932323734e-001 -5.1609330613e-002 -5.7309763685e+000
190 183 172
2 20 2076 25.2600 -10.1400 23 1980 0.0900 -91.4000
7.3645855900e-001 -4.0682678598e-001 -5.7931596953e+000
225 218 208
2 20 1685 137.6800 -76.1400 23 1636 109.7600 -159.9000
-9.7886536490e-001 -3.6791638617e-001 -5.5862432543e+000
152 75 52
2 20 2240 -188.5500 -71.5900 23 2230 -217.5500 -146.9500
1.8337319939e+000 -1.0170928708e+000 -5.5129356322e+000
210 199 197
2 20 1966 361.0100 -199.9600 23 1895 320.4300 -299.1800
-1.0017269094e+000 -1.1808951936e+000 -5.9789123316e+000
211 202 205
2 20 1958 -180.3600 -214.2000 23 1446 -213.0600 -272.7700
-1.5304279105e-001 -1.7049364696e-001 -5.5015565651e+000
128 115 98
2 20 2089 -28.9000 -33.7800 23 1979 -56.1600 -120.2900
-2.2589139624e-001 -2.1088023056e-001 -5.4797632051e+000
132 118 107
2 20 2088 -43.5900 -41.8500 23 1991 -70.8900 -128.4200
-1.3579121268e+000 -3.0253406380e-001 -5.5589823803e+000
66 40 45
2 20 2239 -262.8600 -59.3700 23 2229 -293.3500 -132.1500
-1.2705037464e+000 -3.0997990311e-001 -5.5402424028e+000
209 170 127
2 20 2414 -247.9200 -60.8800 23 2349 -275.7700 -135.3600
2.0870924975e+000 9.7925197794e-001 -5.1911478287e+000
81 41 42
2 20 2392 436.4900 204.0200 23 2205 429.9600 83.6500
2.1113245554e-002 -5.5863646691e-001 -5.9795921256e+000
124 108 95
2 20 2423 4.2500 -101.1900 23 2303 -24.2900 -172.2400
1.6699985408e+000 8.3634621745e-001 -5.1411414167e+000
236 232 220
2 20 2554 354.6000 175.8000 23 2419 340.5000 57.2900
1.5960878867e+000 4.6040603256e-001 -5.2751851855e+000
242 238 229
2 20 2628 329.6300 94.0600 23 2485 309.8500 -18.7300
-7.3905070880e-001 2.3767814987e-001 -5.9160096899e+000
188 103 69
2 20 839 -134.4000 42.8700 23 1261 -157.7300 -24.6700
-1.6071271468e+000 -4.9304997053e-001 -5.4273168938e+000
124 58 42
2 20 1932 -320.4500 -98.8700 23 2002 -350.3600 -173.3000
8.0332596352e-001 -7.4454031741e-001 -6.0344011944e+000
170 131 108
2 20 1471 144.3500 -133.5300 23 1652 112.6400 -208.5000
1.1149561657e+000 -6.4378205681e-001 -5.9633737456e+000
193 145 96
2 20 1442 201.6000 -116.8800 23 1393 172.1300 -197.3200
-1.4185528420e+000 -5.6260091176e-001 -5.4408244894e+000
52 31 24
2 20 1435 -281.3200 -112.4600 23 1386 -312.4700 -187.8000
1.0988437253e+000 -7.0547791966e-001 -6.0100288946e+000
194 140 93
2 20 1475 198.0200 -127.0900 23 1032 166.1700 -205.4600
1.0728163581e+000 4.0693691733e-001 -5.5627263131e+000
222 218 206
2 20 1870 209.5000 78.5300 23 1958 190.0800 -17.5400
1.8279499399e+000 -9.7179938185e-001 -5.5559409286e+000
193 185 183
2 20 1965 356.9100 -189.5600 23 1706 317.4700 -287.5700
1.6760731041e+000 -1.3506642665e+000 -5.8429748860e+000
206 188 188
2 20 2153 310.8800 -250.3800 23 1912 268.4700 -333.6400
1.3291985521e+000 1.6545351312e+000 -6.0388940049e+000
180 168 128
2 20 2303 237.2800 295.2600 23 2263 237.6800 219.0000
5.9244595548e-001 1.9778890497e+000 -8.5446757155e+000
238 230 217
2 20 2304 72.8100 247.4400 23 2188 69.5200 232.4800
5.1040946077e-001 4.1512394025e-001 -6.0141942617e+000
186 178 165
2 20 2579 91.9400 73.8000 23 2442 73.0700 -1.5300
-6.0482816128e-001 2.1946830726e-001 -5.9874406228e+000
108 57 53
2 20 2523 -108.8300 39.0400 23 2388 -131.3100 -27.5800
2.9745366586e+000 -2.7824556140e-001 -5.4106491323e+000
48 31 24
2 20 278 596.0000 -55.9500 23 1006 565.4800 -175.3500
-1.3703659092e+000 -3.3048282237e-001 -5.5372889884e+000
53 42 38
2 20 309 -267.0300 -65.0100 23 942 -296.3900 -138.4600
-1.6872389935e+000 -4.2737500934e-001 -5.4050768012e+000
163 83 59
2 20 995 -336.6600 -86.2400 23 981 -369.0500 -160.6600
-1.9648178016e+000 -2.5036968044e-001 -5.6810078217e+000
102 77 49
2 20 1375 -374.5900 -48.2400 23 1300 -403.4300 -111.7500
-1.3495606884e+000 -2.6365606914e-001 -5.5911012901e+000
200 183 174
2 20 1383 -260.0600 -51.4700 23 1333 -289.5400 -123.4300
2.9922465028e+000 5.9880840674e-001 -5.4423071662e+000
127 107 100
2 20 1311 595.3900 118.6600 23 1262 584.0300 -1.0700
1.0988437253e+000 -7.0547791966e-001 -6.0100288946e+000
194 140 93
2 20 1476 198.0200 -127.0900 23 1033 166.1700 -205.4600
-1.4214923234e+000 -2.4185803442e-001 -5.5918415341e+000
134 94 72
2 20 1661 -274.1100 -47.2500 23 1799 -303.4100 -118.5800
-7.0481988223e-001 -9.4526737566e-001 -5.8387848147e+000
165 86 42
2 20 1743 -129.7500 -175.4200 23 1666 -161.4600 -242.3600
-6.8309836968e-001 -1.1785306160e+000 -5.9268962345e+000
129 55 39
2 20 1959 -124.1200 -215.4300 23 1688 -156.7000 -278.2900
1.0806825925e+000 1.3120365037e+000 -6.4241172364e+000
218 210 200
2 20 2391 181.2100 219.3800 23 2268 174.5400 154.3800
1.0806825925e+000 1.3120365037e+000 -6.4241172364e+000
218 210 200
2 20 2390 181.2100 219.3800 23 2267 174.5400 154.3800
1.5223680521e+000 -8.6942078424e-001 -6.0792893925e+000
181 55 53
2 20 2433 271.3300 -154.8600 23 2317 236.1900 -233.5100
1.9115697864e+000 -9.5446877708e-001 -5.5686343526e+000
180 117 54
2 20 2437 372.5500 -185.7800 23 2322 332.7400 -284.1900
1.1243918213e+000 2.4849747020e-001 -5.5046048681e+000
227 223 214
2 20 2522 221.8300 48.3500 23 2389 200.4100 -50.5600
-1.6553111084e+000 -4.5398738610e-001 -5.3970409035e+000
102 34 24
2 20 2474 -331.7400 -91.6100 23 2353 -362.1800 -166.7300
1.7706176953e+000 9.6360473329e-001 -5.1653756271e+000
99 48 50
2 20 2512 373.2500 201.6900 23 2418 363.3500 83.6400
7.1037196338e-001 -8.0670415447e-001 -5.9730331313e+000
219 210 195
2 20 2537 128.8800 -146.1200 23 2403 96.8900 -221.8800
1.2751479530e+000 1.0075312035e+000 -5.8137983300e+000
124 114 87
2 20 2553 236.2100 186.5700 23 2438 228.7300 99.1800
1.9414187859e+000 9.2351158654e-002 -5.2390490005e+000
84 43 44
2 20 2582 400.9800 18.8600 23 2445 380.0900 -99.2300
-8.3699155825e-001 -7.6933346102e-002 -5.4580560616e+000
190 166 140
2 20 1358 -164.6600 -15.5600 23 1312 -192.2700 -97.3200
2.5982755035e+000 -8.2977877043e-001 -5.3144300728e+000
72 35 26
2 20 1149 530.7200 -169.3700 23 677 489.3900 -285.3100
1.7780576069e+000 -1.1720054766e+000 -5.6018184024e+000
81 99 70
2 20 1519 344.4300 -226.7200 23 1475 302.3000 -320.7200
1.9138170892e+000 -6.8310592635e-001 -5.3731511349e+000
111 82 64
2 20 1722 387.0100 -137.8700 23 1674 350.0000 -246.0300
1.9194123609e+000 -7.1890561421e-001 -5.3226001586e+000
120 39 38
2 20 1724 391.7800 -146.4700 23 1694 354.2000 -256.4800
2.5656142497e+000 -8.4657940089e-001 -5.2888426309e+000
69 30 24
2 20 1499 526.9900 -173.6400 23 1134 484.6200 -290.1500
1.6006471112e+000 -1.5334893707e+000 -5.9847116046e+000
197 111 60
2 20 1532 289.6900 -277.4900 23 1496 246.2300 -353.8700
1.4749045297e+000 3.4772777347e-001 -5.3616268393e+000
225 221 210
2 20 1625 298.5800 69.7700 23 1569 279.0900 -38.3500
1.4749045297e+000 3.4772777347e-001 -5.3616268393e+000
225 221 210
2 20 1626 298.5800 69.7700 23 1570 279.0900 -38.3500
1.8162216137e+000 -1.2007264468e+000 -5.4748602042e+000
209 206 196
2 20 1972 360.3000 -237.7400 23 1913 316.5400 -336.3400
1.9546545194e+000 -5.2603334564e-002 -5.3905886797e+000
73 39 35
2 20 1896 393.5699 -10.8600 23 1815 367.4900 -122.0200
-1.2038490580e+000 -4.3178768879e-001 -5.4438242692e+000
164 108 78
2 20 1918 -238.2700 -86.2300 23 1825 -268.5300 -164.1000
5.0247503201e-001 -7.1631893019e-001 -6.0520064407e+000
165 153 141
2 20 2117 89.8000 -128.0700 23 1845 59.8600 -200.2600
2.1080262404e+000 9.2117567537e-001 -5.2298887446e+000
178 121 54
2 20 2195 438.3300 190.4200 23 1942 429.0200 71.4000
1.7109587051e-001 8.0215082259e-002 -5.8342368235e+000
175 172 154
2 20 2059 32.1000 14.3600 23 1974 9.2100 -63.9800
-1.1136193552e+000 -6.4989772396e-002 -5.8370392366e+000
187 107 70
2 20 2066 -205.6900 -12.4800 23 1971 -231.8900 -79.1600
-1.1136193552e+000 -6.4989772396e-002 -5.8370392366e+000
187 107 70
2 20 2067 -205.6900 -12.4800 23 1972 -231.8900 -79.1600
-1.7498137541e+000 -3.1676255177e-001 -5.4971474223e+000
218 129 89
2 20 2466 -344.4800 -62.8700 23 2348 -373.9700 -134.1600
9.8521262477e-001 -8.7739315596e-001 -6.0787081850e+000
240 198 150
2 20 2431 175.1600 -156.1600 23 2314 142.6500 -230.5500
1.3739441938e+000 -8.4737563609e-001 -6.0167310061e+000
106 36 36
2 20 2539 247.1900 -152.4700 23 2404 213.1500 -232.0400
7.6399907871e+001 8.8084719492e+000 1.5040787561e+002
134 124 125
2 20 2565 -550.8700 -65.1300 23 2378 -559.0200 78.8000
7.5019283462e+001 -1.1706739316e+001 1.4977187859e+002
129 121 120
2 20 2556 -543.6300 81.3900 23 2411 -551.2500 227.5200
6.7698655302e+001 1.7385368016e-001 1.3449977883e+002
133 123 122
2 20 2561 -546.2000 -3.7600 23 2415 -553.6800 141.3100
1.3987232315e+000 1.3938433642e+000 -5.6503146506e+000
214 200 144
2 20 10 268.5000 266.1300 23 65 264.5000 174.2700
-8.3761857224e-001 1.4663756351e-001 -5.8520584683e+000
191 96 62
2 20 140 -153.4800 26.5500 23 188 -178.9800 -42.0500
6.4402666359e-002 2.3975898795e-001 -6.2018369787e+000
219 217 205
2 20 119 11.3600 41.0400 23 196 -9.4300 -25.0000
1.9519721634e+000 -7.7255207881e-002 -5.3450438133e+000
168 135 130
2 20 197 396.3900 -15.9200 23 382 369.9300 -128.9000
-1.4264384658e+000 -3.2150816606e-001 -5.5416007194e+000
77 47 36
2 20 305 -277.9700 -63.2100 23 355 -307.0700 -136.0400
-1.3812626959e+000 -3.1629914789e-001 -5.5481195345e+000
152 145 143
2 20 308 -268.6200 -62.1200 23 358 -297.9300 -135.1400
-1.3418178215e+000 -3.2894047650e-001 -5.5314914215e+000
102 70 54
2 20 997 -261.6500 -64.7700 23 943 -291.0800 -138.6800
1.7536474697e+000 -1.0738898436e+000 -5.7653178918e+000
81 65 58
2 20 574 329.7700 -201.7800 23 666 290.1500 -290.8700
1.7674871008e+000 -1.1157139215e+000 -5.6758039723e+000
84 98 72
2 20 577 337.7500 -212.9800 23 670 297.0000 -304.8600
-1.6262260672e-001 -2.4112586901e-001 -5.5290708551e+000
126 114 98
2 20 1388 -30.7600 -47.4000 23 950 -58.3400 -132.6900
2.9819339771e+000 -2.9006057864e-001 -5.4031789450e+000
84 65 63
2 20 351 598.2700 -58.3900 23 477 567.5699 -178.1300
-1.9602009267e+000 -2.9170974269e-001 -5.6699102376e+000
197 171 130
2 20 940 -374.4200 -56.2500 23 1301 -403.4600 -120.0500
-2.0072840365e+000 -3.7306999849e-001 -5.6621912566e+000
225 196 154
2 20 987 -384.0000 -71.9500 23 937 -413.4300 -135.3300
-2.0167209285e+000 -3.8406021303e-001 -5.6347166067e+000
134 112 68
2 20 989 -387.9200 -74.4000 23 344 -417.1100 -138.5600
2.6564351397e+000 -8.9516348553e-001 -5.3068154042e+000
155 130 104
2 20 1153 543.0699 -182.9500 23 678 500.8500 -299.2200
1.8013179756e+000 -1.0793437910e+000 -5.5942227646e+000
106 110 91
2 20 1182 349.4000 -209.0800 23 1132 308.4500 -304.4600
1.7247607124e+000 -1.2000371375e+000 -5.7579331997e+000
122 124 108
2 20 618 324.7500 -225.7700 23 688 283.5700 -313.7000
1.7129499137e+000 -1.2681298455e+000 -5.7558215213e+000
86 93 77
2 20 1203 322.8600 -238.6800 23 691 280.4000 -325.8800
1.7312173210e+000 -1.3228003118e+000 -5.6574101056e+000
178 196 177
2 20 648 331.8900 -253.3600 23 692 288.4700 -343.4700
-6.5126406647e-001 -1.8211913511e-002 -5.5135899372e+000
157 150 133
2 20 1644 -126.0400 -3.9500 23 1576 -153.6900 -85.4600
-9.1728672999e-001 -1.0844825387e-001 -5.4891018273e+000
203 189 168
2 20 1354 -179.9400 -21.6700 23 1309 -207.1000 -101.5900
-9.1728672999e-001 -1.0844825387e-001 -5.4891018273e+000
203 189 168
2 20 1355 -179.9400 -21.6700 23 1310 -207.1000 -101.5900
-8.3699155825e-001 -7.6933346102e-002 -5.4580560616e+000
190 166 140
2 20 1357 -164.6600 -15.5600 23 1311 -192.2700 -97.3200
-1.6406825959e+000 -3.0528096674e-001 -5.4136411411e+000
181 101 66
2 20 1406 -327.6900 -61.5000 23 1607 -357.5900 -136.6900
-1.3688185421e+000 -2.3250734921e-001 -5.6242322726e+000
150 111 85
2 20 1382 -262.9300 -45.1200 23 1595 -290.8000 -116.0200
-1.4683056355e+000 -3.1649678436e-001 -5.5096456370e+000
128 90 75
2 20 1409 -287.5100 -62.6300 23 1332 -317.4700 -136.0800
-1.2292991454e+000 -2.9190181738e-001 -5.6596982421e+000
166 109 79
2 20 951 -233.5300 -56.2600 23 360 -263.2900 -126.9700
-1.3295956956e+000 -2.8949950497e-001 -5.5626261708e+000
66 40 33
2 20 1384 -257.9900 -56.7100 23 1335 -286.6900 -129.8400
-1.7268936427e+000 -4.6280133996e-001 -5.4212788842e+000
164 80 55
2 20 1430 -344.6700 -93.0000 23 983 -375.1000 -166.5600
3.0425228701e+000 -5.4312360103e-001 -5.5024605830e+000
78 61 57
2 20 1067 598.7400 -107.1100 23 1436 564.2100 -221.8700
-1.7047542918e+000 -6.0200596450e-001 -5.3979235634e+000
204 109 67
2 20 1457 -342.2400 -121.3700 23 1382 -372.2100 -195.4100
-1.3671764640e+000 -5.5746696811e-001 -5.4009864687e+000
216 179 134
2 20 1436 -272.6200 -112.2700 23 1023 -304.7300 -189.4200
-1.5085194697e+000 -6.8169783461e-001 -5.4190848082e+000
116 42 22
2 20 1463 -300.6300 -136.8300 23 1022 -332.3100 -211.4300
-1.6592729658e+000 -8.6156673828e-001 -5.4964860095e+000
84 36 25
2 20 1116 -326.2100 -170.5800 23 1406 -358.5200 -240.0000
1.1848899807e+000 -9.8671575988e-001 -5.9536806717e+000
202 147 103
2 20 1497 215.5700 -179.3500 23 1691 180.1100 -258.3700
1.8545343386e+000 -1.1846657896e+000 -5.3475103593e+000
178 113 45
2 20 1525 376.9900 -240.2200 23 1481 332.1700 -344.1400
1.8654678873e+000 -1.1195802145e+000 -5.3215937565e+000
200 145 82
2 20 1213 381.0300 -228.1300 23 1482 337.1000 -333.8900
1.5790495549e+000 -1.5663409369e+000 -6.0971568779e+000
176 83 58
2 20 1529 280.3300 -278.1500 23 1494 237.3500 -350.7600
2.1046489404e+000 9.5034537064e-001 -5.1644708848e+000
111 41 45
2 20 1293 442.8400 199.0400 23 1534 435.1801 77.1700
2.1046489404e+000 9.5034537064e-001 -5.1644708848e+000
111 41 45
2 20 1294 442.8400 199.0400 23 1535 435.1801 77.1700
-1.8907546431e-001 1.1833551594e-001 -6.2575964758e+000
226 223 211
2 20 1883 -32.4100 19.7700 23 1778 -54.5700 -42.6100
1.9757830791e+000 -3.4668594533e-002 -5.2753018411e+000
144 51 51
2 20 1653 406.7400 -7.3700 23 1618 380.6600 -123.7000
1.2689799315e+000 -4.7883156553e-001 -4.4184398328e+000
76 57 33
2 20 1444 314.9900 -117.4600 23 1108 276.1600 -267.1400
-1.6676809664e+000 -5.6408892768e-001 -5.3943001882e+000
169 83 50
2 20 1694 -334.2400 -113.8600 23 1646 -365.5000 -188.4200
8.7080784396e-001 -9.7533204720e-001 -6.1509710181e+000
202 188 179
2 20 1954 153.0500 -171.5100 23 1864 119.8600 -242.2100
2.5656142497e+000 -8.4657940089e-001 -5.2888426309e+000
69 30 24
2 20 1500 526.9900 -173.6400 23 1135 484.6200 -290.1500
1.9318842315e+000 1.5173603184e+000 -5.0868762733e+000
172 97 90
2 20 1834 413.3400 322.9800 23 1740 415.7800 203.7300
1.3980506559e+000 1.5279419413e+000 -5.6726855849e+000
193 178 130
2 20 1836 267.6500 290.6500 23 1739 264.9400 200.7100
2.9528659857e+000 6.9776900127e-001 -5.4326483835e+000
170 152 141
2 20 1858 588.6801 138.5800 23 1953 579.2500 19.0200
3.1543965615e+000 7.4909123109e-001 -5.6525468307e+000
179 163 154
2 20 2033 604.4500 142.7900 23 2097 594.8400 30.6300
2.9928296697e+000 5.6783307960e-001 -5.4610186538e+000
153 139 126
2 20 1864 593.5699 112.1100 23 1770 581.2600 -6.8600
1.6615756152e-001 -2.2772254694e-002 -5.7459777035e+000
225 219 211
2 20 1650 32.0700 -4.7100 23 1582 7.3100 -85.8300
2.9735296849e+000 -5.1527723068e-001 -5.4466556520e+000
64 50 45
2 20 1940 591.8400 -102.6800 23 1875 556.6801 -219.2000
2.9735296849e+000 -5.1527723068e-001 -5.4466556520e+000
64 50 45
2 20 1941 591.8400 -102.6800 23 1876 556.6801 -219.2000
1.0568374814e+000 -8.0118425542e-001 -6.1159896344e+000
94 42 30
2 20 1717 186.4000 -141.7500 23 1657 155.3000 -216.1100
1.6760731041e+000 -1.3506642665e+000 -5.8429748860e+000
206 188 188
2 20 2152 310.8800 -250.3800 23 1911 268.4700 -333.6400
1.6149043448e+000 1.6981139110e+000 -5.7191974139e+000
223 214 199
2 20 2021 305.6100 320.5500 23 2080 308.2800 231.4200
1.2364394885e+000 1.1541293842e+000 -6.2538859622e+000
241 235 226
2 20 1848 213.6000 198.2700 23 1938 204.9600 126.2200
-5.3514469857e-001 -4.0610012060e-002 -5.4861270685e+000
176 173 153
2 20 2070 -104.3600 -8.3200 23 2121 -130.8700 -92.0000
1.9825643475e+000 -6.9579721952e-002 -5.2618272836e+000
142 50 60
2 20 2079 409.1100 -14.5600 23 1998 382.5800 -131.4500
-9.2480723283e-001 -1.3854814292e-001 -5.4858837818e+000
73 71 83
2 20 1904 -181.6000 -27.6100 23 1803 -208.8400 -107.5400
2.7573644779e+000 -2.3064418087e-001 -5.2436855943e+000
70 30 30
2 20 2093 570.7900 -47.8700 23 1836 540.4500 -172.6700
-1.9410419086e+000 -4.1442185184e-001 -5.5409802214e+000
70 31 30
2 20 2095 -379.3800 -81.6000 23 1986 -409.4000 -149.3100
7.9835474300e-001 -1.0199188280e+000 -6.0347046480e+000
177 73 76
2 20 2131 143.2600 -182.8100 23 2051 109.1000 -256.0100
1.2728214115e+000 1.9864932656e+000 -6.5546954213e+000
211 203 193
2 20 2181 209.6100 326.1500 23 2260 210.8100 267.8900
1.4583210737e+000 1.6895646624e+000 -5.7480326670e+000
241 229 181
2 20 2182 274.8600 317.2400 23 2193 275.7800 230.6600
2.1664907897e+000 1.2946524735e+000 -4.9283353801e+000
181 158 145
2 20 2187 479.1400 284.6000 23 1519 478.0800 153.2200
1.6701466943e+000 1.0402516967e+000 -5.2606437334e+000
171 147 131
2 20 2193 346.0200 213.6500 23 2203 336.1200 101.3600
2.0287341661e+000 -5.1277588935e-002 -5.1556611385e+000
223 213 212
2 20 2227 427.8300 -10.9800 23 2135 400.6000 -133.1000
-4.0813537502e-002 -3.3891695743e-001 -5.7358377671e+000
102 86 73
2 20 2241 -6.6300 -64.1500 23 2128 -34.8200 -143.1100
-1.1583228649e+000 -3.7652566327e-001 -5.7522029352e+000
104 37 27
2 20 2097 -215.5100 -71.3500 23 1811 -247.0500 -139.3600
2.6277596383e+000 -5.2173445653e-001 -5.2052876367e+000
76 54 32
2 20 2250 548.9600 -108.8000 23 2048 511.2500 -232.1900
6.3691933490e+001 2.2737242657e+001 1.2052205559e+002
114 108 110
2 20 2363 -573.5700 -204.4400 23 2216 -580.1100 -56.6100
1.8348985635e-001 1.0099671327e+000 -9.7551421151e+000
240 235 231
2 20 2314 17.8600 109.6300 23 2199 7.4700 108.8600
1.5104681647e-001 3.3230311435e-001 -6.4517238111e+000
198 193 184
2 20 2400 25.1600 54.7600 23 2344 5.8600 -4.9700
2.0202885499e+000 7.5899408833e-003 -5.1841557369e+000
153 61 59
2 20 2332 423.0800 1.3700 23 2228 398.1300 -119.6200
1.6441711605e-001 9.6189662842e-003 -5.7892718890e+000
221 217 208
2 20 2329 31.0500 1.3600 23 2290 7.5500 -78.3900
-7.8158076747e-001 -2.2673127248e-001 -5.4658859656e+000
193 137 102
2 20 2230 -152.8400 -45.2100 23 2126 -182.5500 -126.8400
-1.1535581537e+000 -4.3726450479e-001 -5.4400552070e+000
176 134 94
2 20 2339 -228.2800 -87.3700 23 2233 -258.7600 -165.8100
-1.5462135393e+000 -5.2502570130e-001 -5.3764285086e+000
111 46 28
2 20 2346 -309.7300 -106.3700 23 2298 -342.7600 -182.7100
6.0636660276e-001 1.6942042274e+000 -8.9535883778e+000
245 243 233
2 20 2389 70.9100 201.7900 23 2264 65.3000 191.0000
6.5014976772e-001 -5.8022336387e-001 -5.8785391636e+000
218 217 207
2 20 2425 118.9100 -106.8200 23 2240 91.1700 -186.4300
-1.4393775099e+000 -5.1757849547e-001 -5.4526915363e+000
58 48 46
2 20 2421 -284.7900 -103.2700 23 2299 -315.8300 -178.2000
1.4657352029e+002 5.9161311641e+001 4.0221023598e+002
127 116 115
2 20 2429 -397.4400 -159.5600 23 2283 -403.9500 -27.5100
1.5473212420e+000 -1.4319757488e+000 -5.9119504561e+000
114 42 33
2 20 2377 283.4600 -262.3000 23 2176 241.2700 -341.5400
1.6084624649e+000 -1.3361939696e+000 -5.8394310696e+000
95 36 28
2 20 2371 297.5700 -247.8000 23 2177 257.5600 -330.9000
1.9637994056e+000 1.7201722594e-001 -5.2537443130e+000
90 54 52
2 20 2407 404.7100 35.2000 23 2220 384.7300 -82.5700
-2.7708033067e-002 -1.0609943609e-001 -5.6976289741e+000
186 179 171
2 20 2462 -3.9100 -20.5200 23 2393 -30.6200 -101.3500
7.6033864616e+001 1.6865225671e+001 1.4745983632e+002
133 123 122
2 20 2536 -558.9500 -124.9400 23 2337 -567.4300 19.6700
1.5846993230e+000 1.5022022549e+000 -5.6037304569e+000
242 235 225
2 20 2507 306.7100 289.4200 23 2374 305.5600 194.7900
2.2262402204e+000 7.4938170715e-001 -5.1456460584e+000
195 113 57
2 20 2517 470.8600 157.4900 23 2386 458.1500 32.7500
-1.7392417520e+000 -5.7227349631e-001 -5.4248133013e+000
232 136 92
2 20 2532 -347.2300 -114.8500 23 2400 -377.4800 -187.7400
-1.1497405122e+000 -3.0120022949e-001 -5.8286033918e+000
136 64 44
2 20 2567 -211.4200 -56.4200 23 2428 -241.5800 -122.4100
2.2606363456e+000 1.0018603989e+000 -5.1180645332e+000
209 138 89
2 20 2575 481.2400 211.8000 23 2439 472.9200 86.5200
1.9525015566e-001 -5.7790088725e-001 -5.9528592178e+000
53 42 40
2 20 2616 35.8700 -105.1200 23 2468 6.9100 -178.3800
1.9525015566e-001 -5.7790088725e-001 -5.9528592178e+000
53 42 40
2 20 2617 35.8700 -105.1200 23 2469 6.9100 -178.3800
1.4454081440e+000 1.7180872836e+000 -5.6226973342e+000
161 149 109
2 20 0 278.8000 330.0100 23 47 280.3600 239.4700
1.0209341869e+000 7.5767735343e-001 -6.4760041036e+000
224 220 207
2 20 75 169.5500 125.2600 23 116 156.6600 59.7900
3.2217500389e+000 6.2018317092e-001 -5.5992426899e+000
178 158 149
2 20 90 622.4600 119.2900 23 181 612.0100 4.0000
6.2651012392e-002 2.1130615861e-001 -6.1961911068e+000
211 207 198
2 20 151 11.1900 36.1300 23 854 -10.1000 -30.0600
-9.1736028030e-001 -9.1784876900e-002 -5.5009739425e+000
89 73 70
2 20 182 -179.6000 -18.3500 23 906 -206.5500 -97.8800
3.0545795461e+000 -2.2675396057e-001 -5.4511281175e+000
86 72 67
2 20 277 608.1700 -45.3200 23 479 577.0900 -163.9300
3.0950030446e+000 -1.7036252940e-001 -5.4538491434e+000
61 46 40
2 20 283 615.1600 -34.1100 23 1009 586.5800 -153.3100
-2.0019699094e+000 -3.9903563248e-001 -5.6567075504e+000
185 158 122
2 20 295 -383.4900 -76.9900 23 349 -412.7300 -140.5400
3.0446771772e+000 -3.3819594360e-001 -5.4533298962e+000
75 61 57
2 20 355 605.5200 -67.4100 23 537 573.1000 -185.3400
2.9603916665e+000 -4.1569472627e-001 -5.4213043487e+000
84 66 57
2 20 356 592.2000 -83.2800 23 1048 558.5900 -201.3300
3.3203167099e+000 -4.5964889029e-001 -5.6534333237e+000
76 58 60
2 20 365 636.0800 -88.2500 23 540 602.0400 -200.0400
-2.0172293200e+000 -4.8761480615e-001 -5.6245143975e+000
88 55 35
2 20 368 -388.4800 -94.5700 23 422 -418.5100 -158.6300
-2.2135412762e-001 -4.5258299100e-001 -5.3377589623e+000
147 135 120
2 20 384 -43.4000 -91.8600 23 992 -74.0200 -182.8800
1.3339801798e+000 -5.4899667014e-001 -6.0128745080e+000
94 67 39
2 20 402 240.4500 -98.9900 23 457 209.4700 -179.9700
1.9224697032e+000 -5.9146997015e-001 -5.3518748355e+000
112 51 50
2 20 415 389.9301 -119.8700 23 598 355.0600 -229.6900
1.9117174090e+000 -6.3827969252e-001 -5.3884539690e+000
115 54 53
2 20 482 385.0900 -128.4600 23 596 349.6100 -236.3600
2.5165588933e+000 -7.1070234952e-001 -5.2139298867e+000
84 45 45
2 20 498 524.4301 -147.9000 23 642 484.4600 -268.3700
2.8914094149e+000 -6.9054629923e-001 -5.4460454536e+000
57 38 32
2 20 505 575.8199 -137.5400 23 646 537.0699 -252.0300
1.7486122610e+000 -1.1652947060e+000 -5.6979142730e+000
78 91 64
2 20 617 332.7900 -221.5700 23 669 291.6300 -312.0600
6.0669017889e-001 -2.5540776725e+000 -8.1860932742e+000
197 122 67
2 20 697 78.6300 -337.0500 23 722 41.5600 -352.3000
6.5353859359e-001 -2.4919027301e+000 -8.1502190546e+000
200 132 82
2 20 699 85.0600 -330.2700 23 721 48.3800 -346.8500
3.5979066008e+000 1.2046703571e+000 -6.1834686148e+000
174 149 140
2 20 788 627.0400 209.4600 23 793 629.7400 114.4700
3.1980657562e+000 6.9149912196e-001 -5.6242084186e+000
174 155 146
2 20 824 615.3700 132.4500 23 1258 605.8000 18.5600
8.0299657380e-002 2.2930484519e-001 -6.1970034792e+000
207 202 193
2 20 873 14.1000 39.2600 23 855 -6.6900 -27.0700
2.0175063625e+000 1.1067515534e-001 -5.2197162793e+000
195 89 73
2 20 874 420.3700 22.7000 23 311 395.7000 -96.8000
2.0720675499e+000 7.9544066575e-002 -5.1032645664e+000
185 140 70
2 20 875 441.4800 16.6900 23 312 416.6600 -108.6900
-5.9354325358e-001 -8.0412835745e-002 -5.4858803371e+000
169 161 150
2 20 900 -114.9000 -16.2300 23 1314 -143.7600 -99.1400
1.2571940109e-001 -7.2678180747e-002 -5.6981240969e+000
189 182 173
2 20 910 24.5800 -14.1600 23 911 -0.5500 -96.5100
2.0653260699e+000 -2.4758909809e-002 -5.0251359336e+000
212 166 87
2 20 916 447.0699 -5.4900 23 960 420.0800 -134.2200
-1.1829135600e-001 -1.6278517802e-001 -5.5232670035e+000
170 158 145
2 20 955 -21.9700 -32.1500 23 1316 -49.1300 -118.2100
3.2322574916e+000 -2.7653304198e-001 -5.5725611887e+000
97 70 66
2 20 984 627.8400 -54.0100 23 481 598.4500 -169.1900
-3.0989982401e-001 -3.4230826859e-001 -5.2831466870e+000
194 185 176
2 20 1008 -62.8400 -70.1900 23 1364 -90.9200 -163.0600
8.5921788330e-002 -4.7439930893e-001 -5.9145041775e+000
88 77 59
2 20 1013 16.5900 -86.9500 23 994 -12.2900 -160.8100
3.0317702091e+000 -4.3540645070e-001 -5.4666401879e+000
69 40 33
2 20 1029 601.6500 -86.4900 23 1050 567.0200 -203.1800
1.9136972721e+000 -5.1143264717e-001 -5.4256533677e+000
118 90 79
2 20 1052 382.7400 -102.2700 23 1042 349.4900 -209.5400
1.9215099786e+000 -5.7337968365e-001 -5.3467428841e+000
130 104 91
2 20 1057 390.5500 -116.3300 23 597 355.0800 -226.4200
-1.6554707995e+000 -6.0835696463e-001 -5.3854551629e+000
172 83 49
2 20 1070 -331.8700 -123.0200 23 490 -364.2400 -197.6800
-1.1613649038e+000 -7.7224113369e-001 -5.6534111365e+000
162 77 49
2 20 1081 -220.8200 -148.3400 23 1061 -253.1200 -217.8600
1.9015037343e+000 -6.0838276143e-001 -5.4380753945e+000
121 91 83
2 20 1095 379.3900 -121.3300 23 1082 344.7600 -227.3700
1.9015037343e+000 -6.0838276143e-001 -5.4380753945e+000
121 91 83
2 20 1096 379.3900 -121.3300 23 1083 344.7600 -227.3700
1.8884872328e+000 -6.3955018425e-001 -5.4235722099e+000
133 99 96
2 20 1098 377.6700 -127.8700 23 1085 342.8400 -234.1700
1.8884872328e+000 -6.3955018425e-001 -5.4235722099e+000
133 99 96
2 20 1099 377.6700 -127.8700 23 1086 342.8400 -234.1700
1.9368405966e+000 -6.0090314319e-001 -5.3223521172e+000
101 44 42
2 20 1101 395.6700 -122.4700 23 600 359.2800 -233.5000
1.9326579060e+000 -6.5608814438e-001 -5.3045487840e+000
108 46 43
2 20 1103 395.6700 -134.1400 23 1091 359.3300 -245.5300
1.7821936042e+000 -1.0061286481e+000 -5.6687603645e+000
86 90 69
2 20 1176 340.7400 -192.3000 23 1129 301.9000 -285.5800
1.7398518917e+000 -1.1968846562e+000 -5.7522262235e+000
72 85 61
2 20 1196 328.0500 -225.4100 23 690 286.5600 -313.6700
3.4784174401e+000 1.2381392876e+000 -6.1401705821e+000
180 157 149
2 20 1292 611.1700 216.9200 23 1531 613.2400 121.6800
2.1685052407e+000 8.8092788379e-001 -4.8769316958e+000
210 139 89
2 20 1296 483.8300 195.7300 23 1247 475.7500 58.8400
1.1049849494e+000 8.0675313899e-001 -6.2048304837e+000
217 212 201
2 20 1300 190.8800 139.5200 23 1542 180.7000 65.5000
2.1171822902e+000 7.1679158335e-001 -5.0792620670e+000
214 151 54
2 20 1301 453.1000 152.6700 23 818 441.0400 25.7800
3.1702820211e+000 8.8155020475e-001 -5.7058698467e+000
156 140 132
2 20 1304 600.8000 166.4800 23 1549 595.5800 56.6000
-7.2108251964e-001 -7.4285470642e-002 -5.3888075913e+000
191 183 168
2 20 1359 -143.4900 -15.1900 23 909 -171.0400 -100.5900
2.0561506319e+000 -1.0863617028e-001 -5.0588840111e+000
181 136 74
2 20 1365 442.2000 -23.4300 23 958 413.4301 -150.1200
3.0586307641e+000 -2.8444079456e-001 -5.4657193857e+000
79 63 59
2 20 1397 606.6200 -56.6200 23 1377 575.8199 -174.4600
3.0586307641e+000 -2.8444079456e-001 -5.4657193857e+000
79 63 59
2 20 1398 606.6200 -56.6200 23 1378 575.8199 -174.4600
-1.6431690034e+000 -3.7333309875e-001 -5.4046987701e+000
154 80 62
2 20 1407 -328.3600 -75.3100 23 1329 -359.3300 -150.4900
5.4408414600e-002 -3.7072662138e-001 -5.7731749183e+000
57 45 33
2 20 1414 10.5100 -69.6400 23 1340 -16.4900 -148.2300
1.0258666695e-001 -3.0979418090e-001 -5.7594189883e+000
120 107 97
2 20 1415 21.0600 -58.4800 23 373 -8.3800 -137.8800
1.0804351792e+000 -3.6197178145e-001 -5.7411960851e+000
189 176 162
2 20 1416 203.9300 -68.4300 23 455 175.6000 -157.1200
-1.7445165626e+000 -4.9530035520e-001 -5.4181543338e+000
172 78 50
2 20 1431 -348.3300 -99.5900 23 1352 -379.1000 -172.9300
3.3727092366e+000 -9.6749098914e-001 -5.8794399287e+000
56 34 20
2 20 1502 620.5400 -178.2100 23 1124 578.5400 -278.6000
1.7155194756e+000 -1.2890981358e+000 -5.7480015565e+000
198 196 184
2 20 1520 323.6200 -242.9600 23 1473 281.1800 -330.2500
1.7155194756e+000 -1.2890981358e+000 -5.7480015565e+000
198 196 184
2 20 1521 323.6200 -242.9600 23 1474 281.1800 -330.2500
1.8447485030e+000 -1.2472374289e+000 -5.3863443809e+000
220 172 81
2 20 1538 372.4900 -251.0800 23 1174 326.5500 -352.6800
2.1138172166e+000 6.6369260227e-001 -5.0132789885e+000
186 106 48
2 20 1610 458.8600 143.2700 23 819 445.0601 13.1300
6.3963954346e-001 5.6702897500e-001 -6.5255875507e+000
201 197 186
2 20 1621 104.8800 92.8200 23 1763 89.9200 31.3500
6.8477742873e-001 5.0760837930e-001 -6.4842737760e+000
205 203 192
2 20 1622 113.7700 83.5400 23 1764 96.9100 20.5700
5.8043655251e-001 3.1440920264e-001 -5.7155875549e+000
240 237 228
2 20 1624 110.2400 58.8600 23 1780 89.9600 -27.1300
2.0149709402e+000 1.3991826977e-001 -5.2890917847e+000
101 71 54
2 20 1638 413.4200 28.3600 23 1584 390.9600 -88.2000
-4.1564754977e-001 -1.9524674476e-002 -5.5636614740e+000
154 147 131
2 20 1647 -79.2400 -4.1800 23 1787 -106.0900 -86.1600
-1.4214923234e+000 -2.4185803442e-001 -5.5918415341e+000
134 94 72
2 20 1660 -274.1100 -47.2500 23 1798 -303.4100 -118.5800
3.1335624235e+000 -1.7194015265e-001 -5.4825088947e+000
94 70 61
2 20 1673 619.4200 -34.2500 23 1644 590.9700 -152.6100
-1.6750791629e+000 -2.9401682964e-001 -5.4395085144e+000
166 79 50
2 20 1677 -332.6600 -59.0100 23 1810 -363.1800 -132.9300
3.1332288578e+000 -5.7704450799e-001 -5.5594769845e+000
57 34 27
2 20 1710 610.8700 -112.6000 23 1680 574.2000 -225.6200
-1.7036374126e+000 -7.7350657082e-001 -5.4649787036e+000
75 24 26
2 20 1736 -337.3400 -154.0400 23 1860 -368.6400 -224.7400
-1.5018308744e+000 -7.7029777669e-001 -5.4805041535e+000
129 56 38
2 20 1737 -296.1200 -152.8300 23 1662 -327.5600 -224.9300
1.8573272340e+000 -1.1391259767e+000 -5.3710944034e+000
219 168 86
2 20 1773 375.7300 -229.9500 23 1719 332.0000 -333.5000
5.8456512521e-001 -2.4414093674e+000 -8.3189923493e+000
209 150 121
2 20 1802 74.3200 -316.9400 23 1712 38.7500 -331.2300
5.8456512521e-001 -2.4414093674e+000 -8.3189923493e+000
209 150 121
2 20 1803 74.3200 -316.9400 23 1713 38.7500 -331.2300
1.0234399378e+000 2.3609206620e+000 -7.6632157282e+000
222 215 205
2 20 1831 142.2800 330.6500 23 1926 145.5200 301.0800
3.0265589713e+000 9.9226027383e-001 -5.6422572519e+000
133 117 117
2 20 1849 580.3500 189.6500 23 1944 576.9200 79.0400
1.0373176757e+000 3.6316912586e-001 -5.5622078215e+000
214 210 198
2 20 1875 202.2300 70.0600 23 1783 182.9400 -25.7900
3.0609585256e+000 3.5923371808e-001 -5.4448028154e+000
152 132 125
2 20 1881 608.1400 71.0200 23 1970 593.0500 -49.5000
3.0112347737e+000 -2.1937802530e-001 -5.4163230480e+000
84 60 58
2 20 1915 602.6899 -44.1300 23 1837 573.3101 -163.9200
8.9387197494e-001 -6.6159427470e-001 -6.0562279534e+000
162 118 90
2 20 1936 159.0600 -118.2400 23 1655 129.9300 -193.8600
3.4371416639e-001 -2.4201112080e+000 -8.5003897952e+000
205 74 79
2 20 1983 41.6600 -307.4100 23 1900 8.5000 -318.1800
3.4371416639e-001 -2.4201112080e+000 -8.5003897952e+000
205 74 79
2 20 1984 41.6600 -307.4100 23 1901 8.5000 -318.1800
4.4334626933e-001 -2.5763374852e+000 -8.5095989403e+000
185 102 50
2 20 1993 54.2400 -326.9400 23 1905 19.7600 -336.9200
5.5617251659e-001 -2.4694687822e+000 -8.2197881816e+000
194 104 54
2 20 1997 70.9500 -324.4700 23 1906 36.1900 -339.8100
3.0357719980e+000 4.2437804288e-001 -5.4504779369e+000
120 105 100
2 20 2045 603.2800 83.8700 23 2112 587.9900 -36.0800
8.6401061411e-002 1.0143034844e-001 -6.0501768456e+000
176 170 157
2 20 2057 15.8100 17.5200 23 1967 -6.7400 -53.2400
8.6401061411e-002 1.0143034844e-001 -6.0501768456e+000
176 170 157
2 20 2058 15.8100 17.5200 23 1966 -6.7400 -53.2400
2.7348359771e+000 -3.6998467437e-001 -5.2518546948e+000
71 35 28
2 20 2106 565.0300 -76.5300 23 1857 532.3900 -200.0100
-1.5219881678e+000 -5.1501462916e-001 -5.4264851376e+000
110 47 32
2 20 2107 -303.0600 -103.2700 23 1824 -333.6600 -178.3800
-1.4636479804e+000 -6.8149943650e-001 -5.4307297389e+000
113 46 32
2 20 2114 -291.5800 -136.4100 23 2018 -322.0000 -211.1700
8.7042259552e-001 -6.9958224625e-001 -6.1488916347e+000
160 142 129
2 20 2119 153.4200 -123.1700 23 1651 122.3000 -195.4800
1.7452567377e+000 -1.2466637543e+000 -5.6702659252e+000
79 97 71
2 20 2150 333.8400 -238.2200 23 2069 291.3800 -328.8100
3.9290287546e-001 -2.6677808748e+000 -8.5887972064e+000
186 104 57
2 20 2167 47.4200 -335.4400 23 1902 12.6800 -343.4000
1.7202082914e+000 1.7533488208e+000 -5.6452035173e+000
211 202 186
2 20 2302 330.3100 335.4800 23 2191 334.1000 243.2600
-7.4446313431e-001 6.9296990135e-003 -5.5395713272e+000
181 167 156
2 20 2326 -143.4400 0.9400 23 2217 -171.4600 -78.7500
-7.4446313431e-001 6.9296990135e-003 -5.5395713272e+000
181 167 156
2 20 2327 -143.4400 0.9400 23 2218 -171.4600 -78.7500
3.0170351732e+000 -3.6991557776e-001 -5.4373205116e+000
49 33 33
2 20 2343 602.2900 -73.9200 23 2153 568.3300 -192.0400
3.0170351732e+000 -3.6991557776e-001 -5.4373205116e+000
49 33 33
2 20 2344 602.2900 -73.9200 23 2154 568.3300 -192.0400
1.3629637305e+000 -9.7077241141e-001 -5.9635978034e+000
220 164 123
2 20 2359 247.4800 -176.2000 23 2252 211.7500 -256.4800
1.3629637305e+000 -9.7077241141e-001 -5.9635978034e+000
220 164 123
2 20 2360 247.4800 -176.2000 23 2253 211.7500 -256.4800
6.3687945631e+001 2.6834008642e+001 1.2034646562e+002
134 124 125
2 20 2367 -574.1700 -241.2200 23 2120 -580.9800 -92.4100
4.2576382096e-001 5.1669882635e-001 -6.6827038279e+000
233 232 222
2 20 2399 68.3300 82.4200 23 2277 51.5900 26.7500
-7.9538685905e-001 -4.0816279797e-001 -5.5489859283e+000
191 102 62
2 20 2415 -152.6700 -79.9600 23 2301 -184.5200 -157.9100
1.4641988021e-001 -2.2785193862e+000 -8.3192227553e+000
233 223 213
2 20 2442 17.2800 -295.7800 23 2255 -15.2100 -308.8500
7.6929638890e+001 2.9071067711e+001 1.4190700767e+002
169 165 168
2 20 2491 -587.6800 -221.8800 23 2390 -595.4000 -74.1500
1.4582313251e+002 6.4408476132e+001 2.6878837603e+002
171 163 164
2 20 2496 -588.0800 -259.1500 23 2392 -596.1600 -113.9200
1.8897002498e+000 1.3879591359e+000 -5.0793009160e+000
153 71 66
2 20 2508 404.9700 295.8500 23 2414 404.5699 175.4700
2.8972748949e-001 2.1225206916e+000 -9.1751176284e+000
205 214 205
2 20 2509 32.0800 247.0300 23 2373 28.1600 243.2200
1.9627050256e+000 1.0017872992e+000 -5.2068574339e+000
184 70 70
2 20 2513 410.0900 208.0300 23 2381 401.7900 89.9300
1.6023853585e-001 1.2214685711e+000 -9.6601824741e+000
219 97 96
2 20 2518 15.9000 134.1900 23 2377 5.8900 133.1200
1.3101731032e+000 -1.0699374272e+000 -5.9234065734e+000
113 37 38
2 20 2541 239.2300 -195.4900 23 2407 202.9900 -275.8800
7.1475398766e+001 3.2116081749e+001 1.3797519084e+002
134 124 123
2 20 2573 -562.5300 -251.6600 23 2425 -568.8000 -104.3500
