# Bundle file v0.3
46 387
0 0 0
0 0 0
0 0 0
0 0 0
0 0 0
0 0 0
0 0 0
0 0 0
0 0 0
0 0 0
0 0 0
0 0 0
0 0 0
0 0 0
0 0 0
0 0 0
0 0 0
0 0 0
0 0 0
0 0 0
0 0 0
0 0 0
0 0 0
0 0 0
0 0 0
0 0 0
0 0 0
0 0 0
0 0 0
0 0 0
0 0 0
0 0 0
0 0 0
0 0 0
0 0 0
0 0 0
0 0 0
0 0 0
0 0 0
0 0 0
0 0 0
0 0 0
0 0 0
0 0 0
0 0 0
0 0 0
0 0 0
0 0 0
0 0 0
0 0 0
0 0 0
0 0 0
0 0 0
0 0 0
0 0 0
0 0 0
0 0 0
0 0 0
0 0 0
0 0 0
0 0 0
0 0 0
0 0 0
0 0 0
0 0 0
0 0 0
0 0 0
0 0 0
0 0 0
0 0 0
0 0 0
0 0 0
0 0 0
0 0 0
0 0 0
0 0 0
0 0 0
0 0 0
0 0 0
0 0 0
0 0 0
0 0 0
0 0 0
0 0 0
0 0 0
0 0 0
0 0 0
0 0 0
0 0 0
0 0 0
0 0 0
0 0 0
0 0 0
0 0 0
0 0 0
0 0 0
0 0 0
0 0 0
0 0 0
0 0 0
1.0862985685e+003 0.0000000000e+000 0.0000000000e+000
1.0000000000e+000 0.0000000000e+000 0.0000000000e+000
0.0000000000e+000 1.0000000000e+000 0.0000000000e+000
0.0000000000e+000 0.0000000000e+000 1.0000000000e+000
-0.0000000000e+000 -0.0000000000e+000 -0.0000000000e+000
0 0 0
0 0 0
0 0 0
0 0 0
0 0 0
0 0 0
0 0 0
0 0 0
0 0 0
0 0 0
1.0862985685e+003 0.0000000000e+000 0.0000000000e+000
9.9875123842e-001 4.9844645940e-002 3.3874816974e-003
-4.9255206561e-002 9.9374903866e-001 -1.0018369520e-001
-8.3599274966e-003 9.9891738542e-002 9.9496319137e-001
-1.0983354957e-001 -9.9386361346e-001 1.3103787002e-002
0 0 0
0 0 0
0 0 0
0 0 0
0 0 0
0 0 0
0 0 0
0 0 0
0 0 0
0 0 0
0 0 0
0 0 0
0 0 0
0 0 0
0 0 0
0 0 0
0 0 0
0 0 0
0 0 0
0 0 0
0 0 0
0 0 0
0 0 0
0 0 0
0 0 0
0 0 0
0 0 0
0 0 0
0 0 0
0 0 0
0 0 0
0 0 0
0 0 0
0 0 0
0 0 0
0 0 0
0 0 0
0 0 0
0 0 0
0 0 0
0 0 0
0 0 0
0 0 0
0 0 0
0 0 0
0 0 0
0 0 0
0 0 0
0 0 0
0 0 0
0 0 0
0 0 0
0 0 0
0 0 0
0 0 0
0 0 0
0 0 0
0 0 0
0 0 0
0 0 0
0 0 0
0 0 0
0 0 0
0 0 0
0 0 0
0 0 0
0 0 0
0 0 0
0 0 0
0 0 0
0 0 0
0 0 0
0 0 0
0 0 0
0 0 0
0 0 0
0 0 0
0 0 0
0 0 0
0 0 0
0 0 0
0 0 0
0 0 0
0 0 0
0 0 0
0 0 0
0 0 0
0 0 0
0 0 0
0 0 0
0 0 0
0 0 0
0 0 0
0 0 0
0 0 0
0 0 0
0 0 0
0 0 0
0 0 0
0 0 0
0 0 0
0 0 0
0 0 0
0 0 0
0 0 0
0 0 0
0 0 0
0 0 0
0 0 0
0 0 0
1.8107945417e+000 -9.8783857819e-001 -5.6152804245e+000
74 85 57
2 20 1964 350.6600 -191.1100 23 1892 311.0400 -286.8600
1.7607604317e+000 -9.7782591553e-001 -5.7384852943e+000
77 49 46
2 20 2489 332.0500 -185.0700 23 2319 296.8500 -276.4200
1.3231917735e+000 -1.3659122845e+000 -5.9938079672e+000
236 183 142
2 20 2283 239.7100 -247.5500 23 2063 200.2100 -323.5000
3.5068164158e-001 -3.9539272175e-001 -5.7758798328e+000
191 186 179
2 20 2531 65.5200 -74.3400 23 2355 38.2600 -155.2800
1.0231535194e+000 -6.1892656196e-001 -5.9531428783e+000
221 178 132
2 20 2533 185.7700 -112.9000 23 2402 157.3300 -193.1700
1.8057813728e+000 -1.0547714991e+000 -5.5937778255e+000
180 187 169
2 20 1179 350.9200 -204.8400 23 671 310.3800 -300.7200
1.8036333742e+000 -1.0252676828e+000 -5.6276251598e+000
177 176 166
2 20 1507 348.6800 -197.9200 23 1464 308.2700 -292.8200
1.7948279542e+000 -1.0435356041e+000 -5.6069373600e+000
84 93 73
2 20 1177 348.2800 -202.1900 23 1130 307.4300 -297.5700
1.7914434984e+000 -1.1864322306e+000 -5.5673822308e+000
173 185 170
2 20 1201 349.7600 -231.5000 23 698 307.1400 -326.9100
1.7611154857e+000 -1.2610659022e+000 -5.6116980261e+000
198 202 195
2 20 1522 341.1500 -244.1200 23 1476 297.8600 -336.9500
1.7126839758e+000 -1.2583063997e+000 -5.8295077952e+000
105 94 78
2 20 615 319.1900 -234.4800 23 1148 278.2200 -319.7500
1.9000734949e+000 -6.4271648715e-001 -5.4201574603e+000
130 100 95
2 20 1480 380.7100 -128.8100 23 1427 345.7900 -235.4100
1.7405186278e+000 -1.2117555432e+000 -5.7318012231e+000
73 89 60
2 20 1768 330.4900 -229.6700 23 1715 288.1600 -318.7200
2.8134744947e-001 -1.3970183787e-001 -5.6750239591e+000
158 145 131
2 20 1909 53.8300 -26.7400 23 1806 27.9000 -111.1400
2.0358755933e+000 -6.4634060352e-002 -5.1172417023e+000
227 217 219
2 20 1657 432.1400 -13.7200 23 1623 405.2200 -137.4900
1.9927335388e+000 -2.9142316187e-002 -5.2522865974e+000
212 187 180
2 20 1655 412.2900 -6.0300 23 1620 386.2600 -123.4700
1.9101025348e+000 -6.3735370957e-001 -5.3897641460e+000
115 54 53
2 20 481 385.0900 -128.4600 23 595 349.6100 -236.3600
1.7952953754e+000 -1.1566471741e+000 -5.5559992340e+000
176 183 169
2 20 1198 351.2000 -226.1500 23 697 308.9800 -322.3000
1.8129903547e+000 -9.2744341770e-001 -5.6566221186e+000
172 155 156
2 20 2135 348.7200 -178.1200 23 1882 309.8900 -272.9200
1.8440048274e-001 -2.9737887821e-001 -5.7281900283e+000
145 132 123
2 20 2090 34.8800 -56.3900 23 1814 7.7100 -137.6800
1.9493914257e+000 -7.8305675057e-002 -5.3440706211e+000
168 135 130
2 20 198 396.3900 -15.9200 23 383 369.9300 -128.9000
1.9170516787e+000 -6.0855506670e-001 -5.3504285972e+000
131 84 76
2 20 478 389.4600 -123.5600 23 1088 353.9200 -233.2800
1.9723987819e+000 -4.4429954422e-002 -5.3464077303e+000
206 183 179
2 20 1898 400.8900 -9.0300 23 1817 375.0200 -122.2400
1.8011357175e+000 -1.2818802610e+000 -5.5256942121e+000
205 204 201
2 20 2154 354.2800 -252.0100 23 2074 309.8800 -347.9700
1.9320328567e+000 -5.8317464590e-001 -5.3294812116e+000
120 103 88
2 20 1451 393.9301 -118.8700 23 1430 358.8700 -229.7700
1.9457127196e+000 -6.4644545919e-001 -5.2874993589e+000
133 104 96
2 20 1102 399.7400 -132.8100 23 1093 363.5500 -245.1200
1.8556440202e+000 -1.1832996340e+000 -5.3511369323e+000
178 113 45
2 20 1524 376.9900 -240.2200 23 1480 332.1700 -344.1400
1.9301649508e+000 -6.7908106457e-001 -5.3060865317e+000
135 114 105
2 20 1723 395.3500 -139.0300 23 1693 358.3900 -250.1600
1.8263531589e+000 -1.1350071428e+000 -5.4716969983e+000
208 208 199
2 20 1772 362.8700 -225.3400 23 1717 319.9800 -325.0100
1.8069499356e+000 -1.0848320709e+000 -5.5762462286e+000
168 177 161
2 20 1183 352.2500 -211.3400 23 672 311.1200 -307.5700
1.7419967037e+000 -1.2726745692e+000 -5.6709035269e+000
176 187 160
2 20 1204 334.1100 -243.8000 23 700 290.8400 -334.3100
2.0655537685e+000 2.4024836547e-001 -5.1670908352e+000
134 97 57
2 20 1326 434.1500 50.5100 23 1583 413.2200 -71.9600
1.7787356751e+000 -1.2175915460e+000 -5.5730070298e+000
195 203 183
2 20 1205 346.9300 -237.3400 23 1152 303.9400 -332.1200
-7.9518492573e-001 -1.1418719967e-001 -5.4270221325e+000
59 52 59
2 20 2068 -159.1200 -22.8600 23 1977 -187.0500 -105.6700
5.7882995364e-001 -6.9147022282e-001 -6.0537566618e+000
195 185 175
2 20 2118 104.0900 -124.0900 23 2021 73.5700 -196.9200
5.3624774679e-001 -8.2908261059e-001 -5.9516268663e+000
179 165 152
2 20 1946 98.1700 -151.3400 23 1863 65.7000 -226.0600
1.4340074784e+000 -1.6919918227e+000 -6.3473583077e+000
187 110 50
2 20 1230 245.6900 -289.5800 23 1171 203.5600 -353.5100
1.9475439396e+000 -3.8989787266e-001 -5.3192806003e+000
135 104 102
2 20 2100 398.0000 -79.6300 23 2025 365.8200 -192.2700
1.8586782388e+000 -1.0717750464e+000 -5.4154499362e+000
179 105 64
2 20 2142 373.2900 -215.0000 23 2070 330.4600 -317.6700
1.9321236600e+000 -6.2441199083e-001 -5.3089532439e+000
112 46 43
2 20 2262 395.6000 -127.7700 23 2161 359.4500 -239.2000
1.7100939476e+000 -1.3319732439e+000 -5.7328641794e+000
77 94 60
2 20 2290 324.0200 -252.3900 23 2068 281.4100 -340.0200
1.6251690352e+000 -1.4829877609e+000 -5.9751600931e+000
208 143 71
2 20 2289 295.7700 -269.6200 23 2180 252.6700 -347.4100
9.8060885311e-001 -8.7422478996e-001 -6.0813811261e+000
240 198 150
2 20 2432 175.1600 -156.1600 23 2315 142.6500 -230.5500
8.6338981809e-001 -8.9455261407e-001 -6.1606175113e+000
140 87 66
2 20 2483 152.3300 -157.7400 23 2361 120.0300 -228.7100
1.1712948922e+000 -1.3976012803e+000 -6.1582851301e+000
115 42 45
2 20 2543 206.5700 -246.5300 23 2408 168.1800 -316.2500
-5.4774889683e-001 -3.8883003215e-001 -5.3344611560e+000
171 88 58
2 20 2530 -111.5500 -79.1800 23 2354 -141.5400 -166.9300
-7.8709805627e-001 -4.0842894617e-001 -5.5440857180e+000
189 100 61
2 20 2468 -153.1400 -80.1100 23 2300 -184.5200 -157.9100
2.0549163993e+000 8.1485445375e-003 -4.9918933644e+000
226 182 76
2 20 2584 448.0699 1.7600 23 2430 420.0800 -128.1800
1.8338568415e+000 -1.0704156889e+000 -5.4907497316e+000
212 205 203
2 20 1967 363.1300 -211.7800 23 1708 321.3000 -311.4600
-1.5414120371e+000 -4.5966156773e-001 -5.4458461306e+000
217 175 132
2 20 2420 -307.4700 -91.6900 23 2297 -337.7100 -165.6200
1.9600292841e+000 -2.0242939569e-002 -5.3390302665e+000
135 82 82
2 20 195 398.8600 -4.1200 23 309 373.5100 -117.5900
1.9170516787e+000 -6.0855506670e-001 -5.3504285972e+000
131 84 76
2 20 479 389.4600 -123.5600 23 1089 353.9200 -233.2800
1.8753382474e+000 -6.0676498380e-001 -5.4986964294e+000
115 35 35
2 20 1053 370.4900 -119.8700 23 1077 336.4900 -223.4400
-1.4540386266e+000 -4.6622977399e-001 -5.4352599644e+000
176 131 107
2 20 1037 -290.1800 -93.2200 23 431 -321.3000 -168.2300
1.7948279542e+000 -1.0435356041e+000 -5.6069373600e+000
84 93 73
2 20 1178 348.2800 -202.1900 23 1131 307.4300 -297.5700
1.9927335388e+000 -2.9142316187e-002 -5.2522865974e+000
212 187 180
2 20 1654 412.2900 -6.0300 23 1619 386.2600 -123.4700
6.3586335455e-001 1.5689506256e-001 -5.6174365454e+000
224 221 212
2 20 1884 122.9700 30.3400 23 1792 100.3200 -59.8200
4.4350811265e-001 -1.5357241258e-001 -5.7115164771e+000
199 195 183
2 20 2231 84.5700 -29.2200 23 2122 58.2400 -113.8100
-5.5131029866e-001 -5.0193117506e-001 -5.4468700555e+000
240 200 151
2 20 1695 -109.9900 -100.1000 23 1363 -140.2200 -183.2800
-1.4843762279e+000 -6.0076372517e-001 -5.3876662460e+000
112 41 30
2 20 2113 -299.6200 -121.1000 23 1841 -330.0000 -196.9600
7.7533225569e-001 -6.5205239353e-001 -5.9739107951e+000
100 71 60
2 20 2480 140.1300 -118.5300 23 2358 111.5800 -195.8300
1.3417613618e+000 1.5325317513e-001 -5.4363021651e+000
213 205 193
2 20 1886 268.2200 30.6200 23 1796 245.5900 -73.1300
1.7026648045e+000 -1.2721922871e+000 -5.7977272191e+000
186 180 170
2 20 1517 319.1700 -238.3700 23 1472 277.5900 -324.4200
1.9805986641e+000 -7.0492208081e-002 -5.2596274081e+000
142 50 60
2 20 2078 409.1100 -14.5600 23 1997 382.5800 -131.4500
7.3184628956e-001 2.0390629146e+000 -8.5059821663e+000
238 229 219
2 20 2188 93.2500 260.4200 23 2190 91.5500 243.3100
5.7733283266e-001 1.9620277752e+000 -8.6135949829e+000
238 230 217
2 20 2305 72.8100 247.4400 23 2189 69.5200 232.4800
-1.3568171163e+000 -6.1439011689e-001 -5.4059502407e+000
131 60 35
2 20 2256 -272.6300 -123.4600 23 2143 -303.6800 -199.7800
6.2607562864e-001 -1.5047698792e+000 -6.8519272178e+000
167 62 61
2 20 2605 99.3600 -238.5700 23 2465 65.0200 -286.1800
-5.3416086655e-001 -7.7165557590e-001 -5.6208348735e+000
244 202 152
2 20 2602 -103.8300 -149.0900 23 2451 -134.1000 -225.1800
-9.9428629254e-001 -1.1775447732e+000 -5.9728611427e+000
211 202 205
2 20 1957 -180.3600 -214.2000 23 1445 -213.0600 -272.7700
1.2923804110e+000 2.8528342647e-001 -5.4647718752e+000
210 207 192
2 20 1876 256.8800 56.7100 23 1784 236.4400 -45.5200
-1.2806296414e+000 -3.9028263365e-001 -5.4168763067e+000
172 121 77
2 20 2096 -256.6700 -78.2800 23 2003 -286.8900 -155.9400
6.3586335455e-001 1.5689506256e-001 -5.6174365454e+000
224 221 212
2 20 1885 122.9700 30.3400 23 1793 100.3200 -59.8200
1.8935151650e+000 -5.4697623362e-001 -5.4432697924e+000
126 94 83
2 20 1938 377.9500 -109.1600 23 1658 344.4100 -215.4100
-2.9469028049e-001 -1.8754581601e-001 -5.4344150445e+000
148 138 126
2 20 2087 -59.0400 -37.4800 23 1990 -86.5900 -124.7600
-1.3257418428e+000 -6.7347981781e-001 -5.4271658844e+000
172 97 71
2 20 1712 -265.1700 -134.8200 23 1647 -296.7400 -210.3600
-1.7920271048e+000 -4.1471598481e-001 -5.4725996359e+000
244 154 99
2 20 2237 -356.7400 -82.2200 23 2295 -384.8400 -153.2500
-1.2096776673e+000 -4.1148498983e-001 -5.4374953583e+000
170 108 89
2 20 2338 -241.7400 -82.2000 23 2232 -271.4900 -159.8000
-6.5688404967e-001 -4.5529674676e-001 -5.4825980923e+000
239 197 149
2 20 2422 -129.8900 -90.2300 23 2302 -160.2100 -171.3200
-1.5414120371e+000 -4.5966156773e-001 -5.4458461306e+000
217 175 132
2 20 2419 -307.4700 -91.6900 23 2296 -337.7100 -165.6200
1.7747510807e+000 -1.1984723827e+000 -5.6185836892e+000
158 173 145
2 20 627 343.4100 -231.7200 23 695 300.9600 -325.0700
1.9166744884e+000 -5.9070823709e-001 -5.3628692711e+000
108 38 38
2 20 1450 388.5601 -119.6600 23 1429 353.2400 -228.9900
-1.3861542238e+000 -3.3175795800e-001 -5.5375389210e+000
75 58 63
2 20 1410 -271.8200 -65.0900 23 1334 -301.2100 -137.8900
1.7914434984e+000 -1.1864322306e+000 -5.5673822308e+000
173 185 170
2 20 1200 349.7600 -231.5000 23 699 307.1400 -326.9100
1.7338343537e+000 1.0672668168e+000 -5.2585730188e+000
221 199 186
2 20 2307 358.2700 220.4700 23 2200 351.0400 107.6800
-1.6522197673e+000 -5.8604869228e-001 -5.3651506099e+000
218 134 95
2 20 1432 -334.3100 -118.6800 23 1383 -365.8500 -193.6500
2.1085094505e+000 1.0223953637e+000 -5.1441586964e+000
175 90 49
2 20 1845 445.2900 215.9000 23 1754 439.1000 93.8300
-1.9553911011e-001 -1.6959050454e-001 -5.4745581807e+000
203 201 188
2 20 1906 -38.8200 -33.6500 23 1812 -66.1900 -120.4700
2.0275296566e+000 -5.2048563945e-002 -5.1518538184e+000
223 213 212
2 20 2226 427.8300 -10.9800 23 2134 400.6000 -133.1000
1.2296885667e+000 -9.9131987029e-001 -6.0074513585e+000
108 41 44
2 20 2270 223.0100 -179.2800 23 2168 186.8900 -257.0800
2.0194356712e+000 1.0088739458e+000 -5.1476649505e+000
191 76 76
2 20 2308 426.1600 212.9000 23 2204 419.3900 91.8700
2.0690574501e+000 8.0271835237e-001 -5.1127372396e+000
200 142 42
2 20 2514 439.7900 170.5500 23 2382 428.9100 46.4400
1.9265532037e+000 7.8849041781e-001 -5.0973383910e+000
81 46 44
2 20 2516 411.9399 168.0100 23 2420 397.9500 44.8200
1.9769822102e+000 -4.9255183793e-001 -5.1036870207e+000
115 75 24
2 20 2534 420.9301 -104.8400 23 2406 385.8101 -226.4100
1.5774813656e+000 -7.9624819777e-001 -5.9215398590e+000
95 65 42
2 20 2428 289.6900 -146.0800 23 2316 255.4600 -230.9300
-1.4565671212e+000 -3.1683198011e-001 -5.4977048050e+000
128 90 75
2 20 1408 -287.5100 -62.6300 23 1331 -317.4700 -136.0800
-1.4177305840e+000 -2.8711593433e-001 -5.5530903086e+000
77 47 37
2 20 228 -277.2900 -56.1700 23 353 -306.3400 -128.3000
1.9596460698e+000 -7.0145486438e-002 -5.3403173128e+000
133 98 94
2 20 199 398.6899 -14.2700 23 384 372.4800 -127.5400
1.9220822853e+000 -6.2261534661e-001 -5.3292197946e+000
109 45 42
2 20 1481 392.1500 -126.9200 23 1090 355.9900 -237.4300
-1.4857445760e+000 -5.4300955574e-001 -5.4123026211e+000
139 92 72
2 20 1433 -298.0600 -109.0000 23 1354 -329.0400 -184.2000
1.7372874185e+000 -1.1952569228e+000 -5.7604942279e+000
72 85 61
2 20 1195 328.0500 -225.4100 23 689 286.5600 -313.6700
1.7846797883e+000 -1.2415687695e+000 -5.5124924007e+000
103 120 88
2 20 1207 352.3100 -244.6800 23 1478 307.6200 -341.3400
3.0524486322e+000 7.0463274980e-001 -5.5454681143e+000
122 103 97
2 20 2032 597.8300 138.0300 23 1954 588.1000 22.1900
-1.3718284542e+000 -5.0791492826e-001 -5.4334364705e+000
107 84 69
2 20 1434 -274.2300 -101.5500 23 1357 -304.7300 -177.3100
1.1104159240e+000 -6.4206293175e-001 -5.9662451992e+000
193 145 96
2 20 1441 201.6000 -116.8800 23 1392 172.1300 -197.3200
1.3291591814e-001 -5.3482009441e-002 -5.7318347029e+000
190 183 172
2 20 2076 25.2600 -10.1400 23 1980 0.0900 -91.4000
7.3531996303e-001 -4.0609774804e-001 -5.7931219052e+000
225 218 208
2 20 1685 137.6800 -76.1400 23 1636 109.7600 -159.9000
-9.6817601642e-001 -3.6748370644e-001 -5.5764753208e+000
152 75 52
2 20 2240 -188.5500 -71.5900 23 2230 -217.5500 -146.9500
1.8325154155e+000 -1.0156145733e+000 -5.5175496092e+000
210 199 197
2 20 1966 361.0100 -199.9600 23 1895 320.4300 -299.1800
-9.9428629254e-001 -1.1775447732e+000 -5.9728611427e+000
211 202 205
2 20 1958 -180.3600 -214.2000 23 1446 -213.0600 -272.7700
-1.4615172526e-001 -1.7092357640e-001 -5.4964115617e+000
128 115 98
2 20 2089 -28.9000 -33.7800 23 1979 -56.1600 -120.2900
-2.1839412262e-001 -2.1094636274e-001 -5.4734164370e+000
132 118 107
2 20 2088 -43.5900 -41.8500 23 1991 -70.8900 -128.4200
-1.3464254287e+000 -3.0288346317e-001 -5.5481732686e+000
66 40 45
2 20 2239 -262.8600 -59.3700 23 2229 -293.3500 -132.1500
-1.2589630654e+000 -3.1014074953e-001 -5.5293409462e+000
209 170 127
2 20 2414 -247.9200 -60.8800 23 2349 -275.7700 -135.3600
2.0843815753e+000 9.7346920449e-001 -5.1833493634e+000
81 41 42
2 20 2392 436.4900 204.0200 23 2205 429.9600 83.6500
2.3662766497e-002 -5.5670949322e-001 -5.9762256711e+000
124 108 95
2 20 2423 4.2500 -101.1900 23 2303 -24.2900 -172.2400
1.6699864701e+000 8.3129490912e-001 -5.1357161141e+000
236 232 220
2 20 2554 354.6000 175.8000 23 2419 340.5000 57.2900
1.5953772024e+000 4.5676869754e-001 -5.2736750317e+000
242 238 229
2 20 2628 329.6300 94.0600 23 2485 309.8500 -18.7300
-7.3193989014e-001 2.3355779565e-001 -5.9189052394e+000
188 103 69
2 20 839 -134.4000 42.8700 23 1261 -157.7300 -24.6700
-1.5953374751e+000 -4.9285083295e-001 -5.4133993076e+000
124 58 42
2 20 1932 -320.4500 -98.8700 23 2002 -350.3600 -173.3000
7.9996452612e-001 -7.4177815856e-001 -6.0352945603e+000
170 131 108
2 20 1471 144.3500 -133.5300 23 1652 112.6400 -208.5000
1.1104159240e+000 -6.4206293175e-001 -5.9662451992e+000
193 145 96
2 20 1442 201.6000 -116.8800 23 1393 172.1300 -197.3200
-1.4066927311e+000 -5.6177382349e-001 -5.4274070705e+000
52 31 24
2 20 1435 -281.3200 -112.4600 23 1386 -312.4700 -187.8000
1.0940568013e+000 -7.0341621256e-001 -6.0131450379e+000
194 140 93
2 20 1475 198.0200 -127.0900 23 1032 166.1700 -205.4600
1.0726651390e+000 4.0255335152e-001 -5.5678594820e+000
222 218 206
2 20 1870 209.5000 78.5300 23 1958 190.0800 -17.5400
1.8261286115e+000 -9.7033478391e-001 -5.5607525089e+000
193 185 183
2 20 1965 356.9100 -189.5600 23 1706 317.4700 -287.5700
1.6734885825e+000 -1.3490668591e+000 -5.8532586964e+000
206 188 188
2 20 2153 310.8800 -250.3800 23 1912 268.4700 -333.6400
1.3257979536e+000 1.6436299389e+000 -6.0477838100e+000
180 168 128
2 20 2303 237.2800 295.2600 23 2263 237.6800 219.0000
5.7733283266e-001 1.9620277752e+000 -8.6135949829e+000
238 230 217
2 20 2304 72.8100 247.4400 23 2188 69.5200 232.4800
5.1027992866e-001 4.0942595867e-001 -6.0267000686e+000
186 178 165
2 20 2579 91.9400 73.8000 23 2442 73.0700 -1.5300
-5.9873568928e-001 2.1522945077e-001 -5.9920005192e+000
108 57 53
2 20 2523 -108.8300 39.0400 23 2388 -131.3100 -27.5800
2.9674673673e+000 -2.7856464037e-001 -5.4084786163e+000
48 31 24
2 20 278 596.0000 -55.9500 23 1006 565.4800 -175.3500
-1.3587553931e+000 -3.3067004087e-001 -5.5259668974e+000
53 42 38
2 20 309 -267.0300 -65.0100 23 942 -296.3900 -138.4600
-1.6754546324e+000 -4.2751000364e-001 -5.3907683786e+000
163 83 59
2 20 995 -336.6600 -86.2400 23 981 -369.0500 -160.6600
-1.9546571056e+000 -2.5181761013e-001 -5.6696501603e+000
102 77 49
2 20 1375 -374.5900 -48.2400 23 1300 -403.4300 -111.7500
-1.3382379630e+000 -2.6424101160e-001 -5.5809426824e+000
200 183 174
2 20 1383 -260.0600 -51.4700 23 1333 -289.5400 -123.4300
2.9851815520e+000 5.9442006639e-001 -5.4417290293e+000
127 107 100
2 20 1311 595.3900 118.6600 23 1262 584.0300 -1.0700
1.0940568013e+000 -7.0341621256e-001 -6.0131450379e+000
194 140 93
2 20 1476 198.0200 -127.0900 23 1033 166.1700 -205.4600
-1.4101443003e+000 -2.4262112055e-001 -5.5815350912e+000
134 94 72
2 20 1661 -274.1100 -47.2500 23 1799 -303.4100 -118.5800
-6.9700954791e-001 -9.4139284451e-001 -5.8299351176e+000
165 86 42
2 20 1743 -129.7500 -175.4200 23 1666 -161.4600 -242.3600
-6.7634086631e-001 -1.1739909034e+000 -5.9197910647e+000
129 55 39
2 20 1959 -124.1200 -215.4300 23 1688 -156.7000 -278.2900
1.0761750890e+000 1.3017118930e+000 -6.4458517269e+000
218 210 200
2 20 2391 181.2100 219.3800 23 2268 174.5400 154.3800
1.0761750890e+000 1.3017118930e+000 -6.4458517269e+000
218 210 200
2 20 2390 181.2100 219.3800 23 2267 174.5400 154.3800
1.5157696112e+000 -8.6757903045e-001 -6.0868672330e+000
181 55 53
2 20 2433 271.3300 -154.8600 23 2317 236.1900 -233.5100
1.9095206786e+000 -9.5321581586e-001 -5.5739420179e+000
180 117 54
2 20 2437 372.5500 -185.7800 23 2322 332.7400 -284.1900
1.1240860087e+000 2.4516743424e-001 -5.5077272442e+000
227 223 214
2 20 2522 221.8300 48.3500 23 2389 200.4100 -50.5600
-1.6434319120e+000 -4.5396077675e-001 -5.3826184453e+000
102 34 24
2 20 2474 -331.7400 -91.6100 23 2353 -362.1800 -166.7300
1.7698032162e+000 9.5788357915e-001 -5.1588019708e+000
99 48 50
2 20 2512 373.2500 201.6900 23 2418 363.3500 83.6400
7.0804650540e-001 -8.0332964070e-001 -5.9723702863e+000
219 210 195
2 20 2537 128.8800 -146.1200 23 2403 96.8900 -221.8800
1.2730312316e+000 9.9978431243e-001 -5.8227183272e+000
124 114 87
2 20 2553 236.2100 186.5700 23 2438 228.7300 99.1800
1.9395068197e+000 9.0773374911e-002 -5.2359738069e+000
84 43 44
2 20 2582 400.9800 18.8600 23 2445 380.0900 -99.2300
-8.2628310172e-001 -7.8051654226e-002 -5.4500193906e+000
190 166 140
2 20 1358 -164.6600 -15.5600 23 1312 -192.2700 -97.3200
2.5958563492e+000 -8.2853121643e-001 -5.3140140500e+000
72 35 26
2 20 1149 530.7200 -169.3700 23 677 489.3900 -285.3100
1.7767730466e+000 -1.1704763243e+000 -5.6083551541e+000
81 99 70
2 20 1519 344.4300 -226.7200 23 1475 302.3000 -320.7200
1.9124942985e+000 -6.8206747095e-001 -5.3744804860e+000
111 82 64
2 20 1722 387.0100 -137.8700 23 1674 350.0000 -246.0300
1.9186778823e+000 -7.1775627095e-001 -5.3234465689e+000
120 39 38
2 20 1724 391.7800 -146.4700 23 1694 354.2000 -256.4800
2.5636436851e+000 -8.4529205301e-001 -5.2882519220e+000
69 30 24
2 20 1499 526.9900 -173.6400 23 1134 484.6200 -290.1500
1.5977958393e+000 -1.5321211545e+000 -5.9980483856e+000
197 111 60
2 20 1532 289.6900 -277.4900 23 1496 246.2300 -353.8700
1.4740224032e+000 3.4437270085e-001 -5.3619020570e+000
225 221 210
2 20 1625 298.5800 69.7700 23 1569 279.0900 -38.3500
1.4740224032e+000 3.4437270085e-001 -5.3619020570e+000
225 221 210
2 20 1626 298.5800 69.7700 23 1570 279.0900 -38.3500
1.8162594790e+000 -1.1993292064e+000 -5.4802095448e+000
209 206 196
2 20 1972 360.3000 -237.7400 23 1913 316.5400 -336.3400
1.9516483286e+000 -5.3861847881e-002 -5.3901995878e+000
73 39 35
2 20 1896 393.5699 -10.8600 23 1815 367.4900 -122.0200
-1.1919138290e+000 -4.3107505368e-001 -5.4312193574e+000
164 108 78
2 20 1918 -238.2700 -86.2300 23 1825 -268.5300 -164.1000
5.0095590584e-001 -7.1342071310e-001 -6.0509581676e+000
165 153 141
2 20 2117 89.8000 -128.0700 23 1845 59.8600 -200.2600
2.1049940056e+000 9.1560202555e-001 -5.2230480429e+000
178 121 54
2 20 2195 438.3300 190.4200 23 1942 429.0200 71.4000
1.7381508083e-001 7.7106971067e-002 -5.8386037506e+000
175 172 154
2 20 2059 32.1000 14.3600 23 1974 9.2100 -63.9800
-1.1041927803e+000 -6.7030800152e-002 -5.8328032643e+000
187 107 70
2 20 2066 -205.6900 -12.4800 23 1971 -231.8900 -79.1600
-1.1041927803e+000 -6.7030800152e-002 -5.8328032643e+000
187 107 70
2 20 2067 -205.6900 -12.4800 23 1972 -231.8900 -79.1600
-1.7383909597e+000 -3.1745051015e-001 -5.4839765585e+000
218 129 89
2 20 2466 -344.4800 -62.8700 23 2348 -373.9700 -134.1600
9.8060885311e-001 -8.7422478996e-001 -6.0813811261e+000
240 198 150
2 20 2431 175.1600 -156.1600 23 2314 142.6500 -230.5500
1.3682282323e+000 -8.4519789866e-001 -6.0222969819e+000
106 36 36
2 20 2539 247.1900 -152.4700 23 2404 213.1500 -232.0400
7.6343293433e+001 9.0110850166e+000 1.5042078804e+002
134 124 125
2 20 2565 -550.8700 -65.1300 23 2378 -559.0200 78.8000
7.4992546644e+001 -1.1226897365e+001 1.4980862673e+002
129 121 120
2 20 2556 -543.6300 81.3900 23 2411 -551.2500 227.5200
6.7654431919e+001 4.6329186553e-001 1.3451436691e+002
133 123 122
2 20 2561 -546.2000 -3.7600 23 2415 -553.6800 141.3100
1.3971743932e+000 1.3848840579e+000 -5.6528614048e+000
214 200 144
2 20 10 268.5000 266.1300 23 65 264.5000 174.2700
-8.2956336945e-001 1.4324337809e-001 -5.8521782749e+000
191 96 62
2 20 140 -153.4800 26.5500 23 188 -178.9800 -42.0500
6.5449402369e-002 2.3470373615e-001 -6.2131931150e+000
219 217 205
2 20 119 11.3600 41.0400 23 196 -9.4300 -25.0000
1.9493914257e+000 -7.8305675057e-002 -5.3440706211e+000
168 135 130
2 20 197 396.3900 -15.9200 23 382 369.9300 -128.9000
-1.4148387035e+000 -3.2181717874e-001 -5.5301932991e+000
77 47 36
2 20 305 -277.9700 -63.2100 23 355 -307.0700 -136.0400
-1.3697013891e+000 -3.1658627105e-001 -5.5369783126e+000
152 145 143
2 20 308 -268.6200 -62.1200 23 358 -297.9300 -135.1400
-1.3301898952e+000 -3.2908765656e-001 -5.5201886841e+000
102 70 54
2 20 997 -261.6500 -64.7700 23 943 -291.0800 -138.6800
1.7503553927e+000 -1.0722452590e+000 -5.7728172749e+000
81 65 58
2 20 574 329.7700 -201.7800 23 666 290.1500 -290.8700
1.7652300650e+000 -1.1141110637e+000 -5.6827057032e+000
84 98 72
2 20 577 337.7500 -212.9800 23 670 297.0000 -304.8600
-1.5584119217e-001 -2.4103971786e-001 -5.5232543397e+000
126 114 98
2 20 1388 -30.7600 -47.4000 23 950 -58.3400 -132.6900
2.9748324031e+000 -2.9030034135e-001 -5.4008078140e+000
84 65 63
2 20 351 598.2700 -58.3900 23 477 567.5699 -178.1300
-1.9500347279e+000 -2.9302658511e-001 -5.6583957476e+000
197 171 130
2 20 940 -374.4200 -56.2500 23 1301 -403.4600 -120.0500
-1.9973696322e+000 -3.7424679536e-001 -5.6503639902e+000
225 196 154
2 20 987 -384.0000 -71.9500 23 937 -413.4300 -135.3300
-2.0067421191e+000 -3.8518179582e-001 -5.6224247307e+000
134 112 68
2 20 989 -387.9200 -74.4000 23 344 -417.1100 -138.5600
2.6535874121e+000 -8.9353830728e-001 -5.3055104374e+000
155 130 104
2 20 1153 543.0699 -182.9500 23 678 500.8500 -299.2200
1.7996421519e+000 -1.0778118833e+000 -5.6000936407e+000
106 110 91
2 20 1182 349.4000 -209.0800 23 1132 308.4500 -304.4600
1.7221632155e+000 -1.1983653140e+000 -5.7661798824e+000
122 124 108
2 20 618 324.7500 -225.7700 23 688 283.5700 -313.7000
1.7107272338e+000 -1.2665148725e+000 -5.7645757929e+000
86 93 77
2 20 1203 322.8600 -238.6800 23 691 280.4000 -325.8800
1.7302154146e+000 -1.3213909528e+000 -5.6656421789e+000
178 196 177
2 20 648 331.8900 -253.3600 23 692 288.4700 -343.4700
-6.4174791219e-001 -1.9830437081e-002 -5.5080979004e+000
157 150 133
2 20 1644 -126.0400 -3.9500 23 1576 -153.6900 -85.4600
-9.0643057197e-001 -1.0944519315e-001 -5.4807013662e+000
203 189 168
2 20 1354 -179.9400 -21.6700 23 1309 -207.1000 -101.5900
-9.0643057197e-001 -1.0944519315e-001 -5.4807013662e+000
203 189 168
2 20 1355 -179.9400 -21.6700 23 1310 -207.1000 -101.5900
-8.2628310172e-001 -7.8051654226e-002 -5.4500193906e+000
190 166 140
2 20 1357 -164.6600 -15.5600 23 1311 -192.2700 -97.3200
-1.6286659975e+000 -3.0572066933e-001 -5.3997263019e+000
181 101 66
2 20 1406 -327.6900 -61.5000 23 1607 -357.5900 -136.6900
-1.3576480419e+000 -2.3332164066e-001 -5.6145922556e+000
150 111 85
2 20 1382 -262.9300 -45.1200 23 1595 -290.8000 -116.0200
-1.4565671212e+000 -3.1683198011e-001 -5.4977048050e+000
128 90 75
2 20 1409 -287.5100 -62.6300 23 1332 -317.4700 -136.0800
-1.2184624417e+000 -2.9233984212e-001 -5.6507191283e+000
166 109 79
2 20 951 -233.5300 -56.2600 23 360 -263.2900 -126.9700
-1.3181287093e+000 -2.8987804253e-001 -5.5519774627e+000
66 40 33
2 20 1384 -257.9900 -56.7100 23 1335 -286.6900 -129.8400
-1.7153058010e+000 -4.6292723393e-001 -5.4069812187e+000
164 80 55
2 20 1430 -344.6700 -93.0000 23 983 -375.1000 -166.5600
3.0342587936e+000 -5.4239896649e-001 -5.5009791928e+000
78 61 57
2 20 1067 598.7400 -107.1100 23 1436 564.2100 -221.8700
-1.6932939086e+000 -6.0173286355e-001 -5.3833472379e+000
204 109 67
2 20 1457 -342.2400 -121.3700 23 1382 -372.2100 -195.4100
-1.3550997367e+000 -5.5648962560e-001 -5.3871522176e+000
216 179 134
2 20 1436 -272.6200 -112.2700 23 1023 -304.7300 -189.4200
-1.4969187677e+000 -6.8074910239e-001 -5.4052432046e+000
116 42 22
2 20 1463 -300.6300 -136.8300 23 1022 -332.3100 -211.4300
-1.6489354666e+000 -8.6094835359e-001 -5.4840087299e+000
84 36 25
2 20 1116 -326.2100 -170.5800 23 1406 -358.5200 -240.0000
1.1806215251e+000 -9.8350206088e-001 -5.9573031136e+000
202 147 103
2 20 1497 215.5700 -179.3500 23 1691 180.1100 -258.3700
1.8556440202e+000 -1.1832996340e+000 -5.3511369323e+000
178 113 45
2 20 1525 376.9900 -240.2200 23 1481 332.1700 -344.1400
1.8664934087e+000 -1.1181515990e+000 -5.3244737595e+000
200 145 82
2 20 1213 381.0300 -228.1300 23 1482 337.1000 -333.8900
1.5753465417e+000 -1.5649195783e+000 -6.1119332763e+000
176 83 58
2 20 1529 280.3300 -278.1500 23 1494 237.3500 -350.7600
2.1020899708e+000 9.4479874295e-001 -5.1564211707e+000
111 41 45
2 20 1293 442.8400 199.0400 23 1534 435.1801 77.1700
2.1020899708e+000 9.4479874295e-001 -5.1564211707e+000
111 41 45
2 20 1294 442.8400 199.0400 23 1535 435.1801 77.1700
-1.8685923892e-001 1.1403988508e-001 -6.2665002054e+000
226 223 211
2 20 1883 -32.4100 19.7700 23 1778 -54.5700 -42.6100
1.9736713927e+000 -3.5761615866e-002 -5.2732126097e+000
144 51 51
2 20 1653 406.7400 -7.3700 23 1618 380.6600 -123.7000
1.2762272728e+000 -4.7616414778e-001 -4.4038772394e+000
76 57 33
2 20 1444 314.9900 -117.4600 23 1108 276.1600 -267.1400
-1.6560400055e+000 -5.6381102412e-001 -5.3798008227e+000
169 83 50
2 20 1694 -334.2400 -113.8600 23 1646 -365.5000 -188.4200
8.6637317126e-001 -9.7150032556e-001 -6.1533889699e+000
202 188 179
2 20 1954 153.0500 -171.5100 23 1864 119.8600 -242.2100
2.5636436851e+000 -8.4529205301e-001 -5.2882519220e+000
69 30 24
2 20 1500 526.9900 -173.6400 23 1135 484.6200 -290.1500
1.9312790278e+000 1.5093820479e+000 -5.0765743313e+000
172 97 90
2 20 1834 413.3400 322.9800 23 1740 415.7800 203.7300
1.3964210143e+000 1.5183596815e+000 -5.6746149124e+000
193 178 130
2 20 1836 267.6500 290.6500 23 1739 264.9400 200.7100
2.9461822081e+000 6.9297383928e-001 -5.4320705967e+000
170 152 141
2 20 1858 588.6801 138.5800 23 1953 579.2500 19.0200
3.1459723606e+000 7.4356177719e-001 -5.6567901966e+000
179 163 154
2 20 2033 604.4500 142.7900 23 2097 594.8400 30.6300
2.9855092476e+000 5.6354226198e-001 -5.4604781143e+000
153 139 126
2 20 1864 593.5699 112.1100 23 1770 581.2600 -6.8600
1.6942777527e-001 -2.4905837788e-002 -5.7476207567e+000
225 219 211
2 20 1650 32.0700 -4.7100 23 1582 7.3100 -85.8300
2.9663780730e+000 -5.1467243526e-001 -5.4449544238e+000
64 50 45
2 20 1940 591.8400 -102.6800 23 1875 556.6801 -219.2000
2.9663780730e+000 -5.1467243526e-001 -5.4449544238e+000
64 50 45
2 20 1941 591.8400 -102.6800 23 1876 556.6801 -219.2000
1.0515082166e+000 -7.9860805876e-001 -6.1196681242e+000
94 42 30
2 20 1717 186.4000 -141.7500 23 1657 155.3000 -216.1100
1.6734885825e+000 -1.3490668591e+000 -5.8532586964e+000
206 188 188
2 20 2152 310.8800 -250.3800 23 1911 268.4700 -333.6400
1.6116409373e+000 1.6874885975e+000 -5.7189414334e+000
223 214 199
2 20 2021 305.6100 320.5500 23 2080 308.2800 231.4200
1.2319188583e+000 1.1446877500e+000 -6.2713446870e+000
241 235 226
2 20 1848 213.6000 198.2700 23 1938 204.9600 126.2200
-5.2600493421e-001 -4.2013220261e-002 -5.4806053389e+000
176 173 153
2 20 2070 -104.3600 -8.3200 23 2121 -130.8700 -92.0000
1.9805986641e+000 -7.0492208081e-002 -5.2596274081e+000
142 50 60
2 20 2079 409.1100 -14.5600 23 1998 382.5800 -131.4500
-9.1387415953e-001 -1.3934859946e-001 -5.4770863697e+000
73 71 83
2 20 1904 -181.6000 -27.6100 23 1803 -208.8400 -107.5400
2.7530176834e+000 -2.3090736760e-001 -5.2399190616e+000
70 30 30
2 20 2093 570.7900 -47.8700 23 1836 540.4500 -172.6700
-1.9304955748e+000 -4.1522110965e-001 -5.5276440878e+000
70 31 30
2 20 2095 -379.3800 -81.6000 23 1986 -409.4000 -149.3100
7.9525200350e-001 -1.0156565102e+000 -6.0354507851e+000
177 73 76
2 20 2131 143.2600 -182.8100 23 2051 109.1000 -256.0100
1.2669485101e+000 1.9735028808e+000 -6.5729061234e+000
211 203 193
2 20 2181 209.6100 326.1500 23 2260 210.8100 267.8900
1.4558775192e+000 1.6790401822e+000 -5.7495261806e+000
241 229 181
2 20 2182 274.8600 317.2400 23 2193 275.7800 230.6600
2.1663261022e+000 1.2883664498e+000 -4.9174860135e+000
181 158 145
2 20 2187 479.1400 284.6000 23 1519 478.0800 153.2200
1.6693113538e+000 1.0338821782e+000 -5.2560995040e+000
171 147 131
2 20 2193 346.0200 213.6500 23 2203 336.1200 101.3600
2.0275296566e+000 -5.2048563945e-002 -5.1518538184e+000
223 213 212
2 20 2227 427.8300 -10.9800 23 2135 400.6000 -133.1000
-3.6188003144e-002 -3.3841466751e-001 -5.7318797814e+000
102 86 73
2 20 2241 -6.6300 -64.1500 23 2128 -34.8200 -143.1100
-1.1481012886e+000 -3.7657392609e-001 -5.7441315920e+000
104 37 27
2 20 2097 -215.5100 -71.3500 23 1811 -247.0500 -139.3600
2.6251811934e+000 -5.2102090109e-001 -5.2022194022e+000
76 54 32
2 20 2250 548.9600 -108.8000 23 2048 511.2500 -232.1900
6.3646281947e+001 2.2689324759e+001 1.2055567418e+002
114 108 110
2 20 2363 -573.5700 -204.4400 23 2216 -580.1100 -56.6100
1.6098972429e-001 9.9213243802e-001 -9.8304347176e+000
240 235 231
2 20 2314 17.8600 109.6300 23 2199 7.4700 108.8600
1.4998739693e-001 3.2605287612e-001 -6.4682601012e+000
198 193 184
2 20 2400 25.1600 54.7600 23 2344 5.8600 -4.9700
2.0187458437e+000 6.5146031283e-003 -5.1805197548e+000
153 61 59
2 20 2332 423.0800 1.3700 23 2228 398.1300 -119.6200
1.6742977249e-001 7.1421220100e-003 -5.7919325162e+000
221 217 208
2 20 2329 31.0500 1.3600 23 2290 7.5500 -78.3900
-7.7099860956e-001 -2.2684452428e-001 -5.4566205718e+000
193 137 102
2 20 2230 -152.8400 -45.2100 23 2126 -182.5500 -126.8400
-1.1416741265e+000 -4.3643449654e-001 -5.4274959838e+000
176 134 94
2 20 2339 -228.2800 -87.3700 23 2233 -258.7600 -165.8100
-1.5341844115e+000 -5.2455358073e-001 -5.3620334201e+000
111 46 28
2 20 2346 -309.7300 -106.3700 23 2298 -342.7600 -182.7100
5.8815664172e-001 1.6772661608e+000 -9.0288864559e+000
245 243 233
2 20 2389 70.9100 201.7900 23 2264 65.3000 191.0000
6.4886135513e-001 -5.7822112643e-001 -5.8774801343e+000
218 217 207
2 20 2425 118.9100 -106.8200 23 2240 91.1700 -186.4300
-1.4275245832e+000 -5.1697569331e-001 -5.4394784694e+000
58 48 46
2 20 2421 -284.7900 -103.2700 23 2299 -315.8300 -178.2000
1.4681962549e+002 5.9097487016e+001 4.0213032124e+002
127 116 115
2 20 2429 -397.4400 -159.5600 23 2283 -403.9500 -27.5100
1.5445753836e+000 -1.4300917195e+000 -5.9227504325e+000
114 42 33
2 20 2377 283.4600 -262.3000 23 2176 241.2700 -341.5400
1.6058592670e+000 -1.3343377473e+000 -5.8489592879e+000
95 36 28
2 20 2371 297.5700 -247.8000 23 2177 257.5600 -330.9000
1.9616118784e+000 1.7003488826e-001 -5.2506221016e+000
90 54 52
2 20 2407 404.7100 35.2000 23 2220 384.7300 -82.5700
-2.2886108566e-002 -1.0745986751e-001 -5.6965483743e+000
186 179 171
2 20 2462 -3.9100 -20.5200 23 2393 -30.6200 -101.3500
7.5975285690e+001 1.6951139469e+001 1.4747691168e+002
133 123 122
2 20 2536 -558.9500 -124.9400 23 2337 -567.4300 19.6700
1.5822466303e+000 1.4927467155e+000 -5.6028574853e+000
242 235 225
2 20 2507 306.7100 289.4200 23 2374 305.5600 194.7900
2.2234423759e+000 7.4495820897e-001 -5.1380834964e+000
195 113 57
2 20 2517 470.8600 157.4900 23 2386 458.1500 32.7500
-1.7279271081e+000 -5.7218125680e-001 -5.4105364855e+000
232 136 92
2 20 2532 -347.2300 -114.8500 23 2400 -377.4800 -187.7400
-1.1399671989e+000 -3.0181578256e-001 -5.8220525398e+000
136 64 44
2 20 2567 -211.4200 -56.4200 23 2428 -241.5800 -122.4100
2.2580437514e+000 9.9630357053e-001 -5.1095995924e+000
209 138 89
2 20 2575 481.2400 211.8000 23 2439 472.9200 86.5200
1.9667567369e-001 -5.7577776365e-001 -5.9499023611e+000
53 42 40
2 20 2616 35.8700 -105.1200 23 2468 6.9100 -178.3800
1.9667567369e-001 -5.7577776365e-001 -5.9499023611e+000
53 42 40
2 20 2617 35.8700 -105.1200 23 2469 6.9100 -178.3800
1.4438174810e+000 1.7077370968e+000 -5.6214979587e+000
161 149 109
2 20 0 278.8000 330.0100 23 47 280.3600 239.4700
1.0154361199e+000 7.4919008884e-001 -6.4977248587e+000
224 220 207
2 20 75 169.5500 125.2600 23 116 156.6600 59.7900
3.2133277198e+000 6.1528877067e-001 -5.6029558984e+000
178 158 149
2 20 90 622.4600 119.2900 23 181 612.0100 4.0000
6.3735553162e-002 2.0645541389e-001 -6.2069988382e+000
211 207 198
2 20 151 11.1900 36.1300 23 854 -10.1000 -30.0600
-9.0659137913e-001 -9.2912340952e-002 -5.4929098743e+000
89 73 70
2 20 182 -179.6000 -18.3500 23 906 -206.5500 -97.8800
3.0466119414e+000 -2.2735083177e-001 -5.4492972381e+000
86 72 67
2 20 277 608.1700 -45.3200 23 479 577.0900 -163.9300
3.0865834587e+000 -1.7119093312e-001 -5.4518431878e+000
61 46 40
2 20 283 615.1600 -34.1100 23 1009 586.5800 -153.3100
-1.9920613214e+000 -4.0014019142e-001 -5.6448273861e+000
185 158 122
2 20 295 -383.4900 -76.9900 23 349 -412.7300 -140.5400
3.0367314509e+000 -3.3828707250e-001 -5.4513751985e+000
75 61 57
2 20 355 605.5200 -67.4100 23 537 573.1000 -185.3400
2.9534867402e+000 -4.1547127830e-001 -5.4193750376e+000
84 66 57
2 20 356 592.2000 -83.2800 23 1048 558.5900 -201.3300
3.3077897423e+000 -4.5916700752e-001 -5.6519387086e+000
76 58 60
2 20 365 636.0800 -88.2500 23 540 602.0400 -200.0400
-2.0074497923e+000 -4.8853783641e-001 -5.6121909834e+000
88 55 35
2 20 368 -388.4800 -94.5700 23 422 -418.5100 -158.6300
-2.1296983651e-001 -4.5043321381e-001 -5.3267576545e+000
147 135 120
2 20 384 -43.4000 -91.8600 23 992 -74.0200 -182.8800
1.3280614546e+000 -5.4826127196e-001 -6.0181170612e+000
94 67 39
2 20 402 240.4500 -98.9900 23 457 209.4700 -179.9700
1.9210260500e+000 -5.9063230072e-001 -5.3525435413e+000
112 51 50
2 20 415 389.9301 -119.8700 23 598 355.0600 -229.6900
1.9101025348e+000 -6.3735370957e-001 -5.3897641460e+000
115 54 53
2 20 482 385.0900 -128.4600 23 596 349.6100 -236.3600
2.5150938232e+000 -7.0962674237e-001 -5.2121359583e+000
84 45 45
2 20 498 524.4301 -147.9000 23 642 484.4600 -268.3700
2.8852835534e+000 -6.8941854271e-001 -5.4450766758e+000
57 38 32
2 20 505 575.8199 -137.5400 23 646 537.0699 -252.0300
1.7463976376e+000 -1.1636695854e+000 -5.7053465662e+000
78 91 64
2 20 617 332.7900 -221.5700 23 669 291.6300 -312.0600
5.9205966466e-001 -2.5528665679e+000 -8.2283725873e+000
197 122 67
2 20 697 78.6300 -337.0500 23 722 41.5600 -352.3000
6.3881503300e-001 -2.4900779879e+000 -8.1905942010e+000
200 132 82
2 20 699 85.0600 -330.2700 23 721 48.3800 -346.8500
3.5900596408e+000 1.1969744530e+000 -6.2075825990e+000
174 149 140
2 20 788 627.0400 209.4600 23 793 629.7400 114.4700
3.1897246953e+000 6.8626294427e-001 -5.6284056552e+000
174 155 146
2 20 824 615.3700 132.4500 23 1258 605.8000 18.5600
8.1278091224e-002 2.2432847197e-001 -6.2081801546e+000
207 202 193
2 20 873 14.1000 39.2600 23 855 -6.6900 -27.0700
2.0155522640e+000 1.0905841738e-001 -5.2163625484e+000
195 89 73
2 20 874 420.3700 22.7000 23 311 395.7000 -96.8000
2.0709455325e+000 7.8343199164e-002 -5.0981303404e+000
185 140 70
2 20 875 441.4800 16.6900 23 312 416.6600 -108.6900
-5.8407132483e-001 -8.1539148274e-002 -5.4795516106e+000
169 161 150
2 20 900 -114.9000 -16.2300 23 1314 -143.7600 -99.1400
1.2953939652e-001 -7.4312297388e-002 -5.6982211636e+000
189 182 173
2 20 910 24.5800 -14.1600 23 911 -0.5500 -96.5100
2.0650789285e+000 -2.5357504058e-002 -5.0192497842e+000
212 166 87
2 20 916 447.0699 -5.4900 23 960 420.0800 -134.2200
-1.1176259995e-001 -1.6332088941e-001 -5.5186804880e+000
170 158 145
2 20 955 -21.9700 -32.1500 23 1316 -49.1300 -118.2100
3.2216079526e+000 -2.7699525598e-001 -5.5713115947e+000
97 70 66
2 20 984 627.8400 -54.0100 23 481 598.4500 -169.1900
-3.0061394310e-001 -3.4095202524e-001 -5.2722041517e+000
194 185 176
2 20 1008 -62.8400 -70.1900 23 1364 -90.9200 -163.0600
8.8444094438e-002 -4.7307253686e-001 -5.9116278937e+000
88 77 59
2 20 1013 16.5900 -86.9500 23 994 -12.2900 -160.8100
3.0239080631e+000 -4.3511402692e-001 -5.4649084480e+000
69 40 33
2 20 1029 601.6500 -86.4900 23 1050 567.0200 -203.1800
1.9113563434e+000 -5.1090623870e-001 -5.4269475508e+000
118 90 79
2 20 1052 382.7400 -102.2700 23 1042 349.4900 -209.5400
1.9200596537e+000 -5.7258283690e-001 -5.3472855110e+000
130 104 91
2 20 1057 390.5500 -116.3300 23 597 355.0800 -226.4200
-1.6438817755e+000 -6.0795313319e-001 -5.3709250940e+000
172 83 49
2 20 1070 -331.8700 -123.0200 23 490 -364.2400 -197.6800
-1.1509562790e+000 -7.7020436554e-001 -5.6426287615e+000
162 77 49
2 20 1081 -220.8200 -148.3400 23 1061 -253.1200 -217.8600
1.8993488424e+000 -6.0757315956e-001 -5.4398598177e+000
121 91 83
2 20 1095 379.3900 -121.3300 23 1082 344.7600 -227.3700
1.8993488424e+000 -6.0757315956e-001 -5.4398598177e+000
121 91 83
2 20 1096 379.3900 -121.3300 23 1083 344.7600 -227.3700
1.8865770589e+000 -6.3862367400e-001 -5.4252492763e+000
133 99 96
2 20 1098 377.6700 -127.8700 23 1085 342.8400 -234.1700
1.8865770589e+000 -6.3862367400e-001 -5.4252492763e+000
133 99 96
2 20 1099 377.6700 -127.8700 23 1086 342.8400 -234.1700
1.9356840664e+000 -6.0002748715e-001 -5.3227331284e+000
101 44 42
2 20 1101 395.6700 -122.4700 23 600 359.2800 -233.5000
1.9318520833e+000 -6.5506041971e-001 -5.3049016968e+000
108 46 43
2 20 1103 395.6700 -134.1400 23 1091 359.3300 -245.5300
1.7794881952e+000 -1.0045679746e+000 -5.6748619982e+000
86 90 69
2 20 1176 340.7400 -192.3000 23 1129 301.9000 -285.5800
1.7372874185e+000 -1.1952569228e+000 -5.7604942279e+000
72 85 61
2 20 1196 328.0500 -225.4100 23 690 286.5600 -313.6700
3.4701255687e+000 1.2302786852e+000 -6.1609804521e+000
180 157 149
2 20 1292 611.1700 216.9200 23 1531 613.2400 121.6800
2.1679972897e+000 8.7656737024e-001 -4.8650078348e+000
210 139 89
2 20 1296 483.8300 195.7300 23 1247 475.7500 58.8400
1.1009275403e+000 7.9877723470e-001 -6.2217580176e+000
217 212 201
2 20 1300 190.8800 139.5200 23 1542 180.7000 65.5000
2.1152997439e+000 7.1266541961e-001 -5.0708774287e+000
214 151 54
2 20 1301 453.1000 152.6700 23 818 441.0400 25.7800
3.1619509623e+000 8.7537553945e-001 -5.7118886269e+000
156 140 132
2 20 1304 600.8000 166.4800 23 1549 595.5800 56.6000
-7.1043660380e-001 -7.5258029276e-002 -5.3804963475e+000
191 183 168
2 20 1359 -143.4900 -15.1900 23 909 -171.0400 -100.5900
2.0558207587e+000 -1.0898231750e-001 -5.0538364093e+000
181 136 74
2 20 1365 442.2000 -23.4300 23 958 413.4301 -150.1200
3.0504673732e+000 -2.8479260493e-001 -5.4639411023e+000
79 63 59
2 20 1397 606.6200 -56.6200 23 1377 575.8199 -174.4600
3.0504673732e+000 -2.8479260493e-001 -5.4639411023e+000
79 63 59
2 20 1398 606.6200 -56.6200 23 1378 575.8199 -174.4600
-1.6311967117e+000 -3.7354327785e-001 -5.3905489129e+000
154 80 62
2 20 1407 -328.3600 -75.3100 23 1329 -359.3300 -150.4900
5.8108734006e-002 -3.7001711449e-001 -5.7696794529e+000
57 45 33
2 20 1414 10.5100 -69.6400 23 1340 -16.4900 -148.2300
1.0606666884e-001 -3.0958938726e-001 -5.7568579757e+000
120 107 97
2 20 1415 21.0600 -58.4800 23 373 -8.3800 -137.8800
1.0777832734e+000 -3.6174572427e-001 -5.7427574535e+000
189 176 162
2 20 1416 203.9300 -68.4300 23 455 175.6000 -157.1200
-1.7330294642e+000 -4.9538163707e-001 -5.4037638257e+000
172 78 50
2 20 1431 -348.3300 -99.5900 23 1352 -379.1000 -172.9300
3.3570601158e+000 -9.6435126359e-001 -5.8782909658e+000
56 34 20
2 20 1502 620.5400 -178.2100 23 1124 578.5400 -278.6000
1.7134852610e+000 -1.2875358939e+000 -5.7568893226e+000
198 196 184
2 20 1520 323.6200 -242.9600 23 1473 281.1800 -330.2500
1.7134852610e+000 -1.2875358939e+000 -5.7568893226e+000
198 196 184
2 20 1521 323.6200 -242.9600 23 1474 281.1800 -330.2500
1.8458188349e+000 -1.2459599862e+000 -5.3909090314e+000
220 172 81
2 20 1538 372.4900 -251.0800 23 1174 326.5500 -352.6800
2.1125254956e+000 6.6001226856e-001 -5.0041955308e+000
186 106 48
2 20 1610 458.8600 143.2700 23 819 445.0601 13.1300
6.3556273176e-001 5.5926220244e-001 -6.5472491837e+000
201 197 186
2 20 1621 104.8800 92.8200 23 1763 89.9200 31.3500
6.8062234815e-001 5.0025710949e-001 -6.5046090477e+000
205 203 192
2 20 1622 113.7700 83.5400 23 1764 96.9100 20.5700
5.8177393775e-001 3.1002541062e-001 -5.7226656411e+000
240 237 228
2 20 1624 110.2400 58.8600 23 1780 89.9600 -27.1300
2.0123846412e+000 1.3800862634e-001 -5.2865773026e+000
101 71 54
2 20 1638 413.4200 28.3600 23 1584 390.9600 -88.2000
-4.0764146036e-001 -2.1251881650e-002 -5.5601544468e+000
154 147 131
2 20 1647 -79.2400 -4.1800 23 1787 -106.0900 -86.1600
-1.4101443003e+000 -2.4262112055e-001 -5.5815350912e+000
134 94 72
2 20 1660 -274.1100 -47.2500 23 1798 -303.4100 -118.5800
3.1246128694e+000 -1.7280547019e-001 -5.4807688871e+000
94 70 61
2 20 1673 619.4200 -34.2500 23 1644 590.9700 -152.6100
-1.6632390491e+000 -2.9458626780e-001 -5.4258725168e+000
166 79 50
2 20 1677 -332.6600 -59.0100 23 1810 -363.1800 -132.9300
3.1235712795e+000 -5.7611502353e-001 -5.5579778372e+000
57 34 27
2 20 1710 610.8700 -112.6000 23 1680 574.2000 -225.6200
-1.6929757755e+000 -7.7306561360e-001 -5.4517020852e+000
75 24 26
2 20 1736 -337.3400 -154.0400 23 1860 -368.6400 -224.7400
-1.4907205505e+000 -7.6920165290e-001 -5.4675813903e+000
129 56 38
2 20 1737 -296.1200 -152.8300 23 1662 -327.5600 -224.9300
1.8580003961e+000 -1.1377206306e+000 -5.3747707540e+000
219 168 86
2 20 1773 375.7300 -229.9500 23 1719 332.0000 -333.5000
5.6866190203e-001 -2.4382400043e+000 -8.3575216647e+000
209 150 121
2 20 1802 74.3200 -316.9400 23 1712 38.7500 -331.2300
5.6866190203e-001 -2.4382400043e+000 -8.3575216647e+000
209 150 121
2 20 1803 74.3200 -316.9400 23 1713 38.7500 -331.2300
1.0125616102e+000 2.3456651333e+000 -7.7068111126e+000
222 215 205
2 20 1831 142.2800 330.6500 23 1926 145.5200 301.0800
3.0190574484e+000 9.8578050654e-001 -5.6464757593e+000
133 117 117
2 20 1849 580.3500 189.6500 23 1944 576.9200 79.0400
1.0372709109e+000 3.5901062998e-001 -5.5671040320e+000
214 210 198
2 20 1875 202.2300 70.0600 23 1783 182.9400 -25.7900
3.0531743263e+000 3.5591303603e-001 -5.4437468907e+000
152 132 125
2 20 1881 608.1400 71.0200 23 1970 593.0500 -49.5000
3.0037781970e+000 -2.1994185964e-001 -5.4140607489e+000
84 60 58
2 20 1915 602.6899 -44.1300 23 1837 573.3101 -163.9200
8.8979357429e-001 -6.5954965848e-001 -6.0583380328e+000
162 118 90
2 20 1936 159.0600 -118.2400 23 1655 129.9300 -193.8600
3.2761268248e-001 -2.4158233667e+000 -8.5367823645e+000
205 74 79
2 20 1983 41.6600 -307.4100 23 1900 8.5000 -318.1800
3.2761268248e-001 -2.4158233667e+000 -8.5367823645e+000
205 74 79
2 20 1984 41.6600 -307.4100 23 1901 8.5000 -318.1800
4.2697383753e-001 -2.5739459837e+000 -8.5522625016e+000
185 102 50
2 20 1993 54.2400 -326.9400 23 1905 19.7600 -336.9200
5.4122624538e-001 -2.4669221107e+000 -8.2587329977e+000
194 104 54
2 20 1997 70.9500 -324.4700 23 1906 36.1900 -339.8100
3.0282035520e+000 4.2075480910e-001 -5.4496542790e+000
120 105 100
2 20 2045 603.2800 83.8700 23 2112 587.9900 -36.0800
8.8248908771e-002 9.7688538740e-002 -6.0573540480e+000
176 170 157
2 20 2057 15.8100 17.5200 23 1967 -6.7400 -53.2400
8.8248908771e-002 9.7688538740e-002 -6.0573540480e+000
176 170 157
2 20 2058 15.8100 17.5200 23 1966 -6.7400 -53.2400
2.7308224084e+000 -3.6976370419e-001 -5.2485505990e+000
71 35 28
2 20 2106 565.0300 -76.5300 23 1857 532.3900 -200.0100
-1.5100959548e+000 -5.1456538203e-001 -5.4127461397e+000
110 47 32
2 20 2107 -303.0600 -103.2700 23 1824 -333.6600 -178.3800
-1.4520064271e+000 -6.8041369061e-001 -5.4170165089e+000
113 46 32
2 20 2114 -291.5800 -136.4100 23 2018 -322.0000 -211.1700
8.6580872196e-001 -6.9737038480e-001 -6.1516484971e+000
160 142 129
2 20 2119 153.4200 -123.1700 23 1651 122.3000 -195.4800
1.7437226977e+000 -1.2451371542e+000 -5.6780544797e+000
79 97 71
2 20 2150 333.8400 -238.2200 23 2069 291.3800 -328.8100
3.7634442363e-001 -2.6663095656e+000 -8.6347573513e+000
186 104 57
2 20 2167 47.4200 -335.4400 23 1902 12.6800 -343.4000
1.7169056037e+000 1.7426851993e+000 -5.6429840834e+000
211 202 186
2 20 2302 330.3100 335.4800 23 2191 334.1000 243.2600
-7.3471873744e-001 5.0910553997e-003 -5.5342078214e+000
181 167 156
2 20 2326 -143.4400 0.9400 23 2217 -171.4600 -78.7500
-7.3471873744e-001 5.0910553997e-003 -5.5342078214e+000
181 167 156
2 20 2327 -143.4400 0.9400 23 2218 -171.4600 -78.7500
3.0094988514e+000 -3.6986479070e-001 -5.4353059620e+000
49 33 33
2 20 2343 602.2900 -73.9200 23 2153 568.3300 -192.0400
3.0094988514e+000 -3.6986479070e-001 -5.4353059620e+000
49 33 33
2 20 2344 602.2900 -73.9200 23 2154 568.3300 -192.0400
1.3580326256e+000 -9.6811966713e-001 -5.9689900933e+000
220 164 123
2 20 2359 247.4800 -176.2000 23 2252 211.7500 -256.4800
1.3580326256e+000 -9.6811966713e-001 -5.9689900933e+000
220 164 123
2 20 2360 247.4800 -176.2000 23 2253 211.7500 -256.4800
6.3649593050e+001 2.6732412619e+001 1.2039340790e+002
134 124 125
2 20 2367 -574.1700 -241.2200 23 2120 -580.9800 -92.4100
4.2176713162e-001 5.0879963940e-001 -6.7059610346e+000
233 232 222
2 20 2399 68.3300 82.4200 23 2277 51.5900 26.7500
-7.8515032424e-001 -4.0720254084e-001 -5.5390332643e+000
191 102 62
2 20 2415 -152.6700 -79.9600 23 2301 -184.5200 -157.9100
1.3254840866e-001 -2.2733939766e+000 -8.3494530688e+000
233 223 213
2 20 2442 17.2800 -295.7800 23 2255 -15.2100 -308.8500
7.6868797389e+001 2.8987630376e+001 1.4196059793e+002
169 165 168
2 20 2491 -587.6800 -221.8800 23 2390 -595.4000 -74.1500
1.4572338417e+002 6.4134175073e+001 2.6890928227e+002
171 163 164
2 20 2496 -588.0800 -259.1500 23 2392 -596.1600 -113.9200
1.8889972734e+000 1.3804587568e+000 -5.0687085932e+000
153 71 66
2 20 2508 404.9700 295.8500 23 2414 404.5699 175.4700
2.7149534753e-001 2.1057517507e+000 -9.2593966535e+000
205 214 205
2 20 2509 32.0800 247.0300 23 2373 28.1600 243.2200
1.9605361031e+000 9.9581473268e-001 -5.1997388203e+000
184 70 70
2 20 2513 410.0900 208.0300 23 2381 401.7900 89.9300
1.3862101963e-001 1.2033776481e+000 -9.7396841639e+000
219 97 96
2 20 2518 15.9000 134.1900 23 2377 5.8900 133.1200
1.3060214511e+000 -1.0668953193e+000 -5.9284370585e+000
113 37 38
2 20 2541 239.2300 -195.4900 23 2407 202.9900 -275.8800
7.1443157140e+001 3.1979267287e+001 1.3802380297e+002
134 124 123
2 20 2573 -562.5300 -251.6600 23 2425 -568.8000 -104.3500
