# Bundle file v0.3
60 296
0 0 0
0 0 0
0 0 0
0 0 0
0 0 0
1.6549201679e+003 5.2368991031e-002 -8.7393790550e-002
9.9995826756e-001 -8.8587908220e-004 -9.0927643994e-003
8.5230010894e-004 9.9999280603e-001 -3.6961442488e-003
9.0959733232e-003 3.6882402356e-003 9.9995182892e-001
-6.6876757402e-002 -2.4721616488e-002 -4.0422541946e-002
0 0 0
0 0 0
0 0 0
0 0 0
0 0 0
1.6571489356e+003 4.7714201328e-002 -9.7072115822e-002
9.8891992208e-001 1.4827153809e-001 7.2758989403e-003
-1.4506812964e-001 9.7563207175e-001 -1.6461257038e-001
-3.1505959355e-002 1.6173314922e-001 9.8633146709e-001
1.1053869927e-001 -9.6445060996e-001 1.0160745703e-001
0 0 0
0 0 0
0 0 0
0 0 0
0 0 0
0 0 0
0 0 0
0 0 0
0 0 0
0 0 0
0 0 0
0 0 0
0 0 0
0 0 0
0 0 0
0 0 0
0 0 0
0 0 0
0 0 0
0 0 0
0 0 0
0 0 0
0 0 0
0 0 0
0 0 0
0 0 0
0 0 0
0 0 0
0 0 0
0 0 0
0 0 0
0 0 0
0 0 0
0 0 0
0 0 0
0 0 0
0 0 0
0 0 0
0 0 0
0 0 0
0 0 0
0 0 0
0 0 0
0 0 0
0 0 0
0 0 0
0 0 0
0 0 0
0 0 0
0 0 0
0 0 0
0 0 0
0 0 0
0 0 0
0 0 0
0 0 0
0 0 0
0 0 0
0 0 0
0 0 0
0 0 0
0 0 0
0 0 0
0 0 0
0 0 0
0 0 0
0 0 0
0 0 0
0 0 0
0 0 0
0 0 0
0 0 0
0 0 0
0 0 0
0 0 0
0 0 0
0 0 0
0 0 0
0 0 0
0 0 0
0 0 0
0 0 0
0 0 0
0 0 0
0 0 0
0 0 0
0 0 0
0 0 0
0 0 0
0 0 0
0 0 0
0 0 0
0 0 0
0 0 0
0 0 0
0 0 0
0 0 0
0 0 0
0 0 0
0 0 0
0 0 0
0 0 0
0 0 0
0 0 0
0 0 0
0 0 0
0 0 0
0 0 0
0 0 0
0 0 0
0 0 0
0 0 0
0 0 0
0 0 0
0 0 0
0 0 0
0 0 0
0 0 0
0 0 0
0 0 0
0 0 0
0 0 0
0 0 0
0 0 0
0 0 0
0 0 0
0 0 0
0 0 0
0 0 0
0 0 0
0 0 0
0 0 0
0 0 0
0 0 0
0 0 0
0 0 0
0 0 0
0 0 0
0 0 0
0 0 0
0 0 0
0 0 0
0 0 0
0 0 0
0 0 0
0 0 0
0 0 0
0 0 0
0 0 0
0 0 0
0 0 0
0 0 0
0 0 0
0 0 0
0 0 0
0 0 0
0 0 0
0 0 0
0 0 0
0 0 0
0 0 0
0 0 0
0 0 0
0 0 0
0 0 0
0 0 0
0 0 0
0 0 0
0 0 0
0 0 0
0 0 0
0 0 0
0 0 0
0 0 0
0 0 0
0 0 0
0 0 0
0 0 0
0 0 0
0 0 0
0 0 0
0 0 0
0 0 0
0 0 0
0 0 0
0 0 0
0 0 0
0 0 0
0 0 0
0 0 0
0 0 0
0 0 0
0 0 0
0 0 0
0 0 0
0 0 0
0 0 0
0 0 0
0 0 0
0 0 0
0 0 0
0 0 0
0 0 0
0 0 0
0 0 0
0 0 0
0 0 0
0 0 0
0 0 0
0 0 0
0 0 0
0 0 0
0 0 0
0 0 0
0 0 0
0 0 0
0 0 0
0 0 0
0 0 0
0 0 0
0 0 0
0 0 0
0 0 0
0 0 0
0 0 0
0 0 0
0 0 0
0 0 0
0 0 0
0 0 0
0 0 0
0 0 0
0 0 0
0 0 0
0 0 0
0 0 0
0 0 0
0 0 0
0 0 0
0 0 0
0 0 0
0 0 0
0 0 0
0 0 0
0 0 0
0 0 0
0 0 0
0 0 0
0 0 0
0 0 0
0 0 0
0 0 0
0 0 0
0 0 0
0 0 0
0 0 0
0 0 0
0 0 0
0 0 0
0 0 0
0 0 0
0 0 0
0 0 0
0 0 0
0 0 0
0 0 0
0 0 0
0 0 0
0 0 0
0 0 0
0 0 0
0 0 0
0 0 0
0 0 0
0 0 0
0 0 0
0 0 0
0 0 0
0 0 0
0 0 0
8.9596700974e-001 1.8474655237e+000 -6.5956391067e+000
18 10 20
2 1 9 223.1600 464.0300 3 172 331.4100 486.7300
-6.2369422463e-001 1.2184885874e+000 -8.1646207060e+000
166 150 142
2 1 40 -124.5400 247.1300 3 296 -82.7800 356.1200
9.9683098007e-001 7.9090141027e-001 -6.4403753668e+000
236 235 233
2 1 48 252.2400 202.3100 3 195 315.8199 195.2400
-6.1718674268e-001 4.5966701872e-001 -8.2204414371e+000
54 25 24
2 1 54 -122.2300 93.0900 3 21 -102.9100 194.2600
4.6395808407e-001 4.6268716823e-001 -6.8963995555e+000
146 133 125
2 1 57 109.7600 110.8200 3 203 146.7900 138.5700
-4.4604695184e-001 1.2965908591e-001 -6.7173043715e+000
82 44 35
2 1 66 -110.6500 31.6800 3 210 -92.0000 84.9400
-2.6629911400e-001 2.3625860685e-001 -6.8885137115e+000
124 111 102
2 1 68 -63.5800 56.9200 3 36 -42.9300 109.1900
-1.8178680587e-001 2.2454973853e-001 -6.7959928197e+000
166 157 148
2 1 73 -45.7700 54.2500 3 40 -21.0700 101.0900
3.6661959060e-002 2.5180727421e-003 -6.8521095981e+000
132 119 111
2 1 87 7.5700 0.7100 3 56 24.3800 40.0100
6.3473994287e-002 -1.6961567410e-002 -6.6999840369e+000
155 142 134
2 1 88 14.1300 -4.1400 3 57 31.0800 28.6800
1.8829976120e+000 8.3477881174e-002 -5.6568298217e+000
247 87 98
2 1 89 546.5900 23.7500 3 107 585.9100 -67.7800
-4.4955290519e-001 -2.0382940175e-001 -6.6117616877e+000
33 17 4
2 1 98 -114.0000 -51.0400 3 67 -105.5600 -2.4000
1.6474025229e+000 -2.1163366937e-001 -5.8783392130e+000
206 50 54
2 1 100 459.7500 -59.9400 3 131 478.9100 -127.2100
-1.2837398109e+000 -3.5487893839e-001 -6.0239215603e+000
94 23 19
2 1 105 -353.1200 -97.7000 3 87 -356.4000 -37.7400
-1.1107898982e+000 -3.6754497974e-001 -6.2028743879e+000
122 38 20
2 1 107 -296.8000 -98.0600 3 91 -299.0700 -38.7400
-7.8948735715e-001 -3.6010511986e-001 -6.3218662648e+000
118 12 13
2 1 110 -208.0900 -94.3000 3 96 -206.4800 -43.1100
-4.1533772684e-001 -3.3316721791e-001 -6.6735306243e+000
131 107 70
2 1 112 -104.1200 -82.3000 3 78 -100.8400 -33.1600
-5.3045864027e-001 -4.3394839979e-001 -6.5451919787e+000
130 109 98
2 1 125 -134.8900 -109.2200 3 100 -136.1800 -60.4200
-7.8917431407e-001 -5.1548037201e-001 -6.3073928962e+000
32 12 14
2 1 142 -208.1900 -134.9400 3 117 -212.5200 -84.4400
-8.0906381378e-001 -5.5018594799e-001 -6.2852285674e+000
179 154 126
2 1 143 -214.1700 -144.5200 3 118 -219.7600 -94.0000
-7.7814393527e-001 -5.4805452548e-001 -6.3015405069e+000
175 116 101
2 1 144 -205.4200 -143.5400 3 120 -210.9800 -93.6800
-7.7814393527e-001 -5.4805452548e-001 -6.3015405069e+000
175 116 101
2 1 145 -205.4200 -143.5400 3 119 -210.9800 -93.6800
-7.8295662015e-001 -5.7470244719e-001 -6.2839745986e+000
34 17 11
2 1 148 -207.0500 -150.8600 3 123 -213.9900 -101.5100
-5.4727873808e-001 -6.4410992515e-001 -6.4785151303e+000
201 196 193
2 1 151 -140.9500 -163.8500 3 127 -148.9200 -116.2400
-2.7871508400e-001 -6.8943630498e-001 -6.8020307785e+000
255 251 242
2 1 164 -68.8100 -166.8000 3 128 -77.9000 -117.7700
6.8448655010e-001 -1.8342714929e+000 -7.4404679673e+000
162 140 96
2 1 194 152.6899 -406.2200 3 160 101.1500 -358.0200
-4.8082361010e-001 1.4615175700e+000 -8.0369902381e+000
207 44 50
2 1 211 -98.3200 300.7500 3 7 -44.7200 406.8400
4.9562789594e-002 1.1408734132e+000 -7.2453411922e+000
194 185 180
2 1 216 10.6000 260.0400 3 181 67.0100 322.8000
-5.8551181485e+000 1.4158270521e+000 -1.4729130086e+001
35 29 31
2 1 230 -650.6000 161.9100 3 173 -663.3900 439.0300
-5.9717585638e-001 4.8571376024e-001 -8.1826125677e+000
212 52 51
2 1 233 -119.0500 98.6700 3 193 -98.2000 198.7400
-5.0325319072e-001 4.9311742420e-001 -8.1680594569e+000
207 200 186
2 1 234 -101.2300 100.0500 3 415 -77.6300 197.3500
2.0871541618e-001 4.4500353088e-001 -6.8025486051e+000
154 140 124
2 1 240 49.0000 107.7800 3 321 84.7200 141.7500
1.8124991137e+000 3.7970043088e-001 -5.7306985689e+000
25 15 23
2 1 243 519.3199 109.1300 3 230 575.4500 25.9300
-8.8244010972e-002 1.2224481565e-001 -6.7769950152e+000
118 107 101
2 1 253 -22.6000 29.7800 3 327 -2.1000 71.5200
-1.9695911664e-001 8.7018068818e-002 -6.6936556134e+000
122 107 102
2 1 257 -49.6200 21.4400 3 213 -30.9500 64.1100
1.8589483475e+000 8.1569571814e-002 -5.6680558273e+000
233 78 82
2 1 258 538.4399 23.1500 3 106 577.4700 -66.6000
-3.8543340052e-001 -1.0254360925e-001 -6.5462556120e+000
115 33 22
2 1 262 -98.6000 -25.9600 3 337 -86.9100 17.9800
-3.6538832554e-001 -1.4306580286e-001 -6.5510151118e+000
149 67 49
2 1 263 -93.5900 -36.1400 3 226 -83.0500 7.1300
-3.6538832554e-001 -1.4306580286e-001 -6.5510151118e+000
149 67 49
2 1 264 -93.5900 -36.1400 3 227 -83.0500 7.1300
4.2903456838e-003 -2.6509604207e-001 -6.6423240800e+000
206 201 197
2 1 273 -0.8900 -65.8300 3 236 7.3600 -33.1800
1.9470653765e-001 -2.5854971208e-001 -6.6263161309e+000
234 227 221
2 1 274 46.9700 -64.1400 3 247 55.1700 -39.4600
3.3048726571e-001 -2.1039426624e-001 -6.6692567994e+000
238 235 229
2 1 275 80.6400 -51.6600 3 237 90.3400 -30.5700
1.6361504302e+000 -2.4920217784e-001 -5.8454222699e+000
161 38 46
2 1 283 460.4100 -70.3400 3 267 474.9800 -139.8100
-1.0920902689e+000 -3.9977942904e-001 -6.2151344034e+000
154 52 29
2 1 286 -291.6600 -106.5000 3 241 -294.0200 -47.3600
6.7977059243e-001 -4.9885915323e-001 -6.7158890703e+000
211 204 195
2 1 297 165.4500 -122.2000 3 265 165.2000 -111.2100
-8.6622283104e-001 -5.4087747704e-001 -6.2833938977e+000
50 50 69
2 1 307 -228.8800 -142.0500 3 250 -235.1400 -89.5400
-5.4824131408e-001 -5.9573768426e-001 -6.4345185901e+000
163 155 150
2 1 309 -142.0100 -152.5600 3 260 -148.6600 -106.7100
-4.6088561670e-001 -5.9576693571e-001 -6.5427353377e+000
174 164 161
2 1 311 -117.4400 -149.9300 3 261 -124.0900 -103.5700
-4.6088561670e-001 -5.9576693571e-001 -6.5427353377e+000
174 164 161
2 1 312 -117.4400 -149.9300 3 262 -124.0900 -103.5700
-3.3213562777e-001 -5.6855947807e-001 -6.6745079764e+000
185 178 170
2 1 315 -83.3100 -140.2000 3 254 -88.5000 -94.0100
3.9942878603e-001 -7.8232430406e-001 -6.8174395580e+000
156 144 127
2 1 326 95.8000 -188.6600 3 134 83.0400 -162.7500
2.1192498039e+000 -6.1714569071e-001 -5.5021816164e+000
239 225 177
2 1 329 633.6300 -186.7800 3 280 629.5100 -293.7300
7.8889171420e-001 -9.9526082289e-001 -6.6197127578e+000
158 145 125
2 1 337 195.2100 -247.7200 3 272 174.2300 -240.9900
9.8581859045e-001 -1.1803437818e+000 -6.6067404815e+000
246 231 218
2 1 338 244.8300 -294.6900 3 151 215.7600 -293.1300
5.8527078368e-001 -1.8655496061e+000 -7.5331420980e+000
165 149 102
2 1 341 128.6200 -408.1800 3 156 78.1000 -353.6800
7.3222881076e-001 -1.8165570628e+000 -7.3790800889e+000
233 219 164
2 1 342 164.4000 -405.7500 3 285 113.2700 -360.9200
-2.4592204479e-002 1.8538870740e+000 -7.5031301756e+000
202 190 185
2 1 347 -5.2800 408.9900 3 293 72.6600 494.9301
1.1945033377e+000 1.4755175114e+000 -6.2612693890e+000
18 3 6
2 1 349 312.8101 389.9400 3 392 415.1300 377.5600
1.1963152512e+000 1.3428787624e+000 -6.1253923972e+000
167 39 45
2 1 351 319.6300 362.3900 3 303 418.4500 340.9800
1.4347339867e+000 1.0799469621e+000 -6.0335879266e+000
18 7 11
2 1 354 389.8600 295.8500 3 410 478.8000 254.3200
4.1168108750e-001 1.1705237687e+000 -7.1485817977e+000
184 177 167
2 1 355 94.9100 270.8700 3 399 156.1700 317.2600
1.2497496556e+000 9.4961878811e-001 -6.1484281258e+000
222 53 59
2 1 356 332.4000 254.8800 3 192 410.4800 225.4600
-2.7611895894e-001 8.8036623981e-001 -7.5772971453e+000
170 161 154
2 1 364 -58.7000 192.4700 3 407 -21.0500 271.3500
6.0862249886e-001 2.4628689293e-001 -6.5817353770e+000
154 141 132
2 1 376 151.0699 61.8900 3 430 181.9700 70.4300
-5.2650068804e-001 1.0874781682e-001 -6.7961177811e+000
72 27 22
2 1 380 -129.0500 26.1800 3 326 -111.5300 85.0700
-3.7287877026e-001 -4.1300568885e-003 -6.5653551378e+000
142 119 110
2 1 381 -95.0700 -1.1900 3 330 -79.9500 43.3100
-8.1007927098e-001 -8.0741847963e-002 -6.4526562851e+000
86 18 7
2 1 385 -209.1200 -21.1700 3 432 -198.1800 36.3200
-4.1933808035e-001 -1.2229811487e-001 -6.5653097494e+000
165 80 59
2 1 388 -106.0500 -30.5900 3 224 -96.8400 14.8800
-1.0411741438e+000 -3.6077541041e-001 -6.4032109286e+000
134 33 10
2 1 395 -268.6300 -92.8900 3 231 -271.8500 -29.7500
-4.8885551307e-001 -4.6665509634e-001 -6.6203462530e+000
113 94 79
2 1 407 -122.7500 -116.0000 3 352 -125.4600 -66.2200
8.2761353525e-001 -4.7204394884e-001 -6.6410183867e+000
172 163 148
2 1 410 204.0200 -116.9600 3 361 205.1300 -114.4400
-6.1414605587e-001 -5.9641961232e-001 -6.4477585399e+000
181 172 170
2 1 416 -157.9300 -152.2500 3 455 -166.0900 -103.7300
-5.2225505208e-001 -6.2810022782e-001 -6.4676863462e+000
253 254 249
2 1 417 -134.6400 -159.9900 3 358 -142.3300 -113.8400
6.2825160978e-001 -8.7399423373e-001 -6.7441099493e+000
229 226 218
2 1 426 152.9200 -213.1500 3 475 136.1300 -197.3800
6.2825160978e-001 -8.7399423373e-001 -6.7441099493e+000
229 226 218
2 1 427 152.9200 -213.1500 3 474 136.1300 -197.3800
1.6632073831e+000 -1.0791865285e+000 -5.8719183911e+000
18 1 7
2 1 430 465.3000 -304.4900 3 371 436.5300 -363.4400
1.2511215248e+000 1.3285507376e+000 -6.1506428280e+000
196 55 61
2 1 438 333.8199 357.4300 3 400 430.6600 334.0400
-7.7622367428e-001 1.4896500048e+000 -8.3444372225e+000
30 16 16
2 1 439 -151.3800 295.8300 3 493 -105.5600 417.2900
1.4171716775e+000 1.0477889867e+000 -6.0307150866e+000
176 42 37
2 1 443 385.7300 287.3700 3 504 471.6000 245.5600
5.6540393182e-002 1.0023571563e+000 -7.2012216572e+000
186 177 168
2 1 446 11.5500 229.5600 3 404 64.6000 289.0200
7.4066577493e-001 9.1647338593e-001 -6.7961687906e+000
166 157 150
2 1 448 178.4000 222.7700 3 411 238.2600 241.2000
4.0810838449e-001 5.8293083621e-001 -6.9949911139e+000
123 110 99
2 1 455 95.2800 137.6800 3 419 135.7100 171.9900
1.7828348265e+000 4.3110455850e-001 -5.7339152791e+000
25 5 9
2 1 459 510.3101 123.8500 3 437 569.6300 42.5000
-2.8456718031e-002 3.4146447975e-001 -6.9370900870e+000
178 169 160
2 1 460 -7.2100 81.4100 3 511 19.9800 127.5500
-2.8456718031e-002 3.4146447975e-001 -6.9370900870e+000
178 169 160
2 1 461 -7.2100 81.4100 3 512 19.9800 127.5500
5.0545205991e-001 3.4447068763e-001 -6.6414342993e+000
142 129 113
2 1 462 123.3400 85.3700 3 516 158.9800 101.3700
1.1328812059e+000 2.0468289927e-001 -6.4175181716e+000
195 188 178
2 1 470 289.2800 52.7200 3 436 323.3400 33.8600
-2.6474639075e+001 3.9091129001e-001 -5.8410304908e+001
101 92 85
2 1 471 -738.4800 15.8000 3 389 -778.4200 379.0800
2.6263793491e-001 1.0169679333e-001 -6.5594385188e+000
192 182 172
2 1 473 64.3500 25.5600 3 333 87.7100 45.9200
2.6937754528e-001 4.3580608375e-002 -6.6388154965e+000
203 194 187
2 1 474 64.9200 10.7300 3 434 86.3900 33.9300
1.8790481840e+000 8.8794100406e-002 -5.6773080319e+000
243 79 98
2 1 475 543.3000 25.1400 3 541 583.0900 -64.7500
-2.9704617966e-001 -2.0098914157e-002 -6.6469184579e+000
183 173 164
2 1 477 -74.9500 -5.0300 3 433 -60.3900 39.3500
1.8425458700e+000 -1.8662912365e-001 -5.7269017382e+000
249 79 93
2 1 487 528.3300 -54.5200 3 468 550.3101 -139.1300
-1.6522289860e+000 -3.4081980908e-001 -6.0580484939e+000
135 113 67
2 1 488 -451.5000 -93.4900 3 343 -458.0000 -17.0400
-5.0870213907e+000 -1.1306061787e+000 -1.3911483859e+001
44 39 39
2 1 497 -597.6000 -131.7600 3 514 -633.1800 117.2800
-9.0742266849e-001 -4.5437355320e-001 -6.3836729339e+000
188 105 67
2 1 499 -236.1300 -117.5900 3 534 -239.1600 -59.8500
8.5787104105e-001 -4.5973161886e-001 -6.5461095100e+000
243 240 231
2 1 501 213.8500 -115.8500 3 551 217.0400 -118.0700
1.0322620614e+000 -4.5823064145e-001 -6.3791141612e+000
172 158 147
2 1 502 264.7200 -118.5000 3 464 267.9900 -134.7400
1.3201997471e+000 -4.2733419349e-001 -6.1325345869e+000
158 145 134
2 1 503 351.8600 -115.5600 3 465 359.3800 -154.3400
-6.4845090403e-001 -6.1758363817e-001 -6.3693254183e+000
236 232 229
2 1 505 -169.8000 -159.9400 3 454 -176.8600 -112.4000
-1.5702544278e-001 -7.1029094175e-001 -6.9056918335e+000
255 254 249
2 1 511 -37.2300 -168.7400 3 457 -49.6900 -121.2100
-3.0335204884e+001 -8.9130851259e+000 -6.6193849381e+001
82 74 71
2 1 516 -747.0300 -218.5000 3 420 -803.6900 143.0900
1.4144581082e+000 -7.4312277382e-001 -6.0120394670e+000
182 159 106
2 1 517 385.0300 -204.7400 3 478 376.4100 -250.9000
1.4679583363e+000 -9.3292497148e-001 -6.1606466317e+000
169 147 134
2 1 518 391.7800 -250.1900 3 568 370.7900 -289.3100
6.9477415986e-001 -1.8477755818e+000 -7.3834750156e+000
45 32 34
2 1 521 154.2900 -413.0700 3 369 105.6500 -365.5800
1.3804957970e+000 -1.6018657090e+000 -6.4730711094e+000
253 82 93
2 1 522 350.7800 -409.2900 3 486 301.1300 -419.7200
-3.1774765208e+001 -1.8798792776e+001 -6.5811926732e+001
99 82 82
2 1 524 -785.5700 -468.5100 3 543 -863.2500 -96.4800
5.5726359738e-001 1.7576647614e+000 -6.9010172662e+000
219 212 209
2 1 528 132.4301 421.5600 3 581 225.0400 466.4000
-8.0898484872e-002 1.8464701421e+000 -7.5487352750e+000
192 35 44
2 1 529 -17.6500 404.8200 3 491 58.8800 493.8199
1.2646517875e+000 1.4007366320e+000 -6.2119286891e+000
16 12 9
2 1 530 333.8500 373.0700 3 585 434.3300 353.7800
1.3790471761e+000 1.1089955877e+000 -6.0831047467e+000
203 42 57
2 1 531 371.8300 301.4400 3 503 460.2200 265.2300
-5.9703984671e-001 1.3153826430e+000 -8.0997738616e+000
206 191 183
2 1 532 -120.5500 268.7500 3 583 -74.4400 377.2600
6.9559946578e-001 9.5477180990e-001 -6.8323612721e+000
181 174 166
2 1 533 166.6700 230.8700 3 596 227.2100 252.8800
-2.7512246907e-001 9.3782290576e-001 -7.5284110857e+000
208 199 190
2 1 535 -59.5300 206.0800 3 499 -18.3900 284.7500
1.6184905330e+000 6.8613037098e-001 -5.7936850483e+000
214 49 60
2 1 536 458.4200 195.6000 3 607 530.2500 126.9300
1.5972876757e+000 5.0631618376e-001 -5.9575675257e+000
235 64 73
2 1 542 439.2200 139.9300 3 521 499.2900 80.8000
1.7606761024e+000 3.9328426463e-001 -5.7252574157e+000
229 58 64
2 1 544 504.6899 113.1200 3 612 561.5300 31.9400
1.0586734155e+000 2.8923618055e-001 -6.5145510101e+000
170 163 153
2 1 545 266.9600 73.6700 3 520 302.3900 62.0200
-7.4012978204e-002 1.6733019019e-001 -6.8060761495e+000
179 168 162
2 1 546 -18.8200 40.6500 3 517 2.8900 83.0100
-3.3423681413e-002 1.2332395295e-001 -6.7705044831e+000
182 171 165
2 1 548 -9.1700 30.1300 3 518 11.5100 69.5300
1.7915785237e+000 1.1349763199e-001 -5.6438421945e+000
204 53 62
2 1 549 521.0800 32.7200 3 632 561.6300 -55.8800
1.9059019960e+000 1.5903455300e-001 -5.6770560093e+000
29 12 20
2 1 550 551.3500 45.6900 3 540 595.3101 -45.4700
9.9848696249e-001 9.5980459060e-002 -6.3438608877e+000
162 150 138
2 1 554 257.0500 24.8100 3 619 286.7300 7.7100
1.7523378948e+000 6.8459115321e-002 -5.6401163482e+000
169 29 40
2 1 555 508.7500 19.0300 3 539 548.6400 -67.3400
4.9903885413e-001 -1.3375315329e-002 -6.5076270833e+000
204 194 185
2 1 556 124.0800 -3.5300 3 525 145.4100 5.6300
2.0756931526e-002 -1.5316171394e-001 -6.5681455067e+000
177 166 162
2 1 559 3.3900 -38.4800 3 622 15.7500 -9.2300
6.9828128079e-001 -1.6527662180e-001 -6.4392355403e+000
224 221 214
2 1 560 176.5000 -42.3700 3 629 192.1700 -43.9700
-1.2892671881e+000 -2.8927755876e-001 -6.0362490957e+000
145 60 38
2 1 563 -354.2600 -79.7200 3 527 -354.7600 -18.7300
-3.0299313279e-001 -3.6604587214e-001 -6.6038257023e+000
238 235 230
2 1 564 -77.1000 -91.3000 3 450 -74.6900 -48.8700
6.6569955119e-002 -3.7970469535e-001 -6.6935108660e+000
205 191 182
2 1 565 13.9500 -93.6600 3 536 19.0700 -61.0900
6.6569955119e-002 -3.7970469535e-001 -6.6935108660e+000
205 191 182
2 1 566 13.9500 -93.6600 3 537 19.0700 -61.0900
1.4403796690e+000 -2.9951118897e-001 -6.0154534883e+000
164 149 141
2 1 569 391.9700 -82.7000 3 555 406.0200 -133.2600
-2.6756334986e-001 -4.4517262401e-001 -6.7073490482e+000
241 240 237
2 1 571 -66.6700 -109.1000 3 535 -68.0100 -64.5200
4.3988207420e-001 -4.8592371893e-001 -6.7697941604e+000
215 208 200
2 1 572 106.3900 -117.8000 3 546 104.8800 -96.5700
-8.4586732057e-001 -5.4517928307e-001 -6.2890481541e+000
46 42 53
2 1 575 -223.5200 -143.0900 3 544 -229.4500 -91.0800
-4.0991667074e-001 -5.6497037419e-001 -6.5750928396e+000
159 143 131
2 1 577 -104.2000 -141.5000 3 545 -109.3400 -95.9000
-2.9257772355e+001 -7.0802028387e+000 -6.2123173334e+001
87 77 75
2 1 578 -768.0000 -184.2400 3 506 -822.8300 179.1600
-2.7947458913e+001 -6.8673815661e+000 -6.1385725236e+001
85 78 76
2 1 579 -741.8200 -180.7100 3 507 -796.1400 178.4200
6.1426829422e-001 -8.2221415099e-001 -6.7832472556e+000
254 255 250
2 1 585 148.9301 -199.2100 3 639 133.7000 -182.0200
7.6417824322e-001 -7.9672247275e-001 -6.6323573200e+000
151 132 94
2 1 586 188.8000 -197.7500 3 470 175.7600 -191.5300
1.0063784819e+000 -8.9021696141e-001 -6.4088860437e+000
239 233 224
2 1 588 258.2000 -228.7200 3 561 239.4700 -240.1200
6.4330749515e-001 -1.0947143643e+000 -6.8847652578e+000
254 255 250
2 1 593 153.3400 -261.7800 3 560 128.6500 -239.1500
1.4938240629e+000 -1.3896135969e+000 -6.2532457899e+000
28 11 12
2 1 596 393.7200 -367.2900 3 487 349.7800 -395.9000
5.1034029157e-001 -1.9429891144e+000 -7.6904307357e+000
208 191 147
2 1 598 110.1200 -416.3900 3 647 58.1300 -354.4100
-1.7827910744e+001 -1.3527871756e+001 -5.0005982350e+001
89 77 77
2 1 600 -578.2700 -443.8400 3 548 -651.0500 -109.4700
-1.7188381998e+001 -1.4097946873e+001 -4.8664719417e+001
98 88 87
2 1 602 -572.8100 -475.6700 3 637 -648.2900 -141.3400
5.2203622368e-001 1.8549216278e+000 -6.9809931661e+000
196 34 40
2 1 606 122.5400 439.8500 3 656 217.7700 491.0500
6.1516012395e-001 1.7831108397e+000 -6.8458363072e+000
206 37 44
2 1 607 146.7200 430.8900 3 657 243.7400 472.6700
1.2833946198e+000 1.2817578568e+000 -6.1568721261e+000
17 1 8
2 1 611 342.3600 344.5800 3 587 436.5100 319.0000
-7.2718805349e-001 1.5526455815e+000 -8.2366098120e+000
193 36 43
2 1 612 -144.0200 312.2100 3 582 -94.3200 431.4300
9.8737569360e-001 1.1613001859e+000 -6.4267626777e+000
148 124 116
2 1 613 251.2100 298.4600 3 591 331.6200 296.1300
9.7425709805e-001 1.1019685547e+000 -6.4524012293e+000
221 212 203
2 1 614 247.2000 282.1800 3 597 323.4000 280.2700
-2.5987754671e-001 1.0157538636e+000 -7.5813205227e+000
150 141 131
2 1 616 -55.3900 221.7900 3 669 -12.5700 302.1600
6.3701118603e-001 5.7309834462e-001 -6.8741785915e+000
142 132 119
2 1 621 151.7900 137.8100 3 602 194.5500 159.1300
1.7125836466e+000 5.1377298088e-001 -5.7783052915e+000
232 58 71
2 1 622 486.3400 146.6300 3 611 549.3400 71.5800
6.3370230319e-001 2.9263983765e-001 -6.6169344872e+000
194 184 174
2 1 623 155.7800 72.8300 3 691 190.1600 82.5800
6.4178634692e-001 1.2240149421e-001 -6.5398203936e+000
146 136 127
2 1 624 158.7200 30.4300 3 693 188.0000 36.3600
1.2207903999e+000 1.9964728058e-001 -6.2863111048e+000
188 181 171
2 1 625 318.3500 52.4800 3 620 353.6300 23.8500
-4.3589139476e-001 8.2452876143e-002 -6.7029714070e+000
77 20 13
2 1 626 -108.1800 20.2300 3 608 -91.5100 72.2200
-3.7319462490e-001 4.8703665774e-002 -6.6815605520e+000
156 144 132
2 1 627 -93.5300 11.8500 3 609 -76.6600 60.7700
8.6803754848e-001 9.7953844221e-002 -6.3994028134e+000
160 150 141
2 1 629 220.9200 24.9900 3 618 250.2200 15.7100
1.0143311714e+000 3.3854777267e-002 -6.2879780796e+000
209 200 193
2 1 631 263.0300 8.5500 3 702 291.0300 -11.6900
-5.5594187206e-001 -4.3748112787e-001 -6.4540682992e+000
169 145 135
2 1 645 -143.6300 -111.7900 3 628 -144.5600 -65.1300
6.0899815501e-001 -4.9704760254e-001 -6.7061179934e+000
227 220 210
2 1 646 148.5000 -121.8400 3 636 147.7700 -108.8400
1.0717243346e+000 -4.3097760373e-001 -6.2666447878e+000
177 166 154
2 1 647 279.4000 -113.6500 3 554 284.9700 -136.5700
-1.3075387045e-001 -7.8528258164e-001 -6.9974559618e+000
50 39 37
2 1 651 -30.5200 -184.1600 3 553 -45.3900 -134.1900
-2.8890699803e+001 -7.5905245951e+000 -6.2486767629e+001
19 13 12
2 1 655 -753.6400 -196.6500 3 601 -809.1700 164.6000
-2.8898257139e+001 -8.3092448866e+000 -6.1911138648e+001
138 129 130
2 1 656 -760.7600 -217.7400 3 604 -818.3200 144.2000
-2.5993109969e+001 -7.4867543293e+000 -5.7690995695e+001
106 101 98
2 1 657 -734.2600 -210.4500 3 605 -789.9700 145.7000
-8.0645300636e-001 -8.1421936138e-001 -6.6469230946e+000
40 34 25
2 1 658 -201.3200 -201.8000 3 638 -216.1000 -138.4300
6.8359225095e-001 -8.9159767768e-001 -6.7366785943e+000
254 253 249
2 1 660 166.3199 -217.8400 3 641 149.4301 -203.9500
-2.9558618833e+001 -8.7360035166e+000 -6.1972489105e+001
62 18 25
2 1 661 -777.7100 -228.9600 3 603 -836.2400 135.5300
-3.2987952130e+001 -1.0736906131e+001 -6.8958242782e+001
133 115 121
2 1 662 -779.3500 -253.2400 3 513 -840.9800 114.0200
1.5197855610e+000 -1.3263396855e+000 -6.2309579793e+000
250 255 249
2 1 664 401.2400 -352.1100 3 650 361.5601 -383.3800
-2.8071165857e+001 -1.7757486905e+001 -6.4916441184e+001
69 55 54
2 1 666 -702.9100 -448.6300 3 633 -778.1400 -89.3900
-2.4821690862e+001 -1.5985618508e+001 -5.5901711742e+001
55 13 23
2 1 669 -722.2300 -469.2600 3 711 -798.5800 -110.3100
-2.1051722824e+001 -1.4107272314e+001 -4.8836651631e+001
143 130 129
2 1 670 -701.9100 -474.3200 3 634 -776.3600 -121.9400
3.5696501791e-001 1.5549281311e+000 -7.1830495123e+000
221 215 212
2 1 675 81.3400 358.0100 3 660 158.2800 414.8900
1.2936642849e+000 1.2009015546e+000 -6.1539168482e+000
227 55 67
2 1 676 344.9301 322.8000 3 672 435.4301 295.3100
6.7989654198e-001 1.2917476643e+000 -6.8254082536e+000
228 223 217
2 1 677 162.1100 312.4300 3 739 239.4399 340.7900
1.0817884766e+000 1.1247677878e+000 -6.2846705749e+000
219 53 65
2 1 678 281.9200 295.7600 3 742 363.3900 282.2900
-4.2935316013e-001 1.2667458602e+000 -7.9257538511e+000
156 143 134
2 1 679 -89.9200 263.9400 3 662 -39.3100 363.1600
1.3623885294e-001 1.1521833296e+000 -7.2590858838e+000
221 214 208
2 1 682 30.5500 262.2800 3 666 87.7000 322.2600
6.8309696139e-001 1.1232945861e+000 -6.8650131827e+000
240 233 227
2 1 683 163.3800 270.5800 3 671 229.8900 296.4900
1.8984187322e-003 1.1006850643e+000 -7.3548875029e+000
207 198 193
2 1 684 -0.0100 247.2100 3 670 53.0900 314.1400
1.2759867702e+000 8.3268314170e-001 -6.1887725189e+000
215 204 198
2 1 686 338.0800 222.3300 3 681 407.8300 191.6700
8.2373715674e-003 9.1090442710e-001 -7.2909167684e+000
204 193 187
2 1 687 1.3400 206.3200 3 678 48.1900 268.4800
1.3323962319e+000 7.6734931534e-001 -6.0934998121e+000
213 45 54
2 1 688 357.5699 207.6200 3 746 427.8500 169.5900
-8.1203232666e-001 7.3084279385e-001 -8.3168508933e+000
212 202 193
2 1 689 -159.4300 145.7700 3 677 -134.2300 257.6600
2.7826197581e-001 6.0553839785e-001 -7.0236200085e+000
180 169 163
2 1 692 65.2400 142.6800 3 683 103.6899 182.5300
7.3873115093e-002 3.8781595303e-001 -6.9141309902e+000
138 125 116
2 1 693 16.8900 92.6700 3 748 47.1900 134.7300
1.4217641333e+000 3.8149592014e-001 -6.0207688360e+000
158 143 136
2 1 696 385.9399 103.9900 3 694 437.5800 55.1900
4.4659258616e-001 3.3528708348e-001 -6.7188832999e+000
198 190 179
2 1 697 108.5601 82.5300 3 688 140.8199 103.1400
1.8238568817e+000 2.5384041250e-001 -5.7723268890e+000
207 45 51
2 1 698 519.7100 72.6500 3 763 565.9399 -9.4500
-2.6534856491e-002 2.3367089771e-001 -6.9009829507e+000
129 119 109
2 1 699 -6.7500 56.1200 3 686 16.5000 100.1700
6.7513744524e-002 2.3647213392e-001 -6.8120403305e+000
214 207 201
2 1 700 15.2800 57.3300 3 687 40.8100 95.1100
1.8619634274e+000 2.2256445202e-002 -5.6765044227e+000
16 7 3
2 1 703 538.1200 5.6300 3 708 574.2600 -83.3400
1.0641875290e+000 -1.6092042989e-002 -6.2541619683e+000
161 149 137
2 1 706 278.4399 -4.2400 3 703 302.7700 -28.6600
1.7951992050e-001 -2.0844603382e-001 -6.6622626168e+000
195 188 180
2 1 707 42.0000 -51.7600 3 700 53.9900 -24.5800
-2.0720568160e+001 -2.2697611701e+000 -5.0786278919e+001
15 11 10
2 1 709 -662.1800 -69.1000 3 673 -708.1200 274.3800
-2.0720568160e+001 -2.2697611701e+000 -5.0786278919e+001
15 11 10
2 1 710 -662.1800 -69.1000 3 674 -708.1200 274.3800
-1.4735487922e+000 -3.6023614402e-001 -6.0651151531e+000
122 56 50
2 1 712 -402.6700 -98.6500 3 621 -407.2200 -29.2600
1.7956726649e+000 -2.5422581358e-001 -5.7570645859e+000
122 23 36
2 1 714 512.0601 -73.6200 3 722 529.8000 -154.0400
-7.9810919969e-001 -3.8483638019e-001 -6.3087219938e+000
142 25 26
2 1 719 -210.6800 -100.9200 3 704 -210.1700 -49.9400
9.3539458908e-001 -4.7493876183e-001 -6.4584788034e+000
163 151 137
2 1 721 236.8700 -121.2100 3 716 238.9000 -130.2500
-9.1093315427e-001 -5.1310212020e-001 -6.3048850294e+000
239 188 141
2 1 723 -239.8000 -134.3400 3 764 -245.3100 -79.3300
-3.1767783758e+001 -7.3384038682e+000 -6.2734473019e+001
66 56 54
2 1 726 -826.1800 -189.2000 3 682 -883.6000 183.1800
8.6054206896e-001 -6.6034821200e-001 -6.4611332290e+000
161 138 94
2 1 727 216.7100 -168.8400 3 725 212.4900 -173.3600
6.8201505172e-001 -8.9807657830e-001 -6.7416516092e+000
255 254 250
2 1 730 165.6100 -219.3400 3 726 148.8900 -205.0300
1.5243959613e+000 -7.4874733024e-001 -5.9398868353e+000
230 217 208
2 1 731 421.7300 -208.3600 3 644 409.7500 -263.5000
-3.0925568004e+001 -8.8615553689e+000 -6.2612573389e+001
100 66 61
2 1 732 -804.7700 -229.7400 3 747 -865.9200 138.9500
-2.7865155846e+001 -9.9581969281e+000 -5.7649740358e+001
55 43 45
2 1 733 -787.5000 -281.5200 3 797 -851.2400 82.5600
6.9561971765e-001 -1.1944403107e+000 -6.9630153565e+000
225 222 215
2 1 734 163.0400 -282.9000 3 727 136.8199 -257.5600
1.1893138293e+000 -1.5434400661e+000 -6.6410567376e+000
44 28 34
2 1 737 294.4301 -383.9500 3 649 249.3900 -382.3600
-1.9917281484e+001 -1.4383330093e+001 -5.2467125421e+001
117 105 105
2 1 739 -615.5300 -449.6500 3 713 -690.7800 -108.4700
-2.0154391043e+001 -1.3778493845e+001 -4.8675410787e+001
140 126 126
2 1 740 -674.3700 -464.8300 3 712 -746.9700 -116.7700
-1.7349106181e+001 -1.3775263165e+001 -4.9446629912e+001
18 11 9
2 1 741 -568.5200 -457.1400 3 714 -643.2800 -123.9200
6.7310707690e-001 1.6465103075e+000 -6.7810795576e+000
223 217 213
2 1 745 162.3199 401.6100 3 737 254.8199 435.5100
-1.3585349207e-001 1.7237615806e+000 -7.5318593184e+000
195 185 176
2 1 747 -30.0300 378.5100 3 784 42.0400 466.5900
1.1172068844e-001 1.5865110142e+000 -7.4026562158e+000
206 199 193
2 1 748 24.3600 354.3600 3 785 96.6200 427.2800
1.0419192500e+000 1.2771287793e+000 -6.5096240482e+000
203 197 189
2 1 749 262.8500 324.6200 3 740 346.6300 325.0800
2.5416982001e-001 4.9251606729e-001 -6.9370571660e+000
126 113 104
2 1 758 59.4200 117.2300 3 750 95.5200 154.4100
1.5930011474e+000 3.8357373496e-001 -5.9201470620e+000
192 37 42
2 1 760 441.4200 106.8100 3 756 493.5100 44.4600
4.6296586088e-001 9.4152367721e-002 -6.6041809025e+000
160 152 141
2 1 762 113.4200 23.3900 3 755 138.4399 38.1600
1.8851141582e-001 -5.5938905875e-002 -6.6623464437e+000
255 254 250
2 1 764 45.1800 -13.7400 3 757 61.2400 12.8300
3.2596965430e-001 -6.1026936844e-002 -6.6650561843e+000
209 198 192
2 1 765 79.1300 -14.9600 3 758 95.6700 6.5700
1.1582095529e+000 -1.4425123162e-001 -6.1511553517e+000
145 131 120
2 1 769 307.1000 -39.2100 3 770 328.4700 -71.6800
1.8056154218e+000 -1.4605340828e-001 -5.6975496456e+000
241 66 78
2 1 770 519.8700 -43.1700 3 773 545.1500 -128.0400
-1.3419931230e+000 -3.2105100169e-001 -5.9934349419e+000
119 50 49
2 1 772 -371.7900 -89.1800 3 759 -372.9200 -27.4700
-1.2705118350e+000 -2.4739344796e-001 -6.0547227911e+000
149 68 39
2 1 773 -347.8000 -68.0100 3 760 -347.2800 -7.0800
-3.3647257991e-001 -4.9077536464e-001 -6.7731411882e+000
50 37 18
2 1 774 -82.0700 -118.9000 3 766 -86.6300 -69.8400
-3.3647257991e-001 -4.9077536464e-001 -6.7731411882e+000
50 37 18
2 1 775 -82.0700 -118.9000 3 767 -86.6300 -69.8400
-7.6924346111e-001 -5.3188646783e-001 -6.2935361982e+000
170 71 60
2 1 778 -204.1000 -139.7200 3 765 -207.5700 -90.1700
3.1761882163e-001 -6.6370750881e-001 -6.8539882339e+000
254 245 190
2 1 780 76.2500 -158.8900 3 771 66.7000 -129.8000
6.5169007375e-001 -5.6480683371e-001 -6.7048454066e+000
112 94 80
2 1 783 158.9800 -138.5500 3 715 155.6700 -126.8100
1.0526429640e+000 -8.1536557486e-001 -6.2984270833e+000
144 126 78
2 1 786 273.2200 -213.7600 3 777 260.7200 -231.6900
1.2311723065e+000 -7.6047311829e-001 -6.1874592783e+000
199 174 118
2 1 787 325.6801 -203.1400 3 778 315.5601 -233.5100
9.0145536338e-001 -1.0273728999e+000 -6.6031583829e+000
145 127 104
2 1 788 224.6300 -256.1600 3 776 200.4800 -254.1500
-3.4046397210e+001 -1.0790252168e+001 -6.5810272895e+001
36 16 17
2 1 789 -844.1700 -267.0400 3 685 -906.9100 108.8800
1.7372490038e+000 -1.3162911648e+000 -6.0813014435e+000
254 86 97
2 1 790 470.0100 -358.6200 3 781 429.2700 -404.9400
1.7372490038e+000 -1.3162911648e+000 -6.0813014435e+000
254 86 97
2 1 791 470.0100 -358.6200 3 782 429.2700 -404.9400
-2.8081302449e+001 -1.6789103245e+001 -5.9758761552e+001
61 35 38
2 1 792 -765.5700 -460.9900 3 803 -840.1700 -94.4000
-1.8363894923e+001 -1.5750503034e+001 -5.4381570875e+001
110 99 97
2 1 793 -546.1500 -475.3400 3 719 -623.7900 -141.4500
-1.9483326224e+001 -1.5704546398e+001 -5.2674737115e+001
118 111 111
2 1 795 -600.7100 -489.7500 3 718 -676.6900 -148.2500
3.9034003015e-001 1.3904588908e+000 -7.0387998577e+000
163 154 145
2 1 797 90.3300 326.4100 3 823 163.5699 374.5600
2.1786239118e-001 1.3323657477e+000 -7.2898827273e+000
219 211 208
2 1 798 49.6600 302.4400 3 788 112.8700 362.8900
1.3259894972e+000 8.8194814348e-001 -6.0521439441e+000
162 31 39
2 1 801 358.1700 240.3300 3 831 435.5699 201.9300
1.4665854303e+000 8.3100494165e-001 -5.8999153859e+000
234 64 75
2 1 802 407.6400 232.7000 3 833 484.5800 178.6000
2.5287830965e-001 9.0386892453e-001 -7.1264791470e+000
214 205 198
2 1 803 58.7300 209.8400 3 791 107.3400 257.3700
1.5325349652e+000 3.4013119774e-001 -6.0264247837e+000
219 210 205
2 1 808 417.0200 93.0000 3 800 465.1100 39.0500
-4.1623478212e-001 -6.2414301609e-002 -6.5671153045e+000
85 24 16
2 1 811 -106.1200 -15.8700 3 799 -92.9900 30.2100
3.0193873123e-001 -2.1751136367e-001 -6.6652152414e+000
254 255 250
2 1 813 74.1400 -53.2700 3 762 82.4301 -31.5700
1.8492019083e+000 -1.1923375799e-001 -5.8927676420e+000
243 67 77
2 1 814 515.3300 -34.0600 3 842 540.5100 -108.8600
1.6851088917e+000 -2.7512223216e-001 -5.8439482658e+000
135 32 35
2 1 817 473.8199 -78.0000 3 844 488.2800 -148.9900
-1.5905128486e+000 -4.4891508316e-001 -6.0734322063e+000
38 28 32
2 1 818 -434.8700 -122.8400 3 802 -441.3200 -48.2000
4.2089093236e-001 -4.1661614097e-001 -6.7182485970e+000
231 228 221
2 1 819 103.0601 -101.5200 3 804 103.1700 -82.0800
1.2024623781e+000 -4.8944143973e-001 -6.1731168191e+000
122 104 81
2 1 821 318.4100 -131.1700 3 810 321.8800 -163.2300
1.1132217081e+000 -6.2476418899e-001 -6.1957462888e+000
210 186 131
2 1 823 293.3199 -166.7500 3 809 290.5400 -193.2400
8.0297116419e-001 -9.0783333589e-001 -6.8214956338e+000
110 87 62
2 1 824 192.0500 -219.5300 3 845 176.9000 -205.6900
1.8423920373e+000 -7.0429318707e-001 -5.7962184985e+000
24 9 8
2 1 825 523.1300 -201.3000 3 779 512.8300 -277.6600
1.7199495873e+000 -1.1227332972e+000 -5.9057033719e+000
21 9 12
2 1 828 479.6000 -314.6500 3 780 446.4399 -373.7300
1.4351363744e+000 -1.5736944556e+000 -6.3622131178e+000
230 64 74
2 1 833 370.8600 -409.2800 3 819 321.6100 -426.7300
1.4351363744e+000 -1.5736944556e+000 -6.3622131178e+000
230 64 74
2 1 834 370.8600 -409.2800 3 818 321.6100 -426.7300
1.4465631827e-002 1.4318182101e+000 -7.3497639323e+000
170 157 151
2 1 837 2.8100 321.9800 3 854 68.2900 393.9800
1.4465631827e-002 1.4318182101e+000 -7.3497639323e+000
170 157 151
2 1 838 2.8100 321.9800 3 855 68.2900 393.9800
1.5644509013e-003 1.1977831411e+000 -7.2986941667e+000
208 199 194
2 1 839 -0.1700 271.0800 3 856 57.0800 338.0100
4.7366769453e-001 1.1996644704e+000 -6.9796627572e+000
228 221 214
2 1 841 110.5500 283.8500 3 824 177.9600 323.5400
1.7562917633e+000 3.2364559415e-001 -5.7452215156e+000
216 46 55
2 1 847 501.5500 92.6100 3 837 554.0800 12.6600
-2.9933006174e+001 1.4852588515e+000 -6.1726286593e+001
92 84 71
2 1 848 -790.9200 44.4700 3 853 -831.1200 419.2500
1.6477097031e+000 1.5615366098e-001 -5.7533387350e+000
131 15 23
2 1 849 468.4399 43.8500 3 865 512.3000 -30.6700
-1.3966985009e+000 -4.6375003536e-001 -6.0933115772e+000
246 124 75
2 1 856 -381.7700 -126.5700 3 840 -385.2100 -58.8100
7.4647205850e-002 -7.7941679820e-001 -6.8443446884e+000
255 255 253
2 1 859 16.3600 -187.4900 3 843 5.3200 -148.8500
1.4077944310e+000 -6.5753438529e-001 -5.9899686180e+000
154 132 86
2 1 860 384.4301 -181.9200 3 812 380.4500 -229.8200
-3.0783529064e+001 -7.9256933636e+000 -6.3572347584e+001
15 10 16
2 1 861 -789.9000 -201.9800 3 832 -846.5700 165.1500
9.8698702397e-001 -1.3500430686e+000 -6.7541124278e+000
22 12 13
2 1 864 240.1600 -329.7200 3 814 204.2600 -320.2300
1.4332286619e+000 -1.2744646184e+000 -6.2068931908e+000
255 255 253
2 1 865 379.1600 -339.6800 3 849 343.2200 -369.6400
-3.1905458148e+001 -1.7261107192e+001 -6.7259622636e+001
109 94 94
2 1 867 -772.6500 -420.6000 3 838 -845.2600 -51.6700
-2.9034129515e+001 1.3276512413e+000 -5.4463594439e+001
74 63 58
2 1 870 -871.5100 44.4500 3 852 -913.0100 428.9200
1.8958137087e+000 -1.6361468879e-001 -5.6222920192e+000
42 30 32
2 1 871 554.0000 -48.7600 3 870 577.7900 -142.6300
-3.8520252656e+001 -7.4256048463e+000 -7.4243967165e+001
72 62 61
2 1 873 -847.3000 -161.1700 3 861 -902.4100 218.8800
-6.5643541779e-001 -7.2093337857e-001 -6.5558725269e+000
233 232 230
2 1 874 -166.0000 -181.0100 3 868 -178.2600 -126.7200
1.5208004962e+000 -9.9993179939e-001 -6.0686750596e+000
182 38 45
2 1 875 409.5400 -273.4400 3 871 390.0300 -316.6100
-3.5440228065e+001 -1.6086650027e+001 -7.4635778580e+001
53 42 40
2 1 876 -773.2300 -352.3900 3 864 -841.8900 16.9500
-1.7639879534e+001 -1.2178665423e+001 -4.9729535980e+001
98 89 82
2 1 877 -573.9600 -401.0300 3 867 -645.7300 -69.5400
5.5826376100e-001 -1.7789535443e+000 -7.5164163376e+000
144 123 80
2 1 879 123.8199 -389.6700 3 873 74.4399 -336.5900
-1.8477960016e-002 -1.3880158454e-002 -6.7347024370e+000
132 119 110
2 1 883 -5.7100 -3.2900 3 875 10.2800 33.7300
-2.1860538381e-001 -2.6584293319e-001 -6.6958218020e+000
248 244 242
2 1 884 -54.4700 -65.1200 3 876 -49.7300 -22.9000
-2.5030764867e+001 -4.8604078999e+000 -6.2312467618e+001
111 102 97
2 1 885 -652.0900 -124.3100 3 874 -701.5100 222.1800
1.1214056849e+000 8.7250569549e-001 -6.3123671490e+000
255 255 253
2 1 888 290.1100 227.9300 3 884 360.3800 210.8400
-2.5033096476e+001 -5.2833981269e-001 -5.0087817494e+001
103 97 97
2 1 889 -816.7200 -13.2100 3 882 -859.4000 356.7000
1.5107098129e+000 2.0793454668e-002 -6.0048220098e+000
230 225 221
2 1 890 412.4800 5.4400 3 895 443.0400 -49.5800
5.1538979816e-001 -1.0402428876e+000 -6.9399378638e+000
254 254 252
2 1 894 121.3400 -246.8100 3 888 99.8700 -218.2200
1.9490594943e+000 -4.4762635700e-001 -5.6164926477e+000
198 173 117
2 1 900 569.8500 -132.8700 3 897 577.4100 -226.8300
1.9490594943e+000 -4.4762635700e-001 -5.6164926477e+000
198 173 117
2 1 901 569.8500 -132.8700 3 898 577.4100 -226.8300
1.2960225261e+000 -1.1135665006e+000 -6.3388574631e+000
238 231 225
2 1 907 336.1200 -290.0400 3 908 307.5000 -311.9300
1.9677008668e+000 1.4183131821e-001 -5.7015867201e+000
46 34 34
2 1 909 567.4900 40.7000 3 913 609.4500 -51.8200
