# Bundle file v0.3
60 296
0 0 0
0 0 0
0 0 0
0 0 0
0 0 0
1.6294478528e+003 0.0000000000e+000 0.0000000000e+000
1.0000000000e+000 0.0000000000e+000 0.0000000000e+000
0.0000000000e+000 1.0000000000e+000 0.0000000000e+000
0.0000000000e+000 0.0000000000e+000 1.0000000000e+000
-0.0000000000e+000 -0.0000000000e+000 -0.0000000000e+000
0 0 0
0 0 0
0 0 0
0 0 0
0 0 0
1.6294478528e+003 0.0000000000e+000 0.0000000000e+000
9.8864743388e-001 1.4935757599e-001 1.6387982616e-002
-1.4462100103e-001 9.7549080629e-001 -1.6583863512e-001
-4.0755582921e-002 1.6158589459e-001 9.8601672457e-001
1.7892300297e-001 -9.7299906833e-001 1.4580593964e-001
0 0 0
0 0 0
0 0 0
0 0 0
0 0 0
0 0 0
0 0 0
0 0 0
0 0 0
0 0 0
0 0 0
0 0 0
0 0 0
0 0 0
0 0 0
0 0 0
0 0 0
0 0 0
0 0 0
0 0 0
0 0 0
0 0 0
0 0 0
0 0 0
0 0 0
0 0 0
0 0 0
0 0 0
0 0 0
0 0 0
0 0 0
0 0 0
0 0 0
0 0 0
0 0 0
0 0 0
0 0 0
0 0 0
0 0 0
0 0 0
0 0 0
0 0 0
0 0 0
0 0 0
0 0 0
0 0 0
0 0 0
0 0 0
0 0 0
0 0 0
0 0 0
0 0 0
0 0 0
0 0 0
0 0 0
0 0 0
0 0 0
0 0 0
0 0 0
0 0 0
0 0 0
0 0 0
0 0 0
0 0 0
0 0 0
0 0 0
0 0 0
0 0 0
0 0 0
0 0 0
0 0 0
0 0 0
0 0 0
0 0 0
0 0 0
0 0 0
0 0 0
0 0 0
0 0 0
0 0 0
0 0 0
0 0 0
0 0 0
0 0 0
0 0 0
0 0 0
0 0 0
0 0 0
0 0 0
0 0 0
0 0 0
0 0 0
0 0 0
0 0 0
0 0 0
0 0 0
0 0 0
0 0 0
0 0 0
0 0 0
0 0 0
0 0 0
0 0 0
0 0 0
0 0 0
0 0 0
0 0 0
0 0 0
0 0 0
0 0 0
0 0 0
0 0 0
0 0 0
0 0 0
0 0 0
0 0 0
0 0 0
0 0 0
0 0 0
0 0 0
0 0 0
0 0 0
0 0 0
0 0 0
0 0 0
0 0 0
0 0 0
0 0 0
0 0 0
0 0 0
0 0 0
0 0 0
0 0 0
0 0 0
0 0 0
0 0 0
0 0 0
0 0 0
0 0 0
0 0 0
0 0 0
0 0 0
0 0 0
0 0 0
0 0 0
0 0 0
0 0 0
0 0 0
0 0 0
0 0 0
0 0 0
0 0 0
0 0 0
0 0 0
0 0 0
0 0 0
0 0 0
0 0 0
0 0 0
0 0 0
0 0 0
0 0 0
0 0 0
0 0 0
0 0 0
0 0 0
0 0 0
0 0 0
0 0 0
0 0 0
0 0 0
0 0 0
0 0 0
0 0 0
0 0 0
0 0 0
0 0 0
0 0 0
0 0 0
0 0 0
0 0 0
0 0 0
0 0 0
0 0 0
0 0 0
0 0 0
0 0 0
0 0 0
0 0 0
0 0 0
0 0 0
0 0 0
0 0 0
0 0 0
0 0 0
0 0 0
0 0 0
0 0 0
0 0 0
0 0 0
0 0 0
0 0 0
0 0 0
0 0 0
0 0 0
0 0 0
0 0 0
0 0 0
0 0 0
0 0 0
0 0 0
0 0 0
0 0 0
0 0 0
0 0 0
0 0 0
0 0 0
0 0 0
0 0 0
0 0 0
0 0 0
0 0 0
0 0 0
0 0 0
0 0 0
0 0 0
0 0 0
0 0 0
0 0 0
0 0 0
0 0 0
0 0 0
0 0 0
0 0 0
0 0 0
0 0 0
0 0 0
0 0 0
0 0 0
0 0 0
0 0 0
0 0 0
0 0 0
0 0 0
0 0 0
0 0 0
0 0 0
0 0 0
0 0 0
0 0 0
0 0 0
0 0 0
0 0 0
0 0 0
0 0 0
0 0 0
0 0 0
0 0 0
0 0 0
0 0 0
0 0 0
0 0 0
0 0 0
0 0 0
0 0 0
0 0 0
0 0 0
0 0 0
0 0 0
0 0 0
0 0 0
0 0 0
0 0 0
0 0 0
0 0 0
0 0 0
0 0 0
0 0 0
0 0 0
0 0 0
8.9879170680e-001 1.8738805726e+000 -6.5847874401e+000
18 10 20
2 1 9 223.1600 464.0300 3 172 331.4100 486.7300
-6.2551218915e-001 1.2373178299e+000 -8.1619909954e+000
166 150 142
2 1 40 -124.5400 247.1300 3 296 -82.7800 356.1200
1.0007233333e+000 8.0129678709e-001 -6.4421079033e+000
236 235 233
2 1 48 252.2400 202.3100 3 195 315.8199 195.2400
-6.1689683181e-001 4.6921301865e-001 -8.2163395606e+000
54 25 24
2 1 54 -122.2300 93.0900 3 21 -102.9100 194.2600
4.6419771431e-001 4.6895396093e-001 -6.8977004565e+000
146 133 125
2 1 57 109.7600 110.8200 3 203 146.7900 138.5700
-4.5710019847e-001 1.3067857344e-001 -6.7266798682e+000
82 44 35
2 1 66 -110.6500 31.6800 3 210 -92.0000 84.9400
-2.7398561185e-001 2.3916261915e-001 -6.8944492724e+000
124 111 102
2 1 68 -63.5800 56.9200 3 36 -42.9300 109.1900
-1.8939162400e-001 2.2706196436e-001 -6.8026875316e+000
166 157 148
2 1 73 -45.7700 54.2500 3 40 -21.0700 101.0900
3.2092204229e-002 3.0710534637e-003 -6.8562946113e+000
132 119 111
2 1 87 7.5700 0.7100 3 56 24.3800 40.0100
5.7874862951e-002 -1.7132221696e-002 -6.7054813959e+000
155 142 134
2 1 88 14.1300 -4.1400 3 57 31.0800 28.6800
1.8980164387e+000 8.2799674327e-002 -5.6558777789e+000
247 87 98
2 1 89 546.5900 23.7500 3 107 585.9100 -67.7800
-4.6125065131e-001 -2.0677487081e-001 -6.6222732921e+000
33 17 4
2 1 98 -114.0000 -51.0400 3 67 -105.5600 -2.4000
1.6583282006e+000 -2.1601247045e-001 -5.8762536871e+000
206 50 54
2 1 100 459.7500 -59.9400 3 131 478.9100 -127.2100
-1.3121486392e+000 -3.6302349057e-001 -6.0467118820e+000
94 23 19
2 1 105 -353.1200 -97.7000 3 87 -356.4000 -37.7400
-1.1346904552e+000 -3.7482742386e-001 -6.2227512868e+000
122 38 20
2 1 107 -296.8000 -98.0600 3 91 -299.0700 -38.7400
-8.0781034627e-001 -3.6632315223e-001 -6.3380225527e+000
118 12 13
2 1 110 -208.0900 -94.3000 3 96 -206.4800 -43.1100
-4.2596783414e-001 -3.3719654489e-001 -6.6827870627e+000
131 107 70
2 1 112 -104.1200 -82.3000 3 78 -100.8400 -33.1600
-5.4347227287e-001 -4.3969330279e-001 -6.5564655345e+000
130 109 98
2 1 125 -134.8900 -109.2200 3 100 -136.1800 -60.4200
-8.0753450877e-001 -5.2354164449e-001 -6.3232745537e+000
32 12 14
2 1 142 -208.1900 -134.9400 3 117 -212.5200 -84.4400
-8.2787993098e-001 -5.5878317375e-001 -6.3014056187e+000
179 154 126
2 1 143 -214.1700 -144.5200 3 118 -219.7600 -94.0000
-7.9639894083e-001 -5.5649447949e-001 -6.3172556325e+000
175 116 101
2 1 144 -205.4200 -143.5400 3 120 -210.9800 -93.6800
-7.9639894083e-001 -5.5649447949e-001 -6.3172556325e+000
175 116 101
2 1 145 -205.4200 -143.5400 3 119 -210.9800 -93.6800
-8.0142409206e-001 -5.8352661970e-001 -6.2997579111e+000
34 17 11
2 1 148 -207.0500 -150.8600 3 123 -213.9900 -101.5100
-5.6096765868e-001 -6.5247308102e-001 -6.4899875503e+000
201 196 193
2 1 151 -140.9500 -163.8500 3 127 -148.9200 -116.2400
-2.8640024413e-001 -6.9650905032e-001 -6.8074726290e+000
255 251 242
2 1 164 -68.8100 -166.8000 3 128 -77.9000 -117.7700
6.9437607509e-001 -1.8514865009e+000 -7.4248349564e+000
162 140 96
2 1 194 152.6899 -406.2200 3 160 101.1500 -358.0200
-4.8257514739e-001 1.4835285455e+000 -8.0335917374e+000
207 44 50
2 1 211 -98.3200 300.7500 3 7 -44.7200 406.8400
4.7483582258e-002 1.1563128948e+000 -7.2448014037e+000
194 185 180
2 1 216 10.6000 260.0400 3 181 67.0100 322.8000
-5.8678313571e+000 1.4598680883e+000 -1.4693930906e+001
35 29 31
2 1 230 -650.6000 161.9100 3 173 -663.3900 439.0300
-5.9706726884e-001 4.9542937736e-001 -8.1788888929e+000
212 52 51
2 1 233 -119.0500 98.6700 3 193 -98.2000 198.7400
-5.0230256451e-001 5.0291040696e-001 -8.1640616188e+000
207 200 186
2 1 234 -101.2300 100.0500 3 415 -77.6300 197.3500
2.0519325401e-001 4.5039613707e-001 -6.8063646807e+000
154 140 124
2 1 240 49.0000 107.7800 3 321 84.7200 141.7500
1.8267321687e+000 3.8392175264e-001 -5.7310246289e+000
25 15 23
2 1 243 519.3199 109.1300 3 230 575.4500 25.9300
-9.4912743110e-002 1.2367991550e-001 -6.7829972860e+000
118 107 101
2 1 253 -22.6000 29.7800 3 327 -2.1000 71.5200
-2.0548334827e-001 8.7696156549e-002 -6.7012796422e+000
122 107 102
2 1 257 -49.6200 21.4400 3 213 -30.9500 64.1100
1.8734692701e+000 8.0875098077e-002 -5.6672126425e+000
233 78 82
2 1 258 538.4399 23.1500 3 106 577.4700 -66.6000
-3.9711448850e-001 -1.0457619384e-001 -6.5568486460e+000
115 33 22
2 1 262 -98.6000 -25.9600 3 337 -86.9100 17.9800
-3.7676565123e-001 -1.4549499798e-001 -6.5613790998e+000
149 67 49
2 1 263 -93.5900 -36.1400 3 226 -83.0500 7.1300
-3.7676565123e-001 -1.4549499798e-001 -6.5613790998e+000
149 67 49
2 1 264 -93.5900 -36.1400 3 227 -83.0500 7.1300
-2.2025421465e-003 -2.6810838487e-001 -6.6484054311e+000
206 201 197
2 1 273 -0.8900 -65.8300 3 236 7.3600 -33.1800
1.9009081792e-001 -2.6137689466e-001 -6.6308054889e+000
234 227 221
2 1 274 46.9700 -64.1400 3 247 55.1700 -39.4600
3.2767385747e-001 -2.1244737232e-001 -6.6722613870e+000
238 235 229
2 1 275 80.6400 -51.6600 3 237 90.3400 -30.5700
1.6464912167e+000 -2.5419297353e-001 -5.8430256874e+000
161 38 46
2 1 283 460.4100 -70.3400 3 267 474.9800 -139.8100
-1.1155979866e+000 -4.0739590599e-001 -6.2348339096e+000
154 52 29
2 1 286 -291.6600 -106.5000 3 241 -294.0200 -47.3600
6.8165169573e-001 -5.0357490767e-001 -6.7143013168e+000
211 204 195
2 1 297 165.4500 -122.2000 3 265 165.2000 -111.2100
-8.8581087089e-001 -5.4947311673e-001 -6.3000772776e+000
50 50 69
2 1 307 -228.8800 -142.0500 3 250 -235.1400 -89.5400
-5.6237679889e-001 -6.0373763109e-001 -6.4465538268e+000
163 155 150
2 1 309 -142.0100 -152.5600 3 260 -148.6600 -106.7100
-4.7300847719e-001 -6.0317080900e-001 -6.5528461764e+000
174 164 161
2 1 311 -117.4400 -149.9300 3 261 -124.0900 -103.5700
-4.7300847719e-001 -6.0317080900e-001 -6.5528461764e+000
174 164 161
2 1 312 -117.4400 -149.9300 3 262 -124.0900 -103.5700
-3.4164566320e-001 -5.7494526571e-001 -6.6821902652e+000
185 178 170
2 1 315 -83.3100 -140.2000 3 254 -88.5000 -94.0100
3.9917976580e-001 -7.8966577483e-001 -6.8156406940e+000
156 144 127
2 1 326 95.8000 -188.6600 3 134 83.0400 -162.7500
2.1381410159e+000 -6.2937101405e-001 -5.4953832425e+000
239 225 177
2 1 329 633.6300 -186.7800 3 280 629.5100 -293.7300
7.9186938172e-001 -1.0057872099e+000 -6.6144999923e+000
158 145 125
2 1 337 195.2100 -247.7200 3 272 174.2300 -240.9900
9.9157615316e-001 -1.1932567943e+000 -6.5982850627e+000
246 231 218
2 1 338 244.8300 -294.6900 3 151 215.7600 -293.1300
5.9480516333e-001 -1.8827455802e+000 -7.5177997471e+000
165 149 102
2 1 341 128.6200 -408.1800 3 156 78.1000 -353.6800
7.4216982256e-001 -1.8338710382e+000 -7.3635520296e+000
233 219 164
2 1 342 164.4000 -405.7500 3 285 113.2700 -360.9200
-2.6153629802e-002 1.8804226423e+000 -7.4945637962e+000
202 190 185
2 1 347 -5.2800 408.9900 3 293 72.6600 494.9301
1.2001028755e+000 1.4968544590e+000 -6.2569071397e+000
18 3 6
2 1 349 312.8101 389.9400 3 392 415.1300 377.5600
1.2009685945e+000 1.3617550628e+000 -6.1233419092e+000
167 39 45
2 1 351 319.6300 362.3900 3 303 418.4500 340.9800
1.4433617865e+000 1.0953601298e+000 -6.0332930463e+000
18 7 11
2 1 354 389.8600 295.8500 3 410 478.8000 254.3200
4.1315713231e-001 1.1868139037e+000 -7.1466891203e+000
184 177 167
2 1 355 94.9100 270.8700 3 399 156.1700 317.2600
1.2557189251e+000 9.6247271089e-001 -6.1496716320e+000
222 53 59
2 1 356 332.4000 254.8800 3 192 410.4800 225.4600
-2.7861785065e-001 8.9296427545e-001 -7.5765548534e+000
170 161 154
2 1 364 -58.7000 192.4700 3 407 -21.0500 271.3500
6.0807278550e-001 2.4917750143e-001 -6.5847333803e+000
154 141 132
2 1 376 151.0699 61.8900 3 430 181.9700 70.4300
-5.3770853007e-001 1.0975181190e-001 -6.8054675043e+000
72 27 22
2 1 380 -129.0500 26.1800 3 326 -111.5300 85.0700
-3.8435293918e-001 -5.0293599864e-003 -6.5756829836e+000
142 119 110
2 1 381 -95.0700 -1.1900 3 330 -79.9500 43.3100
-8.2764646767e-001 -8.3298880441e-002 -6.4678974858e+000
86 18 7
2 1 385 -209.1200 -21.1700 3 432 -198.1800 36.3200
-4.3119130534e-001 -1.2448523687e-001 -6.5757811136e+000
165 80 59
2 1 388 -106.0500 -30.5900 3 224 -96.8400 14.8800
-1.0620528316e+000 -3.6702991519e-001 -6.4204974067e+000
134 33 10
2 1 395 -268.6300 -92.8900 3 231 -271.8500 -29.7500
-5.0067342530e-001 -4.7238662122e-001 -6.6303415081e+000
113 94 79
2 1 407 -122.7500 -116.0000 3 352 -125.4600 -66.2200
8.3073191349e-001 -4.7673752628e-001 -6.6389814621e+000
172 163 148
2 1 410 204.0200 -116.9600 3 361 205.1300 -114.4400
-6.2893121448e-001 -6.0446479432e-001 -6.4601665563e+000
181 172 170
2 1 416 -157.9300 -152.2500 3 455 -166.0900 -103.7300
-5.3575790933e-001 -6.3627746788e-001 -6.4790291905e+000
253 254 249
2 1 417 -134.6400 -159.9900 3 358 -142.3300 -113.8400
6.3011093041e-001 -8.8258088273e-001 -6.7402127072e+000
229 226 218
2 1 426 152.9200 -213.1500 3 475 136.1300 -197.3800
6.3011093041e-001 -8.8258088273e-001 -6.7402127072e+000
229 226 218
2 1 427 152.9200 -213.1500 3 474 136.1300 -197.3800
1.6742228124e+000 -1.0951422648e+000 -5.8615054059e+000
18 1 7
2 1 430 465.3000 -304.4900 3 371 436.5300 -363.4400
1.2569932097e+000 1.3475100672e+000 -6.1483600190e+000
196 55 61
2 1 438 333.8199 357.4300 3 400 430.6600 334.0400
-7.7886192476e-001 1.5129370415e+000 -8.3407110201e+000
30 16 16
2 1 439 -151.3800 295.8300 3 493 -105.5600 417.2900
1.4254194702e+000 1.0625806865e+000 -6.0307452853e+000
176 42 37
2 1 443 385.7300 287.3700 3 504 471.6000 245.5600
5.4298745459e-002 1.0157806130e+000 -7.2016770885e+000
186 177 168
2 1 446 11.5500 229.5600 3 404 64.6000 289.0200
7.4361414728e-001 9.2895743411e-001 -6.7962342708e+000
166 157 150
2 1 448 178.4000 222.7700 3 411 238.2600 241.2000
4.0846754641e-001 5.9087671554e-001 -6.9957265576e+000
123 110 99
2 1 455 95.2800 137.6800 3 419 135.7100 171.9900
1.7964671339e+000 4.3611124557e-001 -5.7345509313e+000
25 5 9
2 1 459 510.3101 123.8500 3 437 569.6300 42.5000
-3.3307841700e-002 3.4587356651e-001 -6.9410058291e+000
178 169 160
2 1 460 -7.2100 81.4100 3 511 19.9800 127.5500
-3.3307841700e-002 3.4587356651e-001 -6.9410058291e+000
178 169 160
2 1 461 -7.2100 81.4100 3 512 19.9800 127.5500
5.0409651968e-001 3.4856203947e-001 -6.6448699223e+000
142 129 113
2 1 462 123.3400 85.3700 3 516 158.9800 101.3700
1.1385325129e+000 2.0728376733e-001 -6.4182041164e+000
195 188 178
2 1 470 289.2800 52.7200 3 436 323.3400 33.8600
-2.6466290724e+001 5.6411731763e-001 -5.8375483423e+001
101 92 85
2 1 471 -738.4800 15.8000 3 389 -778.4200 379.0800
2.5788373840e-001 1.0248055197e-001 -6.5649735282e+000
192 182 172
2 1 473 64.3500 25.5600 3 333 87.7100 45.9200
2.6543456699e-001 4.4016943161e-002 -6.6435310101e+000
203 194 187
2 1 474 64.9200 10.7300 3 434 86.3900 33.9300
1.8941282226e+000 8.8266113821e-002 -5.6763553405e+000
243 79 98
2 1 475 543.3000 25.1400 3 541 583.0900 -64.7500
-3.0694271140e-001 -2.0808936804e-002 -6.6557915317e+000
183 173 164
2 1 477 -74.9500 -5.0300 3 433 -60.3900 39.3500
1.8567231514e+000 -1.9120115445e-001 -5.7241905698e+000
249 79 93
2 1 487 528.3300 -54.5200 3 468 550.3101 -139.1300
-1.6867562582e+000 -3.4931218039e-001 -6.0835021197e+000
135 113 67
2 1 488 -451.5000 -93.4900 3 343 -458.0000 -17.0400
-5.1058568723e+000 -1.1257434567e+000 -1.3918969296e+001
44 39 39
2 1 497 -597.6000 -131.7600 3 514 -633.1800 117.2800
-9.2664321971e-001 -4.6162902246e-001 -6.4001137506e+000
188 105 67
2 1 499 -236.1300 -117.5900 3 534 -239.1600 -59.8500
8.6063430797e-001 -4.6467805583e-001 -6.5448348745e+000
243 240 231
2 1 501 213.8500 -115.8500 3 551 217.0400 -118.0700
1.0361179120e+000 -4.6379103194e-001 -6.3775386224e+000
172 158 147
2 1 502 264.7200 -118.5000 3 464 267.9900 -134.7400
1.3267521262e+000 -4.3355336060e-001 -6.1304339243e+000
158 145 134
2 1 503 351.8600 -115.5600 3 465 359.3800 -154.3400
-6.6439568109e-001 -6.2629873375e-001 -6.3829615181e+000
236 232 229
2 1 505 -169.8000 -159.9400 3 454 -176.8600 -112.4000
-1.6247211699e-001 -7.1692614166e-001 -6.9084284573e+000
255 254 249
2 1 511 -37.2300 -168.7400 3 457 -49.6900 -121.2100
-3.0347875390e+001 -8.8774110784e+000 -6.6213749777e+001
82 74 71
2 1 516 -747.0300 -218.5000 3 420 -803.6900 143.0900
1.4217949595e+000 -7.5377305199e-001 -6.0068521220e+000
182 159 106
2 1 517 385.0300 -204.7400 3 478 376.4100 -250.9000
1.4774229199e+000 -9.4535866200e-001 -6.1522033342e+000
169 147 134
2 1 518 391.7800 -250.1900 3 568 370.7900 -289.3100
7.0439927936e-001 -1.8656183649e+000 -7.3685561289e+000
45 32 34
2 1 521 154.2900 -413.0700 3 369 105.6500 -365.5800
1.3918179468e+000 -1.6214414958e+000 -6.4577249649e+000
253 82 93
2 1 522 350.7800 -409.2900 3 486 301.1300 -419.7200
-3.1785342986e+001 -1.8926726145e+001 -6.5786216780e+001
99 82 82
2 1 524 -785.5700 -468.5100 3 543 -863.2500 -96.4800
5.5803865042e-001 1.7824420896e+000 -6.8931094250e+000
219 212 209
2 1 528 132.4301 421.5600 3 581 225.0400 466.4000
-8.2739274040e-002 1.8729524521e+000 -7.5404547456e+000
192 35 44
2 1 529 -17.6500 404.8200 3 491 58.8800 493.8199
1.2712116823e+000 1.4210886814e+000 -6.2084479673e+000
16 12 9
2 1 530 333.8500 373.0700 3 585 434.3300 353.7800
1.3869478198e+000 1.1247759978e+000 -6.0826854452e+000
203 42 57
2 1 531 371.8300 301.4400 3 503 460.2200 265.2300
-5.9932981062e-001 1.3353988146e+000 -8.0971892844e+000
206 191 183
2 1 532 -120.5500 268.7500 3 583 -74.4400 377.2600
6.9821564226e-001 9.6778253384e-001 -6.8322566078e+000
181 174 166
2 1 533 166.6700 230.8700 3 596 227.2100 252.8800
-2.7813504878e-001 9.5101644901e-001 -7.5281333757e+000
208 199 190
2 1 535 -59.5300 206.0800 3 499 -18.3900 284.7500
1.6290698079e+000 6.9504998510e-001 -5.7951457563e+000
214 49 60
2 1 536 458.4200 195.6000 3 607 530.2500 126.9300
1.6084630538e+000 5.1274568451e-001 -5.9586173647e+000
235 64 73
2 1 542 439.2200 139.9300 3 521 499.2900 80.8000
1.7736939572e+000 3.9759264514e-001 -5.7260153208e+000
229 58 64
2 1 544 504.6899 113.1200 3 612 561.5300 31.9400
1.0639010049e+000 2.9312842496e-001 -6.5150732768e+000
170 163 153
2 1 545 266.9600 73.6700 3 520 302.3900 62.0200
-8.0321764816e-002 1.6936150035e-001 -6.8116492284e+000
179 168 162
2 1 546 -18.8200 40.6500 3 517 2.8900 83.0100
-3.9571071458e-002 1.2479821239e-001 -6.7761250447e+000
182 171 165
2 1 548 -9.1700 30.1300 3 518 11.5100 69.5300
1.8043934529e+000 1.1314174737e-001 -5.6437129396e+000
204 53 62
2 1 549 521.0800 32.7200 3 632 561.6300 -55.8800
1.9217134571e+000 1.5965977826e-001 -5.6762485539e+000
29 12 20
2 1 550 551.3500 45.6900 3 540 595.3101 -45.4700
1.0014484543e+000 9.6771528582e-002 -6.3458618029e+000
162 150 138
2 1 554 257.0500 24.8100 3 619 286.7300 7.7100
1.7642370785e+000 6.7341518466e-002 -5.6402495483e+000
169 29 40
2 1 555 508.7500 19.0300 3 539 548.6400 -67.3400
4.9666783930e-001 -1.3805422392e-002 -6.5117328600e+000
204 194 185
2 1 556 124.0800 -3.5300 3 525 145.4100 5.6300
1.3679235647e-002 -1.5527269794e-001 -6.5750751733e+000
177 166 162
2 1 559 3.3900 -38.4800 3 622 15.7500 -9.2300
6.9789217938e-001 -1.6745454469e-001 -6.4417631998e+000
224 221 214
2 1 560 176.5000 -42.3700 3 629 192.1700 -43.9700
-1.3176656319e+000 -2.9653289365e-001 -6.0590434851e+000
145 60 38
2 1 563 -354.2600 -79.7200 3 527 -354.7600 -18.7300
-3.1299956817e-001 -3.7055016312e-001 -6.6126274425e+000
238 235 230
2 1 564 -77.1000 -91.3000 3 450 -74.6900 -48.8700
6.1295605329e-002 -3.8365891067e-001 -6.6982817141e+000
205 191 182
2 1 565 13.9500 -93.6600 3 536 19.0700 -61.0900
6.1295605329e-002 -3.8365891067e-001 -6.6982817141e+000
205 191 182
2 1 566 13.9500 -93.6600 3 537 19.0700 -61.0900
1.4481964504e+000 -3.0457310292e-001 -6.0138517060e+000
164 149 141
2 1 569 391.9700 -82.7000 3 555 406.0200 -133.2600
-2.7618266876e-001 -4.5003924532e-001 -6.7144218420e+000
241 240 237
2 1 571 -66.6700 -109.1000 3 535 -68.0100 -64.5200
4.3937643091e-001 -4.9035430084e-001 -6.7696521211e+000
215 208 200
2 1 572 106.3900 -117.8000 3 546 104.8800 -96.5700
-8.6513179911e-001 -5.5376898291e-001 -6.3055200308e+000
46 42 53
2 1 575 -223.5200 -143.0900 3 544 -229.4500 -91.0800
-4.2119245703e-001 -5.7183540316e-001 -6.5845385827e+000
159 143 131
2 1 577 -104.2000 -141.5000 3 545 -109.3400 -95.9000
-2.9281807955e+001 -7.0248061907e+000 -6.2134212356e+001
87 77 75
2 1 578 -768.0000 -184.2400 3 506 -822.8300 179.1600
-2.7960143347e+001 -6.8108884781e+000 -6.1404860681e+001
85 78 76
2 1 579 -741.8200 -180.7100 3 507 -796.1400 178.4200
6.1621995787e-001 -8.3006525093e-001 -6.7794311383e+000
254 255 250
2 1 585 148.9301 -199.2100 3 639 133.7000 -182.0200
7.6670217291e-001 -8.0496501348e-001 -6.6287294886e+000
151 132 94
2 1 586 188.8000 -197.7500 3 470 175.7600 -191.5300
1.0103937823e+000 -9.0050746404e-001 -6.4036380340e+000
239 233 224
2 1 588 258.2000 -228.7200 3 561 239.4700 -240.1200
6.4681658492e-001 -1.1051899718e+000 -6.8782157233e+000
254 255 250
2 1 593 153.3400 -261.7800 3 560 128.6500 -239.1500
1.5049048740e+000 -1.4075219317e+000 -6.2395065037e+000
28 11 12
2 1 596 393.7200 -367.2900 3 487 349.7800 -395.9000
5.2044965287e-001 -1.9604848812e+000 -7.6743223074e+000
208 191 147
2 1 598 110.1200 -416.3900 3 647 58.1300 -354.4100
-1.7749473497e+001 -1.3619770604e+001 -4.9996883646e+001
89 77 77
2 1 600 -578.2700 -443.8400 3 548 -651.0500 -109.4700
-1.7108834922e+001 -1.4202818759e+001 -4.8647758504e+001
98 88 87
2 1 602 -572.8100 -475.6700 3 637 -648.2900 -141.3400
5.2289422278e-001 1.8812345053e+000 -6.9712086571e+000
196 34 40
2 1 606 122.5400 439.8500 3 656 217.7700 491.0500
6.1622542892e-001 1.8083057796e+000 -6.8373698725e+000
206 37 44
2 1 607 146.7200 430.8900 3 657 243.7400 472.6700
1.2899566157e+000 1.3001244176e+000 -6.1549491673e+000
17 1 8
2 1 611 342.3600 344.5800 3 587 436.5100 319.0000
-7.3032119293e-001 1.5765224892e+000 -8.2327035855e+000
193 36 43
2 1 612 -144.0200 312.2100 3 582 -94.3200 431.4300
9.9102312486e-001 1.1772291399e+000 -6.4265064252e+000
148 124 116
2 1 613 251.2100 298.4600 3 591 331.6200 296.1300
9.7790230560e-001 1.1169923389e+000 -6.4524978695e+000
221 212 203
2 1 614 247.2000 282.1800 3 597 323.4000 280.2700
-2.6236163704e-001 1.0301387733e+000 -7.5803117476e+000
150 141 131
2 1 616 -55.3900 221.7900 3 669 -12.5700 302.1600
6.3920019221e-001 5.8095225733e-001 -6.8746512118e+000
142 132 119
2 1 621 151.7900 137.8100 3 602 194.5500 159.1300
1.7250027685e+000 5.2009189020e-001 -5.7793170693e+000
232 58 71
2 1 622 486.3400 146.6300 3 611 549.3400 71.5800
6.3377153481e-001 2.9622482288e-001 -6.6196792369e+000
194 184 174
2 1 623 155.7800 72.8300 3 691 190.1600 82.5800
6.4139870640e-001 1.2374471879e-001 -6.5430804256e+000
146 136 127
2 1 624 158.7200 30.4300 3 693 188.0000 36.3600
1.2268904062e+000 2.0187825266e-001 -6.2873037348e+000
188 181 171
2 1 625 318.3500 52.4800 3 620 353.6300 23.8500
-4.4690392180e-001 8.2923775224e-002 -6.7123657442e+000
77 20 13
2 1 626 -108.1800 20.2300 3 608 -91.5100 72.2200
-3.8368070899e-001 4.8779267423e-002 -6.6907936448e+000
156 144 132
2 1 627 -93.5300 11.8500 3 609 -76.6600 60.7700
8.6953856518e-001 9.8799189955e-002 -6.4020175507e+000
160 150 141
2 1 629 220.9200 24.9900 3 618 250.2200 15.7100
1.0171047475e+000 3.3703228510e-002 -6.2901450960e+000
209 200 193
2 1 631 263.0300 8.5500 3 702 291.0300 -11.6900
-5.7009625449e-001 -4.4367212634e-001 -6.4665241377e+000
169 145 135
2 1 645 -143.6300 -111.7900 3 628 -144.5600 -65.1300
6.0993344361e-001 -5.0179203617e-001 -6.7051667545e+000
227 220 210
2 1 646 148.5000 -121.8400 3 636 147.7700 -108.8400
1.0752761477e+000 -4.3667045069e-001 -6.2657752847e+000
177 166 154
2 1 647 279.4000 -113.6500 3 554 284.9700 -136.5700
-1.3504614313e-001 -7.9228840767e-001 -6.9987020219e+000
50 39 37
2 1 651 -30.5200 -184.1600 3 553 -45.3900 -134.1900
-2.8908680300e+001 -7.5432468768e+000 -6.2503564202e+001
19 13 12
2 1 655 -753.6400 -196.6500 3 601 -809.1700 164.6000
-2.8920107413e+001 -8.2764963148e+000 -6.1926428301e+001
138 129 130
2 1 656 -760.7600 -217.7400 3 604 -818.3200 144.2000
-2.6005304979e+001 -7.4536986618e+000 -5.7714209651e+001
106 101 98
2 1 657 -734.2600 -210.4500 3 605 -789.9700 145.7000
-8.2166481714e-001 -8.2436012655e-001 -6.6587968788e+000
40 34 25
2 1 658 -201.3200 -201.8000 3 638 -216.1000 -138.4300
6.8608844205e-001 -9.0043435934e-001 -6.7323012051e+000
254 253 249
2 1 660 166.3199 -217.8400 3 641 149.4301 -203.9500
-2.9587835401e+001 -8.7102367974e+000 -6.1983199117e+001
62 18 25
2 1 661 -777.7100 -228.9600 3 603 -836.2400 135.5300
-3.3014890983e+001 -1.0723405794e+001 -6.8966527207e+001
133 115 121
2 1 662 -779.3500 -253.2400 3 513 -840.9800 114.0200
1.5311193879e+000 -1.3436408094e+000 -6.2179225890e+000
250 255 249
2 1 664 401.2400 -352.1100 3 650 361.5601 -383.3800
-2.8045792624e+001 -1.7879721147e+001 -6.4910624609e+001
69 55 54
2 1 666 -702.9100 -448.6300 3 633 -778.1400 -89.3900
-2.4814333386e+001 -1.6103368713e+001 -5.5891685120e+001
55 13 23
2 1 669 -722.2300 -469.2600 3 711 -798.5800 -110.3100
-2.1043407705e+001 -1.4216203448e+001 -4.8832376283e+001
143 130 129
2 1 670 -701.9100 -474.3200 3 634 -776.3600 -121.9400
3.5778048679e-001 1.5769428683e+000 -7.1782884475e+000
221 215 212
2 1 675 81.3400 358.0100 3 660 158.2800 414.8900
1.3004523349e+000 1.2179968601e+000 -6.1528441842e+000
227 55 67
2 1 676 344.9301 322.8000 3 672 435.4301 295.3100
6.8218773935e-001 1.3097073864e+000 -6.8235755246e+000
228 223 217
2 1 677 162.1100 312.4300 3 739 239.4399 340.7900
1.0858452130e+000 1.1400995371e+000 -6.2848862500e+000
219 53 65
2 1 678 281.9200 295.7600 3 742 363.3900 282.2900
-4.3113896182e-001 1.2856294728e+000 -7.9237594407e+000
156 143 134
2 1 679 -89.9200 263.9400 3 662 -39.3100 363.1600
1.3529788745e-001 1.1679661769e+000 -7.2579462819e+000
221 214 208
2 1 682 30.5500 262.2800 3 666 87.7000 322.2600
6.8579251138e-001 1.1388147170e+000 -6.8639263997e+000
240 233 227
2 1 683 163.3800 270.5800 3 671 229.8900 296.4900
2.7563264127e-004 1.1158326678e+000 -7.3540723792e+000
207 198 193
2 1 684 -0.0100 247.2100 3 670 53.0900 314.1400
1.2826950753e+000 8.4389116448e-001 -6.1900920836e+000
215 204 198
2 1 686 338.0800 222.3300 3 681 407.8300 191.6700
6.3232733593e-003 9.2331167220e-001 -7.2910756850e+000
204 193 187
2 1 687 1.3400 206.3200 3 678 48.1900 268.4800
1.3394316725e+000 7.7747110751e-001 -6.0953342621e+000
213 45 54
2 1 688 357.5699 207.6200 3 746 427.8500 169.5900
-8.1360390744e-001 7.4377592018e-001 -8.3144286587e+000
212 202 193
2 1 689 -159.4300 145.7700 3 677 -134.2300 257.6600
2.7732001983e-001 6.1364163486e-001 -7.0246535724e+000
180 169 163
2 1 692 65.2400 142.6800 3 683 103.6899 182.5300
6.9876277759e-002 3.9276694421e-001 -6.9176317164e+000
138 125 116
2 1 693 16.8900 92.6700 3 748 47.1900 134.7300
1.4297266752e+000 3.8577822150e-001 -6.0226894391e+000
158 143 136
2 1 696 385.9399 103.9900 3 694 437.5800 55.1900
4.4516373067e-001 3.3944898422e-001 -6.7217664727e+000
198 190 179
2 1 697 108.5601 82.5300 3 688 140.8199 103.1400
1.8384291490e+000 2.5618338356e-001 -5.7718883547e+000
207 45 51
2 1 698 519.7100 72.6500 3 763 565.9399 -9.4500
-3.1573604422e-002 2.3678569137e-001 -6.9051950945e+000
129 119 109
2 1 699 -6.7500 56.1200 3 686 16.5000 100.1700
6.2697259016e-002 2.3939910743e-001 -6.8165968210e+000
214 207 201
2 1 700 15.2800 57.3300 3 687 40.8100 95.1100
1.8765568118e+000 2.0664989066e-002 -5.6753452839e+000
16 7 3
2 1 703 538.1200 5.6300 3 708 574.2600 -83.3400
1.0674282282e+000 -1.6910210674e-002 -6.2557921928e+000
161 149 137
2 1 706 278.4399 -4.2400 3 703 302.7700 -28.6600
1.7501880541e-001 -2.1066073333e-001 -6.6669415672e+000
195 188 180
2 1 707 42.0000 -51.7600 3 700 53.9900 -24.5800
-2.0701074289e+001 -2.1654809239e+000 -5.0809644661e+001
15 11 10
2 1 709 -662.1800 -69.1000 3 673 -708.1200 274.3800
-2.0701074289e+001 -2.1654809239e+000 -5.0809644661e+001
15 11 10
2 1 710 -662.1800 -69.1000 3 674 -708.1200 274.3800
-1.5047748219e+000 -3.6865442973e-001 -6.0892348734e+000
122 56 50
2 1 712 -402.6700 -98.6500 3 621 -407.2200 -29.2600
1.8089158025e+000 -2.5966698105e-001 -5.7540486697e+000
122 23 36
2 1 714 512.0601 -73.6200 3 722 529.8000 -154.0400
-8.1665031192e-001 -3.9140120277e-001 -6.3250113645e+000
142 25 26
2 1 719 -210.6800 -100.9200 3 704 -210.1700 -49.9400
9.3850460911e-001 -4.8037492329e-001 -6.4570266869e+000
163 151 137
2 1 721 236.8700 -121.2100 3 716 238.9000 -130.2500
-9.3093095601e-001 -5.2137026984e-001 -6.3218802725e+000
239 188 141
2 1 723 -239.8000 -134.3400 3 764 -245.3100 -79.3300
-3.1808961668e+001 -7.2839572131e+000 -6.2720693424e+001
66 56 54
2 1 726 -826.1800 -189.2000 3 682 -883.6000 183.1800
8.6283199386e-001 -6.6786445864e-001 -6.4592657184e+000
161 138 94
2 1 727 216.7100 -168.8400 3 725 212.4900 -173.3600
6.8454799996e-001 -9.0697507580e-001 -6.7372609413e+000
255 254 250
2 1 730 165.6100 -219.3400 3 726 148.8900 -205.0300
1.5331020272e+000 -7.5983887741e-001 -5.9336355890e+000
230 217 208
2 1 731 421.7300 -208.3600 3 644 409.7500 -263.5000
-3.0963685592e+001 -8.8345959628e+000 -6.2611653266e+001
100 66 61
2 1 732 -804.7700 -229.7400 3 747 -865.9200 138.9500
-2.7899764232e+001 -9.9674316699e+000 -5.7658303220e+001
55 43 45
2 1 733 -787.5000 -281.5200 3 797 -851.2400 82.5600
7.0059600153e-001 -1.2058304309e+000 -6.9550526193e+000
225 222 215
2 1 734 163.0400 -282.9000 3 727 136.8199 -257.5600
1.1989054215e+000 -1.5611012408e+000 -6.6273858500e+000
44 28 34
2 1 737 294.4301 -383.9500 3 649 249.3900 -382.3600
-1.9857031925e+001 -1.4484747437e+001 -5.2461697254e+001
117 105 105
2 1 739 -615.5300 -449.6500 3 713 -690.7800 -108.4700
-2.0134180479e+001 -1.3883457283e+001 -4.8675030678e+001
140 126 126
2 1 740 -674.3700 -464.8300 3 712 -746.9700 -116.7700
-1.7265392576e+001 -1.3871897282e+001 -4.9431940816e+001
18 11 9
2 1 741 -568.5200 -457.1400 3 714 -643.2800 -123.9200
6.7462289265e-001 1.6697152796e+000 -6.7749866069e+000
223 217 213
2 1 745 162.3199 401.6100 3 737 254.8199 435.5100
-1.3834627259e-001 1.7483132470e+000 -7.5257565709e+000
195 185 176
2 1 747 -30.0300 378.5100 3 784 42.0400 466.5900
1.1132004955e-001 1.6090915533e+000 -7.3977937239e+000
206 199 193
2 1 748 24.3600 354.3600 3 785 96.6200 427.2800
1.0471262063e+000 1.2953169074e+000 -6.5076112247e+000
203 197 189
2 1 749 262.8500 324.6200 3 740 346.6300 325.0800
2.5228869056e-001 4.9896126590e-001 -6.9392442188e+000
126 113 104
2 1 758 59.4200 117.2300 3 750 95.5200 154.4100
1.6036656620e+000 3.8795709033e-001 -5.9211637679e+000
192 37 42
2 1 760 441.4200 106.8100 3 756 493.5100 44.4600
4.6091275497e-001 9.5211163221e-002 -6.6079091898e+000
160 152 141
2 1 762 113.4200 23.3900 3 755 138.4399 38.1600
1.8396093887e-001 -5.6538793989e-002 -6.6671304199e+000
255 254 250
2 1 764 45.1800 -13.7400 3 757 61.2400 12.8300
3.2295747854e-001 -6.1548904320e-002 -6.6687224745e+000
209 198 192
2 1 765 79.1300 -14.9600 3 758 95.6700 6.5700
1.1621876197e+000 -1.4695662862e-001 -6.1523177090e+000
145 131 120
2 1 769 307.1000 -39.2100 3 770 328.4700 -71.6800
1.8188166532e+000 -1.5014604868e-001 -5.6955810984e+000
241 66 78
2 1 770 519.8700 -43.1700 3 773 545.1500 -128.0400
-1.3717246748e+000 -3.2900239641e-001 -6.0171250723e+000
119 50 49
2 1 772 -371.7900 -89.1800 3 759 -372.9200 -27.4700
-1.2984119365e+000 -2.5399042281e-001 -6.0771052620e+000
149 68 39
2 1 773 -347.8000 -68.0100 3 760 -347.2800 -7.0800
-3.4519120669e-001 -4.9591605288e-001 -6.7798714886e+000
50 37 18
2 1 774 -82.0700 -118.9000 3 766 -86.6300 -69.8400
-3.4519120669e-001 -4.9591605288e-001 -6.7798714886e+000
50 37 18
2 1 775 -82.0700 -118.9000 3 767 -86.6300 -69.8400
-7.8748610590e-001 -5.4018413011e-001 -6.3094676179e+000
170 71 60
2 1 778 -204.1000 -139.7200 3 765 -207.5700 -90.1700
3.1665104020e-001 -6.6967208324e-001 -6.8530855347e+000
254 245 190
2 1 780 76.2500 -158.8900 3 771 66.7000 -129.8000
6.5319093738e-001 -5.7026346073e-001 -6.7031673374e+000
112 94 80
2 1 783 158.9800 -138.5500 3 715 155.6700 -126.8100
1.0564215426e+000 -8.2534984446e-001 -6.2944105059e+000
144 126 78
2 1 786 273.2200 -213.7600 3 777 260.7200 -231.6900
1.2367636603e+000 -7.7041427769e-001 -6.1828718236e+000
199 174 118
2 1 787 325.6801 -203.1400 3 778 315.5601 -233.5100
9.0578117582e-001 -1.0383645492e+000 -6.5965481478e+000
145 127 104
2 1 788 224.6300 -256.1600 3 776 200.4800 -254.1500
-3.4095142204e+001 -1.0784386031e+001 -6.5798355925e+001
36 16 17
2 1 789 -844.1700 -267.0400 3 685 -906.9100 108.8800
1.7514950040e+000 -1.3347461688e+000 -6.0672787713e+000
254 86 97
2 1 790 470.0100 -358.6200 3 781 429.2700 -404.9400
1.7514950040e+000 -1.3347461688e+000 -6.0672787713e+000
254 86 97
2 1 791 470.0100 -358.6200 3 782 429.2700 -404.9400
-2.8090710322e+001 -1.6906078803e+001 -5.9745245998e+001
61 35 38
2 1 792 -765.5700 -460.9900 3 803 -840.1700 -94.4000
-1.8253657941e+001 -1.5865848488e+001 -5.4364373993e+001
110 99 97
2 1 793 -546.1500 -475.3400 3 719 -623.7900 -141.4500
-1.9411821596e+001 -1.5827654234e+001 -5.2661808939e+001
118 111 111
2 1 795 -600.7100 -489.7500 3 718 -676.6900 -148.2500
3.9045201504e-001 1.4096379228e+000 -7.0361768144e+000
163 154 145
2 1 797 90.3300 326.4100 3 823 163.5699 374.5600
2.1802598123e-001 1.3509941273e+000 -7.2870495796e+000
219 211 208
2 1 798 49.6600 302.4400 3 788 112.8700 362.8900
1.3326344118e+000 8.9374922465e-001 -6.0537917458e+000
162 31 39
2 1 801 358.1700 240.3300 3 831 435.5699 201.9300
1.4748136648e+000 8.4207518436e-001 -5.9015057825e+000
234 64 75
2 1 802 407.6400 232.7000 3 833 484.5800 178.6000
2.5234264992e-001 9.1603607683e-001 -7.1263481712e+000
214 205 198
2 1 803 58.7300 209.8400 3 791 107.3400 257.3700
1.5426642102e+000 3.4405973352e-001 -6.0272344130e+000
219 210 205
2 1 808 417.0200 93.0000 3 800 465.1100 39.0500
-4.2810955830e-001 -6.3974129061e-002 -6.5778204978e+000
85 24 16
2 1 811 -106.1200 -15.8700 3 799 -92.9900 30.2100
2.9877336713e-001 -2.1966199628e-001 -6.6683408433e+000
254 255 250
2 1 813 74.1400 -53.2700 3 762 82.4301 -31.5700
1.8647593730e+000 -1.2219138372e-001 -5.8898249924e+000
243 67 77
2 1 814 515.3300 -34.0600 3 842 540.5100 -108.8600
1.6964850697e+000 -2.8049429852e-001 -5.8410932081e+000
135 32 35
2 1 817 473.8199 -78.0000 3 844 488.2800 -148.9900
-1.6238545642e+000 -4.5882589476e-001 -6.0987978706e+000
38 28 32
2 1 818 -434.8700 -122.8400 3 802 -441.3200 -48.2000
4.1966087041e-001 -4.2052417808e-001 -6.7189530089e+000
231 228 221
2 1 819 103.0601 -101.5200 3 804 103.1700 -82.0800
1.2073526612e+000 -4.9620831783e-001 -6.1712545800e+000
122 104 81
2 1 821 318.4100 -131.1700 3 810 321.8800 -163.2300
1.1169558793e+000 -6.3300364513e-001 -6.1935011724e+000
210 186 131
2 1 823 293.3199 -166.7500 3 809 290.5400 -193.2400
8.0772135743e-001 -9.1661164743e-001 -6.8156321133e+000
110 87 62
2 1 824 192.0500 -219.5300 3 845 176.9000 -205.6900
1.8565415457e+000 -7.1591960692e-001 -5.7885331432e+000
24 9 8
2 1 825 523.1300 -201.3000 3 779 512.8300 -277.6600
1.7323105097e+000 -1.1392281006e+000 -5.8941256421e+000
21 9 12
2 1 828 479.6000 -314.6500 3 780 446.4399 -373.7300
1.4464201996e+000 -1.5935033679e+000 -6.3470195660e+000
230 64 74
2 1 833 370.8600 -409.2800 3 819 321.6100 -426.7300
1.4464201996e+000 -1.5935033679e+000 -6.3470195660e+000
230 64 74
2 1 834 370.8600 -409.2800 3 818 321.6100 -426.7300
1.2569643701e-002 1.4517162187e+000 -7.3469060868e+000
170 157 151
2 1 837 2.8100 321.9800 3 854 68.2900 393.9800
1.2569643701e-002 1.4517162187e+000 -7.3469060868e+000
170 157 151
2 1 838 2.8100 321.9800 3 855 68.2900 393.9800
-6.6944658527e-004 1.2141118606e+000 -7.2977617611e+000
208 199 194
2 1 839 -0.1700 271.0800 3 856 57.0800 338.0100
4.7447835211e-001 1.2160568081e+000 -6.9784965534e+000
228 221 214
2 1 841 110.5500 283.8500 3 824 177.9600 323.5400
1.7692703133e+000 3.2688498941e-001 -5.7457744133e+000
216 46 55
2 1 847 501.5500 92.6100 3 837 554.0800 12.6600
-2.9917349470e+001 1.6814126625e+000 -6.1629385427e+001
92 84 71
2 1 848 -790.9200 44.4700 3 853 -831.1200 419.2500
1.6581930088e+000 1.5662269741e-001 -5.7542591199e+000
131 15 23
2 1 849 468.4399 43.8500 3 865 512.3000 -30.6700
-1.4264061208e+000 -4.7338968728e-001 -6.1170999550e+000
246 124 75
2 1 856 -381.7700 -126.5700 3 840 -385.2100 -58.8100
7.1149764230e-002 -7.8686286257e-001 -6.8455931563e+000
255 255 253
2 1 859 16.3600 -187.4900 3 843 5.3200 -148.8500
1.4148215632e+000 -6.6720552430e-001 -5.9857813861e+000
154 132 86
2 1 860 384.4301 -181.9200 3 812 380.4500 -229.8200
-3.0816053920e+001 -7.8800802529e+000 -6.3576904188e+001
15 10 16
2 1 861 -789.9000 -201.9800 3 832 -846.5700 165.1500
9.9423575192e-001 -1.3644031843e+000 -6.7433958929e+000
22 12 13
2 1 864 240.1600 -329.7200 3 814 204.2600 -320.2300
1.4428189727e+000 -1.2910008401e+000 -6.1952808143e+000
255 255 253
2 1 865 379.1600 -339.6800 3 849 343.2200 -369.6400
-3.1918250371e+001 -1.7363924537e+001 -6.7250257840e+001
109 94 94
2 1 867 -772.6500 -420.6000 3 838 -845.2600 -51.6700
-2.8966426764e+001 1.4864436003e+000 -5.4236348185e+001
74 63 58
2 1 870 -871.5100 44.4500 3 852 -913.0100 428.9200
1.9105438760e+000 -1.6823078290e-001 -5.6197763644e+000
42 30 32
2 1 871 554.0000 -48.7600 3 870 577.7900 -142.6300
-3.8564907001e+001 -7.3364145639e+000 -7.4217903735e+001
72 62 61
2 1 873 -847.3000 -161.1700 3 861 -902.4100 218.8800
-6.7065551804e-001 -7.3002086848e-001 -6.5672635144e+000
233 232 230
2 1 874 -166.0000 -181.0100 3 868 -178.2600 -126.7200
1.5307209126e+000 -1.0138352827e+000 -6.0600769107e+000
182 38 45
2 1 875 409.5400 -273.4400 3 871 390.0300 -316.6100
-3.5456381550e+001 -1.6147682506e+001 -7.4635760889e+001
53 42 40
2 1 876 -773.2300 -352.3900 3 864 -841.8900 16.9500
-1.7559324893e+001 -1.2246690798e+001 -4.9722061481e+001
98 89 82
2 1 877 -573.9600 -401.0300 3 867 -645.7300 -69.5400
5.6715108327e-001 -1.7949457156e+000 -7.5016042489e+000
144 123 80
2 1 879 123.8199 -389.6700 3 873 74.4399 -336.5900
-2.4645134888e-002 -1.3963259537e-002 -6.7404390383e+000
132 119 110
2 1 883 -5.7100 -3.2900 3 875 10.2800 33.7300
-2.2697367577e-001 -2.6884109503e-001 -6.7029938900e+000
248 244 242
2 1 884 -54.4700 -65.1200 3 876 -49.7300 -22.9000
-2.4989992792e+001 -4.7644324464e+000 -6.2350016796e+001
111 102 97
2 1 885 -652.0900 -124.3100 3 874 -701.5100 222.1800
1.1263638822e+000 8.8415035929e-001 -6.3138645509e+000
255 255 253
2 1 888 290.1100 227.9300 3 884 360.3800 210.8400
-2.5024497624e+001 -4.0017224166e-001 -4.9984404846e+001
103 97 97
2 1 889 -816.7200 -13.2100 3 882 -859.4000 356.7000
1.5199542475e+000 2.0015200643e-002 -6.0046678404e+000
230 225 221
2 1 890 412.4800 5.4400 3 895 443.0400 -49.5800
5.1780216446e-001 -1.0498751369e+000 -6.9345925885e+000
254 254 252
2 1 894 121.3400 -246.8100 3 888 99.8700 -218.2200
1.9647104892e+000 -4.5654827632e-001 -5.6114812472e+000
198 173 117
2 1 900 569.8500 -132.8700 3 897 577.4100 -226.8300
1.9647104892e+000 -4.5654827632e-001 -5.6114812472e+000
198 173 117
2 1 901 569.8500 -132.8700 3 898 577.4100 -226.8300
1.3041477807e+000 -1.1272080046e+000 -6.3294112567e+000
238 231 225
2 1 907 336.1200 -290.0400 3 908 307.5000 -311.9300
1.9851279723e+000 1.4234466967e-001 -5.7001439590e+000
46 34 34
2 1 909 567.4900 40.7000 3 913 609.4500 -51.8200
