# Bundle file v0.3
60 350
0 0 0
0 0 0
0 0 0
0 0 0
0 0 0
0 0 0
0 0 0
0 0 0
0 0 0
0 0 0
0 0 0
0 0 0
0 0 0
0 0 0
0 0 0
0 0 0
0 0 0
0 0 0
0 0 0
0 0 0
0 0 0
0 0 0
0 0 0
0 0 0
0 0 0
1.6294478528e+003 0.0000000000e+000 0.0000000000e+000
1.0000000000e+000 0.0000000000e+000 0.0000000000e+000
0.0000000000e+000 1.0000000000e+000 0.0000000000e+000
0.0000000000e+000 0.0000000000e+000 1.0000000000e+000
-0.0000000000e+000 -0.0000000000e+000 -0.0000000000e+000
1.6294478528e+003 0.0000000000e+000 0.0000000000e+000
9.9956072357e-001 2.8718979415e-002 -7.3198435166e-003
-2.9347807941e-002 9.9356531664e-001 -1.0939226545e-001
4.1311084217e-003 1.0955903337e-001 9.9397170591e-001
-1.0174990621e-001 -9.9396555392e-001 4.0980900431e-002
0 0 0
0 0 0
0 0 0
0 0 0
0 0 0
0 0 0
0 0 0
0 0 0
0 0 0
0 0 0
0 0 0
0 0 0
0 0 0
0 0 0
0 0 0
0 0 0
0 0 0
0 0 0
0 0 0
0 0 0
0 0 0
0 0 0
0 0 0
0 0 0
0 0 0
0 0 0
0 0 0
0 0 0
0 0 0
0 0 0
0 0 0
0 0 0
0 0 0
0 0 0
0 0 0
0 0 0
0 0 0
0 0 0
0 0 0
0 0 0
0 0 0
0 0 0
0 0 0
0 0 0
0 0 0
0 0 0
0 0 0
0 0 0
0 0 0
0 0 0
0 0 0
0 0 0
0 0 0
0 0 0
0 0 0
0 0 0
0 0 0
0 0 0
0 0 0
0 0 0
0 0 0
0 0 0
0 0 0
0 0 0
0 0 0
0 0 0
0 0 0
0 0 0
0 0 0
0 0 0
0 0 0
0 0 0
0 0 0
0 0 0
0 0 0
0 0 0
0 0 0
0 0 0
0 0 0
0 0 0
0 0 0
0 0 0
0 0 0
0 0 0
0 0 0
0 0 0
0 0 0
0 0 0
0 0 0
0 0 0
0 0 0
0 0 0
0 0 0
0 0 0
0 0 0
0 0 0
0 0 0
0 0 0
0 0 0
0 0 0
0 0 0
0 0 0
0 0 0
0 0 0
0 0 0
0 0 0
0 0 0
0 0 0
0 0 0
0 0 0
0 0 0
0 0 0
0 0 0
0 0 0
0 0 0
0 0 0
0 0 0
0 0 0
0 0 0
0 0 0
0 0 0
0 0 0
0 0 0
0 0 0
0 0 0
0 0 0
0 0 0
0 0 0
0 0 0
0 0 0
0 0 0
0 0 0
0 0 0
0 0 0
0 0 0
0 0 0
0 0 0
0 0 0
0 0 0
0 0 0
0 0 0
0 0 0
0 0 0
0 0 0
0 0 0
0 0 0
0 0 0
0 0 0
0 0 0
0 0 0
0 0 0
0 0 0
0 0 0
0 0 0
0 0 0
0 0 0
0 0 0
0 0 0
0 0 0
0 0 0
0 0 0
0 0 0
0 0 0
0 0 0
0 0 0
0 0 0
0 0 0
0 0 0
0 0 0
0 0 0
0 0 0
0 0 0
0 0 0
0 0 0
0 0 0
0 0 0
0 0 0
0 0 0
0 0 0
0 0 0
0 0 0
0 0 0
0 0 0
0 0 0
0 0 0
0 0 0
0 0 0
0 0 0
0 0 0
0 0 0
0 0 0
0 0 0
0 0 0
0 0 0
0 0 0
0 0 0
0 0 0
0 0 0
0 0 0
0 0 0
0 0 0
0 0 0
0 0 0
0 0 0
0 0 0
0 0 0
0 0 0
0 0 0
0 0 0
0 0 0
0 0 0
0 0 0
0 0 0
0 0 0
0 0 0
0 0 0
0 0 0
0 0 0
0 0 0
0 0 0
0 0 0
0 0 0
0 0 0
0 0 0
0 0 0
0 0 0
0 0 0
0 0 0
0 0 0
0 0 0
0 0 0
0 0 0
0 0 0
0 0 0
0 0 0
0 0 0
0 0 0
0 0 0
0 0 0
0 0 0
0 0 0
0 0 0
0 0 0
0 0 0
0 0 0
0 0 0
0 0 0
0 0 0
0 0 0
0 0 0
0 0 0
0 0 0
0 0 0
0 0 0
0 0 0
0 0 0
0 0 0
0 0 0
0 0 0
0 0 0
0 0 0
0 0 0
0 0 0
0 0 0
0 0 0
5.6391953789e-001 -1.1585544665e+000 -9.6677161543e+000
141 54 61
2 5 1520 94.5900 -195.2400 6 1483 84.4100 -185.6400
2.3557273755e-001 -1.2921706492e+000 -9.5911096363e+000
141 130 128
2 5 1533 39.6000 -219.5000 6 1492 28.6400 -209.0400
6.6577586590e-001 9.4066890903e-001 -9.1374383000e+000
115 89 76
2 5 976 116.7700 167.8700 6 915 121.8300 167.7000
3.9305664367e-001 -1.5292959064e+000 -9.7927744536e+000
144 133 129
2 5 1813 65.1899 -254.4500 6 1766 52.9200 -240.2900
9.4065531837e-001 1.1024240783e+000 -9.8058598958e+000
52 30 20
2 5 269 156.9900 183.1500 6 1331 159.5300 195.0400
9.4065531837e-001 1.1024240783e+000 -9.8058598958e+000
52 30 20
2 5 268 156.9900 183.1500 6 1330 159.5300 195.0400
3.0588740852e+000 -4.8368428083e-001 -8.8063534803e+000
163 163 160
2 5 2134 565.1700 -89.4800 6 1933 560.4900 -111.9500
7.3662313190e-001 9.2978303199e-001 -9.1844993827e+000
51 30 25
2 5 1702 130.1300 164.9900 6 1864 132.6801 165.5400
3.7354334545e-001 -1.2325063254e+000 -9.5953640904e+000
145 125 126
2 5 2407 63.2900 -209.2900 6 2209 52.0000 -199.6500
3.0364530949e+000 2.0673075595e+000 -9.3095749769e+000
159 155 146
2 5 2450 531.4399 361.8400 6 2466 555.8400 361.2300
3.0461377771e+000 7.6447961956e-001 -9.0618168634e+000
161 157 154
2 5 2474 547.9500 137.4600 6 2397 556.6700 122.6400
3.0776731370e+000 -4.3337228670e-001 -8.9901763228e+000
156 151 148
2 5 2491 557.9301 -78.5500 6 2412 552.4100 -96.9600
2.5669140822e+000 -1.2049230677e+000 -9.1448445972e+000
37 26 24
2 5 2504 457.5200 -214.7000 6 2422 443.4399 -224.9600
2.7903938521e+000 -1.0829763488e+000 -9.1735073783e+000
125 107 102
2 5 2577 495.4900 -192.3600 6 2498 483.3400 -203.7500
3.0962203806e+000 -1.6967641006e+000 -8.8859354428e+000
171 170 165
2 5 2515 567.6600 -311.1400 6 2433 547.1200 -326.9400
-2.3285832916e-001 -8.1499717737e-001 -9.3590314958e+000
99 70 54
2 5 613 -41.5200 -141.8200 6 1096 -49.4500 -134.8000
7.2114457922e-001 -7.2265082114e-001 -9.5482396313e+000
148 108 60
2 5 583 123.5000 -123.3500 6 563 113.8700 -117.7500
8.1104214925e-001 2.7175429853e-001 -9.0533971299e+000
163 120 78
2 5 1057 145.8199 48.9200 6 989 143.1100 44.2800
8.5306225877e-001 2.8924203582e-001 -9.0984741497e+000
156 75 56
2 5 1438 152.9500 51.7900 6 1405 149.8900 47.9300
-8.6478617193e-002 -7.8310882290e-001 -9.3240854268e+000
119 84 66
2 5 1173 -14.3500 -136.9100 6 1081 -25.6800 -131.0600
3.3637374728e+000 -1.7523831565e+000 -8.7583849693e+000
158 111 89
2 5 783 625.7400 -326.0200 6 1207 603.4200 -345.6400
-3.1408489414e-003 -1.5321989574e+000 -9.6766733456e+000
147 127 126
2 5 1227 -0.7500 -257.9900 6 1152 -12.8300 -243.7500
1.4036236814e+000 -2.8045642315e-001 -9.2158796100e+000
155 133 125
2 5 1756 247.8300 -49.5700 6 1707 242.8000 -54.5000
3.3892912676e+000 -2.0710104702e+000 -8.7711726864e+000
147 90 73
2 5 1614 629.7800 -384.7400 6 1226 603.0100 -401.6800
-7.3626164511e-002 -9.4545537207e-001 -9.3493860959e+000
121 44 45
2 5 1786 -12.8000 -164.7800 6 1737 -23.3800 -158.2100
-2.2705187277e-001 -8.9332197648e-001 -9.2762771352e+000
108 90 81
2 5 1976 -39.3400 -156.9600 6 1935 -50.8500 -151.0000
4.9104036585e+000 1.9056644152e+000 -9.7283146893e+000
158 106 59
2 5 2355 822.4700 319.1900 6 2284 855.0500 315.4200
1.8820315271e+000 -8.8443425668e-002 -9.5696112516e+000
139 125 124
2 5 2260 320.4700 -15.0600 6 2188 317.6899 -15.5200
6.4653993938e-001 -5.3049060481e-001 -9.4044694155e+000
148 103 54
2 5 2389 112.1100 -91.9200 6 2316 104.0100 -88.9700
1.8148935577e+000 -5.1393661140e-001 -9.7890881015e+000
151 104 58
2 5 2390 301.2600 -85.5100 6 2197 296.8800 -81.5700
3.2077942094e+000 -4.5617470999e-001 -8.8300232298e+000
80 51 39
2 5 2492 591.9399 -84.1800 6 2413 586.2500 -106.8800
3.2291822185e+000 -1.6378945999e+000 -8.7132283944e+000
64 36 24
2 5 2517 603.8700 -306.3000 6 2435 582.8800 -326.9600
-1.2506588134e+000 1.0698830686e+000 -8.0419521969e+000
66 71 74
2 5 2599 -253.8300 216.8200 6 2538 -261.9200 204.7600
8.3846261896e-001 -8.4010546785e-001 -9.4855504227e+000
141 124 123
2 5 621 143.4399 -144.2800 6 579 135.0000 -140.3100
6.3435747740e-001 2.8127057040e-001 -9.0667291490e+000
150 111 70
2 5 1437 114.1500 50.5400 6 1399 110.4800 47.1800
9.0417971999e-001 -1.0457336390e+000 -9.6970138751e+000
149 131 127
2 5 1198 152.0900 -175.7300 6 609 141.3300 -167.6100
-6.6703444086e-002 -8.1502972637e-001 -9.2990348197e+000
33 23 22
2 5 1174 -10.9500 -142.8700 6 1097 -22.4400 -137.5100
8.0725775634e-001 -7.9064080037e-001 -9.5345820199e+000
137 120 115
2 5 1176 137.8000 -135.1100 6 1084 128.9200 -130.1400
8.2285893684e-001 -1.0441593516e+000 -9.6823475841e+000
142 128 127
2 5 1521 137.7700 -175.6800 6 1120 128.7300 -167.5500
-2.9209201707e-002 -1.0082026322e+000 -9.4033969000e+000
125 108 101
2 5 1787 -4.5700 -174.7400 6 1748 -16.2500 -167.1400
1.2318332548e+002 -5.6172808477e+001 3.5570367855e+002
114 116 113
2 5 1874 -564.5800 257.3600 6 1989 -556.1000 465.1300
9.8101401418e+001 -4.1818932287e+001 2.9763716863e+002
122 126 127
2 5 1878 -536.8900 228.9200 6 1993 -528.4700 435.6200
1.3383044871e+002 -4.7239614600e+001 4.1828003529e+002
126 132 130
2 5 1895 -521.4600 184.0400 6 1997 -512.1000 386.8200
1.0206796066e+002 -3.9241606259e+001 2.7480979349e+002
156 160 161
2 5 2229 -605.4400 232.7100 6 2125 -597.4300 441.8900
1.0882618953e+002 -3.1593010179e+001 2.2417969858e+002
121 124 129
2 5 2227 -791.5100 229.7100 6 2118 -786.0600 445.3700
1.2246523995e+002 -4.7179094946e+001 3.1019315955e+002
151 152 154
2 5 2363 -643.8800 247.9100 6 2271 -636.2200 458.1100
3.0962203806e+000 -1.6967641006e+000 -8.8859354428e+000
171 170 165
2 5 2516 567.6600 -311.1400 6 2434 547.1200 -326.9400
2.9364758259e+000 1.8759517813e+000 -9.5291334791e+000
86 49 40
2 5 896 501.8000 320.7900 6 828 523.3101 322.9500
3.0502920249e+000 1.8449136179e+000 -9.1945268886e+000
125 92 73
2 5 897 540.3300 326.9600 6 830 562.8900 321.9600
-1.4102372989e+000 -9.6393514664e-001 -7.9490352295e+000
223 132 123
2 5 667 -289.0200 -197.6000 6 619 -302.7600 -212.7300
2.9320373234e+000 1.0494523111e+000 -9.3939394835e+000
112 55 38
2 5 984 508.4000 182.0400 6 921 520.4900 175.9700
-1.6489896732e+000 6.6884826911e-001 -8.2672829694e+000
236 227 152
2 5 301 -324.9400 131.8200 6 279 -335.6600 125.2500
8.4059677422e-001 7.2758797118e-002 -9.1853852740e+000
140 94 74
2 5 1083 149.0699 12.9100 6 461 145.0500 10.4900
3.0147047114e+000 -1.1470829713e+000 -9.2571056756e+000
121 77 59
2 5 698 530.1801 -201.9000 6 633 518.1899 -212.5600
3.0229089016e+000 2.2752932625e+000 -9.0871090957e+000
192 165 138
2 5 870 541.7300 408.0000 6 810 569.9301 405.4000
2.8300201108e+000 2.4001251607e+000 -9.9575320884e+000
77 48 26
2 5 1336 462.9700 392.7600 6 1270 487.9900 407.6000
2.6832289073e+000 8.2524650307e-001 -9.7647086341e+000
66 47 41
2 5 1412 448.0601 137.7000 6 1367 455.5601 138.9600
2.8019157398e+000 7.4402991129e-001 -9.7389491759e+000
88 64 59
2 5 1413 468.9800 124.4800 6 942 476.3199 124.3500
2.9334157041e+000 -5.4228914859e-001 -9.2650517077e+000
132 107 103
2 5 1490 516.6000 -95.3900 6 1727 509.0000 -106.9700
-2.7170936639e+000 -5.1970954229e-001 -8.9840399848e+000
231 226 164
2 5 540 -493.8200 -94.1400 6 1057 -502.3200 -81.5800
-2.7170936639e+000 -5.1970954229e-001 -8.9840399848e+000
231 226 164
2 5 541 -493.8200 -94.1400 6 1056 -502.3200 -81.5800
2.0426065101e-001 -1.3312909655e+000 -9.6262675597e+000
45 35 33
2 5 1208 34.3000 -225.3300 6 1138 22.9600 -213.9200
3.0241917676e+000 2.3653381220e+000 -9.3358050895e+000
160 97 64
2 5 1330 528.6400 412.8200 6 1260 554.8101 415.9600
3.0560696188e+000 1.5999335528e+000 -9.1295257349e+000
135 110 80
2 5 1359 545.3600 285.5600 6 1620 564.8300 277.1700
2.7723727847e+000 8.0175262924e-001 -9.5404827738e+000
76 54 54
2 5 1716 473.2900 136.9400 6 1369 481.9700 133.3900
7.9299687036e-001 3.3299427129e-001 -9.0569439232e+000
162 120 92
2 5 1428 142.6600 59.9100 6 1404 140.0500 55.5900
-2.8750207872e+000 -1.0697206977e-001 -9.0542214574e+000
234 219 156
2 5 1459 -517.5800 -19.2300 6 1003 -528.1400 -4.6300
-2.8750207872e+000 -1.0697206977e-001 -9.0542214574e+000
234 219 156
2 5 1458 -517.5800 -19.2300 6 1002 -528.1400 -4.6300
1.1571873102e+000 -3.7736259111e-001 -9.3444025442e+000
157 131 116
2 5 1476 201.9100 -65.8100 6 1441 195.1400 -66.8000
8.9155814874e-001 -5.0533276595e-001 -9.3542314515e+000
130 75 44
2 5 555 155.8900 -88.0600 6 1065 147.0500 -87.2800
3.0678322937e+000 -1.3428040862e+000 -9.2492905571e+000
139 76 59
2 5 1566 539.9301 -236.5500 6 1514 525.8199 -246.8000
1.7190146299e+000 -1.3942699331e+000 -1.0124599418e+001
136 120 122
2 5 1539 277.0200 -224.4100 6 1499 264.1400 -211.8400
2.9493017911e+000 2.3692144258e+000 -9.2984347945e+000
187 163 112
2 5 1639 516.7800 415.1800 6 1582 544.2600 417.9800
3.0020377824e+000 2.2176769892e+000 -9.3051053033e+000
161 86 54
2 5 1337 525.4900 388.3500 6 1271 551.8199 389.3400
3.0946709891e+000 1.2023031489e+000 -9.1580491861e+000
143 112 84
2 5 1694 550.6200 213.9200 6 1642 565.2000 203.1200
8.5430822760e-001 -4.7833157986e-001 -9.4681526976e+000
146 93 54
2 5 1959 146.6899 -82.3000 6 1713 140.0699 -79.3600
3.1103303115e+000 -1.0253591776e+000 -9.0551974271e+000
73 46 27
2 5 1794 559.7200 -184.5100 6 1763 547.5000 -200.2700
3.0167331032e+000 -1.0804289694e+000 -9.1983997329e+000
136 78 59
2 5 1984 534.3000 -191.3900 6 1953 522.1300 -203.4700
5.4439726827e-001 -1.0351224768e+000 -9.5934634807e+000
147 59 57
2 5 1788 91.4399 -175.7500 6 1749 82.9399 -167.8600
8.0346436315e-001 -1.1854803279e+000 -9.7483986635e+000
141 125 125
2 5 1535 133.7400 -198.1200 6 1119 123.6899 -188.2500
1.0959169809e+000 -1.2552905662e+000 -9.9115312139e+000
143 49 51
2 5 1800 180.1899 -206.3700 6 1751 168.7900 -194.8500
3.3750106899e+000 -2.2368939143e+000 -8.7295640753e+000
143 92 73
2 5 1621 629.5900 -417.5300 6 1563 601.5601 -433.8200
4.7227709129e+000 2.3808517962e+000 -9.6290923750e+000
146 119 94
2 5 2052 798.5400 402.8900 6 1998 838.7700 402.7100
2.8280203178e+000 2.1527299900e+000 -9.9309609376e+000
72 84 93
2 5 2055 464.8101 353.1900 6 2003 485.4800 365.3700
3.1643155964e+000 1.7864154547e+000 -9.4434648523e+000
139 108 87
2 5 1873 546.5100 308.2300 6 1839 566.9100 306.9900
2.9907419261e+000 1.3896240536e+000 -9.5440816306e+000
137 75 64
2 5 1880 510.1700 237.2600 6 1851 526.6801 235.7500
3.0607121007e+000 -5.5163382312e-001 -9.4221102596e+000
125 67 52
2 5 1962 528.5200 -95.3800 6 1728 524.2400 -104.5900
3.1087639262e+000 -6.2901374672e-001 -8.8610201261e+000
135 108 82
2 5 1968 571.7200 -115.6700 6 1939 563.7000 -136.8200
3.0268366318e+000 -6.8185767234e-001 -9.3043046519e+000
129 67 57
2 5 1966 529.5500 -119.4000 6 1932 523.0200 -130.5600
-1.2156226573e-001 -1.1146878104e+000 -9.4144286946e+000
111 90 70
2 5 1192 -21.0400 -192.9300 6 1114 -32.1700 -184.3700
3.0259987629e+000 -1.2310643703e+000 -9.2268514749e+000
133 64 52
2 5 1989 534.2100 -217.4000 6 1957 520.5900 -228.3500
1.1698690612e+000 -1.3535509475e+000 -9.9203381475e+000
40 34 30
2 5 1988 192.0601 -222.3200 6 1949 180.2200 -210.6500
3.5132064227e+000 2.5712252449e+000 -9.2560516260e+000
150 65 56
2 5 2199 618.5900 452.6400 6 2123 652.8199 454.1400
2.9487902727e+000 2.5383113563e+000 -9.5942662423e+000
182 109 66
2 5 2201 500.2900 431.1100 6 2131 529.5699 440.9000
2.9053137990e+000 2.4493507851e+000 -9.8930225575e+000
162 121 64
2 5 2206 478.0100 403.4400 6 2129 504.9900 417.3500
5.4301841903e-002 -6.2343388741e-001 -9.1204945817e+000
126 58 46
2 5 2143 8.0100 -111.2600 6 1930 1.9300 -110.7900
1.1517790403e+000 -6.5664284872e-001 -9.4773108809e+000
138 117 111
2 5 2144 198.4399 -112.9200 6 2063 189.3400 -110.9500
1.4247460780e+002 -4.5134298815e+001 4.1841029822e+002
129 129 121
2 5 2086 -554.8500 175.7700 6 2000 -546.1600 379.2400
8.3427698402e-001 -1.1156705906e+000 -9.7088672547e+000
36 26 24
2 5 2150 139.9500 -187.2400 6 2070 129.2400 -178.3700
3.0588526660e+000 -1.5018867965e+000 -9.0414196892e+000
152 142 138
2 5 2167 551.2400 -270.6700 6 2092 533.5400 -284.2200
3.0588526660e+000 -1.5018867965e+000 -9.0414196892e+000
152 142 138
2 5 2166 551.2400 -270.6700 6 2091 533.5400 -284.2200
1.6934456018e+002 1.3289830401e+001 3.2797242155e+002
147 139 120
2 5 2124 -842.6500 -65.8300 6 2032 -828.5800 142.0200
5.1527944998e+000 1.8850866518e+000 -9.7328893668e+000
150 123 102
2 5 2219 863.3400 315.6000 6 2285 895.7500 310.5900
3.4691956093e+000 1.2207581503e+000 -9.1384986923e+000
147 116 101
2 5 2236 618.4700 217.6700 6 2157 635.4200 204.5900
1.6529091583e+000 6.6510788016e-002 -9.4514913762e+000
140 123 124
2 5 2250 284.8900 11.4700 6 2179 282.9800 10.0300
1.6529091583e+000 6.6510788016e-002 -9.4514913762e+000
140 123 124
2 5 2251 284.8900 11.4700 6 2180 282.9800 10.0300
1.8820315271e+000 -8.8443425668e-002 -9.5696112516e+000
139 125 124
2 5 2261 320.4700 -15.0600 6 2189 317.6899 -15.5200
2.2468812147e+002 -4.9972011309e+001 4.5519912478e+002
148 159 161
2 5 2237 -804.8200 178.9600 6 2133 -798.7400 389.2800
2.0858813171e+002 -3.8437957736e+001 4.4834225035e+002
158 162 165
2 5 2242 -758.5800 139.7700 6 2139 -751.0400 347.5100
4.7816668470e+000 -2.0750635611e+000 -9.1684551420e+000
156 124 99
2 5 2313 849.3199 -368.7900 6 2246 823.2000 -385.1200
3.0108738464e+000 2.4541575760e+000 -9.2291279636e+000
183 185 178
2 5 2342 531.7300 433.2900 6 2276 560.5800 435.5100
4.3030882778e+000 2.5310952404e+000 -9.5165400155e+000
84 55 32
2 5 2444 737.0000 433.3800 6 2364 775.2700 435.0300
3.1339187881e+000 1.9907269280e+000 -9.0286082236e+000
69 44 31
2 5 2451 565.5300 359.2800 6 2370 590.6500 351.9500
1.7023661600e+000 -1.1234635283e-001 -9.5479304732e+000
36 20 21
2 5 2258 290.4600 -19.1700 6 2186 287.2800 -19.1500
3.7354334545e-001 -1.2325063254e+000 -9.5953640904e+000
145 125 126
2 5 2406 63.2900 -209.2900 6 2210 52.0000 -199.6500
2.8287404328e+000 9.9467145427e-001 -9.5125179403e+000
116 102 101
2 5 2469 483.5800 170.4100 6 2386 496.0699 166.8100
1.6861786978e+002 -3.6529998470e+001 3.5528617914e+002
108 113 117
2 5 2468 -774.1600 167.6600 6 2368 -766.6500 377.6100
-1.1000168873e+000 2.8238916195e-002 -7.7879150028e+000
220 113 113
2 5 2565 -229.7500 5.8700 6 2483 -242.3300 -17.2400
1.9383315933e+000 1.2743016821e-001 -9.5821919073e+000
35 25 26
2 5 2567 329.6000 21.6700 6 2482 328.8700 21.3500
2.4030069994e+000 -3.7708293691e-001 -9.8987533103e+000
99 32 49
2 5 2571 394.9500 -62.0500 6 2487 392.1300 -59.1200
-2.4665658384e-002 -1.3104868159e+000 -9.5094687647e+000
142 121 119
2 5 2579 -4.5300 -224.5300 6 2497 -15.8000 -214.0600
3.0910551165e+000 -2.0658879386e+000 -8.7710547059e+000
189 192 182
2 5 2522 574.1600 -383.7900 6 2441 548.5900 -399.1400
-1.2432310080e+000 3.8015008713e-001 -7.9847151189e+000
66 72 72
2 5 2602 -253.6300 77.5700 6 2543 -264.4400 60.9000
2.0656905876e+000 -5.1797337296e-001 -9.9012262174e+000
35 23 24
2 5 2610 340.1200 -85.2500 6 2550 334.1400 -80.4100
-1.2506142542e+000 -1.0063893560e+000 -7.8637726530e+000
76 82 81
2 5 2614 -259.0700 -208.5400 6 2557 -273.3000 -226.5100
2.5074087041e+000 -1.1799397213e+000 -9.9337282756e+000
143 52 69
2 5 2615 410.7800 -193.5300 6 2496 400.5800 -188.8700
2.4914420419e+000 -5.4791280275e-001 -9.0595869179e+000
40 26 26
2 5 2677 445.9600 -98.4800 6 2602 443.0699 -112.3500
-1.9381553840e+000 9.0994092852e-001 -8.5074974437e+000
231 225 168
2 5 230 -371.1100 174.2700 6 902 -381.9700 175.7400
2.9369499870e+000 1.1591170870e+000 -9.4655469851e+000
102 58 51
2 5 212 505.0699 199.5500 6 226 518.9900 195.4100
-1.3066691157e-001 -1.0301263216e+000 -9.4132905937e+000
119 98 90
2 5 645 -24.5800 -178.1700 6 602 -31.4000 -170.2300
3.0319740894e+000 -1.5697936006e+000 -9.1677547066e+000
149 103 87
2 5 733 538.4399 -279.0000 6 676 521.3500 -289.4900
3.0101291823e+000 1.1533003009e+000 -9.4639693706e+000
124 62 53
2 5 958 517.8000 198.5800 6 896 531.9000 194.0100
8.3182364185e-001 -1.0553052574e+000 -9.7330483625e+000
135 122 121
2 5 649 139.3800 -176.6800 6 1121 128.7300 -167.5500
2.1158975442e+000 -1.2382778684e+000 -9.0888134917e+000
62 31 26
2 5 1212 379.9000 -222.0200 6 646 364.6700 -230.8100
1.6755920454e-001 -1.2930443253e+000 -9.5648402474e+000
139 128 127
2 5 1206 28.9700 -220.3100 6 622 16.3000 -209.8100
1.6755920454e-001 -1.2930443253e+000 -9.5648402474e+000
139 128 127
2 5 1207 28.9700 -220.3100 6 623 16.3000 -209.8100
3.1484070967e+000 -1.9672275473e+000 -8.8575095475e+000
195 113 81
2 5 1293 579.4200 -361.9000 6 1214 554.7400 -376.5500
3.5283455064e+000 -1.2025615623e+000 -8.8679720864e+000
148 121 102
2 5 1545 647.9200 -220.9600 6 1516 633.6899 -242.3700
-3.5571838594e+000 2.1787746617e-001 -9.0976589785e+000
84 67 54
2 5 1048 -637.0900 39.0200 6 1392 -649.5300 58.3700
9.0383550306e-001 1.6444766054e-001 -9.1357799441e+000
138 65 47
2 5 1441 161.2200 29.3300 6 1416 157.7800 25.7100
9.0383550306e-001 1.6444766054e-001 -9.1357799441e+000
138 65 47
2 5 1440 161.2200 29.3300 6 1415 157.7800 25.7100
-1.0077618325e+000 -8.0659493865e-001 -7.6914621864e+000
126 150 146
2 5 1515 -213.2600 -170.9000 6 1478 -228.0200 -195.6800
-1.0077618325e+000 -8.0659493865e-001 -7.6914621864e+000
126 150 146
2 5 1514 -213.2600 -170.9000 6 1479 -228.0200 -195.6800
-1.7203414308e-001 -1.2148661002e+000 -9.4639333805e+000
126 65 41
2 5 1532 -29.7400 -209.1600 6 1136 -40.9300 -199.1000
1.7190146299e+000 -1.3942699331e+000 -1.0124599418e+001
136 120 122
2 5 1538 277.0200 -224.4100 6 1498 264.1400 -211.8400
3.0946709891e+000 1.2023031489e+000 -9.1580491861e+000
143 112 84
2 5 1693 550.6200 213.9200 6 1643 565.2000 203.1200
1.1729794071e+000 -9.4294880533e-002 -9.1431675316e+000
154 135 128
2 5 1749 209.1400 -16.8100 6 1701 204.1899 -21.9300
3.3126837607e+000 -1.5681974641e+000 -8.6260282088e+000
139 64 58
2 5 1596 625.7000 -296.2300 6 1539 605.1801 -319.7900
-9.9368894665e-001 -7.5584375465e-001 -7.7107717814e+000
82 94 94
2 5 1973 -209.9400 -159.7300 6 1944 -224.1200 -184.3400
-9.4892468997e-001 -8.1401702954e-001 -7.6261384981e+000
149 172 170
2 5 2149 -202.6200 -173.9400 6 2078 -217.4300 -200.8100
1.1185877958e+000 -1.0773188044e+000 -9.7652260125e+000
36 23 29
2 5 2152 186.5800 -179.7600 6 2072 176.1801 -171.4600
1.1185877958e+000 -1.0773188044e+000 -9.7652260125e+000
36 23 29
2 5 2153 186.5800 -179.7600 6 2073 176.1801 -171.4600
4.6566471970e-001 -1.5831039512e+000 -9.8304052461e+000
45 34 35
2 5 2302 77.0500 -262.4000 6 2085 64.3500 -247.7100
5.1177192324e+002 2.9911162692e+002 1.4605814076e+003
132 126 111
2 5 2173 -570.3200 -333.7700 6 2066 -558.8800 -132.9800
3.4328426514e+000 2.4526489306e+000 -9.2404136362e+000
151 123 102
2 5 2203 605.2500 432.5000 6 2132 637.7700 432.6900
2.9487902727e+000 2.5383113563e+000 -9.5942662423e+000
182 109 66
2 5 2202 500.2900 431.1100 6 2130 529.5699 440.9000
2.7019865739e+000 1.2712673140e+000 -9.3708236508e+000
131 109 105
2 5 2235 470.3199 221.0400 6 2156 482.5200 217.0400
-1.0631625509e+000 8.5601006362e-001 -7.8894853190e+000
75 83 85
2 5 2238 -219.2100 176.7600 6 2158 -229.0100 158.6800
5.2495064025e+000 -8.9754633515e-001 -9.4575614905e+000
149 124 107
2 5 2274 904.3199 -154.6400 6 2207 896.1400 -173.5900
1.6480437218e+000 -1.4068726324e+000 -1.0123818125e+001
139 124 122
2 5 2285 265.0699 -226.4300 6 2214 253.2400 -213.5600
3.0161680941e+000 -2.0625862966e+000 -9.0947263445e+000
183 104 66
2 5 2312 540.3300 -369.5400 6 2245 516.6100 -377.9700
2.9921918660e+000 -2.2852718746e+000 -9.3875632911e+000
195 160 78
2 5 2318 519.1000 -396.6600 6 2250 494.8900 -397.7100
-1.5327041196e+000 1.7702227109e+000 -8.2440900642e+000
216 189 102
2 5 2349 -303.0800 349.9000 6 2369 -311.3200 350.1200
4.8401347341e-002 -9.4521358359e-001 -9.4133841182e+000
136 115 109
2 5 2400 8.5800 -163.6300 6 2318 -2.2100 -156.5000
9.4542362744e-001 -8.5906479966e-001 -9.5379131177e+000
142 124 120
2 5 2393 161.3101 -146.7500 6 2319 152.1100 -142.2600
3.0258226394e+000 -2.1818497451e+000 -9.0663182814e+000
190 111 64
2 5 2429 543.6400 -392.1300 6 2251 518.6500 -400.2000
3.6564104840e+000 -6.5844150605e-001 -9.0657019363e+000
143 53 53
2 5 2494 657.4700 -118.3500 6 2416 649.6400 -137.8400
4.5858213683e+000 -1.6374978143e-001 -9.2809833145e+000
144 63 44
2 5 2485 804.7500 -28.7500 6 2410 806.8900 -49.0000
-1.3430662721e+000 1.7723582095e-002 -7.8502168147e+000
223 119 116
2 5 2482 -279.0900 3.7100 6 2407 -290.5700 -16.4400
3.2673464802e+000 -2.2175460727e+000 -8.7495325106e+000
69 43 30
2 5 2526 608.5300 -412.9800 6 2445 580.2900 -428.3900
3.8425468609e+002 1.0750187686e+002 7.4277819988e+002
43 83 113
2 5 2505 -843.2100 -235.7900 6 2404 -826.9900 -28.8300
3.8425468609e+002 1.0750187686e+002 7.4277819988e+002
43 83 113
2 5 2506 -843.2100 -235.7900 6 2405 -826.9900 -28.8300
-1.1000168873e+000 2.8238916195e-002 -7.7879150028e+000
220 113 113
2 5 2566 -229.7500 5.8700 6 2484 -242.3300 -17.2400
2.5348681038e+002 8.5512344597e+001 5.1046341440e+002
166 174 176
2 5 2580 -809.6600 -272.8900 6 2488 -792.4100 -65.1600
1.7126223791e+002 7.5002666636e+001 4.0954830164e+002
152 59 70
2 5 2582 -681.7600 -298.3600 6 2489 -666.3800 -92.8600
2.2760904185e+000 1.3212603425e+000 -9.3860477158e+000
144 53 69
2 5 2598 395.5400 229.3600 6 2536 406.3300 228.1500
-1.0849664335e+000 -6.7658161995e-001 -7.7415531370e+000
222 117 116
2 5 2613 -228.2300 -142.4200 6 2554 -242.2600 -165.9300
3.2309304550e+000 1.4532838684e+000 -8.9487313213e+000
148 60 56
2 5 2642 588.5300 264.6200 6 2573 606.9900 250.4200
-7.3864423863e-001 1.9275611459e+000 -8.1224418386e+000
43 50 56
2 5 2683 -148.5200 386.7200 6 2617 -150.7100 381.3600
2.9323560324e+000 2.6234627812e+000 -9.5999815341e+000
203 163 89
2 5 8 497.4399 445.3000 6 9 527.0800 456.2700
2.9836090421e+000 2.1336896535e+000 -9.5360184389e+000
120 73 60
2 5 73 509.4399 364.6000 6 73 534.2600 368.9900
2.6155933718e+000 1.5302728799e+000 -9.4016593144e+000
97 74 68
2 5 126 452.9800 265.2300 6 135 469.1300 263.9100
2.9019374131e+000 1.4765028013e+000 -9.4750778370e+000
136 106 101
2 5 131 499.3101 253.9100 6 863 515.0900 252.2100
-1.7478479278e+000 1.2496573942e+000 -8.3222729985e+000
231 216 149
2 5 136 -342.4500 244.7000 6 151 -352.1600 243.2100
-1.6013199816e+000 1.2288484810e+000 -8.2550650545e+000
228 219 163
2 5 137 -316.5600 242.6100 6 153 -325.3000 238.6000
-2.3345956818e+000 1.1333225117e+000 -8.7912449398e+000
239 224 160
2 5 172 -432.8000 210.0700 6 146 -443.8700 220.6500
3.2269669358e-001 1.0381742638e+000 -9.3616586121e+000
54 35 20
2 5 261 56.3100 180.6900 6 885 56.7000 187.4000
6.5746754304e-001 8.6886339273e-001 -9.0098390351e+000
109 52 51
2 5 267 119.4700 157.1000 6 935 118.9000 154.4900
8.3352807910e-001 9.0459330730e-001 -9.1995480521e+000
57 33 26
2 5 271 147.0400 160.2600 6 260 149.8900 160.4700
-1.6489896732e+000 6.6884826911e-001 -8.2672829694e+000
236 227 152
2 5 302 -324.9400 131.8200 6 280 -335.6600 125.2500
6.1705641228e-001 7.3942598414e-001 -8.8065627644e+000
112 80 67
2 5 313 114.5400 136.7900 6 292 113.0800 129.5700
6.1705641228e-001 7.3942598414e-001 -8.8065627644e+000
112 80 67
2 5 314 114.5400 136.7900 6 293 113.0800 129.5700
1.6922085450e+000 8.9102195232e-001 -9.4876117747e+000
112 82 74
2 5 318 291.6600 152.9800 6 1366 294.6600 154.4500
1.6882411237e+000 7.7843038289e-001 -9.3447270763e+000
59 35 34
2 5 319 294.5000 135.7300 6 300 298.2700 133.8800
3.1498434181e+000 8.4334039159e-001 -9.1169760393e+000
73 53 39
2 5 325 563.3199 150.7200 6 309 573.1000 136.8900
-2.7448161718e+000 4.9463627836e-001 -9.1002561764e+000
236 217 141
2 5 373 -492.6600 88.7100 6 316 -501.5000 104.1500
-4.5914438359e+000 1.8324734056e-001 -9.0367899600e+000
73 43 33
2 5 404 -828.2800 33.1000 6 383 -841.6200 56.7100
-2.9549261070e+000 2.9908456084e-001 -9.1778954885e+000
230 216 155
2 5 421 -525.1100 53.1600 6 355 -535.3400 70.7800
-9.0476294470e-001 2.2656538921e-001 -7.6977699766e+000
105 98 93
2 5 430 -191.5300 47.9600 6 451 -202.5100 21.4200
-2.3062904945e+000 6.9364355639e-002 -8.6691520442e+000
235 227 159
2 5 459 -433.8600 13.0800 6 440 -444.4400 17.2400
-2.3062904945e+000 6.9364355639e-002 -8.6691520442e+000
235 227 159
2 5 460 -433.8600 13.0800 6 439 -444.4400 17.2400
-9.1910039889e-001 9.5662948737e-002 -7.7148347022e+000
74 80 80
2 5 469 -193.9600 20.1900 6 487 -205.6900 -5.9700
2.7460222576e-001 -4.5861234643e-001 -9.2040126428e+000
143 86 53
2 5 550 48.8900 -81.2100 6 1062 40.1100 -80.2000
4.0046332276e-001 -4.6379292830e-001 -9.3019352435e+000
138 108 71
2 5 552 70.0900 -81.2400 6 541 62.2700 -79.0600
4.1965432775e+000 -1.0468838106e+000 -1.2927093819e+001
145 106 89
2 5 592 529.8700 -131.9800 6 549 524.0300 -93.7500
3.0908785161e+000 -6.5372303400e-001 -8.9063819945e+000
123 94 71
2 5 593 565.4600 -119.6000 6 589 557.3800 -139.5900
-1.5142218162e+000 -6.8259864045e-001 -8.0525742930e+000
230 204 124
2 5 606 -306.5500 -138.1100 6 576 -319.0900 -151.3000
2.9899457532e+000 -8.8649380872e-001 -9.1923289907e+000
145 110 98
2 5 629 530.3700 -157.1500 6 614 519.4399 -169.8100
3.0904879129e+000 -7.6034697883e-001 -8.9407813313e+000
114 87 64
2 5 630 563.1200 -138.5700 6 590 554.0200 -157.5500
1.2503482932e+000 -1.2737451615e+000 -1.0928774572e+001
37 26 20
2 5 652 184.0300 -189.7800 6 581 179.5900 -163.9300
8.1068627215e-001 -1.3840364916e+000 -9.8987732788e+000
152 134 130
2 5 685 132.4800 -227.7700 6 1141 122.4100 -214.7100
8.1068627215e-001 -1.3840364916e+000 -9.8987732788e+000
152 134 130
2 5 686 132.4800 -227.7700 6 1140 122.4100 -214.7100
2.9674189274e+000 -1.2191779726e+000 -9.2001177685e+000
147 114 112
2 5 699 525.9600 -215.9400 6 632 511.2600 -227.1100
-9.6309869373e-001 -1.3872692449e+000 -7.6069942100e+000
79 85 84
2 5 746 -205.9500 -297.1900 6 691 -222.9400 -320.9000
2.7586382405e+000 2.0190590799e+000 -9.3892226669e+000
63 36 25
2 5 887 478.6300 350.4000 6 1278 500.5800 352.2200
-9.0091782146e-001 1.4232963164e+000 -7.8115705471e+000
60 38 32
2 5 902 -188.3400 296.9300 6 1616 -194.2000 279.9800
2.8468801365e+000 1.7004628041e+000 -9.5374790043e+000
62 39 31
2 5 909 487.0300 290.5000 6 845 504.1200 291.9400
-1.7012920857e+000 1.3208158348e+000 -8.4644486765e+000
228 218 167
2 5 917 -326.1600 254.1200 6 851 -338.1700 256.2400
2.7914712146e+000 1.4826312854e+000 -9.4721349332e+000
137 118 114
2 5 929 479.8700 255.0600 6 859 496.3101 253.8400
-7.8742403289e-002 1.0773092990e+000 -9.2767282143e+000
111 70 52
2 5 950 -14.3800 189.2700 6 1322 -14.1400 196.5700
1.2323029962e+000 1.1583253868e+000 -1.0035208719e+001
104 76 62
2 5 954 199.3900 188.1200 6 1638 206.2800 202.5000
4.8422074533e-001 1.0039595231e+000 -9.3015304497e+000
48 30 16
2 5 972 84.8900 175.8700 6 1349 85.8101 180.4400
4.8422074533e-001 1.0039595231e+000 -9.3015304497e+000
48 30 16
2 5 973 84.8900 175.8700 6 1348 85.8101 180.4400
1.2233673834e+000 1.0884437067e+000 -9.8634171903e+000
63 35 23
2 5 979 201.9600 179.8200 6 1332 207.1500 191.1100
3.3071089255e+000 4.3146760723e-001 -9.0612573888e+000
62 36 23
2 5 1038 594.6500 77.5900 6 981 600.7300 60.1800
1.4359554261e+000 -9.0950341713e-002 -9.4424688598e+000
77 57 47
2 5 1110 247.1000 -15.6600 6 1427 244.7200 -16.3700
1.9590075293e+000 -4.9609619275e-002 -9.6248831020e+000
144 124 123
2 5 1112 331.2100 -8.3800 6 494 329.8800 -8.2300
1.2444604951e+000 -2.6819053808e-001 -9.2462757493e+000
146 112 69
2 5 1128 219.0699 -47.2500 6 1440 213.7600 -50.7300
1.4324407322e-001 -5.0594914281e-001 -9.1770446773e+000
123 64 34
2 5 1148 24.9400 -89.8000 6 1061 17.2700 -88.6900
2.3210847468e+000 -5.6658552829e-001 -9.8959132071e+000
111 43 59
2 5 1153 382.1000 -93.2900 6 1072 376.4301 -89.7700
3.3596362783e+000 -4.5742401605e-001 -9.0677040949e+000
76 38 33
2 5 1154 603.8300 -82.2000 6 1455 598.5500 -100.4000
6.0371840525e-001 -7.3256436904e-001 -9.4777772479e+000
125 109 104
2 5 1165 103.5601 -125.9300 6 1082 95.0000 -121.1000
1.1720453700e+000 -9.5951450786e-001 -9.7829212313e+000
146 59 68
2 5 1178 194.9000 -159.8000 6 1103 185.8300 -151.8500
-9.2565101470e-001 -8.4649823194e-001 -7.6361882805e+000
110 135 134
2 5 1191 -197.5200 -180.6300 6 1134 -212.1400 -207.2600
2.0589378203e+000 -1.2052020661e+000 -9.0578842596e+000
86 57 48
2 5 1211 370.2000 -216.8000 6 629 356.7100 -226.1600
2.7854139565e+000 -1.4777520111e+000 -9.2676919815e+000
45 24 19
2 5 1232 489.7800 -259.8200 6 1177 473.3101 -267.4800
1.4438972017e+002 4.4240627984e+001 2.6933029154e+002
133 131 113
2 5 1237 -873.8600 -267.6100 6 501 -855.7400 -55.2800
-9.1606669035e-001 -1.4897248554e+000 -7.5524344045e+000
72 72 69
2 5 1258 -197.4200 -321.4300 6 1549 -214.7500 -346.0300
4.3247981679e+000 -2.3093508687e+000 -8.9864035624e+000
114 75 43
2 5 1306 783.7700 -418.7400 6 1240 753.9800 -434.3100
2.9397748931e+000 2.5909121528e+000 -9.6970423788e+000
183 108 68
2 5 1328 493.4700 435.3800 6 1249 522.9000 447.5000
2.8599544678e+000 1.8993917685e+000 -9.4261691586e+000
103 70 55
2 5 1349 493.9200 328.3500 6 1286 515.7500 329.2000
2.8684321148e+000 1.8369937841e+000 -9.4675781180e+000
130 94 85
2 5 1351 493.7400 316.1600 6 1287 513.7900 317.2500
3.0335614271e+000 1.9277297542e+000 -9.0918671895e+000
165 164 154
2 5 1352 543.6100 345.4900 6 1289 567.0400 339.3400
3.2372409643e+000 1.9202152369e+000 -9.1214163994e+000
59 29 21
2 5 1353 578.1400 343.0300 6 1290 602.9301 336.3100
3.2372409643e+000 1.9202152369e+000 -9.1214163994e+000
59 29 21
2 5 1354 578.1400 343.0300 6 1291 602.9301 336.3100
2.9123780283e+000 8.2013568998e-001 -9.4062777554e+000
127 106 110
2 5 1414 504.2100 142.0800 6 1370 513.8600 135.2600
2.9887736076e+000 8.3108508986e-001 -9.2426445458e+000
141 132 125
2 5 1416 527.2200 146.5100 6 944 536.1899 136.1000
3.2630912501e+000 2.5655856624e-001 -9.0344407717e+000
74 47 36
2 5 1445 588.6801 46.2700 6 1407 592.0100 28.1200
1.4586364891e+000 -1.7431900876e-001 -9.2335676508e+000
157 134 121
2 5 1465 257.1600 -30.7500 6 1428 252.9100 -35.6200
-1.1909954360e+000 -2.2652971084e-001 -7.8919796193e+000
106 118 114
2 5 1469 -246.2300 -46.7400 6 1436 -257.8200 -66.7600
9.0474887277e-001 -3.3843135635e-001 -9.1966920607e+000
145 130 124
2 5 1473 161.1200 -60.0100 6 1040 152.6500 -62.4900
7.8435703630e-001 -5.2389441298e-001 -9.5837956511e+000
137 78 46
2 5 1486 133.1400 -89.0600 6 1063 126.1700 -83.5700
1.1746127478e+000 -8.5282381864e-001 -9.7268586218e+000
131 124 117
2 5 1502 197.0400 -142.8800 6 1475 187.4100 -136.1100
3.0249053945e+000 -9.1158496879e-001 -9.1837383767e+000
143 80 70
2 5 1508 536.6899 -161.7400 6 1485 526.2200 -174.7300
3.1374106663e+000 -8.0101911601e-001 -8.8818457633e+000
158 132 105
2 5 1509 575.4000 -146.9500 6 1129 565.8101 -167.3900
-2.9865985002e-001 -1.1889911992e+000 -9.4427821482e+000
113 76 58
2 5 1529 -51.9600 -205.1400 6 1482 -62.3900 -194.9600
-2.6079218301e-001 -1.2358000606e+000 -9.4678080036e+000
122 60 38
2 5 1531 -45.4900 -212.6400 6 1491 -55.7200 -202.0600
4.5751631401e-001 -1.2354203805e+000 -9.7513298475e+000
146 128 128
2 5 1534 75.7000 -206.3900 6 1117 65.9399 -194.6000
3.5283455064e+000 -1.2025615623e+000 -8.8679720864e+000
148 121 102
2 5 1546 647.9200 -220.9600 6 1517 633.6899 -242.3700
1.7108156640e+000 -1.4456273960e+000 -1.0045034262e+001
47 38 36
2 5 1565 277.9200 -234.5200 6 1500 264.3700 -222.9800
3.0693113934e+000 -1.8662878109e+000 -8.6958395862e+000
181 108 72
2 5 1603 574.6300 -349.7000 6 1556 551.9700 -368.2200
2.8949919542e+000 2.3071227611e+000 -9.6847717906e+000
130 68 47
2 5 1647 486.3800 388.1900 6 1824 512.7400 397.2700
2.9683596215e+000 2.3121708871e+000 -9.3694915888e+000
168 91 62
2 5 1648 516.2100 402.1100 6 1589 542.8300 405.4700
5.1837494963e+000 1.8626830384e+000 -9.7012743027e+000
147 123 100
2 5 1665 870.6200 312.8600 6 1614 904.4600 306.8700
3.0936180805e+000 1.0438668306e+000 -9.1660472224e+000
132 107 76
2 5 1709 549.8700 185.5700 6 1659 562.6700 174.0200
4.4931081674e+000 1.0137467471e+000 -9.4569141210e+000
130 100 75
2 5 1711 774.9800 174.6700 6 1661 791.5300 161.7700
-1.2397329422e+000 -1.9951673820e-001 -7.8854023113e+000
75 84 83
2 5 1752 -255.7500 -41.2700 6 1706 -268.8700 -61.0200
1.1902170557e+000 -4.4551811269e-001 -9.3178902939e+000
146 123 102
2 5 1766 208.3400 -77.9200 6 1716 200.8900 -79.5200
-1.0560289048e-001 -5.9689759526e-001 -9.2023342574e+000
122 86 61
2 5 1772 -19.1300 -105.6600 6 1929 -27.4800 -102.6000
7.7576115638e-001 -5.9919786579e-001 -9.3168116072e+000
152 99 59
2 5 1773 136.0800 -104.8200 6 1724 126.8101 -104.0400
-1.1056215803e-001 -1.4348684714e+000 -9.6328833042e+000
134 52 53
2 5 1809 -19.7200 -242.6400 6 1508 -29.7400 -229.2000
3.3337599696e+000 -1.6584482585e+000 -8.8132829985e+000
69 47 35
2 5 1832 616.1700 -306.6200 6 1797 595.6100 -325.5500
2.9493449651e+000 1.9462549346e+000 -9.5145590645e+000
78 41 29
2 5 1865 504.8199 333.3200 6 1832 527.1500 335.7700
2.9720073272e+000 1.2473405388e+000 -9.4351870987e+000
126 69 55
2 5 1889 513.0500 215.4200 6 1858 527.5800 211.0600
1.9875637175e+002 -3.7505434782e+001 3.6719051077e+002
127 131 132
2 5 1894 -882.6700 166.5400 6 1999 -876.8500 379.4700
2.4934285431e-001 1.0124054181e+000 -9.2362588086e+000
114 85 61
2 5 1898 44.8000 178.5500 6 2159 43.2800 183.2800
2.4500357773e+000 2.0813717621e-001 -9.5391134554e+000
51 31 26
2 5 1928 418.9000 35.5400 6 1895 419.2900 31.9800
3.6249413463e+000 1.8502715159e-001 -9.0424960610e+000
155 123 112
2 5 1931 652.5400 33.3500 6 1905 657.6300 13.2300
-3.5365320741e+000 6.2277110172e-002 -9.1361412347e+000
66 41 37
2 5 1933 -631.0700 11.1500 6 1893 -642.2600 30.7800
4.3779305024e+000 -1.7508405524e-001 -9.2444972345e+000
150 123 104
2 5 1947 771.2000 -30.8600 6 2059 772.8700 -50.8200
1.8477503452e+000 -3.2534521589e-001 -9.6711314480e+000
49 24 26
2 5 1951 312.0900 -54.8500 6 1708 305.8900 -53.1400
2.0028971538e+000 -3.7858490002e-001 -9.9235629452e+000
79 34 43
2 5 1952 328.7900 -62.1600 6 1917 324.4600 -56.7700
5.4448256861e-002 -4.7642517898e-001 -9.1274513987e+000
131 83 43
2 5 1958 9.5500 -85.0400 6 2060 1.2100 -84.4100
3.0625647827e+000 -4.0296943255e-001 -9.2203449113e+000
135 125 124
2 5 1961 541.0500 -71.2100 6 1926 536.8500 -84.6600
3.8268959769e+000 -6.2555688369e-001 -9.1768924748e+000
161 124 108
2 5 1971 680.1400 -111.0800 6 1934 672.4399 -129.1000
5.4447797644e-001 -1.5193835803e+000 -9.8015780066e+000
148 134 133
2 5 1992 90.8700 -252.6100 6 1767 77.3700 -239.0100
5.4447797644e-001 -1.5193835803e+000 -9.8015780066e+000
148 134 133
2 5 1993 90.8700 -252.6100 6 1768 77.3700 -239.0100
3.1446511508e+000 -1.4609219164e+000 -8.7830922872e+000
133 102 77
2 5 2004 583.3101 -271.0300 6 1962 565.0800 -290.8100
4.6638113181e+000 -1.4835217196e+000 -9.1430177022e+000
143 68 47
2 5 2006 831.1400 -264.3900 6 1963 812.8500 -284.5100
4.5021733230e+000 -1.5716764631e+000 -9.0730955904e+000
143 67 43
2 5 2008 808.1801 -282.2600 6 1968 789.0800 -302.5300
4.5021733230e+000 -1.5716764631e+000 -9.0730955904e+000
143 67 43
2 5 2009 808.1801 -282.2600 6 1969 789.0800 -302.5300
3.7585993641e+000 -2.0087714184e+000 -8.8294765658e+000
152 118 98
2 5 2025 693.4600 -370.7100 6 1978 667.6700 -389.0200
2.5635603080e+002 -1.4031216309e+002 7.5002841469e+002
138 139 135
2 5 2068 -557.4000 304.8900 6 1985 -549.1100 512.4100
2.6932243755e+000 1.5952703559e+000 -9.5726545588e+000
97 71 67
2 5 2072 458.2900 271.5500 6 2151 474.9000 273.5200
2.9938316403e+000 1.1072021709e+000 -9.4996283205e+000
123 65 51
2 5 2083 512.9700 189.9300 6 1869 526.6100 185.8700
1.4247460780e+002 -4.5134298815e+001 4.1841029822e+002
129 129 121
2 5 2087 -554.8500 175.7700 6 2001 -546.1600 379.2400
5.6946518021e-001 9.9232721905e-001 -9.2774138399e+000
110 80 59
2 5 2090 99.3800 174.3300 6 2161 101.9301 177.8300
3.0026489094e+000 8.3266974960e-001 -9.4807774636e+000
125 63 48
2 5 2098 515.6600 143.1200 6 1878 525.9600 137.3500
2.9006300262e+002 1.6328722195e+001 5.0557350398e+002
177 167 127
2 5 2122 -935.4700 -52.5300 6 2023 -923.1400 156.5300
2.9006300262e+002 1.6328722195e+001 5.0557350398e+002
177 167 127
2 5 2123 -935.4700 -52.5300 6 2024 -923.1400 156.5300
3.1732178937e+000 -5.0118743238e-001 -8.8568494513e+000
69 40 27
2 5 2135 583.4500 -92.2000 6 2065 577.8700 -114.0700
8.3427698402e-001 -1.1156705906e+000 -9.7088672547e+000
36 26 24
2 5 2151 139.9500 -187.2400 6 2071 129.2400 -178.3700
1.7842150055e-001 -1.3806922206e+000 -9.6487200078e+000
43 35 33
2 5 2161 30.4600 -233.1900 6 2080 17.7400 -220.9500
2.2625231821e+002 -6.8121386822e+001 4.1351975974e+002
163 172 172
2 5 2220 -892.2300 268.5400 6 2114 -889.7600 485.4900
2.2625231821e+002 -6.8121386822e+001 4.1351975974e+002
163 172 172
2 5 2221 -892.2300 268.5400 6 2115 -889.7600 485.4900
1.2869277224e+002 -5.3632987402e+001 3.4061237360e+002
127 114 115
2 5 2222 -615.4000 256.5400 6 2119 -608.9900 466.0900
1.1396179104e+002 -5.4528260489e+001 3.1576238084e+002
114 113 115
2 5 2223 -588.2700 281.4100 6 2116 -580.6600 491.6600
1.1936797479e+002 -4.6373760422e+001 3.3435912625e+002
115 111 110
2 5 2230 -581.4500 225.9600 6 2127 -574.0800 433.2400
1.1936797479e+002 -4.6373760422e+001 3.3435912625e+002
115 111 110
2 5 2231 -581.4500 225.9600 6 2126 -574.0800 433.2400
1.8648697089e+002 -7.4139183951e+001 5.5176777935e+002
149 153 153
2 5 2234 -551.4800 219.0400 6 2128 -541.6800 422.9500
2.8061004374e+000 1.3754886507e-001 -9.4525693341e+000
63 34 30
2 5 2252 483.7500 23.7100 6 2181 484.9399 16.4900
1.7023661600e+000 -1.1234635283e-001 -9.5479304732e+000
36 20 21
2 5 2259 290.4600 -19.1700 6 2187 287.2800 -19.1500
2.3427930040e+000 -5.8065316883e-001 -9.8034923325e+000
105 39 53
2 5 2265 389.1000 -96.5000 6 2199 383.5699 -94.7500
2.3427930040e+000 -5.8065316883e-001 -9.8034923325e+000
105 39 53
2 5 2266 389.1000 -96.5000 6 2198 383.5699 -94.7500
1.0949833804e+000 -7.9594171302e-001 -9.6492243027e+000
36 22 24
2 5 2272 184.9200 -134.4100 6 2201 176.0000 -128.7900
1.0949833804e+000 -7.9594171302e-001 -9.6492243027e+000
36 22 24
2 5 2273 184.9200 -134.4100 6 2202 176.0000 -128.7900
1.6480437218e+000 -1.4068726324e+000 -1.0123818125e+001
139 124 122
2 5 2286 265.0699 -226.4300 6 2215 253.2400 -213.5600
-1.3599977252e+000 1.7421834394e+000 -8.1525686024e+000
74 69 75
2 5 2353 -271.9300 348.2200 6 2278 -279.4500 345.1800
2.6110141184e+000 1.7977994058e+000 -9.6214602104e+000
57 52 56
2 5 2359 442.1100 304.4700 6 2283 460.1801 309.3000
1.1783639254e+002 -4.3383773944e+001 2.7934875980e+002
111 109 112
2 5 2362 -687.1400 253.0300 6 2270 -681.8700 465.5200
4.9492298187e+000 -9.0547903909e-001 -9.3625989122e+000
157 105 57
2 5 2396 861.0300 -157.5900 6 2320 852.6899 -176.9700
3.4255074414e-001 -1.4664303491e+000 -9.7568844421e+000
151 132 136
2 5 2411 56.7400 -244.8700 6 2222 45.2800 -231.3900
2.6727556866e+000 -1.6207070658e+000 -9.1911422045e+000
59 49 46
2 5 2420 473.2600 -287.3100 6 2333 456.3700 -295.1500
-2.1986918030e-001 -1.7681886326e+000 -8.4368382944e+000
134 106 85
2 5 2424 -42.4500 -341.5000 6 2337 -59.2700 -347.5400
2.4975543171e+002 1.1885046960e+002 4.6160850425e+002
144 124 97
2 5 2430 -882.6500 -419.3800 6 2321 -858.8700 -204.3300
-1.1484399703e+000 2.2412663610e+000 -8.1129552893e+000
66 70 73
2 5 2439 -230.2800 450.1100 6 2362 -236.1100 451.0600
1.9104201183e+002 -5.2262534669e+001 3.5527630379e+002
112 120 125
2 5 2459 -876.4000 239.7300 6 2360 -873.6500 455.6800
3.3871044140e+002 -6.5889788756e+001 5.8714047961e+002
156 165 164
2 5 2464 -941.0400 183.0300 6 2365 -935.9700 396.4400
2.5433273278e+002 -4.5298975732e+001 4.5574682200e+002
105 106 110
2 5 2466 -910.4500 162.1400 6 2367 -904.0200 374.7100
2.1159284314e+002 -4.1533892810e+001 4.1226955551e+002
98 102 105
2 5 2467 -836.1800 164.1400 6 2462 -831.3400 375.4100
-5.8894750739e-001 -8.0563311185e-001 -8.0873889949e+000
34 23 21
2 5 2496 -118.8900 -162.3000 6 2417 -131.6000 -179.8100
3.7025689947e+000 -1.9313693600e+000 -8.9548387519e+000
151 64 57
2 5 2518 672.9900 -351.4300 6 2438 650.1500 -367.4700
-5.9649773057e-001 -1.7717134037e+000 -7.9924876549e+000
33 25 23
2 5 2519 -121.5300 -361.2100 6 2436 -138.9600 -374.6600
8.5155128716e+002 5.8258207525e+002 2.2290189043e+003
134 117 91
2 5 2528 -622.5500 -425.8700 6 2419 -607.6900 -220.5600
-1.1030229064e+000 1.9823168347e+000 -7.9177112860e+000
223 113 114
2 5 2536 -227.3400 407.9900 6 2531 -232.7400 400.9100
2.8720485454e+000 2.1372144991e+000 -9.5915862662e+000
77 50 38
2 5 2540 487.7900 363.0800 6 2465 511.2600 369.0700
2.0112661669e+000 1.2065621816e+000 -1.0695199598e+001
46 28 24
2 5 2556 307.3800 183.7800 6 2475 314.3101 205.2700
-1.0670767384e+000 6.9028897240e-001 -7.7956303826e+000
218 112 112
2 5 2558 -223.6200 144.3400 6 2477 -232.3300 122.8400
7.8964398326e-001 2.1466134260e-001 -9.1590699198e+000
144 85 46
2 5 2603 139.4800 38.2500 6 2544 138.1700 35.6200
2.3160447263e+000 1.3943394122e-001 -9.6165103651e+000
91 68 62
2 5 2605 392.3300 23.6300 6 2546 392.7900 22.0600
-1.2165251714e+000 -3.2641029361e-001 -7.9272101924e+000
71 80 77
2 5 2608 -250.1000 -67.0900 6 2548 -262.4100 -85.9100
2.5095624311e+002 1.0166765027e+002 5.0920095794e+002
35 106 168
2 5 2619 -802.4200 -325.4300 6 2491 -786.3400 -116.0800
5.8132298707e+002 2.8654473855e+002 1.1730181928e+003
124 150 156
2 5 2624 -807.3200 -398.0700 6 2553 -788.7400 -187.8400
2.7782732213e+002 1.6783012011e+002 6.6651318142e+002
153 161 162
2 5 2625 -679.6700 -410.2400 6 2555 -662.5800 -202.3800
1.1950900405e+000 8.9078037230e-002 -8.9077856735e+000
52 27 22
2 5 2648 219.4500 16.2500 6 2580 214.1100 6.3600
1.0638102607e+000 -2.6225899600e-001 -9.1161197181e+000
160 129 116
2 5 2649 189.8400 -46.8600 6 2583 184.2100 -52.0100
3.4646417817e+000 -1.0410685005e+000 -9.1095381273e+000
132 43 37
2 5 2653 619.8101 -186.2200 6 2586 607.5000 -202.6600
3.8799857556e+002 2.0212828304e+002 7.2245642631e+002
44 33 31
2 5 2656 -874.6700 -455.9500 6 2587 -853.1600 -240.2600
1.4999972909e+000 -1.1165857069e+000 -1.0013592320e+001
138 118 117
2 5 2670 244.3900 -181.7100 6 2584 233.4800 -170.9000
4.3805154986e+000 5.0914802583e-001 -9.0197136980e+000
148 122 105
2 5 2684 791.9000 91.9800 6 2618 801.7200 68.1700
