# Bundle file v0.3
60 598
0 0 0
0 0 0
0 0 0
0 0 0
0 0 0
0 0 0
0 0 0
0 0 0
0 0 0
0 0 0
0 0 0
0 0 0
0 0 0
0 0 0
0 0 0
0 0 0
0 0 0
0 0 0
0 0 0
0 0 0
0 0 0
0 0 0
0 0 0
0 0 0
0 0 0
1.6158425414e+003 5.3174483434e-002 -7.2641093845e-002
9.9955922254e-001 2.9151183718e-002 -5.6186414233e-003
-2.9099936724e-002 9.9953602079e-001 8.9964892381e-003
5.8782928011e-003 -8.8290216785e-003 9.9994374544e-001
-6.3850629156e-001 3.2574598184e+000 -3.8444109798e+000
1.6083139688e+003 6.0982114010e-002 -8.4287804080e-002
9.9815375548e-001 5.9606365551e-002 -1.1668830446e-002
-6.0469958895e-002 9.9326273273e-001 -9.8856096626e-002
5.6977617843e-003 9.9379197797e-002 9.9503332133e-001
-6.2219779523e-001 2.5083556631e+000 -3.3848622446e+000
1.6030953911e+003 6.7654666782e-002 -1.0759487353e-001
9.9667703102e-001 8.0420809638e-002 -1.2937898369e-002
-8.1451426405e-002 9.8544322703e-001 -1.4922235571e-001
7.4898165744e-004 1.4978030473e-001 9.8871901941e-001
-6.6048673561e-001 2.4372252075e+000 -3.4673307199e+000
1.6055526895e+003 8.7823657496e-002 -1.5669216854e-001
9.9232570860e-001 1.1371698427e-001 -4.8560637695e-002
-1.2193045789e-001 9.6519228463e-001 -2.3138024360e-001
2.0558489319e-002 2.3552558498e-001 9.7165068175e-001
-8.5037541890e-001 1.8627192825e+000 -3.6233636100e+000
0 0 0
0 0 0
0 0 0
0 0 0
0 0 0
0 0 0
0 0 0
0 0 0
0 0 0
0 0 0
0 0 0
0 0 0
0 0 0
0 0 0
0 0 0
0 0 0
0 0 0
0 0 0
0 0 0
0 0 0
0 0 0
0 0 0
0 0 0
0 0 0
0 0 0
0 0 0
0 0 0
0 0 0
0 0 0
0 0 0
0 0 0
0 0 0
0 0 0
0 0 0
0 0 0
0 0 0
0 0 0
0 0 0
0 0 0
0 0 0
0 0 0
0 0 0
0 0 0
0 0 0
0 0 0
0 0 0
0 0 0
0 0 0
0 0 0
0 0 0
0 0 0
0 0 0
0 0 0
0 0 0
0 0 0
0 0 0
0 0 0
0 0 0
0 0 0
0 0 0
0 0 0
0 0 0
0 0 0
0 0 0
0 0 0
0 0 0
0 0 0
0 0 0
0 0 0
0 0 0
0 0 0
0 0 0
0 0 0
0 0 0
0 0 0
0 0 0
0 0 0
0 0 0
0 0 0
0 0 0
0 0 0
0 0 0
0 0 0
0 0 0
0 0 0
0 0 0
0 0 0
0 0 0
0 0 0
0 0 0
0 0 0
0 0 0
0 0 0
0 0 0
0 0 0
0 0 0
0 0 0
0 0 0
0 0 0
0 0 0
0 0 0
0 0 0
0 0 0
0 0 0
0 0 0
0 0 0
0 0 0
0 0 0
0 0 0
0 0 0
0 0 0
0 0 0
0 0 0
0 0 0
0 0 0
0 0 0
0 0 0
0 0 0
0 0 0
0 0 0
0 0 0
0 0 0
0 0 0
0 0 0
0 0 0
0 0 0
0 0 0
0 0 0
0 0 0
0 0 0
0 0 0
0 0 0
0 0 0
0 0 0
0 0 0
0 0 0
0 0 0
0 0 0
0 0 0
0 0 0
0 0 0
0 0 0
0 0 0
0 0 0
0 0 0
0 0 0
0 0 0
0 0 0
0 0 0
0 0 0
0 0 0
0 0 0
0 0 0
0 0 0
0 0 0
0 0 0
0 0 0
0 0 0
0 0 0
0 0 0
0 0 0
0 0 0
0 0 0
0 0 0
0 0 0
0 0 0
0 0 0
0 0 0
0 0 0
0 0 0
0 0 0
0 0 0
0 0 0
0 0 0
0 0 0
0 0 0
0 0 0
0 0 0
0 0 0
0 0 0
0 0 0
0 0 0
0 0 0
0 0 0
0 0 0
0 0 0
0 0 0
0 0 0
0 0 0
0 0 0
0 0 0
0 0 0
0 0 0
0 0 0
0 0 0
0 0 0
0 0 0
0 0 0
0 0 0
0 0 0
0 0 0
0 0 0
0 0 0
0 0 0
0 0 0
0 0 0
0 0 0
0 0 0
0 0 0
0 0 0
0 0 0
0 0 0
0 0 0
0 0 0
0 0 0
0 0 0
0 0 0
0 0 0
0 0 0
0 0 0
0 0 0
0 0 0
0 0 0
0 0 0
0 0 0
0 0 0
0 0 0
0 0 0
0 0 0
0 0 0
0 0 0
0 0 0
0 0 0
0 0 0
0 0 0
0 0 0
0 0 0
0 0 0
0 0 0
0 0 0
0 0 0
0 0 0
0 0 0
0 0 0
0 0 0
0 0 0
0 0 0
0 0 0
0 0 0
0 0 0
0 0 0
0 0 0
0 0 0
0 0 0
0 0 0
1.3999766112e+000 -4.5342542854e+000 -7.6690707287e+000
141 54 61
4 5 1520 94.5900 -195.2400 6 1483 84.4100 -185.6400 7 1400 63.6800 -137.2800 8 957 52.2500 -120.3600
1.0160486366e+000 -4.7072889917e+000 -7.5797816952e+000
141 130 128
4 5 1533 39.6000 -219.5000 6 1492 28.6400 -209.0400 7 1399 9.4800 -159.0400 8 981 -0.6800 -139.6900
1.4574144278e+000 -2.0190871216e+000 -7.1260531311e+000
115 89 76
4 5 976 116.7700 167.8700 6 915 121.8300 167.7000 7 1266 107.8500 206.5800 8 1444 103.0601 203.4800
1.2111702819e+000 -4.9751937044e+000 -7.7885178638e+000
144 133 129
3 5 1813 65.1899 -254.4500 6 1766 52.9200 -240.2900 8 1315 21.8500 -167.7200
1.7723690299e+000 -1.8161219007e+000 -7.8191513435e+000
52 30 20
4 5 269 156.9900 183.1500 6 1331 159.5300 195.0400 7 1533 148.4301 234.6000 8 1436 150.3900 235.3400
1.7723690299e+000 -1.8161219007e+000 -7.8191513435e+000
52 30 20
4 5 268 156.9900 183.1500 6 1330 159.5300 195.0400 7 1534 148.4301 234.6000 8 1437 150.3900 235.3400
4.3939828067e+000 -3.6564185013e+000 -6.7866692983e+000
163 163 160
3 5 2134 565.1700 -89.4800 6 1933 560.4900 -111.9500 8 1733 504.5100 -92.7200
1.5410272558e+000 -2.0364601365e+000 -7.0977143885e+000
51 30 25
4 5 1702 130.1300 164.9900 6 1864 132.6801 165.5400 7 1759 119.8500 203.0800 8 1849 116.5100 197.9700
1.1789356632e+000 -4.6254449656e+000 -7.5499152285e+000
145 125 126
4 5 2407 63.2900 -209.2900 6 2209 52.0000 -199.6500 7 2135 33.2700 -150.7800 8 2021 21.8400 -133.6100
4.2690865892e+000 -5.8077587235e-001 -7.3697898898e+000
159 155 146
3 5 2450 531.4399 361.8400 6 2466 555.8400 361.2300 7 2412 543.8101 391.0100
4.3223546345e+000 -2.1508102135e+000 -7.0568977197e+000
161 157 154
4 5 2474 547.9500 137.4600 6 2397 556.6700 122.6400 7 2349 534.7600 153.5300 8 2196 524.8101 132.5700
4.3789304800e+000 -3.5861465243e+000 -6.9106130955e+000
156 151 148
4 5 2491 557.9301 -78.5500 6 2412 552.4100 -96.9600 7 2362 521.0800 -62.5400 8 2208 499.2600 -78.0700
3.8040152397e+000 -4.5299359341e+000 -7.1271996140e+000
37 26 24
4 5 2504 457.5200 -214.7000 6 2422 443.4399 -224.9600 7 2371 410.4399 -184.0100 8 2215 385.4800 -184.5500
4.0624699766e+000 -4.3710081970e+000 -7.1385751641e+000
125 107 102
4 5 2577 495.4900 -192.3600 6 2498 483.3400 -203.7500 7 2451 450.7300 -163.6300 8 2292 425.9200 -168.6400
4.4448916382e+000 -5.0950644931e+000 -6.8128717007e+000
171 170 165
4 5 2515 567.6600 -311.1400 6 2433 547.1200 -326.9400 7 2383 506.7500 -284.3500 8 2230 472.4600 -287.8700
4.4400146793e-001 -4.1567713620e+000 -7.3056123236e+000
99 70 54
3 5 613 -41.5200 -141.8200 6 1096 -49.4500 -134.8000 7 1373 -63.5400 -85.7500
1.5768653892e+000 -4.0104326096e+000 -7.5381266364e+000
148 108 60
2 5 583 123.5000 -123.3500 6 563 113.8700 -117.7500
1.6520082412e+000 -2.8229523996e+000 -6.9403805049e+000
163 120 78
2 5 1057 145.8199 48.9200 6 989 143.1100 44.2800
1.7026671246e+000 -2.8069193131e+000 -6.9944785214e+000
156 75 56
4 5 1438 152.9500 51.7900 6 1405 149.8900 47.9300 7 1319 136.1000 80.7100 8 365 123.0800 84.9700
6.1486169775e-001 -4.1066038959e+000 -7.1988134636e+000
119 84 66
3 5 1173 -14.3500 -136.9100 6 1081 -25.6800 -131.0600 8 481 -49.6300 -71.0900
4.7625342148e+000 -5.1525314704e+000 -6.6617173461e+000
158 111 89
4 5 783 625.7400 -326.0200 6 1207 603.4200 -345.6400 7 1454 560.0800 -304.8200 8 1047 522.4200 -310.0600
7.3707110442e-001 -4.9947696224e+000 -7.6413955547e+000
147 127 126
4 5 1227 -0.7500 -257.9900 6 1152 -12.8300 -243.7500 7 583 -31.9000 -192.7900 8 996 -41.2400 -168.0400
2.3945323113e+000 -3.4679699439e+000 -7.2498455531e+000
155 133 125
4 5 1756 247.8300 -49.5700 6 1707 242.8000 -54.5000 7 1354 221.9800 -14.5100 8 1514 208.4200 -12.7900
4.7791881188e+000 -5.5158005953e+000 -6.6214968795e+000
147 90 73
4 5 1614 629.7800 -384.7400 6 1226 603.0100 -401.6800 7 1460 557.0000 -359.0900 8 1379 517.0500 -361.5600
6.3444396720e-001 -4.3064513439e+000 -7.2760667620e+000
121 44 45
4 5 1786 -12.8000 -164.7800 6 1737 -23.3800 -158.2100 7 1631 -40.6100 -110.4300 8 1288 -48.4200 -94.1400
4.4743713410e-001 -4.2434414221e+000 -7.1426580742e+000
108 90 81
4 5 1976 -39.3400 -156.9600 6 1935 -50.8500 -151.0000 7 1826 -66.6500 -103.4700 8 1530 -76.6400 -87.7100
6.4950664109e+000 -7.1714983768e-001 -7.8554545047e+000
158 106 59
2 5 2355 822.4700 319.1900 6 2284 855.0500 315.4200
2.9465632337e+000 -3.2113941926e+000 -7.5988946438e+000
139 125 124
4 5 2260 320.4700 -15.0600 6 2188 317.6899 -15.5200 7 2120 296.4900 23.1600 8 1995 285.8600 22.3900
1.4796427791e+000 -3.7831573474e+000 -7.3388273348e+000
148 103 54
4 5 2389 112.1100 -91.9200 6 2316 104.0100 -88.9700 7 2252 85.9900 -45.2300 8 2125 75.0200 -37.3900
2.8725403620e+000 -3.7184320861e+000 -7.8236490038e+000
151 104 58
3 5 2390 301.2600 -85.5100 6 2197 296.8800 -81.5700 7 2253 273.6300 -40.3900
4.5625479635e+000 -3.6168431828e+000 -6.8004651549e+000
80 51 39
4 5 2492 591.9399 -84.1800 6 2413 586.2500 -106.8800 7 2363 553.2500 -72.9800 8 2209 530.1000 -89.6000
4.6044782443e+000 -5.0235009207e+000 -6.6133441291e+000
64 36 24
4 5 2517 603.8700 -306.3000 6 2435 582.8800 -326.9600 7 2384 540.9600 -286.1600 8 2232 505.3900 -293.2100
-8.1993978797e-001 -1.9622387132e+000 -5.6451098272e+000
66 71 74
4 5 2599 -253.8300 216.8200 6 2538 -261.9200 204.7600 7 2485 -268.4600 243.0900 8 2317 -270.7600 230.9400
1.7214146184e+000 -4.1469374509e+000 -7.4628069135e+000
141 124 123
2 5 621 143.4399 -144.2800 6 579 135.0000 -140.3100
1.4421797027e+000 -2.8166333653e+000 -6.9928525734e+000
150 111 70
3 5 1437 114.1500 50.5400 6 1399 110.4800 47.1800 7 932 95.0699 87.7200
1.8026747132e+000 -4.3872912619e+000 -7.7119120035e+000
149 131 127
4 5 1198 152.0900 -175.7300 6 609 141.3300 -167.6100 7 546 120.2300 -120.6600 8 505 107.5601 -106.8500
6.3749410735e-001 -4.1458399144e+000 -7.1802740855e+000
33 23 22
3 5 1174 -10.9500 -142.8700 6 1097 -22.4400 -137.5100 7 1033 -38.6900 -90.4300
1.6830819637e+000 -4.0911351866e+000 -7.5501247959e+000
137 120 115
4 5 1176 137.8000 -135.1100 6 1084 128.9200 -130.1400 7 1377 110.3500 -84.4300 8 485 95.8600 -72.7300
1.7074362592e+000 -4.3919919429e+000 -7.7168702208e+000
142 128 127
4 5 1521 137.7700 -175.6800 6 1120 128.7300 -167.5500 7 1388 106.5100 -120.0600 8 959 95.5900 -105.7200
6.8594228413e-001 -4.3694014656e+000 -7.2871885284e+000
125 108 101
4 5 1787 -4.5700 -174.7400 6 1748 -16.2500 -167.1400 7 1633 -33.1300 -118.6800 8 1295 -44.2500 -102.8700
4.4440070137e+000 -5.0925417550e+000 -6.8038549910e+000
171 170 165
2 5 2516 567.6600 -311.1400 6 2434 547.1200 -326.9400
4.1660860844e+000 -8.0576235535e-001 -7.6596689785e+000
86 49 40
3 5 896 501.8000 320.7900 6 828 523.3101 322.9500 7 757 511.4000 354.9400
4.2689220517e+000 -8.6414794151e-001 -7.1557838643e+000
125 92 73
2 5 897 540.3300 326.9600 6 830 562.8900 321.9600
-9.4097997500e-001 -4.3814233720e+000 -5.5721011525e+000
223 132 123
2 5 667 -289.0200 -197.6000 6 619 -302.7600 -212.7300
4.1605430954e+000 -1.8143656007e+000 -7.4031440884e+000
112 55 38
2 5 984 508.4000 182.0400 6 921 520.4900 175.9700
-1.2841916965e+000 -2.4483703956e+000 -5.9254211494e+000
236 227 152
2 5 301 -324.9400 131.8200 6 279 -335.6600 125.2500
1.6913686303e+000 -3.0580955104e+000 -7.1280449552e+000
140 94 74
4 5 1083 149.0699 12.9100 6 461 145.0500 10.4900 7 420 127.1100 51.1500 8 390 117.0500 51.1900
4.3411586749e+000 -4.4423420091e+000 -7.2700443542e+000
121 77 59
3 5 698 530.1801 -201.9000 6 633 518.1899 -212.5600 8 548 459.3101 -176.6500
4.2202440084e+000 -3.5675931491e-001 -7.0154852972e+000
192 165 138
3 5 870 541.7300 408.0000 6 810 569.9301 405.4000 8 66 566.7300 408.0300
3.9826630062e+000 -1.9633732684e-001 -8.0583777900e+000
77 48 26
4 5 1336 462.9700 392.7600 6 1270 487.9900 407.6000 7 1178 479.6100 441.2900 8 1085 492.6600 433.0800
3.8699311031e+000 -2.0855899719e+000 -7.8403838889e+000
66 47 41
4 5 1412 448.0601 137.7000 6 1367 455.5601 138.9600 7 1282 438.1400 172.9000 8 1187 433.5500 165.4300
4.0277377254e+000 -2.1769436619e+000 -7.8553686114e+000
88 64 59
3 5 1413 468.9800 124.4800 6 942 476.3199 124.3500 7 1284 457.5601 158.6800
4.2576574891e+000 -3.7297851324e+000 -7.3809331074e+000
132 107 103
3 5 1490 516.6000 -95.3900 6 1727 509.0000 -106.9700 8 1290 461.7100 -75.9000
-2.4753116157e+000 -3.8804928140e+000 -6.6878368882e+000
231 226 164
3 5 540 -493.8200 -94.1400 6 1057 -502.3200 -81.5800 7 461 -505.8100 -29.5800
-2.4753116157e+000 -3.8804928140e+000 -6.6878368882e+000
231 226 164
3 5 541 -493.8200 -94.1400 6 1056 -502.3200 -81.5800 7 460 -505.8100 -29.5800
9.7593165082e-001 -4.7464779057e+000 -7.5725709905e+000
45 35 33
4 5 1208 34.3000 -225.3300 6 1138 22.9600 -213.9200 7 1058 3.2700 -164.2200 8 982 -7.2500 -144.2200
4.2120388481e+000 -2.3975160969e-001 -7.3166988035e+000
160 97 64
4 5 1330 528.6400 412.8200 6 1260 554.8101 415.9600 7 1166 544.4100 446.2500 8 672 553.7200 425.7800
4.3024584255e+000 -1.1476221953e+000 -7.1284672768e+000
135 110 80
4 5 1359 545.3600 285.5600 6 1620 564.8300 277.1700 7 1518 549.4100 306.2200 8 1124 548.4700 283.8500
4.0195558011e+000 -2.1069275490e+000 -7.7030235668e+000
76 54 54
4 5 1716 473.2900 136.9400 6 1369 481.9700 133.3900 7 1283 463.8300 167.1500 8 1460 459.9700 157.5400
1.6275279048e+000 -2.7504406398e+000 -6.9326619292e+000
162 120 92
4 5 1428 142.6600 59.9100 6 1404 140.0500 55.5900 7 1311 124.0000 94.0100 8 1226 115.5900 89.7200
-2.6975711554e+000 -3.4014114464e+000 -6.8239284120e+000
234 219 156
3 5 1459 -517.5800 -19.2300 6 1003 -528.1400 -4.6300 8 851 -521.4200 70.7600
-2.6941948720e+000 -3.4023180135e+000 -6.8180760973e+000
234 219 156
4 5 1458 -517.5800 -19.2300 6 1002 -528.1400 -4.6300 7 1325 -530.6700 47.5800 8 850 -521.4200 70.7600
2.0880976804e+000 -3.5844025951e+000 -7.3022165838e+000
157 131 116
2 5 1476 201.9100 -65.8100 6 1441 195.1400 -66.8000
1.7743598020e+000 -3.7466432312e+000 -7.3079716992e+000
130 75 44
2 5 555 155.8900 -88.0600 6 1065 147.0500 -87.2800
4.3602878557e+000 -4.6508357999e+000 -7.1254155109e+000
139 76 59
3 5 1566 539.9301 -236.5500 6 1514 525.8199 -246.8000 8 1335 459.9399 -211.4400
2.7893258209e+000 -4.7736829073e+000 -8.2574147703e+000
136 120 122
4 5 1539 277.0200 -224.4100 6 1499 264.1400 -211.8400 7 1414 239.1500 -164.8400 8 1307 224.7500 -148.2600
4.1641279016e+000 -2.1482182623e-001 -7.3890548749e+000
187 163 112
3 5 1639 516.7800 415.1800 6 1582 544.2600 417.9800 8 1399 545.6100 430.9300
4.2270107872e+000 -3.9844383702e-001 -7.3764506789e+000
161 86 54
3 5 1337 525.4900 388.3500 6 1271 551.8199 389.3400 7 1183 541.2200 419.4300
4.3148303626e+000 -1.6391681180e+000 -7.0238180790e+000
143 112 84
4 5 1694 550.6200 213.9200 6 1642 565.2000 203.1200 7 1540 545.4800 230.7000 8 1447 539.9500 207.3800
1.7251914576e+000 -3.7124407876e+000 -7.4077911331e+000
146 93 54
3 5 1959 146.6899 -82.3000 6 1713 140.0699 -79.3600 7 1617 121.0000 -36.6100
4.4140667260e+000 -4.2813833774e+000 -6.9283261551e+000
73 46 27
3 5 1794 559.7200 -184.5100 6 1763 547.5000 -200.2700 8 1324 484.3300 -173.0900
4.3357418619e+000 -4.3627493432e+000 -7.1923233164e+000
136 78 59
4 5 1984 534.3000 -191.3900 6 1953 522.1300 -203.4700 7 1845 487.6600 -164.3300 8 1559 462.9600 -169.4600
1.3756012400e+000 -4.3886186533e+000 -7.5848745308e+000
147 59 57
2 5 1788 91.4399 -175.7500 6 1749 82.9399 -167.8600
1.6870234265e+000 -4.5579216418e+000 -7.7638819648e+000
141 125 125
4 5 1535 133.7400 -198.1200 6 1119 123.6899 -188.2500 7 1401 101.1600 -141.1000 8 961 90.5400 -124.2500
2.0351274607e+000 -4.6228388950e+000 -7.9350822188e+000
143 49 51
4 5 1800 180.1899 -206.3700 6 1751 168.7900 -194.8500 7 1403 146.9600 -147.2800 8 1296 133.0800 -131.2800
4.8005672276e+000 -5.7318536891e+000 -6.6539164097e+000
143 92 73
3 5 1621 629.5900 -417.5300 6 1563 601.5601 -433.8200 8 1378 512.3900 -388.0100
6.2810202619e+000 -1.4375083343e-001 -7.7724972665e+000
146 119 94
4 5 2052 798.5400 402.8900 6 1998 838.7700 402.7100 7 2066 827.1300 428.6700 8 1958 842.3300 403.2700
3.9958777774e+000 -4.8964957234e-001 -8.0503526490e+000
72 84 93
2 5 2055 464.8101 353.1900 6 2003 485.4800 365.3700
4.3406638080e+000 -9.5744766706e-001 -7.2572168398e+000
139 108 87
4 5 1873 546.5100 308.2300 6 1839 566.9100 306.9900 7 1723 552.8500 334.3100 8 1642 553.5400 312.2000
4.2043208299e+000 -1.4080790176e+000 -7.5376208880e+000
137 75 64
4 5 1880 510.1700 237.2600 6 1851 526.6801 235.7500 7 1739 510.0100 266.3900 8 1662 510.1801 250.4800
4.3235418868e+000 -3.7146737723e+000 -7.3118066039e+000
125 67 52
4 5 1962 528.5200 -95.3800 6 1728 524.2400 -104.5900 7 1823 493.0300 -69.5000 8 1732 472.9800 -78.7700
4.4394436998e+000 -3.8235330102e+000 -6.8066238732e+000
135 108 82
4 5 1968 571.7200 -115.6700 6 1939 563.7000 -136.8200 7 1834 530.8300 -100.9200 8 1744 505.4000 -116.2800
4.3330823611e+000 -3.8847158410e+000 -7.3082343405e+000
129 67 57
4 5 1966 529.5500 -119.4000 6 1932 523.0200 -130.5600 7 1824 491.0100 -94.0100 8 1540 471.0699 -101.1100
5.8404044341e-001 -4.5053044321e+000 -7.3093899617e+000
111 90 70
4 5 1192 -21.0400 -192.9300 6 1114 -32.1700 -184.3700 7 1398 -49.0600 -137.9900 8 954 -58.3500 -117.0200
4.3435410725e+000 -4.5392554370e+000 -7.2078402905e+000
133 64 52
4 5 1989 534.2100 -217.4000 6 1957 520.5900 -228.3500 7 1846 484.6801 -188.5600 8 1763 459.0200 -191.9400
2.1259700723e+000 -4.7364489994e+000 -7.9384498129e+000
40 34 30
3 5 1988 192.0601 -222.3200 6 1949 180.2200 -210.6500 7 1835 157.2700 -163.2500
4.8149656254e+000 3.3753513423e-002 -7.2884801386e+000
150 65 56
4 5 2199 618.5900 452.6400 6 2123 652.8199 454.1400 7 2051 644.8000 481.7500 8 2084 656.5200 458.9400
4.1552359270e+000 -5.7899800960e-003 -7.7413568880e+000
182 109 66
3 5 2201 500.2900 431.1100 6 2131 529.5699 440.9000 7 2060 521.5601 473.3300
4.0632213283e+000 -1.4291258263e-001 -7.9504250605e+000
162 121 64
4 5 2206 478.0100 403.4400 6 2129 504.9900 417.3500 7 2059 497.1500 450.3800 8 1955 509.3600 439.9900
7.7273660376e-001 -3.9336714803e+000 -7.1734013501e+000
126 58 46
3 5 2143 8.0100 -111.2600 6 1930 1.9300 -110.7900 8 1726 -26.9200 -49.9200
2.0906532642e+000 -3.9173033948e+000 -7.4632638067e+000
138 117 111
2 5 2144 198.4399 -112.9200 6 2063 189.3400 -110.9500
1.7252239148e+000 -4.4750129163e+000 -7.7323586572e+000
36 26 24
4 5 2150 139.9500 -187.2400 6 2070 129.2400 -178.3700 7 1986 108.5900 -131.0300 8 1894 96.6200 -115.9400
4.3939519531e+000 -4.8609453872e+000 -6.9877697305e+000
152 142 138
2 5 2167 551.2400 -270.6700 6 2092 533.5400 -284.2200
4.3837388195e+000 -4.8585501188e+000 -6.9667340790e+000
152 142 138
4 5 2166 551.2400 -270.6700 6 2091 533.5400 -284.2200 7 2018 495.1801 -243.7600 8 1922 464.4000 -246.7900
6.7897495697e+000 -7.3186415641e-001 -7.8721431475e+000
150 123 102
2 5 2219 863.3400 315.6000 6 2285 895.7500 310.5900
4.8140556930e+000 -1.5880199318e+000 -7.1603260296e+000
147 116 101
3 5 2236 618.4700 217.6700 6 2157 635.4200 204.5900 7 2083 615.1899 232.7700
2.6665835743e+000 -3.0337801588e+000 -7.4436700490e+000
140 123 124
4 5 2250 284.8900 11.4700 6 2179 282.9800 10.0300 7 2113 263.4800 49.0000 8 1988 253.1600 46.1300
2.6665835743e+000 -3.0337801588e+000 -7.4436700490e+000
140 123 124
4 5 2251 284.8900 11.4700 6 2180 282.9800 10.0300 7 2114 263.4800 49.0000 8 1989 253.1600 46.1300
2.9465632337e+000 -3.2113941926e+000 -7.5988946438e+000
139 125 124
4 5 2261 320.4700 -15.0600 6 2189 317.6899 -15.5200 7 2121 296.4900 23.1600 8 1996 285.8600 22.3900
6.4830954040e+000 -5.4911392271e+000 -7.2210554710e+000
156 124 99
4 5 2313 849.3199 -368.7900 6 2246 823.2000 -385.1200 7 2179 772.1200 -344.1900 8 2061 732.6200 -352.3300
4.1980303265e+000 -1.3735540641e-001 -7.1888529573e+000
183 185 178
4 5 2342 531.7300 433.2900 6 2276 560.5800 435.5100 7 2205 551.7000 464.4800 8 2086 560.8000 442.7100
5.8100181679e+000 4.2188498444e-002 -7.7215379613e+000
84 55 32
3 5 2444 737.0000 433.3800 6 2364 775.2700 435.0300 7 2311 766.0000 462.1900
4.3884026170e+000 -6.7369791031e-001 -7.0262442816e+000
69 44 31
4 5 2451 565.5300 359.2800 6 2370 590.6500 351.9500 7 2322 577.5699 380.7700 8 2175 581.6100 354.6700
2.7416965847e+000 -3.2467229800e+000 -7.6085142676e+000
36 20 21
4 5 2258 290.4600 -19.1700 6 2186 287.2800 -19.1500 7 2118 267.7500 21.4700 8 1993 256.8600 21.1600
1.1779857774e+000 -4.6256751568e+000 -7.5526715906e+000
145 125 126
3 5 2406 63.2900 -209.2900 6 2210 52.0000 -199.6500 7 2136 33.2700 -150.7800
4.0394283896e+000 -1.8816915353e+000 -7.5440975264e+000
116 102 101
2 5 2469 483.5800 170.4100 6 2386 496.0699 166.8100
-6.0468547645e-001 -3.1945136218e+000 -5.3518141538e+000
220 113 113
3 5 2565 -229.7500 5.8700 6 2483 -242.3300 -17.2400 7 2433 -251.8300 23.5100
3.0169413126e+000 -2.9504146294e+000 -7.6710561510e+000
35 25 26
4 5 2567 329.6000 21.6700 6 2482 328.8700 21.3500 7 2432 308.2300 60.1600 8 2270 300.1801 58.1700
3.6039761084e+000 -3.5387127939e+000 -8.1146688463e+000
99 32 49
3 5 2571 394.9500 -62.0500 6 2487 392.1300 -59.1200 7 2439 368.1000 -16.6500
7.1023744170e-001 -4.7426154674e+000 -7.5101512869e+000
142 121 119
4 5 2579 -4.5300 -224.5300 6 2497 -15.8000 -214.0600 7 2368 -32.5400 -161.6400 8 2213 -41.5300 -142.6900
4.4556829870e+000 -5.5401953145e+000 -6.6958954332e+000
189 192 182
4 5 2522 574.1600 -383.7900 6 2441 548.5900 -399.1400 7 2390 505.0300 -353.8100 8 2150 467.0100 -353.4900
-7.8310969587e-001 -2.7803644431e+000 -5.5587164841e+000
66 72 72
4 5 2602 -253.6300 77.5700 6 2543 -264.4400 60.9000 7 2487 -272.0700 100.8700 8 2323 -277.8000 92.8800
3.1728176082e+000 -3.7124188957e+000 -7.9777067722e+000
35 23 24
4 5 2610 340.1200 -85.2500 6 2550 334.1400 -80.4100 7 2497 311.4800 -38.7000 8 2330 298.2000 -34.4900
-7.4307240495e-001 -4.4194061676e+000 -5.4210822763e+000
76 82 81
4 5 2614 -259.0700 -208.5400 6 2557 -273.3000 -226.5100 7 2502 -285.6000 -178.3100 8 2288 -296.8100 -171.2400
3.6644070991e+000 -4.4613868351e+000 -7.8033232731e+000
143 52 69
3 5 2615 410.7800 -193.5300 6 2496 400.5800 -188.8700 7 2446 370.3700 -150.7700
3.6872288969e+000 -3.7433707504e+000 -6.9849625151e+000
40 26 26
2 5 2677 445.9600 -98.4800 6 2602 443.0699 -112.3500
-1.6217178025e+000 -2.1743027337e+000 -6.1537792024e+000
231 225 168
3 5 230 -371.1100 174.2700 6 902 -381.9700 175.7400 8 764 -382.6600 220.0400
4.1624054817e+000 -1.6820008477e+000 -7.4892594082e+000
102 58 51
2 5 212 505.0699 199.5500 6 226 518.9900 195.4100
5.6887715034e-001 -4.3983974434e+000 -7.2825541117e+000
119 98 90
3 5 645 -24.5800 -178.1700 6 602 -31.4000 -170.2300 7 544 -50.6400 -121.9700
4.3574833318e+000 -4.9404595049e+000 -7.1279695354e+000
149 103 87
4 5 733 538.4399 -279.0000 6 676 521.3500 -289.4900 7 628 482.9900 -247.3100 8 592 453.6400 -248.6300
4.2499184522e+000 -1.6865381575e+000 -7.4889871995e+000
124 62 53
2 5 958 517.8000 198.5800 6 896 531.9000 194.0100
1.7158699182e+000 -4.3991744782e+000 -7.7445363173e+000
135 122 121
3 5 649 139.3800 -176.6800 6 1121 128.7300 -167.5500 8 960 95.5900 -105.7200
3.2625298216e+000 -4.5806902929e+000 -7.0192000723e+000
62 31 26
2 5 1212 379.9000 -222.0200 6 646 364.6700 -230.8100
9.2952644173e-001 -4.7031561604e+000 -7.4991490253e+000
139 128 127
4 5 1206 28.9700 -220.3100 6 622 16.3000 -209.8100 7 562 -2.7200 -160.7300 8 527 -13.8500 -140.7500
9.3080604360e-001 -4.6991734805e+000 -7.4748529829e+000
139 128 127
3 5 1207 28.9700 -220.3100 6 623 16.3000 -209.8100 7 563 -2.7200 -160.7300
4.4826311711e+000 -5.3923271989e+000 -6.6925847082e+000
195 113 81
4 5 1293 579.4200 -361.9000 6 1214 554.7400 -376.5500 7 661 511.6100 -331.8400 8 629 474.8800 -336.4100
4.9428938242e+000 -4.4889753279e+000 -6.7890781888e+000
148 121 102
2 5 1545 647.9200 -220.9600 6 1516 633.6899 -242.3700
-3.5144310402e+000 -3.0418286995e+000 -6.8854722942e+000
84 67 54
2 5 1048 -637.0900 39.0200 6 1392 -649.5300 58.3700
1.7710444016e+000 -2.9474680133e+000 -7.0935557568e+000
138 65 47
3 5 1441 161.2200 29.3300 6 1416 157.7800 25.7100 8 1229 131.7300 64.0300
1.7698482716e+000 -2.9468562045e+000 -7.0969365121e+000
138 65 47
4 5 1440 161.2200 29.3300 6 1415 157.7800 25.7100 7 939 140.1000 66.2400 8 1230 131.7300 64.0300
-4.6207608780e-001 -4.1771033694e+000 -5.2196024831e+000
126 150 146
3 5 1515 -213.2600 -170.9000 6 1478 -228.0200 -195.6800 8 1300 -254.6200 -150.7400
-4.6809351934e-001 -4.1841308873e+000 -5.2678148545e+000
126 150 146
2 5 1514 -213.2600 -170.9000 6 1479 -228.0200 -195.6800
5.2688295833e-001 -4.6267077257e+000 -7.4056118078e+000
126 65 41
3 5 1532 -29.7400 -209.1600 6 1136 -40.9300 -199.1000 8 953 -66.6700 -128.8400
2.7893258209e+000 -4.7736829073e+000 -8.2574147703e+000
136 120 122
4 5 1538 277.0200 -224.4100 6 1498 264.1400 -211.8400 7 1415 239.1500 -164.8400 8 1308 224.7500 -148.2600
4.3472971999e+000 -1.6299241852e+000 -7.1183998199e+000
143 112 84
2 5 1693 550.6200 213.9200 6 1643 565.2000 203.1200
2.0965579650e+000 -3.2469935493e+000 -7.0429428104e+000
154 135 128
4 5 1749 209.1400 -16.8100 6 1701 204.1899 -21.9300 7 1595 185.0200 17.2400 8 1506 173.0000 14.6200
4.6974670109e+000 -4.9339398317e+000 -6.4977698831e+000
139 64 58
2 5 1596 625.7000 -296.2300 6 1539 605.1801 -319.7900
-4.4406286091e-001 -4.1140152216e+000 -5.2184866457e+000
82 94 94
4 5 1973 -209.9400 -159.7300 6 1944 -224.1200 -184.3400 7 1642 -236.6800 -140.0700 8 1545 -251.5500 -140.9400
-3.9265134194e-001 -4.1867938044e+000 -5.1512451578e+000
149 172 170
3 5 2149 -202.6200 -173.9400 6 2078 -217.4300 -200.8100 7 1994 -231.2600 -155.9100
2.0660904536e+000 -4.4232033455e+000 -7.8371202444e+000
36 23 29
4 5 2152 186.5800 -179.7600 6 2072 176.1801 -171.4600 7 1988 154.3900 -125.0600 8 1738 141.5200 -110.4600
2.0660904536e+000 -4.4232033455e+000 -7.8371202444e+000
36 23 29
4 5 2153 186.5800 -179.7600 6 2073 176.1801 -171.4600 7 1989 154.3900 -125.0600 8 1739 141.5200 -110.4600
1.2965531207e+000 -5.0416312386e+000 -7.8575826839e+000
45 34 35
4 5 2302 77.0500 -262.4000 6 2085 64.3500 -247.7100 7 2006 43.4400 -196.9100 8 1908 31.5000 -173.3300
4.7183888836e+000 -1.1322062464e-001 -7.2565491646e+000
151 123 102
4 5 2203 605.2500 432.5000 6 2132 637.7700 432.6900 7 2062 628.2900 461.1400 8 1956 638.8000 437.1400
4.1552359270e+000 -5.7899800960e-003 -7.7413568880e+000
182 109 66
3 5 2202 500.2900 431.1100 6 2130 529.5699 440.9000 7 2061 521.5601 473.3300
3.8803800769e+000 -1.5548134765e+000 -7.3850077992e+000
131 109 105
3 5 2235 470.3199 221.0400 6 2156 482.5200 217.0400 7 2082 465.4200 248.2100
-5.9726623579e-001 -2.2059708897e+000 -5.5086379624e+000
75 83 85
4 5 2238 -219.2100 176.7600 6 2158 -229.0100 158.6800 7 2085 -235.9400 197.8400 8 1975 -241.9300 182.9400
6.9894694369e+000 -4.0600646556e+000 -7.5420873008e+000
149 124 107
2 5 2274 904.3199 -154.6400 6 2207 896.1400 -173.5900
2.7090264400e+000 -4.7934894327e+000 -8.2697265629e+000
139 124 122
4 5 2285 265.0699 -226.4300 6 2214 253.2400 -213.5600 7 2146 228.7100 -166.0100 8 2025 214.1600 -148.8600
4.3786939002e+000 -5.5452038105e+000 -7.1201903759e+000
183 104 66
4 5 2312 540.3300 -369.5400 6 2245 516.6100 -377.9700 7 2024 476.0500 -330.9400 8 1935 442.0699 -326.4000
4.3373682666e+000 -5.7916779207e+000 -7.4050063023e+000
195 160 78
2 5 2318 519.1000 -396.6600 6 2250 494.8900 -397.7100
-1.1822229118e+000 -1.1407671177e+000 -5.8867977063e+000
216 189 102
2 5 2349 -303.0800 349.9000 6 2369 -311.3200 350.1200
7.7116569513e-001 -4.2879159663e+000 -7.2781963529e+000
136 115 109
3 5 2400 8.5800 -163.6300 6 2318 -2.2100 -156.5000 8 2012 -32.9500 -93.7600
1.8551138472e+000 -4.1726031439e+000 -7.5756752485e+000
142 124 120
4 5 2393 161.3101 -146.7500 6 2319 152.1100 -142.2600 7 2255 131.6000 -97.2300 8 2128 119.4000 -85.3200
4.3792368732e+000 -5.6773763375e+000 -7.0455987116e+000
190 111 64
4 5 2429 543.6400 -392.1300 6 2251 518.6500 -400.2000 7 2178 476.8101 -353.2700 8 1936 441.0699 -347.6200
5.0587239261e+000 -3.8296849787e+000 -6.9813896826e+000
143 53 53
3 5 2494 657.4700 -118.3500 6 2416 649.6400 -137.8400 8 2211 588.2500 -120.7100
6.1713507412e+000 -3.2091038077e+000 -7.3079783978e+000
144 63 44
2 5 2485 804.7500 -28.7500 6 2410 806.8900 -49.0000
-9.0915271969e-001 -3.2162426823e+000 -5.5248983654e+000
223 119 116
3 5 2482 -279.0900 3.7100 6 2407 -290.5700 -16.4400 7 2357 -298.4300 29.6200
4.6696950133e+000 -5.7163562639e+000 -6.6793406286e+000
69 43 30
4 5 2526 608.5300 -412.9800 6 2445 580.2900 -428.3900 7 2293 533.9600 -383.1300 8 2235 493.5699 -381.0200
-6.0468547645e-001 -3.1945136218e+000 -5.3518141538e+000
220 113 113
3 5 2566 -229.7500 5.8700 6 2484 -242.3300 -17.2400 7 2434 -251.8300 23.5100
3.3836901725e+000 -1.4993179775e+000 -7.4626102844e+000
144 53 69
3 5 2598 395.5400 229.3600 6 2536 406.3300 228.1500 7 2483 390.4500 262.7200
-5.6065230154e-001 -4.0281632756e+000 -5.2894217368e+000
222 117 116
3 5 2613 -228.2300 -142.4200 6 2554 -242.2600 -165.9300 7 2500 -255.1300 -120.9500
4.5684493330e+000 -1.2995517354e+000 -7.0535111465e+000
148 60 56
4 5 2642 588.5300 264.6200 6 2573 606.9900 250.4200 7 2522 589.8400 281.4000 8 2346 589.3800 254.7800
-2.6582266544e-001 -8.9086150546e-001 -5.9057059528e+000
43 50 56
3 5 2683 -148.5200 386.7200 6 2617 -150.7100 381.3600 7 2566 -157.4800 422.0400
4.0980261397e+000 6.6875319372e-002 -7.6386078799e+000
203 163 89
2 5 8 497.4399 445.3000 6 9 527.0800 456.2700
4.1616322343e+000 -5.2732486771e-001 -7.5102637212e+000
120 73 60
3 5 73 509.4399 364.6000 6 73 534.2600 368.9900 8 65 530.2100 382.2200
3.7643618784e+000 -1.2500612845e+000 -7.4024220927e+000
97 74 68
2 5 126 452.9800 265.2300 6 135 469.1300 263.9100
4.1089235589e+000 -1.3034120939e+000 -7.4997945358e+000
136 106 101
2 5 131 499.3101 253.9100 6 863 515.0900 252.2100
-1.4201801532e+000 -1.7634826305e+000 -5.9821161040e+000
231 216 149
2 5 136 -342.4500 244.7000 6 151 -352.1600 243.2100
-1.2462196476e+000 -1.7831679730e+000 -5.9052200129e+000
228 219 163
2 5 137 -316.5600 242.6100 6 153 -325.3000 238.6000
-2.1119892333e+000 -1.9178875170e+000 -6.5327127471e+000
239 224 160
2 5 172 -432.8000 210.0700 6 146 -443.8700 220.6500
1.0380542473e+000 -1.9191988769e+000 -7.3031846436e+000
54 35 20
2 5 261 56.3100 180.6900 6 885 56.7000 187.4000
1.4479679036e+000 -2.1140558874e+000 -6.8921305500e+000
109 52 51
3 5 267 119.4700 157.1000 6 935 118.9000 154.4900 8 1180 101.6200 184.8600
1.6527911192e+000 -2.0650407583e+000 -7.0871974011e+000
57 33 26
3 5 271 147.0400 160.2600 6 260 149.8900 160.4700 8 783 131.7800 191.7800
-1.2786534448e+000 -2.4497383437e+000 -5.9058197710e+000
236 227 152
3 5 302 -324.9400 131.8200 6 280 -335.6600 125.2500 7 240 -341.3400 167.3700
1.4041458332e+000 -2.2734999235e+000 -6.6359871603e+000
112 80 67
2 5 313 114.5400 136.7900 6 292 113.0800 129.5700
1.4041458332e+000 -2.2734999235e+000 -6.6359871603e+000
112 80 67
2 5 314 114.5400 136.7900 6 293 113.0800 129.5700
2.6828200410e+000 -2.0433839669e+000 -7.5022320956e+000
112 82 74
3 5 318 291.6600 152.9800 6 1366 294.6600 154.4500 7 1554 278.5300 190.6300
2.6841724465e+000 -2.1817543122e+000 -7.3173250304e+000
59 35 34
2 5 319 294.5000 135.7300 6 300 298.2700 133.8800
4.4265678207e+000 -2.0575100107e+000 -7.0726583485e+000
73 53 39
2 5 325 563.3199 150.7200 6 309 573.1000 136.8900
-2.5767761110e+000 -2.6853463290e+000 -6.9030576509e+000
236 217 141
2 5 373 -492.6600 88.7100 6 316 -501.5000 104.1500
-4.6892123730e+000 -3.1195229688e+000 -6.7548335970e+000
73 43 33
3 5 404 -828.2800 33.1000 6 383 -841.6200 56.7100 7 903 -837.9500 114.3800
-2.7900155662e+000 -2.9242232493e+000 -6.9145029556e+000
230 216 155
4 5 421 -525.1100 53.1600 6 355 -535.3400 70.7800 7 317 -538.2300 121.6300 8 302 -528.0800 143.0300
-3.7727826324e-001 -2.9537391441e+000 -5.2234320729e+000
105 98 93
3 5 430 -191.5300 47.9600 6 451 -202.5100 21.4200 7 953 -213.0900 58.8800
-2.0420839881e+000 -3.1783393174e+000 -6.4011936950e+000
235 227 159
2 5 459 -433.8600 13.0800 6 440 -444.4400 17.2400
-2.0420839881e+000 -3.1783393174e+000 -6.4011936950e+000
235 227 159
2 5 460 -433.8600 13.0800 6 439 -444.4400 17.2400
-3.9562168046e-001 -3.1089789680e+000 -5.2828076488e+000
74 80 80
2 5 469 -193.9600 20.1900 6 487 -205.6900 -5.9700
1.0348843982e+000 -3.7134284010e+000 -7.1097119654e+000
143 86 53
2 5 550 48.8900 -81.2100 6 1062 40.1100 -80.2000
1.1851031947e+000 -3.7143294827e+000 -7.2310485619e+000
138 108 71
2 5 552 70.0900 -81.2400 6 541 62.2700 -79.0600
5.7648956201e+000 -4.2481571866e+000 -1.1760434319e+001
145 106 89
2 5 592 529.8700 -131.9800 6 549 524.0300 -93.7500
4.4057928947e+000 -3.8503012616e+000 -6.8212352481e+000
123 94 71
2 5 593 565.4600 -119.6000 6 589 557.3800 -139.5900
-1.0750734019e+000 -4.0499341129e+000 -5.6884716213e+000
230 204 124
2 5 606 -306.5500 -138.1100 6 576 -319.0900 -151.3000
4.3218703935e+000 -4.1397810548e+000 -7.2525481991e+000
145 110 98
4 5 629 530.3700 -157.1500 6 614 519.4399 -169.8100 7 548 487.3101 -130.6900 8 990 465.0601 -137.0200
4.4124389676e+000 -3.9783081307e+000 -6.8807378783e+000
114 87 64
3 5 630 563.1200 -138.5700 6 590 554.0200 -157.5500 7 549 519.9100 -120.7300
2.2238659328e+000 -4.6384497130e+000 -9.2180334676e+000
37 26 20
2 5 652 184.0300 -189.7800 6 581 179.5900 -163.9300
1.7033174905e+000 -4.7871990414e+000 -7.9211785414e+000
152 134 130
3 5 685 132.4800 -227.7700 6 1141 122.4100 -214.7100 8 984 88.5400 -147.0400
1.7045755044e+000 -4.7930039141e+000 -7.9593632990e+000
152 134 130
2 5 686 132.4800 -227.7700 6 1140 122.4100 -214.7100
4.2960646466e+000 -4.5352123217e+000 -7.2323223851e+000
147 114 112
3 5 699 525.9600 -215.9400 6 632 511.2600 -227.1100 8 549 451.6400 -189.4600
-3.9353270684e-001 -4.8729722407e+000 -5.1824056814e+000
79 85 84
2 5 746 -205.9500 -297.1900 6 691 -222.9400 -320.9000
3.9159082422e+000 -6.6536831642e-001 -7.3726223560e+000
63 36 25
4 5 887 478.6300 350.4000 6 1278 500.5800 352.2200 7 1195 489.9100 381.3000 8 1103 495.1300 365.1500
-4.1609075780e-001 -1.5340860018e+000 -5.3728536596e+000
60 38 32
3 5 902 -188.3400 296.9300 6 1616 -194.2000 279.9800 7 776 -200.5700 314.0300
4.0686863753e+000 -1.0193672154e+000 -7.6842829092e+000
62 39 31
3 5 909 487.0300 290.5000 6 845 504.1200 291.9400 8 742 496.6600 311.4300
-1.3269152940e+000 -1.6981381378e+000 -5.9939364128e+000
228 218 167
3 5 917 -326.1600 254.1200 6 851 -338.1700 256.2400 7 1232 -338.2900 292.3800
3.9764680690e+000 -1.2999458156e+000 -7.4925198949e+000
137 118 114
2 5 929 479.8700 255.0600 6 859 496.3101 253.8400
5.5665660814e-001 -1.8886628614e+000 -7.1873891293e+000
111 70 52
2 5 950 -14.3800 189.2700 6 1322 -14.1400 196.5700
2.1223569027e+000 -1.7324279614e+000 -8.1486575715e+000
104 76 62
2 5 954 199.3900 188.1200 6 1638 206.2800 202.5000
1.2307807557e+000 -1.9532957706e+000 -7.2488105160e+000
48 30 16
3 5 972 84.8900 175.8700 6 1349 85.8101 180.4400 7 1548 73.0300 219.7900
1.2307807557e+000 -1.9532957706e+000 -7.2488105160e+000
48 30 16
3 5 973 84.8900 175.8700 6 1348 85.8101 180.4400 7 1549 73.0300 219.7900
2.1146993353e+000 -1.8190614350e+000 -7.9392736006e+000
63 35 23
2 5 979 201.9600 179.8200 6 1332 207.1500 191.1100
4.5916159781e+000 -2.5487218706e+000 -6.9036372553e+000
62 36 23
3 5 1038 594.6500 77.5900 6 981 600.7300 60.1800 8 866 560.8400 64.9700
2.4119066848e+000 -3.2308043696e+000 -7.4275657911e+000
77 57 47
2 5 1110 247.1000 -15.6600 6 1427 244.7200 -16.3700
3.0383980062e+000 -3.1613492851e+000 -7.6639606470e+000
144 124 123
3 5 1112 331.2100 -8.3800 6 494 329.8800 -8.2300 8 393 298.7000 29.2000
2.1890863605e+000 -3.4516881964e+000 -7.1847619574e+000
146 112 69
2 5 1128 219.0699 -47.2500 6 1440 213.7600 -50.7300
8.7961579734e-001 -3.7745802840e+000 -7.0726881329e+000
123 64 34
2 5 1148 24.9400 -89.8000 6 1061 17.2700 -88.6900
3.4871944671e+000 -3.7645781546e+000 -8.0007901480e+000
111 43 59
2 5 1153 382.1000 -93.2900 6 1072 376.4301 -89.7700
4.6874330637e+000 -3.6007662516e+000 -6.9425623955e+000
76 38 33
3 5 1154 603.8300 -82.2000 6 1455 598.5500 -100.4000 7 1372 564.8900 -68.5100
1.4368408162e+000 -4.0267623117e+000 -7.4484792594e+000
125 109 104
2 5 1165 103.5601 -125.9300 6 1082 95.0000 -121.1000
2.1238016831e+000 -4.2755777359e+000 -7.8317294690e+000
146 59 68
2 5 1178 194.9000 -159.8000 6 1103 185.8300 -151.8500
-3.5855022934e-001 -4.2184519501e+000 -5.1217472826e+000
110 135 134
4 5 1191 -197.5200 -180.6300 6 1134 -212.1400 -207.2600 7 1395 -227.0300 -163.1300 8 994 -240.3700 -164.8400
3.1931174428e+000 -4.5432126141e+000 -6.9784043813e+000
86 57 48
2 5 1211 370.2000 -216.8000 6 629 356.7100 -226.1600
4.0678834100e+000 -4.8403838807e+000 -7.2521247515e+000
45 24 19
2 5 1232 489.7800 -259.8200 6 1177 473.3101 -267.4800
-3.3368265193e-001 -4.9936313234e+000 -5.1213699843e+000
72 72 69
2 5 1258 -197.4200 -321.4300 6 1549 -214.7500 -346.0300
5.9461167789e+000 -5.7900337069e+000 -7.0042813699e+000
114 75 43
4 5 1306 783.7700 -418.7400 6 1240 753.9800 -434.3100 7 689 703.1000 -390.3900 8 654 659.0500 -393.3400
4.1038775484e+000 2.7457778209e-002 -7.7307142444e+000
183 108 68
4 5 1328 493.4700 435.3800 6 1249 522.9000 447.5000 7 1157 515.8101 480.0700 8 1071 528.7800 466.1300
4.0410041622e+000 -8.0115345578e-001 -7.4334646868e+000
103 70 55
2 5 1349 493.9200 328.3500 6 1286 515.7500 329.2000
4.0671234106e+000 -8.6462619353e-001 -7.5276180023e+000
130 94 85
4 5 1351 493.7400 316.1600 6 1287 513.7900 317.2500 7 1204 501.3000 349.0100 8 1112 505.5699 332.9700
4.2450651908e+000 -7.6793457838e-001 -7.0297602468e+000
165 164 154
2 5 1352 543.6100 345.4900 6 1289 567.0400 339.3400
4.4881272016e+000 -7.6963566214e-001 -7.0700955679e+000
59 29 21
2 5 1353 578.1400 343.0300 6 1290 602.9301 336.3100
4.4881272016e+000 -7.6963566214e-001 -7.0700955679e+000
59 29 21
2 5 1354 578.1400 343.0300 6 1291 602.9301 336.3100
4.1787575323e+000 -2.0817508256e+000 -7.5275932779e+000
127 106 110
3 5 1414 504.2100 142.0800 6 1370 513.8600 135.2600 8 1208 488.5000 155.2800
4.2358359142e+000 -2.0757828944e+000 -7.2221308047e+000
141 132 125
2 5 1416 527.2200 146.5100 6 944 536.1899 136.1000
4.5816268180e+000 -2.7560141966e+000 -6.9771501775e+000
74 47 36
2 5 1445 588.6801 46.2700 6 1407 592.0100 28.1200
2.4426300377e+000 -3.3333293769e+000 -7.1856427851e+000
157 134 121
4 5 1465 257.1600 -30.7500 6 1428 252.9100 -35.6200 7 1598 231.1600 3.3500 8 1263 219.1600 1.6600
-7.0775461735e-001 -3.4992750954e+000 -5.4941994929e+000
106 118 114
2 5 1469 -246.2300 -46.7400 6 1436 -257.8200 -66.7600
1.7850736794e+000 -3.5481879844e+000 -7.1178202097e+000
145 130 124
2 5 1473 161.1200 -60.0100 6 1040 152.6500 -62.4900
1.6293477066e+000 -3.7547085043e+000 -7.3871085527e+000
137 78 46
3 5 1486 133.1400 -89.0600 6 1063 126.1700 -83.5700 8 901 95.7700 -35.4600
2.1210967879e+000 -4.1467949817e+000 -7.7446624874e+000
131 124 117
3 5 1502 197.0400 -142.8800 6 1475 187.4100 -136.1100 7 1380 166.6600 -91.2400
4.3489958398e+000 -4.1620343983e+000 -7.2021193660e+000
143 80 70
3 5 1508 536.6899 -161.7400 6 1485 526.2200 -174.7300 7 1068 493.0601 -135.0300
4.4655593559e+000 -4.0244664900e+000 -6.7932086403e+000
158 132 105
2 5 1509 575.4000 -146.9500 6 1129 565.8101 -167.3900
3.7468551847e-001 -4.6011863761e+000 -7.3838838951e+000
113 76 58
2 5 1529 -51.9600 -205.1400 6 1482 -62.3900 -194.9600
4.2139428614e-001 -4.6554172498e+000 -7.4147297772e+000
122 60 38
2 5 1531 -45.4900 -212.6400 6 1491 -55.7200 -202.0600
1.2777750930e+000 -4.6290918171e+000 -7.7735419734e+000
146 128 128
2 5 1534 75.7000 -206.3900 6 1117 65.9399 -194.6000
4.9428938242e+000 -4.4889753279e+000 -6.7890781888e+000
148 121 102
2 5 1546 647.9200 -220.9600 6 1517 633.6899 -242.3700
2.7839241208e+000 -4.8351088255e+000 -8.1636594761e+000
47 38 36
3 5 1565 277.9200 -234.5200 6 1500 264.3700 -222.9800 7 1416 239.9000 -175.0500
4.4401202440e+000 -5.3137947595e+000 -6.6420204740e+000
181 108 72
4 5 1603 574.6300 -349.7000 6 1556 551.9700 -368.2200 7 660 509.8199 -324.7900 8 1054 472.7400 -326.4500
4.0833215074e+000 -2.9471129703e-001 -7.8050721461e+000
130 68 47
3 5 1647 486.3800 388.1900 6 1824 512.7400 397.2700 7 1709 501.8101 429.5500
4.1530313620e+000 -3.0694035431e-001 -7.3625858790e+000
168 91 62
2 5 1648 516.2100 402.1100 6 1589 542.8300 405.4700
6.8261573150e+000 -7.5848278257e-001 -7.8318005196e+000
147 123 100
2 5 1665 870.6200 312.8600 6 1614 904.4600 306.8700
4.3425616747e+000 -1.8174995269e+000 -7.0960563963e+000
132 107 76
4 5 1709 549.8700 185.5700 6 1659 562.6700 174.0200 7 1558 543.1899 205.5100 8 1461 536.1000 180.6400
6.0242435376e+000 -1.8031896632e+000 -7.5178917783e+000
130 100 75
2 5 1711 774.9800 174.6700 6 1661 791.5300 161.7700
-7.6133141863e-001 -3.4676094825e+000 -5.4534681200e+000
75 84 83
3 5 1752 -255.7500 -41.2700 6 1706 -268.8700 -61.0200 7 1603 -278.8800 -18.3200
2.1276144990e+000 -3.6641488250e+000 -7.2859309082e+000
146 123 102
4 5 1766 208.3400 -77.9200 6 1716 200.8900 -79.5200 7 1606 179.6200 -36.3200 8 1513 166.4100 -34.5300
5.8353171591e-001 -3.8901196614e+000 -7.0835728835e+000
122 86 61
3 5 1772 -19.1300 -105.6600 6 1929 -27.4800 -102.6000 7 1365 -44.1600 -56.1500
1.6390207490e+000 -3.8631223730e+000 -7.2591171740e+000
152 99 59
2 5 1773 136.0800 -104.8200 6 1724 126.8101 -104.0400
6.0873758372e-001 -4.8821170958e+000 -7.5926883983e+000
134 52 53
3 5 1809 -19.7200 -242.6400 6 1508 -29.7400 -229.2000 8 979 -56.8300 -154.7800
4.7254293817e+000 -5.0390148004e+000 -6.7229115541e+000
69 47 35
2 5 1832 616.1700 -306.6200 6 1797 595.6100 -325.5500
4.1636999164e+000 -7.3043800041e-001 -7.5998655866e+000
78 41 29
4 5 1865 504.8199 333.3200 6 1832 527.1500 335.7700 7 1716 514.7100 365.7100 8 1623 520.9301 352.4400
4.1845676060e+000 -1.5807572272e+000 -7.4068647264e+000
126 69 55
4 5 1889 513.0500 215.4200 6 1858 527.5800 211.0600 7 1753 508.9000 240.6400 8 1663 507.1500 224.4700
9.4885704714e-001 -1.9506408005e+000 -7.1834844436e+000
114 85 61
3 5 1898 44.8000 178.5500 6 2159 43.2800 183.2800 7 2080 31.6800 223.6600
3.6246058504e+000 -2.8362450953e+000 -7.6069885824e+000
51 31 26
4 5 1928 418.9000 35.5400 6 1895 419.2900 31.9800 7 1791 397.9700 67.9000 8 1708 388.2400 61.8000
5.0299282291e+000 -2.8277522927e+000 -7.0360704837e+000
155 123 112
3 5 1931 652.5400 33.3500 6 1905 657.6300 13.2300 7 1804 628.0300 43.8700
-3.4591592680e+000 -3.2240100496e+000 -6.8795319674e+000
66 41 37
3 5 1933 -631.0700 11.1500 6 1893 -642.2600 30.7800 7 1788 -641.4000 84.6200
5.9187237199e+000 -3.2312313844e+000 -7.2420776032e+000
150 123 104
4 5 1947 771.2000 -30.8600 6 2059 772.8700 -50.8200 7 1981 738.5100 -21.7700 8 1883 720.7500 -44.0000
2.9091382819e+000 -3.4930819506e+000 -7.6928444774e+000
49 24 26
4 5 1951 312.0900 -54.8500 6 1708 305.8900 -53.1400 7 1814 285.2600 -12.8000 8 1720 273.1100 -11.6000
3.1127362728e+000 -3.5527881537e+000 -8.0793608693e+000
79 34 43
3 5 1952 328.7900 -62.1600 6 1917 324.4600 -56.7700 7 1815 303.6899 -14.6200
7.7425899456e-001 -3.7426347235e+000 -7.0044547653e+000
131 83 43
3 5 1958 9.5500 -85.0400 6 2060 1.2100 -84.4100 7 1820 -14.0600 -39.5000
4.3510272231e+000 -3.5471842636e+000 -7.1603572222e+000
135 125 124
3 5 1961 541.0500 -71.2100 6 1926 536.8500 -84.6600 7 1821 506.5699 -50.4200
5.2830392250e+000 -3.7883106304e+000 -7.1688977564e+000
161 124 108
2 5 1971 680.1400 -111.0800 6 1934 672.4399 -129.1000
1.3982505282e+000 -4.9794912837e+000 -7.9188024232e+000
148 134 133
4 5 1992 90.8700 -252.6100 6 1767 77.3700 -239.0100 7 1841 58.4600 -187.1700 8 1758 46.1400 -164.8300
1.3867349833e+000 -4.9525552866e+000 -7.7867445548e+000
148 134 133
4 5 1993 90.8700 -252.6100 6 1768 77.3700 -239.0100 7 1842 58.4600 -187.1700 8 1317 42.5400 -167.6300
4.5124858393e+000 -4.8195062653e+000 -6.7324896505e+000
133 102 77
4 5 2004 583.3101 -271.0300 6 1962 565.0800 -290.8100 7 1857 526.4100 -248.6600 8 1779 491.9600 -257.2900
6.3524037557e+000 -4.7971349223e+000 -7.2451376215e+000
143 68 47
4 5 2006 831.1400 -264.3900 6 1963 812.8500 -284.5100 7 1858 767.3101 -245.9400 8 1782 733.0500 -259.6800
6.1249924654e+000 -4.8960564666e+000 -7.0859233475e+000
143 67 43
3 5 2008 808.1801 -282.2600 6 1968 789.0800 -302.5300 7 1865 742.9700 -264.0300
6.1152634271e+000 -4.8926497117e+000 -7.0643855432e+000
143 67 43
2 5 2009 808.1801 -282.2600 6 1969 789.0800 -302.5300
5.2005769960e+000 -5.4211500988e+000 -6.6728574401e+000
152 118 98
3 5 2025 693.4600 -370.7100 6 1978 667.6700 -389.0200 7 1870 619.0200 -347.7300
3.8633497615e+000 -1.1645452933e+000 -7.6281401331e+000
97 71 67
4 5 2072 458.2900 271.5500 6 2151 474.9000 273.5200 7 2075 462.2200 304.9500 8 1966 464.2100 292.8900
4.2110398478e+000 -1.7460643699e+000 -7.4615628533e+000
123 65 51
4 5 2083 512.9700 189.9300 6 1869 526.6100 185.8700 7 1762 508.2400 217.2500 8 1675 504.0601 200.2000
1.3396295953e+000 -1.9647812741e+000 -7.2243520552e+000
110 80 59
3 5 2090 99.3800 174.3300 6 2161 101.9301 177.8300 7 2087 90.7100 216.4500
4.2241847554e+000 -2.0735896672e+000 -7.4180347388e+000
125 63 48
4 5 2098 515.6600 143.1200 6 1878 525.9600 137.3500 7 1768 505.6801 169.3400 8 1693 498.4399 152.0800
4.5099461750e+000 -3.6682615485e+000 -6.7912566821e+000
69 40 27
3 5 2135 583.4500 -92.2000 6 2065 577.8700 -114.0700 8 1893 520.9600 -96.5800
1.7227101251e+000 -4.4714726384e+000 -7.7107959884e+000
36 26 24
3 5 2151 139.9500 -187.2400 6 2071 129.2400 -178.3700 7 1987 108.5900 -131.0300
9.4793990287e-001 -4.8093912184e+000 -7.6201020575e+000
43 35 33
4 5 2161 30.4600 -233.1900 6 2080 17.7400 -220.9500 7 1999 -0.3400 -170.9300 8 1898 -12.1200 -149.2400
4.0430939149e+000 -2.9092363214e+000 -7.4747549727e+000
63 34 30
2 5 2252 483.7500 23.7100 6 2181 484.9399 16.4900
2.7416965847e+000 -3.2467229800e+000 -7.6085142676e+000
36 20 21
4 5 2259 290.4600 -19.1700 6 2187 287.2800 -19.1500 7 2119 267.7500 21.4700 8 1994 256.8600 21.1600
3.5617190643e+000 -3.7896302489e+000 -8.0765358326e+000
105 39 53
4 5 2265 389.1000 -96.5000 6 2199 383.5699 -94.7500 7 2128 361.5601 -47.8700 8 2005 346.5100 -48.0300
3.5617190643e+000 -3.7896302489e+000 -8.0765358326e+000
105 39 53
4 5 2266 389.1000 -96.5000 6 2198 383.5699 -94.7500 7 2127 361.5601 -47.8700 8 2004 346.5100 -48.0300
2.0211245883e+000 -4.0804618082e+000 -7.6326128332e+000
36 22 24
4 5 2272 184.9200 -134.4100 6 2201 176.0000 -128.7900 7 2130 154.7300 -84.2100 8 1892 142.7100 -74.8400
2.0211245883e+000 -4.0804618082e+000 -7.6326128332e+000
36 22 24
4 5 2273 184.9200 -134.4100 6 2202 176.0000 -128.7900 7 2131 154.7300 -84.2100 8 1891 142.7100 -74.8400
2.7090264400e+000 -4.7934894327e+000 -8.2697265629e+000
139 124 122
4 5 2286 265.0699 -226.4300 6 2215 253.2400 -213.5600 7 2147 228.7100 -166.0100 8 2026 214.1600 -148.8600
-9.6609017733e-001 -1.1702458417e+000 -5.7699130050e+000
74 69 75
4 5 2353 -271.9300 348.2200 6 2278 -279.4500 345.1800 7 2208 -281.0800 383.4700 8 2089 -281.0300 370.2500
3.7689784370e+000 -9.1431792645e-001 -7.7374439570e+000
57 52 56
3 5 2359 442.1100 304.4700 6 2283 460.1801 309.3000 7 2220 448.4500 342.4000
6.6294106499e+000 -4.0806932285e+000 -7.4194305322e+000
157 105 57
2 5 2396 861.0300 -157.5900 6 2320 852.6899 -176.9700
1.1492545804e+000 -4.9096602034e+000 -7.7737966042e+000
151 132 136
4 5 2411 56.7400 -244.8700 6 2222 45.2800 -231.3900 7 2141 25.3500 -181.1800 8 2022 14.9400 -158.6000
3.9345336441e+000 -5.0120172065e+000 -7.1390977262e+000
59 49 46
3 5 2420 473.2600 -287.3100 6 2333 456.3700 -295.1500 7 2164 422.4200 -251.5400
4.9515144908e-001 -5.2718481804e+000 -6.0847102266e+000
134 106 85
3 5 2424 -42.4500 -341.5000 6 2337 -59.2700 -347.5400 7 2282 -81.7000 -296.9200
-7.4250394862e-001 -5.7143717244e-001 -5.7331470933e+000
66 70 73
2 5 2439 -230.2800 450.1100 6 2362 -236.1100 451.0600
3.1060307171e-002 -4.1569010033e+000 -5.6747293045e+000
34 23 21
4 5 2496 -118.8900 -162.3000 6 2417 -131.6000 -179.8100 7 2366 -147.3500 -135.3400 8 2212 -161.6600 -133.8500
5.1554046692e+000 -5.3415082233e+000 -6.8639240446e+000
151 64 57
4 5 2518 672.9900 -351.4300 6 2438 650.1500 -367.4700 7 2391 603.3700 -325.1900 8 2151 567.4000 -331.5200
5.4469003976e-002 -5.3057366127e+000 -5.6124728942e+000
33 25 23
4 5 2519 -121.5300 -361.2100 6 2436 -138.9600 -374.6600 7 2388 -157.8800 -322.2900 8 2231 -175.8700 -306.5800
-6.7865584707e-001 -8.7798053359e-001 -5.5029978986e+000
223 113 114
2 5 2536 -227.3400 407.9900 6 2531 -232.7400 400.9100
4.0521409066e+000 -5.0826864188e-001 -7.6525575057e+000
77 50 38
4 5 2540 487.7900 363.0800 6 2465 511.2600 369.0700 7 2411 501.1700 400.2900 8 2245 508.0699 387.2700
3.0417209718e+000 -1.6375734530e+000 -8.9420059914e+000
46 28 24
4 5 2556 307.3800 183.7800 6 2475 314.3101 205.2700 7 2423 301.8400 245.3500 8 2318 306.4700 253.2300
-5.9239471650e-001 -2.4071264854e+000 -5.3705828377e+000
218 112 112
2 5 2558 -223.6200 144.3400 6 2477 -232.3300 122.8400
1.6227832005e+000 -2.8897756594e+000 -6.9840157536e+000
144 85 46
4 5 2603 139.4800 38.2500 6 2544 138.1700 35.6200 7 2489 121.5800 74.5900 8 2266 111.7400 70.7600
3.5152091722e+000 -2.9224195414e+000 -7.9225157935e+000
91 68 62
3 5 2605 392.3300 23.6300 6 2546 392.7900 22.0600 8 2325 362.4200 61.9700
-7.3019675412e-001 -3.6142946621e+000 -5.4872771759e+000
71 80 77
4 5 2608 -250.1000 -67.0900 6 2548 -262.4100 -85.9100 7 2496 -273.0700 -42.4900 8 2329 -283.8800 -43.3700
2.1426070874e+000 -3.0324014419e+000 -6.9520101841e+000
52 27 22
4 5 2648 219.4500 16.2500 6 2580 214.1100 6.3600 7 2490 197.2200 46.1700 8 2349 184.2200 42.3900
1.9703943211e+000 -3.4516830877e+000 -7.0110691359e+000
160 129 116
3 5 2649 189.8400 -46.8600 6 2583 184.2100 -52.0100 7 2531 163.6801 -11.5800
4.8254559896e+000 -4.2883661856e+000 -6.9917352847e+000
132 43 37
4 5 2653 619.8101 -186.2200 6 2586 607.5000 -202.6600 7 2537 569.7000 -168.7500 8 2354 540.9301 -177.2800
2.5097344185e+000 -4.4430482795e+000 -8.0781761851e+000
138 118 117
4 5 2670 244.3900 -181.7100 6 2584 233.4800 -170.9000 7 2534 210.2400 -124.3300 8 2352 195.6801 -111.0700
5.9032552902e+000 -2.4159965317e+000 -6.9855829684e+000
148 122 105
2 5 2684 791.9000 91.9800 6 2618 801.7200 68.1700
3.9583817550e+000 -8.6359360512e-001 -7.4850899794e+000
118 88 76
2 5 91 479.3900 318.1100 8 107 491.7000 334.9200
6.8405036230e-001 -1.8204547842e+000 -7.4379265658e+000
56 33 17
2 5 193 5.0800 193.9700 7 1250 -4.3800 245.7000
4.3779962558e+000 -1.9139965423e+000 -7.0781188519e+000
139 117 89
2 5 289 556.1500 172.2200 7 219 546.4000 187.8800
4.2756237263e+000 -2.5570177222e+000 -7.2642715415e+000
140 125 119
2 5 392 528.8700 75.1300 7 331 509.9800 95.5200
-4.6331053549e+000 -3.0898947916e+000 -6.7321239230e+000
105 81 71
2 5 403 -820.8600 37.6000 8 291 -808.7700 148.2600
-5.3841169038e+000 -3.2450945160e+000 -6.6999061624e+000
146 149 142
2 5 444 -941.9300 17.2800 7 307 -947.3900 103.6000
-7.7586289446e-001 -3.1967830757e+000 -5.5126508726e+000
230 141 133
2 5 464 -255.9000 6.0900 8 405 -283.3800 24.3300
1.6899052000e+000 -2.9918619458e+000 -7.0971914759e+000
127 68 36
2 5 472 149.2700 22.7200 8 881 118.7700 59.1900
1.6899052000e+000 -2.9918619458e+000 -7.0971914759e+000
127 68 36
2 5 473 149.2700 22.7200 8 880 118.7700 59.1900
4.3000549187e+000 -3.6730936827e+000 -7.4605632752e+000
118 68 57
2 5 562 518.7100 -87.4900 7 514 484.9700 -59.3700
1.6717550177e+000 -4.0334968032e+000 -7.5479374959e+000
129 78 48
3 5 584 136.2300 -127.4100 7 1036 109.2300 -75.1100 8 462 96.2100 -66.5200
4.4065901452e+000 -4.0277184290e+000 -6.8593666432e+000
119 93 70
2 5 631 563.2500 -146.3500 7 550 519.5500 -128.8800
3.9727123856e-001 -4.4559091664e+000 -7.2709161918e+000
33 20 12
2 5 644 -48.6700 -185.8700 8 498 -83.0900 -110.2700
4.3561986078e+000 -5.2487001789e+000 -7.0483534552e+000
177 119 106
2 5 776 542.0601 -327.5300 7 655 481.2200 -293.0300
4.1408135622e+000 -4.6453246504e-002 -7.5876634915e+000
171 104 58
2 5 858 505.3300 431.0100 8 666 538.1100 456.1300
3.9015285058e+000 -2.0306616361e-001 -8.7183064789e+000
87 56 36
2 5 882 427.7900 370.9500 7 1177 443.6200 429.2900
4.3200077291e+000 -7.7537379634e-001 -7.0899315850e+000
67 45 31
3 5 898 551.1400 341.9700 7 758 560.8400 363.7800 8 1115 565.1899 340.2100
4.3020424089e+000 -9.5699297452e-001 -7.1108599357e+000
144 111 91
2 5 911 547.3500 314.3600 8 744 555.1000 313.1300
3.5256469049e+000 -1.2855391518e+000 -7.3874659630e+000
127 58 65
2 5 928 418.7100 261.3200 7 783 418.5400 292.0500
4.3593807285e+000 -1.5522066478e+000 -7.1591790891e+000
137 108 84
2 5 944 550.4800 224.5400 7 825 547.3800 242.8900
6.7957770634e-001 -1.7490616001e+000 -7.6317093485e+000
113 86 66
2 5 952 5.4300 200.4700 7 1524 -4.3800 256.0700
4.3175665293e+000 -1.9874475420e+000 -7.1961654866e+000
77 59 55
2 5 985 540.5601 159.6200 7 1286 530.5601 178.1500
4.3339912213e+000 -1.9803242748e+000 -6.9961884710e+000
72 56 41
2 5 986 552.9800 163.8900 8 817 534.4500 156.1200
2.9844858608e+000 -2.2075241891e+000 -7.3782347706e+000
97 67 57
2 5 997 336.0000 130.0300 7 872 323.8700 162.3200
4.0996306356e+000 -1.9634468349e+000 -8.1388302717e+000
63 43 42
2 5 998 468.4200 149.8200 7 854 460.6400 188.8000
3.9423153765e+000 -2.1434412116e+000 -7.7754594179e+000
60 38 32
2 5 999 460.0900 130.3800 8 319 445.0300 154.8900
1.6670996239e+000 -2.9477520457e+000 -7.0685688955e+000
132 76 37
2 5 1060 146.1200 29.5500 7 934 125.7000 66.4800
1.6670996239e+000 -2.9477520457e+000 -7.0685688955e+000
132 76 37
2 5 1061 146.1200 29.5500 7 933 125.7000 66.4800
-3.7138788414e+000 -3.3185571897e+000 -7.0633381416e+000
74 54 47
2 5 1078 -659.1000 -2.1000 7 356 -668.6400 77.1600
-1.3261131974e+000 -3.2364947016e+000 -5.8325426154e+000
213 191 119
2 5 1081 -340.1000 1.5100 8 1234 -359.6100 39.9100
4.6088126834e+000 -3.2653523199e+000 -6.9146641017e+000
80 52 41
3 5 1118 594.2100 -30.4000 7 483 562.1700 -19.5900 8 914 541.6801 -36.2000
-8.8381647446e-001 -3.5466118769e+000 -5.5584927328e+000
82 91 92
2 5 1123 -275.3500 -53.7900 7 984 -296.6800 -26.4800
2.4500320407e+000 -3.4252358874e+000 -7.3437228831e+000
142 109 62
3 5 1134 255.5400 -44.0900 7 992 228.2400 -6.3700 8 910 215.3900 -5.4300
8.8409918632e-001 -3.7737841331e+000 -7.0309442336e+000
123 64 34
2 5 1149 24.9400 -89.8000 8 924 -7.4700 -37.2900
2.0454827571e+000 -3.6354359505e+000 -7.2042795208e+000
139 105 74
3 5 1152 197.8000 -74.0200 7 1352 168.9399 -32.9400 8 1270 156.9399 -32.8400
9.4071820352e-001 -3.9248699547e+000 -7.1910691198e+000
120 65 33
2 5 1161 34.2000 -111.4500 7 1014 7.1000 -62.2200
1.2130199967e+000 -4.5424077639e+000 -7.5944225199e+000
149 122 131
3 5 1194 68.8800 -196.3800 7 1060 37.6500 -139.1400 8 502 28.3800 -121.2400
4.4676587664e+000 -4.4069161674e+000 -6.7144442421e+000
150 125 94
2 5 1215 578.7400 -207.2400 8 1011 497.2000 -201.6200
4.4873499617e+000 -4.9212568873e+000 -6.5739915742e+000
62 40 27
2 5 1248 588.2000 -291.0300 7 1447 528.0500 -271.0800
4.0643804147e+000 -8.6699899785e-001 -7.5189012549e+000
130 94 85
2 5 1350 493.7400 316.1600 8 1113 505.5699 332.9700
2.3726698591e+000 -2.7547738813e+000 9.7632773217e-001
143 71 49
2 5 1369 949.1801 255.7900 6 686 955.6899 -284.5600
4.5942604481e+000 -2.0152228423e+000 -7.0548717760e+000
51 35 22
2 5 1400 589.1801 156.6700 7 1287 578.5900 169.8500
4.5942604481e+000 -2.0152228423e+000 -7.0548717760e+000
51 35 22
2 5 1401 589.1801 156.6700 7 1288 578.5900 169.8500
-3.5160282909e+000 -2.9770312212e+000 -7.0083254415e+000
68 44 34
2 5 1435 -631.1800 48.3000 7 1292 -641.3900 124.4000
1.7259670920e+000 -2.8560019446e+000 -7.0335598564e+000
144 64 41
2 5 1439 155.8500 43.0700 8 1227 126.9800 75.8600
2.5078855189e+000 -3.4296697284e+000 -7.2333055594e+000
155 129 115
3 5 1479 265.2200 -44.7100 7 1607 238.7900 -11.0900 8 1275 225.7800 -10.4400
2.5946620840e+000 -3.4476713547e+000 -7.3094950724e+000
101 74 63
2 5 1480 275.9600 -48.0400 7 1355 249.8700 -11.6200
9.6241676481e-001 -3.8299866886e+000 -7.1256985619e+000
151 92 62
2 5 1485 36.9600 -97.9600 8 927 2.4200 -42.5900
4.3030150481e+000 -3.6727776690e+000 -7.1966133530e+000
122 56 45
2 5 1491 532.1000 -89.2800 7 1371 495.7800 -66.3500
-6.8586298624e-001 -3.8299876997e+000 -5.3715299362e+000
234 127 133
2 5 1496 -247.9400 -105.5000 7 1029 -271.4600 -82.4200
1.5963714560e+000 -4.0073640453e+000 -7.5139026263e+000
148 99 49
3 5 1498 125.7700 -123.1300 7 1376 98.5200 -72.6900 8 1282 87.5300 -62.6500
4.4198434028e-001 -4.3401989902e+000 -7.1790463752e+000
120 40 51
3 5 1518 -40.7500 -170.6800 7 1049 -67.7800 -115.1800 8 478 -78.2700 -99.0900
3.4686845368e-001 -4.7354700364e+000 -7.3981598471e+000
124 81 47
2 5 1530 -55.9100 -224.2800 8 978 -92.5900 -139.9500
1.3818495914e+000 -4.8499279823e+000 -7.7944244965e+000
148 137 133
2 5 1557 90.4000 -237.5000 8 983 45.0700 -154.3700
6.1637748161e+000 -4.7862440702e+000 -7.1279095779e+000
149 122 97
2 5 1587 812.5699 -265.0200 7 1446 747.6500 -247.5400
4.4084143888e+000 -5.5992763331e+000 -7.0211124691e+000
183 109 65
2 5 1612 549.6899 -381.6400 8 1053 447.5400 -340.3400
4.5003182369e+000 -2.5402007143e-001 -7.2146781539e+000
78 48 37
2 5 1640 574.5300 414.3900 8 1400 603.0900 419.4300
5.0861328620e+000 4.3357652552e-002 -7.5733763077e+000
154 128 98
2 5 1641 642.0800 441.3700 7 1703 667.6000 472.8400
6.2476705900e+000 -1.4814779326e+000 -7.5570182489e+000
150 125 105
2 5 1697 804.9399 219.3100 7 1544 805.2400 231.7000
4.3377349325e+000 -2.0447072558e+000 -6.9775709882e+000
167 162 153
2 5 1717 554.7300 154.4300 7 1770 542.4100 168.0200
-8.4627613451e-001 -3.7261314491e+000 -5.4666973596e+000
219 126 118
2 5 1760 -272.6500 -85.6600 7 1613 -294.9400 -59.6600
4.3377978277e+000 -4.2179898399e+000 -7.2537304146e+000
131 69 57
3 5 1793 531.8199 -168.9700 7 1647 488.7200 -142.2500 8 1550 465.1100 -147.7000
4.5149337813e+000 -4.3368269452e+000 -6.7208644213e+000
129 53 44
2 5 1807 586.7300 -196.5700 7 1658 536.1000 -180.0900
6.6455722241e-001 -4.9854306056e+000 -7.5864338676e+000
44 25 18
3 5 1810 -11.0600 -257.3400 7 1653 -41.5900 -192.3700 8 1313 -50.9800 -168.0800
1.2107864593e+000 -4.9762940801e+000 -7.7871452489e+000
144 133 129
2 5 1812 65.1899 -254.4500 8 1314 21.8500 -167.7200
4.6890332420e+000 -4.9428914845e+000 -6.6646536759e+000
66 39 27
3 5 1831 615.0100 -292.9300 7 1679 552.9301 -272.5600 8 1577 517.5601 -281.1500
4.1568462474e+000 -9.1869147613e-001 -7.5668801820e+000
116 59 48
3 5 1870 504.2100 306.8800 7 1722 511.1700 339.0500 8 1634 516.2400 323.4700
4.2322005410e+000 -1.4100243779e+000 -7.2997905069e+000
148 138 133
3 5 1881 525.7500 242.3200 7 1740 524.7500 266.4200 8 1664 522.9900 247.1300
5.7932439788e+000 -1.4224750256e+000 -7.5704113636e+000
146 124 103
2 5 1883 738.0699 229.2100 7 1942 739.8400 245.5100
7.9083533279e+000 -1.0528109281e+000 -8.8181037267e+000
55 40 32
2 5 1885 946.4500 245.0400 7 1528 948.3101 272.7000
4.2751530571e+000 -1.9102026214e+000 -7.3049954787e+000
137 125 124
2 5 1901 529.6100 169.3300 7 1764 520.5400 190.7100
4.2751530571e+000 -1.9102026214e+000 -7.3049954787e+000
137 125 124
2 5 1902 529.6100 169.3300 7 1765 520.5400 190.7100
6.8032582544e+000 -2.5648027100e+000 -7.7887594292e+000
135 104 71
2 5 1919 863.1200 60.1000 7 1586 844.7100 72.4300
4.2749493881e+000 -2.7292512704e+000 -7.4169835205e+000
128 57 53
2 5 1929 520.8500 48.9900 7 1792 500.1100 72.8400
4.9435106790e+000 -2.7156170133e+000 -6.9735042682e+000
151 118 107
2 5 1930 643.7400 50.9200 8 1868 605.5601 37.2500
4.3481900483e+000 -3.8574588911e+000 -7.0548506140e+000
151 137 134
2 5 1969 544.6801 -118.1100 8 1743 482.0200 -108.5200
1.5302680748e+000 -4.4624091297e+000 -7.6515171177e+000
44 32 34
2 5 1980 114.6200 -186.1700 8 1536 69.7400 -114.1400
1.5302680748e+000 -4.4624091297e+000 -7.6515171177e+000
44 32 34
2 5 1981 114.6200 -186.1700 8 1537 69.7400 -114.1400
6.2691708383e+000 -5.0763560650e+000 -7.1799166155e+000
152 121 107
2 5 2016 822.3600 -307.4800 8 1787 716.4800 -298.2000
4.7905404923e+000 -5.3827322833e+000 -6.6607307363e+000
138 80 66
3 5 2024 629.6000 -362.3300 7 1684 559.5500 -337.1000 8 1791 521.1600 -341.9900
4.2612622137e+000 -2.4063202072e+000 -7.4600681515e+000
131 61 60
2 5 2105 518.1200 95.3500 7 1959 502.3700 119.7800
2.5138549211e+000 -3.0147846078e+000 -7.4151471033e+000
39 24 21
3 5 2113 264.0601 14.9000 7 1970 242.4000 52.7000 8 1867 232.3101 50.7200
6.2417403039e+000 -3.3087867117e+000 -7.3401695094e+000
154 75 56
2 5 2128 812.7200 -43.5600 8 1730 758.3600 -56.1500
4.0698497046e+000 -4.5876011758e+000 -7.0467023041e+000
86 66 59
2 5 2157 501.2300 -226.5800 7 2011 451.1100 -197.4900
4.0924949882e+000 -4.9915951571e+000 -7.2071812074e+000
65 82 100
3 5 2165 496.3600 -283.6200 7 1856 441.0300 -246.7800 8 1776 412.7300 -246.5900
5.0321348445e+000 -4.7717353225e+000 -6.6070855693e+000
148 122 100
2 5 2168 674.1700 -269.6100 7 2019 610.9200 -254.6300
6.8935004686e+000 -9.7370784980e-001 -7.9698425572e+000
150 124 109
2 5 2226 868.0300 279.0600 7 2076 880.3800 296.6900
3.9950508013e+000 -4.4848460096e+000 -7.1540519617e+000
123 106 98
3 5 2287 484.8101 -208.0900 7 2149 437.7700 -179.6400 8 2036 413.6801 -180.8100
5.0543382032e+000 -2.3308414988e+000 -7.2774425292e+000
147 59 55
2 5 2373 645.4000 104.9900 7 2244 627.9200 119.7600
6.5992063172e+000 -2.3646028249e+000 -7.6998532420e+000
157 110 56
2 5 2378 842.1200 89.8300 7 2245 825.7500 101.8000
-5.6442319461e-001 -4.2393021559e+000 -5.2798862439e+000
78 87 88
3 5 2399 -229.7700 -180.1400 7 2263 -257.9300 -156.3700 8 2020 -270.8600 -154.4500
4.4559185927e+000 9.5266270789e-003 -7.3418302153e+000
81 56 36
2 5 2440 562.4100 448.1100 7 2308 585.4800 479.8900
-1.9315461206e-002 -3.0236769440e+000 -5.8116932521e+000
23 19 16
2 5 2478 -119.6500 30.7800 8 2199 -149.9700 46.9200
-1.8980914549e+000 -3.1524681764e+000 -6.8463540313e+000
224 195 111
2 5 2688 -393.3100 15.2200 7 2571 -408.1400 76.1500
3.7987384519e+000 -7.1041994396e-002 -9.0566544507e+000
135 111 78
2 6 48 427.7200 405.7500 8 18 439.3800 449.3500
4.1742700147e+000 -3.0690047262e-001 -7.2408403560e+000
187 137 112
3 6 52 551.1400 407.6900 7 725 542.0000 436.7200 8 46 550.4500 416.0800
4.1541029871e+000 -1.0232739808e+000 -7.6588834360e+000
103 66 57
2 6 109 519.0100 291.8300 8 131 509.2300 309.0900
4.2139981674e+000 -1.0885336024e+000 -7.1343213175e+000
80 55 36
2 6 111 551.7700 287.9800 8 135 537.3900 294.2700
-1.4542873718e+000 -1.5525713302e+000 -6.0546012031e+000
235 226 159
2 6 117 -353.8100 278.9200 8 91 -354.9100 316.9300
-2.0894462393e+000 -1.9969097660e+000 -6.4271590297e+000
216 199 127
2 6 188 -445.3300 208.1800 8 144 -442.0600 261.2300
4.3063405196e+000 -1.5666934908e+000 -6.9897361291e+000
144 112 87
3 6 227 566.5601 212.7100 7 824 547.3800 242.8900 8 244 542.8400 218.0600
-1.5583206675e+000 -2.1986199088e+000 -6.0821097811e+000
232 222 180
2 6 237 -373.8000 170.3800 8 208 -376.4300 214.2000
-1.5583206675e+000 -2.1986199088e+000 -6.0821097811e+000
232 222 180
2 6 238 -373.8000 170.3800 8 209 -376.4300 214.2000
9.4840655136e-001 -2.0239638810e+000 -6.9934478795e+000
111 82 66
2 6 256 43.2000 173.0100 8 1160 29.9900 208.5500
1.9008576948e+000 -1.9569464858e+000 -7.4822149550e+000
62 34 25
3 6 261 181.8199 173.3000 7 209 170.2200 212.1600 8 230 166.4399 209.7200
7.1682412464e+000 -1.6799750034e+000 -7.9127597046e+000
104 90 81
2 6 276 931.8101 169.8100 8 287 907.5699 168.3100
3.9051024127e+000 -2.1702409324e+000 -7.7524984051e+000
88 64 60
2 6 305 463.1899 126.3500 8 318 439.8000 151.3700
3.9900595175e+000 -2.0875437759e+000 -7.8183420805e+000
84 63 58
3 6 306 473.9900 137.3100 7 874 454.9700 171.5200 8 813 451.7900 162.5500
-3.8654287533e-001 -2.4074123006e+000 -5.3080910116e+000
60 35 24
2 6 321 -196.9300 120.2500 8 313 -214.9900 140.0700
-1.2449790422e+000 -2.9009985347e+000 -5.7948609031e+000
233 215 136
3 6 398 -336.3000 47.0900 7 382 -342.8600 90.4100 8 353 -346.2900 90.2300
1.0312289144e+000 -3.9145081581e+000 -7.2996761851e+000
128 63 42
2 6 560 38.1000 -105.2000 8 454 11.0300 -48.5400
4.3207988403e+000 -3.9989579834e+000 -7.4182190326e+000
99 54 48
2 6 587 513.9600 -144.0400 8 511 462.1600 -111.5900
4.3231283497e-001 -4.3451568727e+000 -7.1998224385e+000
111 40 42
2 6 600 -53.4800 -164.5200 8 479 -78.2700 -99.0900
2.1958047520e+000 -4.6942826157e+000 -7.9838813245e+000
143 122 127
2 6 626 189.1100 -204.8100 8 531 152.7900 -140.6700
4.3696677113e+000 -4.8082809695e+000 -7.2308992294e+000
148 108 96
3 6 674 519.3400 -266.8300 7 605 483.6700 -224.2700 8 570 455.0800 -226.5600
5.8807089585e+000 -4.9957420307e+000 -7.0638738630e+000
159 124 93
2 6 710 751.6600 -315.3300 8 604 669.5300 -287.1500
-8.1411040213e-001 -7.0527138813e-001 -5.5319481707e+000
219 120 120
3 6 794 -256.3500 433.1300 7 1162 -259.2100 470.7100 8 1610 -257.9200 450.6600
-1.1084837407e+000 -9.5092159954e-001 -5.8316803575e+000
222 198 115
3 6 803 -299.6100 383.8500 7 714 -302.7600 423.4300 8 669 -301.2100 411.9000
3.8917123434e+000 -1.6335734340e-001 -8.3108742128e+000
136 105 76
3 6 807 466.6100 406.9300 7 722 457.1801 442.2500 8 1084 471.7100 438.9100
4.1476754460e+000 -1.0171461577e+000 -7.7804267988e+000
108 79 74
2 6 846 512.5300 291.4200 8 130 504.1600 310.7600
-1.3031488969e+000 -1.7260666362e+000 -5.9630470033e+000
228 218 155
2 6 866 -332.2100 248.4500 8 112 -336.3500 284.5300
4.2066048319e+000 -1.3531676189e+000 -7.4336557701e+000
127 64 53
3 6 875 531.8300 243.2500 7 795 516.3400 275.7900 8 756 516.2100 257.2900
1.8229948318e+000 -1.8949913268e+000 -7.6020585615e+000
34 18 15
2 6 917 169.9500 183.4000 8 768 156.6300 221.3900
1.6411307875e+000 -2.9052030455e+000 -7.0523118081e+000
149 80 47
2 6 991 139.5300 33.1700 8 856 113.9200 70.8800
-6.5662169710e-001 -3.0395068353e+000 -5.3737476662e+000
225 122 119
2 6 1006 -249.0300 10.8100 8 870 -266.4500 42.3500
1.9955869851e+000 -3.3674810784e+000 -6.9928115198e+000
147 116 54
3 6 1041 186.6100 -37.2100 7 969 170.9100 -3.5000 8 1259 156.7600 -1.4400
2.8793961804e+000 -3.5550951353e+000 -7.7103477234e+000
135 95 63
2 6 1048 301.0100 -61.3700 8 440 267.8000 -18.5100
1.3506875169e+000 -4.4607532273e+000 -7.5884185129e+000
157 119 117
2 6 1115 77.7300 -177.5200 8 956 46.8700 -113.7900
1.3511462627e+000 -4.4699108519e+000 -7.6132863150e+000
157 119 117
3 6 1116 77.7300 -177.5200 7 1050 58.3000 -130.2100 8 955 46.8700 -113.7900
8.8394343201e-001 -4.6715340075e+000 -7.4208405341e+000
34 25 20
2 6 1137 10.0300 -208.2200 8 526 -19.6800 -139.7000
4.4242703569e+000 -4.8514110097e+000 -7.2841444940e+000
129 64 52
3 6 1179 525.6000 -270.6100 7 1107 487.2300 -229.9100 8 591 459.9900 -229.9300
4.4866231158e+000 -4.9158554582e+000 -6.7387434440e+000
67 46 28
2 6 1190 559.7200 -304.2200 8 1042 484.8500 -268.9600
4.5086482904e+000 -4.9242868037e+000 -6.6451206265e+000
71 43 31
2 6 1191 566.9200 -309.3900 8 1358 492.2200 -276.5500
-1.1056728817e+000 -1.3153819382e+000 -5.8094525502e+000
218 194 106
2 6 1282 -301.9300 320.0600 8 1098 -304.9000 348.5200
-4.1646443394e-001 -1.4439018636e+000 -5.3551238012e+000
53 33 27
3 6 1294 -193.7500 296.3800 7 1213 -200.7600 331.2500 8 1119 -205.0300 308.9500
2.8211799576e+000 -1.4487759626e+000 -9.1964281632e+000
83 59 51
2 6 1318 282.1400 230.2500 8 1422 280.2000 282.4400
5.2571113555e-001 -2.0942130729e+000 -6.8654234005e+000
77 49 44
2 6 1343 -22.4200 166.1900 8 1158 -34.3600 203.5900
4.5730192697e+000 -2.0180764893e+000 -6.9886820981e+000
53 30 26
2 6 1371 601.1600 141.5800 8 1209 570.0300 146.0500
4.5730192697e+000 -2.0180764893e+000 -6.9886820981e+000
53 30 26
2 6 1372 601.1600 141.5800 8 1210 570.0300 146.0500
4.0947982972e+000 -2.2251637459e+000 -7.8720560008e+000
73 53 51
2 6 1381 485.2500 117.1800 8 1207 460.8101 143.3300
3.9296313453e+000 -2.5779062750e+000 -7.5899238454e+000
66 47 42
2 6 1387 468.2100 66.4700 8 1215 437.5300 91.4700
-5.3280502264e+000 -3.2357382607e+000 -6.6787088855e+000
83 57 38
2 6 1389 -948.2300 43.3400 8 1192 -914.4500 138.2600
-5.3280502264e+000 -3.2357382607e+000 -6.6787088855e+000
83 57 38
2 6 1390 -948.2300 43.3400 8 1193 -914.4500 138.2600
1.5137469971e+000 -2.7467133654e+000 -6.8726720720e+000
162 108 66
2 6 1400 123.2700 56.5600 8 1225 99.3300 90.7100
-4.6531383885e-001 -3.2651030849e+000 -5.2360761010e+000
78 91 93
3 6 1420 -220.7600 -34.0100 7 1330 -230.7100 6.5400 8 1249 -242.8300 -3.2600
2.4266716762e+000 -3.2371720804e+000 -7.4837921984e+000
81 61 52
2 6 1426 244.7200 -16.3700 8 1260 215.3900 23.9700
2.6857513909e+000 -3.3588092714e+000 -7.6178516897e+000
119 102 92
3 6 1429 278.3300 -33.9600 7 1340 257.9700 6.1300 8 1264 245.9200 8.0000
1.9509824261e+000 -3.3908355189e+000 -6.9072981969e+000
152 131 124
2 6 1438 180.4000 -43.7800 8 902 152.6899 -8.5200
1.9509824261e+000 -3.3908355189e+000 -6.9072981969e+000
152 131 124
2 6 1439 180.4000 -43.7800 8 903 152.6899 -8.5200
4.4448694383e+000 -4.4025963981e+000 -7.0243798703e+000
80 46 36
2 6 1504 545.8400 -216.1800 8 1003 482.2800 -184.7100
4.4192088348e+000 -5.2203798691e+000 -6.9186822149e+000
165 158 161
2 6 1553 535.6899 -340.2400 8 1368 461.8199 -297.8900
1.9262844093e+000 -1.6820420125e+000 -8.1501930838e+000
30 18 19
3 6 1636 178.9200 210.9600 7 1748 168.3600 251.0000 8 1648 170.9000 255.9000
2.5705620474e+000 -1.9307644589e+000 -7.7271197443e+000
42 18 13
3 6 1653 274.9800 171.3400 7 1551 260.3300 209.1700 8 1673 259.3400 205.6800
2.5705620474e+000 -1.9307644589e+000 -7.7271197443e+000
42 18 13
3 6 1654 274.9800 171.3400 7 1552 260.3300 209.1700 8 1674 259.3400 205.6800
4.2819581240e+000 -1.7688263659e+000 -7.1208974331e+000
89 64 44
3 6 1658 552.7100 181.5500 7 1557 533.5200 212.1200 8 1449 527.6801 190.4300
2.5702336896e+000 -2.2314124441e+000 -7.5066783665e+000
91 65 59
3 6 1668 276.4399 127.7400 7 1564 260.1600 165.0800 8 1458 256.3800 159.8200
4.3091454219e+000 -2.4041390619e+000 -7.3367116658e+000
136 125 123
3 6 1685 537.5300 87.6600 7 1582 514.9800 116.9600 8 1480 505.0100 103.3200
-3.4138323727e+000 -3.3142074187e+000 -6.9513747413e+000
113 87 70
2 6 1694 -631.0200 16.8200 8 1211 -617.1300 99.3200
2.3818913604e+000 -3.2844361451e+000 -7.2680647896e+000
42 25 22
3 6 1703 242.3900 -26.4700 7 1597 222.1600 13.1700 8 1508 210.4000 11.8000
5.8933230310e+000 -3.1234539942e+000 -7.2844464095e+000
133 101 73
2 6 1705 767.7800 -34.3100 8 1515 716.7500 -26.5100
2.9045602034e+000 -3.4913056089e+000 -7.6816182440e+000
44 24 15
2 6 1709 305.8900 -53.1400 8 1719 273.1100 -11.6000
-1.0467022809e+000 -4.0409715648e+000 -5.6579865235e+000
219 197 116
3 6 1733 -315.8200 -150.2100 7 1627 -324.8900 -103.3600 8 1527 -330.7500 -95.8000
6.7053299639e+000 -3.8005745659e+000 -7.5314336364e+000
142 110 82
2 6 1745 859.2600 -134.2900 8 1543 797.0800 -122.4300
1.1466061746e-001 -4.1502030098e+000 -5.7196805737e+000
21 19 20
2 6 1746 -116.8100 -179.0900 8 1535 -147.3400 -131.9500
2.1905005037e+000 -4.5926220024e+000 -8.0125255017e+000
143 55 63
3 6 1752 189.5100 -190.4900 7 1405 166.9301 -142.3200 8 1538 153.2900 -126.7800
2.0391983840e+000 -4.7554460029e+000 -8.0050262644e+000
151 131 131
3 6 1756 166.7400 -210.4800 7 1404 145.0100 -162.6100 8 1306 131.7000 -144.6800
1.4351068632e+000 -5.0748039339e+000 -7.9380632049e+000
44 34 32
3 6 1769 82.2700 -250.3100 7 1662 61.4000 -199.4900 8 1556 49.2800 -176.5100
1.4344747703e+000 -5.1733329318e+000 -8.0050959336e+000
162 117 63
3 6 1775 80.4900 -261.5900 7 1423 60.6800 -209.0900 8 1318 47.6400 -185.5400
6.2017606403e+000 -4.7449230740e+000 -7.2688565988e+000
142 104 78
2 6 1778 789.6400 -273.7200 8 1348 711.5400 -248.9700
4.4380657601e+000 -5.5059025568e+000 -6.9562329933e+000
187 183 174
3 6 1801 533.8800 -379.9300 7 1683 492.0300 -334.9500 8 1372 456.2900 -332.7000
7.3681092785e+000 -5.7617329704e+000 -7.5223929821e+000
61 37 30
2 6 1806 924.0200 -416.1400 8 1596 825.8900 -382.1500
7.9839198788e+000 1.1167387886e+000 -1.1318155285e+001
169 139 66
3 6 1817 845.8500 475.7700 7 1886 844.2500 513.4100 8 1602 884.3101 523.8000
-4.7018560527e-001 -9.0534169942e-001 -5.6526522793e+000
64 45 38
2 6 1820 -191.3700 389.5900 8 54 -198.2300 407.1800
-4.8404166994e-001 -1.3076662053e+000 -5.3353579531e+000
73 83 85
3 6 1827 -205.0300 321.6000 7 1712 -212.1600 358.9400 8 1625 -215.7500 334.4300
4.2902019722e+000 -9.6320966045e-001 -7.1012333433e+000
139 112 91
3 6 1838 566.9100 306.9900 7 1724 552.8500 334.3100 8 1643 553.5400 312.2000
-6.3844041803e-001 -1.6734953807e+000 -5.4562889004e+000
216 114 111
3 6 1841 -233.0700 255.7500 7 1725 -239.4000 291.7600 8 1647 -243.7100 274.4000
3.7766487214e+000 -1.3174754152e+000 -7.4623323141e+000
42 28 29
3 6 1844 466.6000 252.0200 7 1517 452.9200 285.7200 8 1425 452.9500 270.0200
6.2679024630e+000 -1.1572322015e+000 -7.5345208660e+000
139 104 73
3 6 1848 837.6200 254.3600 7 1742 818.2800 280.8600 8 1653 820.8500 252.6000
4.2324850555e+000 -1.7432047819e+000 -7.2123400706e+000
143 132 128
2 6 1870 541.1700 186.5600 8 1676 517.5900 196.8200
4.2191452906e+000 -2.2369147322e+000 -7.3590215539e+000
121 63 52
3 6 1883 525.1801 112.5500 7 1780 503.7200 143.8700 8 1694 496.1801 128.5100
4.2843203937e+000 -3.0678213456e+000 -7.3607853817e+000
122 59 49
2 6 1910 523.5699 -10.3900 8 1715 482.8300 11.7500
-9.3867579824e-001 -3.5910829709e+000 -5.5767093659e+000
92 97 100
3 6 1921 -296.7200 -77.6300 7 1813 -305.4900 -33.1300 8 1717 -311.9100 -32.2100
3.2575660682e+000 -4.1049938461e+000 -7.0165525008e+000
53 25 21
3 6 1936 369.7200 -161.5100 7 1830 342.8900 -119.7300 8 1740 320.6600 -124.3500
3.2627081647e+000 -4.1147597703e+000 -7.0440104021e+000
53 25 21
2 6 1937 369.7200 -161.5100 8 1741 320.6600 -124.3500
1.1781222387e+000 -4.4737335529e+000 -7.5835600434e+000
36 35 29
3 6 1945 53.5400 -177.4000 7 1827 33.8000 -129.5000 8 1736 24.3900 -112.8700
1.1781222387e+000 -4.4737335529e+000 -7.5835600434e+000
36 35 29
3 6 1946 53.5400 -177.4000 7 1828 33.8000 -129.5000 8 1737 24.3900 -112.8700
2.8165514568e+000 -4.7059540933e+000 -8.4218897471e+000
44 23 22
3 6 1950 265.9301 -198.7300 7 1836 241.7800 -151.2000 8 1750 226.0000 -133.5600
4.3834231512e+000 -4.3590328173e+000 -7.0489303588e+000
157 142 140
2 6 1954 535.8500 -208.2800 8 1762 473.8600 -176.6600
-4.7565841282e-001 -1.5810438339e+000 -5.3610658308e+000
216 118 119
2 6 2013 -206.2000 272.1500 8 1638 -215.9700 285.6300
5.8549261915e+000 -1.6093614391e+000 -7.4420793423e+000
148 122 100
3 6 2020 775.3400 191.3800 7 1949 752.8400 218.3300 8 1852 751.0400 192.3600
3.5870251422e+000 -2.2405772511e+000 -7.7615933136e+000
39 24 22
2 6 2041 415.9000 119.0800 8 1858 393.5601 146.9000
4.2456557722e+000 -2.5690801416e+000 -7.3733744675e+000
129 65 53
2 6 2045 523.9500 63.3100 8 1709 490.2800 81.7100
3.9508057492e+000 -4.2296497488e+000 -7.1062898002e+000
116 103 96
2 6 2075 469.6100 -183.1400 8 1899 413.8900 -149.0900
7.0282868288e+000 -4.0608953808e+000 -7.5826239791e+000
146 121 98
3 6 2076 898.7300 -172.7700 7 1995 855.8600 -140.9000 8 1902 830.5699 -159.6200
4.2308725508e+000 -4.5156837646e+000 -7.2390404151e+000
129 106 102
3 6 2081 502.4399 -222.9100 7 2002 468.4500 -182.2900 8 1912 442.5000 -185.5400
4.4280572603e+000 -4.2564122897e+000 -6.6629299512e+000
135 105 77
3 6 2082 563.6100 -205.9000 7 2003 526.9301 -170.3400 8 1764 497.6400 -182.7700
5.0364270867e+000 -5.5529206029e+000 -6.4967944001e+000
153 118 98
2 6 2104 649.7300 -417.9400 8 1794 557.8000 -379.6500
3.7057756474e+000 -5.6083839920e-001 -7.6370218277e+000
51 54 52
3 6 2138 459.9700 363.7500 7 2068 449.4100 397.2700 8 1957 457.3400 384.5400
1.6552902669e+000 -1.9400510259e+000 -7.4420979722e+000
107 80 59
3 6 2163 146.8900 178.3500 7 2088 135.2400 216.8100 8 2111 132.2000 215.8000
1.9418972950e+000 -1.8560793149e+000 -7.6734619209e+000
108 82 58
3 6 2164 184.8000 188.3000 7 2081 173.9700 226.3000 8 2108 174.9301 225.1700
-4.1873189082e+000 -3.2448806570e+000 -6.9953783452e+000
191 136 109
3 6 2170 -746.4700 36.0000 7 2104 -744.1600 91.5000 8 1977 -725.5700 124.2800
1.6183500025e+000 -3.2388337509e+000 -7.0262001490e+000
41 22 17
3 6 2185 132.7800 -16.7500 7 2117 115.3400 23.6800 8 1992 104.5200 23.8000
4.8681353055e+000 -3.0603967199e+000 -6.9577761901e+000
144 120 110
3 6 2190 633.5699 -21.4700 7 2123 602.7500 9.8400 8 1999 584.3700 -11.0400
2.4963472011e+000 -4.8154491516e+000 -8.1350064148e+000
56 33 31
3 6 2212 225.9900 -218.2300 7 2144 202.7000 -170.8300 8 2023 188.7000 -154.2000
2.4963472011e+000 -4.8154491516e+000 -8.1350064148e+000
56 33 31
3 6 2213 225.9900 -218.2300 7 2145 202.7000 -170.8300 8 2024 188.7000 -154.2000
-6.4021356804e-001 -1.3425651110e+000 -5.5481805026e+000
73 83 88
3 6 2282 -228.6100 313.9400 7 2216 -233.8400 351.3300 8 2091 -236.4200 332.8700
4.0656208491e+000 -1.2068995062e+000 -7.5473973651e+000
75 54 49
3 6 2293 506.8800 266.1100 7 2225 493.2400 298.1100 8 2102 496.4700 281.8000
6.5647014420e+000 -2.3702705680e+000 -7.6369336546e+000
157 107 56
2 6 2306 854.4600 74.3300 8 2122 816.9100 76.8600
4.2895263623e+000 -5.6137861149e+000 -7.4116883877e+000
180 146 72
2 6 2345 489.0601 -371.9800 8 2054 419.7500 -317.2000
4.2407006633e+000 -5.8627430074e+000 -7.6995548287e+000
109 79 51
3 6 2348 468.3400 -391.8900 7 2288 429.7100 -342.4700 8 2058 400.5100 -330.4300
1.9951528253e+000 -1.5816475928e+000 -8.1773075995e+000
39 20 21
3 6 2381 189.1899 224.0800 7 2335 179.0699 264.1400 8 2257 181.4600 268.9400
6.0971965528e+000 -1.5716474923e+000 -7.4962681944e+000
157 77 54
3 6 2383 808.0400 194.8500 7 2337 785.7400 221.2500 8 2188 784.8800 194.3800
2.8301225153e+000 -2.2195863041e+000 -7.2692826122e+000
96 67 59
3 6 2392 320.8101 126.8900 7 2345 303.6600 161.7500 8 2195 297.8900 152.5100
1.9137544042e+000 -4.6840242313e+000 -8.0115879571e+000
142 123 127
3 6 2421 150.9100 -199.9200 7 2265 129.1700 -151.7800 8 2133 116.1300 -133.3600
1.6600945819e-002 -5.1015038354e+000 -5.7963642703e+000
51 69 86
3 6 2432 -139.7900 -330.9200 7 2380 -157.9900 -279.9600 8 2226 -175.3000 -264.5800
7.0840841851e+000 -5.4737720905e+000 -7.5217495518e+000
149 120 102
3 6 2439 888.6200 -373.6500 7 2392 836.5699 -333.4400 8 2233 797.2200 -342.3100
6.0661030774e+000 -5.6616674087e+000 -7.0185870784e+000
98 57 35
3 6 2442 774.0500 -416.2400 7 2396 721.8000 -373.0200 8 2236 677.6300 -377.9900
6.6655680057e+000 -2.7000142616e-001 -7.8439467117e+000
147 122 102
2 6 2467 887.8600 380.2100 8 2314 889.1700 378.3400
3.9336085639e+000 -1.4558339434e+000 -7.3791693814e+000
117 99 97
2 6 2471 491.9200 231.9700 8 2258 475.6500 246.3100
3.3857429552e+000 -4.0637178740e+000 -7.9690479985e+000
94 75 66
3 6 2494 359.3000 -129.6300 7 2443 334.0200 -88.2100 8 2278 321.3600 -83.1900
3.3857429552e+000 -4.0637178740e+000 -7.9690479985e+000
94 75 66
3 6 2495 359.3000 -129.6300 7 2444 334.0200 -88.2100 8 2277 321.3600 -83.1900
4.2949406810e+000 -5.2277347229e+000 -7.2129336960e+000
63 38 26
3 6 2512 504.6300 -326.1300 7 2459 465.1700 -282.5400 8 2229 435.4900 -279.7600
2.4391788529e+000 -1.7456035385e+000 -7.9131072778e+000
106 75 55
3 6 2539 253.3900 198.9300 7 2486 241.6899 236.7200 8 2344 242.6500 235.9800
2.3263109756e+000 -3.7894912238e+000 -7.4541097904e+000
136 100 68
3 6 2614 225.2700 -95.5600 7 2562 203.9399 -52.1000 8 2381 190.6801 -48.6800
2.3263109756e+000 -3.7894912238e+000 -7.4541097904e+000
136 100 68
3 6 2615 225.2700 -95.5600 7 2563 203.9399 -52.1000 8 2382 190.6801 -48.6800
3.9181474115e+000 -3.4953046956e-002 -8.1760786386e+000
141 118 84
2 7 23 468.7300 462.0100 8 24 483.7500 457.8400
-2.2480699174e+000 -2.1839424831e+000 -6.5814772118e+000
232 220 146
2 7 164 -467.2500 226.7000 8 762 -461.1400 237.5300
1.4398144348e+000 -2.1668991851e+000 -6.7905625662e+000
54 20 18
2 7 253 104.9700 183.0800 8 275 99.5699 175.2200
1.3934269716e+000 -2.2338822428e+000 -6.5784740559e+000
84 45 42
2 7 254 98.9100 171.8300 8 273 91.1801 161.9900
4.8649731194e-002 -2.5555894932e+000 -5.8680653646e+000
46 76 88
2 7 297 -123.3100 131.4200 8 842 -130.7600 121.0900
-1.2479763434e+000 -2.9035399018e+000 -5.8079469807e+000
225 216 147
2 7 381 -342.8600 90.4100 8 354 -346.2900 90.2300
1.4928737675e+000 -2.8445393435e+000 -7.0446107869e+000
140 88 48
2 7 386 102.2400 83.1300 8 363 93.6100 81.8900
1.7896863632e+000 -3.0683464382e+000 -7.1398907957e+000
115 70 46
2 7 424 141.5100 48.6400 8 392 131.8700 47.8700
4.6459011224e+000 -3.2866127800e+000 -7.0268177019e+000
82 59 45
2 7 482 562.1700 -19.5900 8 915 541.6801 -36.2000
1.0884153336e+000 -3.9943300883e+000 -7.4075397462e+000
45 33 29
2 7 504 27.5300 -67.7000 8 456 18.9700 -56.4800
-4.3663331396e-001 -4.9094568631e+000 -5.2031299632e+000
72 85 85
2 7 639 -244.9400 -273.3300 8 597 -260.2200 -265.1500
5.0975917262e+000 -5.0011367080e+000 -6.9206726715e+000
151 123 107
2 7 640 600.2400 -273.7700 8 603 564.6100 -281.9000
-1.4213899029e+000 -1.1516769299e+000 -6.2214794517e+000
80 66 64
2 7 732 -344.1900 386.4300 8 1088 -338.8300 383.4300
-1.6063407036e+000 -2.1738325425e+000 -6.1256530901e+000
223 219 161
2 7 826 -384.6400 218.8400 8 763 -382.6600 220.0400
-1.8809701351e+000 -2.4512638632e+000 -6.2930196215e+000
230 225 162
2 7 862 -423.5100 178.0800 8 263 -420.7300 184.7700
4.2060136926e+000 -1.9928606950e+000 -7.2390108148e+000
113 64 58
2 7 875 511.7600 178.9400 8 815 505.4000 161.3400
1.6936952976e+000 -2.9065885574e+000 -6.9975639968e+000
162 107 76
2 7 935 130.9500 71.1000 8 857 121.9800 68.1100
2.4178541611e+000 -3.2213428809e+000 -7.4089280243e+000
87 68 51
2 7 972 225.5400 24.5400 8 1261 215.3900 23.9700
1.5473125760e+000 -3.9086707810e+000 -7.3341485136e+000
135 75 48
2 7 1017 94.4399 -63.5000 8 459 81.8600 -55.1900
4.3411709771e+000 -3.6957453926e+000 -7.1696928699e+000
138 132 135
2 7 1040 501.8700 -70.5900 8 1291 481.8300 -82.0600
6.7573450174e-001 -4.9460626862e+000 -7.6583913570e+000
137 131 123
2 7 1076 -38.9200 -183.7600 8 525 -48.7200 -160.7100
9.6688102793e-001 -5.3680623975e+000 -8.0086042071e+000
60 46 50
2 7 1103 -2.8500 -228.8500 8 559 -14.7300 -201.0400
-1.7359734059e-001 -5.8705860481e+000 -5.4377451069e+000
122 107 94
2 7 1150 -205.1100 -417.7300 8 647 -223.3200 -396.2800
4.4582970470e+000 -7.6671282840e-001 -6.9563220676e+000
57 24 20
2 7 1208 589.4500 364.4600 8 1117 592.6100 339.1500
4.4582970470e+000 -7.6671282840e-001 -6.9563220676e+000
57 24 20
2 7 1209 589.4500 364.4600 8 1116 592.6100 339.1500
-5.4520214159e-001 -1.6454231970e+000 -5.3774803878e+000
214 114 116
2 7 1233 -225.2600 296.0000 8 748 -229.9700 276.4600
-5.6477679889e-001 -1.7017794295e+000 -5.3585910084e+000
79 98 100
2 7 1234 -229.0600 285.9400 8 1128 -235.5100 267.0200
4.2133509836e+000 -1.1573001340e+000 -7.0778065691e+000
85 65 41
2 7 1240 537.2900 305.2100 8 1133 537.1400 283.5200
-8.1323016149e-001 -1.8374214580e+000 -5.5876603996e+000
72 89 89
2 7 1243 -268.2300 264.9000 8 1135 -270.8100 251.4000
4.1977536856e+000 -1.5283649179e+000 -7.3700501221e+000
129 75 64
2 7 1260 513.8500 248.2600 8 1147 512.2800 231.4600
-3.6424302742e+000 -2.9901618594e+000 -7.0660020935e+000
55 40 35
2 7 1291 -658.0000 124.7200 8 1195 -642.5000 152.0300
1.7512165267e+000 -2.7524459769e+000 -6.9814209345e+000
152 109 64
2 7 1312 141.8101 92.9100 8 1228 133.3400 88.5900
9.3045048995e-001 -3.8906337070e+000 -7.1419671643e+000
127 71 44
2 7 1367 6.3600 -58.5700 8 926 -2.8400 -49.6700
1.5007156899e+000 -4.3927657876e+000 -7.6284925320e+000
143 134 133
2 7 1387 80.4700 -120.6300 8 958 67.3700 -105.7800
6.0696616105e-001 -4.9253309591e+000 -7.7106450726e+000
157 59 71
2 7 1411 -47.7400 -178.4100 8 980 -56.8300 -154.7800
4.1291414955e+000 -4.9265389738e+000 -7.2436353727e+000
56 37 32
2 7 1442 447.1801 -237.3200 8 1025 418.4100 -236.8100
4.3268624304e+000 -6.0023048057e+000 -7.7631730782e+000
110 88 61
2 7 1458 438.0601 -358.0200 8 1371 406.6600 -344.9400
-1.8863854306e-001 -5.7782132178e+000 -5.3379685688e+000
78 57 41
2 7 1465 -208.9000 -409.6400 8 1383 -227.4500 -390.0500
6.1008250686e+000 -1.4690900957e-001 -7.5413875064e+000
150 124 102
2 7 1493 814.9600 432.6800 8 1403 831.1400 407.0600
5.9268319638e+000 -1.3416129152e+000 -7.2819408959e+000
135 101 73
2 7 1527 780.7400 255.9700 8 1665 779.9700 228.6100
1.5460207601e+000 -1.8855068428e+000 -7.5383865052e+000
97 83 64
2 7 1532 119.3400 225.8600 8 1435 117.4301 226.8000
7.6414007589e+000 -1.8508260757e+000 -8.1386473576e+000
54 37 30
2 7 1567 949.1200 166.1600 8 840 952.0699 140.7700
-4.9993125009e-001 -4.2678303806e+000 -5.3000402613e+000
57 73 76
2 7 1643 -246.4900 -160.9800 8 1299 -258.8700 -159.5000
6.3186439184e+000 -4.7553612482e+000 -7.1653569083e+000
139 80 57
2 7 1675 768.7400 -243.4900 8 1572 733.9600 -258.4300
6.3186439184e+000 -4.7553612482e+000 -7.1653569083e+000
139 80 57
2 7 1676 768.7400 -243.4900 8 1573 733.9600 -258.4300
6.1876273636e+000 -1.1553647606e+000 -7.3575581471e+000
134 108 71
2 7 1741 818.2800 280.8600 8 1652 820.8500 252.6000
4.1628782862e+000 -1.9097790078e+000 -7.2718659153e+000
120 61 55
2 7 1763 505.7700 191.8000 8 1684 499.8900 174.9000
-3.5475299718e+000 -3.2095512415e+000 -7.3386155368e+000
99 75 61
2 7 1783 -627.5400 94.6600 8 1692 -613.8900 125.6000
4.2878324849e+000 -3.3887173676e+000 -7.3048384576e+000
129 69 57
2 7 1816 494.4301 -23.1500 8 1722 477.1300 -34.1200
4.4816203696e+000 -4.0464452054e+000 -6.8595841729e+000
143 124 96
2 7 1839 530.0601 -132.2700 8 1754 503.9900 -145.7400
6.4737862687e+000 -4.8888920708e+000 -7.3089861593e+000
148 121 107
2 7 1859 778.9399 -257.6700 8 1784 743.3800 -270.3900
5.8956455189e-001 -3.9217544631e+000 -7.1475767018e+000
112 93 53
2 7 1983 -42.0200 -59.1900 8 1725 -51.5800 -47.3700
1.6452618369e+000 -3.5837615598e+000 -7.2192829606e+000
30 18 17
2 7 2125 113.0699 -21.8100 8 1877 101.6100 -17.6800
1.9084069422e+000 -4.4479824772e+000 -7.8534671367e+000
141 127 127
2 7 2133 133.0200 -125.4100 8 2016 120.3101 -110.8100
5.0663698796e+000 -5.8339619354e+000 -6.9206505253e+000
155 67 66
2 7 2298 579.6801 -389.2200 8 2153 537.8500 -389.0100
3.1848362796e+000 -4.3499317506e+000 -8.6199790411e+000
76 32 29
2 7 2365 288.9399 -104.4100 8 2207 277.8900 -90.8300
3.2941838464e-001 -5.1681658447e+000 -6.1139936913e+000
82 54 34
2 7 2381 -105.3100 -276.1400 8 2227 -120.7700 -262.0200
6.3278242639e+000 -4.9396625406e+000 -7.2844715860e+000
164 86 63
2 7 2385 758.1899 -263.6700 8 2146 723.2900 -275.9800
4.7823462703e+000 -5.0484029058e-001 -6.9432241097e+000
138 112 85
2 7 2413 646.3300 402.4200 8 2248 652.7600 374.9300
-8.5519791015e-001 -1.1817725360e+000 -5.6726088669e+000
65 73 76
2 7 2416 -268.9600 381.6200 8 2247 -264.9600 365.6700
7.4774183935e+000 -5.6849144179e+000 -7.7289144456e+000
67 51 42
2 7 2466 871.6500 -354.9200 8 2304 831.2700 -362.7400
3.7470385182e+000 -1.9459360749e+000 -7.7665243278e+000
37 26 25
2 7 2526 424.6200 193.7500 8 2347 423.4399 184.9500
7.7012757630e+000 -5.5281094888e+000 -8.0072541394e+000
50 35 32
2 7 2546 885.3199 -323.9300 8 2370 849.0300 -331.7900
