# Bundle file v0.3
60 350
0 0 0
0 0 0
0 0 0
0 0 0
0 0 0
0 0 0
0 0 0
0 0 0
0 0 0
0 0 0
0 0 0
0 0 0
0 0 0
0 0 0
0 0 0
0 0 0
0 0 0
0 0 0
0 0 0
0 0 0
0 0 0
0 0 0
0 0 0
0 0 0
0 0 0
1.6334839572e+003 7.4786278004e-003 -1.5624973671e-002
9.9999955119e-001 -2.3270580627e-004 -9.1840720053e-004
2.3225398932e-004 9.9999985198e-001 -4.9203309515e-004
9.1852156355e-004 4.9181957059e-004 9.9999945722e-001
-2.7440789758e-002 1.1371340741e-002 9.1644495091e-002
1.6335357176e+003 1.1218330806e-002 -2.8363248567e-002
9.9956166997e-001 2.8335356528e-002 -8.5776162611e-003
-2.9105135003e-002 9.9355584035e-001 -1.0954306559e-001
5.4183989138e-003 1.0974470226e-001 9.9394503937e-001
-1.3032632932e-001 -9.7973419349e-001 1.2985291523e-001
0 0 0
0 0 0
0 0 0
0 0 0
0 0 0
0 0 0
0 0 0
0 0 0
0 0 0
0 0 0
0 0 0
0 0 0
0 0 0
0 0 0
0 0 0
0 0 0
0 0 0
0 0 0
0 0 0
0 0 0
0 0 0
0 0 0
0 0 0
0 0 0
0 0 0
0 0 0
0 0 0
0 0 0
0 0 0
0 0 0
0 0 0
0 0 0
0 0 0
0 0 0
0 0 0
0 0 0
0 0 0
0 0 0
0 0 0
0 0 0
0 0 0
0 0 0
0 0 0
0 0 0
0 0 0
0 0 0
0 0 0
0 0 0
0 0 0
0 0 0
0 0 0
0 0 0
0 0 0
0 0 0
0 0 0
0 0 0
0 0 0
0 0 0
0 0 0
0 0 0
0 0 0
0 0 0
0 0 0
0 0 0
0 0 0
0 0 0
0 0 0
0 0 0
0 0 0
0 0 0
0 0 0
0 0 0
0 0 0
0 0 0
0 0 0
0 0 0
0 0 0
0 0 0
0 0 0
0 0 0
0 0 0
0 0 0
0 0 0
0 0 0
0 0 0
0 0 0
0 0 0
0 0 0
0 0 0
0 0 0
0 0 0
0 0 0
0 0 0
0 0 0
0 0 0
0 0 0
0 0 0
0 0 0
0 0 0
0 0 0
0 0 0
0 0 0
0 0 0
0 0 0
0 0 0
0 0 0
0 0 0
0 0 0
0 0 0
0 0 0
0 0 0
0 0 0
0 0 0
0 0 0
0 0 0
0 0 0
0 0 0
0 0 0
0 0 0
0 0 0
0 0 0
0 0 0
0 0 0
0 0 0
0 0 0
0 0 0
0 0 0
0 0 0
0 0 0
0 0 0
0 0 0
0 0 0
0 0 0
0 0 0
0 0 0
0 0 0
0 0 0
0 0 0
0 0 0
0 0 0
0 0 0
0 0 0
0 0 0
0 0 0
0 0 0
0 0 0
0 0 0
0 0 0
0 0 0
0 0 0
0 0 0
0 0 0
0 0 0
0 0 0
0 0 0
0 0 0
0 0 0
0 0 0
0 0 0
0 0 0
0 0 0
0 0 0
0 0 0
0 0 0
0 0 0
0 0 0
0 0 0
0 0 0
0 0 0
0 0 0
0 0 0
0 0 0
0 0 0
0 0 0
0 0 0
0 0 0
0 0 0
0 0 0
0 0 0
0 0 0
0 0 0
0 0 0
0 0 0
0 0 0
0 0 0
0 0 0
0 0 0
0 0 0
0 0 0
0 0 0
0 0 0
0 0 0
0 0 0
0 0 0
0 0 0
0 0 0
0 0 0
0 0 0
0 0 0
0 0 0
0 0 0
0 0 0
0 0 0
0 0 0
0 0 0
0 0 0
0 0 0
0 0 0
0 0 0
0 0 0
0 0 0
0 0 0
0 0 0
0 0 0
0 0 0
0 0 0
0 0 0
0 0 0
0 0 0
0 0 0
0 0 0
0 0 0
0 0 0
0 0 0
0 0 0
0 0 0
0 0 0
0 0 0
0 0 0
0 0 0
0 0 0
0 0 0
0 0 0
0 0 0
0 0 0
0 0 0
0 0 0
0 0 0
0 0 0
0 0 0
0 0 0
0 0 0
0 0 0
0 0 0
0 0 0
0 0 0
0 0 0
0 0 0
0 0 0
0 0 0
0 0 0
0 0 0
0 0 0
0 0 0
0 0 0
0 0 0
0 0 0
0 0 0
0 0 0
0 0 0
0 0 0
0 0 0
0 0 0
0 0 0
0 0 0
5.7460439502e-001 -1.1605559493e+000 -9.6655190053e+000
141 54 61
2 5 1520 94.5900 -195.2400 6 1483 84.4100 -185.6400
2.5030314100e-001 -1.2924117011e+000 -9.5893463697e+000
141 130 128
2 5 1533 39.6000 -219.5000 6 1492 28.6400 -209.0400
6.7675955487e-001 9.1354583456e-001 -9.1458213914e+000
115 89 76
2 5 976 116.7700 167.8700 6 915 121.8300 167.7000
4.0555373560e-001 -1.5266783103e+000 -9.7890554190e+000
144 133 129
2 5 1813 65.1899 -254.4500 6 1766 52.9200 -240.2900
9.4760390193e-001 1.0728823882e+000 -9.8073417641e+000
52 30 20
2 5 269 156.9900 183.1500 6 1331 159.5300 195.0400
9.4760390193e-001 1.0728823882e+000 -9.8073417641e+000
52 30 20
2 5 268 156.9900 183.1500 6 1330 159.5300 195.0400
3.0381965299e+000 -4.9389130151e-001 -8.8150003092e+000
163 163 160
2 5 2134 565.1700 -89.4800 6 1933 560.4900 -111.9500
7.4668646942e-001 9.0271427433e-001 -9.1920289689e+000
51 30 25
2 5 1702 130.1300 164.9900 6 1864 132.6801 165.5400
3.8660344588e-001 -1.2335062731e+000 -9.5936140520e+000
145 125 126
2 5 2407 63.2900 -209.2900 6 2209 52.0000 -199.6500
3.0162551523e+000 2.0239453135e+000 -9.3146902282e+000
159 155 146
2 5 2450 531.4399 361.8400 6 2466 555.8400 361.2300
3.0255443153e+000 7.3806978473e-001 -9.0675855125e+000
161 157 154
2 5 2474 547.9500 137.4600 6 2397 556.6700 122.6400
3.0564649082e+000 -4.4428675411e-001 -8.9966250113e+000
156 151 148
2 5 2491 557.9301 -78.5500 6 2412 552.4100 -96.9600
2.5524426746e+000 -1.2061135721e+000 -9.1500386327e+000
37 26 24
2 5 2504 457.5200 -214.7000 6 2422 443.4399 -224.9600
2.7729093791e+000 -1.0857191843e+000 -9.1785544159e+000
125 107 102
2 5 2577 495.4900 -192.3600 6 2498 483.3400 -203.7500
3.0748838661e+000 -1.6916562929e+000 -8.8953744706e+000
171 170 165
2 5 2515 567.6600 -311.1400 6 2433 547.1200 -326.9400
-2.1207206466e-001 -8.2098958069e-001 -9.3599209723e+000
99 70 54
2 5 613 -41.5200 -141.8200 6 1096 -49.4500 -134.8000
7.3021963438e-001 -7.3001294091e-001 -9.5476202502e+000
148 108 60
2 5 583 123.5000 -123.3500 6 563 113.8700 -117.7500
8.2006166057e-001 2.5249480006e-001 -9.0600228477e+000
163 120 78
2 5 1057 145.8199 48.9200 6 989 143.1100 44.2800
8.6152674082e-001 2.6974135061e-001 -9.1046494625e+000
156 75 56
2 5 1438 152.9500 51.7900 6 1405 149.8900 47.9300
-6.7397822976e-002 -7.8945906638e-001 -9.3250382390e+000
119 84 66
2 5 1173 -14.3500 -136.9100 6 1081 -25.6800 -131.0600
3.3388988084e+000 -1.7464679773e+000 -8.7692691950e+000
158 111 89
2 5 783 625.7400 -326.0200 6 1207 603.4200 -345.6400
1.4337533992e-002 -1.5294250052e+000 -9.6738642975e+000
147 127 126
2 5 1227 -0.7500 -257.9900 6 1152 -12.8300 -243.7500
1.4048316694e+000 -2.9323208664e-001 -9.2197002019e+000
155 133 125
2 5 1756 247.8300 -49.5700 6 1707 242.8000 -54.5000
3.3641582344e+000 -2.0611341488e+000 -8.7824263949e+000
147 90 73
2 5 1614 629.7800 -384.7400 6 1226 603.0100 -401.6800
-5.4772718444e-002 -9.4982841141e-001 -9.3500066961e+000
121 44 45
2 5 1786 -12.8000 -164.7800 6 1737 -23.3800 -158.2100
-2.0625132064e-001 -8.9825705900e-001 -9.2775112015e+000
108 90 81
2 5 1976 -39.3400 -156.9600 6 1935 -50.8500 -151.0000
4.8679757613e+000 1.8643912360e+000 -9.7349772331e+000
158 106 59
2 5 2355 822.4700 319.1900 6 2284 855.0500 315.4200
1.8768048380e+000 -1.0384214310e-001 -9.5702694923e+000
139 125 124
2 5 2260 320.4700 -15.0600 6 2188 317.6899 -15.5200
6.5677726124e-001 -5.4015386461e-001 -9.4056150257e+000
148 103 54
2 5 2389 112.1100 -91.9200 6 2316 104.0100 -88.9700
1.8101269186e+000 -5.2416500810e-001 -9.7873127411e+000
151 104 58
2 5 2390 301.2600 -85.5100 6 2197 296.8800 -81.5700
3.1849183407e+000 -4.6673241477e-001 -8.8382321041e+000
80 51 39
2 5 2492 591.9399 -84.1800 6 2413 586.2500 -106.8800
3.2062016987e+000 -1.6334052847e+000 -8.7243377086e+000
64 36 24
2 5 2517 603.8700 -306.3000 6 2435 582.8800 -326.9600
-1.2162310527e+000 1.0422859493e+000 -8.0602868882e+000
66 71 74
2 5 2599 -253.8300 216.8200 6 2538 -261.9200 204.7600
8.4612145385e-001 -8.4602527234e-001 -9.4856654991e+000
141 124 123
2 5 621 143.4399 -144.2800 6 579 135.0000 -140.3100
6.4548744002e-001 2.6194805869e-001 -9.0732100143e+000
150 111 70
2 5 1437 114.1500 50.5400 6 1399 110.4800 47.1800
9.1068382959e-001 -1.0491751027e+000 -9.6947411272e+000
149 131 127
2 5 1198 152.0900 -175.7300 6 609 141.3300 -167.6100
-4.7842200213e-002 -8.2097647143e-001 -9.3001808525e+000
33 23 22
2 5 1174 -10.9500 -142.8700 6 1097 -22.4400 -137.5100
8.1526625612e-001 -7.9718208955e-001 -9.5341755567e+000
137 120 115
2 5 1176 137.8000 -135.1100 6 1084 128.9200 -130.1400
8.3040214584e-001 -1.0476389409e+000 -9.6803639326e+000
142 128 127
2 5 1521 137.7700 -175.6800 6 1120 128.7300 -167.5500
-1.0967308230e-002 -1.0118151450e+000 -9.4033433386e+000
125 108 101
2 5 1787 -4.5700 -174.7400 6 1748 -16.2500 -167.1400
1.2327303380e+002 -5.5895499600e+001 3.5579922586e+002
114 116 113
2 5 1874 -564.5800 257.3600 6 1989 -556.1000 465.1300
9.8213862233e+001 -4.1609167334e+001 2.9775428085e+002
122 126 127
2 5 1878 -536.8900 228.9200 6 1993 -528.4700 435.6200
1.3395022317e+002 -4.6950568475e+001 4.1834127414e+002
126 132 130
2 5 1895 -521.4600 184.0400 6 1997 -512.1000 386.8200
1.0214716363e+002 -3.9051370827e+001 2.7491308199e+002
156 160 161
2 5 2229 -605.4400 232.7100 6 2125 -597.4300 441.8900
1.0877039936e+002 -3.1435462921e+001 2.2405834656e+002
121 124 129
2 5 2227 -791.5100 229.7100 6 2118 -786.0600 445.3700
1.2251383425e+002 -4.6951018359e+001 3.1026725743e+002
151 152 154
2 5 2363 -643.8800 247.9100 6 2271 -636.2200 458.1100
3.0748838661e+000 -1.6916562929e+000 -8.8953744706e+000
171 170 165
2 5 2516 567.6600 -311.1400 6 2434 547.1200 -326.9400
2.9172548282e+000 1.8349922929e+000 -9.5314025259e+000
86 49 40
2 5 896 501.8000 320.7900 6 828 523.3101 322.9500
3.0299281643e+000 1.8044581092e+000 -9.2004510138e+000
125 92 73
2 5 897 540.3300 326.9600 6 830 562.8900 321.9600
-1.3735947071e+000 -9.6703344574e-001 -7.9633850914e+000
223 132 123
2 5 667 -289.0200 -197.6000 6 619 -302.7600 -212.7300
2.9128323081e+000 1.0192754519e+000 -9.3966483596e+000
112 55 38
2 5 984 508.4000 182.0400 6 921 520.4900 175.9700
-1.6099701792e+000 6.4585530617e-001 -8.2818193566e+000
236 227 152
2 5 301 -324.9400 131.8200 6 279 -335.6600 125.2500
8.4901487009e-001 5.5816361995e-002 -9.1901729911e+000
140 94 74
2 5 1083 149.0699 12.9100 6 461 145.0500 10.4900
2.9940808715e+000 -1.1490600550e+000 -9.2616586801e+000
121 77 59
2 5 698 530.1801 -201.9000 6 633 518.1899 -212.5600
3.0035565964e+000 2.2295736230e+000 -9.0957618854e+000
192 165 138
2 5 870 541.7300 408.0000 6 810 569.9301 405.4000
2.8119058528e+000 2.3522385440e+000 -9.9560256882e+000
77 48 26
2 5 1336 462.9700 392.7600 6 1270 487.9900 407.6000
2.6671276078e+000 7.9795657336e-001 -9.7635648528e+000
66 47 41
2 5 1412 448.0601 137.7000 6 1367 455.5601 138.9600
2.7841416540e+000 7.1771924427e-001 -9.7378958112e+000
88 64 59
2 5 1413 468.9800 124.4800 6 942 476.3199 124.3500
2.9138901000e+000 -5.5191405254e-001 -9.2684871940e+000
132 107 103
2 5 1490 516.6000 -95.3900 6 1727 509.0000 -106.9700
-2.6653375143e+000 -5.2840014662e-001 -8.9893440933e+000
231 226 164
2 5 540 -493.8200 -94.1400 6 1057 -502.3200 -81.5800
-2.6653375143e+000 -5.2840014662e-001 -8.9893440933e+000
231 226 164
2 5 541 -493.8200 -94.1400 6 1056 -502.3200 -81.5800
2.1932166193e-001 -1.3310482992e+000 -9.6240942376e+000
45 35 33
2 5 1208 34.3000 -225.3300 6 1138 22.9600 -213.9200
3.0043663324e+000 2.3182108728e+000 -9.3414221621e+000
160 97 64
2 5 1330 528.6400 412.8200 6 1260 554.8101 415.9600
3.0355543249e+000 1.5626534681e+000 -9.1356183045e+000
135 110 80
2 5 1359 545.3600 285.5600 6 1620 564.8300 277.1700
2.7552734497e+000 7.7481286911e-001 -9.5416944254e+000
76 54 54
2 5 1716 473.2900 136.9400 6 1369 481.9700 133.3900
8.0225774915e-001 3.1300913579e-001 -9.0636927728e+000
162 120 92
2 5 1428 142.6600 59.9100 6 1404 140.0500 55.5900
-2.8213490973e+000 -1.2073418761e-001 -9.0592715192e+000
234 219 156
2 5 1459 -517.5800 -19.2300 6 1003 -528.1400 -4.6300
-2.8213490973e+000 -1.2073418761e-001 -9.0592715192e+000
234 219 156
2 5 1458 -517.5800 -19.2300 6 1002 -528.1400 -4.6300
1.1612866279e+000 -3.8895890884e-001 -9.3466252124e+000
157 131 116
2 5 1476 201.9100 -65.8100 6 1441 195.1400 -66.8000
8.9885429579e-001 -5.1530590797e-001 -9.3558937113e+000
130 75 44
2 5 555 155.8900 -88.0600 6 1065 147.0500 -87.2800
3.0464904786e+000 -1.3423119755e+000 -9.2543161405e+000
139 76 59
2 5 1566 539.9301 -236.5500 6 1514 525.8199 -246.8000
1.7145932004e+000 -1.3935737293e+000 -1.0118744694e+001
136 120 122
2 5 1539 277.0200 -224.4100 6 1499 264.1400 -211.8400
2.9306312550e+000 2.3221783046e+000 -9.3047551392e+000
187 163 112
2 5 1639 516.7800 415.1800 6 1582 544.2600 417.9800
2.9824842681e+000 2.1724718322e+000 -9.3108264012e+000
161 86 54
2 5 1337 525.4900 388.3500 6 1271 551.8199 389.3400
3.0734054547e+000 1.1701294515e+000 -9.1632029303e+000
143 112 84
2 5 1694 550.6200 213.9200 6 1642 565.2000 203.1200
8.6197582693e-001 -4.8871213571e-001 -9.4689999315e+000
146 93 54
2 5 1959 146.6899 -82.3000 6 1713 140.0699 -79.3600
3.0885523319e+000 -1.0287477352e+000 -9.0616120146e+000
73 46 27
2 5 1794 559.7200 -184.5100 6 1763 547.5000 -200.2700
2.9961113290e+000 -1.0832008819e+000 -9.2033632745e+000
136 78 59
2 5 1984 534.3000 -191.3900 6 1953 522.1300 -203.4700
5.5546050762e-001 -1.0386473141e+000 -9.5922109702e+000
147 59 57
2 5 1788 91.4399 -175.7500 6 1749 82.9399 -167.8600
8.1110525854e-001 -1.1872180190e+000 -9.7456150268e+000
141 125 125
2 5 1535 133.7400 -198.1200 6 1119 123.6899 -188.2500
1.0997035068e+000 -1.2562341725e+000 -9.9072350504e+000
143 49 51
2 5 1800 180.1899 -206.3700 6 1751 168.7900 -194.8500
3.3502220988e+000 -2.2250053434e+000 -8.7416347625e+000
143 92 73
2 5 1621 629.5900 -417.5300 6 1563 601.5601 -433.8200
4.6856431505e+000 2.3349159177e+000 -9.6416376760e+000
146 119 94
2 5 2052 798.5400 402.8900 6 1998 838.7700 402.7100
2.8097515884e+000 2.1079824948e+000 -9.9288326775e+000
72 84 93
2 5 2055 464.8101 353.1900 6 2003 485.4800 365.3700
3.1418686617e+000 1.7464207040e+000 -9.4461031976e+000
139 108 87
2 5 1873 546.5100 308.2300 6 1839 566.9100 306.9900
2.9706077386e+000 1.3549194381e+000 -9.5455041357e+000
137 75 64
2 5 1880 510.1700 237.2600 6 1851 526.6801 235.7500
3.0393882211e+000 -5.6127576293e-001 -9.4244191190e+000
125 67 52
2 5 1962 528.5200 -95.3800 6 1728 524.2400 -104.5900
3.0872283497e+000 -6.3735955475e-001 -8.8689913685e+000
135 108 82
2 5 1968 571.7200 -115.6700 6 1939 563.7000 -136.8200
3.0060556224e+000 -6.8976746257e-001 -9.3078411913e+000
129 67 57
2 5 1966 529.5500 -119.4000 6 1932 523.0200 -130.5600
-1.0224298234e-001 -1.1169766380e+000 -9.4142312459e+000
111 90 70
2 5 1192 -21.0400 -192.9300 6 1114 -32.1700 -184.3700
3.0052205960e+000 -1.2319508273e+000 -9.2317810069e+000
133 64 52
2 5 1989 534.2100 -217.4000 6 1957 520.5900 -228.3500
1.1726727038e+000 -1.3532749002e+000 -9.9160432858e+000
40 34 30
2 5 1988 192.0601 -222.3200 6 1949 180.2200 -210.6500
3.4882344231e+000 2.5219261949e+000 -9.2657428639e+000
150 65 56
2 5 2199 618.5900 452.6400 6 2123 652.8199 454.1400
2.9298645222e+000 2.4889660413e+000 -9.5978571748e+000
182 109 66
2 5 2201 500.2900 431.1100 6 2131 529.5699 440.9000
2.8863488469e+000 2.4008517482e+000 -9.8925669915e+000
162 121 64
2 5 2206 478.0100 403.4400 6 2129 504.9900 417.3500
7.1952341319e-002 -6.3174700650e-001 -9.1242043564e+000
126 58 46
2 5 2143 8.0100 -111.2600 6 1930 1.9300 -110.7900
1.1556376452e+000 -6.6484063065e-001 -9.4777201794e+000
138 117 111
2 5 2144 198.4399 -112.9200 6 2063 189.3400 -110.9500
1.4257067781e+002 -4.4852326380e+001 4.1847140724e+002
129 129 121
2 5 2086 -554.8500 175.7700 6 2000 -546.1600 379.2400
8.4160345777e-001 -1.1182448639e+000 -9.7064213843e+000
36 26 24
2 5 2150 139.9500 -187.2400 6 2070 129.2400 -178.3700
3.0378198186e+000 -1.4992754660e+000 -9.0487840758e+000
152 142 138
2 5 2167 551.2400 -270.6700 6 2092 533.5400 -284.2200
3.0378198186e+000 -1.4992754660e+000 -9.0487840758e+000
152 142 138
2 5 2166 551.2400 -270.6700 6 2091 533.5400 -284.2200
1.6932313230e+002 1.3361934961e+001 3.2801461812e+002
147 139 120
2 5 2124 -842.6500 -65.8300 6 2032 -828.5800 142.0200
5.1089927039e+000 1.8445107752e+000 -9.7417378763e+000
150 123 102
2 5 2219 863.3400 315.6000 6 2285 895.7500 310.5900
3.4426498421e+000 1.1881065689e+000 -9.1438133705e+000
147 116 101
2 5 2236 618.4700 217.6700 6 2157 635.4200 204.5900
1.6508807635e+000 4.9306370053e-002 -9.4536329269e+000
140 123 124
2 5 2250 284.8900 11.4700 6 2179 282.9800 10.0300
1.6508807635e+000 4.9306370053e-002 -9.4536329269e+000
140 123 124
2 5 2251 284.8900 11.4700 6 2180 282.9800 10.0300
1.8768048380e+000 -1.0384214310e-001 -9.5702694923e+000
139 125 124
2 5 2261 320.4700 -15.0600 6 2189 317.6899 -15.5200
2.2463403370e+002 -4.9697586099e+001 4.5524484361e+002
148 159 161
2 5 2237 -804.8200 178.9600 6 2133 -798.7400 389.2800
2.0855344276e+002 -3.8182533607e+001 4.4840006744e+002
158 162 165
2 5 2242 -758.5800 139.7700 6 2139 -751.0400 347.5100
4.7365618742e+000 -2.0647125512e+000 -9.1721890366e+000
156 124 99
2 5 2313 849.3199 -368.7900 6 2246 823.2000 -385.1200
2.9916435174e+000 2.4061285603e+000 -9.2367248076e+000
183 185 178
2 5 2342 531.7300 433.2900 6 2276 560.5800 435.5100
4.2698820070e+000 2.4829358922e+000 -9.5279467423e+000
84 55 32
2 5 2444 737.0000 433.3800 6 2364 775.2700 435.0300
3.1127961310e+000 1.9484800243e+000 -9.0368591234e+000
69 44 31
2 5 2451 565.5300 359.2800 6 2370 590.6500 351.9500
1.6994978182e+000 -1.2740439000e-001 -9.5488135507e+000
36 20 21
2 5 2258 290.4600 -19.1700 6 2186 287.2800 -19.1500
3.8660344588e-001 -1.2335062731e+000 -9.5936140520e+000
145 125 126
2 5 2406 63.2900 -209.2900 6 2210 52.0000 -199.6500
2.8109705367e+000 9.6523781317e-001 -9.5143500645e+000
116 102 101
2 5 2469 483.5800 170.4100 6 2386 496.0699 166.8100
1.6859677740e+002 -3.6320293423e+001 3.5532275217e+002
108 113 117
2 5 2468 -774.1600 167.6600 6 2368 -766.6500 377.6100
-1.0670318223e+000 1.2987550238e-002 -7.8049814930e+000
220 113 113
2 5 2565 -229.7500 5.8700 6 2483 -242.3300 -17.2400
1.9324648111e+000 1.0933552664e-001 -9.5830338881e+000
35 25 26
2 5 2567 329.6000 21.6700 6 2482 328.8700 21.3500
2.3903765538e+000 -3.8912503182e-001 -9.8960252688e+000
99 32 49
2 5 2571 394.9500 -62.0500 6 2487 392.1300 -59.1200
-6.6803757725e-003 -1.3104071178e+000 -9.5083327009e+000
142 121 119
2 5 2579 -4.5300 -224.5300 6 2497 -15.8000 -214.0600
3.0699937971e+000 -2.0561846982e+000 -8.7824633270e+000
189 192 182
2 5 2522 574.1600 -383.7900 6 2441 548.5900 -399.1400
-1.2087888100e+000 3.6063783872e-001 -8.0010750832e+000
66 72 72
2 5 2602 -253.6300 77.5700 6 2543 -264.4400 60.9000
2.0574606508e+000 -5.2819484817e-001 -9.8981143627e+000
35 23 24
2 5 2610 340.1200 -85.2500 6 2550 334.1400 -80.4100
-1.2158406914e+000 -1.0089699250e+000 -7.8788739179e+000
76 82 81
2 5 2614 -259.0700 -208.5400 6 2557 -273.3000 -226.5100
2.4929836879e+000 -1.1818667727e+000 -9.9308016989e+000
143 52 69
2 5 2615 410.7800 -193.5300 6 2496 400.5800 -188.8700
2.4784581778e+000 -5.5743637524e-001 -9.0657134541e+000
40 26 26
2 5 2677 445.9600 -98.4800 6 2602 443.0699 -112.3500
-1.8958583874e+000 8.8400992372e-001 -8.5203574649e+000
231 225 168
2 5 230 -371.1100 174.2700 6 902 -381.9700 175.7400
2.9176497291e+000 1.1274897782e+000 -9.4676965392e+000
102 58 51
2 5 212 505.0699 199.5500 6 226 518.9900 195.4100
-1.1122416378e-001 -1.0335355774e+000 -9.4136023794e+000
119 98 90
2 5 645 -24.5800 -178.1700 6 602 -31.4000 -170.2300
3.0112148385e+000 -1.5664245356e+000 -9.1740314264e+000
149 103 87
2 5 733 538.4399 -279.0000 6 676 521.3500 -289.4900
2.9897695899e+000 1.1216905574e+000 -9.4660274793e+000
124 62 53
2 5 958 517.8000 198.5800 6 896 531.9000 194.0100
8.3918127225e-001 -1.0586394591e+000 -9.7303697322e+000
135 122 121
2 5 649 139.3800 -176.6800 6 1121 128.7300 -167.5500
2.1074530422e+000 -1.2390220834e+000 -9.0939525865e+000
62 31 26
2 5 1212 379.9000 -222.0200 6 646 364.6700 -230.8100
1.8314562315e-001 -1.2932142325e+000 -9.5631042681e+000
139 128 127
2 5 1206 28.9700 -220.3100 6 622 16.3000 -209.8100
1.8314562315e-001 -1.2932142325e+000 -9.5631042681e+000
139 128 127
2 5 1207 28.9700 -220.3100 6 623 16.3000 -209.8100
3.1264226096e+000 -1.9587364154e+000 -8.8677602507e+000
195 113 81
2 5 1293 579.4200 -361.9000 6 1214 554.7400 -376.5500
3.5010184785e+000 -1.2036039682e+000 -8.8768874780e+000
148 121 102
2 5 1545 647.9200 -220.9600 6 1516 633.6899 -242.3700
-3.4948434065e+000 2.0025508244e-001 -9.1026549560e+000
84 67 54
2 5 1048 -637.0900 39.0200 6 1392 -649.5300 58.3700
9.1158282424e-001 1.4640890269e-001 -9.1412738600e+000
138 65 47
2 5 1441 161.2200 29.3300 6 1416 157.7800 25.7100
9.1158282424e-001 1.4640890269e-001 -9.1412738600e+000
138 65 47
2 5 1440 161.2200 29.3300 6 1415 157.7800 25.7100
-9.7575304910e-001 -8.1162415106e-001 -7.7080959132e+000
126 150 146
2 5 1515 -213.2600 -170.9000 6 1478 -228.0200 -195.6800
-9.7575304910e-001 -8.1162415106e-001 -7.7080959132e+000
126 150 146
2 5 1514 -213.2600 -170.9000 6 1479 -228.0200 -195.6800
-1.5218153195e-001 -1.2159229599e+000 -9.4631917672e+000
126 65 41
2 5 1532 -29.7400 -209.1600 6 1136 -40.9300 -199.1000
1.7145932004e+000 -1.3935737293e+000 -1.0118744694e+001
136 120 122
2 5 1538 277.0200 -224.4100 6 1498 264.1400 -211.8400
3.0734054547e+000 1.1701294515e+000 -9.1632029303e+000
143 112 84
2 5 1693 550.6200 213.9200 6 1643 565.2000 203.1200
1.1772566997e+000 -1.0926847797e-001 -9.1479033772e+000
154 135 128
2 5 1749 209.1400 -16.8100 6 1701 204.1899 -21.9300
3.2886413228e+000 -1.5645213228e+000 -8.6379042856e+000
139 64 58
2 5 1596 625.7000 -296.2300 6 1539 605.1801 -319.7900
-9.6187445162e-001 -7.6151659982e-001 -7.7272526571e+000
82 94 94
2 5 1973 -209.9400 -159.7300 6 1944 -224.1200 -184.3400
-9.1756230940e-001 -8.1894132957e-001 -7.6433958335e+000
149 172 170
2 5 2149 -202.6200 -173.9400 6 2078 -217.4300 -200.8100
1.1223405217e+000 -1.0804262642e+000 -9.7624989831e+000
36 23 29
2 5 2152 186.5800 -179.7600 6 2072 176.1801 -171.4600
1.1223405217e+000 -1.0804262642e+000 -9.7624989831e+000
36 23 29
2 5 2153 186.5800 -179.7600 6 2073 176.1801 -171.4600
4.7720658987e-001 -1.5798355576e+000 -9.8263647917e+000
45 34 35
2 5 2302 77.0500 -262.4000 6 2085 64.3500 -247.7100
5.1200463303e+002 2.9884819615e+002 1.4605558624e+003
132 126 111
2 5 2173 -570.3200 -333.7700 6 2066 -558.8800 -132.9800
3.4084272615e+000 2.4046165945e+000 -9.2490463174e+000
151 123 102
2 5 2203 605.2500 432.5000 6 2132 637.7700 432.6900
2.9298645222e+000 2.4889660413e+000 -9.5978571748e+000
182 109 66
2 5 2202 500.2900 431.1100 6 2130 529.5699 440.9000
2.6860757406e+000 1.2384071590e+000 -9.3740461066e+000
131 109 105
2 5 2235 470.3199 221.0400 6 2156 482.5200 217.0400
-1.0307882826e+000 8.3094263095e-001 -7.9084954595e+000
75 83 85
2 5 2238 -219.2100 176.7600 6 2158 -229.0100 158.6800
5.1976547214e+000 -9.0280502722e-001 -9.4579528796e+000
149 124 107
2 5 2274 904.3199 -154.6400 6 2207 896.1400 -173.5900
1.6445520920e+000 -1.4060466476e+000 -1.0118046751e+001
139 124 122
2 5 2285 265.0699 -226.4300 6 2214 253.2400 -213.5600
2.9957503501e+000 -2.0530888992e+000 -9.1028075383e+000
183 104 66
2 5 2312 540.3300 -369.5400 6 2245 516.6100 -377.9700
2.9718354276e+000 -2.2732216561e+000 -9.3932483325e+000
195 160 78
2 5 2318 519.1000 -396.6600 6 2250 494.8900 -397.7100
-1.4950337838e+000 1.7343921510e+000 -8.2626174331e+000
216 189 102
2 5 2349 -303.0800 349.9000 6 2369 -311.3200 350.1200
6.5710598871e-002 -9.4964065059e-001 -9.4134075301e+000
136 115 109
2 5 2400 8.5800 -163.6300 6 2318 -2.2100 -156.5000
9.5168902861e-001 -8.6477377029e-001 -9.5374870224e+000
142 124 120
2 5 2393 161.3101 -146.7500 6 2319 152.1100 -142.2600
3.0053492889e+000 -2.1708981746e+000 -9.0750325599e+000
190 111 64
2 5 2429 543.6400 -392.1300 6 2251 518.6500 -400.2000
3.6268999814e+000 -6.6652060202e-001 -9.0716314636e+000
143 53 53
2 5 2494 657.4700 -118.3500 6 2416 649.6400 -137.8400
4.5432036068e+000 -1.7858054757e-001 -9.2843921952e+000
144 63 44
2 5 2485 804.7500 -28.7500 6 2410 806.8900 -49.0000
-1.3072209958e+000 2.6244530779e-003 -7.8667813746e+000
223 119 116
2 5 2482 -279.0900 3.7100 6 2407 -290.5700 -16.4400
3.2439525550e+000 -2.2059114437e+000 -8.7613625349e+000
69 43 30
2 5 2526 608.5300 -412.9800 6 2445 580.2900 -428.3900
3.8412701903e+002 1.0748266153e+002 7.4285374105e+002
43 83 113
2 5 2505 -843.2100 -235.7900 6 2404 -826.9900 -28.8300
3.8412701903e+002 1.0748266153e+002 7.4285374105e+002
43 83 113
2 5 2506 -843.2100 -235.7900 6 2405 -826.9900 -28.8300
-1.0670318223e+000 1.2987550238e-002 -7.8049814930e+000
220 113 113
2 5 2566 -229.7500 5.8700 6 2484 -242.3300 -17.2400
2.5343426469e+002 8.5467652628e+001 5.1050577339e+002
166 174 176
2 5 2580 -809.6600 -272.8900 6 2488 -792.4100 -65.1600
1.7129319536e+002 7.4949635285e+001 4.0955833112e+002
152 59 70
2 5 2582 -681.7600 -298.3600 6 2489 -666.3800 -92.8600
2.2661866544e+000 1.2881495591e+000 -9.3899076247e+000
144 53 69
2 5 2598 395.5400 229.3600 6 2536 406.3300 228.1500
-1.0520713515e+000 -6.8321909415e-001 -7.7578107598e+000
222 117 116
2 5 2613 -228.2300 -142.4200 6 2554 -242.2600 -165.9300
3.2080936775e+000 1.4178604219e+000 -8.9564414171e+000
148 60 56
2 5 2642 588.5300 264.6200 6 2573 606.9900 250.4200
-7.1011025492e-001 1.8900123511e+000 -8.1433437843e+000
43 50 56
2 5 2683 -148.5200 386.7200 6 2617 -150.7100 381.3600
2.9137367384e+000 2.5730854678e+000 -9.6038244756e+000
203 163 89
2 5 8 497.4399 445.3000 6 9 527.0800 456.2700
2.9638723344e+000 2.0893816426e+000 -9.5387885964e+000
120 73 60
2 5 73 509.4399 364.6000 6 73 534.2600 368.9900
2.6009940986e+000 1.4941713428e+000 -9.4052519159e+000
97 74 68
2 5 126 452.9800 265.2300 6 135 469.1300 263.9100
2.8830986876e+000 1.4407595602e+000 -9.4771958366e+000
136 106 101
2 5 131 499.3101 253.9100 6 863 515.0900 252.2100
-1.7077069646e+000 1.2198252116e+000 -8.3381417381e+000
231 216 149
2 5 136 -342.4500 244.7000 6 151 -352.1600 243.2100
-1.5628973929e+000 1.1993012152e+000 -8.2716517147e+000
228 219 163
2 5 137 -316.5600 242.6100 6 153 -325.3000 238.6000
-2.2876786845e+000 1.1046141278e+000 -8.8018043012e+000
239 224 160
2 5 172 -432.8000 210.0700 6 146 -443.8700 220.6500
3.3747072699e-001 1.0099440646e+000 -9.3678802370e+000
54 35 20
2 5 261 56.3100 180.6900 6 885 56.7000 187.4000
6.6862553477e-001 8.4262172471e-001 -9.0186304586e+000
109 52 51
2 5 267 119.4700 157.1000 6 935 118.9000 154.4900
8.4240578913e-001 8.7776381824e-001 -9.2068052056e+000
57 33 26
2 5 271 147.0400 160.2600 6 260 149.8900 160.4700
-1.6099701792e+000 6.4585530617e-001 -8.2818193566e+000
236 227 152
2 5 302 -324.9400 131.8200 6 280 -335.6600 125.2500
6.2886986219e-001 7.1481936661e-001 -8.8169258489e+000
112 80 67
2 5 313 114.5400 136.7900 6 292 113.0800 129.5700
6.2886986219e-001 7.1481936661e-001 -8.8169258489e+000
112 80 67
2 5 314 114.5400 136.7900 6 293 113.0800 129.5700
1.6899484079e+000 8.6368895840e-001 -9.4906335215e+000
112 82 74
2 5 318 291.6600 152.9800 6 1366 294.6600 154.4500
1.6861948620e+000 7.5255195065e-001 -9.3492218213e+000
59 35 34
2 5 319 294.5000 135.7300 6 300 298.2700 133.8800
3.1276947190e+000 8.1581687734e-001 -9.1220928999e+000
73 53 39
2 5 325 563.3199 150.7200 6 309 573.1000 136.8900
-2.6930039962e+000 4.7347301836e-001 -9.1061195933e+000
236 217 141
2 5 373 -492.6600 88.7100 6 316 -501.5000 104.1500
-4.5162661045e+000 1.6641001074e-001 -9.0412020554e+000
73 43 33
2 5 404 -828.2800 33.1000 6 383 -841.6200 56.7100
-2.9004553153e+000 2.8029961147e-001 -9.1824800299e+000
230 216 155
2 5 421 -525.1100 53.1600 6 355 -535.3400 70.7800
-8.7403815907e-001 2.0893514176e-001 -7.7163316875e+000
105 98 93
2 5 430 -191.5300 47.9600 6 451 -202.5100 21.4200
-2.2594551262e+000 5.3483557872e-002 -8.6782216249e+000
235 227 159
2 5 459 -433.8600 13.0800 6 440 -444.4400 17.2400
-2.2594551262e+000 5.3483557872e-002 -8.6782216249e+000
235 227 159
2 5 460 -433.8600 13.0800 6 439 -444.4400 17.2400
-8.8821341521e-001 7.9590699976e-002 -7.7328003669e+000
74 80 80
2 5 469 -193.9600 20.1900 6 487 -205.6900 -5.9700
2.8957535429e-001 -4.6898616095e-001 -9.2069951642e+000
143 86 53
2 5 550 48.8900 -81.2100 6 1062 40.1100 -80.2000
4.1381869195e-001 -4.7418413026e-001 -9.3041174939e+000
138 108 71
2 5 552 70.0900 -81.2400 6 541 62.2700 -79.0600
4.1550924182e+000 -1.0517341220e+000 -1.2891799057e+001
145 106 89
2 5 592 529.8700 -131.9800 6 549 524.0300 -93.7500
3.0695528018e+000 -6.6177721811e-001 -8.9139160870e+000
123 94 71
2 5 593 565.4600 -119.6000 6 589 557.3800 -139.5900
-1.4764258252e+000 -6.8919359051e-001 -8.0660893815e+000
230 204 124
2 5 606 -306.5500 -138.1100 6 576 -319.0900 -151.3000
2.9696758845e+000 -8.9170335856e-001 -9.1969513061e+000
145 110 98
2 5 629 530.3700 -157.1500 6 614 519.4399 -169.8100
3.0691317138e+000 -7.6705935980e-001 -8.9480889009e+000
114 87 64
2 5 630 563.1200 -138.5700 6 590 554.0200 -157.5500
1.2512104673e+000 -1.2751065837e+000 -1.0915356076e+001
37 26 20
2 5 652 184.0300 -189.7800 6 581 179.5900 -163.9300
8.1799254479e-001 -1.3833809858e+000 -9.8945474510e+000
152 134 130
2 5 685 132.4800 -227.7700 6 1141 122.4100 -214.7100
8.1799254479e-001 -1.3833809858e+000 -9.8945474510e+000
152 134 130
2 5 686 132.4800 -227.7700 6 1140 122.4100 -214.7100
2.9474209863e+000 -1.2201752355e+000 -9.2050972787e+000
147 114 112
2 5 699 525.9600 -215.9400 6 632 511.2600 -227.1100
-9.3161869474e-001 -1.3851185044e+000 -7.6249019646e+000
79 85 84
2 5 746 -205.9500 -297.1900 6 691 -222.9400 -320.9000
2.7421394808e+000 1.9765146820e+000 -9.3934342950e+000
63 36 25
2 5 887 478.6300 350.4000 6 1278 500.5800 352.2200
-8.7032504703e-001 1.3917377807e+000 -7.8336918915e+000
60 38 32
2 5 902 -188.3400 296.9300 6 1616 -194.2000 279.9800
2.8287564661e+000 1.6618142079e+000 -9.5391142474e+000
62 39 31
2 5 909 487.0300 290.5000 6 845 504.1200 291.9400
-1.6618352849e+000 1.2900769600e+000 -8.4790838505e+000
228 218 167
2 5 917 -326.1600 254.1200 6 851 -338.1700 256.2400
2.7742815580e+000 1.4469355457e+000 -9.4746533365e+000
137 118 114
2 5 929 479.8700 255.0600 6 859 496.3101 253.8400
-5.9221814404e-002 1.0488331886e+000 -9.2840951424e+000
111 70 52
2 5 950 -14.3800 189.2700 6 1322 -14.1400 196.5700
1.2354665081e+000 1.1278358366e+000 -1.0034588482e+001
104 76 62
2 5 954 199.3900 188.1200 6 1638 206.2800 202.5000
4.9716018860e-001 9.7608408106e-001 -9.3081662897e+000
48 30 16
2 5 972 84.8900 175.8700 6 1349 85.8101 180.4400
4.9716018860e-001 9.7608408106e-001 -9.3081662897e+000
48 30 16
2 5 973 84.8900 175.8700 6 1348 85.8101 180.4400
1.2267935085e+000 1.0588723568e+000 -9.8641802572e+000
63 35 23
2 5 979 201.9600 179.8200 6 1332 207.1500 191.1100
3.2827095228e+000 4.0926461817e-001 -9.0668410188e+000
62 36 23
2 5 1038 594.6500 77.5900 6 981 600.7300 60.1800
1.4366483927e+000 -1.0617799384e-001 -9.4445945020e+000
77 57 47
2 5 1110 247.1000 -15.6600 6 1427 244.7200 -16.3700
1.9527575126e+000 -6.5541230983e-002 -9.6251724876e+000
144 124 123
2 5 1112 331.2100 -8.3800 6 494 329.8800 -8.2300
1.2476459143e+000 -2.8110382580e-001 -9.2497590506e+000
146 112 69
2 5 1128 219.0699 -47.2500 6 1440 213.7600 -50.7300
1.5980604074e-001 -5.1572071857e-001 -9.1802774826e+000
123 64 34
2 5 1148 24.9400 -89.8000 6 1061 17.2700 -88.6900
2.3094369358e+000 -5.7621622397e-001 -9.8929622876e+000
111 43 59
2 5 1153 382.1000 -93.2900 6 1072 376.4301 -89.7700
3.3343505827e+000 -4.6809066737e-001 -9.0734289838e+000
76 38 33
2 5 1154 603.8300 -82.2000 6 1455 598.5500 -100.4000
6.1430778053e-001 -7.3977191172e-001 -9.4778990771e+000
125 109 104
2 5 1165 103.5601 -125.9300 6 1082 95.0000 -121.1000
1.1751828026e+000 -9.6411875104e-001 -9.7802218632e+000
146 59 68
2 5 1178 194.9000 -159.8000 6 1103 185.8300 -151.8500
-8.9458776159e-001 -8.5103615899e-001 -7.6533511643e+000
110 135 134
2 5 1191 -197.5200 -180.6300 6 1134 -212.1400 -207.2600
2.0513269621e+000 -1.2063818449e+000 -9.0634079781e+000
86 57 48
2 5 1211 370.2000 -216.8000 6 629 356.7100 -226.1600
2.7678359988e+000 -1.4755704050e+000 -9.2723319906e+000
45 24 19
2 5 1232 489.7800 -259.8200 6 1177 473.3101 -267.4800
1.4437805869e+002 4.4215916435e+001 2.6933098873e+002
133 131 113
2 5 1237 -873.8600 -267.6100 6 501 -855.7400 -55.2800
-8.8513097314e-001 -1.4863173451e+000 -7.5711068713e+000
72 72 69
2 5 1258 -197.4200 -321.4300 6 1549 -214.7500 -346.0300
4.2864578277e+000 -2.2961481412e+000 -8.9936114434e+000
114 75 43
2 5 1306 783.7700 -418.7400 6 1240 753.9800 -434.3100
2.9208498437e+000 2.5408313797e+000 -9.6995886440e+000
183 108 68
2 5 1328 493.4700 435.3800 6 1249 522.9000 447.5000
2.8419734258e+000 1.8582751705e+000 -9.4297571675e+000
103 70 55
2 5 1349 493.9200 328.3500 6 1286 515.7500 329.2000
2.8501958774e+000 1.7966216275e+000 -9.4703911048e+000
130 94 85
2 5 1351 493.7400 316.1600 6 1287 513.7900 317.2500
3.0136296801e+000 1.8862962418e+000 -9.0991343665e+000
165 164 154
2 5 1352 543.6100 345.4900 6 1289 567.0400 339.3400
3.2145003697e+000 1.8787212550e+000 -9.1284358742e+000
59 29 21
2 5 1353 578.1400 343.0300 6 1290 602.9301 336.3100
3.2145003697e+000 1.8787212550e+000 -9.1284358742e+000
59 29 21
2 5 1354 578.1400 343.0300 6 1291 602.9301 336.3100
2.8934173848e+000 7.9293237190e-001 -9.4087580346e+000
127 106 110
2 5 1414 504.2100 142.0800 6 1370 513.8600 135.2600
2.9688184920e+000 8.0376089973e-001 -9.2465615849e+000
141 132 125
2 5 1416 527.2200 146.5100 6 944 536.1899 136.1000
3.2392987087e+000 2.3666523927e-001 -9.0402300362e+000
74 47 36
2 5 1445 588.6801 46.2700 6 1407 592.0100 28.1200
1.4591882926e+000 -1.8841812585e-001 -9.2374012248e+000
157 134 121
2 5 1465 257.1600 -30.7500 6 1428 252.9100 -35.6200
-1.1570158014e+000 -2.3873183740e-001 -7.9075547296e+000
106 118 114
2 5 1469 -246.2300 -46.7400 6 1436 -257.8200 -66.7600
9.1213373858e-001 -3.5037785498e-001 -9.2001370942e+000
145 130 124
2 5 1473 161.1200 -60.0100 6 1040 152.6500 -62.4900
7.9273298023e-001 -5.3375819742e-001 -9.5834064309e+000
137 78 46
2 5 1486 133.1400 -89.0600 6 1063 126.1700 -83.5700
1.1778190152e+000 -8.5871051520e-001 -9.7246634674e+000
131 124 117
2 5 1502 197.0400 -142.8800 6 1475 187.4100 -136.1100
3.0041914651e+000 -9.1648712340e-001 -9.1886120791e+000
143 80 70
2 5 1508 536.6899 -161.7400 6 1485 526.2200 -174.7300
3.1154630980e+000 -8.0718614942e-001 -8.8898568372e+000
158 132 105
2 5 1509 575.4000 -146.9500 6 1129 565.8101 -167.3900
-2.7724395608e-001 -1.1903454157e+000 -9.4422921724e+000
113 76 58
2 5 1529 -51.9600 -205.1400 6 1482 -62.3900 -194.9600
-2.3987433266e-001 -1.2365978413e+000 -9.4670948105e+000
122 60 38
2 5 1531 -45.4900 -212.6400 6 1491 -55.7200 -202.0600
4.6938629351e-001 -1.2365004413e+000 -9.7482618231e+000
146 128 128
2 5 1534 75.7000 -206.3900 6 1117 65.9399 -194.6000
3.5010184785e+000 -1.2036039682e+000 -8.8768874780e+000
148 121 102
2 5 1546 647.9200 -220.9600 6 1517 633.6899 -242.3700
1.7065556746e+000 -1.4442443079e+000 -1.0039999236e+001
47 38 36
2 5 1565 277.9200 -234.5200 6 1500 264.3700 -222.9800
3.0486168384e+000 -1.8590301460e+000 -8.7076778459e+000
181 108 72
2 5 1603 574.6300 -349.7000 6 1556 551.9700 -368.2200
2.8764062588e+000 2.2606064539e+000 -9.6864258436e+000
130 68 47
2 5 1647 486.3800 388.1900 6 1824 512.7400 397.2700
2.9492337403e+000 2.2657523263e+000 -9.3747102258e+000
168 91 62
2 5 1648 516.2100 402.1100 6 1589 542.8300 405.4700
5.1399955591e+000 1.8225003545e+000 -9.7109619105e+000
147 123 100
2 5 1665 870.6200 312.8600 6 1614 904.4600 306.8700
3.0723242618e+000 1.0137522180e+000 -9.1709857601e+000
132 107 76
2 5 1709 549.8700 185.5700 6 1659 562.6700 174.0200
4.4521328766e+000 9.8325155179e-001 -9.4591612862e+000
130 100 75
2 5 1711 774.9800 174.6700 6 1661 791.5300 161.7700
-1.2051412752e+000 -2.1202239924e-001 -7.9010153723e+000
75 84 83
2 5 1752 -255.7500 -41.2700 6 1706 -268.8700 -61.0200
1.1938890268e+000 -4.5626313492e-001 -9.3202325343e+000
146 123 102
2 5 1766 208.3400 -77.9200 6 1716 200.8900 -79.5200
-8.6118082581e-002 -6.0551142001e-001 -9.2050294183e+000
122 86 61
2 5 1772 -19.1300 -105.6600 6 1929 -27.4800 -102.6000
7.8447348508e-001 -6.0798114674e-001 -9.3186362725e+000
152 99 59
2 5 1773 136.0800 -104.8200 6 1724 126.8101 -104.0400
-9.1700624996e-002 -1.4333085747e+000 -9.6306332572e+000
134 52 53
2 5 1809 -19.7200 -242.6400 6 1508 -29.7400 -229.2000
3.3092631576e+000 -1.6537455549e+000 -8.8234835987e+000
69 47 35
2 5 1832 616.1700 -306.6200 6 1797 595.6100 -325.5500
2.9299898754e+000 1.9043838777e+000 -9.5171044029e+000
78 41 29
2 5 1865 504.8199 333.3200 6 1832 527.1500 335.7700
2.9522176411e+000 1.2145473978e+000 -9.4375877238e+000
126 69 55
2 5 1889 513.0500 215.4200 6 1858 527.5800 211.0600
1.9869648772e+002 -3.7311441722e+001 3.6716247606e+002
127 131 132
2 5 1894 -882.6700 166.5400 6 1999 -876.8500 379.4700
2.6509684349e-001 9.8456053761e-001 -9.2434739354e+000
114 85 61
2 5 1898 44.8000 178.5500 6 2159 43.2800 183.2800
2.4372748297e+000 1.8890225848e-001 -9.5400278484e+000
51 31 26
2 5 1928 418.9000 35.5400 6 1895 419.2900 31.9800
3.5960384669e+000 1.6594056714e-001 -9.0484324472e+000
155 123 112
2 5 1931 652.5400 33.3500 6 1905 657.6300 13.2300
-3.4744624649e+000 4.6555980532e-002 -9.1405256511e+000
66 41 37
2 5 1933 -631.0700 11.1500 6 1893 -642.2600 30.7800
4.3381668379e+000 -1.8970387415e-001 -9.2483348903e+000
150 123 104
2 5 1947 771.2000 -30.8600 6 2059 772.8700 -50.8200
1.8426968430e+000 -3.3782405184e-001 -9.6702666330e+000
49 24 26
2 5 1951 312.0900 -54.8500 6 1708 305.8900 -53.1400
1.9955687831e+000 -3.9056444242e-001 -9.9204258559e+000
79 34 43
2 5 1952 328.7900 -62.1600 6 1917 324.4600 -56.7700
7.2134800572e-002 -4.8650716024e-001 -9.1311133350e+000
131 83 43
2 5 1958 9.5500 -85.0400 6 2060 1.2100 -84.4100
3.0413760408e+000 -4.1439468360e-001 -9.2244645515e+000
135 125 124
2 5 1961 541.0500 -71.2100 6 1926 536.8500 -84.6600
3.7947878990e+000 -6.3411012967e-001 -9.1814892926e+000
161 124 108
2 5 1971 680.1400 -111.0800 6 1934 672.4399 -129.1000
5.5509841079e-001 -1.5168869614e+000 -9.7977588675e+000
148 134 133
2 5 1992 90.8700 -252.6100 6 1767 77.3700 -239.0100
5.5509841079e-001 -1.5168869614e+000 -9.7977588675e+000
148 134 133
2 5 1993 90.8700 -252.6100 6 1768 77.3700 -239.0100
3.1227270310e+000 -1.4586927315e+000 -8.7931352151e+000
133 102 77
2 5 2004 583.3101 -271.0300 6 1962 565.0800 -290.8100
4.6202838636e+000 -1.4808973684e+000 -9.1477200257e+000
143 68 47
2 5 2006 831.1400 -264.3900 6 1963 812.8500 -284.5100
4.4610832453e+000 -1.5679383069e+000 -9.0790772022e+000
143 67 43
2 5 2008 808.1801 -282.2600 6 1968 789.0800 -302.5300
4.4610832453e+000 -1.5679383069e+000 -9.0790772022e+000
143 67 43
2 5 2009 808.1801 -282.2600 6 1969 789.0800 -302.5300
3.7283223421e+000 -1.9995837629e+000 -8.8397136032e+000
152 118 98
2 5 2025 693.4600 -370.7100 6 1978 667.6700 -389.0200
2.5644966663e+002 -1.3961764902e+002 7.5014619405e+002
138 139 135
2 5 2068 -557.4000 304.8900 6 1985 -549.1100 512.4100
2.6773137646e+000 1.5581585953e+000 -9.5742948659e+000
97 71 67
2 5 2072 458.2900 271.5500 6 2151 474.9000 273.5200
2.9736704608e+000 1.0761885346e+000 -9.5013217848e+000
123 65 51
2 5 2083 512.9700 189.9300 6 1869 526.6100 185.8700
1.4257067781e+002 -4.4852326380e+001 4.1847140724e+002
129 129 121
2 5 2087 -554.8500 175.7700 6 2001 -546.1600 379.2400
5.8143188050e-001 9.6456629309e-001 -9.2843642788e+000
110 80 59
2 5 2090 99.3800 174.3300 6 2161 101.9301 177.8300
2.9823211219e+000 8.0521422744e-001 -9.4824234893e+000
125 63 48
2 5 2098 515.6600 143.1200 6 1878 525.9600 137.3500
2.8998778489e+002 1.6440826508e+001 5.0561816592e+002
177 167 127
2 5 2122 -935.4700 -52.5300 6 2023 -923.1400 156.5300
2.8998778489e+002 1.6440826508e+001 5.0561816592e+002
177 167 127
2 5 2123 -935.4700 -52.5300 6 2024 -923.1400 156.5300
3.1508329420e+000 -5.1118789545e-001 -8.8648973247e+000
69 40 27
2 5 2135 583.4500 -92.2000 6 2065 577.8700 -114.0700
8.4160345777e-001 -1.1182448639e+000 -9.7064213843e+000
36 26 24
2 5 2151 139.9500 -187.2400 6 2071 129.2400 -178.3700
1.9375590047e-001 -1.3798105307e+000 -9.6461609707e+000
43 35 33
2 5 2161 30.4600 -233.1900 6 2080 17.7400 -220.9500
2.2617804795e+002 -6.7854205357e+001 4.1342469643e+002
163 172 172
2 5 2220 -892.2300 268.5400 6 2114 -889.7600 485.4900
2.2617804795e+002 -6.7854205357e+001 4.1342469643e+002
163 172 172
2 5 2221 -892.2300 268.5400 6 2115 -889.7600 485.4900
1.2875289209e+002 -5.3372369386e+001 3.4069642682e+002
127 114 115
2 5 2222 -615.4000 256.5400 6 2119 -608.9900 466.0900
1.1403911562e+002 -5.4277579223e+001 3.1585857236e+002
114 113 115
2 5 2223 -588.2700 281.4100 6 2116 -580.6600 491.6600
1.1945126888e+002 -4.6133056933e+001 3.3445216788e+002
115 111 110
2 5 2230 -581.4500 225.9600 6 2127 -574.0800 433.2400
1.1945126888e+002 -4.6133056933e+001 3.3445216788e+002
115 111 110
2 5 2231 -581.4500 225.9600 6 2126 -574.0800 433.2400
1.8658465001e+002 -7.3715117196e+001 5.5183180407e+002
149 153 153
2 5 2234 -551.4800 219.0400 6 2128 -541.6800 422.9500
2.7884313115e+000 1.1913695685e-001 -9.4542183289e+000
63 34 30
2 5 2252 483.7500 23.7100 6 2181 484.9399 16.4900
1.6994978182e+000 -1.2740439000e-001 -9.5488135507e+000
36 20 21
2 5 2259 290.4600 -19.1700 6 2187 287.2800 -19.1500
2.3309513093e+000 -5.9006857234e-001 -9.8015346236e+000
105 39 53
2 5 2265 389.1000 -96.5000 6 2199 383.5699 -94.7500
2.3309513093e+000 -5.9006857234e-001 -9.8015346236e+000
105 39 53
2 5 2266 389.1000 -96.5000 6 2198 383.5699 -94.7500
1.0993043907e+000 -8.0250060508e-001 -9.6478577066e+000
36 22 24
2 5 2272 184.9200 -134.4100 6 2201 176.0000 -128.7900
1.0993043907e+000 -8.0250060508e-001 -9.6478577066e+000
36 22 24
2 5 2273 184.9200 -134.4100 6 2202 176.0000 -128.7900
1.6445520920e+000 -1.4060466476e+000 -1.0118046751e+001
139 124 122
2 5 2286 265.0699 -226.4300 6 2215 253.2400 -213.5600
-1.3242979556e+000 1.7067471453e+000 -8.1720565651e+000
74 69 75
2 5 2353 -271.9300 348.2200 6 2278 -279.4500 345.1800
2.5962275147e+000 1.7581292017e+000 -9.6229125858e+000
57 52 56
2 5 2359 442.1100 304.4700 6 2283 460.1801 309.3000
1.1786144462e+002 -4.3180437414e+001 2.7938930231e+002
111 109 112
2 5 2362 -687.1400 253.0300 6 2270 -681.8700 465.5200
4.9015210981e+000 -9.1057378381e-001 -9.3647215911e+000
157 105 57
2 5 2396 861.0300 -157.5900 6 2320 852.6899 -176.9700
3.5573176282e-001 -1.4645888689e+000 -9.7535381142e+000
151 132 136
2 5 2411 56.7400 -244.8700 6 2222 45.2800 -231.3900
2.6568118530e+000 -1.6167586025e+000 -9.1969096525e+000
59 49 46
2 5 2420 473.2600 -287.3100 6 2333 456.3700 -295.1500
-1.9846584116e-001 -1.7618891812e+000 -8.4468763294e+000
134 106 85
2 5 2424 -42.4500 -341.5000 6 2337 -59.2700 -347.5400
2.4972961215e+002 1.1871806515e+002 4.6162707855e+002
144 124 97
2 5 2430 -882.6500 -419.3800 6 2321 -858.8700 -204.3300
-1.1150691736e+000 2.2000928082e+000 -8.1346369904e+000
66 70 73
2 5 2439 -230.2800 450.1100 6 2362 -236.1100 451.0600
1.9096493130e+002 -5.2036258569e+001 3.5517988097e+002
112 120 125
2 5 2459 -876.4000 239.7300 6 2360 -873.6500 455.6800
3.3864828711e+002 -6.5599007502e+001 5.8714773939e+002
156 165 164
2 5 2464 -941.0400 183.0300 6 2365 -935.9700 396.4400
2.5426680384e+002 -4.5070114983e+001 4.5574176189e+002
105 106 110
2 5 2466 -910.4500 162.1400 6 2367 -904.0200 374.7100
2.1153842407e+002 -4.1303338121e+001 4.1229409225e+002
98 102 105
2 5 2467 -836.1800 164.1400 6 2462 -831.3400 375.4100
-5.6246713288e-001 -8.1099274767e-001 -8.1001463895e+000
34 23 21
2 5 2496 -118.8900 -162.3000 6 2417 -131.6000 -179.8100
3.6729982751e+000 -1.9232967353e+000 -8.9641090922e+000
151 64 57
2 5 2518 672.9900 -351.4300 6 2438 650.1500 -367.4700
-5.7001352564e-001 -1.7651266054e+000 -8.0071590829e+000
33 25 23
2 5 2519 -121.5300 -361.2100 6 2436 -138.9600 -374.6600
8.5172818879e+002 5.8182205404e+002 2.2291500040e+003
134 117 91
2 5 2528 -622.5500 -425.8700 6 2419 -607.6900 -220.5600
-1.0700675234e+000 1.9442692882e+000 -7.9405920224e+000
223 113 114
2 5 2536 -227.3400 407.9900 6 2531 -232.7400 400.9100
2.8537443253e+000 2.0929094580e+000 -9.5936659551e+000
77 50 38
2 5 2540 487.7900 363.0800 6 2465 511.2600 369.0700
2.0035191847e+000 1.1745206331e+000 -1.0685947354e+001
46 28 24
2 5 2556 307.3800 183.7800 6 2475 314.3101 205.2700
-1.0345660733e+000 6.6719221303e-001 -7.8149761568e+000
218 112 112
2 5 2558 -223.6200 144.3400 6 2477 -232.3300 122.8400
7.9879657365e-001 1.9603465773e-001 -9.1647422921e+000
144 85 46
2 5 2603 139.4800 38.2500 6 2544 138.1700 35.6200
2.3050673901e+000 1.2106289328e-001 -9.6168389631e+000
91 68 62
2 5 2605 392.3300 23.6300 6 2546 392.7900 22.0600
-1.1822600738e+000 -3.3740211312e-001 -7.9422286387e+000
71 80 77
2 5 2608 -250.1000 -67.0900 6 2548 -262.4100 -85.9100
2.5091354110e+002 1.0158134379e+002 5.0924037527e+002
35 106 168
2 5 2619 -802.4200 -325.4300 6 2491 -786.3400 -116.0800
5.8118717605e+002 2.8622473913e+002 1.1731620543e+003
124 150 156
2 5 2624 -807.3200 -398.0700 6 2553 -788.7400 -187.8400
2.7785995999e+002 1.6762138098e+002 6.6655127818e+002
153 161 162
2 5 2625 -679.6700 -410.2400 6 2555 -662.5800 -202.3800
1.1994208618e+000 7.1986346020e-002 -8.9150080226e+000
52 27 22
2 5 2648 219.4500 16.2500 6 2580 214.1100 6.3600
1.0693856705e+000 -2.7515158471e-001 -9.1208057749e+000
160 129 116
2 5 2649 189.8400 -46.8600 6 2583 184.2100 -52.0100
3.4378601611e+000 -1.0442621865e+000 -9.1155567861e+000
132 43 37
2 5 2653 619.8101 -186.2200 6 2586 607.5000 -202.6600
3.8795639094e+002 2.0189462260e+002 7.2252807126e+002
44 33 31
2 5 2656 -874.6700 -455.9500 6 2587 -853.1600 -240.2600
1.4986456766e+000 -1.1193282285e+000 -1.0008636928e+001
138 118 117
2 5 2670 244.3900 -181.7100 6 2584 233.4800 -170.9000
4.3413245531e+000 4.8558488946e-001 -9.0260374913e+000
148 122 105
2 5 2684 791.9000 91.9800 6 2618 801.7200 68.1700
