# Bundle file v0.3
60 599
0 0 0
0 0 0
0 0 0
0 0 0
0 0 0
1.6294478528e+003 0.0000000000e+000 0.0000000000e+000
1.0000000000e+000 0.0000000000e+000 0.0000000000e+000
0.0000000000e+000 1.0000000000e+000 0.0000000000e+000
0.0000000000e+000 0.0000000000e+000 1.0000000000e+000
-0.0000000000e+000 -0.0000000000e+000 -0.0000000000e+000
1.6294478528e+003 0.0000000000e+000 0.0000000000e+000
9.9827590803e-001 5.6370084590e-002 1.6359248711e-002
-5.4634522132e-002 9.9425438392e-001 -9.2050470090e-002
-2.1454147534e-002 9.0997986878e-002 9.9561995055e-001
-2.8098925378e-001 -9.5300590587e-001 -1.1324655688e-001
0 0 0
0 0 0
0 0 0
0 0 0
0 0 0
0 0 0
0 0 0
0 0 0
0 0 0
0 0 0
0 0 0
0 0 0
0 0 0
0 0 0
0 0 0
0 0 0
0 0 0
0 0 0
0 0 0
0 0 0
0 0 0
0 0 0
0 0 0
0 0 0
0 0 0
0 0 0
0 0 0
0 0 0
0 0 0
0 0 0
0 0 0
0 0 0
0 0 0
0 0 0
0 0 0
0 0 0
0 0 0
0 0 0
0 0 0
0 0 0
0 0 0
0 0 0
0 0 0
0 0 0
0 0 0
0 0 0
0 0 0
0 0 0
0 0 0
0 0 0
0 0 0
0 0 0
0 0 0
0 0 0
0 0 0
0 0 0
0 0 0
0 0 0
0 0 0
0 0 0
0 0 0
0 0 0
0 0 0
0 0 0
0 0 0
0 0 0
0 0 0
0 0 0
0 0 0
0 0 0
0 0 0
0 0 0
0 0 0
0 0 0
0 0 0
0 0 0
0 0 0
0 0 0
0 0 0
0 0 0
0 0 0
0 0 0
0 0 0
0 0 0
0 0 0
0 0 0
0 0 0
0 0 0
0 0 0
0 0 0
0 0 0
0 0 0
0 0 0
0 0 0
0 0 0
0 0 0
0 0 0
0 0 0
0 0 0
0 0 0
0 0 0
0 0 0
0 0 0
0 0 0
0 0 0
0 0 0
0 0 0
0 0 0
0 0 0
0 0 0
0 0 0
0 0 0
0 0 0
0 0 0
0 0 0
0 0 0
0 0 0
0 0 0
0 0 0
0 0 0
0 0 0
0 0 0
0 0 0
0 0 0
0 0 0
0 0 0
0 0 0
0 0 0
0 0 0
0 0 0
0 0 0
0 0 0
0 0 0
0 0 0
0 0 0
0 0 0
0 0 0
0 0 0
0 0 0
0 0 0
0 0 0
0 0 0
0 0 0
0 0 0
0 0 0
0 0 0
0 0 0
0 0 0
0 0 0
0 0 0
0 0 0
0 0 0
0 0 0
0 0 0
0 0 0
0 0 0
0 0 0
0 0 0
0 0 0
0 0 0
0 0 0
0 0 0
0 0 0
0 0 0
0 0 0
0 0 0
0 0 0
0 0 0
0 0 0
0 0 0
0 0 0
0 0 0
0 0 0
0 0 0
0 0 0
0 0 0
0 0 0
0 0 0
0 0 0
0 0 0
0 0 0
0 0 0
0 0 0
0 0 0
0 0 0
0 0 0
0 0 0
0 0 0
0 0 0
0 0 0
0 0 0
0 0 0
0 0 0
0 0 0
0 0 0
0 0 0
0 0 0
0 0 0
0 0 0
0 0 0
0 0 0
0 0 0
0 0 0
0 0 0
0 0 0
0 0 0
0 0 0
0 0 0
0 0 0
0 0 0
0 0 0
0 0 0
0 0 0
0 0 0
0 0 0
0 0 0
0 0 0
0 0 0
0 0 0
0 0 0
0 0 0
0 0 0
0 0 0
0 0 0
0 0 0
0 0 0
0 0 0
0 0 0
0 0 0
0 0 0
0 0 0
0 0 0
0 0 0
0 0 0
0 0 0
0 0 0
0 0 0
0 0 0
0 0 0
0 0 0
0 0 0
0 0 0
0 0 0
0 0 0
0 0 0
0 0 0
0 0 0
0 0 0
0 0 0
0 0 0
0 0 0
0 0 0
0 0 0
0 0 0
0 0 0
0 0 0
0 0 0
0 0 0
0 0 0
0 0 0
0 0 0
0 0 0
0 0 0
0 0 0
0 0 0
0 0 0
0 0 0
0 0 0
0 0 0
0 0 0
0 0 0
0 0 0
0 0 0
0 0 0
0 0 0
0 0 0
0 0 0
0 0 0
0 0 0
0 0 0
0 0 0
0 0 0
0 0 0
0 0 0
0 0 0
1.7251888514e+000 3.8057352795e+000 -1.4191556570e+001
113 107 95
2 1 79 198.2000 436.9400 2 65 166.3700 472.8400
1.7480172860e+000 3.6719461002e+000 -1.3971910762e+001
109 95 79
2 1 80 204.2600 428.1400 2 66 170.8300 461.6800
1.8155659464e+000 3.7566849516e+000 -1.4172216673e+001
111 103 80
2 1 81 208.8900 431.8900 2 67 176.7700 466.7900
1.9019778916e+000 3.7199797995e+000 -1.4219228896e+001
107 96 75
2 1 82 218.3400 426.2000 2 68 185.6100 460.8200
5.9053670496e+000 4.0895968027e+000 -1.5034660229e+001
188 174 126
2 1 85 639.9301 443.2500 2 763 614.9800 458.4300
1.2841289840e+000 3.2486018878e+000 -1.4057594351e+001
104 94 92
2 1 122 149.0300 376.5100 2 93 112.1400 412.1800
1.3427486717e+000 3.0110273077e+000 -1.3784276818e+001
138 137 133
2 1 123 159.0500 355.8600 2 116 120.0100 388.0600
3.1308551843e+000 2.5910415355e+000 -1.4036762368e+001
73 54 37
2 1 172 363.4399 300.7800 2 175 323.1899 321.2300
-1.6439369126e+000 2.0462516620e+000 -1.1924024424e+001
76 68 59
2 1 189 -224.5800 279.6100 2 829 -277.3500 314.3000
-1.1305810566e+000 1.8267430491e+000 -1.1614784962e+001
110 97 88
2 1 192 -158.2800 256.2000 2 208 -212.6300 282.9700
-2.4847549423e+000 1.7088556152e+000 -1.1967549515e+001
71 60 60
2 1 219 -337.6900 232.5300 2 861 -395.0100 273.5900
-2.3066261815e+000 1.5910547102e+000 -1.1716860667e+001
124 124 114
2 1 220 -321.0200 221.3200 2 863 -377.5200 257.8300
-2.0524764641e+000 1.6942175641e+000 -1.1715276095e+001
98 95 82
2 1 224 -285.4100 235.6300 2 865 -341.4700 270.4900
3.3627188949e+000 1.8237090483e+000 -1.3907416139e+001
97 76 52
2 1 270 393.9600 213.6800 2 911 346.8400 229.9300
-2.5594601658e+000 1.1419293487e+000 -1.1469809174e+001
149 145 133
2 1 309 -363.6200 162.2300 2 922 -423.9400 197.4100
-2.1606866520e+000 1.2956971167e+000 -1.1275623974e+001
116 113 99
2 1 311 -312.1000 187.2100 2 252 -371.8600 217.4700
-2.1606866520e+000 1.2956971167e+000 -1.1275623974e+001
116 113 99
2 1 312 -312.1000 187.2100 2 253 -371.8600 217.4700
2.3490487613e+000 1.3923259807e+000 -1.2994430801e+001
91 73 59
2 1 326 294.7800 174.5400 2 932 242.1600 188.3400
-1.7912884622e+000 9.8577050017e-001 -1.1045391508e+001
92 86 74
2 1 362 -263.7100 145.3000 2 283 -326.1100 169.5400
-1.8897219863e+000 8.5889480173e-001 -1.0949335652e+001
91 89 77
2 1 363 -281.0100 127.7700 2 310 -343.8900 151.4100
-1.3974728616e+000 6.1665344041e-001 -1.1034675479e+001
78 70 59
2 1 396 -206.5400 91.1000 2 336 -269.3600 111.2400
-2.6697895537e+000 5.7505215741e-001 -1.1368628722e+001
94 91 74
2 1 418 -382.2500 82.3300 2 328 -446.4900 116.8300
6.1884568526e+000 6.8798342530e-001 -1.3530568484e+001
131 114 71
2 1 445 745.5100 82.7900 2 380 681.6400 76.2700
-1.0204169130e+000 2.9063311745e-001 -1.0815915859e+001
105 103 90
2 1 473 -153.9700 43.8400 2 401 -219.3900 58.1900
2.8994062602e+000 1.1646740479e-001 -1.2860782476e+001
85 70 65
2 1 526 367.4200 14.7400 2 1075 302.6700 23.6700
3.8371933603e+000 9.9178239530e-002 -1.1544935054e+001
157 166 165
2 1 532 541.2000 14.0900 2 434 469.9700 -0.3100
-1.4435616622e+000 -9.5212601135e-002 -1.0686022586e+001
63 54 46
2 1 545 -220.9900 -14.3200 2 1070 -288.0100 2.0200
1.6266764883e+000 -1.1815204583e-001 -1.2844432833e+001
76 61 56
2 1 550 207.3400 -15.2200 2 1073 140.7500 3.1900
3.1597770013e+000 -6.9176408436e-001 -1.2399753803e+001
98 86 76
2 1 592 415.0400 -90.8600 2 1149 340.7800 -87.0400
-7.4608005266e-001 -7.0511379082e-001 -1.0338850179e+001
86 73 51
2 1 608 -116.9300 -111.2800 2 1164 -193.0800 -102.9300
-6.4099315813e-001 -8.4360993106e-001 -1.0306714635e+001
85 70 46
2 1 631 -100.7800 -133.5000 2 1166 -178.0600 -125.9800
1.5846584969e+000 -1.3316727895e+000 -1.3649374556e+001
62 43 29
2 1 645 188.9900 -158.9300 2 501 118.0699 -130.2400
3.1310587680e+000 -1.1953686185e+000 -1.2683365507e+001
79 70 62
2 1 648 401.5000 -153.3900 2 1196 324.9301 -144.6900
2.1793730829e+000 2.8929453584e+000 -1.3857260749e+001
78 60 45
2 1 981 256.2500 340.1800 2 1430 217.9000 366.4800
-1.2310211713e+000 2.1333445876e+000 -1.2043192574e+001
117 109 98
2 1 999 -166.4600 288.6200 2 817 -217.6600 321.4300
-1.8689158236e+000 1.8421381761e+000 -1.1763044232e+001
83 72 60
2 1 1022 -258.7200 255.1400 2 827 -313.6900 289.4700
-1.6515353879e+000 1.9464908233e+000 -1.1742655582e+001
67 57 48
2 1 1023 -228.7700 270.0100 2 1456 -283.2200 302.8100
-1.6904551893e+000 1.9079358454e+000 -1.1735489354e+001
161 155 141
2 1 1024 -234.1300 264.7800 2 828 -289.2600 297.7900
-2.3498676206e+000 1.8506736805e+000 -1.2016099553e+001
86 81 78
2 1 1056 -318.5600 250.9400 2 1453 -373.7300 291.5500
-1.9545322223e+000 1.6287606335e+000 -1.1491502802e+001
70 66 55
2 1 1058 -277.8900 231.1200 2 868 -333.1200 262.3400
-1.9814891005e+000 1.5512724417e+000 -1.1360150385e+001
88 83 77
2 1 1059 -284.0500 222.4700 2 867 -341.9200 252.7700
6.4661629721e-001 2.4175796664e+000 -1.6316438177e+001
169 145 112
2 1 1067 65.4900 241.2200 2 836 22.7000 294.5600
3.7949290965e+000 2.1650455733e+000 -1.4146470636e+001
183 187 174
2 1 1073 437.1100 249.3800 2 1521 393.1899 265.4900
1.1242307619e+000 1.7309006200e+000 -1.2907139505e+001
135 155 150
2 1 1092 142.0800 218.4800 2 1542 92.2700 240.6600
1.1242307619e+000 1.7309006200e+000 -1.2907139505e+001
135 155 150
2 1 1093 142.0800 218.4800 2 1541 92.2700 240.6600
1.2660436485e+000 1.7332624063e+000 -1.2984224711e+001
87 80 70
2 1 1094 159.0300 217.4800 2 1545 109.4301 239.3900
2.8702535011e+000 1.8018149302e+000 -1.3554896466e+001
92 73 56
2 1 1102 345.2800 216.5400 2 1554 297.0400 232.8400
-2.8897525659e+000 1.1459587671e+000 -1.1718205926e+001
150 150 132
2 1 1118 -401.7000 159.3200 2 920 -462.1200 199.6700
-2.6594571233e+000 1.1485341785e+000 -1.1550529485e+001
150 148 135
2 1 1120 -375.1500 162.0200 2 921 -435.4400 198.8500
2.4410783168e+000 1.4662045250e+000 -1.2980892473e+001
93 76 60
2 1 1134 306.2000 184.1000 2 931 255.0400 196.9200
-3.7183231677e+000 1.0046055607e+000 -1.2494343538e+001
114 111 114
2 1 1150 -484.8100 130.9900 2 940 -545.0300 184.1500
-2.9448957640e+000 9.8545120228e-001 -1.1763192833e+001
140 136 124
2 1 1155 -407.8600 136.4900 2 943 -468.8100 177.3800
-2.3508822926e+000 9.7287788240e-001 -1.1217699500e+001
110 102 87
2 1 1158 -341.0500 141.2200 2 1584 -403.5100 171.9800
-3.4899072097e+000 8.0698575400e-001 -1.2284904835e+001
150 148 133
2 1 1166 -462.3700 106.9200 2 942 -524.2900 156.5600
-2.7323548150e+000 6.8730773830e-001 -1.1320727322e+001
108 105 98
2 1 1169 -392.9800 98.8600 2 305 -456.7400 133.4200
-2.5330051022e+000 7.6583629642e-001 -1.1298523204e+001
101 97 85
2 1 1173 -365.0500 110.3900 2 963 -428.1600 143.1500
-2.2761819978e+000 8.4064153262e-001 -1.1121936546e+001
110 103 85
2 1 1174 -333.2100 123.1000 2 308 -396.2100 151.9400
-2.3589672061e+000 7.3043068276e-001 -1.1108843873e+001
129 126 111
2 1 1175 -345.2600 106.9700 2 966 -409.9200 136.4700
-1.9674599299e+000 7.2943090268e-001 -1.0936403381e+001
127 122 113
2 1 1178 -292.4300 108.5200 2 309 -357.1300 132.7800
-1.8347928538e+000 6.5126345056e-001 -1.1041291143e+001
105 102 88
2 1 1179 -270.8100 96.1200 2 985 -334.0000 120.0600
-1.0631767521e+000 8.0939659658e-001 -1.1074268841e+001
87 77 65
2 1 1186 -156.4200 119.0900 2 969 -218.0900 137.1200
6.5010736546e+000 8.9828478052e-001 -1.2735188697e+001
178 161 105
2 1 1202 831.9000 114.9100 2 347 767.2000 96.0500
-2.5742121186e+000 6.0017363187e-001 -1.1154177281e+001
121 115 101
2 1 1212 -376.0700 87.6800 2 977 -439.9400 118.9700
-1.8222599131e+000 4.0398525392e-001 -1.0948694350e+001
76 67 60
2 1 1219 -271.1400 60.1100 2 1658 -336.2000 82.8500
-1.4234797399e+000 5.2827614138e-001 -1.0785545836e+001
110 101 90
2 1 1221 -214.7900 79.7500 2 986 -279.8800 97.3000
-1.1168304165e+000 5.2472830574e-001 -1.0735171340e+001
75 67 57
2 1 1223 -169.3600 79.6100 2 987 -234.3200 93.8800
3.7635349973e+000 5.2791974225e-001 -1.1824418000e+001
96 81 65
2 1 1230 518.4600 72.7900 2 1669 453.0200 62.1100
6.5287118993e+000 6.4847533347e-001 -1.3342135911e+001
121 103 70
2 1 1233 796.8800 79.3100 2 1027 732.4600 67.9300
-2.1865577362e+000 3.7962230238e-001 -1.1085567621e+001
86 84 73
2 1 1244 -320.3800 55.5700 2 1005 -387.2400 83.3400
-1.9443625251e+000 2.5673514277e-001 -1.0998004088e+001
114 110 99
2 1 1249 -287.8200 37.9800 2 1012 -353.9700 62.4200
-1.9434822226e+000 3.5823017395e-001 -1.1028458420e+001
140 138 126
2 1 1250 -287.2000 52.9400 2 1006 -352.0900 77.5500
-1.9434822226e+000 3.5823017395e-001 -1.1028458420e+001
140 138 126
2 1 1251 -287.2000 52.9400 2 1007 -352.0900 77.5500
-1.8447695145e+000 1.8586943959e-001 -1.0868479779e+001
97 90 80
2 1 1252 -276.6800 27.8900 2 1037 -342.9200 49.8600
-1.0555553354e+000 2.4187418981e-001 -1.0840625131e+001
128 143 134
2 1 1255 -158.5900 36.3400 2 1040 -224.8600 51.4800
-8.2943366483e-001 3.6764068597e-001 -1.0843622625e+001
100 96 89
2 1 1257 -124.5300 55.2200 2 1018 -190.0400 68.4600
3.8960993728e+000 3.6665565788e-001 -1.1524632379e+001
180 178 166
2 1 1269 550.9900 51.8100 2 1695 481.6000 36.3800
1.1835843540e+000 -2.2663520798e-001 -1.3044917376e+001
42 27 24
2 1 1310 147.0800 -28.1300 2 1745 84.3400 -5.4600
1.7794106266e+000 -2.6167268870e-001 -1.3163455729e+001
54 35 29
2 1 1314 220.2600 -32.3900 2 1097 155.2400 -12.1100
3.2528202940e+000 -2.2759072378e-001 -1.4050839398e+001
82 69 61
2 1 1320 376.2900 -26.1700 2 1101 313.6100 -7.6000
2.8910823828e+000 -4.0838592169e-001 -1.2734386383e+001
54 41 34
2 1 1340 370.1600 -52.3100 2 1122 299.8199 -43.5100
1.7963919249e+000 -6.9233168016e-001 -1.3196275783e+001
55 35 32
2 1 1365 221.7400 -85.4700 2 1118 153.5100 -64.0600
1.7963919249e+000 -6.9233168016e-001 -1.3196275783e+001
55 35 32
2 1 1366 221.7400 -85.4700 2 1119 153.5100 -64.0600
1.8837630275e+000 -7.5913098591e-001 -1.3209015163e+001
56 35 32
2 1 1367 232.4399 -93.6600 2 1143 163.2800 -72.4500
2.2035094949e+000 -9.2709760835e-001 -1.3347482890e+001
46 28 26
2 1 1393 269.0900 -113.2000 2 1146 198.3400 -92.2600
3.0688021656e+000 -1.0783422615e+000 -1.2666096808e+001
35 26 19
2 1 1418 394.7700 -138.7200 2 1172 317.9399 -129.8400
1.2730418859e+000 -1.5357884091e+000 -1.3548030375e+001
71 45 30
2 1 1442 152.7200 -184.6200 2 1193 81.0601 -154.2500
1.4056555602e+000 -1.3737935648e+000 -1.3311877568e+001
62 39 25
2 1 1444 172.0601 -168.1600 2 1839 99.6600 -141.0300
1.9997869919e+000 -1.4427035449e+000 -1.3483699568e+001
78 64 61
2 1 1447 241.5200 -174.3100 2 522 168.1100 -149.2400
-2.8964328880e-001 -1.2796987400e+000 -1.0445377923e+001
70 56 44
2 1 1468 -45.1800 -199.6300 2 537 -124.7300 -191.4300
6.7794163014e+000 4.1496994487e+000 -1.3133151777e+001
157 144 92
2 1 1658 840.7600 514.9500 2 1384 818.5400 504.3500
-2.6654544929e+000 3.3587992041e+000 -1.1688906217e+001
78 61 69
2 1 1675 -371.4300 468.1900 2 1364 -421.3300 516.2900
1.4623354711e+000 3.7546666372e+000 -1.4226830393e+001
81 78 72
2 1 1686 167.5500 430.0200 2 1388 135.0000 467.8000
1.5116828089e+000 3.2178563921e+000 -1.3897506145e+001
66 57 48
2 1 1706 177.6500 377.1900 2 1404 140.3101 409.9400
1.5141932815e+000 2.9004185232e+000 -1.3600986440e+001
101 92 82
2 1 1707 181.5800 347.4400 2 1420 142.0500 376.3600
1.9279721908e+000 2.9268218836e+000 -1.3733995384e+001
77 60 48
2 1 1709 228.3500 347.3400 2 1426 190.6899 374.2500
1.9279721908e+000 2.9268218836e+000 -1.3733995384e+001
77 60 48
2 1 1710 228.3500 347.3400 2 1427 190.6899 374.2500
2.3236567320e+000 3.0797973617e+000 -1.4114864396e+001
75 56 42
2 1 1711 269.1300 355.3300 2 1408 230.8101 383.9400
2.3710172918e+000 2.9921881024e+000 -1.3831548342e+001
100 84 69
2 1 1712 279.1500 352.5400 2 1431 242.0699 377.4900
2.3710172918e+000 2.9921881024e+000 -1.3831548342e+001
100 84 69
2 1 1713 279.1500 352.5400 2 1432 242.0699 377.4900
5.8731656409e-001 2.9329332469e+000 -1.3777440542e+001
167 144 103
2 1 1721 69.5300 346.8600 2 1402 29.3700 384.0000
5.8731656409e-001 2.9329332469e+000 -1.3777440542e+001
167 144 103
2 1 1722 69.5300 346.8600 2 1403 29.3700 384.0000
1.8268963107e+000 2.6473043059e+000 -1.3600876842e+001
77 59 47
2 1 1729 218.9100 317.1500 2 1446 177.9500 342.9400
5.8082103299e+000 2.9777476433e+000 -1.4650120595e+001
150 133 83
2 1 1741 645.8800 331.2300 2 1450 609.8400 340.2100
-1.5811691183e+000 2.2027161900e+000 -1.2103644392e+001
55 42 39
2 1 1742 -211.9400 296.3300 2 2025 -264.9600 333.1900
1.8245400692e+000 2.3810989898e+000 -1.3391062394e+001
77 59 47
2 1 1744 222.0400 289.7300 2 1462 178.7300 312.8500
-1.0414172456e+000 2.0008463566e+000 -1.1883679459e+001
113 103 93
2 1 1756 -142.8000 274.3500 2 2040 -194.6100 303.5500
-9.5601870503e-001 1.8617293809e+000 -1.1779317120e+001
62 41 38
2 1 1757 -131.1300 257.2800 2 1457 -186.1300 284.8400
2.0794721016e+000 2.1102203734e+000 -1.3350908585e+001
72 58 46
2 1 1772 253.5300 257.6100 2 1514 208.6300 277.7300
2.6521840536e+000 2.3053499840e+000 -1.3705426447e+001
98 79 62
2 1 1780 315.7200 273.9900 2 1485 271.7500 294.2300
6.1365201365e+000 2.3197351977e+000 -1.4241870965e+001
141 119 70
2 1 1784 701.6300 265.5200 2 889 658.8199 266.8600
-2.1562808487e+000 1.6559186260e+000 -1.1782599544e+001
141 143 129
2 1 1791 -298.2800 229.0200 2 1490 -354.2800 265.2000
-1.8739069905e+000 1.7768592941e+000 -1.1695364312e+001
80 70 61
2 1 1794 -260.9500 247.5300 2 2053 -316.3900 281.0100
-1.3850294539e+000 1.5090858794e+000 -1.1017439980e+001
64 48 33
2 1 1799 -205.0200 223.2300 2 1535 -262.3800 244.3600
-1.2213365754e+000 1.7435968292e+000 -1.1500728171e+001
68 56 48
2 1 1800 -173.3200 247.1000 2 2056 -227.4300 272.8600
1.1805236892e+000 1.7644924459e+000 -1.2881823615e+001
70 61 56
2 1 1806 148.9600 223.2800 2 1544 100.4200 244.5800
1.7714200975e+000 1.9535973286e+000 -1.3022793867e+001
74 60 47
2 1 1808 221.0900 244.5700 2 1509 174.8900 263.2000
1.7687179087e+000 1.8569750642e+000 -1.3300924678e+001
90 76 62
2 1 1809 217.4500 227.3100 2 2082 168.2600 249.2400
-2.6687404790e+000 1.3911330157e+000 -1.1763316618e+001
95 91 82
2 1 1818 -370.3900 192.8600 2 2070 -427.5000 232.0000
-2.2126845336e+000 1.5593268664e+000 -1.1612715241e+001
86 88 77
2 1 1823 -309.9500 218.6800 2 1489 -368.2200 253.6800
-3.0227163043e+000 1.1667932222e+000 -1.1877650064e+001
154 152 139
2 1 1842 -413.8800 159.8900 2 2086 -475.3000 203.1300
-1.4467412560e+000 1.2518825357e+000 -1.1025519112e+001
90 81 72
2 1 1845 -213.3100 184.9000 2 1563 -273.6700 206.4100
-2.2615648322e+000 9.5685394130e-001 -1.1097672165e+001
144 140 123
2 1 1869 -331.5600 140.3800 2 1585 -394.4900 169.1000
-1.9604388722e+000 9.5154173269e-001 -1.0950917043e+001
94 86 75
2 1 1871 -291.7700 141.6000 2 1588 -353.6700 165.8400
-1.9508995963e+000 8.9400445761e-001 -1.1026269418e+001
136 137 123
2 1 1872 -288.2800 132.1100 2 1589 -350.4100 157.1000
-1.5992951311e+000 1.0047666443e+000 -1.0915391552e+001
63 54 45
2 1 1873 -238.3400 149.9000 2 1590 -300.5300 170.9500
-1.3628162521e+000 1.0090251992e+000 -1.0928425844e+001
54 39 32
2 1 1876 -202.9900 150.4000 2 1592 -264.4700 169.5000
-1.3155672752e+000 9.9330124765e-001 -1.1039290151e+001
72 61 55
2 1 1877 -193.7200 146.5100 2 949 -255.4100 166.6400
-1.0436760420e+000 8.8321435633e-001 -1.0966231488e+001
56 46 37
2 1 1878 -155.1000 131.2400 2 1621 -216.5400 147.8400
-9.9438619242e-001 8.6764493945e-001 -1.1046626211e+001
91 77 64
2 1 1879 -146.1400 127.8600 2 1622 -208.5100 145.2900
1.0641233404e+000 1.2672984199e+000 -1.3775889285e+001
40 28 28
2 1 1884 125.9500 149.8800 2 1598 74.3400 179.9700
-2.6480250591e+000 7.6438133612e-001 -1.1261549173e+001
93 89 78
2 1 1898 -382.5700 110.4700 2 2146 -446.6000 143.9400
-2.6480250591e+000 7.6438133612e-001 -1.1261549173e+001
93 89 78
2 1 1899 -382.5700 110.4700 2 2145 -446.6000 143.9400
-2.5920866894e+000 7.0384536466e-001 -1.1235468143e+001
132 128 117
2 1 1900 -375.2700 101.9300 2 1615 -439.7400 134.6400
-2.4183939318e+000 6.7025540709e-001 -1.1197719080e+001
83 78 67
2 1 1902 -351.6800 97.4800 2 1616 -415.3900 128.1300
-1.2599042089e+000 7.3779947782e-001 -1.0914281519e+001
71 61 52
2 1 1906 -187.6600 110.0500 2 1620 -251.2600 127.9600
2.0954954117e+000 9.0861089643e-001 -1.2487114506e+001
93 78 71
2 1 1908 272.2800 118.8400 2 2158 217.1200 128.0100
2.6321253909e+000 7.8964763314e-001 -1.2833287358e+001
68 54 45
2 1 1909 334.2100 100.2600 2 2190 276.0400 110.0600
2.7103488646e+000 8.0435846035e-001 -1.2467643778e+001
66 50 37
2 1 1912 353.4500 105.3100 2 1643 295.9000 109.9800
2.7103488646e+000 8.0435846035e-001 -1.2467643778e+001
66 50 37
2 1 1913 353.4500 105.3100 2 1642 295.9000 109.9800
-2.2421106098e+000 5.2208295137e-001 -1.1090916358e+001
104 98 84
2 1 1924 -329.1700 76.6500 2 1633 -393.7800 104.5900
-2.2826078654e+000 4.8692416527e-001 -1.1033313506e+001
89 84 73
2 1 1925 -336.4800 71.7700 2 1632 -402.2700 99.5800
-2.3444045592e+000 4.1162789138e-001 -1.1150953992e+001
142 139 122
2 1 1927 -342.2700 60.0800 2 1004 -407.4700 89.5200
-2.0007427972e+000 5.6775917290e-001 -1.1070716097e+001
135 132 114
2 1 1928 -294.4100 83.5500 2 1635 -358.3100 109.2100
-1.7294138130e+000 4.0100192592e-001 -1.0982989525e+001
136 133 122
2 1 1930 -256.5200 59.4800 2 1659 -321.4300 81.8500
-1.3524122174e+000 5.8205674719e-001 -1.0953603432e+001
103 94 85
2 1 1932 -201.2000 86.5900 2 1639 -264.8000 105.4600
1.6701342909e+000 6.1682595057e-001 -1.3052278962e+001
36 27 22
2 1 1936 208.1801 77.0800 2 1641 150.6500 95.8300
2.5362047775e+000 5.3532515442e-001 -1.2824285355e+001
45 27 23
2 1 1938 322.8300 67.8800 2 1665 261.3101 78.7200
-2.0190193207e+000 2.2256976760e-001 -1.1005248887e+001
115 111 100
2 1 1957 -298.7000 32.9000 2 1683 -365.0100 58.0400
-1.0621559873e+000 3.7596089411e-001 -1.0894427059e+001
112 108 96
2 1 1958 -158.7700 56.2100 2 1661 -224.0200 72.0100
2.0292423003e+000 3.7441229597e-001 -1.2824653351e+001
51 33 29
2 1 1962 257.4100 47.6700 2 1663 197.1000 61.6700
-2.1098062604e+000 1.8339310212e-001 -1.1134989219e+001
124 119 109
2 1 1983 -308.4000 26.7600 2 1681 -374.7200 54.1600
-2.0738479846e+000 1.3515603517e-001 -1.1141930687e+001
55 52 44
2 1 1984 -303.4400 19.8000 2 1682 -369.0000 46.7700
-1.7589195223e+000 7.4619727506e-003 -1.1040851032e+001
65 54 48
2 1 1986 -259.6700 1.1200 2 1701 -326.3400 24.5400
-1.5866630336e+000 2.3879409653e-002 -1.0897911029e+001
56 48 46
2 1 1987 -237.6300 3.6600 2 1702 -304.0900 23.8400
-1.4745348559e+000 1.4614013508e-001 -1.0801820380e+001
108 98 86
2 1 1988 -222.4100 22.0400 2 1686 -289.3100 40.2300
-7.8326696526e-001 1.5161741027e-001 -1.0876006916e+001
81 66 59
2 1 1992 -117.5000 22.7500 2 1041 -183.8800 36.0500
-8.0854682354e-001 4.1343267422e-002 -1.0784752972e+001
61 50 41
2 1 1993 -122.0900 6.2300 2 1071 -189.9900 18.8300
-5.6809562189e-001 1.2829111195e-001 -1.0835544443e+001
76 58 54
2 1 1994 -85.6800 19.3500 2 1042 -152.2700 30.3400
3.8632527671e+000 5.7575228944e-002 -1.1518529958e+001
185 194 186
2 1 2000 546.2800 8.2000 2 1757 474.0699 -6.5800
-1.5282627435e+000 -2.3461457235e-001 -1.0772388768e+001
76 66 54
2 1 2011 -230.9400 -35.5400 2 1734 -300.6300 -16.6700
-6.4168003096e-001 -4.3840032433e-002 -1.0814557086e+001
45 31 27
2 1 2013 -96.7500 -6.5900 2 1072 -164.9600 5.0700
3.8615172009e-001 -1.6912904329e-001 -1.2607183912e+001
80 58 47
2 1 2015 50.0400 -21.8900 2 1709 -14.4200 2.3800
1.9616545053e+000 -1.4869405602e-001 -1.3513969973e+001
73 58 51
2 1 2019 235.9399 -17.7900 2 1712 173.7500 4.1200
5.1465690342e+000 -2.9291535969e-001 -1.4170516489e+001
74 55 48
2 1 2025 591.8300 -33.6900 2 1758 522.9301 -25.0700
-5.0395793932e-001 -3.9890767766e-001 -1.0904905229e+001
47 28 22
2 1 2042 -75.0700 -59.6600 2 1770 -146.1900 -47.1000
-9.9327197456e-002 -3.1943827695e-001 -1.1072967187e+001
44 22 16
2 1 2043 -14.1300 -47.1200 2 1743 -85.0300 -35.7500
-9.9327197456e-002 -3.1943827695e-001 -1.1072967187e+001
44 22 16
2 1 2044 -14.1300 -47.1200 2 1744 -85.0300 -35.7500
2.0200180672e+000 -5.1653676308e-001 -1.3178772244e+001
74 57 53
2 1 2053 249.4399 -63.7900 2 1774 182.6300 -44.5900
3.0368245321e+000 -3.9665559136e-001 -1.2959729011e+001
87 78 73
2 1 2054 382.1500 -49.9500 2 1780 312.2400 -39.6900
1.9727799817e+000 -6.0684301005e-001 -1.3274753406e+001
74 59 52
2 1 2066 242.1600 -74.4900 2 1777 174.3800 -53.6600
2.0238916139e+000 -7.3325737562e-001 -1.3258083056e+001
74 55 48
2 1 2069 248.4500 -90.0500 2 1799 180.0900 -69.5500
2.1329347741e+000 -7.3581343388e-001 -1.3251459168e+001
55 37 30
2 1 2072 262.0699 -90.4300 2 1144 193.2700 -70.6500
3.7707011987e+002 4.8537542309e+001 7.2964560522e+002
75 91 115
2 1 2074 -842.7400 -108.2500 2 1651 -880.5500 91.0800
2.4409017597e+000 -9.9716174012e-001 -1.3398949097e+001
74 59 54
2 1 2092 295.8101 -121.0200 2 1817 226.3700 -101.5200
3.1731567147e+000 -1.2328791161e+000 -1.2276746174e+001
115 105 93
2 1 2117 421.1801 -163.6400 2 1853 340.5900 -159.0900
3.8746484256e+000 -1.0465773694e+000 -1.2161654126e+001
115 98 82
2 1 2120 518.3800 -140.0400 2 1855 438.2200 -142.9300
2.0347925395e+000 -1.3801914140e+000 -1.3590434686e+001
44 30 27
2 1 2137 243.5000 -165.3700 2 1845 171.5300 -139.9800
2.9238999825e+000 -1.4657497784e+000 -1.2788820316e+001
66 53 49
2 1 2138 373.1899 -186.9100 2 1878 292.4500 -173.8100
3.0350180833e+000 -1.7182511321e+000 -1.2728571429e+001
63 48 45
2 1 2153 388.5200 -219.9600 2 1899 306.1300 -207.3900
3.3180878625e+000 -1.6004271912e+000 -1.2549059245e+001
108 93 78
2 1 2155 430.1801 -207.6500 2 1901 348.2900 -199.7500
-2.4429187296e+000 -1.4939549207e+000 -9.7942517752e+000
64 60 63
2 1 2163 -405.7400 -248.7000 2 1906 -486.1900 -229.6800
3.1561162103e+000 -1.8033876860e+000 -1.2717439924e+001
70 51 45
2 1 2170 403.5000 -230.8500 2 1902 321.6000 -219.2500
3.1948525006e+000 -1.8770615772e+000 -1.2755167094e+001
104 84 73
2 1 2171 407.8000 -239.7100 2 1249 324.1700 -227.2900
3.1308081571e-001 -1.9643468729e+000 -1.1858639332e+001
159 131 91
2 1 2189 42.7500 -269.8500 2 2360 -36.5000 -246.6200
6.7114170222e+000 -2.4501537697e+000 -1.2205775625e+001
162 142 91
2 1 2215 894.5200 -326.7300 2 2384 785.8700 -340.0600
-3.2194252843e+000 2.8260753667e+000 -1.1645467756e+001
37 21 32
2 1 2274 -449.7100 395.2600 2 1996 -505.5400 444.6700
1.2332217437e+000 2.9851435250e+000 -1.3775980505e+001
72 64 62
2 1 2284 145.8600 353.0900 2 2006 107.1300 385.7400
1.4246347096e+000 2.9271798462e+000 -1.3678268708e+001
65 58 50
2 1 2286 169.6500 348.7200 2 2015 130.7500 378.9300
6.2046115283e+000 2.9877488067e+000 -1.3825100894e+001
168 151 97
2 1 2287 731.3700 352.1200 2 2019 694.3400 350.0400
4.3838680231e-001 2.8348140034e+000 -1.4384769657e+001
167 145 108
2 1 2290 50.1600 321.0000 2 2013 8.8300 363.7500
4.3838680231e-001 2.8348140034e+000 -1.4384769657e+001
167 145 108
2 1 2291 50.1600 321.0000 2 2014 8.8300 363.7500
1.6119848855e+000 2.7654459370e+000 -1.3460834585e+001
77 65 53
2 1 2294 195.0900 334.7700 2 2016 154.9100 361.1600
1.9034277309e+000 2.7149468198e+000 -1.3660748269e+001
97 83 70
2 1 2295 227.0300 323.8400 2 2017 186.8300 349.8000
5.8428276925e+000 2.9381424202e+000 -1.4985864528e+001
152 136 85
2 1 2296 635.0200 319.5400 2 2030 599.0601 331.2900
6.3786443766e+000 2.7160184973e+000 -1.3314556847e+001
147 134 82
2 1 2300 781.1500 332.2600 2 2031 739.5300 322.7100
-1.5922569778e+000 2.2997160168e+000 -1.2142304512e+001
78 65 60
2 1 2304 -213.0900 308.4800 2 2024 -264.8300 345.9900
3.4525197211e-002 2.6626171502e+000 -1.4159407126e+001
67 39 35
2 1 2308 4.1500 306.3700 2 2012 -38.4400 349.5000
5.7400947877e+000 2.8369387455e+000 -1.4997311099e+001
152 135 84
2 1 2310 623.2100 308.3400 2 2028 586.6300 320.5600
-1.7601191454e+000 1.8282595686e+000 -1.1791788318e+001
83 73 63
2 1 2314 -243.0100 252.5900 2 2036 -297.8500 286.2900
-1.2202863694e+000 1.8416374245e+000 -1.1683021303e+001
140 145 125
2 1 2317 -169.9500 256.8000 2 2448 -224.0300 285.0300
-1.2202863694e+000 1.8416374245e+000 -1.1683021303e+001
140 145 125
2 1 2318 -169.9500 256.8000 2 2449 -224.0300 285.0300
9.6253460066e-001 2.4848441101e+000 -1.5743412836e+001
166 138 112
2 1 2322 99.4600 257.2200 2 2453 58.9700 304.6900
-2.1951076222e+000 1.7996410496e+000 -1.1897558266e+001
109 105 96
2 1 2331 -300.4900 246.4400 2 2035 -355.9800 284.5700
-2.2623315718e+000 1.6638971819e+000 -1.1864404666e+001
130 132 121
2 1 2332 -310.6700 228.5100 2 2052 -366.8600 266.4100
-2.0828506146e+000 1.7858028210e+000 -1.1878027347e+001
80 70 68
2 1 2333 -285.8200 245.0000 2 2463 -340.7300 281.8800
1.5930980082e+000 2.0308927986e+000 -1.3129043099e+001
75 59 46
2 1 2343 198.2500 251.9300 2 2062 150.6300 273.6500
-2.5292140793e+000 1.1476725569e+000 -1.1545238820e+001
148 144 132
2 1 2357 -357.6400 162.1300 2 2090 -416.3400 197.5100
-2.5292140793e+000 1.1476725569e+000 -1.1545238820e+001
148 144 132
2 1 2358 -357.6400 162.1300 2 2089 -416.3400 197.5100
-2.0762386324e+000 1.2374526423e+000 -1.1118812523e+001
90 87 73
2 1 2359 -304.1500 181.3200 2 2093 -364.5100 209.0300
-2.1508501943e+000 1.1588706863e+000 -1.1204073593e+001
91 85 73
2 1 2360 -312.5900 168.4900 2 2094 -373.4100 197.6500
-1.8565294742e+000 1.1100417643e+000 -1.0914061707e+001
153 146 130
2 1 2361 -276.8800 165.6600 2 2469 -338.5900 189.0100
-1.3802156394e+000 1.1497583259e+000 -1.0975606911e+001
106 97 84
2 1 2362 -204.8900 170.6900 2 2096 -264.9900 190.6200
-1.1247348835e+000 1.1286578526e+000 -1.1113602962e+001
80 66 56
2 1 2364 -164.4200 165.3700 2 2124 -224.8800 184.9700
-9.1660772233e-001 1.2696784255e+000 -1.1230410363e+001
86 74 61
2 1 2365 -132.6400 184.1400 2 2471 -191.3600 203.5300
1.3374318849e+000 1.4328303191e+000 -1.2878276859e+001
83 68 63
2 1 2370 169.2700 181.2800 2 2101 117.3000 201.1300
1.5319045323e+000 1.3177522270e+000 -1.2879110731e+001
83 68 61
2 1 2371 193.3900 166.8200 2 2132 141.4200 184.9000
6.5020200009e+000 1.2641264159e+000 -1.3190337129e+001
152 136 84
2 1 2377 802.9000 156.2400 2 2167 745.0699 142.6700
-2.6924312458e+000 1.0452995188e+000 -1.1591460744e+001
71 65 53
2 1 2379 -378.3900 146.9200 2 2113 -439.2200 184.2600
-2.2911101253e+000 1.0368254456e+000 -1.1158918507e+001
98 91 80
2 1 2382 -334.6000 151.4100 2 2117 -395.8900 180.9100
-2.3124993409e+000 8.9916889385e-001 -1.1125500289e+001
161 157 136
2 1 2383 -338.5000 131.6500 2 2119 -401.0900 160.8700
-2.1817100543e+000 9.4460735760e-001 -1.1104236607e+001
70 67 52
2 1 2385 -320.0900 138.6000 2 2483 -382.0700 166.4900
-2.1817100543e+000 9.4460735760e-001 -1.1104236607e+001
70 67 52
2 1 2386 -320.0900 138.6000 2 2484 -382.0700 166.4900
-2.0803815117e+000 8.7714025496e-001 -1.0985246518e+001
144 140 125
2 1 2387 -308.5100 130.0900 2 2149 -371.1300 155.7100
-1.4614752709e+000 8.4005047981e-001 -1.0959100107e+001
130 125 114
2 1 2389 -217.2000 124.8800 2 2151 -279.5000 144.9400
-1.3769638315e+000 8.9731855430e-001 -1.0972891227e+001
95 86 77
2 1 2390 -204.1700 133.1800 2 2153 -266.4100 152.8500
-1.2049644781e+000 1.0272432005e+000 -1.0980270385e+001
90 76 68
2 1 2391 -178.6800 152.4100 2 2125 -239.5800 170.7800
-1.1176136024e+000 1.0154266273e+000 -1.1062413069e+001
58 44 35
2 1 2392 -164.1900 149.4700 2 2127 -225.4200 168.2200
-7.2747084448e-001 1.0004569478e+000 -1.1035840171e+001
84 70 62
2 1 2394 -107.4200 147.7200 2 2489 -167.6700 162.6300
-7.2747084448e-001 1.0004569478e+000 -1.1035840171e+001
84 70 62
2 1 2395 -107.4200 147.7200 2 2490 -167.6700 162.6300
-1.0737433718e-001 1.1395001038e+000 -1.2498330480e+001
72 52 38
2 1 2396 -14.4300 148.6600 2 2491 -68.7300 174.7600
1.2460903484e+000 9.9737058268e-001 -1.3013811425e+001
32 22 20
2 1 2397 156.3199 124.8100 2 2504 100.7200 146.4800
1.4907042083e+000 1.1974284802e+000 -1.2903016798e+001
51 36 31
2 1 2398 188.6200 151.1300 2 2133 134.1600 170.0800
-2.8080145236e+000 6.9963732727e-001 -1.1377792654e+001
145 141 135
2 1 2405 -401.8000 100.1200 2 2144 -465.5100 135.9100
-2.4714318778e+000 7.1512657409e-001 -1.1193245976e+001
148 144 132
2 1 2406 -359.2700 103.9900 2 2147 -423.3800 135.2000
-1.7396036791e+000 6.7313083507e-001 -1.0930834648e+001
128 127 107
2 1 2409 -259.2200 100.3200 2 2174 -322.8400 122.2600
-1.5628639492e+000 6.1976915275e-001 -1.0985539264e+001
141 139 127
2 1 2410 -231.9100 91.9500 2 2175 -295.1400 112.9300
-1.3355518580e+000 7.5858855471e-001 -1.0973109358e+001
102 101 89
2 1 2411 -198.4700 112.6800 2 2154 -260.6400 131.6600
-1.2172882743e+000 6.7759892366e-001 -1.1006395889e+001
108 101 88
2 1 2413 -180.1900 100.3100 2 2514 -243.0300 118.7400
-1.2172882743e+000 6.7759892366e-001 -1.1006395889e+001
108 101 88
2 1 2414 -180.1900 100.3100 2 2513 -243.0300 118.7400
-2.7906358136e-001 7.6995198733e-001 -1.1264646886e+001
81 64 48
2 1 2418 -40.5200 111.4100 2 2156 -101.2800 125.1700
2.0601304413e+000 9.6262528806e-001 -1.2888495898e+001
68 53 46
2 1 2420 260.6300 121.6600 2 2157 204.3000 136.1900
2.5866724140e+000 8.9054931735e-001 -1.2786951206e+001
67 52 45
2 1 2422 329.3400 113.5500 2 2189 272.5900 122.9800
2.8907093823e+000 7.7724039362e-001 -1.2982020521e+001
82 67 55
2 1 2423 362.9800 97.5200 2 2193 304.5100 107.2000
6.4241072491e+000 8.3306385134e-001 -1.3407062881e+001
162 148 111
2 1 2426 780.4700 101.3200 2 2214 718.3700 91.2800
-3.7402226950e+000 7.0066644388e-001 -1.2481679817e+001
77 70 63
2 1 2428 -488.5900 91.5400 2 2495 -549.0700 144.1100
-1.1830052078e+000 5.5250360339e-001 -1.0897550731e+001
145 146 133
2 1 2434 -176.9200 82.6200 2 2177 -240.7900 99.3800
-7.9718907430e-001 5.7301196761e-001 -1.0945949783e+001
79 64 57
2 1 2437 -118.5400 85.2700 2 2178 -182.3400 99.4900
-7.9718907430e-001 5.7301196761e-001 -1.0945949783e+001
79 64 57
2 1 2438 -118.5400 85.2700 2 2179 -182.3400 99.4900
-6.5530235955e-001 5.6992921081e-001 -1.1039885985e+001
36 26 17
2 1 2439 -96.9400 84.1700 2 2519 -159.7400 98.2000
1.9254334499e+000 6.1269974177e-001 -1.2004635156e+001
75 60 53
2 1 2442 259.3400 83.6400 2 2208 202.0100 88.0900
2.1048175134e+000 6.4469106421e-001 -1.2666817898e+001
62 44 42
2 1 2443 270.7300 82.9400 2 2187 211.4600 94.7200
2.1892784674e+000 5.1404304103e-001 -1.2989896807e+001
61 46 41
2 1 2445 275.0500 64.3800 2 2533 214.5200 79.3400
-2.5144156308e+000 3.4783966268e-001 -1.1101706582e+001
76 67 62
2 1 2453 -368.5900 50.9500 2 2200 -434.7100 81.3100
-2.1186095962e+000 3.4011418784e-001 -1.1086241774e+001
137 138 125
2 1 2455 -311.2600 49.9600 2 2528 -376.5200 76.7500
-1.5259369732e+000 2.0990209222e-001 -1.0842467679e+001
69 52 44
2 1 2456 -229.3900 31.5600 2 2219 -295.5900 50.5800
-1.3583940696e+000 3.0686637380e-001 -1.0786027842e+001
62 55 45
2 1 2457 -205.2200 46.3600 2 2204 -271.1200 63.2700
-1.3312816765e+000 2.2865754911e-001 -1.0832534090e+001
100 93 83
2 1 2458 -200.1000 34.3600 2 2220 -266.6400 51.7400
-8.9373922008e-001 3.9955588063e-001 -1.0851438186e+001
42 32 32
2 1 2460 -133.7800 59.9000 2 2206 -199.6700 73.9200
-5.2871080057e-001 3.1934345190e-001 -1.0889053187e+001
81 64 54
2 1 2461 -78.8700 47.7300 2 2222 -144.9000 59.1500
-1.0134618487e-001 2.6284385156e-001 -1.1132597028e+001
76 62 53
2 1 2462 -14.7400 38.4500 2 2223 -80.2400 49.4200
2.2656082758e+000 2.5188280491e-001 -1.3196267117e+001
76 58 55
2 1 2465 279.5500 31.1500 2 1688 218.5300 47.6000
3.2165196098e+000 3.8936010861e-001 -1.3056920397e+001
165 173 169
2 1 2467 401.4100 48.5900 2 2229 339.4000 57.0500
3.4996244139e+000 3.6918080021e-001 -1.1701435331e+001
122 103 97
2 1 2468 487.9900 51.2500 2 1694 419.2300 41.6200
3.7155174431e+000 2.5856069343e-001 -1.1738619844e+001
179 184 184
2 1 2470 515.5100 35.9500 2 2251 446.9800 24.8800
4.1279821832e+000 3.7331007210e-001 -1.1992069311e+001
93 75 53
2 1 2471 561.3700 50.6100 2 2233 492.7400 40.0600
-2.1677813683e+000 1.1261080772e-001 -1.1027308984e+001
121 118 110
2 1 2477 -319.5700 16.4700 2 2217 -387.4600 43.3800
-1.1890847411e+000 3.5774816505e-002 -1.0622238804e+001
37 25 19
2 1 2480 -181.5400 5.2900 2 2555 -251.5000 19.3900
-1.1890847411e+000 3.5774816505e-002 -1.0622238804e+001
37 25 19
2 1 2481 -181.5400 5.2900 2 2554 -251.5000 19.3900
-6.9130916636e-001 2.9068882809e-002 -1.0911590315e+001
72 58 49
2 1 2482 -102.9700 4.2800 2 2240 -170.9400 17.6300
1.3296636683e+000 1.2374194745e-001 -1.3127034040e+001
68 53 48
2 1 2483 165.0500 15.3600 2 2224 103.5200 37.7400
1.5269358502e+000 1.3702012879e-001 -1.3282503993e+001
60 46 43
2 1 2485 187.4000 16.7900 2 2225 126.0200 39.3600
2.1104706124e+000 1.9993417819e-001 -1.3291118815e+001
40 25 22
2 1 2486 257.9399 24.7000 2 2226 198.1400 42.8800
2.1856253165e+000 7.9085813157e-002 -1.2911804614e+001
46 31 30
2 1 2487 275.7400 10.0000 2 2244 212.2900 24.3700
2.6495286737e+000 1.2325773910e-001 -1.3005273908e+001
57 43 40
2 1 2492 332.0601 15.4200 2 2246 268.2000 27.6200
3.7191239606e+000 1.8407812249e-001 -1.1651565133e+001
110 102 100
2 1 2496 520.0000 25.7700 2 2252 449.9900 13.7100
-1.3663663579e+000 -6.2638686585e-002 -1.0682644061e+001
67 51 45
2 1 2504 -208.0400 -9.6400 2 2239 -277.3700 6.5900
-1.3441660298e+000 -1.4343815818e-001 -1.0743113569e+001
107 96 90
2 1 2505 -203.9000 -21.7500 2 2261 -272.7200 -5.0300
-1.1116159752e+000 -1.6178190812e-001 -1.0766464815e+001
108 101 95
2 1 2507 -168.0400 -24.5300 2 2262 -237.4500 -9.2900
-5.0910002357e-001 -1.0120340995e-001 -1.0774087017e+001
46 27 28
2 1 2508 -76.8900 -15.3300 2 2265 -146.1100 -5.0900
3.1680191618e+000 -1.1858426201e-001 -1.3142709618e+001
65 53 47
2 1 2511 392.6400 -14.6700 2 2248 326.5699 -4.2400
3.2505802837e+000 -7.7449020683e-002 -1.2523382269e+001
178 203 207
2 1 2513 422.1200 -9.8800 2 2268 355.4200 -7.3200
3.2348405849e+000 -5.3545488817e-001 -1.3334409452e+001
101 100 96
2 1 2532 394.6600 -65.2800 2 2281 326.3400 -52.6400
3.2208326465e+000 -2.9795046008e-001 -1.2454698083e+001
185 201 201
2 1 2533 420.6700 -38.8100 2 2280 351.3900 -36.2500
3.2724776394e+000 -3.0718473612e-001 -1.1967425882e+001
162 176 177
2 1 2535 445.5900 -41.8300 2 2284 372.5601 -45.0900
3.2724776394e+000 -3.0718473612e-001 -1.1967425882e+001
162 176 177
2 1 2536 445.5900 -41.8300 2 2283 372.5601 -45.0900
3.3473535276e+000 -3.5549977117e-001 -1.1980479263e+001
113 103 100
2 1 2537 455.1400 -48.3200 2 2286 381.7600 -51.9000
-4.5946860562e-001 -5.3030937135e-001 -1.0970881307e+001
25 17 20
2 1 2545 -68.3900 -78.7300 2 2277 -139.4900 -65.5600
3.0483223105e+000 -6.4880830018e-001 -1.3426534017e+001
47 33 28
2 1 2547 369.0699 -78.5300 2 1783 300.9900 -63.6000
3.0026483059e+000 -6.9351351293e-001 -1.3046166282e+001
80 66 65
2 1 2548 375.2400 -86.6700 2 2291 303.2600 -74.5300
3.0026483059e+000 -6.9351351293e-001 -1.3046166282e+001
80 66 65
2 1 2549 375.2400 -86.6700 2 2292 303.2600 -74.5300
3.2154120909e+000 -5.4017728124e-001 -1.2147510836e+001
105 94 83
2 1 2551 431.1500 -72.4200 2 2295 357.0601 -72.4400
3.3614395779e+000 -6.1095448629e-001 -1.2028942484e+001
105 93 81
2 1 2552 455.3000 -82.7500 2 2296 379.2800 -84.9500
3.4981118560e+000 -8.3308771922e-001 -1.2041875921e+001
84 71 62
2 1 2563 473.3500 -112.7300 2 1821 394.5699 -114.8900
3.7430461987e+000 -8.8854721220e-001 -1.1938180613e+001
123 105 90
2 1 2564 510.9800 -121.3000 2 1823 430.0699 -126.2000
-2.8884614608e+000 -9.7277011214e-001 -9.7549762915e+000
55 48 56
2 1 2566 -482.2100 -162.5500 2 1828 -559.1100 -142.9000
1.3189693354e+000 -1.2764655056e+000 -1.3759130412e+001
95 71 61
2 1 2571 157.0601 -151.3700 2 2309 85.3800 -119.7200
3.6109612021e+000 -1.1211225258e+000 -1.2229099330e+001
121 105 88
2 1 2576 480.5900 -149.2500 2 2330 400.5200 -149.0700
3.6822293315e+000 -1.1139760379e+000 -1.2123440649e+001
93 75 61
2 1 2578 494.7700 -149.6900 2 2332 413.1400 -151.0500
1.4888344645e+000 -1.4666979606e+000 -1.3606848485e+001
92 65 51
2 1 2590 178.4600 -175.6800 2 1842 105.9000 -146.1000
3.1910694105e+000 -1.3790409415e+000 -1.2477304019e+001
75 65 53
2 1 2596 416.2200 -179.9700 2 2343 336.2300 -172.9600
3.3408540598e+000 -1.2205616492e+000 -1.2109862416e+001
122 111 97
2 1 2599 450.1801 -164.3900 2 2326 367.0000 -162.6100
3.5977240795e+000 -1.5577971258e+000 -1.2553327978e+001
115 96 79
2 1 2607 466.0601 -201.9800 2 2354 384.1400 -196.2500
-3.4620370156e+000 -1.8425942479e+000 -9.9167340373e+000
77 66 74
2 1 2635 -569.6300 -302.5900 2 2368 -646.3500 -272.2600
-3.4620370156e+000 -1.8425942479e+000 -9.9167340373e+000
77 66 74
2 1 2636 -569.6300 -302.5900 2 2369 -646.3500 -272.2600
-6.2578129151e-002 -2.7957310099e+000 -1.1053341544e+001
163 136 90
2 1 2663 -9.6000 -412.0500 2 1966 -97.3300 -388.7000
-6.2578129151e-002 -2.7957310099e+000 -1.1053341544e+001
163 136 90
2 1 2664 -9.6000 -412.0500 2 1967 -97.3300 -388.7000
2.0869906267e-002 -2.8555464843e+000 -1.0762439564e+001
173 146 96
2 1 2667 2.2900 -432.1300 2 2393 -86.8700 -412.0900
2.1424078040e+000 -5.6416496959e+000 -2.0952594904e+001
148 126 69
2 1 2668 166.9000 -438.8100 2 2390 90.2800 -359.3900
4.7744778648e+000 -4.6060387311e+000 -1.5867107735e+001
152 128 82
2 1 2672 490.3900 -473.0300 2 2397 393.1899 -429.6200
-1.1177397243e+000 3.7306507156e+000 -1.3401753248e+001
75 49 38
2 1 2695 -135.9000 453.5900 2 2412 -174.9500 504.1500
6.6143691273e+000 3.8597304203e+000 -1.3677617150e+001
157 144 91
2 1 2696 787.4100 459.9600 2 2419 761.6600 455.5900
6.6684629102e+000 3.8378487475e+000 -1.3312763968e+001
175 166 109
2 1 2697 816.0100 469.7900 2 2421 789.3800 460.9700
6.6684629102e+000 3.8378487475e+000 -1.3312763968e+001
175 166 109
2 1 2698 816.0100 469.7900 2 2422 789.3800 460.9700
1.4566853830e+000 3.6194456013e+000 -1.4219473082e+001
159 179 178
2 1 2703 167.3199 414.6700 2 2416 133.1000 452.0100
1.4566853830e+000 3.6194456013e+000 -1.4219473082e+001
159 179 178
2 1 2704 167.3199 414.6700 2 2417 133.1000 452.0100
1.6370323882e+000 3.6894552352e+000 -1.4194909428e+001
119 114 107
2 1 2705 188.2000 423.4500 2 2418 155.0100 459.5700
1.3241555667e+000 3.5510921415e+000 -1.4072467883e+001
93 82 84
2 1 2710 153.1100 411.2300 2 2415 119.3101 447.7600
-2.1881106481e+000 2.7748242971e+000 -1.2051277138e+001
46 35 41
2 1 2715 -295.5300 375.1100 2 2429 -346.0100 418.7100
6.3107263463e+000 3.0900782381e+000 -1.3825457270e+001
169 152 100
2 1 2716 743.2900 364.3100 2 2020 708.4900 361.4100
6.5558078577e+000 2.9064219224e+000 -1.3164663988e+001
154 137 85
2 1 2717 811.2800 359.7800 2 2444 773.0500 347.1200
1.4547415233e+000 2.6928542615e+000 -1.3599158220e+001
106 99 91
2 1 2719 174.3800 322.6400 2 2439 133.3700 351.2400
-1.5885058397e+000 2.0948651007e+000 -1.1953688961e+001
126 120 108
2 1 2724 -216.1900 285.4800 2 2668 -269.0400 320.3100
-1.6953625692e+000 2.0272627662e+000 -1.2048514602e+001
71 62 53
2 1 2730 -228.5400 274.0000 2 2445 -282.5600 310.5500
-1.1184847622e+000 1.9423751896e+000 -1.1836891107e+001
50 41 31
2 1 2735 -153.3800 267.2500 2 2676 -206.9700 296.7100
1.0605752795e+000 2.5239807777e+000 -1.5567022771e+001
64 45 41
2 1 2738 110.9399 264.2100 2 2454 70.4500 310.0500
-2.5431987272e+000 1.7128561601e+000 -1.1994308213e+001
51 41 43
2 1 2741 -345.3000 232.6500 2 2462 -401.8200 274.2300
1.3062534350e+000 2.0037270980e+000 -1.3099144277e+001
80 67 60
2 1 2745 162.6200 249.2200 2 2061 115.3900 272.4700
-2.7208323283e+000 1.1363673211e+000 -1.1596262510e+001
144 142 128
2 1 2753 -382.1100 159.6300 2 2468 -442.7900 197.4700
-1.6286442018e+000 1.1148493559e+000 -1.0770864941e+001
108 95 86
2 1 2755 -246.2200 168.6200 2 2701 -307.7900 188.2400
-1.6286442018e+000 1.1148493559e+000 -1.0770864941e+001
108 95 86
2 1 2756 -246.2200 168.6200 2 2700 -307.7900 188.2400
-1.2591458525e+000 1.1040489415e+000 -1.0994006746e+001
48 32 25
2 1 2757 -186.2100 163.5400 2 2486 -247.1800 182.7800
-1.0246383700e+000 1.2628987306e+000 -1.1124682365e+001
50 35 28
2 1 2758 -149.4300 184.8300 2 2470 -209.2000 204.0200
-3.2434050980e+000 9.3444597560e-001 -1.1955161644e+001
89 80 78
2 1 2760 -441.4300 127.2200 2 2478 -503.6400 172.3900
-3.0110885518e+000 9.0451415954e-001 -1.1819549137e+001
78 71 61
2 1 2762 -415.0800 124.6900 2 2480 -476.2300 166.4800
-2.1781338740e+000 1.0484123680e+000 -1.1166375348e+001
155 152 137
2 1 2766 -317.6700 152.9500 2 2481 -379.1400 181.7100
-1.7967619585e+000 8.9994450621e-001 -1.0934998205e+001
76 69 59
2 1 2767 -267.8600 134.1300 2 2485 -329.7900 156.7000
-3.4613288179e+000 8.9887973766e-001 -1.2166111273e+001
99 85 79
2 1 2768 -462.7800 120.2100 2 2477 -525.2200 168.9100
-2.3549483025e+000 8.1418821084e-001 -1.1118956799e+001
107 95 79
2 1 2769 -344.3700 119.1500 2 2148 -408.5500 148.8100
-2.2815594891e+000 6.6921060611e-001 -1.1124347828e+001
73 66 58
2 1 2770 -333.7800 97.9300 2 2497 -397.9300 126.7400
-2.0197107371e+000 8.0327082692e-001 -1.0989825293e+001
50 41 36
2 1 2772 -299.4600 119.1000 2 2719 -362.2400 144.1400
-2.0197107371e+000 8.0327082692e-001 -1.0989825293e+001
50 41 36
2 1 2773 -299.4600 119.1000 2 2720 -362.2400 144.1400
-1.8340731192e+000 7.9362804183e-001 -1.0987117590e+001
147 149 135
2 1 2776 -271.3000 117.5400 2 2724 -335.3300 141.3200
-1.0611455225e+000 6.9393940479e-001 -1.0896813008e+001
43 34 28
2 1 2778 -158.6000 103.7500 2 2516 -221.7200 119.5700
-8.8631501866e-001 6.1849258811e-001 -1.0982220909e+001
49 35 27
2 1 2780 -131.7800 91.8300 2 2518 -194.3600 107.0400
-1.5785158095e+003 1.3444211203e+002 -3.6223283459e+003
59 74 94
2 1 2783 -710.0400 60.4700 2 2457 -744.9700 252.8100
-2.5921661791e+000 4.1710509612e-001 -1.1181277673e+001
158 158 146
2 1 2784 -377.7800 60.7900 2 2508 -442.4200 92.4200
-2.4211593800e+000 4.4871025708e-001 -1.1155680571e+001
90 77 61
2 1 2785 -352.7100 65.3300 2 2509 -419.0200 95.7600
-1.7815199365e+000 5.8737516962e-001 -1.0957610502e+001
56 52 41
2 1 2786 -264.7200 87.3000 2 2510 -328.9700 109.9100
-1.8600497523e+000 4.8575453297e-001 -1.0978193700e+001
160 162 148
2 1 2787 -276.1300 72.1100 2 2511 -340.4400 95.4600
-1.8600497523e+000 4.8575453297e-001 -1.0978193700e+001
160 162 148
2 1 2788 -276.1300 72.1100 2 2512 -340.4400 95.4600
-1.2794453208e+000 5.3029709397e-001 -1.0881410771e+001
37 27 18
2 1 2789 -191.6800 79.4300 2 2515 -255.6700 96.7700
-4.6200830497e-001 5.1296549328e-001 -1.1117621821e+001
47 32 32
2 1 2790 -67.7900 75.2000 2 2207 -131.0300 88.6800
2.2957780379e+000 7.0115186977e-001 -1.2803242001e+001
73 58 53
2 1 2792 292.0300 89.2700 2 2188 233.6600 101.0800
2.6882794907e+000 7.1233610431e-001 -1.2791668872e+001
94 80 70
2 1 2793 342.4000 90.7500 2 2520 283.4500 99.7000
3.7951207895e+000 5.7111890545e-001 -1.1620019847e+001
124 113 97
2 1 2795 533.1600 79.8500 2 2534 465.0601 66.7000
-2.4597740724e+000 3.2867803430e-001 -1.1247170019e+001
138 134 122
2 1 2799 -356.2400 47.5900 2 2527 -421.2500 78.9000
-1.5591718484e+000 3.9204325411e-001 -1.0902846505e+001
52 50 39
2 1 2800 -233.1900 58.6300 2 2529 -297.9000 78.5300
-1.5591718484e+000 3.9204325411e-001 -1.0902846505e+001
52 50 39
2 1 2801 -233.1900 58.6300 2 2530 -297.9000 78.5300
-4.5382771151e-001 2.9905275256e-001 -1.0949957114e+001
48 31 26
2 1 2802 -67.7000 44.5400 2 2542 -132.8700 55.9200
2.1567107892e+000 3.8589863124e-001 -1.2951927690e+001
75 58 55
2 1 2806 271.0300 48.6200 2 2750 210.7900 63.1200
2.1567107892e+000 3.8589863124e-001 -1.2951927690e+001
75 58 55
2 1 2807 271.0300 48.6200 2 2751 210.7900 63.1200
-2.0939996317e+000 9.1802488529e-002 -1.1163922252e+001
64 56 53
2 1 2809 -305.9900 13.4800 2 2755 -371.3000 40.7800
-9.2017488087e-001 -1.9172946379e-002 -1.0752893009e+001
34 26 24
2 1 2810 -139.5500 -2.8800 2 2558 -207.5600 10.2300
-7.0796723528e-001 1.2416220021e-001 -1.0835615695e+001
45 30 24
2 1 2811 -106.2400 18.6200 2 2541 -173.7300 31.0100
-4.9399170391e-001 7.8228847305e-002 -1.0889455020e+001
44 29 23
2 1 2812 -73.7200 11.6600 2 2559 -141.4100 23.0200
-4.9399170391e-001 7.8228847305e-002 -1.0889455020e+001
44 29 23
2 1 2813 -73.7200 11.6600 2 2560 -141.4100 23.0200
-4.0478969750e-001 3.4703427014e-002 -1.1018300260e+001
75 57 47
2 1 2814 -59.8100 5.1200 2 2562 -127.1200 17.3600
-4.0478969750e-001 3.4703427014e-002 -1.1018300260e+001
75 57 47
2 1 2815 -59.8100 5.1200 2 2561 -127.1200 17.3600
-3.0029601206e-001 -1.5703170183e-002 -1.1049796793e+001
40 25 20
2 1 2816 -44.6100 -2.2400 2 2767 -111.5000 9.4300
-6.5385289647e-002 -2.1950581832e-003 -1.1117652056e+001
42 23 17
2 1 2817 -9.7200 -0.2900 2 2564 -76.8500 10.4200
2.1036492028e+000 1.7177896868e-001 -1.2731869180e+001
73 55 51
2 1 2818 269.6700 21.8800 2 2227 205.5400 35.0700
2.4151601135e+000 1.0408515308e-001 -1.2877380059e+001
55 37 34
2 1 2819 305.6899 13.1500 2 2245 241.6600 25.6300
3.2707437667e+000 1.0741817681e-001 -1.2713268441e+001
187 204 203
2 1 2821 418.7400 13.8800 2 2567 353.7800 18.3100
-6.1763035193e+003 -2.5084739355e+002 -1.2331578456e+004
92 111 137
2 1 2824 -816.7400 -33.0100 2 2476 -854.0000 163.5300
2.3841528963e+003 9.7615346898e+001 4.9156196793e+003
80 93 109
2 1 2825 -790.3900 -32.3400 2 2705 -828.0200 163.4200
-1.4660531363e+000 -3.0514926125e-002 -1.0757836877e+001
140 149 129
2 1 2830 -222.1100 -4.6100 2 2553 -290.0900 13.1200
-1.4660531363e+000 -3.0514926125e-002 -1.0757836877e+001
140 149 129
2 1 2831 -222.1100 -4.6100 2 2552 -290.0900 13.1200
-1.2427443679e+000 -1.6254330332e-001 -1.0755617999e+001
33 23 21
2 1 2832 -188.6000 -24.5500 2 2771 -256.9400 -8.6300
-9.8973638680e-001 -1.9732899044e-001 -1.0672795598e+001
43 30 24
2 1 2834 -151.3100 -30.0800 2 2575 -220.5900 -17.1600
-5.7565859771e-001 -2.1465096385e-001 -1.0764884484e+001
43 25 23
2 1 2835 -86.7500 -32.5800 2 2576 -157.3200 -21.5500
1.7144624799e+000 -1.4136092755e-001 -1.2985839075e+001
64 49 42
2 1 2836 214.6300 -17.6200 2 2565 151.1100 0.8600
3.2595265932e+000 -2.1786044666e-001 -1.3241588716e+001
115 118 111
2 1 2837 400.9399 -26.7700 2 2578 334.1700 -15.7300
-2.3359692550e+000 -4.0601644734e-001 -1.0213597857e+001
53 40 45
2 1 2839 -373.3600 -64.6200 2 2584 -444.0800 -46.0200
-1.6246556447e+000 -2.5911470133e-001 -1.0758389368e+001
96 87 80
2 1 2840 -246.0900 -39.2400 2 2571 -315.4400 -19.8300
-1.3430903022e+000 -2.7319336833e-001 -1.0762762434e+001
101 95 89
2 1 2844 -204.1300 -41.1800 2 2574 -272.1600 -24.3800
-1.3430903022e+000 -2.7319336833e-001 -1.0762762434e+001
101 95 89
2 1 2845 -204.1300 -41.1800 2 2573 -272.1600 -24.3800
-1.1492206381e+000 -3.6861696551e-001 -1.0604090094e+001
66 49 41
2 1 2846 -176.6900 -56.6200 2 2585 -247.4500 -42.8400
3.1899305449e+000 -3.4989176492e-001 -1.3077825974e+001
73 63 61
2 1 2847 397.3900 -43.5800 2 2579 328.7800 -33.4300
8.7485100085e+002 9.3103362611e+001 1.9206432599e+003
66 86 110
2 1 2852 -742.7500 -78.8700 2 2506 -778.9200 113.8100
-5.4994296333e-001 -5.0926407026e-001 -1.0955878435e+001
70 52 42
2 1 2855 -82.3200 -75.6200 2 2276 -152.4500 -62.1700
3.1477419283e+000 -5.3295239520e-001 -1.2318463934e+001
167 176 182
2 1 2856 416.0100 -70.4100 2 2590 343.3400 -68.0600
3.1930379388e+000 -6.7774925072e-001 -1.2128936029e+001
145 145 135
2 1 2859 429.2500 -91.1200 2 2591 352.8600 -90.4900
-2.1048868584e+000 -6.7116317587e-001 -1.0056358021e+001
75 66 71
2 1 2861 -340.0400 -108.9800 2 2588 -416.2800 -92.8600
3.5190338762e+000 -9.4626089584e-001 -1.2112586408e+001
123 111 99
2 1 2864 473.2500 -127.2600 2 2310 393.8900 -128.3400
3.5190338762e+000 -9.4626089584e-001 -1.2112586408e+001
123 111 99
2 1 2865 473.2500 -127.2600 2 2311 393.8900 -128.3400
3.9077677972e+000 -8.6846221015e-001 -1.2013981605e+001
91 72 58
2 1 2866 529.6000 -117.6900 2 2599 449.7400 -123.1800
-3.7388724490e+000 -9.7629287765e-001 -1.0133757053e+001
62 47 54
2 1 2867 -601.9200 -156.8200 2 2593 -674.9500 -125.7000
-3.7026918260e+000 -1.0238021891e+000 -1.0271225184e+001
105 91 104
2 1 2868 -588.1600 -162.2500 2 2595 -660.7500 -129.7400
-3.7026918260e+000 -1.0238021891e+000 -1.0271225184e+001
105 91 104
2 1 2869 -588.1600 -162.2500 2 2594 -660.7500 -129.7400
1.3057258209e+000 -1.3213779436e+000 -1.3138636449e+001
96 73 57
2 1 2874 161.7800 -163.8400 2 2602 89.6801 -137.8900
-1.5619835264e-001 -1.2323397684e+000 -1.0853229314e+001
41 24 17
2 1 2877 -22.3200 -185.2800 2 2802 -102.1900 -172.6500
3.0280739139e+000 -1.5852855376e+000 -1.3020501083e+001
48 34 31
2 1 2882 378.7800 -198.3500 2 2608 299.3600 -183.5400
6.0152135105e+000 -1.8944478384e+000 -1.3629819054e+001
118 100 62
2 1 2884 718.8700 -226.4200 2 2611 628.7500 -222.7000
1.8530120033e+002 5.7819445966e+001 3.3958981039e+002
30 32 44
2 1 2894 -889.1000 -277.4400 2 2784 -929.4300 -72.7600
-3.5474907546e+000 -1.9213646372e+000 -1.0004698669e+001
42 26 36
2 1 2899 -578.1300 -312.8500 2 2615 -655.4600 -280.1700
2.0164648696e+000 -2.6803230866e+000 -1.4619639691e+001
175 159 101
2 1 2905 224.6700 -298.7200 2 2614 146.2600 -259.5800
6.1824114605e+000 -2.8927177670e+000 -1.3200458615e+001
154 133 83
2 1 2911 762.4500 -356.9000 2 2627 658.5900 -352.5700
2.3268597121e+000 -6.2181932592e+000 -2.1313592487e+001
158 133 79
2 1 2916 177.6899 -475.3400 2 2635 99.8800 -393.5700
4.8341376004e+000 -4.6403936322e+000 -1.5650588965e+001
152 128 84
2 1 2918 502.9301 -483.0400 2 2637 404.9200 -441.1300
6.7834880207e+000 3.3375793754e+000 -1.2702218581e+001
184 169 111
2 1 2937 869.7700 428.2500 2 2435 837.1600 408.9800
6.9829390416e+000 3.3065084942e+000 -1.2934002985e+001
145 125 79
2 1 2938 878.9100 416.7600 2 2659 846.6100 398.6700
1.3011147346e+000 3.2755594128e+000 -1.3982975711e+001
55 46 39
2 1 2941 151.8500 381.6500 2 2654 115.0500 416.7300
2.6397194376e-002 3.1951445892e+000 -1.4129699765e+001
99 76 62
2 1 2945 4.0700 368.2300 2 2653 -36.8500 413.5400
5.9303085270e+000 3.1162465680e+000 -1.4408735244e+001
159 143 94
2 1 2947 670.7200 352.3900 2 2662 635.5300 358.6300
5.9303085270e+000 3.1162465680e+000 -1.4408735244e+001
159 143 94
2 1 2948 670.7200 352.3900 2 2663 635.5300 358.6300
1.4676856133e-001 2.6815572495e+000 -1.4410256778e+001
168 143 113
2 1 2959 16.4600 303.2500 2 2670 -24.9700 347.3600
-1.9804313789e+000 2.0141156654e+000 -1.1950127862e+001
56 42 39
2 1 2963 -270.7800 274.8000 2 2673 -322.8100 311.9700
-1.3518212284e+000 1.9523084115e+000 -1.1816287807e+001
73 56 48
2 1 2965 -186.9400 269.3400 2 2675 -238.7500 299.9800
7.5712093160e-001 2.4255058013e+000 -1.5917187018e+001
99 81 83
2 1 2970 77.4200 248.3200 2 2862 36.4000 298.0600
1.4602299577e+000 1.9870576065e+000 -1.3064152868e+001
96 86 71
2 1 2971 182.6801 247.7100 2 2688 134.5100 269.6800
3.8658244485e+000 2.0321907496e+000 -1.4102707556e+001
155 161 157
2 1 2972 446.8400 234.7600 2 2697 401.2700 249.8800
-1.5053702504e+000 1.4097755782e+000 -1.0999263996e+001
71 57 46
2 1 2974 -222.7600 208.7900 2 2696 -281.8200 230.7100
-1.7489006307e+000 1.1464941976e+000 -1.0879129832e+001
58 48 39
2 1 2978 -261.7300 171.6700 2 2699 -323.0300 193.7100
-1.4954987761e+000 1.1457985006e+000 -1.0970192784e+001
46 37 28
2 1 2979 -222.0000 170.1600 2 2702 -282.5100 191.0600
9.8936513473e+002 -1.4633039289e+002 1.8225634303e+003
45 62 82
2 1 2981 -885.8100 131.1000 2 2667 -922.4300 336.8600
-1.7273955186e+000 1.0092437888e+000 -1.1088682818e+001
119 113 101
2 1 2982 -253.6800 148.2700 2 2710 -314.9600 172.3100
-1.7273955186e+000 1.0092437888e+000 -1.1088682818e+001
119 113 101
2 1 2983 -253.6800 148.2700 2 2709 -314.9600 172.3100
-1.2759868810e+000 9.0515677733e-001 -1.1065188343e+001
40 29 25
2 1 2984 -187.8900 133.2900 2 2725 -249.1200 153.0700
-5.2623331176e-001 1.0879536921e+000 -1.1371538645e+001
81 59 41
2 1 2985 -75.2100 155.8500 2 2711 -134.1500 173.3200
-6.0148733004e-001 9.0508210533e-001 -1.1139366518e+001
48 36 33
2 1 2986 -87.7500 132.3400 2 2727 -148.7700 147.5000
-2.1269380551e+002 3.7244777834e+001 -5.0448124968e+002
96 109 131
2 1 2987 -687.2700 120.3600 2 2672 -720.6800 310.1700
-3.1583754994e+000 7.8818928960e-001 -1.1827849741e+001
148 144 134
2 1 2988 -434.6000 108.4700 2 2717 -497.3800 151.5600
-1.4999082489e+002 2.0161418897e+001 -3.8206784819e+002
72 64 111
2 1 2990 -639.0700 85.8500 2 2685 -673.8300 271.2000
-3.4659455939e+000 6.6842215587e-001 -1.2064267382e+001
159 155 146
2 1 2991 -468.2600 90.3100 2 2716 -529.9900 137.4300
-2.5398184405e+000 5.7861264094e-001 -1.1271002410e+001
55 44 44
2 1 2992 -366.8700 83.5800 2 2731 -431.0700 115.9700
-2.5398184405e+000 5.7861264094e-001 -1.1271002410e+001
55 44 44
2 1 2993 -366.8700 83.5800 2 2732 -431.0700 115.9700
-2.3599462521e+000 5.7885152231e-001 -1.1114368169e+001
164 166 153
2 1 2994 -345.4800 84.7500 2 2733 -410.3800 114.0800
-2.0329718158e+000 4.6630582927e-001 -1.1070083953e+001
40 35 29
2 1 2995 -299.1200 68.6100 2 2734 -363.6900 94.5200
-2.0329718158e+000 4.6630582927e-001 -1.1070083953e+001
40 35 29
2 1 2996 -299.1200 68.6100 2 2735 -363.6900 94.5200
-1.4333303035e+000 3.9704754704e-001 -1.0876560282e+001
145 145 133
2 1 2998 -215.0700 59.5600 2 2746 -279.4600 78.0100
-1.0670937015e+000 4.9008727089e-001 -1.0758207228e+001
61 51 42
2 1 2999 -161.1900 74.1300 2 2748 -226.8300 88.4100
-4.3210773288e-001 5.8249295781e-001 -1.1009688902e+001
42 33 28
2 1 3000 -63.5200 86.1100 2 2879 -127.6200 98.2500
-2.6861889922e+003 1.7454103449e+002 -5.0171590129e+003
88 101 125
2 1 3001 -873.4900 56.9200 2 2682 -910.7500 258.3900
-9.4377385338e+002 6.4582748415e+001 -2.1138236590e+003
68 85 101
2 1 3002 -727.8600 49.8600 2 2690 -762.7200 242.4700
-2.6132045966e+002 1.3219415434e+001 -5.9524133752e+002
40 53 69
2 1 3003 -714.7700 36.0600 2 2691 -751.8100 226.1100
-2.2850179586e+000 3.1401379346e-001 -1.1103777531e+001
39 34 28
2 1 3007 -335.1400 46.0400 2 2743 -400.6800 74.4100
-1.6312830132e+000 2.7403589838e-001 -1.0870629047e+001
138 135 128
2 1 3009 -244.1400 40.9900 2 2745 -310.7700 61.4100
-1.6312830132e+000 2.7403589838e-001 -1.0870629047e+001
138 135 128
2 1 3010 -244.1400 40.9900 2 2744 -310.7700 61.4100
-1.1531383655e+000 2.2509907525e-001 -1.0800680169e+001
43 32 30
2 1 3012 -173.9700 33.9600 2 2757 -240.3400 49.3900
-7.2311337886e-001 3.2922707447e-001 -1.0868819174e+001
47 34 26
2 1 3013 -108.5500 49.3900 2 2749 -173.7600 61.9600
-1.4044924592e+000 9.7519958710e-002 -1.0876375107e+001
49 40 33
2 1 3019 -210.5900 14.6500 2 2756 -277.1300 33.1100
2.2744220036e+004 8.6492434776e+002 5.0014335175e+004
39 53 61
2 1 3022 -740.8100 -28.2200 2 2706 -777.9100 164.6000
-7.4446219173e-001 -9.1224179355e-002 -1.0783193218e+001
34 22 15
2 1 3025 -112.4300 -13.8000 2 2765 -181.2800 -1.5500
-7.4446219173e-001 -9.1224179355e-002 -1.0783193218e+001
34 22 15
2 1 3026 -112.4300 -13.8000 2 2766 -181.2800 -1.5500
-6.2738770820e-001 -1.2452214879e-001 -1.0747160443e+001
73 63 54
2 1 3027 -94.6000 -19.0000 2 2773 -164.8200 -7.8800
-6.2738770820e-001 -1.2452214879e-001 -1.0747160443e+001
73 63 54
2 1 3028 -94.6000 -19.0000 2 2774 -164.8200 -7.8800
1.0738141510e+003 8.2364443673e+001 2.1707282404e+003
66 77 95
2 1 3031 -806.1300 -61.8100 2 2713 -844.3100 134.8200
1.2885075212e+003 7.3987558124e+001 2.9588283390e+003
61 75 94
2 1 3032 -709.2500 -40.8200 2 2714 -746.0600 150.5800
1.2885075212e+003 7.3987558124e+001 2.9588283390e+003
61 75 94
2 1 3033 -709.2500 -40.8200 2 2715 -746.0600 150.5800
4.4701996784e+002 5.3160541965e+001 8.8996273686e+002
85 98 117
2 1 3036 -818.1000 -97.4100 2 2728 -857.4600 100.7500
3.4097591129e+000 -7.1711829066e-001 -1.2040626615e+001
143 137 125
2 1 3040 462.2400 -97.2400 2 2592 383.3400 -98.7800
-3.8157227246e+000 -7.9711695828e-001 -1.0198988738e+001
48 32 45
2 1 3041 -609.6300 -127.3500 2 2785 -683.3200 -95.0300
-3.8157227246e+000 -7.9711695828e-001 -1.0198988738e+001
48 32 45
2 1 3042 -609.6300 -127.3500 2 2786 -683.3200 -95.0300
-6.9032958391e-001 -7.7457797911e-001 -1.0359120859e+001
68 54 35
2 1 3044 -107.4500 -122.1000 2 2914 -185.0600 -113.4400
3.5433530715e+000 -1.1610870298e+000 -1.2109282792e+001
122 106 90
2 1 3050 476.5601 -156.1800 2 2798 395.0601 -156.5900
3.0586320536e+002 8.5009289729e+001 6.2820864956e+002
82 94 120
2 1 3052 -793.0600 -220.5600 2 2768 -832.8600 -23.4200
-1.3503812847e-001 -1.4407141439e+000 -1.0569964042e+001
132 127 89
2 1 3054 -20.6800 -222.1300 2 2925 -101.5400 -212.6400
2.2681030130e+000 -2.2844853701e+000 -1.4913923698e+001
174 151 103
2 1 3063 247.5300 -249.5300 2 2808 172.7100 -211.6000
2.2681030130e+000 -2.2844853701e+000 -1.4913923698e+001
174 151 103
2 1 3064 247.5300 -249.5300 2 2809 172.7100 -211.6000
-2.4176634851e+000 -1.9520050891e+000 -9.5893770261e+000
33 22 28
2 1 3067 -411.4300 -331.5500 2 2819 -492.4600 -313.0200
8.3156962996e+001 3.7233609551e+001 1.6107421802e+002
69 59 83
2 1 3068 -840.8600 -376.7400 2 2920 -880.8900 -168.0000
5.9445066867e+000 -3.2801090319e+000 -1.3696597095e+001
133 116 72
2 1 3073 706.4500 -390.0400 2 2820 603.5800 -377.0900
5.9822198268e+000 -4.0921869065e+000 -1.3281507693e+001
160 141 96
2 1 3078 733.3600 -501.9100 2 2827 617.9900 -486.0699
-3.2070776052e+000 2.7935516038e+000 -1.1639285077e+001
32 19 29
2 1 3088 -448.3700 390.9500 2 2847 -504.0100 439.9400
2.6541818032e+000 2.9856366267e+000 -1.4007244654e+001
90 70 53
2 1 3097 308.9100 347.2800 2 2856 271.4700 371.9500
-3.9069100042e+002 1.2484932277e+002 -7.5470448018e+002
89 86 109
2 1 3106 -844.8400 269.8400 2 2837 -879.6600 476.2300
-8.6497540528e+002 3.1734638285e+002 -1.8815276562e+003
104 46 87
2 1 3107 -750.5200 275.1400 2 2839 -780.9500 477.1300
-3.8751276467e+003 1.1292361083e+003 -7.5225682586e+003
26 28 41
2 1 3112 -841.1400 244.9800 2 2838 -874.6800 451.6100
-9.2135246484e-001 1.6723770877e+000 -1.1700010079e+001
76 55 38
2 1 3115 -128.4900 232.9500 2 2865 -182.3000 258.2300
-6.0274808575e+002 1.1137224735e+002 -1.1256290576e+003
47 53 69
2 1 3126 -873.9200 161.5200 2 2854 -910.2600 365.3400
-4.7434264443e+002 1.1715351105e+002 -1.0657263951e+003
80 65 68
2 1 3127 -725.8800 179.2600 2 2855 -758.4700 375.0500
-9.7132128657e+002 1.5621417599e+002 -1.8422229861e+003
103 122 147
2 1 3134 -860.3800 138.4400 2 2858 -896.5400 341.1700
6.3571486897e+000 1.1281102262e+000 -1.3399090098e+001
161 144 93
2 1 3135 773.2000 137.1600 2 2876 713.8400 127.4600
-7.2525640021e+002 8.0590729242e+001 -1.3558123014e+003
114 141 168
2 1 3137 -872.8100 97.1100 2 2860 -909.8300 298.8500
2.5496250736e+003 -4.3645293111e+002 5.8676685552e+003
77 101 127
2 1 3138 -708.2000 121.2400 2 2861 -741.5900 315.8800
-1.4911023503e+000 7.2428914430e-001 -1.0993725207e+001
53 44 37
2 1 3140 -220.5600 107.2500 2 2875 -284.1600 128.0500
-2.9336488919e+000 4.8503188685e-001 -1.1452623873e+001
114 109 103
2 1 3143 -417.5300 69.0400 2 2878 -481.1300 106.1900
-7.6621575697e-003 5.5526264014e-001 -1.1435407388e+001
47 32 31
2 1 3144 -0.5300 78.9900 2 2973 -63.8100 92.9800
-7.6621575697e-003 5.5526264014e-001 -1.1435407388e+001
47 32 31
2 1 3145 -0.5300 78.9900 2 2974 -63.8100 92.9800
2.3167986105e+000 5.3516868763e-001 -1.2836766171e+001
86 72 63
2 1 3146 294.0100 67.9500 2 2885 234.1000 80.1100
1.0266538748e+003 -6.0929494674e+001 2.2328017589e+003
23 38 45
2 1 3147 -749.1600 44.4500 2 2866 -785.1200 239.8700
-2.3177442374e-001 2.6184806025e-001 -1.1156046082e+001
36 23 17
2 1 3151 -33.5700 38.1800 2 2889 -99.3000 50.5900
-2.3177442374e-001 2.6184806025e-001 -1.1156046082e+001
36 23 17
2 1 3152 -33.5700 38.1800 2 2888 -99.3000 50.5900
2.3488463162e+000 3.4266632807e-001 -1.2991556041e+001
46 32 31
2 1 3153 294.5100 43.0000 2 2890 233.3500 56.7400
4.8164326702e+000 3.1590647025e-001 -1.2007444298e+001
127 111 94
2 1 3156 653.4800 42.9000 2 2902 583.6600 27.2300
4.7644695310e+002 -2.6448222212e+000 9.0237872517e+002
122 151 185
2 1 3157 -860.1200 4.7300 2 2868 -899.4100 206.8400
1.6869845662e+000 3.7350101606e-003 -1.3242299264e+001
32 20 20
2 1 3159 207.4100 0.5000 2 2982 145.1899 21.6400
2.8211047371e+000 4.9167340162e-002 -1.3166467813e+001
101 100 95
2 1 3160 349.5300 5.9900 2 2900 284.6300 18.9900
6.4528950559e+000 3.4743499516e-002 -1.2998531914e+001
138 120 84
2 1 3161 808.6899 4.4100 2 2905 735.2700 -9.2800
-2.4239616274e+002 -1.0116217108e+000 -6.0828159204e+002
75 59 103
2 1 3162 -648.4600 -2.9000 2 2965 -685.2200 182.7200
-1.6451254211e+000 -3.4207682978e-002 -1.0857347454e+001
26 17 18
2 1 3163 -246.6500 -5.1900 2 2899 -314.8600 15.3700
-3.3859380388e+003 -2.6646614065e+002 -7.9696860078e+003
96 113 152
2 1 3165 -692.1400 -54.5100 2 2874 -728.6000 134.8900
-7.7378650614e-001 -3.2344841604e-001 -1.0842332172e+001
35 24 22
2 1 3167 -117.2000 -48.4000 2 2909 -185.4600 -35.2100
3.1385334124e+000 -7.7357493389e-001 -1.3007399180e+001
55 44 41
2 1 3171 392.6400 -96.7800 2 2912 320.9200 -86.1100
-4.5359167858e+002 -7.6625640290e+001 -1.0374119441e+003
92 113 142
2 1 3172 -711.9700 -120.4600 2 2883 -750.7700 68.3400
3.7482384464e+002 6.5545723867e+001 8.0552409463e+002
105 128 159
2 1 3175 -758.0200 -132.6300 2 2887 -796.3000 62.0000
2.5994442987e+002 5.6864305247e+001 5.1401436429e+002
59 80 102
2 1 3177 -823.5400 -180.3700 2 2894 -863.6700 19.0200
2.6143464287e+002 6.6021240454e+001 5.7092013038e+002
50 62 77
2 1 3178 -745.7400 -188.5200 2 2896 -784.7900 6.2500
3.0770453706e+000 -1.2573907379e+000 -1.2398801252e+001
110 105 99
2 1 3180 404.1100 -165.1800 2 2918 324.8000 -158.6700
5.3335421358e+002 1.7007086037e+002 1.1504451311e+003
84 85 110
2 1 3185 -755.2500 -240.9200 2 2776 -794.9000 -46.8900
6.8512734124e+000 -1.8574216550e+000 -1.2197115990e+001
161 147 110
2 1 3186 913.9301 -247.8000 2 2932 811.9301 -266.3500
5.4294454810e+000 -3.3797148767e+000 -1.4646507172e+001
115 93 69
2 1 3195 604.5699 -376.1300 2 2934 506.9399 -351.3300
8.7176960168e+001 4.9173317244e+001 1.8049262501e+002
65 46 76
2 1 3199 -785.8100 -444.1900 2 3001 -828.2000 -237.2600
-1.6869500001e+003 4.8686143477e+002 -3.1670414562e+003
28 28 38
2 1 3227 -869.3300 250.7900 2 2943 -904.7700 459.3600
-2.1565876391e+002 6.5528532000e+001 -4.7255072915e+002
132 115 147
2 1 3230 -744.5300 226.1500 2 3025 -777.0400 423.0300
1.0269817149e+003 -2.5855627708e+002 1.9736633915e+003
137 138 134
2 1 3231 -849.3900 213.7900 2 2944 -883.7200 420.6000
8.9436265762e-002 1.3178791099e+000 -1.3599020047e+001
51 33 31
2 1 3233 11.8800 157.6400 2 3038 -42.0600 193.4600
1.6507876247e+000 1.2653805083e+000 -1.2860867015e+001
84 71 65
2 1 3234 209.2000 160.3100 2 2967 155.8000 177.5500
-3.5759296188e+003 6.2264864934e+002 -6.9994094528e+003
44 50 64
2 1 3237 -833.6200 145.2000 2 2952 -868.8600 347.2600
1.4952864579e+003 -2.2780072988e+002 3.2317249787e+003
102 124 148
2 1 3240 -754.2600 114.9300 2 2955 -788.7300 312.2700
1.4952864579e+003 -2.2780072988e+002 3.2317249787e+003
102 124 148
2 1 3241 -754.2600 114.9300 2 2956 -788.7300 312.2700
-4.6189123471e+002 6.4087145775e+001 -1.0338336947e+003
30 45 48
2 1 3242 -728.2300 101.0600 2 2957 -762.8000 294.3800
-1.2649436475e-001 8.1263821567e-001 -1.1408382605e+001
40 26 23
2 1 3243 -18.5500 116.1800 2 3043 -77.9000 130.2800
6.4284817420e+000 9.7640453873e-001 -1.3196854882e+001
164 152 119
2 1 3246 793.9800 120.5000 2 2882 731.7800 108.0500
-2.7583259834e+000 6.0640541642e-001 -1.1374626576e+001
144 144 135
2 1 3250 -394.2500 86.6700 2 2972 -459.3900 122.2000
-2.0273947725e+000 2.9053492745e-001 -1.1041940168e+001
126 122 111
2 1 3252 -299.3400 42.9100 2 2976 -364.3800 68.3200
3.2050364752e+000 2.4274117203e-001 -1.3555181101e+001
63 45 46
2 1 3253 384.5601 29.3500 2 2891 324.1300 42.8500
3.2193346099e+000 1.4500959439e-001 -1.2672632881e+001
184 202 204
2 1 3255 412.8800 18.9000 2 2983 349.4301 22.8300
4.7534704055e+000 1.9541773211e-001 -1.2272124356e+001
58 38 29
2 1 3256 630.1100 26.2000 2 2901 562.0300 14.2500
-8.3608102199e+003 -2.8974228464e+002 -1.6136284384e+004
63 80 98
2 1 3257 -843.9000 -29.3400 2 3039 -883.7600 169.3600
1.7730737113e+003 1.3068690018e+002 3.9487899798e+003
119 145 174
2 1 3258 -731.5000 -53.9600 2 2969 -768.5900 138.3000
1.7730737113e+003 1.3068690018e+002 3.9487899798e+003
119 145 174
2 1 3259 -731.5000 -53.9600 2 2968 -768.5900 138.3000
-4.5404363859e-001 -3.2318796976e-001 -1.0884715010e+001
66 48 35
2 1 3260 -68.0200 -48.3700 2 2992 -138.1700 -36.7900
-3.5501194548e+002 -4.5043326605e+001 -7.6870987996e+002
96 122 150
2 1 3261 -752.7500 -95.4300 2 3045 -790.6100 94.9400
-1.0479864054e+000 -4.5112957416e-001 -1.0575410174e+001
39 25 26
2 1 3265 -161.3400 -69.5400 2 2991 -233.3100 -56.6400
5.9909334863e+002 1.2254950871e+002 1.2211092647e+003
109 133 156
2 1 3271 -799.4300 -163.5300 2 2978 -838.4700 32.5400
-3.0334897809e+000 -8.9769586793e-001 -9.8922492874e+000
23 12 20
2 1 3274 -499.1300 -147.9900 2 2996 -575.6000 -125.4700
-3.5077388825e+000 -1.1324117154e+000 -1.0187482518e+001
34 21 28
2 1 3276 -561.7900 -180.9600 2 2998 -635.1400 -150.6300
2.0269219074e+002 6.2782845636e+001 4.2378393128e+002
129 144 178
2 1 3281 -779.3500 -241.4000 2 2987 -818.3600 -43.8400
1.8712712606e+000 -2.4486628621e+000 -1.4296539505e+001
98 71 57
2 1 3287 213.4200 -279.1200 2 3004 135.3800 -242.4000
1.8712712606e+000 -2.4486628621e+000 -1.4296539505e+001
98 71 57
2 1 3288 213.4200 -279.1200 2 3003 135.3800 -242.4000
1.1094540433e-001 -2.7317206316e+000 -1.0737528502e+001
77 49 38
2 1 3291 15.8300 -414.3100 2 3016 -72.6600 -396.3200
2.9292431633e+000 -5.1263176688e+000 -1.9997032592e+001
151 125 88
2 1 3293 238.3300 -417.6300 2 3006 161.0800 -346.5200
2.9292431633e+000 -5.1263176688e+000 -1.9997032592e+001
151 125 88
2 1 3294 238.3300 -417.6300 2 3007 161.0800 -346.5200
-2.0828039415e+002 5.1188142856e+001 -4.8613409122e+002
57 49 55
2 1 3310 -698.5600 171.6700 2 3028 -731.2000 363.7700
-3.5111075261e+000 1.4038750135e+000 -1.2365313536e+001
59 40 46
2 1 3312 -462.2000 184.8900 2 3035 -521.6700 236.4900
-9.4803625078e-001 1.0850545466e+000 -1.1078396091e+001
55 40 35
2 1 3313 -139.6000 159.6300 2 3040 -199.0100 176.9400
-8.0210510520e-001 1.2874238150e+000 -1.1262840848e+001
78 58 49
2 1 3315 -115.4000 186.1100 2 3037 -174.3700 205.1000
3.8359030467e+000 1.2058635570e+000 -1.3775122640e+001
54 40 34
2 1 3316 454.2900 142.5100 2 3044 399.8300 154.1800
-4.9617451066e+002 8.7412672444e+000 -9.9242635134e+002
120 152 179
2 1 3322 -815.2500 14.4800 2 3036 -852.4700 210.4000
3.4157609752e+000 2.2058871713e-001 -1.2395047493e+001
106 92 83
2 1 3323 449.0699 28.9900 2 3050 382.8000 28.7600
1.9252531446e+002 7.9438366591e+000 3.5142516446e+002
129 144 170
2 1 3325 -893.2500 -36.7100 2 2963 -931.4400 168.8700
1.3721075069e+000 -1.0140816296e+000 -1.3066754277e+001
86 64 50
2 1 3330 171.5800 -126.5700 2 3057 100.1400 -102.3900
1.3721075069e+000 -1.0140816296e+000 -1.3066754277e+001
86 64 50
2 1 3331 171.5800 -126.5700 2 3058 100.1400 -102.3900
2.2263743684e+000 -1.4606680843e+000 -1.3395419550e+001
73 56 48
2 1 3335 270.7000 -177.6500 2 3060 196.1801 -154.7100
1.2019323798e+002 3.3981962587e+001 2.1723499406e+002
93 85 100
2 1 3339 -902.1700 -254.7600 2 3051 -940.7000 -47.2900
2.4354866534e+002 8.4888767635e+001 4.8109967037e+002
132 141 174
2 1 3341 -824.4300 -287.6100 2 3053 -865.3100 -87.4200
-2.4381755332e-001 -2.7705615860e+000 -1.0766062565e+001
54 31 23
2 1 3345 -36.8400 -419.3400 2 3071 -126.0600 -397.5700
1.8423539426e+000 3.5626054671e+000 -1.4225012256e+001
111 98 90
2 1 3353 211.2500 408.0400 2 3078 177.5500 442.3700
2.4727928043e+000 3.0634291568e+000 -1.4041081621e+001
78 63 45
2 1 3354 286.9500 355.5100 2 3080 250.3600 381.9100
-2.3497314688e+002 5.5478607597e+001 -5.0086096459e+002
40 32 42
2 1 3355 -765.3200 180.6800 2 3079 -799.1100 377.0800
2.4893987776e+000 7.0487576271e-001 -1.2874576429e+001
89 74 65
2 1 3363 315.0300 89.2200 2 3087 256.4500 100.4900
-1.6199010557e+003 -8.3309682992e+000 -3.6529277712e+003
29 36 44
2 1 3367 -722.5200 -3.7300 2 3084 -758.7500 187.9300
-1.8671163571e+002 -3.1831420611e+000 -4.4881987972e+002
98 112 143
2 1 3368 -677.9800 -11.5300 2 3085 -713.7600 174.2100
-1.8671163571e+002 -3.1831420611e+000 -4.4881987972e+002
98 112 143
2 1 3369 -677.9800 -11.5300 2 3086 -713.7600 174.2100
-2.8241929077e-001 -4.5786530573e-001 -1.0867324710e+001
30 19 17
2 1 3370 -41.3200 -68.8900 2 3093 -114.8900 -58.0100
3.2807353149e+000 -9.1347217410e-001 -1.1843852818e+001
100 83 75
2 1 3375 450.7200 -125.5200 2 3096 372.0800 -128.6100
3.1175457366e+000 -1.3867085835e+000 -1.2474081611e+001
111 102 95
2 1 3377 407.2300 -181.1400 2 3098 326.3800 -173.3500
3.4655434928e+002 9.2594763717e+001 6.8210753348e+002
138 164 201
2 1 3378 -827.9300 -221.1800 2 3090 -867.5100 -22.5100
2.1051959404e+002 6.1576151740e+001 3.9992140507e+002
25 23 37
2 1 3379 -857.6400 -250.9100 2 3092 -897.7700 -48.7800
7.9251161589e+001 4.4390856960e+001 1.5740382463e+002
86 86 121
2 1 3389 -819.6100 -459.7100 2 3101 -861.0400 -249.5900
9.8513135733e-001 2.1223921442e+000 -1.4590889979e+001
48 32 33
2 1 3391 111.0000 236.7900 2 3110 64.7400 275.8100
2.9404697062e+000 2.0140012237e+000 -1.3575906828e+001
63 45 33
2 1 3392 353.1000 241.6900 2 3111 306.9000 257.9800
-1.1731288065e+002 2.7033374347e+001 -2.9080549215e+002
145 167 191
2 1 3395 -657.5400 151.5200 2 3131 -690.2600 338.2600
-1.1731288065e+002 2.7033374347e+001 -2.9080549215e+002
145 167 191
2 1 3396 -657.5400 151.5200 2 3132 -690.2600 338.2600
2.3261627973e+000 1.1863356674e+000 -1.2893797489e+001
74 57 47
2 1 3397 294.1899 149.8700 2 3113 239.5500 162.6400
2.3261627973e+000 1.1863356674e+000 -1.2893797489e+001
74 57 47
2 1 3398 294.1899 149.8700 2 3114 239.5500 162.6400
-5.9175854284e+002 -5.1916466779e+001 -1.2275089613e+003
40 43 57
2 1 3401 -785.3700 -68.9500 2 3115 -824.1200 124.5000
-5.9175854284e+002 -5.1916466779e+001 -1.2275089613e+003
40 43 57
2 1 3402 -785.3700 -68.9500 2 3116 -824.1200 124.5000
-4.6045885469e-001 -6.4974921393e-001 -1.0550624521e+001
29 18 15
2 1 3405 -69.9800 -100.6100 2 3119 -146.2300 -91.7400
3.3567859028e+000 -1.7750727718e+000 -1.2465223389e+001
83 63 54
2 1 3406 438.7700 -232.0300 2 3124 353.3199 -224.0200
7.3689297717e+001 3.5738800269e+001 1.3877497124e+002
20 18 27
2 1 3410 -864.1900 -419.8600 2 3122 -905.5900 -207.1100
1.4176083462e+002 7.5548337180e+001 3.0559575337e+002
53 39 64
2 1 3411 -754.7200 -403.0800 2 3123 -797.3700 -202.2900
2.2159531544e+000 1.8391192766e+000 -1.3205533449e+001
87 74 57
2 1 3416 272.8000 227.0800 2 3135 226.1400 244.0900
2.2159531544e+000 1.8391192766e+000 -1.3205533449e+001
87 74 57
2 1 3417 272.8000 227.0800 2 3136 226.1400 244.0900
-3.7585981969e+002 9.4271662433e+001 -7.4764434491e+002
110 118 139
2 1 3418 -820.3700 205.7200 2 3130 -854.9700 407.4900
1.7725994893e+000 1.0483770703e+000 -1.2851862697e+001
86 72 69
2 1 3421 224.4900 132.9800 2 3138 169.8199 148.9700
2.8997019045e+000 4.9218618349e-001 -1.2929666665e+001
38 28 27
2 1 3423 365.6300 61.9800 2 3142 304.2900 71.2500
1.4920035322e+000 -5.3102849580e-001 -1.2960211766e+001
81 61 54
2 1 3424 187.8199 -66.8200 2 3144 120.0100 -45.9000
2.9506060827e+000 -9.3557162721e-001 -1.2998936087e+001
46 36 27
2 1 3425 369.8400 -117.2700 2 3145 296.1000 -104.6400
1.9108862968e+002 8.8212643602e+001 3.8615878297e+002
83 92 126
2 1 3430 -805.9800 -372.3000 2 3146 -847.0700 -171.0000
-4.3384961146e+002 1.0089411108e+002 -9.5831207007e+002
73 56 62
2 1 3437 -738.0400 171.6300 2 3151 -771.7300 367.8300
-1.4065384109e+000 1.1673540313e+000 -1.1280802657e+001
97 86 74
2 1 3438 -203.6600 168.7300 2 3155 -261.7600 192.1900
3.4624586143e+002 1.0482596715e+002 7.0439962166e+002
124 140 174
2 1 3443 -800.3000 -242.6300 2 3159 -841.1800 -45.0600
6.2325144774e+000 1.2215541445e+000 -1.4227833542e+001
174 161 106
2 1 3450 713.4500 139.9800 2 3171 658.5300 140.1100
1.7080582549e+000 2.5368436606e-001 -1.2817788836e+001
36 24 27
2 1 3452 217.0900 32.2600 2 3158 155.3900 48.7600
-5.5719865773e-001 2.9681001044e+000 -1.3734163160e+001
38 24 24
2 1 3454 -66.3200 352.1900 2 3174 -107.7300 397.2200
3.6678585047e+000 -1.0371303229e-001 -1.2400950388e+001
183 197 200
2 1 3458 482.0800 -13.6600 2 3176 411.7500 -14.8900
5.6809757516e+000 -5.8597523024e-001 -1.3571460091e+001
67 48 34
2 1 3462 681.9000 -70.3100 2 3186 606.5000 -70.5200
