# Bundle file v0.3
60 599
0 0 0
0 0 0
0 0 0
0 0 0
0 0 0
1.6297048918e+003 1.0439804472e-002 -9.4294703129e-002
9.9989778147e-001 -1.4261279619e-002 1.0210403883e-003
1.4267701769e-002 9.9987652015e-001 -6.5861322878e-003
-9.2698763624e-004 6.6000269627e-003 9.9997778992e-001
2.7535852992e+000 5.3786339382e+000 -9.5092254747e+000
1.6337182656e+003 -4.7147248588e-003 -7.0930364255e-002
9.9897165129e-001 4.1885800945e-002 1.7355679049e-002
-3.9963852734e-002 9.9425942748e-001 -9.9252613778e-002
-2.1413322739e-002 9.8456947679e-002 9.9491090006e-001
2.7009170710e+000 5.4185743604e+000 -9.1175287103e+000
0 0 0
0 0 0
0 0 0
0 0 0
0 0 0
0 0 0
0 0 0
0 0 0
0 0 0
0 0 0
0 0 0
0 0 0
0 0 0
0 0 0
0 0 0
0 0 0
0 0 0
0 0 0
0 0 0
0 0 0
0 0 0
0 0 0
0 0 0
0 0 0
0 0 0
0 0 0
0 0 0
0 0 0
0 0 0
0 0 0
0 0 0
0 0 0
0 0 0
0 0 0
0 0 0
0 0 0
0 0 0
0 0 0
0 0 0
0 0 0
0 0 0
0 0 0
0 0 0
0 0 0
0 0 0
0 0 0
0 0 0
0 0 0
0 0 0
0 0 0
0 0 0
0 0 0
0 0 0
0 0 0
0 0 0
0 0 0
0 0 0
0 0 0
0 0 0
0 0 0
0 0 0
0 0 0
0 0 0
0 0 0
0 0 0
0 0 0
0 0 0
0 0 0
0 0 0
0 0 0
0 0 0
0 0 0
0 0 0
0 0 0
0 0 0
0 0 0
0 0 0
0 0 0
0 0 0
0 0 0
0 0 0
0 0 0
0 0 0
0 0 0
0 0 0
0 0 0
0 0 0
0 0 0
0 0 0
0 0 0
0 0 0
0 0 0
0 0 0
0 0 0
0 0 0
0 0 0
0 0 0
0 0 0
0 0 0
0 0 0
0 0 0
0 0 0
0 0 0
0 0 0
0 0 0
0 0 0
0 0 0
0 0 0
0 0 0
0 0 0
0 0 0
0 0 0
0 0 0
0 0 0
0 0 0
0 0 0
0 0 0
0 0 0
0 0 0
0 0 0
0 0 0
0 0 0
0 0 0
0 0 0
0 0 0
0 0 0
0 0 0
0 0 0
0 0 0
0 0 0
0 0 0
0 0 0
0 0 0
0 0 0
0 0 0
0 0 0
0 0 0
0 0 0
0 0 0
0 0 0
0 0 0
0 0 0
0 0 0
0 0 0
0 0 0
0 0 0
0 0 0
0 0 0
0 0 0
0 0 0
0 0 0
0 0 0
0 0 0
0 0 0
0 0 0
0 0 0
0 0 0
0 0 0
0 0 0
0 0 0
0 0 0
0 0 0
0 0 0
0 0 0
0 0 0
0 0 0
0 0 0
0 0 0
0 0 0
0 0 0
0 0 0
0 0 0
0 0 0
0 0 0
0 0 0
0 0 0
0 0 0
0 0 0
0 0 0
0 0 0
0 0 0
0 0 0
0 0 0
0 0 0
0 0 0
0 0 0
0 0 0
0 0 0
0 0 0
0 0 0
0 0 0
0 0 0
0 0 0
0 0 0
0 0 0
0 0 0
0 0 0
0 0 0
0 0 0
0 0 0
0 0 0
0 0 0
0 0 0
0 0 0
0 0 0
0 0 0
0 0 0
0 0 0
0 0 0
0 0 0
0 0 0
0 0 0
0 0 0
0 0 0
0 0 0
0 0 0
0 0 0
0 0 0
0 0 0
0 0 0
0 0 0
0 0 0
0 0 0
0 0 0
0 0 0
0 0 0
0 0 0
0 0 0
0 0 0
0 0 0
0 0 0
0 0 0
0 0 0
0 0 0
0 0 0
0 0 0
0 0 0
0 0 0
0 0 0
0 0 0
0 0 0
0 0 0
0 0 0
0 0 0
0 0 0
0 0 0
0 0 0
0 0 0
0 0 0
0 0 0
0 0 0
0 0 0
0 0 0
0 0 0
0 0 0
0 0 0
0 0 0
0 0 0
0 0 0
0 0 0
0 0 0
0 0 0
0 0 0
0 0 0
0 0 0
0 0 0
0 0 0
0 0 0
0 0 0
0 0 0
0 0 0
0 0 0
0 0 0
0 0 0
0 0 0
0 0 0
0 0 0
0 0 0
0 0 0
0 0 0
0 0 0
0 0 0
0 0 0
0 0 0
0 0 0
-1.6108461997e+000 -2.7519352755e+000 -1.9358137042e-001
113 107 95
2 1 79 198.2000 436.9400 2 65 166.3700 472.8400
-1.5966598103e+000 -2.8425894023e+000 -4.3250174620e-002
109 95 79
2 1 80 204.2600 428.1400 2 66 170.8300 461.6800
-1.5495599705e+000 -2.7864111849e+000 -1.7962125570e-001
111 103 80
2 1 81 208.8900 431.8900 2 67 176.7700 466.7900
-1.4908602446e+000 -2.8127831918e+000 -2.1087118608e-001
107 96 75
2 1 82 218.3400 426.2000 2 68 185.6100 460.8200
1.2721732705e+000 -2.5899355799e+000 -7.8720629332e-001
188 174 126
2 1 85 639.9301 443.2500 2 763 614.9800 458.4300
-1.9188240048e+000 -3.1296227481e+000 -9.5060176523e-002
104 94 92
2 1 122 149.0300 376.5100 2 93 112.1400 412.1800
-1.8812115432e+000 -3.2912282558e+000 9.1936443807e-002
138 137 133
2 1 123 159.0500 355.8600 2 116 120.0100 388.0600
-6.6242500564e-001 -3.5972588634e+000 -7.5859517744e-002
73 54 37
2 1 172 363.4399 300.7800 2 175 323.1899 321.2300
-3.9394411555e+000 -3.9084353860e+000 1.3349555984e+000
76 68 59
2 1 189 -224.5800 279.6100 2 829 -277.3500 314.3000
-3.5890735885e+000 -4.0630995688e+000 1.5508487772e+000
110 97 88
2 1 192 -158.2800 256.2000 2 208 -212.6300 282.9700
-4.5225021041e+000 -4.1308049720e+000 1.2961095640e+000
71 60 60
2 1 219 -337.6900 232.5300 2 861 -395.0100 273.5900
-4.4011727183e+000 -4.2124885142e+000 1.4698535061e+000
124 124 114
2 1 220 -321.0200 221.3200 2 863 -377.5200 257.8300
-4.2248680702e+000 -4.1444064831e+000 1.4732289023e+000
98 95 82
2 1 224 -285.4100 235.6300 2 865 -341.4700 270.4900
-5.1127808612e-001 -4.1236484106e+000 1.4328772030e-002
97 76 52
2 1 270 393.9600 213.6800 2 911 346.8400 229.9300
-4.5809956155e+000 -4.5172245049e+000 1.6361949063e+000
149 145 133
2 1 309 -363.6200 162.2300 2 922 -423.9400 197.4100
-4.3046018059e+000 -4.4147300795e+000 1.7720589191e+000
116 113 99
2 1 311 -312.1000 187.2100 2 252 -371.8600 217.4700
-4.3046018059e+000 -4.4147300795e+000 1.7720589191e+000
116 113 99
2 1 312 -312.1000 187.2100 2 253 -371.8600 217.4700
-1.2082102741e+000 -4.4039599031e+000 6.3174041487e-001
91 73 59
2 1 326 294.7800 174.5400 2 932 242.1600 188.3400
-4.0538141418e+000 -4.6304673784e+000 1.9314666381e+000
92 86 74
2 1 362 -263.7100 145.3000 2 283 -326.1100 169.5400
-4.1232034690e+000 -4.7162152082e+000 1.9962375556e+000
91 89 77
2 1 363 -281.0100 127.7700 2 310 -343.8900 151.4100
-3.7866310364e+000 -4.8881914387e+000 1.9405467837e+000
78 70 59
2 1 396 -206.5400 91.1000 2 336 -269.3600 111.2400
-4.6636667421e+000 -4.9056251869e+000 1.7039583192e+000
94 91 74
2 1 418 -382.2500 82.3300 2 328 -446.4900 116.8300
1.4216330069e+000 -4.9253304692e+000 2.7525219205e-001
131 114 71
2 1 445 745.5100 82.7900 2 380 681.6400 76.2700
-3.5309796524e+000 -5.1151439509e+000 2.0905453097e+000
105 103 90
2 1 473 -153.9700 43.8400 2 401 -219.3900 58.1900
-8.4179369438e-001 -5.2825114536e+000 7.1849294439e-001
85 70 65
2 1 526 367.4200 14.7400 2 1075 302.6700 23.6700
-1.9762322858e-001 -5.2975266931e+000 1.6176946152e+000
157 166 165
2 1 532 541.2000 14.0900 2 434 469.9700 -0.3100
-3.8269244949e+000 -5.3761015896e+000 2.1753259623e+000
63 54 46
2 1 545 -220.9900 -14.3200 2 1070 -288.0100 2.0200
-1.7152544954e+000 -5.4311708839e+000 7.2000731455e-001
76 61 56
2 1 550 207.3400 -15.2200 2 1073 140.7500 3.1900
-6.6940935649e-001 -5.8377650010e+000 1.0300486824e+000
98 86 76
2 1 592 415.0400 -90.8600 2 1149 340.7800 -87.0400
-3.3535241809e+000 -5.8019730951e+000 2.4122017682e+000
86 73 51
2 1 608 -116.9300 -111.2800 2 1164 -193.0800 -102.9300
-3.2825815169e+000 -5.8984114088e+000 2.4342268173e+000
85 70 46
2 1 631 -100.7800 -133.5000 2 1166 -178.0600 -125.9800
-1.7543101144e+000 -6.2687605585e+000 1.6146824023e-001
62 43 29
2 1 645 188.9900 -158.9300 2 501 118.0699 -130.2400
-6.9326000980e-001 -6.1847422565e+000 8.3494372716e-001
79 70 62
2 1 648 401.5000 -153.3900 2 1196 324.9301 -144.6900
-1.3103445277e+000 -3.3807227173e+000 4.4631814245e-002
78 60 45
2 1 981 256.2500 340.1800 2 1430 217.9000 366.4800
-3.6543280191e+000 -3.8540795379e+000 1.2582246550e+000
117 109 98
2 1 999 -166.4600 288.6200 2 817 -217.6600 321.4300
-4.0967613511e+000 -4.0451152733e+000 1.4423764308e+000
83 72 60
2 1 1022 -258.7200 255.1400 2 827 -313.6900 289.4700
-3.9460489668e+000 -3.9757817606e+000 1.4582570002e+000
67 57 48
2 1 1023 -228.7700 270.0100 2 1456 -283.2200 302.8100
-3.9732721335e+000 -4.0017586525e+000 1.4626393606e+000
161 155 141
2 1 1024 -234.1300 264.7800 2 828 -289.2600 297.7900
-4.4277761415e+000 -4.0351669921e+000 1.2646236249e+000
86 81 78
2 1 1056 -318.5600 250.9400 2 1453 -373.7300 291.5500
-4.1583724297e+000 -4.1893007720e+000 1.6274426689e+000
70 66 55
2 1 1058 -277.8900 231.1200 2 868 -333.1200 262.3400
-4.1781541230e+000 -4.2414646132e+000 1.7160480876e+000
88 83 77
2 1 1059 -284.0500 222.4700 2 867 -341.9200 252.7700
-2.3618912767e+000 -3.7048328688e+000 -1.6191378000e+000
169 145 112
2 1 1067 65.4900 241.2200 2 836 22.7000 294.5600
-2.1201362217e-001 -3.8954405854e+000 -1.4918308399e-001
183 187 174
2 1 1073 437.1100 249.3800 2 1521 393.1899 265.4900
-2.0432442202e+000 -4.1596435982e+000 6.8842118235e-001
135 155 150
2 1 1092 142.0800 218.4800 2 1542 92.2700 240.6600
-2.0432442202e+000 -4.1596435982e+000 6.8842118235e-001
135 155 150
2 1 1093 142.0800 218.4800 2 1541 92.2700 240.6600
-1.9461831256e+000 -4.1598901653e+000 6.3672133496e-001
87 80 70
2 1 1094 159.0300 217.4800 2 1545 109.4301 239.3900
-8.4821746099e-001 -4.1319752184e+000 2.5292128405e-001
92 73 56
2 1 1102 345.2800 216.5400 2 1554 297.0400 232.8400
-4.8085371791e+000 -4.5121973377e+000 1.4637590823e+000
150 150 132
2 1 1118 -401.7000 159.3200 2 920 -462.1200 199.6700
-4.6497959912e+000 -4.5120299963e+000 1.5802244809e+000
150 148 135
2 1 1120 -375.1500 162.0200 2 921 -435.4400 198.8500
-1.1446259991e+000 -4.3542747831e+000 6.4156931884e-001
93 76 60
2 1 1134 306.2000 184.1000 2 931 255.0400 196.9200
-5.3809338966e+000 -4.6045963851e+000 9.2775223908e-001
114 111 114
2 1 1150 -484.8100 130.9900 2 940 -545.0300 184.1500
-4.8481867659e+000 -4.6222986767e+000 1.4328578667e+000
140 136 124
2 1 1155 -407.8600 136.4900 2 943 -468.8100 177.3800
-4.4394908163e+000 -4.6344001134e+000 1.8095900572e+000
110 102 87
2 1 1158 -341.0500 141.2200 2 1584 -403.5100 171.9800
-5.2255355665e+000 -4.7420273737e+000 1.0725819458e+000
150 148 133
2 1 1166 -462.3700 106.9200 2 942 -524.2900 156.5600
-4.7057007276e+000 -4.8274804318e+000 1.7365853836e+000
108 105 98
2 1 1169 -392.9800 98.8600 2 305 -456.7400 133.4200
-4.5672572144e+000 -4.7753715278e+000 1.7530193520e+000
101 97 85
2 1 1173 -365.0500 110.3900 2 963 -428.1600 143.1500
-4.3895832613e+000 -4.7256636407e+000 1.8755062440e+000
110 103 85
2 1 1174 -333.2100 123.1000 2 308 -396.2100 151.9400
-4.4480396525e+000 -4.8005717974e+000 1.8833479656e+000
129 126 111
2 1 1175 -345.2600 106.9700 2 966 -409.9200 136.4700
-4.1783451197e+000 -4.8043964368e+000 2.0037800275e+000
127 122 113
2 1 1178 -292.4300 108.5200 2 309 -357.1300 132.7800
-4.0874968718e+000 -4.8600310945e+000 1.9332035562e+000
105 102 88
2 1 1179 -270.8100 96.1200 2 985 -334.0000 120.0600
-3.5543399348e+000 -4.7592639302e+000 1.9168167408e+000
87 77 65
2 1 1186 -156.4200 119.0900 2 969 -218.0900 137.1200
1.6431254789e+000 -4.7794500266e+000 8.2364745742e-001
178 161 105
2 1 1202 831.9000 114.9100 2 347 767.2000 96.0500
-4.5977974323e+000 -4.8882594947e+000 1.8515754460e+000
121 115 101
2 1 1212 -376.0700 87.6800 2 977 -439.9400 118.9700
-4.0818626986e+000 -5.0298509919e+000 1.9954800468e+000
76 67 60
2 1 1219 -271.1400 60.1100 2 1658 -336.2000 82.8500
-3.8059638863e+000 -4.9475096917e+000 2.1098827701e+000
110 101 90
2 1 1221 -214.7900 79.7500 2 986 -279.8800 97.3000
-3.5948936147e+000 -4.9527583951e+000 2.1463494059e+000
75 67 57
2 1 1223 -169.3600 79.6100 2 987 -234.3200 93.8800
-2.4501580141e-001 -5.0039749227e+000 1.4274059920e+000
96 81 65
2 1 1230 518.4600 72.7900 2 1669 453.0200 62.1100
1.6569137603e+000 -4.9544993636e+000 4.0812509202e-001
121 103 70
2 1 1233 796.8800 79.3100 2 1027 732.4600 67.9300
-4.3331910059e+000 -5.0436584169e+000 1.8991053608e+000
86 84 73
2 1 1244 -320.3800 55.5700 2 1005 -387.2400 83.3400
-4.1676640033e+000 -5.1302458899e+000 1.9603350780e+000
114 110 99
2 1 1249 -287.8200 37.9800 2 1012 -353.9700 62.4200
-4.1657894878e+000 -5.0605197141e+000 1.9401528820e+000
140 138 126
2 1 1250 -287.2000 52.9400 2 1006 -352.0900 77.5500
-4.1657894878e+000 -5.0605197141e+000 1.9401528820e+000
140 138 126
2 1 1251 -287.2000 52.9400 2 1007 -352.0900 77.5500
-4.1000025006e+000 -5.1794123059e+000 2.0494371192e+000
97 90 80
2 1 1252 -276.6800 27.8900 2 1037 -342.9200 49.8600
-3.5557073253e+000 -5.1484776085e+000 2.0728928045e+000
128 143 134
2 1 1255 -158.5900 36.3400 2 1040 -224.8600 51.4800
-3.3986513144e+000 -5.0641718133e+000 2.0730926884e+000
100 96 89
2 1 1257 -124.5300 55.2200 2 1018 -190.0400 68.4600
-1.5480048348e-001 -5.1144585526e+000 1.6316249457e+000
180 178 166
2 1 1269 550.9900 51.8100 2 1695 481.6000 36.3800
-2.0200018217e+000 -5.5022906773e+000 5.8059403764e-001
42 27 24
2 1 1310 147.0800 -28.1300 2 1745 84.3400 -5.4600
-1.6118625727e+000 -5.5325741980e+000 5.0333987995e-001
54 35 29
2 1 1314 220.2600 -32.3900 2 1097 155.2400 -12.1100
-6.0355111402e-001 -5.5271131992e+000 -8.9661276408e-002
82 69 61
2 1 1320 376.2900 -26.1700 2 1101 313.6100 -7.6000
-8.5144987267e-001 -5.6420272228e+000 8.0151213764e-001
54 41 34
2 1 1340 370.1600 -52.3100 2 1122 299.8199 -43.5100
-1.6037746202e+000 -5.8288385960e+000 4.7740183695e-001
55 35 32
2 1 1365 221.7400 -85.4700 2 1118 153.5100 -64.0600
-1.6037746202e+000 -5.8288385960e+000 4.7740183695e-001
55 35 32
2 1 1366 221.7400 -85.4700 2 1119 153.5100 -64.0600
-1.5444289777e+000 -5.8756395091e+000 4.6876851683e-001
56 35 32
2 1 1367 232.4399 -93.6600 2 1143 163.2800 -72.4500
-1.3266956823e+000 -5.9946382709e+000 3.7570922921e-001
46 28 26
2 1 1393 269.0900 -113.2000 2 1146 198.3400 -92.2600
-7.3488790292e-001 -6.1037053243e+000 8.4624170920e-001
35 26 19
2 1 1418 394.7700 -138.7200 2 1172 317.9399 -129.8400
-1.9699951056e+000 -6.4062488576e+000 2.2639462040e-001
71 45 30
2 1 1442 152.7200 -184.6200 2 1193 81.0601 -154.2500
-1.8775606874e+000 -6.2948853444e+000 3.8968238763e-001
62 39 25
2 1 1444 172.0601 -168.1600 2 1839 99.6600 -141.0300
-1.4705882522e+000 -6.3481419733e+000 2.7764162864e-001
78 64 61
2 1 1447 241.5200 -174.3100 2 522 168.1100 -149.2400
-3.0447235737e+000 -6.2032639548e+000 2.3398655531e+000
70 56 44
2 1 1468 -45.1800 -199.6300 2 537 -124.7300 -191.4300
1.8869653232e+000 -2.5376366678e+000 5.4525239757e-001
157 144 92
2 1 1658 840.7600 514.9500 2 1384 818.5400 504.3500
-4.6371241730e+000 -2.9861255818e+000 1.4623243799e+000
78 61 69
2 1 1675 -371.4300 468.1900 2 1364 -421.3300 516.2900
-1.7913637863e+000 -2.7848973686e+000 -2.1647882702e-001
81 78 72
2 1 1686 167.5500 430.0200 2 1388 135.0000 467.8000
-1.7635021669e+000 -3.1518418803e+000 1.3559593861e-002
66 57 48
2 1 1706 177.6500 377.1900 2 1404 140.3101 409.9400
-1.7651115134e+000 -3.3675484826e+000 2.1718368545e-001
101 92 82
2 1 1707 181.5800 347.4400 2 1420 142.0500 376.3600
-1.4819358323e+000 -3.3544077717e+000 1.2797451723e-001
77 60 48
2 1 1709 228.3500 347.3400 2 1426 190.6899 374.2500
-1.4819358323e+000 -3.3544077717e+000 1.2797451723e-001
77 60 48
2 1 1710 228.3500 347.3400 2 1427 190.6899 374.2500
-1.2096273868e+000 -3.2555454058e+000 -1.3204951314e-001
75 56 42
2 1 1711 269.1300 355.3300 2 1408 230.8101 383.9400
-1.1780926921e+000 -3.3143284458e+000 6.0993865585e-002
100 84 69
2 1 1712 279.1500 352.5400 2 1431 242.0699 377.4900
-1.1780926921e+000 -3.3143284458e+000 6.0993865585e-002
100 84 69
2 1 1713 279.1500 352.5400 2 1432 242.0699 377.4900
-2.3985285374e+000 -3.3369090149e+000 9.4522752876e-002
167 144 103
2 1 1721 69.5300 346.8600 2 1402 29.3700 384.0000
-2.3985285374e+000 -3.3369090149e+000 9.4522752876e-002
167 144 103
2 1 1722 69.5300 346.8600 2 1403 29.3700 384.0000
-1.5538837697e+000 -3.5439313619e+000 2.1951106249e-001
77 59 47
2 1 1729 218.9100 317.1500 2 1446 177.9500 342.9400
1.1841098849e+000 -3.3563510735e+000 -5.0343145612e-001
150 133 83
2 1 1741 645.8800 331.2300 2 1450 609.8400 340.2100
-3.8944581837e+000 -3.8026771780e+000 1.2123055134e+000
55 42 39
2 1 1742 -211.9400 296.3300 2 2025 -264.9600 333.1900
-1.5580903517e+000 -3.7247810524e+000 3.6259165673e-001
77 59 47
2 1 1744 222.0400 289.7300 2 1462 178.7300 312.8500
-3.5255974034e+000 -3.9462036578e+000 1.3689359896e+000
113 103 93
2 1 1756 -142.8000 274.3500 2 2040 -194.6100 303.5500
-3.4685717653e+000 -4.0418691271e+000 1.4399228676e+000
62 41 38
2 1 1757 -131.1300 257.2800 2 1457 -186.1300 284.8400
-1.3863587251e+000 -3.9123321075e+000 3.9089189298e-001
72 58 46
2 1 1772 253.5300 257.6100 2 1514 208.6300 277.7300
-9.9273962968e-001 -3.7863563985e+000 1.5003790102e-001
98 79 62
2 1 1780 315.7200 273.9900 2 1485 271.7500 294.2300
1.4022819234e+000 -3.8089002987e+000 -2.1699554156e-001
141 119 70
2 1 1784 701.6300 265.5200 2 889 658.8199 266.8600
-4.2966710791e+000 -4.1699428570e+000 1.4264237576e+000
141 143 129
2 1 1791 -298.2800 229.0200 2 1490 -354.2800 265.2000
-4.1009937373e+000 -4.0895236250e+000 1.4885452362e+000
80 70 61
2 1 1794 -260.9500 247.5300 2 2053 -316.3900 281.0100
-3.7682987371e+000 -4.2751197422e+000 1.9556348839e+000
64 48 33
2 1 1799 -205.0200 223.2300 2 1535 -262.3800 244.3600
-3.6524519158e+000 -4.1185665138e+000 1.6280827013e+000
68 56 48
2 1 1800 -173.3200 247.1000 2 2056 -227.4300 272.8600
-2.0044538055e+000 -4.1371441447e+000 7.0633345817e-001
70 61 56
2 1 1806 148.9600 223.2800 2 1544 100.4200 244.5800
-1.5984813013e+000 -4.0145664289e+000 6.1294105211e-001
74 60 47
2 1 1808 221.0900 244.5700 2 1509 174.8900 263.2000
-1.6011509352e+000 -4.0820481982e+000 4.2336911405e-001
90 76 62
2 1 1809 217.4500 227.3100 2 2082 168.2600 249.2400
-4.6530221492e+000 -4.3462177085e+000 1.4352689588e+000
95 91 82
2 1 1818 -370.3900 192.8600 2 2070 -427.5000 232.0000
-4.3370394014e+000 -4.2347208673e+000 1.5412273413e+000
86 88 77
2 1 1823 -309.9500 218.6800 2 1489 -368.2200 253.6800
-4.8999694439e+000 -4.4972259087e+000 1.3531502298e+000
154 152 139
2 1 1842 -413.8800 159.8900 2 2086 -475.3000 203.1300
-3.8135864984e+000 -4.4511028135e+000 1.9486251653e+000
90 81 72
2 1 1845 -213.3100 184.9000 2 1563 -273.6700 206.4100
-4.3782999069e+000 -4.6457426547e+000 1.8921930523e+000
144 140 123
2 1 1869 -331.5600 140.3800 2 1585 -394.4900 169.1000
-4.1708784117e+000 -4.6517931875e+000 1.9951033186e+000
94 86 75
2 1 1871 -291.7700 141.6000 2 1588 -353.6700 165.8400
-4.1648146361e+000 -4.6918333146e+000 1.9434721107e+000
136 137 123
2 1 1872 -288.2800 132.1100 2 1589 -350.4100 157.1000
-3.9215281642e+000 -4.6187392342e+000 2.0219078032e+000
63 54 45
2 1 1873 -238.3400 149.9000 2 1590 -300.5300 170.9500
-3.7585877113e+000 -4.6183213763e+000 2.0149886082e+000
54 39 32
2 1 1876 -202.9900 150.4000 2 1592 -264.4700 169.5000
-3.7260904635e+000 -4.6301622419e+000 1.9394074353e+000
72 61 55
2 1 1877 -193.7200 146.5100 2 949 -255.4100 166.6400
-3.5402571053e+000 -4.7082119533e+000 1.9911630201e+000
56 46 37
2 1 1878 -155.1000 131.2400 2 1621 -216.5400 147.8400
-3.5064503053e+000 -4.7197958356e+000 1.9361540083e+000
91 77 64
2 1 1879 -146.1400 127.8600 2 1622 -208.5100 145.2900
-2.0883888753e+000 -4.4806440376e+000 9.6433515667e-002
40 28 28
2 1 1884 125.9500 149.8800 2 1598 74.3400 179.9700
-4.6468181084e+000 -4.7749993213e+000 1.7773467846e+000
93 89 78
2 1 1898 -382.5700 110.4700 2 2146 -446.6000 143.9400
-4.6468181084e+000 -4.7749993213e+000 1.7773467846e+000
93 89 78
2 1 1899 -382.5700 110.4700 2 2145 -446.6000 143.9400
-4.6089383484e+000 -4.8171101377e+000 1.7954054184e+000
132 128 117
2 1 1900 -375.2700 101.9300 2 1615 -439.7400 134.6400
-4.4894434870e+000 -4.8418206627e+000 1.8225170013e+000
83 78 67
2 1 1902 -351.6800 97.4800 2 1616 -415.3900 128.1300
-3.6907904073e+000 -4.8056878995e+000 2.0239754227e+000
71 61 52
2 1 1906 -187.6600 110.0500 2 1620 -251.2600 127.9600
-1.3858512955e+000 -4.7299748206e+000 9.7452468952e-001
93 78 71
2 1 1908 272.2800 118.8400 2 2158 217.1200 128.0100
-1.0194492793e+000 -4.8184452839e+000 7.3964830154e-001
68 54 45
2 1 1909 334.2100 100.2600 2 2190 276.0400 110.0600
-9.6563662867e-001 -4.8073558169e+000 9.8876999175e-001
66 50 37
2 1 1912 353.4500 105.3100 2 1643 295.9000 109.9800
-9.6563662867e-001 -4.8073558169e+000 9.8876999175e-001
66 50 37
2 1 1913 353.4500 105.3100 2 1642 295.9000 109.9800
-4.3697319178e+000 -4.9450581323e+000 1.8962155703e+000
104 98 84
2 1 1924 -329.1700 76.6500 2 1633 -393.7800 104.5900
-4.3982405627e+000 -4.9685747697e+000 1.9350261156e+000
89 84 73
2 1 1925 -336.4800 71.7700 2 1632 -402.2700 99.5800
-4.4414425299e+000 -5.0203535042e+000 1.8542684849e+000
142 139 122
2 1 1927 -342.2700 60.0800 2 1004 -407.4700 89.5200
-4.2027949736e+000 -4.9159522286e+000 1.9116581329e+000
135 132 114
2 1 1928 -294.4100 83.5500 2 1635 -358.3100 109.2100
-4.0178551532e+000 -5.0329892154e+000 1.9725178126e+000
136 133 122
2 1 1930 -256.5200 59.4800 2 1659 -321.4300 81.8500
-3.7561309787e+000 -4.9120387604e+000 1.9959419773e+000
103 94 85
2 1 1932 -201.2000 86.5900 2 1639 -264.8000 105.4600
-1.6794764043e+000 -4.9283574200e+000 5.8619911805e-001
36 27 22
2 1 1936 208.1801 77.0800 2 1641 150.6500 95.8300
-1.0870930078e+000 -4.9916675880e+000 7.4376246992e-001
45 27 23
2 1 1938 322.8300 67.8800 2 1665 261.3101 78.7200
-4.2195089332e+000 -5.1530673855e+000 1.9549140021e+000
115 111 100
2 1 1957 -298.7000 32.9000 2 1683 -365.0100 58.0400
-3.5586880874e+000 -5.0563958552e+000 2.0369322036e+000
112 108 96
2 1 1958 -158.7700 56.2100 2 1661 -224.0200 72.0100
-1.4356050364e+000 -5.0969603440e+000 7.4098124872e-001
51 33 29
2 1 1962 257.4100 47.6700 2 1663 197.1000 61.6700
-4.2823387057e+000 -5.1797591749e+000 1.8654643913e+000
124 119 109
2 1 1983 -308.4000 26.7600 2 1681 -374.7200 54.1600
-4.2580200071e+000 -5.2133537895e+000 1.8610656337e+000
55 52 44
2 1 1984 -303.4400 19.8000 2 1682 -369.0000 46.7700
-4.0426158601e+000 -5.3039352331e+000 1.9309405414e+000
65 54 48
2 1 1986 -259.6700 1.1200 2 1701 -326.3400 24.5400
-3.9239065562e+000 -5.2936435216e+000 2.0298771772e+000
56 48 46
2 1 1987 -237.6300 3.6600 2 1702 -304.0900 23.8400
-3.8454359146e+000 -5.2101019873e+000 2.0965495474e+000
108 98 86
2 1 1988 -222.4100 22.0400 2 1686 -289.3100 40.2300
-3.3691796240e+000 -5.2134239138e+000 2.0498821552e+000
81 66 59
2 1 1992 -117.5000 22.7500 2 1041 -183.8800 36.0500
-3.3879116392e+000 -5.2886859379e+000 2.1112104749e+000
61 50 41
2 1 1993 -122.0900 6.2300 2 1071 -189.9900 18.8300
-3.2213731318e+000 -5.2313850362e+000 2.0787910288e+000
76 58 54
2 1 1994 -85.6800 19.3500 2 1042 -152.2700 30.3400
-1.7999653277e-001 -5.3262196327e+000 1.6356666430e+000
185 194 186
2 1 2000 546.2800 8.2000 2 1757 474.0699 -6.5800
-3.8868756362e+000 -5.4717937740e+000 2.1143469222e+000
76 66 54
2 1 2011 -230.9400 -35.5400 2 1734 -300.6300 -16.6700
-3.2739035037e+000 -5.3490983458e+000 2.0913001622e+000
45 31 27
2 1 2013 -96.7500 -6.5900 2 1072 -164.9600 5.0700
-2.5668265745e+000 -5.4532772039e+000 8.7266821252e-001
80 58 47
2 1 2015 50.0400 -21.8900 2 1709 -14.4200 2.3800
-1.4862055446e+000 -5.4582654209e+000 2.6760357522e-001
73 58 51
2 1 2019 235.9399 -17.7900 2 1712 173.7500 4.1200
6.9332012223e-001 -5.5908622366e+000 -1.6399967564e-001
74 55 48
2 1 2025 591.8300 -33.6900 2 1758 522.9301 -25.0700
-3.1827803549e+000 -5.5955038435e+000 2.0275504888e+000
47 28 22
2 1 2042 -75.0700 -59.6600 2 1770 -146.1900 -47.1000
-2.9032367307e+000 -5.5453301174e+000 1.9154868004e+000
44 22 16
2 1 2043 -14.1300 -47.1200 2 1743 -85.0300 -35.7500
-2.9032367307e+000 -5.5453301174e+000 1.9154868004e+000
44 22 16
2 1 2044 -14.1300 -47.1200 2 1744 -85.0300 -35.7500
-1.4491306653e+000 -5.7099793394e+000 4.9273249160e-001
74 57 53
2 1 2053 249.4399 -63.7900 2 1774 182.6300 -44.5900
-7.5166132183e-001 -5.6363435219e+000 6.4893827381e-001
87 78 73
2 1 2054 382.1500 -49.9500 2 1780 312.2400 -39.6900
-1.4821942921e+000 -5.7720346744e+000 4.2598821316e-001
74 59 52
2 1 2066 242.1600 -74.4900 2 1777 174.3800 -53.6600
-1.4482317195e+000 -5.8593122874e+000 4.3695507637e-001
74 55 48
2 1 2069 248.4500 -90.0500 2 1799 180.0900 -69.5500
-1.3735326518e+000 -5.8620505674e+000 4.4224548896e-001
55 37 30
2 1 2072 262.0699 -90.4300 2 1144 193.2700 -70.6500
2.6508701630e+002 2.8776734625e+001 5.2585904654e+002
75 91 115
2 1 2074 -842.7400 -108.2500 2 1651 -880.5500 91.0800
-1.1647886637e+000 -6.0450743786e+000 3.4297865100e-001
74 59 54
2 1 2092 295.8101 -121.0200 2 1817 226.3700 -101.5200
-6.6435592686e-001 -6.2093601191e+000 1.1121497820e+000
115 105 93
2 1 2117 421.1801 -163.6400 2 1853 340.5900 -159.0900
-1.8180855557e-001 -6.0873820758e+000 1.1960452239e+000
115 98 82
2 1 2120 518.3800 -140.0400 2 1855 438.2200 -142.9300
-1.4461021867e+000 -6.3058006161e+000 2.0581254823e-001
44 30 27
2 1 2137 243.5000 -165.3700 2 1845 171.5300 -139.9800
-8.3719788204e-001 -6.3693915336e+000 7.5951357591e-001
66 53 49
2 1 2138 373.1899 -186.9100 2 1878 292.4500 -173.8100
-7.6313395724e-001 -6.5438131276e+000 8.0127589252e-001
63 48 45
2 1 2153 388.5200 -219.9600 2 1899 306.1300 -207.3900
-5.6814968077e-001 -6.4645141075e+000 9.2680363203e-001
108 93 78
2 1 2155 430.1801 -207.6500 2 1901 348.2900 -199.7500
-4.5318782763e+000 -6.3263761502e+000 2.7913312054e+000
64 60 63
2 1 2163 -405.7400 -248.7000 2 1906 -486.1900 -229.6800
-6.8092233503e-001 -6.6033332445e+000 8.1022458592e-001
70 51 45
2 1 2170 403.5000 -230.8500 2 1902 321.6000 -219.2500
-6.5489418146e-001 -6.6545879912e+000 7.8428907486e-001
104 84 73
2 1 2171 407.8000 -239.7100 2 1249 324.1700 -227.2900
-2.6351007718e+000 -6.6869051510e+000 1.3728741255e+000
159 131 91
2 1 2189 42.7500 -269.8500 2 2360 -36.5000 -246.6200
1.7833293641e+000 -7.0915464985e+000 1.1734829881e+000
162 142 91
2 1 2215 894.5200 -326.7300 2 2384 785.8700 -340.0600
-5.0252350397e+000 -3.3474758960e+000 1.4926952709e+000
37 21 32
2 1 2274 -449.7100 395.2600 2 1996 -505.5400 444.6700
-1.9563929986e+000 -3.3078602233e+000 9.7800699265e-002
72 64 62
2 1 2284 145.8600 353.0900 2 2006 107.1300 385.7400
-1.8261122101e+000 -3.3488623937e+000 1.6479813542e-001
65 58 50
2 1 2286 169.6500 348.7200 2 2015 130.7500 378.9300
1.4626364728e+000 -3.3460050647e+000 6.0485192201e-002
168 151 97
2 1 2287 731.3700 352.1200 2 2019 694.3400 350.0400
-2.5010036966e+000 -3.4062223091e+000 -3.1656424919e-001
167 145 108
2 1 2290 50.1600 321.0000 2 2013 8.8300 363.7500
-2.5010036966e+000 -3.4062223091e+000 -3.1656424919e-001
167 145 108
2 1 2291 50.1600 321.0000 2 2014 8.8300 363.7500
-1.6996171068e+000 -3.4600945951e+000 3.1325851975e-001
77 65 53
2 1 2294 195.0900 334.7700 2 2016 154.9100 361.1600
-1.5008763923e+000 -3.4987498217e+000 1.7873015834e-001
97 83 70
2 1 2295 227.0300 323.8400 2 2017 186.8300 349.8000
1.2057958417e+000 -3.3863155035e+000 -7.3044864740e-001
152 136 85
2 1 2296 635.0200 319.5400 2 2030 599.0601 331.2900
1.5807197464e+000 -3.5311441573e+000 4.1569836792e-001
147 134 82
2 1 2300 781.1500 332.2600 2 2031 739.5300 322.7100
-3.9010436841e+000 -3.7361910144e+000 1.1857490095e+000
78 65 60
2 1 2304 -213.0900 308.4800 2 2024 -264.8300 345.9900
-2.7789763843e+000 -3.5182762400e+000 -1.6608109076e-001
67 39 35
2 1 2308 4.1500 306.3700 2 2012 -38.4400 349.5000
1.1329292770e+000 -3.4554161849e+000 -7.3629083857e-001
152 135 84
2 1 2310 623.2100 308.3400 2 2028 586.6300 320.5600
-4.0219019623e+000 -4.0560382495e+000 1.4239832943e+000
83 73 63
2 1 2314 -243.0100 252.5900 2 2036 -297.8500 286.2900
-3.6504817339e+000 -4.0522773515e+000 1.5035923980e+000
140 145 125
2 1 2317 -169.9500 256.8000 2 2448 -224.0300 285.0300
-3.6504817339e+000 -4.0522773515e+000 1.5035923980e+000
140 145 125
2 1 2318 -169.9500 256.8000 2 2449 -224.0300 285.0300
-2.1459631011e+000 -3.6590974504e+000 -1.2291394880e+000
166 138 112
2 1 2322 99.4600 257.2200 2 2453 58.9700 304.6900
-4.3217789201e+000 -4.0713546940e+000 1.3472357801e+000
109 105 96
2 1 2331 -300.4900 246.4400 2 2035 -355.9800 284.5700
-4.3695763778e+000 -4.1637112163e+000 1.3694382831e+000
130 132 121
2 1 2332 -310.6700 228.5100 2 2052 -366.8600 266.4100
-4.2445074987e+000 -4.0820561007e+000 1.3620274741e+000
80 70 68
2 1 2333 -285.8200 245.0000 2 2463 -340.7300 281.8800
-1.7196534922e+000 -3.9604325336e+000 5.3970023730e-001
75 59 46
2 1 2343 198.2500 251.9300 2 2062 150.6300 273.6500
-4.5597518827e+000 -4.5140185214e+000 1.5854973540e+000
148 144 132
2 1 2357 -357.6400 162.1300 2 2090 -416.3400 197.5100
-4.5597518827e+000 -4.5140185214e+000 1.5854973540e+000
148 144 132
2 1 2358 -357.6400 162.1300 2 2089 -416.3400 197.5100
-4.2472984040e+000 -4.4548548247e+000 1.8798217006e+000
90 87 73
2 1 2359 -304.1500 181.3200 2 2093 -364.5100 209.0300
-4.2994488478e+000 -4.5085291227e+000 1.8208363793e+000
91 85 73
2 1 2360 -312.5900 168.4900 2 2094 -373.4100 197.6500
-4.0976132990e+000 -4.5436993251e+000 2.0211514467e+000
153 146 130
2 1 2361 -276.8800 165.6600 2 2469 -338.5900 189.0100
-3.7689299103e+000 -4.5217085186e+000 1.9832892643e+000
106 97 84
2 1 2362 -204.8900 170.6900 2 2096 -264.9900 190.6200
-3.5931825305e+000 -4.5395406823e+000 1.8907592349e+000
80 66 56
2 1 2364 -164.4200 165.3700 2 2124 -224.8800 184.9700
-3.4483669291e+000 -4.4455096620e+000 1.8134374913e+000
86 74 61
2 1 2365 -132.6400 184.1400 2 2471 -191.3600 203.5300
-1.9000940536e+000 -4.3655390893e+000 7.0785818685e-001
83 68 63
2 1 2370 169.2700 181.2800 2 2101 117.3000 201.1300
-1.7680773477e+000 -4.4462572719e+000 7.0789453442e-001
83 68 61
2 1 2371 193.3900 166.8200 2 2132 141.4200 184.9000
1.6455683220e+000 -4.5307041505e+000 5.1084022566e-001
152 136 84
2 1 2377 802.9000 156.2400 2 2167 745.0699 142.6700
-4.6735793264e+000 -4.5829100238e+000 1.5519917186e+000
71 65 53
2 1 2379 -378.3900 146.9200 2 2113 -439.2200 184.2600
-4.3975914318e+000 -4.5907561269e+000 1.8506454137e+000
98 91 80
2 1 2382 -334.6000 151.4100 2 2117 -395.8900 180.9100
-4.4139702617e+000 -4.6850449309e+000 1.8729767620e+000
161 157 136
2 1 2383 -338.5000 131.6500 2 2119 -401.0900 160.8700
-4.3232621040e+000 -4.6550419094e+000 1.8886140611e+000
70 67 52
2 1 2385 -320.0900 138.6000 2 2483 -382.0700 166.4900
-4.3232621040e+000 -4.6550419094e+000 1.8886140611e+000
70 67 52
2 1 2386 -320.0900 138.6000 2 2484 -382.0700 166.4900
-4.2543647924e+000 -4.7018926084e+000 1.9705066769e+000
144 140 125
2 1 2387 -308.5100 130.0900 2 2149 -371.1300 155.7100
-3.8283370302e+000 -4.7335900633e+000 1.9926576774e+000
130 125 114
2 1 2389 -217.2000 124.8800 2 2151 -279.5000 144.9400
-3.7695059810e+000 -4.6951552533e+000 1.9839692521e+000
95 86 77
2 1 2390 -204.1700 133.1800 2 2153 -266.4100 152.8500
-3.6496525372e+000 -4.6076940983e+000 1.9809439726e+000
90 76 68
2 1 2391 -178.6800 152.4100 2 2125 -239.5800 170.7800
-3.5895837851e+000 -4.6171135376e+000 1.9252844317e+000
58 44 35
2 1 2392 -164.1900 149.4700 2 2127 -225.4200 168.2200
-3.3214367406e+000 -4.6312644636e+000 1.9466213128e+000
84 70 62
2 1 2394 -107.4200 147.7200 2 2489 -167.6700 162.6300
-3.3214367406e+000 -4.6312644636e+000 1.9466213128e+000
84 70 62
2 1 2395 -107.4200 147.7200 2 2490 -167.6700 162.6300
-2.8926855865e+000 -4.5496650632e+000 9.5600911678e-001
72 52 38
2 1 2396 -14.4300 148.6600 2 2491 -68.7300 174.7600
-1.9664462002e+000 -4.6633002834e+000 6.1256208359e-001
32 22 20
2 1 2397 156.3199 124.8100 2 2504 100.7200 146.4800
-1.7972653657e+000 -4.5282640621e+000 6.9024026611e-001
51 36 31
2 1 2398 188.6200 151.1300 2 2133 134.1600 170.0800
-4.7576902520e+000 -4.8184971562e+000 1.6971020246e+000
145 141 135
2 1 2405 -401.8000 100.1200 2 2144 -465.5100 135.9100
-4.5255983910e+000 -4.8103743878e+000 1.8251185197e+000
148 144 132
2 1 2406 -359.2700 103.9900 2 2147 -423.3800 135.2000
-4.0218590922e+000 -4.8454079263e+000 2.0093197563e+000
128 127 107
2 1 2409 -259.2200 100.3200 2 2174 -322.8400 122.2600
-3.9005868586e+000 -4.8841533900e+000 1.9729828728e+000
141 139 127
2 1 2410 -231.9100 91.9500 2 2175 -295.1400 112.9300
-3.7424975391e+000 -4.7909326351e+000 1.9837770335e+000
102 101 89
2 1 2411 -198.4700 112.6800 2 2154 -260.6400 131.6600
-3.6619554413e+000 -4.8479555934e+000 1.9613019808e+000
108 101 88
2 1 2413 -180.1900 100.3100 2 2514 -243.0300 118.7400
-3.6619554413e+000 -4.8479555934e+000 1.9613019808e+000
108 101 88
2 1 2414 -180.1900 100.3100 2 2513 -243.0300 118.7400
-3.0154498550e+000 -4.7951937269e+000 1.7923850469e+000
81 64 48
2 1 2418 -40.5200 111.4100 2 2156 -101.2800 125.1700
-1.4095715108e+000 -4.6946090161e+000 7.0112095052e-001
68 53 46
2 1 2420 260.6300 121.6600 2 2157 204.3000 136.1900
-1.0497525258e+000 -4.7486788658e+000 7.7163019402e-001
67 52 45
2 1 2422 329.3400 113.5500 2 2189 272.5900 122.9800
-8.4258724858e-001 -4.8302152314e+000 6.3919693039e-001
82 67 55
2 1 2423 362.9800 97.5200 2 2193 304.5100 107.2000
1.5861912250e+000 -4.8272177261e+000 3.6209687843e-001
162 148 111
2 1 2426 780.4700 101.3200 2 2214 718.3700 91.2800
-5.3989362962e+000 -4.8136032820e+000 9.3787773815e-001
77 70 63
2 1 2428 -488.5900 91.5400 2 2495 -549.0700 144.1100
-3.6399017401e+000 -4.9337803687e+000 2.0352160820e+000
145 146 133
2 1 2434 -176.9200 82.6200 2 2177 -240.7900 99.3800
-3.3741012641e+000 -4.9237527276e+000 2.0047719279e+000
79 64 57
2 1 2437 -118.5400 85.2700 2 2178 -182.3400 99.4900
-3.3741012641e+000 -4.9237527276e+000 2.0047719279e+000
79 64 57
2 1 2438 -118.5400 85.2700 2 2179 -182.3400 99.4900
-3.2764060198e+000 -4.9277375649e+000 1.9418057722e+000
36 26 17
2 1 2439 -96.9400 84.1700 2 2519 -159.7400 98.2000
-1.5047583976e+000 -4.9286811328e+000 1.3008482285e+000
75 60 53
2 1 2442 259.3400 83.6400 2 2208 202.0100 88.0900
-1.3815805110e+000 -4.9117153334e+000 8.5017196621e-001
62 44 42
2 1 2443 270.7300 82.9400 2 2187 211.4600 94.7200
-1.3248531365e+000 -5.0036181619e+000 6.2977847981e-001
61 46 41
2 1 2445 275.0500 64.3800 2 2533 214.5200 79.3400
-4.5595729107e+000 -5.0623385098e+000 1.8870150338e+000
76 67 62
2 1 2453 -368.5900 50.9500 2 2200 -434.7100 81.3100
-4.2866509690e+000 -5.0715278217e+000 1.8995364509e+000
137 138 125
2 1 2455 -311.2600 49.9600 2 2528 -376.5200 76.7500
-3.8800523757e+000 -5.1658795116e+000 2.0688763467e+000
69 52 44
2 1 2456 -229.3900 31.5600 2 2219 -295.5900 50.5800
-3.7636131577e+000 -5.1005112629e+000 2.1089135128e+000
62 55 45
2 1 2457 -205.2200 46.3600 2 2204 -271.1200 63.2700
-3.7457718847e+000 -5.1548356809e+000 2.0766766544e+000
100 93 83
2 1 2458 -200.1000 34.3600 2 2220 -266.6400 51.7400
-3.4425716773e+000 -5.0416231832e+000 2.0673351536e+000
42 32 32
2 1 2460 -133.7800 59.9000 2 2206 -199.6700 73.9200
-3.1921982537e+000 -5.1005671535e+000 2.0435612477e+000
81 64 54
2 1 2461 -78.8700 47.7300 2 2222 -144.9000 59.1500
-2.8986416310e+000 -5.1447530191e+000 1.8796665428e+000
76 62 53
2 1 2462 -14.7400 38.4500 2 2223 -80.2400 49.4200
-1.2748346727e+000 -5.1850124633e+000 4.8849530453e-001
76 58 55
2 1 2465 279.5500 31.1500 2 1688 218.5300 47.6000
-6.2267367188e-001 -5.0994593443e+000 5.8775570732e-001
165 173 169
2 1 2467 401.4100 48.5900 2 2229 339.4000 57.0500
-4.2719054045e-001 -5.1097120225e+000 1.5097154671e+000
122 103 97
2 1 2468 487.9900 51.2500 2 1694 419.2300 41.6200
-2.8012348587e-001 -5.1878653247e+000 1.4854399655e+000
179 184 184
2 1 2470 515.5100 35.9500 2 2251 446.9800 24.8800
3.8455582015e-003 -5.1143430664e+000 1.3138588411e+000
93 75 53
2 1 2471 561.3700 50.6100 2 2233 492.7400 40.0600
-4.3233855396e+000 -5.2274460479e+000 1.9384221358e+000
121 118 110
2 1 2477 -319.5700 16.4700 2 2217 -387.4600 43.3800
-3.6503476546e+000 -5.2880994915e+000 2.2197403047e+000
37 25 19
2 1 2480 -181.5400 5.2900 2 2555 -251.5000 19.3900
-3.6503476546e+000 -5.2880994915e+000 2.2197403047e+000
37 25 19
2 1 2481 -181.5400 5.2900 2 2554 -251.5000 19.3900
-3.3071895512e+000 -5.2988627688e+000 2.0249298532e+000
72 58 49
2 1 2482 -102.9700 4.2800 2 2240 -170.9400 17.6300
-1.9167798172e+000 -5.2634780168e+000 5.2859286996e-001
68 53 48
2 1 2483 165.0500 15.3600 2 2224 103.5200 37.7400
-1.7814960142e+000 -5.2569946838e+000 4.2422225162e-001
60 46 43
2 1 2485 187.4000 16.7900 2 2225 126.0200 39.3600
-1.3815335266e+000 -5.2195389391e+000 4.2325089776e-001
40 25 22
2 1 2486 257.9399 24.7000 2 2226 198.1400 42.8800
-1.3308768567e+000 -5.3014361039e+000 6.8009991727e-001
46 31 30
2 1 2487 275.7400 10.0000 2 2244 212.2900 24.3700
-1.0129121969e+000 -5.2760796031e+000 6.1912878219e-001
57 43 40
2 1 2492 332.0601 15.4200 2 2246 268.2000 27.6200
-2.7811410569e-001 -5.2386058442e+000 1.5445669848e+000
110 102 100
2 1 2496 520.0000 25.7700 2 2252 449.9900 13.7100
-3.7734884581e+000 -5.3544400392e+000 2.1772786429e+000
67 51 45
2 1 2504 -208.0400 -9.6400 2 2239 -277.3700 6.5900
-3.7589809307e+000 -5.4105957956e+000 2.1357998264e+000
107 96 90
2 1 2505 -203.9000 -21.7500 2 2261 -272.7200 -5.0300
-3.5989383289e+000 -5.4256074666e+000 2.1206382094e+000
108 101 95
2 1 2507 -168.0400 -24.5300 2 2262 -237.4500 -9.2900
-3.1832941626e+000 -5.3897104463e+000 2.1192602784e+000
46 27 28
2 1 2508 -76.8900 -15.3300 2 2265 -146.1100 -5.0900
-6.5990671072e-001 -5.4475816942e+000 5.2694657183e-001
65 53 47
2 1 2511 392.6400 -14.6700 2 2248 326.5699 -4.2400
-6.0263658176e-001 -5.4173893318e+000 9.4918086835e-001
178 203 207
2 1 2513 422.1200 -9.8800 2 2268 355.4200 -7.3200
-6.1754154984e-001 -5.7350552550e+000 3.9507874026e-001
101 100 96
2 1 2532 394.6600 -65.2800 2 2281 326.3400 -52.6400
-6.2465043806e-001 -5.5681169999e+000 9.9483884277e-001
185 201 201
2 1 2533 420.6700 -38.8100 2 2280 351.3900 -36.2500
-5.8880100827e-001 -5.5728685087e+000 1.3264880150e+000
162 176 177
2 1 2535 445.5900 -41.8300 2 2284 372.5601 -45.0900
-5.8880100827e-001 -5.5728685087e+000 1.3264880150e+000
162 176 177
2 1 2536 445.5900 -41.8300 2 2283 372.5601 -45.0900
-5.3787379145e-001 -5.6068188027e+000 1.3178980118e+000
113 103 100
2 1 2537 455.1400 -48.3200 2 2286 381.7600 -51.9000
-3.1534445213e+000 -5.6867895141e+000 1.9820086968e+000
25 17 20
2 1 2545 -68.3900 -78.7300 2 2277 -139.4900 -65.5600
-7.4618897944e-001 -5.8114786777e+000 3.3078153934e-001
47 33 28
2 1 2547 369.0699 -78.5300 2 1783 300.9900 -63.6000
-7.7740594098e-001 -5.8402257535e+000 5.8837237048e-001
80 66 65
2 1 2548 375.2400 -86.6700 2 2291 303.2600 -74.5300
-7.7740594098e-001 -5.8402257535e+000 5.8837237048e-001
80 66 65
2 1 2549 375.2400 -86.6700 2 2292 303.2600 -74.5300
-6.2991560615e-001 -5.7330974295e+000 1.2028259952e+000
105 94 83
2 1 2551 431.1500 -72.4200 2 2295 357.0601 -72.4400
-5.3023933322e-001 -5.7826204040e+000 1.2841685506e+000
105 93 81
2 1 2552 455.3000 -82.7500 2 2296 379.2800 -84.9500
-4.3824619553e-001 -5.9366124560e+000 1.2755405929e+000
84 71 62
2 1 2563 473.3500 -112.7300 2 1821 394.5699 -114.8900
-2.7051332391e-001 -5.9766603728e+000 1.3475450133e+000
123 105 90
2 1 2564 510.9800 -121.3000 2 1823 430.0699 -126.2000
-4.8336810611e+000 -5.9623064080e+000 2.8177448679e+000
55 48 56
2 1 2566 -482.2100 -162.5500 2 1828 -559.1100 -142.9000
-1.9360033695e+000 -6.2289988793e+000 8.3548748377e-002
95 71 61
2 1 2571 157.0601 -151.3700 2 2309 85.3800 -119.7200
-3.6333403774e-001 -6.1363781423e+000 1.1481870830e+000
121 105 88
2 1 2576 480.5900 -149.2500 2 2330 400.5200 -149.0700
-3.1422041510e-001 -6.1317551556e+000 1.2205225956e+000
93 75 61
2 1 2578 494.7700 -149.6900 2 2332 413.1400 -151.0500
-1.8212059925e+000 -6.3608050667e+000 1.8827652645e-001
92 65 51
2 1 2590 178.4600 -175.6800 2 1842 105.9000 -146.1000
-6.5341958590e-001 -6.3108013928e+000 9.7528370582e-001
75 65 53
2 1 2596 416.2200 -179.9700 2 2343 336.2300 -172.9600
-5.4907699148e-001 -6.2018281542e+000 1.2269420860e+000
122 111 97
2 1 2599 450.1801 -164.3900 2 2326 367.0000 -162.6100
-3.7611745051e-001 -6.4377549052e+000 9.2616892494e-001
115 96 79
2 1 2607 466.0601 -201.9800 2 2354 384.1400 -196.2500
-5.2345697281e+000 -6.5544097581e+000 2.7268413515e+000
77 66 74
2 1 2635 -569.6300 -302.5900 2 2368 -646.3500 -272.2600
-5.2345697281e+000 -6.5544097581e+000 2.7268413515e+000
77 66 74
2 1 2636 -569.6300 -302.5900 2 2369 -646.3500 -272.2600
-2.9028901201e+000 -7.2531904065e+000 1.9288620796e+000
163 136 90
2 1 2663 -9.6000 -412.0500 2 1966 -97.3300 -388.7000
-2.9028901201e+000 -7.2531904065e+000 1.9288620796e+000
163 136 90
2 1 2664 -9.6000 -412.0500 2 1967 -97.3300 -388.7000
-2.8462010520e+000 -7.2936167704e+000 2.1310097039e+000
173 146 96
2 1 2667 2.2900 -432.1300 2 2393 -86.8700 -412.0900
-1.4082836852e+000 -9.2698910018e+000 -4.8401850204e+000
148 126 69
2 1 2668 166.9000 -438.8100 2 2390 90.2800 -359.3900
4.0915372090e-001 -8.5631841384e+000 -1.3415192873e+000
152 128 82
2 1 2672 490.3900 -473.0300 2 2397 393.1899 -429.6200
-3.5598361782e+000 -2.7653829578e+000 3.2098865927e-001
75 49 38
2 1 2695 -135.9000 453.5900 2 2412 -174.9500 504.1500
1.7649226158e+000 -2.7427604061e+000 1.5924736545e-001
157 144 91
2 1 2696 787.4100 459.9600 2 2419 761.6600 455.5900
1.8030531509e+000 -2.7555512983e+000 4.1576283066e-001
175 166 109
2 1 2697 816.0100 469.7900 2 2421 789.3800 460.9700
1.8030531509e+000 -2.7555512983e+000 4.1576283066e-001
175 166 109
2 1 2698 816.0100 469.7900 2 2422 789.3800 460.9700
-1.7967534283e+000 -2.8777650584e+000 -2.0941920941e-001
159 179 178
2 1 2703 167.3199 414.6700 2 2416 133.1000 452.0100
-1.7967534283e+000 -2.8777650584e+000 -2.0941920941e-001
159 179 178
2 1 2704 167.3199 414.6700 2 2417 133.1000 452.0100
-1.6725567191e+000 -2.8311759564e+000 -1.9381061232e-001
119 114 107
2 1 2705 188.2000 423.4500 2 2418 155.0100 459.5700
-1.8881873505e+000 -2.9225193895e+000 -1.0882219605e-001
93 82 84
2 1 2710 153.1100 411.2300 2 2415 119.3101 447.7600
-4.3080214979e+000 -3.4010362191e+000 1.2354714474e+000
46 35 41
2 1 2715 -295.5300 375.1100 2 2429 -346.0100 418.7100
1.5375759723e+000 -3.2761499564e+000 6.1262440901e-002
169 152 100
2 1 2716 743.2900 364.3100 2 2020 708.4900 361.4100
1.7064133598e+000 -3.4000515790e+000 5.2310408779e-001
154 137 85
2 1 2717 811.2800 359.7800 2 2444 773.0500 347.1200
-1.8079069422e+000 -3.5090812258e+000 2.1983579168e-001
106 99 91
2 1 2719 174.3800 322.6400 2 2439 133.3700 351.2400
-3.9007795758e+000 -3.8758378518e+000 1.3150405849e+000
126 120 108
2 1 2724 -216.1900 285.4800 2 2668 -269.0400 320.3100
-3.9748767700e+000 -3.9215334102e+000 1.2491804904e+000
71 62 53
2 1 2730 -228.5400 274.0000 2 2445 -282.5600 310.5500
-3.5792649664e+000 -3.9851303948e+000 1.3995790908e+000
50 41 31
2 1 2735 -153.3800 267.2500 2 2676 -206.9700 296.7100
-2.0787226374e+000 -3.6323643371e+000 -1.1097361084e+000
64 45 41
2 1 2738 110.9399 264.2100 2 2454 70.4500 310.0500
-4.5626801495e+000 -4.1275688706e+000 1.2775759013e+000
51 41 43
2 1 2741 -345.3000 232.6500 2 2462 -401.8200 274.2300
-1.9161456641e+000 -3.9759866597e+000 5.5944083952e-001
80 67 60
2 1 2745 162.6200 249.2200 2 2061 115.3900 272.4700
-4.6922432456e+000 -4.5199730848e+000 1.5483454893e+000
144 142 128
2 1 2753 -382.1100 159.6300 2 2468 -442.7900 197.4700
-3.9407526300e+000 -4.5420472717e+000 2.1208738655e+000
108 95 86
2 1 2755 -246.2200 168.6200 2 2701 -307.7900 188.2400
-3.9407526300e+000 -4.5420472717e+000 2.1208738655e+000
108 95 86
2 1 2756 -246.2200 168.6200 2 2700 -307.7900 188.2400
-3.6861038870e+000 -4.5544408137e+000 1.9712586380e+000
48 32 25
2 1 2757 -186.2100 163.5400 2 2486 -247.1800 182.7800
-3.5228832589e+000 -4.4484726238e+000 1.8844212005e+000
50 35 28
2 1 2758 -149.4300 184.8300 2 2470 -209.2000 204.0200
-5.0546999110e+000 -4.6552034776e+000 1.2991580335e+000
89 80 78
2 1 2760 -441.4300 127.2200 2 2478 -503.6400 172.3900
-4.8946254764e+000 -4.6775896791e+000 1.3940008416e+000
78 71 61
2 1 2762 -415.0800 124.6900 2 2480 -476.2300 166.4800
-4.3195438413e+000 -4.5840023777e+000 1.8462609009e+000
155 152 137
2 1 2766 -317.6700 152.9500 2 2481 -379.1400 181.7100
-4.0586549575e+000 -4.6888777177e+000 2.0070758199e+000
76 69 59
2 1 2767 -267.8600 134.1300 2 2485 -329.7900 156.7000
-5.2052613295e+000 -4.6784467233e+000 1.1534551088e+000
99 85 79
2 1 2768 -462.7800 120.2100 2 2477 -525.2200 168.9100
-4.4443092102e+000 -4.7430284380e+000 1.8766050809e+000
107 95 79
2 1 2769 -344.3700 119.1500 2 2148 -408.5500 148.8100
-4.3952352273e+000 -4.8435688593e+000 1.8733553650e+000
73 66 58
2 1 2770 -333.7800 97.9300 2 2497 -397.9300 126.7400
-4.2133374545e+000 -4.7533473003e+000 1.9676646120e+000
50 41 36
2 1 2772 -299.4600 119.1000 2 2719 -362.2400 144.1400
-4.2133374545e+000 -4.7533473003e+000 1.9676646120e+000
50 41 36
2 1 2773 -299.4600 119.1000 2 2720 -362.2400 144.1400
-4.0855782313e+000 -4.7618457471e+000 1.9702232240e+000
147 149 135
2 1 2776 -271.3000 117.5400 2 2724 -335.3300 141.3200
-3.5544605432e+000 -4.8377535187e+000 2.0373164900e+000
43 34 28
2 1 2778 -158.6000 103.7500 2 2516 -221.7200 119.5700
-3.4348520940e+000 -4.8917795824e+000 1.9799670347e+000
49 35 27
2 1 2780 -131.7800 91.8300 2 2518 -194.3600 107.0400
-1.4191096572e+003 1.1411305575e+002 -3.2494539114e+003
59 74 94
2 1 2783 -710.0400 60.4700 2 2457 -744.9700 252.8100
-4.6121802444e+000 -5.0142400458e+000 1.8327250451e+000
158 158 146
2 1 2784 -377.7800 60.7900 2 2508 -442.4200 92.4200
-4.4940683195e+000 -4.9940813653e+000 1.8502548377e+000
90 77 61
2 1 2785 -352.7100 65.3300 2 2509 -419.0200 95.7600
-4.0516875903e+000 -4.9041067997e+000 1.9903109630e+000
56 52 41
2 1 2786 -264.7200 87.3000 2 2510 -328.9700 109.9100
-4.1069036262e+000 -4.9733413764e+000 1.9755247867e+000
160 162 148
2 1 2787 -276.1300 72.1100 2 2511 -340.4400 95.4600
-4.1069036262e+000 -4.9733413764e+000 1.9755247867e+000
160 162 148
2 1 2788 -276.1300 72.1100 2 2512 -340.4400 95.4600
-3.7065690241e+000 -4.9480151431e+000 2.0455235199e+000
37 27 18
2 1 2789 -191.6800 79.4300 2 2515 -255.6700 96.7700
-3.1440142991e+000 -4.9691802562e+000 1.8895321605e+000
47 32 32
2 1 2790 -67.7900 75.2000 2 2207 -131.0300 88.6800
-1.2504399133e+000 -4.8755864066e+000 7.5863527951e-001
73 58 53
2 1 2792 292.0300 89.2700 2 2188 233.6600 101.0800
-9.8161229322e-001 -4.8717454775e+000 7.6775773269e-001
94 80 70
2 1 2793 342.4000 90.7500 2 2520 283.4500 99.7000
-2.2241825313e-001 -4.9736676080e+000 1.5659363922e+000
124 113 97
2 1 2795 533.1600 79.8500 2 2534 465.0601 66.7000
-4.5217446120e+000 -5.0767666590e+000 1.7878557411e+000
138 134 122
2 1 2799 -356.2400 47.5900 2 2527 -421.2500 78.9000
-3.9007613510e+000 -5.0404582720e+000 2.0284325374e+000
52 50 39
2 1 2800 -233.1900 58.6300 2 2529 -297.9000 78.5300
-3.9007613510e+000 -5.0404582720e+000 2.0284325374e+000
52 50 39
2 1 2801 -233.1900 58.6300 2 2530 -297.9000 78.5300
-3.1408191111e+000 -5.1155395716e+000 2.0025569617e+000
48 31 26
2 1 2802 -67.7000 44.5400 2 2542 -132.8700 55.9200
-1.3482557212e+000 -5.0909369380e+000 6.5508271374e-001
75 58 55
2 1 2806 271.0300 48.6200 2 2750 210.7900 63.1200
-1.3482557212e+000 -5.0909369380e+000 6.5508271374e-001
75 58 55
2 1 2807 271.0300 48.6200 2 2751 210.7900 63.1200
-4.2723430326e+000 -5.2431094415e+000 1.8459278568e+000
64 56 53
2 1 2809 -305.9900 13.4800 2 2755 -371.3000 40.7800
-3.4654749961e+000 -5.3291310598e+000 2.1320741672e+000
34 26 24
2 1 2810 -139.5500 -2.8800 2 2558 -207.5600 10.2300
-3.3177126692e+000 -5.2328784608e+000 2.0775185829e+000
45 30 24
2 1 2811 -106.2400 18.6200 2 2541 -173.7300 31.0100
-3.1708694120e+000 -5.2668255299e+000 2.0417193240e+000
44 29 23
2 1 2812 -73.7200 11.6600 2 2559 -141.4100 23.0200
-3.1708694120e+000 -5.2668255299e+000 2.0417193240e+000
44 29 23
2 1 2813 -73.7200 11.6600 2 2560 -141.4100 23.0200
-3.1098067601e+000 -5.2982395917e+000 1.9539546771e+000
75 57 47
2 1 2814 -59.8100 5.1200 2 2562 -127.1200 17.3600
-3.1098067601e+000 -5.2982395917e+000 1.9539546771e+000
75 57 47
2 1 2815 -59.8100 5.1200 2 2561 -127.1200 17.3600
-3.0383955686e+000 -5.3340809184e+000 1.9329573490e+000
40 25 20
2 1 2816 -44.6100 -2.2400 2 2767 -111.5000 9.4300
-2.8766155972e+000 -5.3273635450e+000 1.8881073618e+000
42 23 17
2 1 2817 -9.7200 -0.2900 2 2564 -76.8500 10.4200
-1.3861763088e+000 -5.2362386315e+000 8.0236346504e-001
73 55 51
2 1 2818 269.6700 21.8800 2 2227 205.5400 35.0700
-1.1734761703e+000 -5.2863648520e+000 7.0481127236e-001
55 37 34
2 1 2819 305.6899 13.1500 2 2245 241.6600 25.6300
-5.8749917361e-001 -5.2916530385e+000 8.2062396379e-001
187 204 203
2 1 2821 418.7400 13.8800 2 2567 353.7800 18.3100
-6.1859316152e+003 -2.4978749054e+002 -1.2313063452e+004
92 111 137
2 1 2824 -816.7400 -33.0100 2 2476 -854.0000 163.5300
2.4069723121e+003 9.1865235354e+001 4.9727720790e+003
80 93 109
2 1 2825 -790.3900 -32.3400 2 2705 -828.0200 163.4200
-3.8416659476e+000 -5.3316627348e+000 2.1258019048e+000
140 149 129
2 1 2830 -222.1100 -4.6100 2 2553 -290.0900 13.1200
-3.8416659476e+000 -5.3316627348e+000 2.1258019048e+000
140 149 129
2 1 2831 -222.1100 -4.6100 2 2552 -290.0900 13.1200
-3.6892649492e+000 -5.4247904011e+000 2.1277990976e+000
33 23 21
2 1 2832 -188.6000 -24.5500 2 2771 -256.9400 -8.6300
-3.5154545133e+000 -5.4508438342e+000 2.1854480563e+000
43 30 24
2 1 2834 -151.3100 -30.0800 2 2575 -220.5900 -17.1600
-3.2303538063e+000 -5.4672044791e+000 2.1241620129e+000
43 25 23
2 1 2835 -86.7500 -32.5800 2 2576 -157.3200 -21.5500
-1.6554206640e+000 -5.4485197443e+000 6.2526997629e-001
64 49 42
2 1 2836 214.6300 -17.6200 2 2565 151.1100 0.8600
-5.9809015969e-001 -5.5169958325e+000 4.5967201508e-001
115 118 111
2 1 2837 400.9399 -26.7700 2 2578 334.1700 -15.7300
-4.4463724973e+000 -5.5794238521e+000 2.4969363848e+000
53 40 45
2 1 2839 -373.3600 -64.6200 2 2584 -444.0800 -46.0200
-3.9535868564e+000 -5.4876680355e+000 2.1236774631e+000
96 87 80
2 1 2840 -246.0900 -39.2400 2 2571 -315.4400 -19.8300
-3.7596052571e+000 -5.5000929349e+000 2.1221905552e+000
101 95 89
2 1 2844 -204.1300 -41.1800 2 2574 -272.1600 -24.3800
-3.7596052571e+000 -5.5000929349e+000 2.1221905552e+000
101 95 89
2 1 2845 -204.1300 -41.1800 2 2573 -272.1600 -24.3800
-3.6273491042e+000 -5.5670875297e+000 2.2307303205e+000
66 49 41
2 1 2846 -176.6900 -56.6200 2 2585 -247.4500 -42.8400
-6.4660076340e-001 -5.6062037205e+000 5.6994024140e-001
73 63 61
2 1 2847 397.3900 -43.5800 2 2579 328.7800 -33.4300
9.9154477295e+002 1.0085094828e+002 2.1906418083e+003
66 86 110
2 1 2852 -742.7500 -78.8700 2 2506 -778.9200 113.8100
-3.2155357492e+000 -5.6713313915e+000 1.9921619850e+000
70 52 42
2 1 2855 -82.3200 -75.6200 2 2276 -152.4500 -62.1700
-6.7639646698e-001 -5.7282039709e+000 1.0860972725e+000
167 176 182
2 1 2856 416.0100 -70.4100 2 2590 343.3400 -68.0600
-6.4624460906e-001 -5.8273442064e+000 1.2146413163e+000
145 145 135
2 1 2859 429.2500 -91.1200 2 2591 352.8600 -90.4900
-4.2904740654e+000 -5.7640129545e+000 2.6038139926e+000
75 66 71
2 1 2861 -340.0400 -108.9800 2 2588 -416.2800 -92.8600
-4.2486300230e-001 -6.0148702035e+000 1.2272600276e+000
123 111 99
2 1 2864 473.2500 -127.2600 2 2310 393.8900 -128.3400
-4.2486300230e-001 -6.0148702035e+000 1.2272600276e+000
123 111 99
2 1 2865 473.2500 -127.2600 2 2311 393.8900 -128.3400
-1.5747009607e-001 -5.9647282738e+000 1.2970518250e+000
91 72 58
2 1 2866 529.6000 -117.6900 2 2599 449.7400 -123.1800
-5.4185500556e+000 -5.9572458028e+000 2.5658606027e+000
62 47 54
2 1 2867 -601.9200 -156.8200 2 2593 -674.9500 -125.7000
-5.3938615298e+000 -5.9910015138e+000 2.4706919875e+000
105 91 104
2 1 2868 -588.1600 -162.2500 2 2595 -660.7500 -129.7400
-5.3938615298e+000 -5.9910015138e+000 2.4706919875e+000
105 91 104
2 1 2869 -588.1600 -162.2500 2 2594 -660.7500 -129.7400
-1.9457512963e+000 -6.2571912835e+000 5.0755965358e-001
96 73 57
2 1 2874 161.7800 -163.8400 2 2602 89.6801 -137.8900
-2.9519109672e+000 -6.1736213213e+000 2.0600237321e+000
41 24 17
2 1 2877 -22.3200 -185.2800 2 2802 -102.1900 -172.6500
-7.6697071034e-001 -6.4533818726e+000 6.0233851749e-001
48 34 31
2 1 2882 378.7800 -198.3500 2 2608 299.3600 -183.5400
1.2834345909e+000 -6.6981157074e+000 2.0425318911e-001
118 100 62
2 1 2884 718.8700 -226.4200 2 2611 628.7500 -222.7000
1.1426304710e+002 3.0909858954e+001 2.2204933398e+002
30 32 44
2 1 2894 -889.1000 -277.4400 2 2784 -929.4300 -72.7600
-5.2939725981e+000 -6.6080391535e+000 2.6681154482e+000
42 26 36
2 1 2899 -578.1300 -312.8500 2 2615 -655.4600 -280.1700
-1.4697219871e+000 -7.2051674694e+000 -5.0394875128e-001
175 159 101
2 1 2905 224.6700 -298.7200 2 2614 146.2600 -259.5800
1.4013169963e+000 -7.3906270175e+000 4.8983210933e-001
154 133 83
2 1 2911 762.4500 -356.9000 2 2627 658.5900 -352.5700
-1.2867195390e+000 -9.6704273673e+000 -5.0871832842e+000
158 133 79
2 1 2916 177.6899 -475.3400 2 2635 99.8800 -393.5700
4.5089761897e-001 -8.5876818350e+000 -1.1945578039e+000
152 128 84
2 1 2918 502.9301 -483.0400 2 2637 404.9200 -441.1300
1.8714900824e+000 -3.1004602589e+000 8.5446203786e-001
184 169 111
2 1 2937 869.7700 428.2500 2 2435 837.1600 408.9800
2.0080783142e+000 -3.1250199667e+000 6.9881717824e-001
145 125 79
2 1 2938 878.9100 416.7600 2 2659 846.6100 398.6700
-1.9069085644e+000 -3.1107872739e+000 -4.5034596854e-002
55 46 39
2 1 2941 151.8500 381.6500 2 2654 115.0500 416.7300
-2.7793341870e+000 -3.1531795168e+000 -1.5057889096e-001
99 76 62
2 1 2945 4.0700 368.2300 2 2653 -36.8500 413.5400
1.2723479724e+000 -3.2597536908e+000 -3.4160141854e-001
159 143 94
2 1 2947 670.7200 352.3900 2 2662 635.5300 358.6300
1.2723479724e+000 -3.2597536908e+000 -3.4160141854e-001
159 143 94
2 1 2948 670.7200 352.3900 2 2663 635.5300 358.6300
-2.7018436821e+000 -3.5081246437e+000 -3.3453540767e-001
168 143 113
2 1 2959 16.4600 303.2500 2 2670 -24.9700 347.3600
-4.1713922185e+000 -3.9268332051e+000 1.3140495639e+000
56 42 39
2 1 2963 -270.7800 274.8000 2 2673 -322.8100 311.9700
-3.7395158139e+000 -3.9756907350e+000 1.4120977983e+000
73 56 48
2 1 2965 -186.9400 269.3400 2 2675 -238.7500 299.9800
-2.2866327284e+000 -3.6984241781e+000 -1.3477601983e+000
99 81 83
2 1 2970 77.4200 248.3200 2 2862 36.4000 298.0600
-1.8109466890e+000 -3.9887081070e+000 5.8328418690e-001
96 86 71
2 1 2971 182.6801 247.7100 2 2688 134.5100 269.6800
-1.6465786397e-001 -3.9867242790e+000 -1.1935699677e-001
155 161 157
2 1 2972 446.8400 234.7600 2 2697 401.2700 249.8800
-3.8522745127e+000 -4.3419060210e+000 1.9665285847e+000
71 57 46
2 1 2974 -222.7600 208.7900 2 2696 -281.8200 230.7100
-4.0230861831e+000 -4.5195940494e+000 2.0460062391e+000
58 48 39
2 1 2978 -261.7300 171.6700 2 2699 -323.0300 193.7100
-3.8483663199e+000 -4.5231948602e+000 1.9859528405e+000
46 37 28
2 1 2979 -222.0000 170.1600 2 2702 -282.5100 191.0600
4.0529316890e+002 -6.6805310435e+001 7.5999409216e+002
45 62 82
2 1 2981 -885.8100 131.1000 2 2667 -922.4300 336.8600
-4.0094028419e+000 -4.6152245095e+000 1.9027599897e+000
119 113 101
2 1 2982 -253.6800 148.2700 2 2710 -314.9600 172.3100
-4.0094028419e+000 -4.6152245095e+000 1.9027599897e+000
119 113 101
2 1 2983 -253.6800 148.2700 2 2709 -314.9600 172.3100
-3.6997407531e+000 -4.6912672172e+000 1.9219492366e+000
40 29 25
2 1 2984 -187.8900 133.2900 2 2725 -249.1200 153.0700
-3.1818442217e+000 -4.5749649666e+000 1.7194888948e+000
81 59 41
2 1 2985 -75.2100 155.8500 2 2711 -134.1500 173.3200
-3.2357408933e+000 -4.6985381318e+000 1.8761879648e+000
48 36 33
2 1 2986 -87.7500 132.3400 2 2727 -148.7700 147.5000
-1.3841570764e+002 1.8389761712e+001 -3.1349346541e+002
96 109 131
2 1 2987 -687.2700 120.3600 2 2672 -720.6800 310.1700
-4.9977356919e+000 -4.7561457673e+000 1.3870944498e+000
148 144 134
2 1 2988 -434.6000 108.4700 2 2717 -497.3800 151.5600
-9.6637402811e+001 7.1429272630e+000 -2.3056683275e+002
72 64 111
2 1 2990 -639.0700 85.8500 2 2685 -673.8300 271.2000
-5.2108046096e+000 -4.8365882343e+000 1.2246242478e+000
159 155 146
2 1 2991 -468.2600 90.3100 2 2716 -529.9900 137.4300
-4.5741188376e+000 -4.9040180235e+000 1.7715038343e+000
55 44 44
2 1 2992 -366.8700 83.5800 2 2731 -431.0700 115.9700
-4.5741188376e+000 -4.9040180235e+000 1.7715038343e+000
55 44 44
2 1 2993 -366.8700 83.5800 2 2732 -431.0700 115.9700
-4.4503668368e+000 -4.9049111539e+000 1.8794659545e+000
164 166 153
2 1 2994 -345.4800 84.7500 2 2733 -410.3800 114.0800
-4.2261849436e+000 -4.9854413079e+000 1.9114940079e+000
40 35 29
2 1 2995 -299.1200 68.6100 2 2734 -363.6900 94.5200
-4.2261849436e+000 -4.9854413079e+000 1.9114940079e+000
40 35 29
2 1 2996 -299.1200 68.6100 2 2735 -363.6900 94.5200
-3.8140384150e+000 -5.0381335173e+000 2.0472995294e+000
145 145 133
2 1 2998 -215.0700 59.5600 2 2746 -279.4600 78.0100
-3.5610266370e+000 -4.9771899036e+000 2.1305268471e+000
61 51 42
2 1 2999 -161.1900 74.1300 2 2748 -226.8300 88.4100
-3.1228569302e+000 -4.9211755969e+000 1.9636081539e+000
42 33 28
2 1 3000 -63.5200 86.1100 2 2879 -127.6200 98.2500
-2.7364488529e+003 1.7895717996e+002 -5.0849202360e+003
88 101 125
2 1 3001 -873.4900 56.9200 2 2682 -910.7500 258.3900
-5.2661023722e+002 3.0390043894e+001 -1.1661268120e+003
68 85 101
2 1 3002 -727.8600 49.8600 2 2690 -762.7200 242.4700
-1.6509996249e+002 2.8304948783e+000 -3.6086987816e+002
40 53 69
2 1 3003 -714.7700 36.0600 2 2691 -751.8100 226.1100
-4.4016719220e+000 -5.0879262833e+000 1.8866686641e+000
39 34 28
2 1 3007 -335.1400 46.0400 2 2743 -400.6800 74.4100
-3.9519130519e+000 -5.1208273068e+000 2.0490618251e+000
138 135 128
2 1 3009 -244.1400 40.9900 2 2745 -310.7700 61.4100
-3.9519130519e+000 -5.1208273068e+000 2.0490618251e+000
138 135 128
2 1 3010 -244.1400 40.9900 2 2744 -310.7700 61.4100
-3.6231425479e+000 -5.1588801700e+000 2.0995774735e+000
43 32 30
2 1 3012 -173.9700 33.9600 2 2757 -240.3400 49.3900
-3.3258557737e+000 -5.0917594064e+000 2.0564550411e+000
47 34 26
2 1 3013 -108.5500 49.3900 2 2749 -173.7600 61.9600
-3.7976015842e+000 -5.2446110617e+000 2.0457445269e+000
49 40 33
2 1 3019 -210.5900 14.6500 2 2756 -277.1300 33.1100
2.2734819709e+004 8.7076186222e+002 5.0020223512e+004
39 53 61
2 1 3022 -740.8100 -28.2200 2 2706 -777.9100 164.6000
-3.3452301295e+000 -5.3806076734e+000 2.1117263523e+000
34 22 15
2 1 3025 -112.4300 -13.8000 2 2765 -181.2800 -1.5500
-3.3452301295e+000 -5.3806076734e+000 2.1117263523e+000
34 22 15
2 1 3026 -112.4300 -13.8000 2 2766 -181.2800 -1.5500
-3.2650354802e+000 -5.4045305624e+000 2.1365329695e+000
73 63 54
2 1 3027 -94.6000 -19.0000 2 2773 -164.8200 -7.8800
-3.2650354802e+000 -5.4045305624e+000 2.1365329695e+000
73 63 54
2 1 3028 -94.6000 -19.0000 2 2774 -164.8200 -7.8800
1.0664554488e+003 7.5676986211e+001 2.1666448876e+003
66 77 95
2 1 3031 -806.1300 -61.8100 2 2713 -844.3100 134.8200
1.4099926695e+003 7.7470548152e+001 3.2558898476e+003
61 75 94
2 1 3032 -709.2500 -40.8200 2 2714 -746.0600 150.5800
1.4099926695e+003 7.7470548152e+001 3.2558898476e+003
61 75 94
2 1 3033 -709.2500 -40.8200 2 2715 -746.0600 150.5800
3.2631637864e+002 3.3478332645e+001 6.6276824894e+002
85 98 117
2 1 3036 -818.1000 -97.4100 2 2728 -857.4600 100.7500
-4.9781317821e-001 -5.8561224257e+000 1.2757121029e+000
143 137 125
2 1 3040 462.2400 -97.2400 2 2592 383.3400 -98.7800
-5.4703373563e+000 -5.8335539923e+000 2.5184481125e+000
48 32 45
2 1 3041 -609.6300 -127.3500 2 2785 -683.3200 -95.0300
-5.4703373563e+000 -5.8335539923e+000 2.5184481125e+000
48 32 45
2 1 3042 -609.6300 -127.3500 2 2786 -683.3200 -95.0300
-3.3158342314e+000 -5.8505676826e+000 2.3979544936e+000
68 54 35
2 1 3044 -107.4500 -122.1000 2 2914 -185.0600 -113.4400
-4.0985765358e-001 -6.1627598872e+000 1.2292811079e+000
122 106 90
2 1 3050 476.5601 -156.1800 2 2798 395.0601 -156.5900
2.1437623557e+002 5.4836343221e+001 4.5322738043e+002
82 94 120
2 1 3052 -793.0600 -220.5600 2 2768 -832.8600 -23.4200
-2.9396708339e+000 -6.3163589114e+000 2.2548298499e+000
132 127 89
2 1 3054 -20.6800 -222.1300 2 2925 -101.5400 -212.6400
-1.2937512780e+000 -6.9355296329e+000 -7.0042892901e-001
174 151 103
2 1 3063 247.5300 -249.5300 2 2808 172.7100 -211.6000
-1.2937512780e+000 -6.9355296329e+000 -7.0042892901e-001
174 151 103
2 1 3064 247.5300 -249.5300 2 2809 172.7100 -211.6000
-4.5182520344e+000 -6.6403547951e+000 2.9404652490e+000
33 22 28
2 1 3067 -411.4300 -331.5500 2 2819 -492.4600 -313.0200
5.1062087516e+001 1.8685038539e+001 1.1277517005e+002
69 59 83
2 1 3068 -840.8600 -376.7400 2 2920 -880.8900 -168.0000
1.2317316030e+000 -7.6563999972e+000 1.4843609736e-001
133 116 72
2 1 3073 706.4500 -390.0400 2 2820 603.5800 -377.0900
1.2670362845e+000 -8.2278535813e+000 4.1462794742e-001
160 141 96
2 1 3078 733.3600 -501.9100 2 2827 617.9900 -486.0699
-5.0167373397e+000 -3.3702398679e+000 1.4978508490e+000
32 19 29
2 1 3088 -448.3700 390.9500 2 2847 -504.0100 439.9400
-9.8442549697e-001 -3.3224700171e+000 -5.8343342753e-002
90 70 53
2 1 3097 308.9100 347.2800 2 2856 271.4700 371.9500
-6.5801148119e+002 2.0632466527e+002 -1.2572060508e+003
89 86 109
2 1 3106 -844.8400 269.8400 2 2837 -879.6600 476.2300
-1.2068085673e+003 4.3958888030e+002 -2.6222066520e+003
104 46 87
2 1 3107 -750.5200 275.1400 2 2839 -780.9500 477.1300
-3.9689463484e+003 1.1653552374e+003 -7.6980553034e+003
26 28 41
2 1 3112 -841.1400 244.9800 2 2838 -874.6800 451.6100
-3.4467281683e+000 -4.1717583116e+000 1.4950278372e+000
76 55 38
2 1 3115 -128.4900 232.9500 2 2865 -182.3000 258.2300
-8.3588466067e+002 1.5102786860e+002 -1.5445177463e+003
47 53 69
2 1 3126 -873.9200 161.5200 2 2854 -910.2600 365.3400
-3.4215909699e+002 7.8811928627e+001 -7.5626406369e+002
80 65 68
2 1 3127 -725.8800 179.2600 2 2855 -758.4700 375.0500
-1.2335136813e+003 1.9585297513e+002 -2.3229514827e+003
103 122 147
2 1 3134 -860.3800 138.4400 2 2858 -896.5400 341.1700
1.5432918611e+000 -4.6240535336e+000 3.6571301046e-001
161 144 93
2 1 3135 773.2000 137.1600 2 2876 713.8400 127.4600
-7.9553430616e+002 8.4758896399e+001 -1.4698462072e+003
114 141 168
2 1 3137 -872.8100 97.1100 2 2860 -909.8300 298.8500
2.5562983523e+003 -4.4287079743e+002 5.9228279455e+003
77 101 127
2 1 3138 -708.2000 121.2400 2 2861 -741.5900 315.8800
-3.8500229140e+000 -4.8130361594e+000 1.9679907835e+000
53 44 37
2 1 3140 -220.5600 107.2500 2 2875 -284.1600 128.0500
-4.8465098336e+000 -4.9653274869e+000 1.6457288254e+000
114 109 103
2 1 3143 -417.5300 69.0400 2 2878 -481.1300 106.1900
-2.8310574640e+000 -4.9461529308e+000 1.6756275278e+000
47 32 31
2 1 3144 -0.5300 78.9900 2 2973 -63.8100 92.9800
-2.8310574640e+000 -4.9461529308e+000 1.6756275278e+000
47 32 31
2 1 3145 -0.5300 78.9900 2 2974 -63.8100 92.9800
-1.2373975286e+000 -4.9896700021e+000 7.3489830812e-001
86 72 63
2 1 3146 294.0100 67.9500 2 2885 234.1000 80.1100
1.0677804327e+003 -6.8979708318e+001 2.3415548096e+003
23 38 45
2 1 3147 -749.1600 44.4500 2 2866 -785.1200 239.8700
-2.9883056269e+000 -5.1442752731e+000 1.8626333888e+000
36 23 17
2 1 3151 -33.5700 38.1800 2 2889 -99.3000 50.5900
-2.9883056269e+000 -5.1442752731e+000 1.8626333888e+000
36 23 17
2 1 3152 -33.5700 38.1800 2 2888 -99.3000 50.5900
-1.2170550187e+000 -5.1226453533e+000 6.2860470992e-001
46 32 31
2 1 3153 294.5100 43.0000 2 2890 233.3500 56.7400
4.7674801403e-001 -5.1603969826e+000 1.3065038909e+000
127 111 94
2 1 3156 653.4800 42.9000 2 2902 583.6600 27.2300
3.0617025624e+002 -7.5970301211e+000 5.9330524283e+002
122 151 185
2 1 3157 -860.1200 4.7300 2 2868 -899.4100 206.8400
-1.6730083047e+000 -5.3498125899e+000 4.5159913641e-001
32 20 20
2 1 3159 207.4100 0.5000 2 2982 145.1899 21.6400
-8.9606609667e-001 -5.3292960386e+000 5.0969079242e-001
101 100 95
2 1 3160 349.5300 5.9900 2 2900 284.6300 18.9900
1.6008348757e+000 -5.3735446993e+000 6.4241783836e-001
138 120 84
2 1 3161 808.6899 4.4100 2 2905 735.2700 -9.2800
-1.4519495772e+002 -6.2160866402e+000 -3.4864393545e+002
75 59 103
2 1 3162 -648.4600 -2.9000 2 2965 -685.2200 182.7200
-3.9650001960e+000 -5.3329252866e+000 2.0566372092e+000
26 17 18
2 1 3163 -246.6500 -5.1900 2 2899 -314.8600 15.3700
-3.3541515721e+003 -2.7499887848e+002 -7.8832429667e+003
96 113 152
2 1 3165 -692.1400 -54.5100 2 2874 -728.6000 134.8900
-3.3678244711e+000 -5.5405721516e+000 2.0701617038e+000
35 24 22
2 1 3167 -117.2000 -48.4000 2 2909 -185.4600 -35.2100
-6.8504769762e-001 -5.8962804457e+000 6.1577359882e-001
55 44 41
2 1 3171 392.6400 -96.7800 2 2912 320.9200 -86.1100
-2.5957638756e+002 -4.8881607834e+001 -5.7686214197e+002
92 113 142
2 1 3172 -711.9700 -120.4600 2 2883 -750.7700 68.3400
2.9535765217e+002 4.6836914499e+001 6.4878825057e+002
105 128 159
2 1 3175 -758.0200 -132.6300 2 2887 -796.3000 62.0000
1.7859179965e+002 3.4140905197e+001 3.6642443416e+002
59 80 102
2 1 3177 -823.5400 -180.3700 2 2894 -863.6700 19.0200
1.9382754064e+002 4.4369295553e+001 4.3745320524e+002
50 62 77
2 1 3178 -745.7400 -188.5200 2 2896 -784.7900 6.2500
-7.3054175298e-001 -6.2257993894e+000 1.0282329391e+000
110 105 99
2 1 3180 404.1100 -165.1800 2 2918 324.8000 -158.6700
4.0808156294e+002 1.2548054285e+002 8.9124622224e+002
84 85 110
2 1 3185 -755.2500 -240.9200 2 2776 -794.9000 -46.8900
1.8786458547e+000 -6.6804974242e+000 1.1885348660e+000
161 147 110
2 1 3186 913.9301 -247.8000 2 2932 811.9301 -266.3500
8.6884398235e-001 -7.7190134605e+000 -4.9829338139e-001
115 93 69
2 1 3195 604.5699 -376.1300 2 2934 506.9399 -351.3300
5.2320075588e+001 2.5645893778e+001 1.2235118908e+002
65 46 76
2 1 3199 -785.8100 -444.1900 2 3001 -828.2000 -237.2600
-2.1689118536e+003 6.2885047224e+002 -4.0562184015e+003
28 28 38
2 1 3227 -869.3300 250.7900 2 2943 -904.7700 459.3600
-1.6728129962e+002 4.4971138016e+001 -3.5242354980e+002
132 115 147
2 1 3230 -744.5300 226.1500 2 3025 -777.0400 423.0300
3.4579288850e+002 -9.4082691311e+001 6.7982587376e+002
137 138 134
2 1 3231 -849.3900 213.7900 2 2944 -883.7200 420.6000
-2.7551160362e+000 -4.4351182876e+000 2.0922954461e-001
51 33 31
2 1 3233 11.8800 157.6400 2 3038 -42.0600 193.4600
-1.6871411004e+000 -4.4831703323e+000 7.2010084064e-001
84 71 65
2 1 3234 209.2000 160.3100 2 2967 155.8000 177.5500
-3.6171380385e+003 6.3276221071e+002 -7.0682378558e+003
44 50 64
2 1 3237 -833.6200 145.2000 2 2952 -868.8600 347.2600
1.4656976950e+003 -2.3013114879e+002 3.1919151528e+003
102 124 148
2 1 3240 -754.2600 114.9300 2 2955 -788.7300 312.2700
1.4656976950e+003 -2.3013114879e+002 3.1919151528e+003
102 124 148
2 1 3241 -754.2600 114.9300 2 2956 -788.7300 312.2700
-2.9080569781e+002 3.4705591043e+001 -6.3702451838e+002
30 45 48
2 1 3242 -728.2300 101.0600 2 2957 -762.8000 294.3800
-2.9100810611e+000 -4.7681402835e+000 1.6959396276e+000
40 26 23
2 1 3243 -18.5500 116.1800 2 3043 -77.9000 130.2800
1.5919106256e+000 -4.7277009083e+000 5.0516858962e-001
164 152 119
2 1 3246 793.9800 120.5000 2 2882 731.7800 108.0500
-4.7245246464e+000 -4.8831670909e+000 1.6990265893e+000
144 144 135
2 1 3250 -394.2500 86.6700 2 2972 -459.3900 122.2000
-4.2243740228e+000 -5.1063526021e+000 1.9303306855e+000
126 122 111
2 1 3252 -299.3400 42.9100 2 2976 -364.3800 68.3200
-6.3224977145e-001 -5.2021049032e+000 2.4925285805e-001
63 45 46
2 1 3253 384.5601 29.3500 2 2891 324.1300 42.8500
-6.2248490632e-001 -5.2651762920e+000 8.4860799341e-001
184 202 204
2 1 3255 412.8800 18.9000 2 2983 349.4301 22.8300
4.3146124498e-001 -5.2436884554e+000 1.1264967824e+000
58 38 29
2 1 3256 630.1100 26.2000 2 2901 562.0300 14.2500
-8.3836923354e+003 -2.8210153488e+002 -1.6123207754e+004
63 80 98
2 1 3257 -843.9000 -29.3400 2 3039 -883.7600 169.3600
1.8457356083e+003 1.3221957197e+002 4.1259311760e+003
119 145 174
2 1 3258 -731.5000 -53.9600 2 2969 -768.5900 138.3000
1.8457356083e+003 1.3221957197e+002 4.1259311760e+003
119 145 174
2 1 3259 -731.5000 -53.9600 2 2968 -768.5900 138.3000
-3.1476168506e+000 -5.5436807465e+000 2.0423869295e+000
66 48 35
2 1 3260 -68.0200 -48.3700 2 2992 -138.1700 -36.7900
-2.1812169182e+002 -3.2606142872e+001 -4.5590044134e+002
96 122 150
2 1 3261 -752.7500 -95.4300 2 3045 -790.6100 94.9400
-3.5585482124e+000 -5.6248534871e+000 2.2502316234e+000
39 25 26
2 1 3265 -161.3400 -69.5400 2 2991 -233.3100 -56.6400
4.6646099503e+002 9.0241538360e+001 9.6208042299e+002
109 133 156
2 1 3271 -799.4300 -163.5300 2 2978 -838.4700 32.5400
-4.9327823594e+000 -5.9097340577e+000 2.7231835400e+000
23 12 20
2 1 3274 -499.1300 -147.9900 2 2996 -575.6000 -125.4700
-5.2606261020e+000 -6.0674355080e+000 2.5276498481e+000
34 21 28
2 1 3276 -561.7900 -180.9600 2 2998 -635.1400 -150.6300
1.4016321068e+002 3.8862315179e+001 3.0681480596e+002
129 144 178
2 1 3281 -779.3500 -241.4000 2 2987 -818.3600 -43.8400
-1.5673125478e+000 -7.0432234521e+000 -2.8408313909e-001
98 71 57
2 1 3287 213.4200 -279.1200 2 3004 135.3800 -242.4000
-1.5673125478e+000 -7.0432234521e+000 -2.8408313909e-001
98 71 57
2 1 3288 213.4200 -279.1200 2 3003 135.3800 -242.4000
-2.7829046621e+000 -7.2090941359e+000 2.1473089479e+000
77 49 38
2 1 3291 15.8300 -414.3100 2 3016 -72.6600 -396.3200
-8.6480190891e-001 -8.9162051482e+000 -4.1742170629e+000
151 125 88
2 1 3293 238.3300 -417.6300 2 3006 161.0800 -346.5200
-8.6480190891e-001 -8.9162051482e+000 -4.1742170629e+000
151 125 88
2 1 3294 238.3300 -417.6300 2 3007 161.0800 -346.5200
-1.4263905227e+002 2.9119222509e+001 -3.1844979334e+002
57 49 55
2 1 3310 -698.5600 171.6700 2 3028 -731.2000 363.7700
-5.2342287220e+000 -4.3311971960e+000 1.0153145295e+000
59 40 46
2 1 3312 -462.2000 184.8900 2 3035 -521.6700 236.4900
-3.4721197310e+000 -4.5711454592e+000 1.9164436287e+000
55 40 35
2 1 3313 -139.6000 159.6300 2 3040 -199.0100 176.9400
-3.3694493174e+000 -4.4346819922e+000 1.7921091655e+000
78 58 49
2 1 3315 -115.4000 186.1100 2 3037 -174.3700 205.1000
-1.9242306206e-001 -4.5500064776e+000 1.0333989690e-001
54 40 34
2 1 3316 454.2900 142.5100 2 3044 399.8300 154.1800
-3.3464912229e+002 9.7961211919e-001 -6.5354144308e+002
120 152 179
2 1 3322 -815.2500 14.4800 2 3036 -852.4700 210.4000
-4.8682576362e-001 -5.2140216063e+000 1.0375783491e+000
106 92 83
2 1 3323 449.0699 28.9900 2 3050 382.8000 28.7600
1.2521767665e+002 -3.0040062862e-001 2.4225080325e+002
129 144 170
2 1 3325 -893.2500 -36.7100 2 2963 -931.4400 168.8700
-1.8974524453e+000 -6.0458985552e+000 5.5901529100e-001
86 64 50
2 1 3330 171.5800 -126.5700 2 3057 100.1400 -102.3900
-1.8974524453e+000 -6.0458985552e+000 5.5901529100e-001
86 64 50
2 1 3331 171.5800 -126.5700 2 3058 100.1400 -102.3900
-1.3154074308e+000 -6.3621167207e+000 3.3987773812e-001
73 56 48
2 1 3335 270.7000 -177.6500 2 3060 196.1801 -154.7100
7.5935860431e+001 1.6755570852e+001 1.5055556345e+002
93 85 100
2 1 3339 -902.1700 -254.7600 2 3051 -940.7000 -47.2900
1.5573202969e+002 4.9646632944e+001 3.2023775450e+002
132 141 174
2 1 3341 -824.4300 -287.6100 2 3053 -865.3100 -87.4200
-3.0278158896e+000 -7.2329257580e+000 2.1261994032e+000
54 31 23
2 1 3345 -36.8400 -419.3400 2 3071 -126.0600 -397.5700
-1.5335831231e+000 -2.9205906433e+000 -2.1180099797e-001
111 98 90
2 1 3353 211.2500 408.0400 2 3078 177.5500 442.3700
-1.1077971925e+000 -3.2677698049e+000 -8.1477076500e-002
78 63 45
2 1 3354 286.9500 355.5100 2 3080 250.3600 381.9100
-1.7638944759e+002 3.5959146351e+001 -3.6160431342e+002
40 32 42
2 1 3355 -765.3200 180.6800 2 3079 -799.1100 377.0800
-1.1178791688e+000 -4.8752954266e+000 7.1079472066e-001
89 74 65
2 1 3363 315.0300 89.2200 2 3087 256.4500 100.4900
-1.4496014533e+003 -1.4070311588e+001 -3.2566500416e+003
29 36 44
2 1 3367 -722.5200 -3.7300 2 3084 -758.7500 187.9300
-1.1785730727e+002 -7.4332020884e+000 -2.6747126453e+002
98 112 143
2 1 3368 -677.9800 -11.5300 2 3085 -713.7600 174.2100
-1.1785730727e+002 -7.4332020884e+000 -2.6747126453e+002
98 112 143
2 1 3369 -677.9800 -11.5300 2 3086 -713.7600 174.2100
-3.0308997964e+000 -5.6381312857e+000 2.0536802987e+000
30 19 17
2 1 3370 -41.3200 -68.8900 2 3093 -114.8900 -58.0100
-5.8788639542e-001 -5.9889411881e+000 1.4095123519e+000
100 83 75
2 1 3375 450.7200 -125.5200 2 3096 372.0800 -128.6100
-7.0380372100e-001 -6.3154411632e+000 9.7660742550e-001
111 102 95
2 1 3377 407.2300 -181.1400 2 3098 326.3800 -173.3500
2.3382676594e+002 5.7535145232e+001 4.7238714094e+002
138 164 201
2 1 3378 -827.9300 -221.1800 2 3090 -867.5100 -22.5100
1.3521217649e+002 3.4770114053e+001 2.6969241604e+002
25 23 37
2 1 3379 -857.6400 -250.9100 2 3092 -897.7700 -48.7800
4.6508663325e+001 2.2167281363e+001 1.0622376788e+002
86 86 121
2 1 3389 -819.6100 -459.7100 2 3101 -861.0400 -249.5900
-2.1342203671e+000 -3.8999185158e+000 -4.5246041532e-001
48 32 33
2 1 3391 111.0000 236.7900 2 3110 64.7400 275.8100
-7.9816158589e-001 -3.9876347920e+000 2.3843177097e-001
63 45 33
2 1 3392 353.1000 241.6900 2 3111 306.9000 257.9800
-7.9689006622e+001 1.2371331487e+001 -1.8208648891e+002
145 167 191
2 1 3395 -657.5400 151.5200 2 3131 -690.2600 338.2600
-7.9689006622e+001 1.2371331487e+001 -1.8208648891e+002
145 167 191
2 1 3396 -657.5400 151.5200 2 3132 -690.2600 338.2600
-1.2255974519e+000 -4.5441565840e+000 6.9929017826e-001
74 57 47
2 1 3397 294.1899 149.8700 2 3113 239.5500 162.6400
-1.2255974519e+000 -4.5441565840e+000 6.9929017826e-001
74 57 47
2 1 3398 294.1899 149.8700 2 3114 239.5500 162.6400
-3.5860961999e+002 -3.6290133756e+001 -7.2719029548e+002
40 43 57
2 1 3401 -785.3700 -68.9500 2 3115 -824.1200 124.5000
-3.5860961999e+002 -3.6290133756e+001 -7.2719029548e+002
40 43 57
2 1 3402 -785.3700 -68.9500 2 3116 -824.1200 124.5000
-3.1558669182e+000 -5.7674259414e+000 2.2683520294e+000
29 18 15
2 1 3405 -69.9800 -100.6100 2 3119 -146.2300 -91.7400
-5.4284654745e-001 -6.5847790708e+000 9.8370472246e-001
83 63 54
2 1 3406 438.7700 -232.0300 2 3124 353.3199 -224.0200
4.3556798753e+001 1.7044579791e+001 9.5744152296e+001
20 18 27
2 1 3410 -864.1900 -419.8600 2 3122 -905.5900 -207.1100
8.7679833956e+001 4.2735734468e+001 2.0268863371e+002
53 39 64
2 1 3411 -754.7200 -403.0800 2 3123 -797.3700 -202.2900
-1.2955041095e+000 -4.0982601742e+000 4.8986729329e-001
87 74 57
2 1 3416 272.8000 227.0800 2 3135 226.1400 244.0900
-1.2955041095e+000 -4.0982601742e+000 4.8986729329e-001
87 74 57
2 1 3417 272.8000 227.0800 2 3136 226.1400 244.0900
-3.6790754253e+002 8.7208354171e+001 -7.1776230153e+002
110 118 139
2 1 3418 -820.3700 205.7200 2 3130 -854.9700 407.4900
-1.6056780332e+000 -4.6328667898e+000 7.2574340195e-001
86 72 69
2 1 3421 224.4900 132.9800 2 3138 169.8199 148.9700
-8.3867228810e-001 -5.0253010028e+000 6.7349008359e-001
38 28 27
2 1 3423 365.6300 61.9800 2 3142 304.2900 71.2500
-1.8110913085e+000 -5.7141198722e+000 6.3700942825e-001
81 61 54
2 1 3424 187.8199 -66.8200 2 3144 120.0100 -45.9000
-8.1492342934e-001 -6.0058392471e+000 6.1910255365e-001
46 36 27
2 1 3425 369.8400 -117.2700 2 3145 296.1000 -104.6400
1.1599707114e+002 4.9251880569e+001 2.4723273744e+002
83 92 126
2 1 3430 -805.9800 -372.3000 2 3146 -847.0700 -171.0000
-3.1662548781e+002 6.7996002831e+001 -6.8635297635e+002
73 56 62
2 1 3437 -738.0400 171.6300 2 3151 -771.7300 367.8300
-3.7863237975e+000 -4.5109402545e+000 1.7752603212e+000
97 86 74
2 1 3438 -203.6600 168.7300 2 3155 -261.7600 192.1900
2.3548635467e+002 6.6527981246e+001 4.9135198995e+002
124 140 174
2 1 3443 -800.3000 -242.6300 2 3159 -841.1800 -45.0600
1.4545161331e+000 -4.5634795886e+000 -2.0039173668e-001
174 161 106
2 1 3450 713.4500 139.9800 2 3171 658.5300 140.1100
-1.6565056182e+000 -5.1765773134e+000 7.4266456227e-001
36 24 27
2 1 3452 217.0900 32.2600 2 3158 155.3900 48.7600
-3.1814309785e+000 -3.2997844109e+000 1.1474364222e-001
38 24 24
2 1 3454 -66.3200 352.1900 2 3174 -107.7300 397.2200
-3.1653366485e-001 -5.4389569043e+000 1.0335152595e+000
183 197 200
2 1 3458 482.0800 -13.6600 2 3176 411.7500 -14.8900
1.0604368431e+000 -5.7946488051e+000 2.4528495984e-001
67 48 34
2 1 3462 681.9000 -70.3100 2 3186 606.5000 -70.5200
