# Bundle file v0.3
61 631
0 0 0
0 0 0
0 0 0
0 0 0
0 0 0
0 0 0
0 0 0
0 0 0
0 0 0
0 0 0
0 0 0
0 0 0
0 0 0
0 0 0
0 0 0
0 0 0
0 0 0
0 0 0
0 0 0
0 0 0
0 0 0
0 0 0
0 0 0
0 0 0
0 0 0
0 0 0
0 0 0
0 0 0
0 0 0
0 0 0
0 0 0
0 0 0
0 0 0
0 0 0
0 0 0
0 0 0
0 0 0
0 0 0
0 0 0
0 0 0
0 0 0
0 0 0
0 0 0
0 0 0
0 0 0
0 0 0
0 0 0
0 0 0
0 0 0
0 0 0
0 0 0
0 0 0
0 0 0
0 0 0
0 0 0
0 0 0
0 0 0
0 0 0
0 0 0
0 0 0
0 0 0
0 0 0
0 0 0
0 0 0
0 0 0
0 0 0
0 0 0
0 0 0
0 0 0
0 0 0
0 0 0
0 0 0
0 0 0
0 0 0
0 0 0
0 0 0
0 0 0
0 0 0
0 0 0
0 0 0
0 0 0
0 0 0
0 0 0
0 0 0
0 0 0
0 0 0
0 0 0
0 0 0
0 0 0
0 0 0
0 0 0
0 0 0
0 0 0
0 0 0
0 0 0
0 0 0
0 0 0
0 0 0
0 0 0
0 0 0
0 0 0
0 0 0
0 0 0
0 0 0
0 0 0
0 0 0
0 0 0
0 0 0
0 0 0
0 0 0
0 0 0
0 0 0
0 0 0
0 0 0
0 0 0
0 0 0
0 0 0
0 0 0
0 0 0
0 0 0
0 0 0
0 0 0
0 0 0
0 0 0
0 0 0
0 0 0
0 0 0
0 0 0
0 0 0
0 0 0
0 0 0
0 0 0
0 0 0
0 0 0
0 0 0
0 0 0
0 0 0
0 0 0
0 0 0
0 0 0
0 0 0
0 0 0
0 0 0
0 0 0
0 0 0
0 0 0
0 0 0
0 0 0
0 0 0
0 0 0
0 0 0
0 0 0
0 0 0
0 0 0
0 0 0
0 0 0
0 0 0
0 0 0
0 0 0
0 0 0
0 0 0
0 0 0
0 0 0
0 0 0
0 0 0
0 0 0
0 0 0
0 0 0
0 0 0
0 0 0
0 0 0
0 0 0
0 0 0
0 0 0
0 0 0
0 0 0
0 0 0
0 0 0
0 0 0
0 0 0
0 0 0
0 0 0
0 0 0
0 0 0
0 0 0
0 0 0
0 0 0
0 0 0
0 0 0
0 0 0
0 0 0
0 0 0
0 0 0
0 0 0
0 0 0
0 0 0
0 0 0
0 0 0
0 0 0
0 0 0
0 0 0
0 0 0
0 0 0
0 0 0
0 0 0
0 0 0
0 0 0
0 0 0
0 0 0
0 0 0
0 0 0
0 0 0
0 0 0
0 0 0
0 0 0
0 0 0
0 0 0
0 0 0
0 0 0
0 0 0
0 0 0
0 0 0
0 0 0
0 0 0
0 0 0
0 0 0
0 0 0
0 0 0
0 0 0
0 0 0
1.6294478528e+003 0.0000000000e+000 0.0000000000e+000
1.0000000000e+000 0.0000000000e+000 0.0000000000e+000
0.0000000000e+000 1.0000000000e+000 0.0000000000e+000
0.0000000000e+000 0.0000000000e+000 1.0000000000e+000
-0.0000000000e+000 -0.0000000000e+000 -0.0000000000e+000
1.6294478528e+003 0.0000000000e+000 0.0000000000e+000
9.9944539579e-001 3.3102070010e-002 -3.6268163886e-003
-3.3297578309e-002 9.9477977158e-001 -9.6459718704e-002
4.1486721693e-004 9.6526985940e-002 9.9533028130e-001
-1.8747360050e-001 -8.9104551851e-001 -4.1339029145e-001
0 0 0
0 0 0
0 0 0
0 0 0
0 0 0
0 0 0
0 0 0
0 0 0
0 0 0
0 0 0
0 0 0
0 0 0
0 0 0
0 0 0
0 0 0
0 0 0
0 0 0
0 0 0
0 0 0
0 0 0
0 0 0
0 0 0
0 0 0
0 0 0
0 0 0
0 0 0
0 0 0
0 0 0
0 0 0
0 0 0
0 0 0
0 0 0
0 0 0
0 0 0
0 0 0
0 0 0
0 0 0
0 0 0
0 0 0
0 0 0
0 0 0
0 0 0
0 0 0
0 0 0
0 0 0
0 0 0
0 0 0
0 0 0
0 0 0
0 0 0
0 0 0
0 0 0
0 0 0
0 0 0
0 0 0
0 0 0
0 0 0
0 0 0
0 0 0
0 0 0
0 0 0
0 0 0
0 0 0
0 0 0
0 0 0
4.6910288612e-001 -8.8632702433e-001 -7.5576663394e+000
82 70 46
2 46 2555 101.0699 -191.0800 47 1828 56.8400 -215.2200
4.6910288612e-001 -8.8632702433e-001 -7.5576663394e+000
82 70 46
2 46 2556 101.0699 -191.0800 47 1829 56.8400 -215.2200
5.0557100173e-001 -1.0091887454e+000 -7.7548637463e+000
134 116 66
2 46 2560 106.1300 -212.0300 47 1936 61.9900 -230.4600
-1.2735773891e+000 -6.7802841236e-001 -6.3036050114e+000
70 62 53
2 46 2214 -329.5700 -175.2300 47 1292 -351.8600 -220.8300
-1.1069115839e+000 -5.9196494842e-001 -6.2943253185e+000
134 114 106
2 46 2432 -286.6900 -153.2300 47 1825 -312.0400 -202.2300
5.6928340766e-002 -6.3441827067e-001 -7.1077902240e+000
82 65 35
2 46 2436 12.8300 -145.4000 47 1821 -26.9200 -181.0200
-1.0778160248e+000 -8.3935927650e-001 -6.5602163129e+000
136 118 110
2 46 2557 -267.6500 -208.4900 47 1831 -294.3600 -245.2600
-1.2420393710e+000 -7.3904335291e-001 -6.3850930901e+000
135 114 103
2 46 2708 -316.7800 -188.6200 47 2012 -340.8600 -230.7900
8.0237527393e-001 -5.6365276504e-001 -7.3973050254e+000
74 67 43
2 46 2430 176.5601 -124.1200 47 1651 129.7600 -159.2300
9.5262008265e-002 -4.0971755469e-001 -6.8684203989e+000
124 109 71
2 46 341 22.2600 -97.1400 47 365 -17.7300 -142.9800
-1.1866209067e+000 -8.0247156114e-001 -6.4780871788e+000
125 115 106
2 46 642 -298.3600 -201.8600 47 576 -323.3500 -240.6600
4.3206367377e-001 -4.9236747931e-001 -7.1565650850e+000
128 113 74
2 46 1532 97.9900 -112.0300 47 370 54.9800 -151.5500
-1.0253710148e+000 -5.7161855661e-001 -6.3118326558e+000
139 116 108
2 46 2204 -264.0000 -147.6500 47 1298 -292.3800 -197.0100
-1.1619671817e+000 -8.2503252028e-001 -6.5040585445e+000
72 65 61
2 46 2230 -290.8700 -206.7200 47 1351 -316.5700 -244.5300
2.7528101236e-001 -5.9747855179e-001 -7.1618382287e+000
142 122 71
2 46 2632 62.5400 -135.9200 47 1922 20.2200 -172.3600
2.0635955550e-003 -3.0742140805e-001 -6.6792093806e+000
118 102 51
2 46 2704 0.9800 -75.0800 47 2070 -39.8800 -126.8900
-1.2661770532e+000 -6.1426103363e-001 -6.2484280344e+000
71 65 54
2 46 463 -330.3400 -160.1700 47 490 -353.0300 -208.7300
-1.0429736680e+000 -6.7369479641e-001 -6.4160531122e+000
73 62 56
2 46 1640 -264.8300 -171.1000 47 496 -291.7400 -215.4200
-7.9171312706e-003 -4.2369759714e-001 -6.8028046845e+000
82 67 35
2 46 1516 -2.0500 -101.4600 47 1231 -41.5000 -147.9900
8.4519382672e-001 -6.0566507810e-001 -7.5006492094e+000
117 108 63
2 46 1534 183.4000 -131.5300 47 375 136.6200 -163.9200
6.5546217381e-001 -1.1237722768e+000 -7.9049448566e+000
129 115 77
2 46 1836 135.4301 -231.7100 47 632 88.8300 -246.2400
-8.5343388625e-001 -1.4949232462e+000 -7.4747878631e+000
126 116 81
2 46 1965 -185.7700 -325.9200 47 1448 -216.8200 -331.7800
3.3228373812e-001 -1.0377316452e+000 -7.6323381945e+000
143 122 77
2 46 2642 71.2600 -221.6100 47 1935 27.3800 -240.6600
-7.8675633311e-002 -7.3442564774e-001 -7.1003201545e+000
130 114 81
2 46 1667 -18.1300 -168.5300 47 1320 -57.0300 -201.5800
-4.6466940451e-002 -5.5500743325e-001 -6.9409285615e+000
94 80 53
2 46 2193 -11.1600 -130.2500 47 1659 -49.9100 -170.6300
-3.9067506810e-001 -8.6601098437e-001 -7.0471427155e+000
89 75 58
2 46 2234 -90.4600 -200.2200 47 1363 -125.9100 -229.9200
1.0290805791e-001 -2.8111469152e-001 -6.7287297722e+000
84 76 47
2 46 2409 24.7200 -68.0400 47 1634 -15.6600 -119.9100
-1.1237827244e+000 -6.2670918847e-001 -6.3133193045e+000
72 64 55
2 46 2203 -290.3300 -161.7200 47 1297 -315.1800 -209.3400
4.2461345083e-001 -6.0297675473e-001 -7.2186462882e+000
90 74 48
2 46 1601 95.6500 -136.0700 47 1276 51.9500 -172.1600
3.4264245809e-001 -6.5229176593e-001 -7.2453345703e+000
77 61 36
2 46 1600 77.0699 -146.7000 47 454 33.8300 -180.6800
-4.5336926504e-001 -9.5141352959e-001 -7.1189604221e+000
140 124 99
2 46 654 -103.8200 -217.7600 47 586 -138.6700 -243.7900
1.0290805791e-001 -2.8111469152e-001 -6.7287297722e+000
84 76 47
2 46 2410 24.7200 -68.0400 47 1635 -15.6600 -119.9100
-9.0259647978e-001 -1.7905288605e+000 -7.9351793932e+000
60 54 51
2 46 2718 -185.7400 -367.6200 47 2081 -214.6800 -360.4900
-9.5206390555e-001 -9.0036233189e-001 -6.6632754351e+000
70 65 59
2 46 2232 -231.9900 -220.2800 47 1355 -262.3700 -253.9600
-2.7605473682e-001 -3.2439843675e-001 -6.5859785051e+000
122 106 64
2 46 2624 -68.6800 -80.2000 47 1915 -104.4000 -132.5900
9.6345988662e-001 -2.0673788343e-001 -7.1347231734e+000
93 94 63
2 46 1403 219.8300 -47.1700 47 1158 172.0400 -95.3400
-3.4165155236e-001 -7.2335411526e-001 -6.9204018147e+000
80 64 38
2 46 1652 -80.4300 -170.3200 47 1305 -116.6800 -205.9500
-9.4611866297e-002 -9.3476159147e-001 -7.2655553005e+000
134 119 87
2 46 1733 -21.3300 -209.6200 47 597 -60.2600 -235.3100
-4.0779199142e-001 -8.2586741723e-001 -6.9823460701e+000
136 121 91
2 46 1654 -95.2300 -192.7200 47 1304 -130.6400 -224.5200
-4.0779199142e-001 -8.2586741723e-001 -6.9823460701e+000
136 121 91
2 46 1655 -95.2300 -192.7200 47 1303 -130.6400 -224.5200
3.3211513748e-001 -2.8989269255e-001 -6.8430659620e+000
68 56 29
2 46 2421 79.2500 -69.0600 47 1640 35.7000 -119.1300
-1.6383716184e-001 -7.7515814177e-001 -7.0476517465e+000
145 125 93
2 46 1664 -37.8200 -179.2300 47 1317 -76.3600 -212.1400
-1.0778160248e+000 -8.3935927650e-001 -6.5602163129e+000
136 118 110
2 46 2558 -267.6500 -208.4900 47 1832 -294.3600 -245.2600
1.8586060355e+000 -7.8811371014e-001 -8.3803051455e+000
58 49 42
2 46 2634 361.7400 -153.3300 47 1923 308.6200 -171.2400
-1.1220244560e+000 -7.2894010881e-001 -6.4271984774e+000
67 64 57
2 46 2793 -284.0500 -184.8500 47 2125 -310.5600 -226.9900
-4.2161060774e-001 -9.5273676439e-001 -7.0850202165e+000
101 84 70
2 46 1722 -96.7400 -219.1500 47 1360 -132.7700 -246.0400
-1.0025218438e+000 -8.0778962828e-001 -6.5697243128e+000
135 119 109
2 46 2440 -248.7400 -200.3400 47 1833 -276.2400 -238.1500
-1.1620536488e+000 -5.4421709862e-001 -6.2285418213e+000
73 65 55
2 46 465 -304.4000 -142.3300 47 430 -328.1900 -193.8800
4.0762494532e-001 -4.6733446661e-001 -7.1069839447e+000
82 68 39
2 46 397 93.1600 -107.0900 47 368 50.1200 -148.0400
-1.8274171853e-001 -2.5076881127e-001 -6.5508650472e+000
72 63 34
2 46 1388 -46.1700 -62.2600 47 305 -82.3000 -117.8300
6.5546217381e-001 -1.1237722768e+000 -7.9049448566e+000
129 115 77
2 46 1837 135.4301 -231.7100 47 633 88.8300 -246.2400
6.9853011210e-001 -1.1003017769e+000 -7.9089032774e+000
83 66 44
2 46 1762 144.2400 -226.7600 47 1375 97.3199 -241.8600
-6.5298263287e-001 -6.4904683709e-001 -6.5920955378e+000
91 81 56
2 46 2630 -161.6400 -160.4000 47 1926 -193.7000 -203.5800
1.5262072042e+000 -3.0665595634e-001 -7.5936117700e+000
79 85 59
2 46 1435 327.3199 -65.7600 47 337 276.2100 -104.8300
6.1422821332e-001 -6.3649480325e-001 -7.3374646608e+000
137 116 65
2 46 2548 136.5601 -141.3800 47 1822 90.3300 -175.2900
-2.2182146379e+002 8.4200738208e+001 -4.9616194618e+002
162 153 174
2 46 2669 -728.1700 276.5200 47 2025 -728.5300 462.8600
-3.3330980640e-001 -2.5609425218e-001 -6.4408284032e+000
56 49 43
2 46 2766 -84.6400 -64.7400 47 2069 -119.9800 -122.2100
-8.0843057255e+001 2.1290957526e+001 -1.7721691881e+002
67 52 111
2 46 2744 -743.0300 195.7600 47 2136 -742.7400 373.6100
-8.2252049355e+001 2.0548685801e+001 -1.6851019127e+002
241 39 87
2 46 2824 -795.6500 198.7000 47 2178 -794.9100 377.9200
-1.2776955829e+000 1.2930353887e+000 -7.5326431598e+000
167 78 82
2 46 2358 -275.8400 279.6500 47 1879 -292.3500 243.7300
1.6838415462e+000 2.8127082375e-001 -7.8849040699e+000
164 178 153
2 46 2136 348.0800 58.1000 47 1611 303.3400 18.4900
1.1962128267e+000 1.4599653888e-001 -7.4873813345e+000
184 179 160
2 46 2135 259.1300 32.0400 47 1908 217.1000 -13.5000
-3.8254473877e-001 -9.0953330135e-001 -7.0784869652e+000
136 120 97
2 46 657 -88.0100 -209.3800 47 589 -124.0400 -237.5600
-1.2250809901e+000 1.2324799290e+000 -7.4653725696e+000
204 185 186
2 46 2498 -267.7700 269.0500 47 1880 -283.0900 231.1000
8.4183324531e-001 -5.0371508316e-001 -7.3972461702e+000
66 60 28
2 46 401 185.1700 -110.9000 47 371 138.5699 -147.2300
-2.1357734280e-001 1.9158892511e+000 -9.0173325976e+000
132 90 74
2 46 2494 -38.4300 346.1800 47 1871 -54.1300 334.9500
2.9748615875e-001 1.7684009326e+000 -9.1195729732e+000
112 125 95
2 46 2495 52.9800 316.0000 47 1960 35.4000 303.8200
2.9748615875e-001 1.7684009326e+000 -9.1195729732e+000
112 125 95
2 46 2496 52.9800 316.0000 47 1961 35.4000 303.8200
1.5738818500e+000 1.0727451152e+000 -8.8690039431e+000
163 168 159
2 46 2507 289.3800 197.0400 47 1889 258.9399 174.6900
8.6070152856e-001 -4.4886243174e-001 -7.3506504285e+000
71 65 41
2 46 1458 190.6500 -99.4700 47 1236 143.6600 -137.8100
-1.2120187320e+000 -7.0665250391e-001 -6.3527368935e+000
131 113 99
2 46 1638 -311.0000 -181.2400 47 1296 -334.8900 -225.3000
-1.1060660428e+000 -8.1196265741e-001 -6.5267440782e+000
75 69 62
2 46 1713 -276.0700 -202.7200 47 1350 -302.2800 -240.7000
5.4724282921e-001 -7.2420013589e-001 -7.4708174037e+000
93 78 55
2 46 1608 119.0900 -157.9000 47 456 74.8900 -187.1200
-8.5525628797e-001 -1.4026145912e+000 -7.3390982474e+000
96 81 57
2 46 2272 -189.7600 -311.4300 47 1412 -220.4800 -321.5400
-1.2800738266e+000 -1.5704450514e+000 -7.3016537285e+000
79 66 47
2 46 2292 -285.2600 -350.5100 47 1435 -310.8700 -354.9000
1.8176190931e+000 8.8687207230e-002 -7.7272219187e+000
140 147 129
2 46 2696 382.9301 18.7900 47 2063 334.5200 -23.8600
-5.3858528847e+001 3.6846521922e+000 -1.2905555925e+002
222 43 76
2 46 2522 -679.5000 46.5100 47 1881 -677.8100 215.7300
-4.5811884212e+001 -3.2940673468e+000 -1.1665359350e+002
254 188 117
2 46 2532 -639.6800 -46.0200 47 1891 -636.9000 120.0600
8.4302798147e-001 1.9631363173e-001 -7.3548824995e+000
166 163 103
2 46 2756 186.3000 43.5900 47 2119 145.8600 -3.1600
1.5412951030e+000 2.5475882578e-001 -7.7849462334e+000
76 82 69
2 46 2786 322.3199 53.3900 47 2144 278.5800 12.3300
-1.0416183340e+002 3.0469845222e+001 -2.3579785470e+002
209 196 210
2 46 2673 -719.9600 210.5600 47 2032 -718.5800 390.3800
-5.9028830464e+001 8.2484023378e+000 -1.3630893292e+002
65 39 82
2 46 2603 -705.5200 98.6000 47 1965 -703.5600 270.0800
-5.5962124528e+001 6.6539643627e+000 -1.3304474909e+002
238 42 84
2 46 2611 -685.2300 81.4900 47 1973 -683.1000 251.7200
-5.9957845268e+001 4.8320377621e+000 -1.1900770085e+002
221 42 80
2 46 2609 -820.9400 66.1600 47 1968 -818.9700 239.3000
-6.2140713921e+001 4.4410983782e+000 -1.3123801590e+002
129 162 218
2 46 2616 -771.4100 55.1400 47 1971 -769.3600 227.7000
-5.8468294994e+001 5.2590073135e+000 -1.2570507126e+002
60 44 89
2 46 2610 -757.9400 68.1700 47 1972 -755.6400 239.9300
-5.8788120496e+001 3.9628095680e+000 -1.1876321174e+002
133 164 219
2 46 2614 -806.6800 54.3700 47 1969 -804.2800 226.8500
-5.8788120496e+001 3.9628095680e+000 -1.1876321174e+002
133 164 219
2 46 2615 -806.6800 54.3700 47 1970 -804.2800 226.8500
-3.3330980640e-001 -2.5609425218e-001 -6.4408284032e+000
56 49 43
2 46 2767 -84.6400 -64.7400 47 2068 -119.9800 -122.2100
-7.4280364927e+001 1.9295522737e+001 -1.4611196499e+002
253 55 103
2 46 2742 -829.0000 215.1800 47 2090 -828.2800 394.5700
-5.2815403556e+001 1.2843597399e+000 -1.0238077095e+002
245 49 95
2 46 2757 -841.6800 20.4300 47 2095 -836.7900 191.6600
-4.9947756582e+001 -6.6948178197e-001 -1.1400296507e+002
254 204 99
2 46 2759 -713.8400 -9.5700 47 2097 -710.8700 158.7400
-4.9947756582e+001 -6.6948178197e-001 -1.1400296507e+002
254 204 99
2 46 2760 -713.8400 -9.5700 47 2098 -710.8700 158.7400
-4.8222242429e+001 -1.7793000075e+000 -1.2154904381e+002
246 55 91
2 46 2761 -646.2200 -23.8600 47 2102 -643.5200 142.9900
-4.8222242429e+001 -1.7793000075e+000 -1.2154904381e+002
246 55 91
2 46 2762 -646.2200 -23.8600 47 2103 -643.5200 142.9900
-4.7656724753e+001 5.1285621353e-001 -1.1270326811e+002
71 38 83
2 46 2758 -689.2500 7.4200 47 2099 -685.8200 174.8300
-5.8932333540e+001 5.9402073282e+000 -1.2213585491e+002
142 204 252
2 46 2809 -786.2900 79.2500 47 2161 -784.2400 251.7600
-5.8932333540e+001 5.9402073282e+000 -1.2213585491e+002
142 204 252
2 46 2808 -786.2900 79.2500 47 2160 -784.2400 251.7600
-1.1237388150e+000 1.0168400526e+000 -7.2340516092e+000
159 72 72
2 46 1253 -253.3000 229.0600 47 1557 -270.9600 185.4900
6.8465008684e-001 1.3399500320e+000 -8.7272314591e+000
102 96 84
2 46 1258 127.8300 250.1800 47 1541 104.0500 229.0500
1.0650909152e+000 1.1628818246e+000 -8.6938248031e+000
154 153 148
2 46 1267 200.1400 217.8500 47 1003 171.8199 194.6500
1.3688401345e-001 2.3056431452e-001 -7.0648149262e+000
72 86 70
2 46 1349 31.3300 53.2200 47 1100 -3.5700 3.2900
3.5395012446e-001 1.1074324114e-001 -7.0252551368e+000
179 163 113
2 46 1364 82.0200 25.7000 47 1125 43.1400 -25.3600
4.5456298480e-001 7.1196664257e-002 -7.0101673199e+000
144 95 75
2 46 251 105.3400 16.6100 47 1129 65.3500 -35.2000
7.5228924446e-001 1.3481485406e-001 -7.2324944150e+000
141 86 66
2 46 1358 169.1600 30.4400 47 1130 127.9500 -18.1700
-9.0345738331e-001 1.0776169940e+000 -7.4041478898e+000
198 199 192
2 46 2084 -198.6300 237.1300 47 1550 -218.3100 196.3500
7.5554905720e-001 1.5036225654e+000 -8.9973822111e+000
128 122 110
2 46 2065 137.1500 272.2500 47 1753 114.5200 255.7900
9.9065220323e-001 9.7405055013e-001 -8.3962936785e+000
87 83 82
2 46 2094 191.4700 189.1900 47 1779 163.3199 160.3500
1.1837120949e+000 1.0925614601e+000 -8.6695112547e+000
92 92 89
2 46 2095 223.3400 205.1700 47 1780 192.9800 181.2200
1.8756981110e+000 6.3242196014e-002 -7.6931762655e+000
175 182 169
2 46 1370 397.3400 13.3800 47 1618 346.9301 -29.9900
1.8756981110e+000 6.3242196014e-002 -7.6931762655e+000
175 182 169
2 46 1371 397.3400 13.3800 47 1619 346.9301 -29.9900
9.9204639997e-001 -2.3485773942e-001 -7.1784362115e+000
65 65 39
2 46 1410 224.9100 -53.2500 47 1162 177.0400 -100.0900
1.1856200207e+000 -6.6528496437e-001 -7.7259871995e+000
94 93 65
2 46 1626 250.3500 -140.3800 47 473 199.9000 -168.9200
-1.0608292206e+000 8.6295928892e-001 -7.0763415629e+000
202 189 191
2 46 2372 -244.7100 198.7600 47 1783 -263.2800 151.3800
1.0018030751e+000 1.2433618151e+000 -8.8313474484e+000
107 106 103
2 46 2370 185.5900 229.2600 47 1884 158.3500 209.0600
1.9890572120e-001 1.2176387218e-001 -6.9745798575e+000
69 83 61
2 46 2398 46.2300 28.4900 47 1804 9.2700 -23.0800
7.7086292552e-001 -2.4260923858e-001 -7.0626766213e+000
105 101 63
2 46 1399 177.5000 -55.9000 47 1194 131.4301 -104.1500
7.4928800044e-001 -3.1335198544e-001 -7.1549349075e+000
107 101 65
2 46 2180 170.4399 -71.3200 47 1193 124.4900 -115.8400
9.3278570754e-001 -4.2714095657e-001 -7.3377282263e+000
76 71 46
2 46 2183 207.0800 -94.8400 47 1237 159.1200 -134.2800
5.5909757661e-001 -1.0868847324e+000 -7.8124729628e+000
86 74 48
2 46 1756 116.7500 -226.7200 47 628 71.3000 -243.0400
-1.0977661535e+000 -1.3836185368e+000 -7.1914968059e+000
125 109 83
2 46 1896 -248.3300 -313.5500 47 848 -276.2600 -325.0100
-1.5208372906e+000 -1.7210659788e+000 -7.3586849371e+000
109 98 70
2 46 2003 -336.2800 -381.1500 47 1464 -358.7400 -379.7900
-2.3231081829e+000 2.2395678676e+000 -8.3224089063e+000
181 173 137
2 46 2481 -455.3600 438.5200 47 1949 -461.5000 425.8700
-2.1357734280e-001 1.9158892511e+000 -9.0173325976e+000
132 90 74
2 46 2493 -38.4300 346.1800 47 1870 -54.1300 334.9500
-2.4439157076e+000 -5.2682339852e-002 -8.0312304651e+000
195 93 113
2 46 2149 -495.3500 -10.7200 47 1613 -504.5900 -16.8900
-1.0563555168e+000 7.8650765958e-001 -6.9774013659e+000
166 63 67
2 46 2599 -247.7200 183.7900 47 2047 -265.6100 134.0100
8.2226570540e-001 1.2640763068e+000 -8.7144157472e+000
101 98 93
2 46 2592 153.6500 236.3800 47 1977 128.7500 214.3900
1.2815252140e-001 -3.8730661335e-001 -6.8104845463e+000
101 87 58
2 46 2420 30.5200 -92.6400 47 1647 -10.5600 -140.6000
-1.1478199753e+000 9.0702992724e-001 -7.1699687312e+000
171 66 70
2 46 2676 -260.9300 206.1400 47 2045 -279.1000 161.8000
6.7744175038e-001 3.0782739158e-001 -7.3711207705e+000
171 151 102
2 46 2683 149.3400 68.1300 47 2059 111.5601 21.7700
6.7744175038e-001 3.0782739158e-001 -7.3711207705e+000
171 151 102
2 46 2684 149.3400 68.1300 47 2060 111.5601 21.7700
-5.7713015059e+001 1.3983907711e+001 -1.3533213357e+002
240 60 99
2 46 2597 -694.8200 168.3700 47 1956 -693.2500 340.9700
-3.9455585516e-001 -6.9722986575e-001 -6.9240303484e+000
127 109 73
2 46 2638 -93.0500 -164.0500 47 2010 -127.9300 -199.7500
-1.0389285508e+000 -7.6994157368e-001 -6.5120348887e+000
70 65 59
2 46 2550 -259.8400 -192.6700 47 1931 -287.1500 -232.4200
3.3228373812e-001 -1.0377316452e+000 -7.6323381945e+000
143 122 77
2 46 2643 71.2600 -221.6100 47 1934 27.3800 -240.6600
-3.6209174826e+001 -7.1075465709e+000 -8.1444200531e+001
87 65 137
2 46 2628 -723.7700 -142.2100 47 1905 -720.7600 21.8200
-3.7699650362e+001 -1.1533718117e+001 -9.7382595374e+001
230 42 80
2 46 2635 -630.4500 -193.0000 47 1997 -627.4300 -28.3800
-4.9490586664e+001 4.3229674023e+000 -9.3228365906e+001
246 42 93
2 46 2682 -865.4500 75.5500 47 2042 -862.8100 246.6900
-4.9154946713e+001 -4.9790097398e+000 -1.1232424175e+002
229 159 79
2 46 2623 -713.0000 -72.2300 47 1985 -709.4900 95.8100
-5.9843136171e-001 6.4156084909e-001 -7.0709847698e+000
147 120 78
2 46 2750 -138.3300 147.9000 47 2111 -162.4400 98.9700
-4.2210994092e+001 -4.3660626373e+000 -1.0759541340e+002
243 50 85
2 46 2702 -639.2700 -66.1200 47 2108 -635.9300 98.8700
-4.2210994092e+001 -4.3660626373e+000 -1.0759541340e+002
243 50 85
2 46 2701 -639.2700 -66.1200 47 2109 -635.9300 98.8700
-4.7038522711e+001 -5.3927156854e+000 -1.1103885013e+002
67 37 65
2 46 2768 -690.0800 -79.1400 47 2114 -686.8500 88.0200
-6.7746335612e+001 1.5946153009e+001 -1.2733721742e+002
77 62 131
2 46 2783 -868.3400 204.0300 47 2133 -866.2700 382.7600
-5.0720557613e+001 -2.6806322295e+000 -1.1333682083e+002
70 40 66
2 46 2789 -729.1800 -38.5400 47 2141 -725.8500 130.1200
-9.9877049157e-002 -2.1224967781e-001 -6.5355665597e+000
112 99 54
2 46 2812 -24.8900 -52.9200 47 2170 -63.5600 -110.0000
-5.0506631512e+001 -4.4673072016e+000 -1.0106135636e+002
246 49 95
2 46 2815 -814.7600 -72.0300 47 2167 -809.8000 97.9000
-4.7629314632e+001 -2.7111612920e+000 -1.1319678511e+002
253 204 91
2 46 2828 -685.4700 -39.0300 47 2183 -682.4600 128.1700
-5.9951439843e+001 4.3479389865e+000 -1.3798309078e+002
59 39 75
2 46 2849 -708.2500 51.3500 47 2207 -705.1000 222.3100
-2.6395615554e+000 2.3843079706e+000 -8.3957802345e+000
147 144 99
2 46 4 -512.5600 462.7600 47 937 -517.9200 453.7700
-2.3595929459e+000 2.1208492654e+000 -8.1303332231e+000
175 172 137
2 46 12 -473.0300 425.0600 47 943 -479.9600 408.5400
-2.2023345257e+000 1.9810155155e+000 -8.0352679072e+000
185 177 139
2 46 37 -446.6900 401.7300 47 42 -454.5800 382.1500
-1.7223772949e+000 1.9334512560e+000 -8.1588241556e+000
172 137 111
2 46 39 -343.8600 386.1300 47 59 -354.4500 366.3100
-1.3493401467e+000 1.5353631904e+000 -7.8053733816e+000
131 68 69
2 46 64 -281.5700 320.5100 47 85 -295.5900 290.8600
2.4051527315e-001 1.7863637078e+000 -9.0716845095e+000
174 166 127
2 46 67 43.7100 320.7800 47 968 24.9600 308.2400
2.1995496743e-001 1.5321656340e+000 -8.7538791265e+000
190 181 141
2 46 80 40.5100 285.2700 47 978 21.2800 266.7300
6.7052878721e-001 1.6898763163e+000 -9.1641977557e+000
187 172 134
2 46 82 118.9500 300.5200 47 91 99.7100 287.1200
4.4704388828e-001 1.5032573493e+000 -8.8171891462e+000
172 154 107
2 46 92 82.2600 277.8700 47 103 61.8100 259.3600
6.4484946790e-001 1.3690496797e+000 -8.7228298117e+000
158 154 127
2 46 94 121.1200 255.6200 47 994 96.4000 234.8100
8.8500442823e-001 1.4776778112e+000 -9.0173001826e+000
113 108 102
2 46 95 160.1300 266.9800 47 995 137.0200 250.1800
9.9166329737e-001 1.4928037610e+000 -9.1123635330e+000
77 88 73
2 46 97 177.7300 266.8600 47 996 154.2000 251.3400
8.7620991494e-001 1.2420236888e+000 -8.7068253267e+000
101 94 89
2 46 111 163.6700 232.5000 47 129 138.7100 210.0200
8.5779859291e-001 1.1591335197e+000 -8.5933654049e+000
163 160 148
2 46 112 162.6600 219.7900 47 130 136.0601 195.5100
-9.5317083008e-001 9.6789460778e-001 -7.2422552702e+000
165 76 77
2 46 129 -214.4700 217.7700 47 1012 -234.1200 173.6000
9.0348721913e-001 1.1077005177e+000 -8.5452360109e+000
94 90 84
2 46 136 172.2400 211.2300 47 1015 144.8700 185.8500
-7.1943979029e-001 7.8299233275e-001 -7.1192954829e+000
155 73 63
2 46 151 -164.9000 179.2400 47 140 -187.3600 131.3300
-1.8115855244e-001 8.4690376844e-001 -7.6816638451e+000
82 75 57
2 46 152 -38.9000 179.7200 47 143 -63.3700 142.5700
-1.1507448566e-001 8.7837387813e-001 -7.7702003158e+000
200 188 168
2 46 153 -24.2000 184.2100 47 146 -49.4900 148.7500
-8.2587499210e-002 8.1534711838e-001 -7.6948405804e+000
179 166 143
2 46 154 -17.7600 172.7000 47 155 -43.5700 135.5100
-1.1965423631e-001 7.7785643538e-001 -7.6431147898e+000
186 174 152
2 46 156 -25.6200 165.8500 47 154 -51.8900 127.9400
-4.4368499206e-002 8.0972422192e-001 -7.7289160475e+000
79 77 62
2 46 158 -9.2300 170.6900 47 157 -36.0500 134.2800
4.9056515461e-003 7.4079155324e-001 -7.6479059123e+000
196 186 158
2 46 159 0.7500 157.8800 47 175 -26.3900 119.4600
-1.3513227032e-001 6.6143001499e-001 -7.4896950798e+000
83 78 64
2 46 168 -29.5900 143.9300 47 1034 -56.9000 103.0800
-1.3513227032e-001 6.6143001499e-001 -7.4896950798e+000
83 78 64
2 46 169 -29.5900 143.9300 47 1035 -56.9000 103.0800
7.1163877907e-002 6.3689657563e-001 -7.5449977967e+000
91 77 58
2 46 170 15.2300 137.5700 47 1038 -13.9300 96.9600
7.1163877907e-002 6.3689657563e-001 -7.5449977967e+000
91 77 58
2 46 171 15.2300 137.5700 47 1039 -13.9300 96.9600
8.5872257718e-001 6.7808950677e-001 -7.9563127711e+000
163 149 98
2 46 175 175.3300 138.9800 47 178 142.8800 102.8300
1.2289788913e+000 7.6594705342e-001 -8.2558327077e+000
154 162 140
2 46 176 242.4900 151.1900 47 182 208.8199 119.2600
1.1273287976e+000 6.3161430598e-001 -8.1024389357e+000
102 114 75
2 46 178 226.5300 127.0600 47 181 191.7600 93.1300
6.3254765268e-002 4.2918505811e-001 -7.2736711766e+000
173 158 118
2 46 181 13.9100 96.1900 47 199 -17.6400 50.3400
6.3254765268e-002 4.2918505811e-001 -7.2736711766e+000
173 158 118
2 46 182 13.9100 96.1900 47 200 -17.6400 50.3400
5.9452725801e-001 4.2975334912e-001 -7.5334332385e+000
170 162 90
2 46 188 128.2500 93.0200 47 206 93.1700 50.3000
6.2701004923e-001 5.0332627221e-001 -7.6172712541e+000
143 99 70
2 46 189 134.0699 107.6800 47 1068 99.2000 66.3300
6.2701004923e-001 5.0332627221e-001 -7.6172712541e+000
143 99 70
2 46 190 134.0699 107.6800 47 1069 99.2000 66.3300
1.9537361360e-001 3.4559556346e-001 -7.2286992645e+000
72 77 62
2 46 199 43.7100 77.9600 47 202 10.1200 30.8000
4.7756105142e-001 3.2965762950e-001 -7.3376145307e+000
139 103 64
2 46 201 105.8199 73.2500 47 221 69.6500 27.2500
4.7756105142e-001 3.2965762950e-001 -7.3376145307e+000
139 103 64
2 46 202 105.8199 73.2500 47 222 69.6500 27.2500
5.0878099810e-001 2.6654835910e-001 -7.2694848015e+000
131 100 53
2 46 204 113.9200 59.7700 47 224 76.2700 12.4500
6.2449202840e-001 4.1336280308e-001 -7.5165202596e+000
180 163 102
2 46 205 135.1200 89.6600 47 211 99.3500 46.4900
7.0486326538e-001 3.1953784565e-001 -7.4355042365e+000
175 166 106
2 46 209 154.0900 70.1000 47 229 116.4900 25.1500
6.9054014874e-001 2.9374785579e-001 -7.3832809206e+000
139 94 64
2 46 210 152.2400 64.8600 47 1109 113.7700 19.0000
1.6768846073e+000 3.7492016783e-001 -7.9949858377e+000
106 120 94
2 46 219 341.7300 76.4200 47 214 299.1500 38.5600
1.7265852571e+000 2.9651618056e-001 -7.9155346828e+000
105 119 93
2 46 222 355.0500 61.1300 47 1113 311.3199 21.5700
2.0358217219e-001 1.6311870331e-001 -7.0096431395e+000
177 162 108
2 46 226 46.6400 38.0400 47 1121 11.0600 -13.2800
2.0358217219e-001 1.6311870331e-001 -7.0096431395e+000
177 162 108
2 46 227 46.6400 38.0400 47 1122 11.0600 -13.2800
4.6535497396e-001 2.0144241913e-001 -7.1766526922e+000
180 161 102
2 46 231 105.3800 45.7900 47 225 67.3800 -3.0700
5.2511084790e-001 1.8454147656e-001 -7.1728641924e+000
181 169 106
2 46 234 119.0400 41.9700 47 243 80.1600 -7.2100
5.5261674108e-001 1.8490080984e-001 -7.1925011267e+000
126 82 51
2 46 235 124.8800 41.9500 47 245 85.9700 -6.9200
7.8304276873e-001 1.9239093515e-001 -7.3132773210e+000
145 84 70
2 46 238 174.3500 42.8900 47 233 133.4800 -4.3400
7.8304276873e-001 1.9239093515e-001 -7.3132773210e+000
145 84 70
2 46 239 174.3500 42.8900 47 232 133.4800 -4.3400
1.7630931659e+000 2.8273658103e-001 -7.9176153196e+000
159 173 148
2 46 241 362.6700 58.2300 47 234 318.0900 18.7200
4.5456298480e-001 7.1196664257e-002 -7.0101673199e+000
144 95 75
2 46 252 105.3400 16.6100 47 1128 65.3500 -35.2000
1.7751754504e+000 7.4739616130e-002 -7.6586640475e+000
174 182 169
2 46 255 377.6100 15.9200 47 260 328.2600 -27.8400
1.8685120790e+000 -2.6544437046e-001 -7.7382507105e+000
56 57 40
2 46 325 393.6300 -55.9400 47 300 339.9600 -94.2000
1.0683893006e+000 -3.3903080834e-001 -7.3239248189e+000
93 94 66
2 46 346 237.6600 -75.4200 47 316 188.7100 -117.4300
9.8789718034e-001 -5.9691152397e-001 -7.5441060007e+000
108 103 71
2 46 416 213.3000 -128.9100 47 386 164.9700 -161.3500
1.0336763248e+000 -4.5956639461e-001 -7.4373681245e+000
99 97 66
2 46 417 226.5300 -100.7000 47 379 177.6801 -137.8900
1.0336763248e+000 -4.5956639461e-001 -7.4373681245e+000
99 97 66
2 46 418 226.5300 -100.7000 47 378 177.6801 -137.8900
1.2744833057e+000 -6.1131696026e-001 -7.7159181647e+000
87 88 65
2 46 429 269.2400 -129.1200 47 404 218.5900 -159.3500
-1.1960180448e+000 -5.6309628273e-001 -6.2194759726e+000
74 66 57
2 46 464 -313.5000 -147.5100 47 492 -337.2700 -198.5900
-8.2457829723e-002 -5.6284737546e-001 -6.9240019354e+000
127 112 77
2 46 483 -19.6800 -132.4100 47 436 -58.0300 -172.8300
-8.2457829723e-002 -5.6284737546e-001 -6.9240019354e+000
127 112 77
2 46 484 -19.6800 -132.4100 47 437 -58.0300 -172.8300
3.5071935004e-001 -7.3181058479e-001 -7.3478655545e+000
136 118 80
2 46 499 77.4900 -162.2300 47 455 34.8800 -192.7300
1.0087749720e+000 -7.2558949562e-001 -7.6502083548e+000
114 106 73
2 46 512 215.0601 -154.5900 47 469 165.7000 -182.7600
1.0866181424e+000 -6.4460866278e-001 -7.6491800151e+000
66 62 34
2 46 514 231.5800 -137.3400 47 468 182.1899 -167.3000
-1.2825375475e+000 -7.1428847200e-001 -6.3115871714e+000
76 67 60
2 46 543 -331.1700 -184.4000 47 571 -354.0200 -228.8500
-1.0550958252e-001 -8.0005026549e-001 -7.1286942882e+000
139 122 92
2 46 566 -24.1300 -182.8700 47 505 -63.0400 -213.8900
1.1901506445e+000 -8.9624352796e-001 -8.0171857171e+000
94 91 64
2 46 606 241.8199 -182.1400 47 547 192.5200 -201.5900
-4.5336926504e-001 -9.5141352959e-001 -7.1189604221e+000
140 124 99
2 46 655 -103.8200 -217.7600 47 587 -138.6700 -243.7900
-3.8254473877e-001 -9.0953330135e-001 -7.0784869652e+000
136 120 97
2 46 656 -88.0100 -209.3800 47 588 -124.0400 -237.5600
-2.2651477459e-001 -9.5857431701e-001 -7.2405429792e+000
135 118 90
2 46 660 -50.9300 -215.7300 47 593 -88.6400 -240.5500
-2.2651477459e-001 -9.5857431701e-001 -7.2405429792e+000
135 118 90
2 46 661 -50.9300 -215.7300 47 594 -88.6400 -240.5500
9.7544454259e-002 -1.0112671415e+000 -7.4640345128e+000
138 122 86
2 46 671 21.3700 -220.7800 47 607 -19.8600 -242.2000
9.7544454259e-002 -1.0112671415e+000 -7.4640345128e+000
138 122 86
2 46 672 21.3700 -220.7800 47 608 -19.8600 -242.2000
6.3230734879e-001 -1.0969890594e+000 -7.8734968063e+000
78 66 40
2 46 685 131.1200 -227.0800 47 630 84.8900 -242.5000
1.2509058713e+000 -1.0356705124e+000 -8.1951886297e+000
65 63 38
2 46 710 248.8800 -205.9600 47 561 198.7100 -220.3100
-2.2786110827e-001 -1.1305352635e+000 -7.4128116383e+000
131 115 81
2 46 739 -49.9600 -248.5300 47 683 -87.9400 -266.6500
6.2428286576e-002 -1.1175330901e+000 -7.6059281355e+000
137 121 89
2 46 750 13.4100 -239.4200 47 610 -27.1200 -255.9700
4.1141558688e-002 -1.1662147530e+000 -7.6285654131e+000
126 112 77
2 46 754 8.7800 -249.1000 47 688 -31.5600 -264.2600
2.0496669524e-001 -1.2145409057e+000 -7.7529263583e+000
87 71 46
2 46 763 43.3300 -255.3100 47 703 0.7800 -268.2900
2.0496669524e-001 -1.2145409057e+000 -7.7529263583e+000
87 71 46
2 46 764 43.3300 -255.3100 47 704 0.7800 -268.2900
6.4980419734e-001 -1.2479711119e+000 -8.0849695630e+000
79 65 38
2 46 777 131.1700 -251.5600 47 723 85.2300 -260.9100
6.4980419734e-001 -1.2479711119e+000 -8.0849695630e+000
79 65 38
2 46 778 131.1700 -251.5600 47 724 85.2300 -260.9100
-6.6288682211e-001 -1.2783578226e+000 -7.3199269908e+000
57 47 38
2 46 844 -147.4800 -284.5800 47 770 -180.4200 -298.8000
-5.4523993915e-001 -1.2718784930e+000 -7.4043210177e+000
82 67 44
2 46 847 -119.8500 -279.9200 47 780 -154.2400 -293.4400
-8.9437126737e-003 -1.3001530031e+000 -7.7734269953e+000
115 101 72
2 46 862 -1.6800 -272.5700 47 693 -41.8000 -282.3500
1.5863371822e-001 -1.3393617092e+000 -7.8802393503e+000
92 76 51
2 46 877 32.9700 -276.9800 47 699 -8.8600 -285.3100
1.9890967777e-001 -1.3965688329e+000 -7.9592171704e+000
88 72 46
2 46 878 41.0800 -285.9800 47 701 -1.5400 -292.1700
1.9890967777e-001 -1.3965688329e+000 -7.9592171704e+000
88 72 46
2 46 879 41.0800 -285.9800 47 702 -1.5400 -292.1700
5.5127061273e-001 -1.3067089691e+000 -8.0626686472e+000
88 74 50
2 46 885 111.6400 -264.1300 47 721 66.2500 -272.3100
5.1831674293e-001 -1.3888539531e+000 -8.1084193991e+000
95 81 54
2 46 886 104.5000 -279.1700 47 719 59.0100 -285.0000
9.2625686668e-001 -1.4714017517e+000 -8.4821108122e+000
74 65 42
2 46 910 178.2900 -282.7400 47 748 130.0800 -283.7600
-1.3464625122e+000 -1.6295934772e+000 -7.3674648665e+000
114 98 72
2 46 1121 -297.4800 -360.4500 47 899 -322.0100 -362.0800
2.3413037869e+000 -1.7405358869e+000 -7.2690861258e+000
187 180 172
2 46 1142 524.9900 -390.2100 47 921 442.0900 -416.7600
-2.3479835745e+000 2.0831045031e+000 -8.1083326148e+000
180 174 137
2 46 1182 -471.8500 418.6200 47 944 -479.1300 401.5700
-1.6439292239e+000 2.4144782055e+000 -9.0216611207e+000
241 216 207
2 46 1183 -296.3900 436.0400 47 1497 -306.1000 433.3300
-1.6072464229e+000 2.3455704633e+000 -8.9028728876e+000
162 150 104
2 46 1184 -293.8800 429.2700 47 1498 -303.5100 424.0200
-2.3356233775e+000 1.9778720988e+000 -8.0014964623e+000
138 139 102
2 46 1191 -475.8000 402.7900 47 1505 -482.9000 383.3100
-2.2699385332e+000 1.9494078476e+000 -7.9847434802e+000
187 178 135
2 46 1193 -462.9800 397.8000 47 1517 -471.2600 377.5900
-2.0197148522e+000 2.0633964558e+000 -8.2159320344e+000
180 177 145
2 46 1194 -400.1900 409.2000 47 1511 -409.6500 392.4800
-2.0223554877e+000 2.0687636260e+000 -8.2381688340e+000
180 177 145
2 46 1195 -400.1900 409.2000 47 947 -408.4900 392.8900
-7.6212918914e-001 2.3391843185e+000 -9.3610157398e+000
188 170 134
2 46 1197 -132.0000 407.0900 47 1512 -144.2900 405.4000
6.1984492966e-002 2.3584800741e+000 -9.8100987699e+000
166 133 122
2 46 1199 10.4300 391.7200 47 951 -2.0800 392.9500
-1.2499553418e+000 1.5789313518e+000 -7.8975124978e+000
194 189 186
2 46 1213 -257.8800 325.7700 47 1529 -272.0200 297.5300
-1.2505923827e+000 1.5798647517e+000 -7.9022405963e+000
194 189 186
2 46 1214 -257.8800 325.7700 47 966 -271.9600 297.6400
2.5850726577e-001 1.9870684070e+000 -9.3834580057e+000
144 103 83
2 46 1215 44.9900 345.0400 47 962 28.9900 337.8300
2.5850726577e-001 1.9870684070e+000 -9.3834580057e+000
144 103 83
2 46 1216 44.9900 345.0400 47 963 28.9900 337.8300
7.2898997021e-001 1.9496283594e+000 -9.5134173774e+000
83 81 79
2 46 1217 125.1899 333.8700 47 79 107.2700 326.4700
-1.2623385206e+000 1.3792729681e+000 -7.6406143176e+000
146 67 73
2 46 1227 -269.6300 294.1900 47 1535 -283.8400 260.3200
-1.2575345656e+000 1.2265203757e+000 -7.4489772035e+000
208 193 201
2 46 1237 -275.0000 268.2900 47 988 -291.0500 230.2700
7.4156711060e-001 1.4338794140e+000 -8.8891253241e+000
165 155 119
2 46 1239 136.0500 262.8200 47 1539 113.0200 244.4000
7.0390658800e-001 1.3869365661e+000 -8.7958550303e+000
161 153 117
2 46 1240 130.5200 256.9100 47 993 106.9900 236.9700
9.8933513774e-001 1.4075415711e+000 -8.9890648219e+000
139 138 127
2 46 1243 179.2100 255.1700 47 997 155.6700 237.2600
1.0727736260e+000 1.4072365165e+000 -9.0314032052e+000
151 134 92
2 46 1244 193.7200 253.8600 47 1543 169.3500 236.4300
-1.0271310649e+000 1.1101914774e+000 -7.3993712053e+000
160 66 68
2 46 1251 -225.8400 244.4400 47 1547 -244.7200 204.2300
-1.0271310649e+000 1.1101914774e+000 -7.3993712053e+000
160 66 68
2 46 1252 -225.8400 244.4400 47 1548 -244.7200 204.2300
-1.1237388150e+000 1.0168400526e+000 -7.2340516092e+000
159 72 72
2 46 1254 -253.3000 229.0600 47 1558 -270.9600 185.4900
-1.0821891770e+000 9.9281107185e-001 -7.2294031918e+000
200 190 186
2 46 1255 -244.4400 223.8300 47 1559 -261.8600 179.9200
6.8465008684e-001 1.3399500320e+000 -8.7272314591e+000
102 96 84
2 46 1259 127.8300 250.1800 47 1540 104.0500 229.0500
6.8790838674e-001 1.1791766541e+000 -8.5304895602e+000
171 170 137
2 46 1261 132.2500 225.0800 47 1551 104.8000 200.7600
-6.6331293003e-001 8.3698350749e-001 -7.2134706442e+000
206 183 128
2 46 1264 -150.1700 189.1100 47 1020 -172.4200 142.9800
9.1876812563e-001 1.0260646104e+000 -8.4552387315e+000
88 82 81
2 46 1266 177.4000 197.6700 47 1016 148.1200 170.8100
1.2401299558e+000 1.1461866425e+000 -8.7782199965e+000
155 162 151
2 46 1268 230.3400 212.7300 47 1554 202.0601 190.1400
-7.7973982136e-002 7.4311574274e-001 -7.6135296807e+000
82 85 71
2 46 1272 -16.7400 159.0500 47 1575 -43.8100 120.3900
-5.7687842576e-002 7.7549452518e-001 -7.6568466316e+000
190 179 156
2 46 1273 -12.5100 165.0700 47 1021 -39.0000 127.0600
-5.7687842576e-002 7.7549452518e-001 -7.6568466316e+000
190 179 156
2 46 1274 -12.5100 165.0700 47 1022 -39.0000 127.0600
5.9694611545e-002 6.6823757817e-001 -7.5571551876e+000
196 186 156
2 46 1287 12.7100 144.1100 47 1036 -16.0400 103.6200
5.9694611545e-002 6.6823757817e-001 -7.5571551876e+000
196 186 156
2 46 1288 12.7100 144.1100 47 1037 -16.0400 103.6200
5.2712220158e-001 5.8888004103e-001 -7.6974833573e+000
188 163 105
2 46 1296 110.8800 124.7900 47 1584 79.3300 85.1300
9.0342283236e-001 7.1558067055e-001 -8.0367333185e+000
179 175 145
2 46 1300 183.0900 145.1000 47 1043 150.1300 110.5100
1.0629542116e+000 6.0295260390e-001 -7.9341689053e+000
148 149 91
2 46 1301 218.3900 123.8100 47 1585 182.2900 86.6500
2.1449856032e-002 5.4012635138e-001 -7.4014701540e+000
193 181 144
2 46 1306 4.3000 118.9800 47 1580 -25.1400 75.7100
1.3943939699e-001 4.5679940545e-001 -7.3606697841e+000
80 71 54
2 46 1309 31.0000 101.1000 47 1078 -1.4700 56.9300
1.2593104800e-001 4.2483852730e-001 -7.3118558800e+000
177 163 125
2 46 1310 27.9200 94.7000 47 1080 -4.3300 49.5300
1.2593104800e-001 4.2483852730e-001 -7.3118558800e+000
177 163 125
2 46 1311 27.9200 94.7000 47 1079 -4.3300 49.5300
2.8906994292e-001 5.6702384168e-001 -7.5547939870e+000
189 172 118
2 46 1313 62.2800 122.3100 47 1059 30.6000 81.0900
2.8410564739e-001 5.2906526057e-001 -7.5239504237e+000
146 97 69
2 46 1315 61.2400 114.6300 47 1063 29.6200 72.9000
5.4371391180e-001 4.8863132422e-001 -7.5752342226e+000
148 101 74
2 46 1321 116.7200 105.1500 47 1065 82.6000 63.3500
9.8319582479e-001 4.5182841265e-001 -7.7519148240e+000
186 179 151
2 46 1323 206.8300 94.9400 47 1596 168.7700 55.1500
1.5683322623e+000 4.8620178052e-001 -8.0796811072e+000
155 170 146
2 46 1327 316.3900 98.0300 47 1071 276.1400 62.0000
1.0947789605e-001 2.6203274649e-001 -7.0817562747e+000
177 162 116
2 46 1330 24.8500 60.3500 47 1099 -9.2200 10.6800
1.5638322460e-001 3.6197908289e-001 -7.2269380102e+000
185 171 123
2 46 1331 35.0000 81.6600 47 1082 1.7800 34.5800
1.8566999095e-001 3.0772630862e-001 -7.1678887181e+000
181 168 126
2 46 1334 41.8900 70.0100 47 1102 7.7600 21.6700
3.9632423222e-001 3.5974171859e-001 -7.3458181724e+000
191 170 117
2 46 1337 87.3600 79.9000 47 1087 52.9500 34.2400
3.9632423222e-001 3.5974171859e-001 -7.3458181724e+000
191 170 117
2 46 1338 87.3600 79.9000 47 1088 52.9500 34.2400
5.9430578341e-001 3.9528885046e-001 -7.4871726559e+000
139 96 68
2 46 1341 129.1200 86.0700 47 1089 93.2300 42.5400
5.9430578341e-001 3.9528885046e-001 -7.4871726559e+000
139 96 68
2 46 1342 129.1200 86.0700 47 1090 93.2300 42.5400
1.7377445767e+000 3.3225783880e-001 -7.9559699415e+000
145 159 134
2 46 1346 355.5699 68.1300 47 1601 312.3500 29.1600
-2.6018359226e+000 2.1990233082e-001 -8.3232200539e+000
183 78 92
2 46 1348 -508.5200 43.0000 47 1072 -517.3400 40.8400
2.7405525099e-001 1.9299994977e-001 -7.0724977693e+000
72 81 71
2 46 1351 62.8400 44.5200 47 1123 26.2800 -5.7600
4.2028362720e-001 2.6127211280e-001 -7.2383195952e+000
149 100 72
2 46 1354 94.2700 58.8800 47 1104 57.7600 11.3100
4.9730570038e-001 2.3952899866e-001 -7.2305077876e+000
177 170 102
2 46 1355 111.8600 54.0200 47 1106 74.0400 5.9900
4.9730570038e-001 2.3952899866e-001 -7.2305077876e+000
177 170 102
2 46 1356 111.8600 54.0200 47 1107 74.0400 5.9900
7.5830488384e-001 2.4143252399e-001 -7.3792336034e+000
145 95 70
2 46 1357 167.1100 53.3800 47 1110 127.8400 7.4300
3.9732233889e-001 8.0167916004e-002 -6.9704856790e+000
72 76 68
2 46 1365 92.5100 18.8100 47 1126 53.1000 -33.8500
3.9732233889e-001 8.0167916004e-002 -6.9704856790e+000
72 76 68
2 46 1366 92.5100 18.8100 47 1127 53.1000 -33.8500
4.2544402311e-001 9.2893049979e-002 -6.9946185223e+000
177 163 96
2 46 1367 98.9000 21.6800 47 242 59.1000 -30.6000
8.2872108367e-001 8.5199344669e-002 -7.2098294155e+000
141 99 66
2 46 1368 187.0800 19.3000 47 1132 144.1801 -29.8100
-1.8274171853e-001 -2.5076881127e-001 -6.5508650472e+000
72 63 34
2 46 1389 -46.1700 -62.2600 47 304 -82.3000 -117.8300
5.7040226510e-001 -2.5029975843e-001 -6.9830099911e+000
107 102 59
2 46 1394 133.0699 -58.4000 47 309 88.1801 -107.0800
7.7086292552e-001 -2.4260923858e-001 -7.0626766213e+000
105 101 63
2 46 1400 177.5000 -55.9000 47 1195 131.4301 -104.1500
9.3447043093e-001 -1.8033899531e-001 -7.0996735961e+000
65 65 39
2 46 1401 214.3800 -41.3700 47 1157 166.6400 -90.6000
9.3447043093e-001 -1.8033899531e-001 -7.0996735961e+000
65 65 39
2 46 1402 214.3800 -41.3700 47 1156 166.6400 -90.6000
9.8113184820e-001 -2.8257197432e-001 -7.2331622271e+000
63 62 39
2 46 1405 220.9500 -63.6400 47 1199 172.8400 -108.1800
1.0132531718e+000 -1.8148929944e-001 -7.1740391433e+000
64 64 40
2 46 1406 229.7700 -41.1400 47 1160 182.3000 -89.0600
9.9204639997e-001 -2.3485773942e-001 -7.1784362115e+000
65 65 39
2 46 1411 224.9100 -53.2500 47 1161 177.0400 -100.0900
1.1115496727e+000 -3.0444054589e-001 -7.2974565043e+000
65 64 44
2 46 1416 248.1600 -67.9700 47 1205 198.7800 -111.4500
1.3108181180e+000 -2.9802481028e-001 -7.4714026800e+000
86 89 64
2 46 1421 285.5500 -64.9200 47 1212 236.1000 -105.6800
1.4882074950e+000 -3.1365087996e-001 -7.5820441103e+000
58 61 41
2 46 1429 320.0100 -67.4500 47 334 268.4100 -106.2500
-2.0002118710e-001 -2.8929446602e-001 -6.5621058316e+000
73 62 40
2 46 1450 -50.0100 -71.7800 47 1188 -86.8400 -126.0700
4.1779959284e-001 -4.2216669329e-001 -7.0501772187e+000
87 77 49
2 46 1456 96.4500 -97.5500 47 367 52.8300 -140.6700
9.2098778758e-001 -3.5632549554e-001 -7.2738071008e+000
99 96 63
2 46 1459 206.1200 -79.7800 47 310 158.6700 -121.8400
8.7221924055e-001 -4.1203586699e-001 -7.2989548837e+000
64 60 31
2 46 1460 194.6500 -91.9700 47 1198 147.2500 -132.1700
9.7212288086e-001 -3.9300833230e-001 -7.2977591148e+000
95 95 61
2 46 1462 216.9600 -87.7300 47 313 168.5601 -128.9600
1.0011493413e+000 -4.2797705655e-001 -7.3597247350e+000
64 59 34
2 46 1464 221.5900 -94.7400 47 1242 173.0000 -134.1100
1.0094913349e+000 -3.0918768865e-001 -7.2872715716e+000
96 95 64
2 46 1466 225.4301 -69.0700 47 1202 177.6600 -112.1500
1.0420188017e+000 -4.1185659703e-001 -7.3683398111e+000
96 97 64
2 46 1474 230.3500 -91.0600 47 317 181.5300 -130.7500
1.0420188017e+000 -4.1185659703e-001 -7.3683398111e+000
96 97 64
2 46 1475 230.3500 -91.0600 47 318 181.5300 -130.7500
1.1899894075e+000 -3.5279113924e-001 -7.4913773797e+000
58 59 40
2 46 1479 258.4600 -76.6500 47 323 210.1400 -115.3600
1.2495014233e+000 -3.8784914364e-001 -7.5486876366e+000
63 61 41
2 46 1480 269.6700 -83.7100 47 1209 220.1801 -120.8000
1.4767278668e+000 -4.4154378486e-001 -7.6800045363e+000
83 85 63
2 46 1494 313.3500 -93.6900 47 341 261.8300 -128.4700
-9.0061511597e-001 -4.7897572160e-001 -6.3169471186e+000
72 69 60
2 46 1508 -232.8100 -123.4900 47 1259 -260.4100 -175.9300
-8.5744053441e-001 -5.0257249833e-001 -6.3652301395e+000
73 68 57
2 46 1509 -220.0900 -128.5800 47 1261 -248.1800 -179.5000
-7.9171312706e-003 -4.2369759714e-001 -6.8028046845e+000
82 67 35
2 46 1517 -2.0500 -101.4600 47 1232 -41.5000 -147.9900
-1.0700771438e-001 -5.4057854856e-001 -6.8602897987e+000
85 69 42
2 46 1518 -25.5800 -128.3700 47 1266 -64.0400 -170.6000
1.8025683522e-002 -4.4741849701e-001 -6.8811535274e+000
120 106 69
2 46 1521 3.8200 -105.8700 47 361 -35.0600 -150.2000
1.8025683522e-002 -4.4741849701e-001 -6.8811535274e+000
120 106 69
2 46 1522 3.8200 -105.8700 47 360 -35.0600 -150.2000
8.4519382672e-001 -6.0566507810e-001 -7.5006492094e+000
117 108 63
2 46 1535 183.4000 -131.5300 47 376 136.6200 -163.9200
8.7433509426e-001 -6.0024491610e-001 -7.4697261351e+000
76 65 51
2 46 1537 190.6000 -130.9100 47 1240 143.0900 -164.2500
8.8253772942e-001 -4.9092227611e-001 -7.4136978162e+000
109 106 65
2 46 1539 193.7900 -107.8600 47 1239 146.7700 -144.2300
9.9611759301e-001 -4.6288947829e-001 -7.4103192507e+000
68 66 41
2 46 1543 218.8800 -101.7500 47 1244 170.6600 -139.3900
1.0582418848e+000 -6.1879749516e-001 -7.6283460251e+000
98 98 64
2 46 1550 226.0100 -132.1700 47 392 177.2900 -162.8500
1.1711688361e+000 -5.9121686405e-001 -7.6421969204e+000
62 61 40
2 46 1551 249.6801 -126.0500 47 396 200.0100 -157.5800
-1.1116856820e+000 -5.2427984351e-001 -6.2270351415e+000
76 69 63
2 46 1575 -291.1700 -137.1600 47 432 -316.0200 -189.5600
-1.1314209680e+000 -5.9317034836e-001 -6.2825995182e+000
133 116 106
2 46 1577 -293.4800 -153.8400 47 493 -318.6400 -202.9300
-1.0859413255e+000 -5.7726274869e-001 -6.3048388361e+000
135 118 111
2 46 1578 -281.0100 -149.1500 47 494 -306.2000 -198.3800
-9.8408370296e-001 -5.2268796600e-001 -6.2938796781e+000
112 105 94
2 46 1579 -254.7800 -135.3200 47 433 -282.2300 -186.7400
-2.3711680619e-001 -6.7952099187e-001 -6.9241409054e+000
80 66 37
2 46 1583 -56.0500 -159.8700 47 1309 -92.9900 -197.0700
-1.0369052929e-001 -6.2079542129e-001 -6.9426916010e+000
134 119 79
2 46 1587 -24.2800 -145.7100 47 441 -63.2800 -184.3600
1.7041883314e-001 -7.0764510612e-001 -7.1822244238e+000
99 85 64
2 46 1594 38.6900 -160.5500 47 1273 -3.1300 -193.8700
2.1018337905e-001 -7.0252712083e-001 -7.2240066624e+000
137 119 86
2 46 1596 47.2900 -158.4400 47 448 5.5500 -191.2100
2.1018337905e-001 -7.0252712083e-001 -7.2240066624e+000
137 119 86
2 46 1597 47.2900 -158.4400 47 449 5.5500 -191.2100
2.3665082328e-001 -7.2491122476e-001 -7.2589132743e+000
85 70 47
2 46 1599 52.9900 -162.7000 47 450 11.0000 -194.4800
3.6961957925e-001 -6.8082564636e-001 -7.3123747614e+000
136 117 75
2 46 1603 82.1500 -151.6700 47 1278 39.2800 -183.9100
3.8443910659e-001 -7.2319538728e-001 -7.3305742882e+000
81 65 37
2 46 1605 85.4399 -160.7500 47 1279 41.7800 -191.9000
8.8019196099e-001 -6.8638536934e-001 -7.5480469888e+000
116 104 68
2 46 1609 190.1300 -148.2000 47 458 141.9600 -178.3800
8.4134730930e-001 -7.0055585560e-001 -7.5701862315e+000
92 81 53
2 46 1614 180.9500 -150.7600 47 1280 133.8500 -180.1000
8.4134730930e-001 -7.0055585560e-001 -7.5701862315e+000
92 81 53
2 46 1615 180.9500 -150.7600 47 1281 133.8500 -180.1000
9.3056291888e-001 -6.7527697781e-001 -7.6077302157e+000
76 66 38
2 46 1618 199.1600 -144.6000 47 459 151.5200 -174.1000
9.9566131482e-001 -6.7558344051e-001 -7.6275075538e+000
78 72 45
2 46 1622 212.5500 -144.2900 47 1282 164.3000 -173.7900
-1.3406982580e+000 -6.3819149182e-001 -6.2175012094e+000
68 61 51
2 46 1635 -351.4000 -167.2500 47 1290 -373.0900 -215.5500
-1.2679297458e+000 -6.3897161368e-001 -6.2560428617e+000
109 105 93
2 46 1636 -330.2100 -166.4300 47 491 -353.3200 -214.1800
-1.1985468173e+000 -7.4198326789e-001 -6.4211760365e+000
74 63 60
2 46 1639 -303.8400 -188.3200 47 575 -328.8900 -229.7700
-9.8672230992e-001 -7.3600700951e-001 -6.5093908364e+000
73 64 57
2 46 1643 -246.9100 -184.2500 47 1301 -274.8900 -225.1900
-9.8672230992e-001 -7.3600700951e-001 -6.5093908364e+000
73 64 57
2 46 1644 -246.9100 -184.2500 47 1300 -274.8900 -225.1900
-9.1584951704e-001 -7.8032734530e-001 -6.5753419520e+000
111 102 93
2 46 1648 -227.3900 -193.3200 47 582 -255.4800 -232.3200
-3.5677737361e-001 -7.5833320320e-001 -6.9478509813e+000
84 68 45
2 46 1653 -83.6000 -177.8600 47 500 -119.8200 -212.0500
-2.5812183717e-001 -7.4510731427e-001 -6.9852402768e+000
90 74 48
2 46 1659 -60.2200 -173.8100 47 1306 -97.4300 -208.0900
-1.5273383583e-001 -7.6426247690e-001 -7.0969266870e+000
141 122 92
2 46 1663 -35.2100 -175.4500 47 1316 -73.1500 -207.5500
-2.1372408079e-001 -8.4592128665e-001 -7.1343359999e+000
103 85 63
2 46 1666 -48.9000 -193.1900 47 1318 -86.4000 -222.5200
-9.9347740131e-002 -7.6935565184e-001 -7.0457247923e+000
134 118 84
2 46 1668 -22.9000 -177.9400 47 1321 -62.3600 -211.4600
-7.8821103217e-002 -8.0956534535e-001 -7.1883860949e+000
85 69 44
2 46 1671 -17.8700 -183.5100 47 506 -56.8900 -213.1800
-5.0647477019e-002 -8.3274001368e-001 -7.2171529273e+000
139 123 94
2 46 1672 -11.5000 -188.0000 47 507 -50.7600 -216.8400
-5.0647477019e-002 -8.3274001368e-001 -7.2171529273e+000
139 123 94
2 46 1673 -11.5000 -188.0000 47 508 -50.7600 -216.8400
1.1408399741e-001 -8.7701905242e-001 -7.3449741795e+000
87 72 50
2 46 1676 25.3500 -194.5700 47 1332 -15.8700 -220.9300
7.2911919185e-001 -9.1419666172e-001 -7.7163240788e+000
122 111 65
2 46 1684 154.1100 -193.0800 47 520 107.1899 -215.1400
8.3504567210e-001 -8.1765699526e-001 -7.6653653098e+000
117 108 69
2 46 1687 177.6400 -173.8400 47 523 129.8400 -199.1600
8.3504567210e-001 -8.1765699526e-001 -7.6653653098e+000
117 108 69
2 46 1688 177.6400 -173.8400 47 524 129.8400 -199.1600
9.0819730555e-001 -9.2774693490e-001 -7.8388885500e+000
74 64 37
2 46 1694 188.9301 -192.8800 47 533 140.7100 -213.4400
1.0848401716e+000 -8.1999262882e-001 -7.8044464929e+000
75 68 43
2 46 1700 226.4900 -171.2000 47 471 177.1400 -195.3100
1.0848401716e+000 -8.1999262882e-001 -7.8044464929e+000
75 68 43
2 46 1701 226.4900 -171.2000 47 472 177.1400 -195.3100
1.2226930929e+000 -8.7915840024e-001 -7.9795827539e+000
64 62 41
2 46 1705 249.7800 -179.5500 47 556 199.5900 -200.1000
-1.0061538798e+000 -9.3617413365e-001 -6.6846324564e+000
70 67 56
2 46 1716 -245.4400 -228.1800 47 1353 -272.9500 -260.4700
-5.8696008591e-001 -9.4945898264e-001 -7.0335853586e+000
71 52 45
2 46 1718 -136.1700 -219.9300 47 584 -169.1300 -246.9800
-5.1112074476e-001 -8.7655732798e-001 -6.9479314537e+000
58 44 36
2 46 1719 -120.0200 -205.5500 47 585 -154.1600 -236.4800
-3.4634490978e-001 -9.8601069307e-001 -7.1919368013e+000
84 69 47
2 46 1724 -78.5100 -223.3900 47 590 -114.7600 -247.9500
-2.4717659821e-001 -1.0135771453e+000 -7.2855541762e+000
135 120 89
2 46 1728 -55.3500 -226.6800 47 595 -92.6300 -249.4500
-6.0458274048e-002 -9.5027934694e-001 -7.3431826568e+000
93 78 52
2 46 1736 -13.5100 -210.8500 47 598 -52.6000 -234.8300
-9.5548110747e-002 -1.0323646344e+000 -7.3711907206e+000
100 84 61
2 46 1743 -21.0100 -228.2300 47 1368 -60.4000 -249.8600
9.0879987010e-002 -9.3171921724e-001 -7.3802003444e+000
90 76 49
2 46 1744 20.1700 -205.7300 47 1369 -21.0200 -230.2100
2.1367570289e-001 -1.0146231437e+000 -7.5447876558e+000
83 67 45
2 46 1752 46.3700 -219.1700 47 614 3.8000 -239.6100
4.4860441470e-001 -9.8160378901e-001 -7.6526104566e+000
81 64 40
2 46 1754 95.5200 -209.0100 47 626 51.3700 -229.4900
7.3655672550e-001 -9.9844992532e-001 -7.8157242185e+000
86 74 42
2 46 1758 153.8900 -208.2300 47 522 106.5900 -226.9500
6.9853011210e-001 -1.1003017769e+000 -7.9089032774e+000
83 66 44
2 46 1761 144.2400 -226.7600 47 1374 97.3199 -241.8600
-1.0706406021e+000 -9.5883025164e-001 -6.6671725005e+000
71 67 61
2 46 1786 -261.7200 -234.3300 47 1379 -288.5500 -266.0400
-1.0706406021e+000 -9.5883025164e-001 -6.6671725005e+000
71 67 61
2 46 1787 -261.7200 -234.3300 47 1380 -288.5500 -266.0400
-5.6082183497e-001 -1.0055804941e+000 -7.0838572081e+000
55 45 37
2 46 1788 -128.9100 -231.3200 47 1358 -162.9200 -256.2900
-4.9506499347e-001 -1.0615491387e+000 -7.2027074035e+000
134 118 94
2 46 1793 -111.9400 -240.1600 47 678 -146.6300 -262.0100
-3.0539402707e-001 -1.0962607129e+000 -7.3621964394e+000
94 79 58
2 46 1798 -67.6000 -242.6300 47 1392 -104.2900 -261.9000
-3.9381552235e-001 -1.1077129203e+000 -7.2995513321e+000
90 74 55
2 46 1799 -87.9100 -247.2700 47 1389 -123.7400 -266.9900
-3.3723070282e-001 -1.1777540153e+000 -7.4584989666e+000
97 81 57
2 46 1801 -73.7500 -257.2900 47 1393 -109.8600 -272.9900
-3.3723070282e-001 -1.1777540153e+000 -7.4584989666e+000
97 81 57
2 46 1802 -73.7500 -257.2900 47 1394 -109.8600 -272.9900
-2.4353132119e-001 -1.0977041897e+000 -7.3813114492e+000
98 83 57
2 46 1804 -53.6500 -242.3400 47 681 -91.3500 -261.5800
-2.2059603571e-001 -1.1944428986e+000 -7.4983320799e+000
89 74 44
2 46 1808 -47.8900 -259.5700 47 686 -85.7400 -274.9500
-1.2856121724e-001 -1.0356577871e+000 -7.3641506584e+000
136 122 90
2 46 1810 -28.4900 -229.1500 47 596 -67.1700 -250.7000
4.1373869839e-002 -1.0744925891e+000 -7.4918372479e+000
92 77 53
2 46 1813 9.2300 -233.7400 47 606 -31.8200 -253.0600
2.9466121521e-001 -1.1482808003e+000 -7.7265810369e+000
89 74 49
2 46 1822 62.3000 -242.1900 47 624 19.0800 -257.4000
2.9466121521e-001 -1.1482808003e+000 -7.7265810369e+000
89 74 49
2 46 1823 62.3000 -242.1900 47 625 19.0800 -257.4000
2.7872319725e-001 -1.1935944074e+000 -7.7916159524e+000
93 77 51
2 46 1826 58.3700 -249.6300 47 706 15.6200 -262.8000
2.3778607124e-001 -1.2029952717e+000 -7.7498318259e+000
130 116 81
2 46 1828 50.1700 -252.9700 47 705 7.4200 -266.4500
-5.9096113530e-001 -1.2320920855e+000 -7.3340383264e+000
93 77 58
2 46 1854 -131.2400 -273.7500 47 1383 -164.8900 -289.0800
-4.2403505908e-001 -1.1938988541e+000 -7.3568345609e+000
84 69 48
2 46 1860 -93.6900 -264.4700 47 1386 -129.7700 -281.1600
-1.6876539000e-001 -1.3865099280e+000 -7.7223346224e+000
97 82 55
2 46 1866 -35.3200 -292.6100 47 792 -74.3300 -300.7100
-3.2922963764e-002 -1.2705831028e+000 -7.7028140566e+000
88 78 50
2 46 1867 -6.7300 -268.8200 47 692 -46.8300 -280.2100
2.4741575907e-002 -1.2790331655e+000 -7.7074201176e+000
89 77 54
2 46 1872 5.5400 -270.4600 47 694 -35.4900 -281.9700
4.7401012884e-003 -1.3383330570e+000 -7.8058276604e+000
87 73 46
2 46 1873 1.1900 -279.4100 47 1399 -39.1700 -288.0500
-1.0022552018e+000 -1.3311746723e+000 -7.1850734044e+000
123 107 82
2 46 1894 -226.9600 -301.9300 47 763 -256.0200 -315.2600
-1.0649087210e+000 -1.3979347173e+000 -7.2374038674e+000
90 75 49
2 46 1897 -239.2400 -314.8000 47 1438 -267.8700 -325.3100
-6.5752488535e-001 -1.4780626152e+000 -7.5901223475e+000
127 113 86
2 46 1909 -140.9600 -317.3400 47 779 -174.1900 -322.8700
-2.3032904403e-001 -1.5479838723e+000 -7.8977451692e+000
93 77 51
2 46 1920 -47.2700 -319.4200 47 795 -85.4300 -321.3300
-1.1200820754e+000 -1.6139088315e+000 -7.4404321851e+000
112 99 71
2 46 1962 -244.7000 -353.5200 47 1443 -273.0600 -355.7200
-9.9289246696e-001 -1.5508402272e+000 -7.4762241962e+000
73 60 41
2 46 1963 -216.1500 -338.0400 47 1446 -245.3600 -341.8500
-7.6578959112e-001 -1.6785243710e+000 -7.7578473537e+000
94 80 59
2 46 1966 -160.4000 -352.6200 47 853 -192.9800 -350.8500
-7.6578959112e-001 -1.6785243710e+000 -7.7578473537e+000
94 80 59
2 46 1967 -160.4000 -352.6200 47 852 -192.9800 -350.8500
-5.6944290245e-001 -1.5594674940e+000 -7.7178840630e+000
93 79 53
2 46 1972 -119.9300 -329.2900 47 858 -154.4900 -331.7100
-4.3646026297e-001 -1.5823168556e+000 -7.8188991893e+000
97 82 55
2 46 1976 -90.5400 -329.8200 47 863 -126.8600 -331.0000
-1.5592742241e+000 -1.6441923682e+000 -7.2229317361e+000
121 108 72
2 46 2002 -351.1700 -370.9800 47 1463 -373.0700 -373.1800
-1.5208372906e+000 -1.7210659788e+000 -7.3586849371e+000
109 98 70
2 46 2004 -336.2800 -381.1500 47 1465 -358.7400 -379.7900
-1.3892920704e+000 -1.7213226070e+000 -7.4311499339e+000
111 96 68
2 46 2005 -304.3600 -377.4700 47 900 -328.3700 -375.9000
-1.0595380874e+000 -1.6445862363e+000 -7.5118437451e+000
108 97 71
2 46 2011 -229.4400 -356.7900 47 905 -258.2400 -357.6700
-1.0010611018e+000 -1.6831077136e+000 -7.6150946978e+000
117 106 76
2 46 2012 -213.7900 -360.2000 47 907 -243.4000 -359.0500
2.3171036073e+000 -1.7102457445e+000 -7.3029677706e+000
188 181 174
2 46 2016 517.4800 -381.7400 47 1482 435.2200 -407.8900
-2.1914085101e+000 2.2258336793e+000 -8.3961661551e+000
105 114 85
2 46 2033 -424.7500 431.9300 47 1495 -433.5100 420.1500
-2.2338496596e+000 2.0283251170e+000 -8.1088309103e+000
185 177 141
2 46 2036 -448.7900 407.5800 47 1508 -456.8300 389.8500
-2.6611484790e-001 2.1575015858e+000 -9.3554952460e+000
136 94 80
2 46 2042 -46.1300 375.7400 47 955 -59.8200 370.9700
1.4384299285e-001 2.0731516569e+000 -9.3744451374e+000
171 135 93
2 46 2045 24.2700 360.4700 47 1738 10.8000 353.4000
-1.2349363435e+000 1.7176178710e+000 -8.0737344822e+000
205 185 133
2 46 2048 -248.3000 346.5500 47 1523 -263.6600 322.2100
-2.6739289888e-001 1.9195261732e+000 -9.0189306232e+000
185 152 94
2 46 2049 -47.9700 346.7500 47 1525 -63.8000 335.9200
-1.0792292895e-001 1.7400407393e+000 -8.8805769318e+000
193 184 172
2 46 2050 -20.7700 319.4200 47 1748 -35.8800 304.7600
-1.0792292895e-001 1.7400407393e+000 -8.8805769318e+000
193 184 172
2 46 2051 -20.7700 319.4200 47 1747 -35.8800 304.7600
-1.1745950290e+000 1.3731418103e+000 -7.6651584115e+000
151 64 70
2 46 2056 -249.6900 291.9000 47 1536 -265.3400 258.1800
3.3446601743e-001 1.6901539089e+000 -9.0075320912e+000
184 177 143
2 46 2057 60.5400 305.7400 47 1530 41.5900 291.4000
-1.1954470012e+000 1.2762585811e+000 -7.5328842322e+000
153 71 68
2 46 2060 -259.3400 276.1500 47 1757 -273.8600 239.4500
-1.1343691667e+000 1.2810766899e+000 -7.5562946858e+000
150 71 75
2 46 2062 -244.4100 276.2300 47 1759 -261.2600 239.9200
1.0852421286e+000 1.5392753889e+000 -9.1970141601e+000
80 91 75
2 46 2066 192.0000 272.7700 47 1538 170.0800 257.9200
1.0556731223e+000 1.4748014440e+000 -9.1065220713e+000
168 146 105
2 46 2067 188.9900 263.8700 47 1542 165.6400 247.7800
-7.0653253688e+001 1.8029454885e+001 -1.2195207505e+002
229 85 124
2 46 2069 -945.5900 240.8500 47 1714 -945.0700 422.9000
-1.1471339040e+000 9.8757601412e-001 -7.1916645164e+000
199 186 183
2 46 2074 -260.1000 223.7800 47 1555 -277.7200 179.4000
-1.1471339040e+000 9.8757601412e-001 -7.1916645164e+000
199 186 183
2 46 2075 -260.1000 223.7800 47 1556 -277.7200 179.4000
-1.1129111005e+000 1.0644520461e+000 -7.3043639078e+000
201 185 183
2 46 2078 -248.7500 237.5100 47 1769 -265.5900 195.4100
-1.1129111005e+000 1.0644520461e+000 -7.3043639078e+000
201 185 183
2 46 2079 -248.7500 237.5100 47 1768 -265.5900 195.4100
-9.8273389706e-001 1.0773781463e+000 -7.3713312899e+000
202 192 190
2 46 2082 -217.3500 238.1700 47 1772 -235.8300 196.9800
-9.0345738331e-001 1.0776169940e+000 -7.4041478898e+000
198 199 192
2 46 2083 -198.6300 237.1300 47 1549 -218.3100 196.3500
-9.0443479841e-001 9.4267686143e-001 -7.2501405711e+000
198 192 191
2 46 2088 -203.3200 211.8700 47 1560 -223.4100 167.7500
-1.5196587599e-001 9.0794048604e-001 -7.7986060935e+000
88 82 69
2 46 2091 -31.6500 189.6900 47 1565 -56.7200 155.0400
-7.0368382165e-002 8.6378706909e-001 -7.7784676664e+000
87 86 66
2 46 2101 -14.8800 180.9700 47 1566 -40.4300 145.4900
1.2276597645e+000 8.1291973596e-001 -8.3048899119e+000
72 80 67
2 46 2103 240.8600 159.5000 47 1572 207.7600 128.4200
-6.2911023093e-002 7.0168514785e-001 -7.5725518838e+000
199 188 166
2 46 2104 -14.0500 151.0700 47 1577 -40.7400 111.4200
-6.2911023093e-002 7.0168514785e-001 -7.5725518838e+000
199 188 166
2 46 2105 -14.0500 151.0700 47 1576 -40.7400 111.4200
1.1946253430e-001 5.8688973174e-001 -7.4805261025e+000
95 82 65
2 46 2106 25.9600 127.8500 47 1582 -4.4300 85.6900
1.1718430807e+000 7.5251288321e-001 -8.2482271624e+000
85 98 66
2 46 2109 231.6400 148.6300 47 1578 197.7800 117.0800
1.1623387556e+000 6.4408849402e-001 -8.0642094163e+000
168 174 140
2 46 2110 234.8800 130.1400 47 1579 199.3101 95.0900
6.0296764427e-003 5.0132314562e-001 -7.3395272075e+000
71 93 73
2 46 2112 1.1500 111.3300 47 1583 -29.1700 66.9700
3.2418533445e-002 4.3580156086e-001 -7.2722277644e+000
75 84 75
2 46 2113 7.1300 97.6700 47 1590 -24.3300 51.9800
1.0221584276e-001 3.9475724915e-001 -7.2332026747e+000
73 86 69
2 46 2119 22.4900 89.0200 47 1591 -9.3400 42.0400
3.9364757296e-001 3.1931413713e-001 -7.3023586620e+000
140 94 61
2 46 2122 87.4700 71.3200 47 1607 52.1400 25.0200
1.5232457315e+000 4.0255842660e-001 -7.9060316335e+000
119 133 80
2 46 2125 312.7300 83.2500 47 1600 273.4399 43.3900
-2.6295338812e+000 2.9369588151e-001 -8.3199400488e+000
189 82 94
2 46 2127 -514.6500 57.5000 47 1587 -522.1800 54.7700
-2.6295338812e+000 2.9369588151e-001 -8.3199400488e+000
189 82 94
2 46 2128 -514.6500 57.5000 47 1586 -522.1800 54.7700
3.0717136980e-001 1.3638464999e-001 -7.0108241699e+000
66 80 65
2 46 2132 71.2200 31.7300 47 1807 33.1900 -19.7700
6.9499958930e-001 2.1807466138e-001 -7.3109691233e+000
180 165 109
2 46 2133 154.2200 48.7400 47 1610 115.6300 1.5200
5.9215432712e-001 8.2523518975e-002 -7.0816310283e+000
143 97 64
2 46 2143 135.9900 19.0400 47 1617 94.8800 -31.8900
5.9215432712e-001 8.2523518975e-002 -7.0816310283e+000
143 97 64
2 46 2144 135.9900 19.0400 47 1616 94.8800 -31.8900
1.3848834233e+000 1.1200271524e-001 -7.4858978101e+000
169 150 94
2 46 2147 301.1000 24.4600 47 1134 255.0601 -21.6100
1.9053067237e+000 -1.5018727761e-001 -7.6575755424e+000
58 63 43
2 46 2154 405.2800 -31.9200 47 1179 352.3199 -73.9900
8.2350098456e-001 -3.0624372366e-001 -7.1671697878e+000
106 102 65
2 46 2181 186.9200 -69.5600 47 1642 140.4200 -114.4500
2.6189467729e-001 -4.5868191864e-001 -7.0072213434e+000
81 65 46
2 46 2194 60.6800 -106.6200 47 1234 18.7600 -149.1700
2.4624318780e-001 -4.9663758002e-001 -7.0095472983e+000
89 72 51
2 46 2195 57.1400 -115.4300 47 1650 14.9200 -157.1300
2.3007004830e-001 -5.4145266650e-001 -7.0409803497e+000
79 64 43
2 46 2196 53.1100 -125.2800 47 1274 11.0600 -165.3300
3.7658038437e-001 -5.5081941419e-001 -7.1515991742e+000
80 69 41
2 46 2197 85.5900 -125.4600 47 1235 42.4600 -163.6900
-9.2569611779e-001 -6.1088793602e-001 -6.4081145979e+000
130 115 104
2 46 2205 -235.9200 -155.2700 47 1299 -263.3500 -202.2000
-4.3438437291e-001 -6.5511106857e-001 -6.8032436398e+000
57 45 38
2 46 2206 -104.2100 -156.8800 47 1654 -138.8900 -196.0700
2.1565454584e-001 -5.9396472113e-001 -7.1058458615e+000
75 64 36
2 46 2209 49.3300 -136.1800 47 1275 7.5100 -173.6300
-3.6996652753e-001 -8.0844387410e-001 -6.9627629264e+000
86 69 50
2 46 2221 -86.6100 -189.1900 47 1308 -122.6400 -222.0400
-1.1441884005e-001 -7.3110327735e-001 -7.0540894776e+000
82 65 40
2 46 2222 -26.4300 -168.8800 47 1313 -65.2300 -202.8000
-1.1441884005e-001 -7.3110327735e-001 -7.0540894776e+000
82 65 40
2 46 2223 -26.4300 -168.8800 47 1312 -65.2300 -202.8000
1.5056325727e-002 -7.3635646646e-001 -7.1545236647e+000
81 68 42
2 46 2225 3.3400 -167.6900 47 1322 -36.5100 -200.1100
1.5312832221e-001 -7.6391140805e-001 -7.2332238330e+000
78 66 41
2 46 2227 34.4500 -172.0800 47 1330 -7.0500 -203.1700
3.6608098367e-001 -7.7685497043e-001 -7.3797663039e+000
86 73 46
2 46 2228 80.9900 -171.5600 47 1336 37.1600 -200.5200
-8.9789955591e-001 -8.8245176967e-001 -6.6996815972e+000
73 66 62
2 46 2233 -218.3300 -214.6300 47 1356 -247.8100 -248.4200
-3.9067506810e-001 -8.6601098437e-001 -7.0471427155e+000
89 75 58
2 46 2235 -90.4600 -200.2200 47 1364 -125.9100 -229.9200
4.3655381297e-001 -1.2956929758e+000 -7.9714433707e+000
132 118 85
2 46 2252 89.8700 -264.9800 47 1400 44.5000 -274.0100
-7.7682315849e-001 -1.3050932489e+000 -7.2683298516e+000
135 116 83
2 46 2270 -173.8100 -292.6300 47 1408 -205.9200 -306.4500
-8.5525628797e-001 -1.4026145912e+000 -7.3390982474e+000
96 81 57
2 46 2271 -189.7600 -311.4300 47 1411 -220.4800 -321.5400
-1.3569783342e+000 -1.4198992938e+000 -7.0181778244e+000
79 63 47
2 46 2287 -314.4700 -329.7300 47 1692 -339.0500 -341.8300
-1.3462159208e+000 -1.4750531306e+000 -7.1289472318e+000
115 100 71
2 46 2288 -307.3400 -337.1900 47 1431 -331.7100 -346.1800
-9.5770790649e-001 -1.6361042557e+000 -7.5825554084e+000
75 63 41
2 46 2297 -204.9900 -351.7000 47 1447 -235.9500 -352.1500
-1.6217129796e+000 -1.6967398369e+000 -7.2542328233e+000
87 70 53
2 46 2309 -363.8900 -381.1600 47 1459 -384.4900 -381.3300
-8.0486821761e-001 -1.7857660514e+000 -7.8430063411e+000
100 89 64
2 46 2317 -166.5100 -371.1100 47 1473 -199.2900 -365.6900
-2.4032894586e+000 2.2432391758e+000 -8.3287605850e+000
153 153 115
2 46 2333 -469.5500 438.8300 47 1717 -477.7000 426.9800
-1.8855091510e+000 2.1471944821e+000 -8.3443872467e+000
196 177 133
2 46 2337 -368.6400 419.3300 47 1865 -376.7600 404.3600
-1.6365150542e+000 2.4277806758e+000 -9.0408621622e+000
243 215 207
2 46 2338 -294.7200 437.5400 47 1861 -303.8000 435.0900
-2.1973277710e+000 1.9121264617e+000 -7.9088697586e+000
132 128 87
2 46 2339 -452.6900 393.9500 47 1734 -460.9200 371.5100
-2.1973277710e+000 1.9121264617e+000 -7.9088697586e+000
132 128 87
2 46 2340 -452.6900 393.9500 47 1735 -460.9200 371.5100
-2.1680918421e+000 2.0038649231e+000 -8.0678353141e+000
154 150 113
2 46 2341 -437.7800 404.7100 47 1726 -446.1800 385.6500
-1.8985980045e+000 2.0601377215e+000 -8.2460362638e+000
93 118 90
2 46 2342 -374.6700 407.0500 47 1728 -384.8900 390.2400
-1.3905984451e+000 1.5539790511e+000 -7.8136060749e+000
202 188 188
2 46 2348 -290.1300 324.0800 47 1746 -303.3200 294.7900
-1.3905984451e+000 1.5539790511e+000 -7.8136060749e+000
202 188 188
2 46 2349 -290.1300 324.0800 47 1745 -303.3200 294.7900
2.2190870060e-001 1.7919145012e+000 -9.1147894685e+000
182 166 123
2 46 2351 39.4900 320.3700 47 1749 22.3500 308.5000
-1.3033832143e+000 1.3883636848e+000 -7.6439876063e+000
200 188 187
2 46 2353 -277.9000 295.9600 47 1751 -292.5300 262.5000
8.7081325619e-001 1.7541693457e+000 -9.3919514655e+000
163 132 84
2 46 2355 151.4399 304.2700 47 1873 131.2900 294.1300
-1.2776955829e+000 1.2930353887e+000 -7.5326431598e+000
167 78 82
2 46 2357 -275.8400 279.6500 47 1878 -292.3500 243.7300
1.0174621915e+000 1.5439998309e+000 -9.1758339169e+000
165 150 100
2 46 2363 180.6000 274.2000 47 1754 158.5400 259.4100
9.3042659306e-001 1.1761251750e+000 -8.6461547793e+000
169 162 148
2 46 2371 175.6600 221.5900 47 1885 148.3900 198.0500
-1.0608292206e+000 8.6295928892e-001 -7.0763415629e+000
202 189 191
2 46 2373 -244.7100 198.7600 47 1784 -263.2800 151.3800
1.2469708570e+000 1.0371990175e+000 -8.7506401070e+000
103 103 94
2 46 2374 232.5100 193.0700 47 1781 202.8300 170.4400
1.1132450607e+000 8.2611987871e-001 -8.2776295479e+000
153 157 135
2 46 2377 219.3400 162.5800 47 1787 186.5601 131.6200
-5.7977440411e+001 1.2235072449e+001 -1.3598443072e+002
243 49 89
2 46 2378 -694.3200 146.6000 47 1868 -693.2400 318.7100
1.9042413507e-002 6.8641566604e-001 -7.5884443947e+000
75 87 72
2 46 2382 3.8000 147.4400 47 1792 -24.0800 107.8400
9.6470513171e-001 7.0766421987e-001 -8.0641950315e+000
178 173 144
2 46 2386 194.0500 143.1700 47 1793 162.3400 108.5200
-6.7159623927e+001 8.5558994051e+000 -1.4277029626e+002
83 74 139
2 46 2389 -766.6700 97.6500 47 1874 -764.5300 271.6700
-2.3251256118e-002 5.5955331701e-001 -7.4185298023e+000
74 89 71
2 46 2390 -5.3300 122.9400 47 1794 -34.5500 80.3300
-2.3251256118e-002 5.5955331701e-001 -7.4185298023e+000
74 89 71
2 46 2391 -5.3300 122.9400 47 1795 -34.5500 80.3300
1.8801446662e-001 2.3240154021e-001 -7.0773333945e+000
185 169 113
2 46 2396 42.9300 53.5700 47 1801 7.7800 3.5500
1.8801446662e-001 2.3240154021e-001 -7.0773333945e+000
185 169 113
2 46 2397 42.9300 53.5700 47 1802 7.7800 3.5500
2.7046904045e-001 1.0219048585e-001 -6.9525351957e+000
177 166 103
2 46 2399 63.2800 23.9700 47 1805 24.9100 -28.4500
2.7046904045e-001 1.0219048585e-001 -6.9525351957e+000
177 166 103
2 46 2400 63.2800 23.9700 47 1806 24.9100 -28.4500
5.3405657624e-001 1.1533973761e-001 -7.0948504544e+000
174 164 96
2 46 2402 122.5500 26.5100 47 1808 82.1600 -23.9800
5.3405657624e-001 1.1533973761e-001 -7.0948504544e+000
174 164 96
2 46 2403 122.5500 26.5100 47 1809 82.1600 -23.9800
3.3211513748e-001 -2.8989269255e-001 -6.8430659620e+000
68 56 29
2 46 2422 79.2500 -69.0600 47 1639 35.7000 -119.1300
-5.3610740430e+001 -8.8435871265e+000 -9.6773462178e+001
216 210 254
2 46 2431 -903.2500 -148.9200 47 1904 -896.0300 23.9200
-7.9244019013e-001 -5.4724967468e-001 -6.4242125625e+000
68 67 55
2 46 2433 -201.1900 -138.7800 47 1819 -231.1900 -187.5100
-7.9244019013e-001 -5.4724967468e-001 -6.4242125625e+000
68 67 55
2 46 2434 -201.1900 -138.7800 47 1820 -231.1900 -187.5100
-2.7506444190e-001 -5.7120211757e-001 -6.8072828768e+000
128 111 69
2 46 2435 -66.1400 -136.6800 47 1655 -102.3900 -178.5400
1.8469524097e-001 -9.6472962070e-001 -7.4716239307e+000
82 68 34
2 46 2444 40.2100 -210.3800 47 1670 -1.5100 -233.0900
9.2334472879e-002 -1.2298496760e+000 -7.7607687752e+000
85 72 40
2 46 2447 19.2300 -258.1900 47 1673 -21.1000 -270.2000
1.4607654912e+000 -1.7531005039e+000 -9.1335831333e+000
83 65 50
2 46 2455 260.6600 -312.7700 47 1688 210.1000 -303.6400
-1.6862919786e+000 -1.6652737189e+000 -7.2358697183e+000
91 77 50
2 46 2469 -379.4600 -375.0300 47 1698 -398.7500 -375.7500
-3.5400339200e+001 -2.7054487433e+001 -8.7143385100e+001
74 47 105
2 46 2475 -661.5300 -505.8900 47 1842 -656.5000 -330.6800
-2.3231081829e+000 2.2395678676e+000 -8.3224089063e+000
181 173 137
2 46 2482 -455.3600 438.5200 47 1948 -461.5000 425.8700
-1.7089614612e+000 2.4217126221e+000 -8.9462672199e+000
179 166 113
2 46 2483 -311.3300 441.0900 47 1719 -319.7100 437.2500
2.3901657012e-001 2.2086309309e+000 -9.6919627795e+000
176 147 116
2 46 2490 40.8700 371.2100 47 1867 25.7300 369.6500
2.3901657012e-001 2.2086309309e+000 -9.6919627795e+000
176 147 116
2 46 2491 40.8700 371.2100 47 1866 25.7300 369.6500
8.6675212945e-001 1.6578362434e+000 -9.2710622040e+000
87 90 75
2 46 2497 152.4700 291.3500 47 1875 131.7400 279.0700
-9.6313170656e-001 9.3375388346e-001 -7.1934920642e+000
166 72 73
2 46 2505 -217.5600 211.4400 47 1978 -238.6300 166.3900
-9.6313170656e-001 9.3375388346e-001 -7.1934920642e+000
166 72 73
2 46 2506 -217.5600 211.4400 47 1979 -238.6300 166.3900
1.0889323677e+000 6.5645018644e-001 -8.0324124909e+000
83 96 68
2 46 2513 221.3600 133.0700 47 1989 185.3700 97.8600
1.2728452535e+000 5.6996854130e-001 -8.0507895741e+000
99 115 76
2 46 2518 257.8900 115.3000 47 1992 220.2100 79.9100
4.4554722906e-001 1.2238352788e-001 -7.0773711185e+000
175 166 95
2 46 2523 102.3000 28.2300 47 1907 63.2200 -22.2700
-6.0796101130e+001 -6.6682580072e+000 -1.0642099411e+002
76 51 115
2 46 2537 -931.2000 -102.1100 47 1895 -925.2700 72.5800
-5.6343099605e+001 -6.8409078040e+000 -9.9627656621e+001
194 183 239
2 46 2538 -922.0200 -111.9000 47 1896 -915.5400 61.6200
-5.2083750306e+001 -8.3231887287e+000 -1.1715865683e+002
82 60 132
2 46 2539 -725.0100 -115.7500 47 1993 -719.6300 53.4300
-4.7107459136e+001 -8.6191222657e+000 -8.0521993403e+001
107 69 122
2 46 2549 -953.6300 -174.4300 47 1903 -945.5900 -2.5700
7.5875793254e-002 -7.4307935936e-001 -7.2422380983e+000
136 116 74
2 46 2553 16.5300 -167.0900 47 1929 -22.7200 -197.9800
7.5875793254e-002 -7.4307935936e-001 -7.2422380983e+000
136 116 74
2 46 2554 16.5300 -167.0900 47 1928 -22.7200 -197.9800
1.3120361939e+000 -1.7256189997e+000 -9.0356453520e+000
69 62 44
2 46 2566 236.5200 -311.1700 47 1840 187.2400 -302.9700
-4.1993645750e+001 -1.7072733621e+001 -8.0472227095e+001
225 43 84
2 46 2567 -849.6800 -345.6900 47 1917 -842.0100 -172.8100
-3.4696552003e+001 -1.9745751675e+001 -9.4480279799e+001
222 49 82
2 46 2568 -597.5800 -340.5800 47 1918 -595.5700 -173.5200
-7.4227876496e-001 2.2069240524e+000 -9.1580435320e+000
183 166 142
2 46 2584 -131.5500 392.6000 47 2035 -144.4900 387.0600
6.0012427082e-001 1.6521756786e+000 -9.1123948167e+000
170 148 101
2 46 2588 107.6801 295.3700 47 1967 87.0200 281.7200
-8.8104308625e-001 8.8767038964e-001 -7.1569343481e+000
202 185 185
2 46 2594 -200.7600 202.1200 47 1980 -221.2700 155.6000
-8.8104308625e-001 8.8767038964e-001 -7.1569343481e+000
202 185 185
2 46 2595 -200.7600 202.1200 47 1981 -221.2700 155.6000
-6.8712059343e-001 8.3845233754e-001 -7.1773607640e+000
204 178 118
2 46 2596 -156.2200 190.3800 47 1982 -178.5700 143.4200
9.4816896518e-001 7.8538834674e-001 -8.1391523561e+000
142 148 89
2 46 2600 189.8900 157.2200 47 1986 157.4399 124.3300
3.2755146601e-001 5.0476393579e-001 -7.5289639860e+000
148 109 72
2 46 2604 70.7400 109.2700 47 1991 38.2900 67.6500
1.4287891826e+000 3.6967367311e-001 -7.9118228614e+000
176 169 148
2 46 2612 294.5000 76.0800 47 1996 252.7900 38.0400
1.6443800770e+000 4.1403670757e-001 -8.0288700161e+000
129 143 117
2 46 2613 333.5900 84.0600 47 2057 292.1300 46.8200
-6.1437081994e+001 -1.9992600819e+000 -1.0682946050e+002
233 68 122
2 46 2620 -937.5900 -30.5100 47 1890 -932.8600 144.3000
-5.8325290406e+001 -4.0139459172e+000 -1.0263314496e+002
74 52 114
2 46 2622 -926.4400 -63.7400 47 1984 -921.1100 110.1200
-8.4557282351e-001 -6.9497154812e-001 -6.5325758280e+000
76 69 61
2 46 2636 -211.3000 -173.3000 47 1925 -240.3800 -215.7000
-6.9885238058e-001 -7.8765814673e-001 -6.7557890927e+000
108 96 74
2 46 2637 -169.2600 -189.8800 47 1927 -199.7200 -225.9200
-4.4469108991e+001 -1.7149148090e+001 -1.1209954360e+002
59 34 64
2 46 2644 -646.5500 -249.2700 47 2000 -641.9800 -81.1000
-3.6397870428e+001 -1.3191512765e+001 -9.3917538497e+001
226 44 85
2 46 2645 -631.2100 -228.8800 47 1999 -627.9100 -64.0600
-3.5436615896e+001 -1.4357741023e+001 -9.6362177557e+001
174 54 73
2 46 2646 -599.3100 -242.7800 47 2002 -595.6600 -78.3500
-4.5619549669e+001 -1.6591614501e+001 -1.0059927425e+002
197 26 70
2 46 2648 -739.0200 -268.7400 47 1909 -733.0300 -98.4600
-3.6868685205e+001 -1.4551872472e+001 -8.3145854000e+001
62 40 96
2 46 2649 -722.5200 -285.1800 47 2004 -716.8900 -117.8700
-3.8699380101e+001 -1.5948218788e+001 -9.9601044387e+001
205 35 66
2 46 2650 -633.0800 -260.9100 47 2001 -629.0900 -94.4400
-4.0100478215e+001 -1.7673531241e+001 -8.9677144855e+001
71 51 115
2 46 2652 -728.6900 -321.1300 47 2005 -722.4600 -151.3100
-3.5093708818e+001 -1.7644358076e+001 -9.1125420994e+001
226 42 76
2 46 2653 -626.8700 -315.5300 47 2006 -624.0600 -148.9100
-3.9591221168e+001 -2.3602636256e+001 -1.0694732680e+002
208 34 64
2 46 2657 -602.7400 -359.6300 47 2007 -599.8300 -190.1000
-1.8174655097e+000 -1.7971783645e+000 -7.2719506486e+000
76 63 44
2 46 2659 -406.6800 -402.7500 47 1944 -424.7600 -399.0700
-1.2313622376e+000 1.6412085818e+000 -8.1154239558e+000
131 72 74
2 46 2668 -246.2400 329.4200 47 2040 -261.9500 306.2300
-5.8650992791e+002 2.3179347140e+002 -1.3834498392e+003
169 161 178
2 46 2670 -690.3200 273.0000 47 2026 -690.2100 460.0900
-6.9123486141e+001 1.8638497420e+001 -1.6009813519e+002
70 46 94
2 46 2675 -703.5800 189.7000 47 2091 -702.0300 365.0400
3.6693242110e-001 6.7652429212e-001 -7.7570960400e+000
187 167 114
2 46 2679 76.8000 142.1600 47 2050 46.6900 104.5400
1.8514113753e-001 5.2064119371e-001 -7.4212419859e+000
191 173 133
2 46 2680 40.1600 114.4000 47 2051 9.2800 70.6600
5.8663460682e-001 4.9167111506e-001 -7.5731278946e+000
145 101 72
2 46 2681 125.5900 105.9100 47 2054 91.9000 63.5600
1.6987891070e+000 3.1488879627e-001 -7.9611521711e+000
140 155 132
2 46 2687 347.9900 64.3800 47 2061 303.7000 26.2900
-6.0600676881e+001 3.2124725423e+000 -1.2484061301e+002
210 25 67
2 46 2689 -791.3500 41.9300 47 2043 -788.1800 214.3800
-5.5755504318e+001 -3.8861265417e+000 -9.6249211103e+001
253 201 233
2 46 2698 -944.8200 -65.8200 47 1983 -938.3800 107.7200
-6.4814177309e+001 -3.0346648902e+000 -1.1714613779e+002
90 70 155
2 46 2699 -901.0800 -42.2000 47 2046 -898.1600 132.5800
-4.5967759198e-001 -9.1043588866e-001 -7.0142172298e+000
103 89 63
2 46 2709 -106.2000 -211.5900 47 2013 -142.5100 -240.4700
-3.6461972859e+001 -1.8130409042e+001 -8.0455175163e+001
66 45 107
2 46 2717 -738.6800 -367.1900 47 2074 -731.4700 -197.1400
-3.9337156599e+001 -2.0894407285e+001 -8.4405214478e+001
206 31 70
2 46 2719 -759.1200 -403.3700 47 2076 -752.0600 -230.4000
-3.7110313605e+001 -2.4746102172e+001 -8.1064960707e+001
49 35 69
2 46 2722 -744.9800 -497.4200 47 2015 -738.6400 -321.0500
-1.9890038240e+000 2.1178230648e+000 -8.3363646285e+000
94 119 90
2 46 2723 -388.3300 413.9200 47 2134 -397.9000 399.6000
-1.5052721511e+000 1.6101867460e+000 -7.9143623279e+000
135 71 66
2 46 2730 -309.8800 331.5100 47 2093 -322.4600 305.2800
-1.3029650351e+000 1.4748695532e+000 -7.7911549466e+000
176 136 141
2 46 2732 -272.7400 308.4800 47 2137 -286.5400 278.3100
-7.7698032984e+001 1.9164769670e+001 -1.3533343794e+002
254 67 123
2 46 2735 -936.4800 230.7200 47 2087 -936.8400 413.4100
-8.2753880529e-001 9.9371615069e-001 -7.2844675160e+000
160 68 69
2 46 2738 -184.9300 222.2600 47 2101 -205.8500 178.2300
-7.4070672264e+001 1.6214323192e+001 -1.3079766339e+002
82 62 125
2 46 2741 -924.0400 201.9600 47 2089 -922.9500 382.8700
-7.9582804516e+001 2.0929639058e+001 -1.6767068760e+002
230 42 84
2 46 2743 -774.1300 203.4000 47 2031 -772.2900 381.9800
-7.8622795725e-001 8.2041826563e-001 -7.1005712951e+000
157 66 67
2 46 2747 -180.4200 188.2700 47 2104 -202.6100 140.0500
-1.3679394845e-001 8.7778902382e-001 -7.8593347036e+000
84 81 62
2 46 2748 -28.0500 181.9400 47 2105 -53.6200 148.9500
-1.3679394845e-001 8.7778902382e-001 -7.8593347036e+000
84 81 62
2 46 2749 -28.0500 181.9400 47 2106 -53.6200 148.9500
-4.7508219031e-001 6.8516970164e-001 -7.3603167321e+000
193 183 181
2 46 2751 -104.8600 151.6400 47 2113 -130.4800 109.7000
9.7006559497e-001 5.0458571379e-001 -7.8073395551e+000
172 157 108
2 46 2753 203.0400 105.1900 47 2115 165.0601 66.5900
2.4713223752e-001 4.0609075413e-001 -7.2591057886e+000
188 173 126
2 46 2754 54.3200 91.3600 47 2116 22.4900 43.6800
3.0974420374e-001 2.5868432114e-001 -7.1246533537e+000
184 169 108
2 46 2755 70.4700 59.2300 47 2143 34.4800 9.3300
-2.1388926918e-001 -7.1790608700e-002 -6.5011204737e+000
165 151 86
2 46 2764 -54.3900 -17.8700 47 2121 -89.0400 -77.7700
-5.0644170490e+001 -8.8739557361e+000 -9.1942819368e+001
173 163 216
2 46 2769 -897.6300 -157.2700 47 2117 -891.2100 14.6900
-4.3070517492e+001 -1.3467626665e+001 -9.4525811257e+001
201 27 62
2 46 2771 -743.0500 -232.1500 47 2064 -736.3900 -63.5400
-4.1218573831e+001 -1.6660575976e+001 -9.0057943559e+001
242 50 95
2 46 2772 -745.3300 -301.4500 47 2122 -740.0000 -131.6200
-3.9131958437e+001 -1.8148935297e+001 -8.4179066706e+001
250 56 101
2 46 2773 -757.1700 -351.3100 47 2123 -750.7700 -180.4900
7.7737181747e-001 1.2901737063e+000 -8.7261488048e+000
114 108 100
2 46 2781 145.3500 240.8800 47 2139 120.3400 219.4300
1.0960635820e-001 -1.9011042687e-001 -6.6597672033e+000
76 64 22
2 46 2790 26.3400 -46.4300 47 2148 -13.3600 -101.9800
-3.8805461479e+001 -1.7945593150e+001 -9.3129711553e+001
67 54 124
2 46 2794 -677.6400 -314.0200 47 2149 -675.2000 -145.4300
-3.3073807315e+001 -1.7657932720e+001 -8.3153629355e+001
58 36 74
2 46 2795 -647.7500 -346.0300 47 2150 -643.8300 -179.1500
-9.5086940215e-001 1.2545109077e+000 -7.5645734546e+000
156 70 71
2 46 2804 -205.2600 270.2800 47 2164 -222.2100 232.8900
6.6229679515e-001 1.0325255959e+000 -8.2904807564e+000
177 171 135
2 46 2806 129.1500 203.1300 47 2182 103.5300 173.5900
-6.2197643326e+001 5.7370214299e+000 -1.1280725752e+002
73 53 112
2 46 2807 -898.8000 82.8600 47 2159 -896.6900 258.1400
-6.1707524221e+001 -1.7142863370e-001 -1.0843467014e+002
62 37 67
2 46 2810 -927.0700 -2.5700 47 2166 -924.4000 172.1700
-5.0578163652e+001 -8.8677884503e+000 -1.0026956023e+002
255 62 110
2 46 2816 -822.3000 -144.1100 47 2169 -816.3100 26.5000
9.0541783275e-001 2.0176523322e-002 -7.1456789437e+000
146 148 83
2 46 2827 206.0000 4.7000 47 2188 161.6300 -46.0100
6.3825560392e-001 -4.9701507340e-001 -7.2188737203e+000
129 111 63
2 46 2829 143.0601 -111.9800 47 2190 99.1200 -151.6500
-5.9264971522e+001 -6.0571409979e+000 -1.0796011076e+002
69 47 109
2 46 2839 -895.3500 -91.4400 47 2199 -888.8000 82.2100
1.4892296426e+000 1.7780352983e+000 -9.4781079146e+000
193 197 185
2 46 2846 255.7600 305.7300 47 2206 235.0699 293.3800
1.1785198989e+000 1.8877184709e-001 -7.6239428570e+000
169 156 115
2 46 2851 252.2700 40.2600 47 2228 208.6700 -1.3400
-4.6974573182e+001 -7.8277158082e+000 -9.8130113767e+001
251 53 99
2 46 2852 -779.6400 -129.9800 47 2210 -775.6900 38.7600
-9.8030602898e-001 5.1528216443e-001 -6.9092762341e+000
194 179 137
2 46 2862 -231.5200 121.5600 47 2225 -252.8400 72.1100
-7.4088763080e+001 2.9989632520e+000 -1.3023625859e+002
77 65 136
2 46 2863 -927.0100 37.5200 47 2222 -924.8100 214.9700
