# Bundle file v0.3
61 631
0 0 0
0 0 0
0 0 0
0 0 0
0 0 0
0 0 0
0 0 0
0 0 0
0 0 0
0 0 0
0 0 0
0 0 0
0 0 0
0 0 0
0 0 0
0 0 0
0 0 0
0 0 0
0 0 0
0 0 0
0 0 0
0 0 0
0 0 0
0 0 0
0 0 0
0 0 0
0 0 0
0 0 0
0 0 0
0 0 0
0 0 0
0 0 0
0 0 0
0 0 0
0 0 0
0 0 0
0 0 0
0 0 0
0 0 0
0 0 0
0 0 0
0 0 0
0 0 0
0 0 0
0 0 0
0 0 0
0 0 0
0 0 0
0 0 0
0 0 0
0 0 0
0 0 0
0 0 0
0 0 0
0 0 0
0 0 0
0 0 0
0 0 0
0 0 0
0 0 0
0 0 0
0 0 0
0 0 0
0 0 0
0 0 0
0 0 0
0 0 0
0 0 0
0 0 0
0 0 0
0 0 0
0 0 0
0 0 0
0 0 0
0 0 0
0 0 0
0 0 0
0 0 0
0 0 0
0 0 0
0 0 0
0 0 0
0 0 0
0 0 0
0 0 0
0 0 0
0 0 0
0 0 0
0 0 0
0 0 0
0 0 0
0 0 0
0 0 0
0 0 0
0 0 0
0 0 0
0 0 0
0 0 0
0 0 0
0 0 0
0 0 0
0 0 0
0 0 0
0 0 0
0 0 0
0 0 0
0 0 0
0 0 0
0 0 0
0 0 0
0 0 0
0 0 0
0 0 0
0 0 0
0 0 0
0 0 0
0 0 0
0 0 0
0 0 0
0 0 0
0 0 0
0 0 0
0 0 0
0 0 0
0 0 0
0 0 0
0 0 0
0 0 0
0 0 0
0 0 0
0 0 0
0 0 0
0 0 0
0 0 0
0 0 0
0 0 0
0 0 0
0 0 0
0 0 0
0 0 0
0 0 0
0 0 0
0 0 0
0 0 0
0 0 0
0 0 0
0 0 0
0 0 0
0 0 0
0 0 0
0 0 0
0 0 0
0 0 0
0 0 0
0 0 0
0 0 0
0 0 0
0 0 0
0 0 0
0 0 0
0 0 0
0 0 0
0 0 0
0 0 0
0 0 0
0 0 0
0 0 0
0 0 0
0 0 0
0 0 0
0 0 0
0 0 0
0 0 0
0 0 0
0 0 0
0 0 0
0 0 0
0 0 0
0 0 0
0 0 0
0 0 0
0 0 0
0 0 0
0 0 0
0 0 0
0 0 0
0 0 0
0 0 0
0 0 0
0 0 0
0 0 0
0 0 0
0 0 0
0 0 0
0 0 0
0 0 0
0 0 0
0 0 0
0 0 0
0 0 0
0 0 0
0 0 0
0 0 0
0 0 0
0 0 0
0 0 0
0 0 0
0 0 0
0 0 0
0 0 0
0 0 0
0 0 0
0 0 0
0 0 0
0 0 0
0 0 0
0 0 0
0 0 0
0 0 0
0 0 0
0 0 0
0 0 0
0 0 0
0 0 0
0 0 0
0 0 0
0 0 0
0 0 0
0 0 0
0 0 0
1.6277503699e+003 2.0524573756e-002 -5.2370081208e-002
9.9987186285e-001 1.5697666954e-002 3.1370586377e-003
-1.5720811239e-002 9.9984833278e-001 7.4945001459e-003
-3.0189366814e-003 -7.5428569287e-003 9.9996699512e-001
9.9829066223e-002 1.1731262914e-001 -9.0930948741e-001
1.6159443258e+003 1.9395640677e-002 -5.2554103781e-002
9.9872712999e-001 5.0377588625e-002 2.4936701247e-003
-4.9946522214e-002 9.9465474142e-001 -9.0373061707e-002
-7.0331177385e-003 9.0133478396e-002 9.9590486058e-001
-8.6255535499e-002 -8.3327575598e-001 -1.2960073332e+000
0 0 0
0 0 0
0 0 0
0 0 0
0 0 0
0 0 0
0 0 0
0 0 0
0 0 0
0 0 0
0 0 0
0 0 0
0 0 0
0 0 0
0 0 0
0 0 0
0 0 0
0 0 0
0 0 0
0 0 0
0 0 0
0 0 0
0 0 0
0 0 0
0 0 0
0 0 0
0 0 0
0 0 0
0 0 0
0 0 0
0 0 0
0 0 0
0 0 0
0 0 0
0 0 0
0 0 0
0 0 0
0 0 0
0 0 0
0 0 0
0 0 0
0 0 0
0 0 0
0 0 0
0 0 0
0 0 0
0 0 0
0 0 0
0 0 0
0 0 0
0 0 0
0 0 0
0 0 0
0 0 0
0 0 0
0 0 0
0 0 0
0 0 0
0 0 0
0 0 0
0 0 0
0 0 0
0 0 0
0 0 0
0 0 0
4.8185073725e-001 -1.0722102392e+000 -7.7951521743e+000
82 70 46
2 46 2555 101.0699 -191.0800 47 1828 56.8400 -215.2200
4.8185073725e-001 -1.0722102392e+000 -7.7951521743e+000
82 70 46
2 46 2556 101.0699 -191.0800 47 1829 56.8400 -215.2200
5.2698777450e-001 -1.2109615898e+000 -8.0202498097e+000
134 116 66
2 46 2560 106.1300 -212.0300 47 1936 61.9900 -230.4600
-1.5344089393e+000 -8.7562355836e-001 -6.3694819823e+000
70 62 53
2 46 2214 -329.5700 -175.2300 47 1292 -351.8600 -220.8300
-1.3443154565e+000 -7.7350628106e-001 -6.3564795664e+000
134 114 106
2 46 2432 -286.6900 -153.2300 47 1825 -312.0400 -202.2300
3.8451169112e-004 -7.9368823305e-001 -7.2788817754e+000
82 65 35
2 46 2436 12.8300 -145.4000 47 1821 -26.9200 -181.0200
-1.3049174707e+000 -1.0557771152e+000 -6.6642424880e+000
136 118 110
2 46 2557 -267.6500 -208.4900 47 1831 -294.3600 -245.2600
-1.4966727802e+000 -9.4472661595e-001 -6.4637949419e+000
135 114 103
2 46 2708 -316.7800 -188.6200 47 2012 -340.8600 -230.7900
8.5885356149e-001 -6.9608955135e-001 -7.6093788767e+000
74 67 43
2 46 2430 176.5601 -124.1200 47 1651 129.7600 -159.2300
3.9080619455e-002 -5.3620674495e-001 -7.0019325626e+000
124 109 71
2 46 341 22.2600 -97.1400 47 365 -17.7300 -142.9800
-1.4312298287e+000 -1.0159737890e+000 -6.5705530555e+000
125 115 106
2 46 642 -298.3600 -201.8600 47 576 -323.3500 -240.6600
4.2982939166e-001 -6.2273443259e-001 -7.3320465095e+000
128 113 74
2 46 1532 97.9900 -112.0300 47 370 54.9800 -151.5500
-1.2509222688e+000 -7.4854503649e-001 -6.3764651489e+000
139 116 108
2 46 2204 -264.0000 -147.6500 47 1298 -292.3800 -197.0100
-1.4023518885e+000 -1.0413355935e+000 -6.6006410325e+000
72 65 61
2 46 2230 -290.8700 -206.7200 47 1351 -316.5700 -244.5300
2.5136149536e-001 -7.4673793998e-001 -7.3403633178e+000
142 122 71
2 46 2632 62.5400 -135.9200 47 1922 20.2200 -172.3600
-7.1094017465e-002 -4.2184629356e-001 -6.7857819788e+000
118 102 51
2 46 2704 0.9800 -75.0800 47 2070 -39.8800 -126.8900
-1.5273405132e+000 -8.0248265450e-001 -6.3053221908e+000
71 65 54
2 46 463 -330.3400 -160.1700 47 490 -353.0300 -208.7300
-1.2686509745e+000 -8.6550540431e-001 -6.4967154084e+000
73 62 56
2 46 1640 -264.8300 -171.1000 47 496 -291.7400 -215.4200
-7.9766117449e-002 -5.5483867961e-001 -6.9279358135e+000
82 67 35
2 46 1516 -2.0500 -101.4600 47 1231 -41.5000 -147.9900
9.0941651113e-001 -7.4276662148e-001 -7.7278050348e+000
117 108 63
2 46 1534 183.4000 -131.5300 47 375 136.6200 -163.9200
7.0243978228e-001 -1.3388942798e+000 -8.1937056963e+000
129 115 77
2 46 1836 135.4301 -231.7100 47 632 88.8300 -246.2400
-1.0283805467e+000 -1.7962205886e+000 -7.7072046612e+000
126 116 81
2 46 1965 -185.7700 -325.9200 47 1448 -216.8200 -331.7800
3.2755755929e-001 -1.2483621279e+000 -7.8824266441e+000
143 122 77
2 46 2642 71.2600 -221.6100 47 1935 27.3800 -240.6600
-1.5387341742e-001 -9.1150027556e-001 -7.2725634206e+000
130 114 81
2 46 1667 -18.1300 -168.5300 47 1320 -57.0300 -201.5800
-1.2097742486e-001 -7.0559987219e-001 -7.0875987345e+000
94 80 53
2 46 2193 -11.1600 -130.2500 47 1659 -49.9100 -170.6300
-5.1079304519e-001 -1.0692109032e+000 -7.2146255646e+000
89 75 58
2 46 2234 -90.4600 -200.2200 47 1363 -125.9100 -229.9200
4.4755589423e-002 -3.8910780530e-001 -6.8402669186e+000
84 76 47
2 46 2409 24.7200 -68.0400 47 1634 -15.6600 -119.9100
-1.3629998367e+000 -8.1369450695e-001 -6.3789060065e+000
72 64 55
2 46 2203 -290.3300 -161.7200 47 1297 -315.1800 -209.3400
4.2369438033e-001 -7.4982622863e-001 -7.4051888836e+000
90 74 48
2 46 1601 95.6500 -136.0700 47 1276 51.9500 -172.1600
3.3038183871e-001 -8.0794814557e-001 -7.4367139395e+000
77 61 36
2 46 1600 77.0699 -146.7000 47 454 33.8300 -180.6800
-5.8093498443e-001 -1.1679796693e+000 -7.2976074195e+000
140 124 99
2 46 654 -103.8200 -217.7600 47 586 -138.6700 -243.7900
4.4755589423e-002 -3.8910780530e-001 -6.8402669186e+000
84 76 47
2 46 2410 24.7200 -68.0400 47 1635 -15.6600 -119.9100
-1.0754364046e+000 -2.1294673301e+000 -8.2240923305e+000
60 54 51
2 46 2718 -185.7400 -367.6200 47 2081 -214.6800 -360.4900
-1.1586807612e+000 -1.1230735093e+000 -6.7831907691e+000
70 65 59
2 46 2232 -231.9900 -220.2800 47 1355 -262.3700 -253.9600
-3.9135131948e-001 -4.4713138859e-001 -6.6783755459e+000
122 106 64
2 46 2624 -68.6800 -80.2000 47 1915 -104.4000 -132.5900
1.0362818645e+000 -2.8421604566e-001 -7.3047052492e+000
93 94 63
2 46 1403 219.8300 -47.1700 47 1158 172.0400 -95.3400
-4.5774778664e-001 -9.0524765624e-001 -7.0684263237e+000
80 64 38
2 46 1652 -80.4300 -170.3200 47 1305 -116.6800 -205.9500
-1.6759085237e-001 -1.1409273242e+000 -7.4633596630e+000
134 119 87
2 46 1733 -21.3300 -209.6200 47 597 -60.2600 -235.3100
-5.3161413453e-001 -1.0239467381e+000 -7.1406227901e+000
136 121 91
2 46 1654 -95.2300 -192.7200 47 1304 -130.6400 -224.5200
-5.3161413453e-001 -1.0239467381e+000 -7.1406227901e+000
136 121 91
2 46 1655 -95.2300 -192.7200 47 1303 -130.6400 -224.5200
3.0942132006e-001 -3.9413074410e-001 -6.9719837942e+000
68 56 29
2 46 2421 79.2500 -69.0600 47 1640 35.7000 -119.1300
-2.5142307841e-001 -9.6055473581e-001 -7.2139526470e+000
145 125 93
2 46 1664 -37.8200 -179.2300 47 1317 -76.3600 -212.1400
-1.3049174707e+000 -1.0557771152e+000 -6.6642424880e+000
136 118 110
2 46 2558 -267.6500 -208.4900 47 1832 -294.3600 -245.2600
2.0853027182e+000 -9.2744500812e-001 -8.7439897685e+000
58 49 42
2 46 2634 361.7400 -153.3300 47 1923 308.6200 -171.2400
-1.3586194303e+000 -9.3059312897e-001 -6.5113108144e+000
67 64 57
2 46 2793 -284.0500 -184.8500 47 2125 -310.5600 -226.9900
-5.4460932175e-001 -1.1694468173e+000 -7.2599384381e+000
101 84 70
2 46 1722 -96.7400 -219.1500 47 1360 -132.7700 -246.0400
-1.2187770402e+000 -1.0179093865e+000 -6.6739350878e+000
135 119 109
2 46 2440 -248.7400 -200.3400 47 1833 -276.2400 -238.1500
-1.4088670510e+000 -7.1998288822e-001 -6.2803723743e+000
73 65 55
2 46 465 -304.4000 -142.3300 47 430 -328.1900 -193.8800
4.0098946575e-001 -5.9480723049e-001 -7.2753116614e+000
82 68 39
2 46 397 93.1600 -107.0900 47 368 50.1200 -148.0400
-2.8548108510e-001 -3.6081257237e-001 -6.6359174022e+000
72 63 34
2 46 1388 -46.1700 -62.2600 47 305 -82.3000 -117.8300
7.0243978228e-001 -1.3388942798e+000 -8.1937056963e+000
129 115 77
2 46 1837 135.4301 -231.7100 47 633 88.8300 -246.2400
7.5161952256e-001 -1.3111152346e+000 -8.1982662730e+000
83 66 44
2 46 1762 144.2400 -226.7600 47 1375 97.3199 -241.8600
-8.1927641532e-001 -8.2834437343e-001 -6.6945741277e+000
91 81 56
2 46 2630 -161.6400 -160.4000 47 1926 -193.7000 -203.5800
1.6890339498e+000 -3.8529813873e-001 -7.8351310853e+000
79 85 59
2 46 1435 327.3199 -65.7600 47 337 276.2100 -104.8300
6.4334429749e-001 -7.8408106805e-001 -7.5426088875e+000
137 116 65
2 46 2548 136.5601 -141.3800 47 1822 90.3300 -175.2900
-2.3112980110e+002 8.7889851246e+001 -5.1665236480e+002
162 153 174
2 46 2669 -728.1700 276.5200 47 2025 -728.5300 462.8600
-4.5925594430e-001 -3.7074186605e-001 -6.5116490113e+000
56 49 43
2 46 2766 -84.6400 -64.7400 47 2069 -119.9800 -122.2100
-8.4247074010e+001 2.2156248457e+001 -1.8424966167e+002
67 52 111
2 46 2744 -743.0300 195.7600 47 2136 -742.7400 373.6100
-8.6281078971e+001 2.1421442362e+001 -1.7623101134e+002
241 39 87
2 46 2824 -795.6500 198.7000 47 2178 -794.9100 377.9200
-1.5619312877e+000 1.3976498469e+000 -7.7154599979e+000
167 78 82
2 46 2358 -275.8400 279.6500 47 1879 -292.3500 243.7300
1.8611195589e+000 2.9727071809e-001 -8.1657811768e+000
164 178 153
2 46 2136 348.0800 58.1000 47 1611 303.3400 18.4900
1.2986187533e+000 1.2934034084e-001 -7.7014031462e+000
184 179 160
2 46 2135 259.1300 32.0400 47 1908 217.1000 -13.5000
-5.0047225947e-001 -1.1189690824e+000 -7.2513466413e+000
136 120 97
2 46 657 -88.0100 -209.3800 47 589 -124.0400 -237.5600
-1.5010279989e+000 1.3288847484e+000 -7.6392409917e+000
204 185 186
2 46 2498 -267.7700 269.0500 47 1880 -283.0900 231.1000
9.0312143765e-001 -6.2629389032e-001 -7.6083362350e+000
66 60 28
2 46 401 185.1700 -110.9000 47 371 138.5699 -147.2300
-3.4898036606e-001 2.1473318073e+000 -9.4245266149e+000
132 90 74
2 46 2494 -38.4300 346.1800 47 1871 -54.1300 334.9500
2.4123071803e-001 1.9905622664e+000 -9.5519888088e+000
112 125 95
2 46 2495 52.9800 316.0000 47 1960 35.4000 303.8200
2.4123071803e-001 1.9905622664e+000 -9.5519888088e+000
112 125 95
2 46 2496 52.9800 316.0000 47 1961 35.4000 303.8200
1.7247277085e+000 1.2153008987e+000 -9.2925085426e+000
163 168 159
2 46 2507 289.3800 197.0400 47 1889 258.9399 174.6900
9.2363671236e-001 -5.6321489589e-001 -7.5548629989e+000
71 65 41
2 46 1458 190.6500 -99.4700 47 1236 143.6600 -137.8100
-1.4628875939e+000 -9.0712326848e-001 -6.4260449398e+000
131 113 99
2 46 1638 -311.0000 -181.2400 47 1296 -334.8900 -225.3000
-1.3380995208e+000 -1.0250074111e+000 -6.6257050203e+000
75 69 62
2 46 1713 -276.0700 -202.7200 47 1350 -302.2800 -240.7000
5.6833844186e-001 -8.8486850729e-001 -7.6939629568e+000
93 78 55
2 46 1608 119.0900 -157.9000 47 456 74.8900 -187.1200
-1.0331925352e+000 -1.6918256957e+000 -7.5533116933e+000
96 81 57
2 46 2272 -189.7600 -311.4300 47 1412 -220.4800 -321.5400
-1.5182285031e+000 -1.8923574232e+000 -7.5132636150e+000
79 66 47
2 46 2292 -285.2600 -350.5100 47 1435 -310.8700 -354.9000
2.0180398717e+000 7.6601902373e-002 -7.9863374222e+000
140 147 129
2 46 2696 382.9301 18.7900 47 2063 334.5200 -23.8600
-5.3755422182e+001 3.6977528869e+000 -1.2876174460e+002
222 43 76
2 46 2522 -679.5000 46.5100 47 1881 -677.8100 215.7300
-4.4701854349e+001 -3.2044296571e+000 -1.1400684885e+002
254 188 117
2 46 2532 -639.6800 -46.0200 47 1891 -636.9000 120.0600
8.9042726991e-001 1.7960731356e-001 -7.5482156995e+000
166 163 103
2 46 2756 186.3000 43.5900 47 2119 145.8600 -3.1600
1.6963246731e+000 2.6329472556e-001 -8.0480100366e+000
76 82 69
2 46 2786 322.3199 53.3900 47 2144 278.5800 12.3300
-1.0730926689e+002 3.1448958276e+001 -2.4264366652e+002
209 196 210
2 46 2673 -719.9600 210.5600 47 2032 -718.5800 390.3800
-5.9856823347e+001 8.3689973814e+000 -1.3802317868e+002
65 39 82
2 46 2603 -705.5200 98.6000 47 1965 -703.5600 270.0800
-5.6546615195e+001 6.7503415010e+000 -1.3429487360e+002
238 42 84
2 46 2611 -685.2300 81.4900 47 1973 -683.1000 251.7200
-6.0446925520e+001 4.7152532855e+000 -1.1965536945e+002
221 42 80
2 46 2609 -820.9400 66.1600 47 1968 -818.9700 239.3000
-6.1676381755e+001 4.3126964401e+000 -1.3009528434e+002
129 162 218
2 46 2616 -771.4100 55.1400 47 1971 -769.3600 227.7000
-5.8760362785e+001 5.2080882746e+000 -1.2611257622e+002
60 44 89
2 46 2610 -757.9400 68.1700 47 1972 -755.6400 239.9300
-5.8997140812e+001 3.8365375384e+000 -1.1890880202e+002
133 164 219
2 46 2614 -806.6800 54.3700 47 1969 -804.2800 226.8500
-5.8997140812e+001 3.8365375384e+000 -1.1890880202e+002
133 164 219
2 46 2615 -806.6800 54.3700 47 1970 -804.2800 226.8500
-4.5925594430e-001 -3.7074186605e-001 -6.5116490113e+000
56 49 43
2 46 2767 -84.6400 -64.7400 47 2068 -119.9800 -122.2100
-7.9712363050e+001 2.0510111291e+001 -1.5608967367e+002
253 55 103
2 46 2742 -829.0000 215.1800 47 2090 -828.2800 394.5700
-5.3245738262e+001 1.1153056042e+000 -1.0288230773e+002
245 49 95
2 46 2757 -841.6800 20.4300 47 2095 -836.7900 191.6600
-4.9294192190e+001 -7.1382663093e-001 -1.1247139366e+002
254 204 99
2 46 2759 -713.8400 -9.5700 47 2097 -710.8700 158.7400
-4.9294192190e+001 -7.1382663093e-001 -1.1247139366e+002
254 204 99
2 46 2760 -713.8400 -9.5700 47 2098 -710.8700 158.7400
-4.7194221433e+001 -1.7205199648e+000 -1.1910962044e+002
246 55 91
2 46 2761 -646.2200 -23.8600 47 2102 -643.5200 142.9900
-4.7194221433e+001 -1.7205199648e+000 -1.1910962044e+002
246 55 91
2 46 2762 -646.2200 -23.8600 47 2103 -643.5200 142.9900
-4.7548106291e+001 4.9151002989e-001 -1.1237733399e+002
71 38 83
2 46 2758 -689.2500 7.4200 47 2099 -685.8200 174.8300
-5.9647039470e+001 5.8996949552e+000 -1.2331319424e+002
142 204 252
2 46 2809 -786.2900 79.2500 47 2161 -784.2400 251.7600
-5.9647039470e+001 5.8996949552e+000 -1.2331319424e+002
142 204 252
2 46 2808 -786.2900 79.2500 47 2160 -784.2400 251.7600
-1.3829218600e+000 1.0825164080e+000 -7.3804252306e+000
159 72 72
2 46 1253 -253.3000 229.0600 47 1557 -270.9600 185.4900
6.9290454393e-001 1.5032356442e+000 -9.1106447962e+000
102 96 84
2 46 1258 127.8300 250.1800 47 1541 104.0500 229.0500
1.1347536870e+000 1.3073234407e+000 -9.0817192468e+000
154 153 148
2 46 1267 200.1400 217.8500 47 1003 171.8199 194.6500
7.5678462943e-002 2.0355736068e-001 -7.2118150428e+000
72 86 70
2 46 1349 31.3300 53.2200 47 1100 -3.5700 3.2900
3.2755414302e-001 6.9360567311e-002 -7.1705922340e+000
179 163 113
2 46 1364 82.0200 25.7000 47 1125 43.1400 -25.3600
4.4403688546e-001 2.5586062757e-002 -7.1541053773e+000
144 95 75
2 46 251 105.3400 16.6100 47 1129 65.3500 -35.2000
7.8660708601e-001 1.0613129874e-001 -7.4088637834e+000
141 86 66
2 46 1358 169.1600 30.4400 47 1130 127.9500 -18.1700
-1.1313828435e+000 1.1580452104e+000 -7.5758523813e+000
198 199 192
2 46 2084 -198.6300 237.1300 47 1550 -218.3100 196.3500
7.7296676516e-001 1.6954407424e+000 -9.4230533977e+000
128 122 110
2 46 2065 137.1500 272.2500 47 1753 114.5200 255.7900
1.0504601297e+000 1.0856806015e+000 -8.7350740282e+000
87 83 82
2 46 2094 191.4700 189.1900 47 1779 163.3199 160.3500
1.2729787496e+000 1.2286862295e+000 -9.0574884679e+000
92 92 89
2 46 2095 223.3400 205.1700 47 1780 192.9800 181.2200
2.0857559389e+000 4.8006136513e-002 -7.9497359886e+000
175 182 169
2 46 1370 397.3400 13.3800 47 1618 346.9301 -29.9900
2.0857559389e+000 4.8006136513e-002 -7.9497359886e+000
175 182 169
2 46 1371 397.3400 13.3800 47 1619 346.9301 -29.9900
1.0699516586e+000 -3.1570951605e-001 -7.3550989655e+000
65 65 39
2 46 1410 224.9100 -53.2500 47 1162 177.0400 -100.0900
1.3040415304e+000 -8.0357224647e-001 -7.9893306590e+000
94 93 65
2 46 1626 250.3500 -140.3800 47 473 199.9000 -168.9200
-1.3092612312e+000 9.0638757937e-001 -7.2039012454e+000
202 189 191
2 46 2372 -244.7100 198.7600 47 1783 -263.2800 151.3800
1.0610806815e+000 1.3999342802e+000 -9.2394217977e+000
107 106 103
2 46 2370 185.5900 229.2600 47 1884 158.3500 209.0600
1.4867500549e-001 7.8782856777e-002 -7.1113660831e+000
69 83 61
2 46 2398 46.2300 28.4900 47 1804 9.2700 -23.0800
8.1474548874e-001 -3.2963203920e-001 -7.2217059775e+000
105 101 63
2 46 1399 177.5000 -55.9000 47 1194 131.4301 -104.1500
7.9174427869e-001 -4.1078054006e-001 -7.3286134908e+000
107 101 65
2 46 2180 170.4399 -71.3200 47 1193 124.4900 -115.8400
1.0062504568e+000 -5.3703301653e-001 -7.5404599724e+000
76 71 46
2 46 2183 207.0800 -94.8400 47 1237 159.1200 -134.2800
5.9036814930e-001 -1.2989776824e+000 -8.0874217230e+000
86 74 48
2 46 1756 116.7500 -226.7200 47 628 71.3000 -243.0400
-1.3133432834e+000 -1.6759792700e+000 -7.3872350430e+000
125 109 83
2 46 1896 -248.3300 -313.5500 47 848 -276.2600 -325.0100
-1.7910336713e+000 -2.0684486905e+000 -7.5784536914e+000
109 98 70
2 46 2003 -336.2800 -381.1500 47 1464 -358.7400 -379.7900
-2.7628363171e+000 2.4602696189e+000 -8.5883202510e+000
181 173 137
2 46 2481 -455.3600 438.5200 47 1949 -461.5000 425.8700
-3.4898036606e-001 2.1473318073e+000 -9.4245266149e+000
132 90 74
2 46 2493 -38.4300 346.1800 47 1870 -54.1300 334.9500
-2.8676387332e+000 -1.6067165111e-001 -8.2996797917e+000
195 93 113
2 46 2149 -495.3500 -10.7200 47 1613 -504.5900 -16.8900
-1.3033083594e+000 8.1810778110e-001 -7.0921403555e+000
166 63 67
2 46 2599 -247.7200 183.7900 47 2047 -265.6100 134.0100
8.5278859650e-001 1.4187312416e+000 -9.0985031977e+000
101 98 93
2 46 2592 153.6500 236.3800 47 1977 128.7500 214.3900
7.6249592449e-002 -5.1035562683e-001 -6.9360293345e+000
101 87 58
2 46 2420 30.5200 -92.6400 47 1647 -10.5600 -140.6000
-1.4090305567e+000 9.5587058016e-001 -7.3096697923e+000
171 66 70
2 46 2676 -260.9300 206.1400 47 2045 -279.1000 161.8000
6.9763800537e-001 3.0499384383e-001 -7.5638661911e+000
171 151 102
2 46 2683 149.3400 68.1300 47 2059 111.5601 21.7700
6.9763800537e-001 3.0499384383e-001 -7.5638661911e+000
171 151 102
2 46 2684 149.3400 68.1300 47 2060 111.5601 21.7700
-6.0678441303e+001 1.4722496857e+001 -1.4184302984e+002
240 60 99
2 46 2597 -694.8200 168.3700 47 1956 -693.2500 340.9700
-5.1906302909e-001 -8.7594583765e-001 -7.0714386729e+000
127 109 73
2 46 2638 -93.0500 -164.0500 47 2010 -127.9300 -199.7500
-1.2617333896e+000 -9.7552599567e-001 -6.6080031522e+000
70 65 59
2 46 2550 -259.8400 -192.6700 47 1931 -287.1500 -232.4200
3.2755755929e-001 -1.2483621279e+000 -7.8824266441e+000
143 122 77
2 46 2643 71.2600 -221.6100 47 1934 27.3800 -240.6600
-3.5664660755e+001 -7.1312346650e+000 -8.0150299763e+001
87 65 137
2 46 2628 -723.7700 -142.2100 47 1905 -720.7600 21.8200
-3.5669078527e+001 -1.1016502457e+001 -9.2491568329e+001
230 42 80
2 46 2635 -630.4500 -193.0000 47 1997 -627.4300 -28.3800
-5.1404880031e+001 4.2956549179e+000 -9.6298968759e+001
246 42 93
2 46 2682 -865.4500 75.5500 47 2042 -862.8100 246.6900
-4.7371749282e+001 -4.8815296941e+000 -1.0835724503e+002
229 159 79
2 46 2623 -713.0000 -72.2300 47 1985 -709.4900 95.8100
-7.7620606536e-001 6.6178232934e-001 -7.2056066667e+000
147 120 78
2 46 2750 -138.3300 147.9000 47 2111 -162.4400 98.9700
-4.1330755809e+001 -4.2853054397e+000 -1.0549669198e+002
243 50 85
2 46 2702 -639.2700 -66.1200 47 2108 -635.9300 98.8700
-4.1330755809e+001 -4.2853054397e+000 -1.0549669198e+002
243 50 85
2 46 2701 -639.2700 -66.1200 47 2109 -635.9300 98.8700
-4.5368378630e+001 -5.2665147789e+000 -1.0723948209e+002
67 37 65
2 46 2768 -690.0800 -79.1400 47 2114 -686.8500 88.0200
-7.3097363265e+001 1.6963405785e+001 -1.3663390814e+002
77 62 131
2 46 2783 -868.3400 204.0300 47 2133 -866.2700 382.7600
-4.9440376579e+001 -2.6951146394e+000 -1.1048823948e+002
70 40 66
2 46 2789 -729.1800 -38.5400 47 2141 -725.8500 130.1200
-1.9094327378e-001 -3.1515572053e-001 -6.6187952331e+000
112 99 54
2 46 2812 -24.8900 -52.9200 47 2170 -63.5600 -110.0000
-4.9236975255e+001 -4.5331490387e+000 -9.8407018140e+001
246 49 95
2 46 2815 -814.7600 -72.0300 47 2167 -809.8000 97.9000
-4.6595602807e+001 -2.6893067745e+000 -1.1080548600e+002
253 204 91
2 46 2828 -685.4700 -39.0300 47 2183 -682.4600 128.1700
-5.9315041559e+001 4.2940535708e+000 -1.3648730739e+002
59 39 75
2 46 2849 -708.2500 51.3500 47 2207 -705.1000 222.3100
-3.1237780597e+000 2.6182906311e+000 -8.6655509977e+000
147 144 99
2 46 4 -512.5600 462.7600 47 937 -517.9200 453.7700
-2.8029034155e+000 2.3224270422e+000 -8.3700070897e+000
175 172 137
2 46 12 -473.0300 425.0600 47 943 -479.9600 408.5400
-2.6226553445e+000 2.1660144707e+000 -8.2659404470e+000
185 177 139
2 46 37 -446.6900 401.7300 47 42 -454.5800 382.1500
-2.0762325905e+000 2.1241623148e+000 -8.4147940150e+000
172 137 111
2 46 39 -343.8600 386.1300 47 59 -354.4500 366.3100
-1.6463230014e+000 1.6752035504e+000 -8.0216688868e+000
131 68 69
2 46 64 -281.5700 320.5100 47 85 -295.5900 290.8600
1.7518312419e-001 2.0097342393e+000 -9.4974912470e+000
174 166 127
2 46 67 43.7100 320.7800 47 968 24.9600 308.2400
1.5471750049e-001 1.7142266805e+000 -9.1307376693e+000
190 181 141
2 46 80 40.5100 285.2700 47 978 21.2800 266.7300
6.7222506528e-001 1.9089823233e+000 -9.6106703721e+000
187 172 134
2 46 82 118.9500 300.5200 47 91 99.7100 287.1200
4.1670440755e-001 1.6865144619e+000 -9.2078294967e+000
172 154 107
2 46 92 82.2600 277.8700 47 103 61.8100 259.3600
6.4662218364e-001 1.5360225026e+000 -9.1066486921e+000
158 154 127
2 46 94 121.1200 255.6200 47 994 96.4000 234.8100
9.2273801701e-001 1.6685069901e+000 -9.4482563316e+000
113 108 102
2 46 95 160.1300 266.9800 47 995 137.0200 250.1800
1.0460422854e+000 1.6891402850e+000 -9.5606081625e+000
77 88 73
2 46 97 177.7300 266.8600 47 996 154.2000 251.3400
9.1526434277e-001 1.3943523161e+000 -9.0901526050e+000
101 94 89
2 46 111 163.6700 232.5000 47 129 138.7100 210.0200
8.9512772521e-001 1.2977603335e+000 -8.9608542669e+000
163 160 148
2 46 112 162.6600 219.7900 47 130 136.0601 195.5100
-1.1871343327e+000 1.0300769539e+000 -7.3923362163e+000
165 76 77
2 46 129 -214.4700 217.7700 47 1012 -234.1200 173.6000
9.4849284033e-001 1.2391075173e+000 -8.9064391960e+000
94 90 84
2 46 136 172.2400 211.2300 47 1015 144.8700 185.8500
-9.1707863249e-001 8.2196500089e-001 -7.2571684806e+000
155 73 63
2 46 151 -164.9000 179.2400 47 140 -187.3600 131.3300
-2.9829270788e-001 9.1050812203e-001 -7.9032427194e+000
82 75 57
2 46 152 -38.9000 179.7200 47 143 -63.3700 142.5700
-2.2260991386e-001 9.4870993919e-001 -8.0056356004e+000
200 188 168
2 46 153 -24.2000 184.2100 47 146 -49.4900 148.7500
-1.8449282196e-001 8.7637437009e-001 -7.9201905367e+000
179 166 143
2 46 154 -17.7600 172.7000 47 155 -43.5700 135.5100
-2.2661370220e-001 8.3220753870e-001 -7.8615485309e+000
186 174 152
2 46 156 -25.6200 165.8500 47 154 -51.8900 127.9400
-1.4034330551e-001 8.7099951372e-001 -7.9605401199e+000
79 77 62
2 46 158 -9.2300 170.6900 47 157 -36.0500 134.2800
-8.2839225115e-002 7.9211737762e-001 -7.8684090882e+000
196 186 158
2 46 159 0.7500 157.8800 47 175 -26.3900 119.4600
-2.4296710076e-001 6.9699439253e-001 -7.6876230421e+000
83 78 64
2 46 168 -29.5900 143.9300 47 1034 -56.9000 103.0800
-2.4296710076e-001 6.9699439253e-001 -7.6876230421e+000
83 78 64
2 46 169 -29.5900 143.9300 47 1035 -56.9000 103.0800
-5.2567030401e-003 6.7326178174e-001 -7.7531996990e+000
91 77 58
2 46 170 15.2300 137.5700 47 1038 -13.9300 96.9600
-5.2567030401e-003 6.7326178174e-001 -7.7531996990e+000
91 77 58
2 46 171 15.2300 137.5700 47 1039 -13.9300 96.9600
9.0199726150e-001 7.3909223796e-001 -8.2313271187e+000
163 149 98
2 46 175 175.3300 138.9800 47 178 142.8800 102.8300
1.3287735966e+000 8.4987029774e-001 -8.5810995086e+000
154 162 140
2 46 176 242.4900 151.1900 47 182 208.8199 119.2600
1.2133147357e+000 6.9202360556e-001 -8.4042083695e+000
102 114 75
2 46 178 226.5300 127.0600 47 181 191.7600 93.1300
-1.1741402207e-002 4.3224932464e-001 -7.4461067274e+000
173 158 118
2 46 181 13.9100 96.1900 47 199 -17.6400 50.3400
-1.1741402207e-002 4.3224932464e-001 -7.4461067274e+000
173 158 118
2 46 182 13.9100 96.1900 47 200 -17.6400 50.3400
6.0060579374e-001 4.4502228992e-001 -7.7473814275e+000
170 162 90
2 46 188 128.2500 93.0200 47 206 93.1700 50.3000
6.3702245370e-001 5.3094110983e-001 -7.8434179752e+000
143 99 70
2 46 189 134.0699 107.6800 47 1068 99.2000 66.3300
6.3702245370e-001 5.3094110983e-001 -7.8434179752e+000
143 99 70
2 46 190 134.0699 107.6800 47 1069 99.2000 66.3300
1.4153284412e-001 3.3827668235e-001 -7.3969948444e+000
72 77 62
2 46 199 43.7100 77.9600 47 202 10.1200 30.8000
4.6701051540e-001 3.2610718166e-001 -7.5240833309e+000
139 103 64
2 46 201 105.8199 73.2500 47 221 69.6500 27.2500
4.6701051540e-001 3.2610718166e-001 -7.5240833309e+000
139 103 64
2 46 202 105.8199 73.2500 47 222 69.6500 27.2500
5.0386543724e-001 2.5352764062e-001 -7.4477077531e+000
131 100 53
2 46 204 113.9200 59.7700 47 224 76.2700 12.4500
6.3535112765e-001 4.2659575447e-001 -7.7287373566e+000
180 163 102
2 46 205 135.1200 89.6600 47 211 99.3500 46.4900
7.2930216425e-001 3.1950311079e-001 -7.6377531253e+000
175 166 106
2 46 209 154.0900 70.1000 47 229 116.4900 25.1500
7.1311543053e-001 2.8913020900e-001 -7.5788110059e+000
139 94 64
2 46 210 152.2400 64.8600 47 1109 113.7700 19.0000
1.8517708422e+000 4.0593577553e-001 -8.2908774057e+000
106 120 94
2 46 219 341.7300 76.4200 47 214 299.1500 38.5600
1.9099483404e+000 3.1589265805e-001 -8.1995765475e+000
105 119 93
2 46 222 355.0500 61.1300 47 1113 311.3199 21.5700
1.5340652059e-001 1.2677709565e-001 -7.1495986947e+000
177 162 108
2 46 226 46.6400 38.0400 47 1121 11.0600 -13.2800
1.5340652059e-001 1.2677709565e-001 -7.1495986947e+000
177 162 108
2 46 227 46.6400 38.0400 47 1122 11.0600 -13.2800
4.5469384971e-001 1.7705909752e-001 -7.3420307479e+000
180 161 102
2 46 231 105.3800 45.7900 47 225 67.3800 -3.0700
5.2379204847e-001 1.5868176557e-001 -7.3384569612e+000
181 169 106
2 46 234 119.0400 41.9700 47 243 80.1600 -7.2100
5.5553046544e-001 1.5976892741e-001 -7.3609260343e+000
126 82 51
2 46 235 124.8800 41.9500 47 245 85.9700 -6.9200
8.2132018996e-001 1.7362026528e-001 -7.5011490912e+000
145 84 70
2 46 238 174.3500 42.8900 47 233 133.4800 -4.3400
8.2132018996e-001 1.7362026528e-001 -7.5011490912e+000
145 84 70
2 46 239 174.3500 42.8900 47 232 133.4800 -4.3400
1.9525288477e+000 3.0070469204e-001 -8.2033221963e+000
159 173 148
2 46 241 362.6700 58.2300 47 234 318.0900 18.7200
4.4403688546e-001 2.5586062757e-002 -7.1541053773e+000
144 95 75
2 46 252 105.3400 16.6100 47 1128 65.3500 -35.2000
1.9691964142e+000 5.9157479644e-002 -7.9083086200e+000
174 182 169
2 46 255 377.6100 15.9200 47 260 328.2600 -27.8400
2.0841874818e+000 -3.3057809019e-001 -8.0051904123e+000
56 57 40
2 46 325 393.6300 -55.9400 47 300 339.9600 -94.2000
1.1607404451e+000 -4.3318503412e-001 -7.5242090165e+000
93 94 66
2 46 346 237.6600 -75.4200 47 316 188.7100 -117.4300
1.0739122945e+000 -7.2979808676e-001 -7.7784782846e+000
108 103 71
2 46 416 213.3000 -128.9100 47 386 164.9700 -161.3500
1.1236299813e+000 -5.7174878614e-001 -7.6556353311e+000
99 97 66
2 46 417 226.5300 -100.7000 47 379 177.6801 -137.8900
1.1236299813e+000 -5.7174878614e-001 -7.6556353311e+000
99 97 66
2 46 418 226.5300 -100.7000 47 378 177.6801 -137.8900
1.4053114369e+000 -7.3982591406e-001 -7.9771888336e+000
87 88 65
2 46 429 269.2400 -129.1200 47 404 218.5900 -159.3500
-1.4477247170e+000 -7.4249715137e-001 -6.2709628601e+000
74 66 57
2 46 464 -313.5000 -147.5100 47 492 -337.2700 -198.5900
-1.6234715532e-001 -7.1543964500e-001 -7.0684744395e+000
127 112 77
2 46 483 -19.6800 -132.4100 47 436 -58.0300 -172.8300
-1.6234715532e-001 -7.1543964500e-001 -7.0684744395e+000
127 112 77
2 46 484 -19.6800 -132.4100 47 437 -58.0300 -172.8300
3.4163126782e-001 -8.9831769352e-001 -7.5537087518e+000
136 118 80
2 46 499 77.4900 -162.2300 47 455 34.8800 -192.7300
1.1009821651e+000 -8.7680723653e-001 -7.9020387363e+000
114 106 73
2 46 512 215.0601 -154.5900 47 469 165.7000 -182.7600
1.1891134341e+000 -7.8211340092e-001 -7.9001054800e+000
66 62 34
2 46 514 231.5800 -137.3400 47 468 182.1899 -167.3000
-1.5441498095e+000 -9.1760890244e-001 -6.3798857346e+000
76 67 60
2 46 543 -331.1700 -184.4000 47 571 -354.0200 -228.8500
-1.8338438906e-001 -9.8735526261e-001 -7.3061424093e+000
139 122 92
2 46 566 -24.1300 -182.8700 47 505 -63.0400 -213.8900
1.3144681422e+000 -1.0664798534e+000 -8.3215607553e+000
94 91 64
2 46 606 241.8199 -182.1400 47 547 192.5200 -201.5900
-5.8093498443e-001 -1.1679796693e+000 -7.2976074195e+000
140 124 99
2 46 655 -103.8200 -217.7600 47 587 -138.6700 -243.7900
-5.0047225947e-001 -1.1189690824e+000 -7.2513466413e+000
136 120 97
2 46 656 -88.0100 -209.3800 47 588 -124.0400 -237.5600
-3.1909260288e-001 -1.1709996623e+000 -7.4356428504e+000
135 118 90
2 46 660 -50.9300 -215.7300 47 593 -88.6400 -240.5500
-3.1909260288e-001 -1.1709996623e+000 -7.4356428504e+000
135 118 90
2 46 661 -50.9300 -215.7300 47 594 -88.6400 -240.5500
5.6023555741e-002 -1.2236444188e+000 -7.6900420125e+000
138 122 86
2 46 671 21.3700 -220.7800 47 607 -19.8600 -242.2000
5.6023555741e-002 -1.2236444188e+000 -7.6900420125e+000
138 122 86
2 46 672 21.3700 -220.7800 47 608 -19.8600 -242.2000
6.7513581549e-001 -1.3087751215e+000 -8.1574905388e+000
78 66 40
2 46 685 131.1200 -227.0800 47 630 84.8900 -242.5000
1.3878050627e+000 -1.2242680387e+000 -8.5263092642e+000
65 63 38
2 46 710 248.8800 -205.9600 47 561 198.7100 -220.3100
-3.1647156602e-001 -1.3671993878e+000 -7.6333071253e+000
131 115 81
2 46 739 -49.9600 -248.5300 47 683 -87.9400 -266.6500
1.8299557798e-002 -1.3450019470e+000 -7.8517037650e+000
137 121 89
2 46 750 13.4100 -239.4200 47 610 -27.1200 -255.9700
-5.1640027584e-003 -1.4011087201e+000 -7.8777034119e+000
126 112 77
2 46 754 8.7800 -249.1000 47 688 -31.5600 -264.2600
1.8486832908e-001 -1.4526491841e+000 -8.0201199788e+000
87 71 46
2 46 763 43.3300 -255.3100 47 703 0.7800 -268.2900
1.8486832908e-001 -1.4526491841e+000 -8.0201199788e+000
87 71 46
2 46 764 43.3300 -255.3100 47 704 0.7800 -268.2900
6.9888777321e-001 -1.4797801307e+000 -8.3979780916e+000
79 65 38
2 46 777 131.1700 -251.5600 47 723 85.2300 -260.9100
6.9888777321e-001 -1.4797801307e+000 -8.3979780916e+000
79 65 38
2 46 778 131.1700 -251.5600 47 724 85.2300 -260.9100
-8.1456195914e-001 -1.5458500724e+000 -7.5300658228e+000
57 47 38
2 46 844 -147.4800 -284.5800 47 770 -180.4200 -298.8000
-6.7888911769e-001 -1.5353955240e+000 -7.6252607347e+000
82 67 44
2 46 847 -119.8500 -279.9200 47 780 -154.2400 -293.4400
-5.9537739494e-002 -1.5544604855e+000 -8.0431229494e+000
115 101 72
2 46 862 -1.6800 -272.5700 47 693 -41.8000 -282.3500
1.3448516625e-001 -1.5954269125e+000 -8.1645699763e+000
92 76 51
2 46 877 32.9700 -276.9800 47 699 -8.8600 -285.3100
1.8226836401e-001 -1.6596916962e+000 -8.2549376867e+000
88 72 46
2 46 878 41.0800 -285.9800 47 701 -1.5400 -292.1700
1.8226836401e-001 -1.6596916962e+000 -8.2549376867e+000
88 72 46
2 46 879 41.0800 -285.9800 47 702 -1.5400 -292.1700
5.8646631959e-001 -1.5492127421e+000 -8.3725788042e+000
88 74 50
2 46 885 111.6400 -264.1300 47 721 66.2500 -272.3100
5.5026192879e-001 -1.6437105820e+000 -8.4249697664e+000
95 81 54
2 46 886 104.5000 -279.1700 47 719 59.0100 -285.0000
1.0226491813e+000 -1.7274588826e+000 -8.8506116930e+000
74 65 42
2 46 910 178.2900 -282.7400 47 748 130.0800 -283.7600
-1.5926536711e+000 -1.9604074688e+000 -7.5874132465e+000
114 98 72
2 46 1121 -297.4800 -360.4500 47 899 -322.0100 -362.0800
2.6557797906e+000 -2.0266498443e+000 -7.4862802925e+000
187 180 172
2 46 1142 524.9900 -390.2100 47 921 442.0900 -416.7600
-2.7892557900e+000 2.2795517233e+000 -8.3457692219e+000
180 174 137
2 46 1182 -471.8500 418.6200 47 944 -479.1300 401.5700
-1.9923863512e+000 2.6834406489e+000 -9.3998014213e+000
241 216 207
2 46 1183 -296.3900 436.0400 47 1497 -306.1000 433.3300
-1.9497391470e+000 2.6043968675e+000 -9.2644244171e+000
162 150 104
2 46 1184 -293.8800 429.2700 47 1498 -303.5100 424.0200
-2.7739443972e+000 2.1590487803e+000 -8.2256019412e+000
138 139 102
2 46 1191 -475.8000 402.7900 47 1505 -482.9000 383.3100
-2.6990990705e+000 2.1280296623e+000 -8.2080039403e+000
187 178 135
2 46 1193 -462.9800 397.8000 47 1517 -471.2600 377.5900
-2.4161374103e+000 2.2658790379e+000 -8.4741296185e+000
180 177 145
2 46 1194 -400.1900 409.2000 47 1511 -409.6500 392.4800
-2.4190662649e+000 2.2720806268e+000 -8.4991157191e+000
180 177 145
2 46 1195 -400.1900 409.2000 47 947 -408.4900 392.8900
-9.8367563746e-001 2.6227263511e+000 -9.8073671781e+000
188 170 134
2 46 1197 -132.0000 407.0900 47 1512 -144.2900 405.4000
-3.7119575871e-002 2.6694095126e+000 -1.0341061403e+001
166 133 122
2 46 1199 10.4300 391.7200 47 951 -2.0800 392.9500
-1.5332910642e+000 1.7279602199e+000 -8.1274113262e+000
194 189 186
2 46 1213 -257.8800 325.7700 47 1529 -272.0200 297.5300
-1.5340108005e+000 1.7290517302e+000 -8.1327803508e+000
194 189 186
2 46 1214 -257.8800 325.7700 47 966 -271.9600 297.6400
1.9363397898e-001 2.2433787121e+000 -9.8547808058e+000
144 103 83
2 46 1215 44.9900 345.0400 47 962 28.9900 337.8300
1.9363397898e-001 2.2433787121e+000 -9.8547808058e+000
144 103 83
2 46 1216 44.9900 345.0400 47 963 28.9900 337.8300
7.3667074903e-001 2.2125440736e+000 -1.0015576964e+001
83 81 79
2 46 1217 125.1899 333.8700 47 79 107.2700 326.4700
-1.5451435478e+000 1.4973129292e+000 -7.8363725834e+000
146 67 73
2 46 1227 -269.6300 294.1900 47 1535 -283.8400 260.3200
-1.5381350497e+000 1.3213000505e+000 -7.6208168262e+000
208 193 201
2 46 1237 -275.0000 268.2900 47 988 -291.0500 230.2700
7.5755529295e-001 1.6138968400e+000 -9.2978150618e+000
165 155 119
2 46 1239 136.0500 262.8200 47 1539 113.0200 244.4000
7.1457242456e-001 1.5582989773e+000 -9.1900232944e+000
161 153 117
2 46 1240 130.5200 256.9100 47 993 106.9900 236.9700
1.0441027534e+000 1.5896567387e+000 -9.4169506882e+000
139 138 127
2 46 1243 179.2100 255.1700 47 997 155.6700 237.2600
1.1406936162e+000 1.5915641965e+000 -9.4684094268e+000
151 134 92
2 46 1244 193.7200 253.8600 47 1543 169.3500 236.4300
-1.2733728574e+000 1.1927327548e+000 -7.5688443508e+000
160 66 68
2 46 1251 -225.8400 244.4400 47 1547 -244.7200 204.2300
-1.2733728574e+000 1.1927327548e+000 -7.5688443508e+000
160 66 68
2 46 1252 -225.8400 244.4400 47 1548 -244.7200 204.2300
-1.3829218600e+000 1.0825164080e+000 -7.3804252306e+000
159 72 72
2 46 1254 -253.3000 229.0600 47 1558 -270.9600 185.4900
-1.3350182294e+000 1.0558103843e+000 -7.3755745517e+000
200 190 186
2 46 1255 -244.4400 223.8300 47 1559 -261.8600 179.9200
6.9290454393e-001 1.5032356442e+000 -9.1106447962e+000
102 96 84
2 46 1259 127.8300 250.1800 47 1540 104.0500 229.0500
6.9889764775e-001 1.3170190658e+000 -8.8881267593e+000
171 170 137
2 46 1261 132.2500 225.0800 47 1551 104.8000 200.7600
-8.5324148853e-001 8.8571434157e-001 -7.3638922410e+000
206 183 128
2 46 1264 -150.1700 189.1100 47 1020 -172.4200 142.9800
9.6732043296e-001 1.1448421925e+000 -8.8049968412e+000
88 82 81
2 46 1266 177.4000 197.6700 47 1016 148.1200 170.8100
1.3373405268e+000 1.2923025415e+000 -9.1809321746e+000
155 162 151
2 46 1268 230.3400 212.7300 47 1554 202.0601 190.1400
-1.7825063435e-001 7.9290803168e-001 -7.8287487982e+000
82 85 71
2 46 1272 -16.7400 159.0500 47 1575 -43.8100 120.3900
-1.5534127824e-001 8.3081195110e-001 -7.8776310318e+000
190 179 156
2 46 1273 -12.5100 165.0700 47 1021 -39.0000 127.0600
-1.5534127824e-001 8.3081195110e-001 -7.8776310318e+000
190 179 156
2 46 1274 -12.5100 165.0700 47 1022 -39.0000 127.0600
-1.8970443503e-002 7.0913372655e-001 -7.7664355980e+000
196 186 156
2 46 1287 12.7100 144.1100 47 1036 -16.0400 103.6200
-1.8970443503e-002 7.0913372655e-001 -7.7664355980e+000
196 186 156
2 46 1288 12.7100 144.1100 47 1037 -16.0400 103.6200
5.2067846698e-001 6.2803510229e-001 -7.9314804914e+000
188 163 105
2 46 1296 110.8800 124.7900 47 1584 79.3300 85.1300
9.5331539628e-001 7.8379472567e-001 -8.3252105969e+000
179 175 145
2 46 1300 183.0900 145.1000 47 1043 150.1300 110.5100
1.1388754281e+000 6.5643460273e-001 -8.2111268794e+000
148 149 91
2 46 1301 218.3900 123.8100 47 1585 182.2900 86.6500
-6.1256857731e-002 5.5996528202e-001 -7.5896016779e+000
193 181 144
2 46 1306 4.3000 118.9800 47 1580 -25.1400 75.7100
7.5747303528e-002 4.6614099560e-001 -7.5465037044e+000
80 71 54
2 46 1309 31.0000 101.1000 47 1078 -1.4700 56.9300
6.0580766516e-002 4.2874807309e-001 -7.4905481683e+000
177 163 125
2 46 1310 27.9200 94.7000 47 1080 -4.3300 49.5300
6.0580766516e-002 4.2874807309e-001 -7.4905481683e+000
177 163 125
2 46 1311 27.9200 94.7000 47 1079 -4.3300 49.5300
2.4663503678e-001 5.9724385855e-001 -7.7676563999e+000
189 172 118
2 46 1313 62.2800 122.3100 47 1059 30.6000 81.0900
2.4149053513e-001 5.5326200624e-001 -7.7323936828e+000
146 97 69
2 46 1315 61.2400 114.6300 47 1063 29.6200 72.9000
5.4119568888e-001 5.1211832724e-001 -7.7942062345e+000
148 101 74
2 46 1321 116.7200 105.1500 47 1065 82.6000 63.3500
1.0490200030e+000 4.7951930146e-001 -8.0029318274e+000
186 179 151
2 46 1323 206.8300 94.9400 47 1596 168.7700 55.1500
1.7248804932e+000 5.3279236160e-001 -8.3863357435e+000
155 170 146
2 46 1327 316.3900 98.0300 47 1071 276.1400 62.0000
4.3640247828e-002 2.3938412396e-001 -7.2301651570e+000
177 162 116
2 46 1330 24.8500 60.3500 47 1099 -9.2200 10.6800
9.6376415132e-002 3.5636793725e-001 -7.3945660381e+000
185 171 123
2 46 1331 35.0000 81.6600 47 1082 1.7800 34.5800
1.3080498849e-001 2.9405441871e-001 -7.3281614614e+000
181 168 126
2 46 1334 41.8900 70.0100 47 1102 7.7600 21.6700
3.7294957603e-001 3.5926084194e-001 -7.5315787960e+000
191 170 117
2 46 1337 87.3600 79.9000 47 1087 52.9500 34.2400
3.7294957603e-001 3.5926084194e-001 -7.5315787960e+000
191 170 117
2 46 1338 87.3600 79.9000 47 1088 52.9500 34.2400
6.0082240156e-001 4.0500180856e-001 -7.6952358085e+000
139 96 68
2 46 1341 129.1200 86.0700 47 1089 93.2300 42.5400
6.0082240156e-001 4.0500180856e-001 -7.6952358085e+000
139 96 68
2 46 1342 129.1200 86.0700 47 1090 93.2300 42.5400
1.9223922840e+000 3.5760221475e-001 -8.2460436648e+000
145 159 134
2 46 1346 355.5699 68.1300 47 1601 312.3500 29.1600
-3.0494710180e+000 1.5079273740e-001 -8.6238906773e+000
183 78 92
2 46 1348 -508.5200 43.0000 47 1072 -517.3400 40.8400
2.3422479574e-001 1.6295225611e-001 -7.2219651573e+000
72 81 71
2 46 1351 62.8400 44.5200 47 1123 26.2800 -5.7600
4.0194122168e-001 2.4556832256e-001 -7.4110149848e+000
149 100 72
2 46 1354 94.2700 58.8800 47 1104 57.7600 11.3100
4.9098715936e-001 2.2191216342e-001 -7.4032974890e+000
177 170 102
2 46 1355 111.8600 54.0200 47 1106 74.0400 5.9900
4.9098715936e-001 2.2191216342e-001 -7.4032974890e+000
177 170 102
2 46 1356 111.8600 54.0200 47 1107 74.0400 5.9900
7.9211965522e-001 2.3016033264e-001 -7.5750944033e+000
145 95 70
2 46 1357 167.1100 53.3800 47 1110 127.8400 7.4300
3.7778035350e-001 3.4537690734e-002 -7.1081884688e+000
72 76 68
2 46 1365 92.5100 18.8100 47 1126 53.1000 -33.8500
3.7778035350e-001 3.4537690734e-002 -7.1081884688e+000
72 76 68
2 46 1366 92.5100 18.8100 47 1127 53.1000 -33.8500
4.1003140981e-001 4.9888029922e-002 -7.1359975581e+000
177 163 96
2 46 1367 98.9000 21.6800 47 242 59.1000 -30.6000
8.7554760808e-001 5.0217128649e-002 -7.3846131518e+000
141 99 66
2 46 1368 187.0800 19.3000 47 1132 144.1801 -29.8100
-2.8548108510e-001 -3.6081257237e-001 -6.6359174022e+000
72 63 34
2 46 1389 -46.1700 -62.2600 47 304 -82.3000 -117.8300
5.8370630634e-001 -3.4289900208e-001 -7.1309601590e+000
107 102 59
2 46 1394 133.0699 -58.4000 47 309 88.1801 -107.0800
8.1474548874e-001 -3.2963203920e-001 -7.2217059775e+000
105 101 63
2 46 1400 177.5000 -55.9000 47 1195 131.4301 -104.1500
1.0022351703e+000 -2.5464822964e-001 -7.2643579339e+000
65 65 39
2 46 1401 214.3800 -41.3700 47 1157 166.6400 -90.6000
1.0022351703e+000 -2.5464822964e-001 -7.2643579339e+000
65 65 39
2 46 1402 214.3800 -41.3700 47 1156 166.6400 -90.6000
1.0586482911e+000 -3.7047286607e-001 -7.4189802346e+000
63 62 39
2 46 1405 220.9500 -63.6400 47 1199 172.8400 -108.1800
1.0932604012e+000 -2.5384970167e-001 -7.3489998844e+000
64 64 40
2 46 1406 229.7700 -41.1400 47 1160 182.3000 -89.0600
1.0699516586e+000 -3.1570951605e-001 -7.3550989655e+000
65 65 39
2 46 1411 224.9100 -53.2500 47 1161 177.0400 -100.0900
1.2096847598e+000 -3.9277364814e-001 -7.4937095055e+000
65 64 44
2 46 1416 248.1600 -67.9700 47 1205 198.7800 -111.4500
1.4398646179e+000 -3.8021574960e-001 -7.6928822254e+000
86 89 64
2 46 1421 285.5500 -64.9200 47 1212 236.1000 -105.6800
1.6455467664e+000 -3.9425459497e-001 -7.8229754039e+000
58 61 41
2 46 1429 320.0100 -67.4500 47 334 268.4100 -106.2500
-3.0462292945e-001 -4.0550498244e-001 -6.6503942666e+000
73 62 40
2 46 1450 -50.0100 -71.7800 47 1188 -86.8400 -126.0700
4.1159982872e-001 -5.4313634656e-001 -7.2102746826e+000
87 77 49
2 46 1456 96.4500 -97.5500 47 367 52.8300 -140.6700
9.9093559972e-001 -4.5616060976e-001 -7.4658902542e+000
99 96 63
2 46 1459 206.1200 -79.7800 47 310 158.6700 -121.8400
9.3599300898e-001 -5.2105612619e-001 -7.4956239991e+000
64 60 31
2 46 1460 194.6500 -91.9700 47 1198 147.2500 -132.1700
1.0507253959e+000 -4.9733044997e-001 -7.4944195283e+000
95 95 61
2 46 1462 216.9600 -87.7300 47 313 168.5601 -128.9600
1.0851404746e+000 -5.3657058309e-001 -7.5659472692e+000
64 59 34
2 46 1464 221.5900 -94.7400 47 1242 173.0000 -134.1100
1.0920042783e+000 -4.0010156401e-001 -7.4806991673e+000
96 95 64
2 46 1466 225.4301 -69.0700 47 1202 177.6600 -112.1500
1.1319535126e+000 -5.1717770403e-001 -7.5757216191e+000
96 97 64
2 46 1474 230.3500 -91.0600 47 317 181.5300 -130.7500
1.1319535126e+000 -5.1717770403e-001 -7.5757216191e+000
96 97 64
2 46 1475 230.3500 -91.0600 47 318 181.5300 -130.7500
1.3017243631e+000 -4.4529999982e-001 -7.7153870398e+000
58 59 40
2 46 1479 258.4600 -76.6500 47 323 210.1400 -115.3600
1.3714361432e+000 -4.8423773878e-001 -7.7829218265e+000
63 61 41
2 46 1480 269.6700 -83.7100 47 1209 220.1801 -120.8000
1.6351069024e+000 -5.4093710391e-001 -7.9358327915e+000
83 85 63
2 46 1494 313.3500 -93.6900 47 341 261.8300 -128.4700
-1.1087197749e+000 -6.3917354902e-001 -6.3780018367e+000
72 69 60
2 46 1508 -232.8100 -123.4900 47 1259 -260.4100 -175.9300
-1.0583510656e+000 -6.6514609912e-001 -6.4332365214e+000
73 68 57
2 46 1509 -220.0900 -128.5800 47 1261 -248.1800 -179.5000
-7.9766117449e-002 -5.5483867961e-001 -6.9279358135e+000
82 67 35
2 46 1517 -2.0500 -101.4600 47 1232 -41.5000 -147.9900
-1.9135645827e-001 -6.9084934757e-001 -6.9958783128e+000
85 69 42
2 46 1518 -25.5800 -128.3700 47 1266 -64.0400 -170.6000
-4.9060424768e-002 -5.8091641075e-001 -7.0169205138e+000
120 106 69
2 46 1521 3.8200 -105.8700 47 361 -35.0600 -150.2000
-4.9060424768e-002 -5.8091641075e-001 -7.0169205138e+000
120 106 69
2 46 1522 3.8200 -105.8700 47 360 -35.0600 -150.2000
9.0941651113e-001 -7.4276662148e-001 -7.7278050348e+000
117 108 63
2 46 1535 183.4000 -131.5300 47 376 136.6200 -163.9200
9.4279172146e-001 -7.3632124374e-001 -7.6929536277e+000
76 65 51
2 46 1537 190.6000 -130.9100 47 1240 143.0900 -164.2500
9.4987069344e-001 -6.1070842455e-001 -7.6273873890e+000
109 106 65
2 46 1539 193.7900 -107.8600 47 1239 146.7700 -144.2300
1.0802003068e+000 -5.7641088416e-001 -7.6238654533e+000
68 66 41
2 46 1543 218.8800 -101.7500 47 1244 170.6600 -139.3900
1.1557619752e+000 -7.5300970505e-001 -7.8753474470e+000
98 98 64
2 46 1550 226.0100 -132.1700 47 392 177.2900 -162.8500
1.2854523001e+000 -7.1910753106e-001 -7.8916083677e+000
62 61 40
2 46 1551 249.6801 -126.0500 47 396 200.0100 -157.5800
-1.3513210262e+000 -6.9611906009e-001 -6.2781139414e+000
76 69 63
2 46 1575 -291.1700 -137.1600 47 432 -316.0200 -189.5600
-1.3725724874e+000 -7.7546046951e-001 -6.3433648796e+000
133 116 106
2 46 1577 -293.4800 -153.8400 47 493 -318.6400 -202.9300
-1.3203212496e+000 -7.5602397615e-001 -6.3676723003e+000
135 118 111
2 46 1578 -281.0100 -149.1500 47 494 -306.2000 -198.3800
-1.2042328325e+000 -6.9140603099e-001 -6.3538682706e+000
112 105 94
2 46 1579 -254.7800 -135.3200 47 433 -282.2300 -186.7400
-3.3819694226e-001 -8.5273456513e-001 -7.0712184748e+000
80 66 37
2 46 1583 -56.0500 -159.8700 47 1309 -92.9900 -197.0700
-1.8562014326e-001 -7.8255368053e-001 -7.0916860612e+000
134 119 79
2 46 1587 -24.2800 -145.7100 47 441 -63.2800 -184.3600
1.3281833312e-001 -8.7543385609e-001 -7.3656636866e+000
99 85 64
2 46 1594 38.6900 -160.5500 47 1273 -3.1300 -193.8700
1.7869613149e-001 -8.6835880464e-001 -7.4126888443e+000
137 119 86
2 46 1596 47.2900 -158.4400 47 448 5.5500 -191.2100
1.7869613149e-001 -8.6835880464e-001 -7.4126888443e+000
137 119 86
2 46 1597 47.2900 -158.4400 47 449 5.5500 -191.2100
2.0976166514e-001 -8.9333477442e-001 -7.4527394620e+000
85 70 47
2 46 1599 52.9900 -162.7000 47 450 11.0000 -194.4800
3.6226939254e-001 -8.3961340369e-001 -7.5128157628e+000
136 117 75
2 46 1603 82.1500 -151.6700 47 1278 39.2800 -183.9100
3.8025770385e-001 -8.8807684978e-001 -7.5348265633e+000
81 65 37
2 46 1605 85.4399 -160.7500 47 1279 41.7800 -191.9000
9.5160871880e-001 -8.3483951171e-001 -7.7841699182e+000
116 104 68
2 46 1609 190.1300 -148.2000 47 458 141.9600 -178.3800
9.0711263497e-001 -8.5152037097e-001 -7.8084260160e+000
92 81 53
2 46 1614 180.9500 -150.7600 47 1280 133.8500 -180.1000
9.0711263497e-001 -8.5152037097e-001 -7.8084260160e+000
92 81 53
2 46 1615 180.9500 -150.7600 47 1281 133.8500 -180.1000
1.0095717081e+000 -8.2046745795e-001 -7.8513293285e+000
76 66 38
2 46 1618 199.1600 -144.6000 47 459 151.5200 -174.1000
1.0846688883e+000 -8.1948102873e-001 -7.8742514444e+000
78 72 45
2 46 1622 212.5500 -144.2900 47 1282 164.3000 -173.7900
-1.6128714172e+000 -8.3174272359e-001 -6.2712497845e+000
68 61 51
2 46 1635 -351.4000 -167.2500 47 1290 -373.0900 -215.5500
-1.5289618060e+000 -8.3099297498e-001 -6.3148760461e+000
109 105 93
2 46 1636 -330.2100 -166.4300 47 491 -353.3200 -214.1800
-1.4463802946e+000 -9.4700134380e-001 -6.5047334719e+000
74 63 60
2 46 1639 -303.8400 -188.3200 47 575 -328.8900 -229.7700
-1.2022817968e+000 -9.3547544669e-001 -6.6040154879e+000
73 64 57
2 46 1643 -246.9100 -184.2500 47 1301 -274.8900 -225.1900
-1.2022817968e+000 -9.3547544669e-001 -6.6040154879e+000
73 64 57
2 46 1644 -246.9100 -184.2500 47 1300 -274.8900 -225.1900
-1.1194731693e+000 -9.8458369630e-001 -6.6790973330e+000
111 102 93
2 46 1648 -227.3900 -193.3200 47 582 -255.4800 -232.3200
-4.7436325071e-001 -9.4558600224e-001 -7.1003997630e+000
84 68 45
2 46 1653 -83.6000 -177.8600 47 500 -119.8200 -212.0500
-3.6084453166e-001 -9.2818606272e-001 -7.1423639996e+000
90 74 48
2 46 1659 -60.2200 -173.8100 47 1306 -97.4300 -208.0900
-2.3857550466e-001 -9.4721180917e-001 -7.2690599598e+000
141 122 92
2 46 1663 -35.2100 -175.4500 47 1316 -73.1500 -207.5500
-3.0704854639e-001 -1.0420410081e+000 -7.3131031048e+000
103 85 63
2 46 1666 -48.9000 -193.1900 47 1318 -86.4000 -222.5200
-1.7729894263e-001 -9.5275558519e-001 -7.2117897083e+000
134 118 84
2 46 1668 -22.9000 -177.9400 47 1321 -62.3600 -211.4600
-1.5217757050e-001 -9.9723472290e-001 -7.3739746832e+000
85 69 44
2 46 1671 -17.8700 -183.5100 47 506 -56.8900 -213.1800
-1.1916058315e-001 -1.0231252292e+000 -7.4068983073e+000
139 123 94
2 46 1672 -11.5000 -188.0000 47 507 -50.7600 -216.8400
-1.1916058315e-001 -1.0231252292e+000 -7.4068983073e+000
139 123 94
2 46 1673 -11.5000 -188.0000 47 508 -50.7600 -216.8400
7.1947165666e-002 -1.0699674911e+000 -7.5530873007e+000
87 72 50
2 46 1676 25.3500 -194.5700 47 1332 -15.8700 -220.9300
7.8255764333e-001 -1.0982577395e+000 -7.9774927089e+000
122 111 65
2 46 1684 154.1100 -193.0800 47 520 107.1899 -215.1400
9.0256296765e-001 -9.8573186267e-001 -7.9190566870e+000
117 108 69
2 46 1687 177.6400 -173.8400 47 523 129.8400 -199.1600
9.0256296765e-001 -9.8573186267e-001 -7.9190566870e+000
117 108 69
2 46 1688 177.6400 -173.8400 47 524 129.8400 -199.1600
9.8959496546e-001 -1.1095126823e+000 -8.1179187958e+000
74 64 37
2 46 1694 188.9301 -192.8800 47 533 140.7100 -213.4400
1.1909241930e+000 -9.8261741311e-001 -8.0783478655e+000
75 68 43
2 46 1700 226.4900 -171.2000 47 471 177.1400 -195.3100
1.1909241930e+000 -9.8261741311e-001 -8.0783478655e+000
75 68 43
2 46 1701 226.4900 -171.2000 47 472 177.1400 -195.3100
1.3516283765e+000 -1.0467212472e+000 -8.2796528558e+000
64 62 41
2 46 1705 249.7800 -179.5500 47 556 199.5900 -200.1000
-1.2199046586e+000 -1.1648214167e+000 -6.8068535249e+000
70 67 56
2 46 1716 -245.4400 -228.1800 47 1353 -272.9500 -260.4700
-7.3515081282e-001 -1.1689379479e+000 -7.2007867739e+000
71 52 45
2 46 1718 -136.1700 -219.9300 47 584 -169.1300 -246.9800
-6.4977674400e-001 -1.0845482669e+000 -7.1026459750e+000
58 44 36
2 46 1719 -120.0200 -205.5500 47 585 -154.1600 -236.4800
-4.5673146032e-001 -1.2051942528e+000 -7.3808655611e+000
84 69 47
2 46 1724 -78.5100 -223.3900 47 590 -114.7600 -247.9500
-3.4158015569e-001 -1.2341805934e+000 -7.4871845846e+000
135 120 89
2 46 1728 -55.3500 -226.6800 47 595 -92.6300 -249.4500
-1.2759245883e-001 -1.1573744800e+000 -7.5515120663e+000
93 78 52
2 46 1736 -13.5100 -210.8500 47 598 -52.6000 -234.8300
-1.6628969939e-001 -1.2523297306e+000 -7.5850054185e+000
100 84 61
2 46 1743 -21.0100 -228.2300 47 1368 -60.4000 -249.8600
4.6442019678e-002 -1.1330511770e+000 -7.5939943223e+000
90 76 49
2 46 1744 20.1700 -205.7300 47 1369 -21.0200 -230.2100
1.9016089186e-001 -1.2246968867e+000 -7.7822553415e+000
83 67 45
2 46 1752 46.3700 -219.1700 47 614 3.8000 -239.6100
4.6046765652e-001 -1.1813288066e+000 -7.9041511215e+000
81 64 40
2 46 1754 95.5200 -209.0100 47 626 51.3700 -229.4900
7.9315977661e-001 -1.1942254000e+000 -8.0919159524e+000
86 74 42
2 46 1758 153.8900 -208.2300 47 522 106.5900 -226.9500
7.5161952256e-001 -1.3111152346e+000 -8.1982662730e+000
83 66 44
2 46 1761 144.2400 -226.7600 47 1374 97.3199 -241.8600
-1.2938186080e+000 -1.1922973107e+000 -6.7878982696e+000
71 67 61
2 46 1786 -261.7200 -234.3300 47 1379 -288.5500 -266.0400
-1.2938186080e+000 -1.1922973107e+000 -6.7878982696e+000
71 67 61
2 46 1787 -261.7200 -234.3300 47 1380 -288.5500 -266.0400
-7.0378522869e-001 -1.2327166195e+000 -7.2592622496e+000
55 45 37
2 46 1788 -128.9100 -231.3200 47 1358 -162.9200 -256.2900
-6.2636676071e-001 -1.2947057265e+000 -7.3944308455e+000
134 118 94
2 46 1793 -111.9400 -240.1600 47 678 -146.6300 -262.0100
-4.0658537006e-001 -1.3295730530e+000 -7.5751346495e+000
94 79 58
2 46 1798 -67.6000 -242.6300 47 1392 -104.2900 -261.9000
-5.0844908837e-001 -1.3450079443e+000 -7.5045299626e+000
90 74 55
2 46 1799 -87.9100 -247.2700 47 1389 -123.7400 -266.9900
-4.4111378734e-001 -1.4227820240e+000 -7.6847839585e+000
97 81 57
2 46 1801 -73.7500 -257.2900 47 1393 -109.8600 -272.9900
-4.4111378734e-001 -1.4227820240e+000 -7.6847839585e+000
97 81 57
2 46 1802 -73.7500 -257.2900 47 1394 -109.8600 -272.9900
-3.3529155383e-001 -1.3300143909e+000 -7.5971531556e+000
98 83 57
2 46 1804 -53.6500 -242.3400 47 681 -91.3500 -261.5800
-3.0643196455e-001 -1.4396061264e+000 -7.7305409094e+000
89 74 44
2 46 1808 -47.8900 -259.5700 47 686 -85.7400 -274.9500
-2.0425005147e-001 -1.2566971442e+000 -7.5766332985e+000
136 122 90
2 46 1810 -28.4900 -229.1500 47 596 -67.1700 -250.7000
-7.2972908428e-003 -1.2972003560e+000 -7.7226901837e+000
92 77 53
2 46 1813 9.2300 -233.7400 47 606 -31.8200 -253.0600
2.8672738198e-001 -1.3751212732e+000 -7.9896981406e+000
89 74 49
2 46 1822 62.3000 -242.1900 47 624 19.0800 -257.4000
2.8672738198e-001 -1.3751212732e+000 -7.9896981406e+000
89 74 49
2 46 1823 62.3000 -242.1900 47 625 19.0800 -257.4000
2.6951447927e-001 -1.4267474473e+000 -8.0633683142e+000
93 77 51
2 46 1826 58.3700 -249.6300 47 706 15.6200 -262.8000
2.2240129831e-001 -1.4387922428e+000 -8.0163869350e+000
130 116 81
2 46 1828 50.1700 -252.9700 47 705 7.4200 -266.4500
-7.3263984372e-001 -1.4911895023e+000 -7.5452526585e+000
93 77 58
2 46 1854 -131.2400 -273.7500 47 1383 -164.8900 -289.0800
-5.4128217421e-001 -1.4442098868e+000 -7.5710234800e+000
84 69 48
2 46 1860 -93.6900 -264.4700 47 1386 -129.7700 -281.1600
-2.4198155795e-001 -1.6571127637e+000 -7.9861750211e+000
97 82 55
2 46 1866 -35.3200 -292.6100 47 792 -74.3300 -300.7100
-8.8034900281e-002 -1.5217217517e+000 -7.9632031548e+000
88 78 50
2 46 1867 -6.7300 -268.8200 47 692 -46.8300 -280.2100
-2.1510580511e-002 -1.5304592628e+000 -7.9689348346e+000
89 77 54
2 46 1872 5.5400 -270.4600 47 694 -35.4900 -281.9700
-4.2914362318e-002 -1.5977430171e+000 -8.0801122877e+000
87 73 46
2 46 1873 1.1900 -279.4100 47 1399 -39.1700 -288.0500
-1.2046306865e+000 -1.6141010509e+000 -7.3792045932e+000
123 107 82
2 46 1894 -226.9600 -301.9300 47 763 -256.0200 -315.2600
-1.2749925205e+000 -1.6913559932e+000 -7.4392563903e+000
90 75 49
2 46 1897 -239.2400 -314.8000 47 1438 -267.8700 -325.3100
-8.0282313982e-001 -1.7720645230e+000 -7.8368010978e+000
127 113 86
2 46 1909 -140.9600 -317.3400 47 779 -174.1900 -322.8700
-3.0872591693e-001 -1.8414054163e+000 -8.1846484845e+000
93 77 51
2 46 1920 -47.2700 -319.4200 47 795 -85.4300 -321.3300
-1.3326284720e+000 -1.9379089311e+000 -7.6701000801e+000
112 99 71
2 46 1962 -244.7000 -353.5200 47 1443 -273.0600 -355.7200
-1.1874425542e+000 -1.8627144016e+000 -7.7091196270e+000
73 60 41
2 46 1963 -216.1500 -338.0400 47 1446 -245.3600 -341.8500
-9.2218410522e-001 -2.0019312788e+000 -8.0272530706e+000
94 80 59
2 46 1966 -160.4000 -352.6200 47 853 -192.9800 -350.8500
-9.2218410522e-001 -2.0019312788e+000 -8.0272530706e+000
94 80 59
2 46 1967 -160.4000 -352.6200 47 852 -192.9800 -350.8500
-6.9924381253e-001 -1.8625291822e+000 -7.9816334149e+000
93 79 53
2 46 1972 -119.9300 -329.2900 47 858 -154.4900 -331.7100
-5.4541170687e-001 -1.8853422847e+000 -8.0960355527e+000
97 82 55
2 46 1976 -90.5400 -329.8200 47 863 -126.8600 -331.0000
-1.8379584226e+000 -1.9827556469e+000 -7.4255803580e+000
121 108 72
2 46 2002 -351.1700 -370.9800 47 1463 -373.0700 -373.1800
-1.7910336713e+000 -2.0684486905e+000 -7.5784536914e+000
109 98 70
2 46 2004 -336.2800 -381.1500 47 1465 -358.7400 -379.7900
-1.6394270297e+000 -2.0655378206e+000 -7.6596547875e+000
111 96 68
2 46 2005 -304.3600 -377.4700 47 900 -328.3700 -375.9000
-1.2619041693e+000 -1.9710887612e+000 -7.7502813792e+000
108 97 71
2 46 2011 -229.4400 -356.7900 47 905 -258.2400 -357.6700
-1.1932139278e+000 -2.0129307544e+000 -7.8665303860e+000
117 106 76
2 46 2012 -213.7900 -360.2000 47 907 -243.4000 -359.0500
2.6278344760e+000 -1.9922210783e+000 -7.5261060213e+000
188 181 174
2 46 2016 517.4800 -381.7400 47 1482 435.2200 -407.8900
-2.6131904588e+000 2.4486338173e+000 -8.6756426877e+000
105 114 85
2 46 2033 -424.7500 431.9300 47 1495 -433.5100 420.1500
-2.6589753564e+000 2.2198789603e+000 -8.3490043856e+000
185 177 141
2 46 2036 -448.7900 407.5800 47 1508 -456.8300 389.8500
-4.1216275224e-001 2.4263791428e+000 -9.8112022885e+000
136 94 80
2 46 2042 -46.1300 375.7400 47 955 -59.8200 370.9700
6.0127754668e-002 2.3389967349e+000 -9.8390464004e+000
171 135 93
2 46 2045 24.2700 360.4700 47 1738 10.8000 353.4000
-1.5179344369e+000 1.8884487544e+000 -8.3282877475e+000
205 185 133
2 46 2048 -248.3000 346.5500 47 1523 -263.6600 322.2100
-4.1077625871e-001 2.1503553625e+000 -9.4258198472e+000
185 152 94
2 46 2049 -47.9700 346.7500 47 1525 -63.8000 335.9200
-2.2507684317e-001 1.9464498181e+000 -9.2678811558e+000
193 184 172
2 46 2050 -20.7700 319.4200 47 1748 -35.8800 304.7600
-2.2507684317e-001 1.9464498181e+000 -9.2678811558e+000
193 184 172
2 46 2051 -20.7700 319.4200 47 1747 -35.8800 304.7600
-1.4448821577e+000 1.4924707656e+000 -7.8659436820e+000
151 64 70
2 46 2056 -249.6900 291.9000 47 1536 -265.3400 258.1800
2.8468057447e-001 1.9005773798e+000 -9.4247284776e+000
184 177 143
2 46 2057 60.5400 305.7400 47 1530 41.5900 291.4000
-1.4675375091e+000 1.3800737190e+000 -7.7154134566e+000
153 71 68
2 46 2060 -259.3400 276.1500 47 1757 -273.8600 239.4500
-1.3979556428e+000 1.3871990970e+000 -7.7437653293e+000
150 71 75
2 46 2062 -244.4100 276.2300 47 1759 -261.2600 239.9200
1.1533209393e+000 1.7450964893e+000 -9.6574895016e+000
80 91 75
2 46 2066 192.0000 272.7700 47 1538 170.0800 257.9200
1.1200715934e+000 1.6696044946e+000 -9.5541241392e+000
168 146 105
2 46 2067 188.9900 263.8700 47 1542 165.6400 247.7800
-7.9130351898e+001 1.9824476121e+001 -1.3556061855e+002
229 85 124
2 46 2069 -945.5900 240.8500 47 1714 -945.0700 422.9000
-1.4093833106e+000 1.0482093655e+000 -7.3324663859e+000
199 186 183
2 46 2074 -260.1000 223.7800 47 1555 -277.7200 179.4000
-1.4093833106e+000 1.0482093655e+000 -7.3324663859e+000
199 186 183
2 46 2075 -260.1000 223.7800 47 1556 -277.7200 179.4000
-1.3709368435e+000 1.1377570709e+000 -7.4595009023e+000
201 185 183
2 46 2078 -248.7500 237.5100 47 1769 -265.5900 195.4100
-1.3709368435e+000 1.1377570709e+000 -7.4595009023e+000
201 185 183
2 46 2079 -248.7500 237.5100 47 1768 -265.5900 195.4100
-1.2221271506e+000 1.1558264300e+000 -7.5372583392e+000
202 192 190
2 46 2082 -217.3500 238.1700 47 1772 -235.8300 196.9800
-1.1313828435e+000 1.1580452104e+000 -7.5758523813e+000
198 199 192
2 46 2083 -198.6300 237.1300 47 1549 -218.3100 196.3500
-1.1309303499e+000 1.0022614109e+000 -7.4022241009e+000
198 192 191
2 46 2088 -203.3200 211.8700 47 1560 -223.4100 167.7500
-2.6538159028e-001 9.8215995413e-001 -8.0377004448e+000
88 82 69
2 46 2091 -31.6500 189.6900 47 1565 -56.7200 155.0400
-1.7096382700e-001 9.3291757564e-001 -8.0156462501e+000
87 86 66
2 46 2101 -14.8800 180.9700 47 1566 -40.4300 145.4900
1.3266372886e+000 9.0433167155e-001 -8.6373320809e+000
72 80 67
2 46 2103 240.8600 159.5000 47 1572 207.7600 128.4200
-1.6036159802e-001 7.4526373998e-001 -7.7817124132e+000
199 188 166
2 46 2104 -14.0500 151.0700 47 1577 -40.7400 111.4200
-1.6036159802e-001 7.4526373998e-001 -7.7817124132e+000
199 188 166
2 46 2105 -14.0500 151.0700 47 1576 -40.7400 111.4200
5.0885522805e-002 6.1622177742e-001 -7.6807963055e+000
95 82 65
2 46 2106 25.9600 127.8500 47 1582 -4.4300 85.6900
1.2632084325e+000 8.3327531774e-001 -8.5723860575e+000
85 98 66
2 46 2109 231.6400 148.6300 47 1578 197.7800 117.0800
1.2533053901e+000 7.0674568224e-001 -8.3612237183e+000
168 174 140
2 46 2110 234.8800 130.1400 47 1579 199.3101 95.0900
-7.8551052999e-002 5.1459668414e-001 -7.5198170913e+000
71 93 73
2 46 2112 1.1500 111.3300 47 1583 -29.1700 66.9700
-4.7317473257e-002 4.3926077026e-001 -7.4443833890e+000
75 84 75
2 46 2113 7.1300 97.6700 47 1590 -24.3300 51.9800
3.3498077904e-002 3.9308305360e-001 -7.4001627506e+000
73 86 69
2 46 2119 22.4900 89.0200 47 1591 -9.3400 42.0400
3.7046702297e-001 3.1236022214e-001 -7.4829838698e+000
140 94 61
2 46 2122 87.4700 71.3200 47 1607 52.1400 25.0200
1.6726402752e+000 4.3415064813e-001 -8.1820899343e+000
119 133 80
2 46 2125 312.7300 83.2500 47 1600 273.4399 43.3900
-3.0820554159e+000 2.3462559280e-001 -8.6184459289e+000
189 82 94
2 46 2127 -514.6500 57.5000 47 1587 -522.1800 54.7700
-3.0820554159e+000 2.3462559280e-001 -8.6184459289e+000
189 82 94
2 46 2128 -514.6500 57.5000 47 1586 -522.1800 54.7700
2.7314183598e-001 9.7899916003e-002 -7.1531115334e+000
66 80 65
2 46 2132 71.2200 31.7300 47 1807 33.1900 -19.7700
7.1927872180e-001 2.0156955002e-001 -7.4959235523e+000
180 165 109
2 46 2133 154.2200 48.7400 47 1610 115.6300 1.5200
6.0255768674e-001 4.1739743115e-002 -7.2364246155e+000
143 97 64
2 46 2143 135.9900 19.0400 47 1617 94.8800 -31.8900
6.0255768674e-001 4.1739743115e-002 -7.2364246155e+000
143 97 64
2 46 2144 135.9900 19.0400 47 1616 94.8800 -31.8900
1.5171761981e+000 9.3562754868e-002 -7.7045806574e+000
169 150 94
2 46 2147 301.1000 24.4600 47 1134 255.0601 -21.6100
2.1237174825e+000 -1.9766022066e-001 -7.9105739077e+000
58 63 43
2 46 2154 405.2800 -31.9200 47 1179 352.3199 -73.9900
8.7712408396e-001 -4.0111165591e-001 -7.3425118999e+000
106 102 65
2 46 2181 186.9200 -69.5600 47 1642 140.4200 -114.4500
2.3255065253e-001 -5.8839981241e-001 -7.1614528542e+000
81 65 46
2 46 2194 60.6800 -106.6200 47 1234 18.7600 -149.1700
2.1527869810e-001 -6.3244981565e-001 -7.1651581121e+000
89 72 51
2 46 2195 57.1400 -115.4300 47 1650 14.9200 -157.1300
1.9765976752e-001 -6.8410002021e-001 -7.2017113392e+000
79 64 43
2 46 2196 53.1100 -125.2800 47 1274 11.0600 -165.3300
3.6706536336e-001 -6.9120087323e-001 -7.3278101638e+000
80 69 41
2 46 2197 85.5900 -125.4600 47 1235 42.4600 -163.6900
-1.1347843027e+000 -7.9094088977e-001 -6.4851761526e+000
130 115 104
2 46 2205 -235.9200 -155.2700 47 1299 -263.3500 -202.2000
-5.6636239627e-001 -8.2932299718e-001 -6.9337471188e+000
57 45 38
2 46 2206 -104.2100 -156.8800 47 1654 -138.8900 -196.0700
1.8236897382e-001 -7.4427908036e-001 -7.2764644150e+000
75 64 36
2 46 2209 49.3300 -136.1800 47 1275 7.5100 -173.6300
-4.8852319930e-001 -1.0034176706e+000 -7.1182058780e+000
86 69 50
2 46 2221 -86.6100 -189.1900 47 1308 -122.6400 -222.0400
-1.9532324841e-001 -9.0880002120e-001 -7.2202381053e+000
82 65 40
2 46 2222 -26.4300 -168.8800 47 1313 -65.2300 -202.8000
-1.9532324841e-001 -9.0880002120e-001 -7.2202381053e+000
82 65 40
2 46 2223 -26.4300 -168.8800 47 1312 -65.2300 -202.8000
-4.5658065610e-002 -9.1151407983e-001 -7.3341655084e+000
81 68 42
2 46 2225 3.3400 -167.6900 47 1322 -36.5100 -200.1100
1.1421804569e-001 -9.4005309622e-001 -7.4243312992e+000
78 66 41
2 46 2227 34.4500 -172.0800 47 1330 -7.0500 -203.1700
3.6038275462e-001 -9.4982182544e-001 -7.5919886965e+000
86 73 46
2 46 2228 80.9900 -171.5600 47 1336 37.1600 -200.5200
-1.0962793489e+000 -1.1008615732e+000 -6.8227633073e+000
73 66 62
2 46 2233 -218.3300 -214.6300 47 1356 -247.8100 -248.4200
-5.1079304519e-001 -1.0692109032e+000 -7.2146255646e+000
89 75 58
2 46 2235 -90.4600 -200.2200 47 1364 -125.9100 -229.9200
4.5393942120e-001 -1.5398275944e+000 -8.2702280214e+000
132 118 85
2 46 2252 89.8700 -264.9800 47 1400 44.5000 -274.0100
-9.4544129934e-001 -1.5792978898e+000 -7.4727939710e+000
135 116 83
2 46 2270 -173.8100 -292.6300 47 1408 -205.9200 -306.4500
-1.0331925352e+000 -1.6918256957e+000 -7.5533116933e+000
96 81 57
2 46 2271 -189.7600 -311.4300 47 1411 -220.4800 -321.5400
-1.6119202816e+000 -1.7243739779e+000 -7.1931349552e+000
79 63 47
2 46 2287 -314.4700 -329.7300 47 1692 -339.0500 -341.8300
-1.5974772506e+000 -1.7860821156e+000 -7.3180229267e+000
115 100 71
2 46 2288 -307.3400 -337.1900 47 1431 -331.7100 -346.1800
-1.1447226831e+000 -1.9589365262e+000 -7.8305269817e+000
75 63 41
2 46 2297 -204.9900 -351.7000 47 1447 -235.9500 -352.1500
-1.9082017683e+000 -2.0436065555e+000 -7.4608832344e+000
87 70 53
2 46 2309 -363.8900 -381.1600 47 1459 -384.4900 -381.3300
-9.6439022869e-001 -2.1245530973e+000 -8.1239618449e+000
100 89 64
2 46 2317 -166.5100 -371.1100 47 1473 -199.2900 -365.6900
-2.8539998245e+000 2.4627447030e+000 -8.5949699518e+000
153 153 115
2 46 2333 -469.5500 438.8300 47 1717 -477.7000 426.9800
-2.2644233390e+000 2.3656297545e+000 -8.6211205843e+000
196 177 133
2 46 2337 -368.6400 419.3300 47 1865 -376.7600 404.3600
-1.9840445084e+000 2.6989217686e+000 -9.4214520318e+000
243 215 207
2 46 2338 -294.7200 437.5400 47 1861 -303.8000 435.0900
-2.6162927416e+000 2.0864940075e+000 -8.1226233266e+000
132 128 87
2 46 2339 -452.6900 393.9500 47 1734 -460.9200 371.5100
-2.6162927416e+000 2.0864940075e+000 -8.1226233266e+000
132 128 87
2 46 2340 -452.6900 393.9500 47 1735 -460.9200 371.5100
-2.5840635462e+000 2.1931466331e+000 -8.3033361314e+000
154 150 113
2 46 2341 -437.7800 404.7100 47 1726 -446.1800 385.6500
-2.2784046224e+000 2.2653227212e+000 -8.5104606534e+000
93 118 90
2 46 2342 -374.6700 407.0500 47 1728 -384.8900 390.2400
-1.6935781737e+000 1.6955809662e+000 -8.0300156137e+000
202 188 188
2 46 2348 -290.1300 324.0800 47 1746 -303.3200 294.7900
-1.6935781737e+000 1.6955809662e+000 -8.0300156137e+000
202 188 188
2 46 2349 -290.1300 324.0800 47 1745 -303.3200 294.7900
1.5387461128e-001 2.0158164992e+000 -9.5448829949e+000
182 166 123
2 46 2351 39.4900 320.3700 47 1749 22.3500 308.5000
-1.5921749604e+000 1.5068900729e+000 -7.8400485355e+000
200 188 187
2 46 2353 -277.9000 295.9600 47 1751 -292.5300 262.5000
9.0323736267e-001 1.9897993165e+000 -9.8794205332e+000
163 132 84
2 46 2355 151.4399 304.2700 47 1873 131.2900 294.1300
-1.5619312877e+000 1.3976498469e+000 -7.7154599979e+000
167 78 82
2 46 2357 -275.8400 279.6500 47 1878 -292.3500 243.7300
1.0749998300e+000 1.7489698198e+000 -9.6323709763e+000
165 150 100
2 46 2363 180.6000 274.2000 47 1754 158.5400 259.4100
9.7888444704e-001 1.3193327298e+000 -9.0237020073e+000
169 162 148
2 46 2371 175.6600 221.5900 47 1885 148.3900 198.0500
-1.3092612312e+000 9.0638757937e-001 -7.2039012454e+000
202 189 191
2 46 2373 -244.7100 198.7600 47 1784 -263.2800 151.3800
1.3472826948e+000 1.1667977426e+000 -9.1506490362e+000
103 103 94
2 46 2374 232.5100 193.0700 47 1781 202.8300 170.4400
1.1943813002e+000 9.1710128698e-001 -8.6048580201e+000
153 157 135
2 46 2377 219.3400 162.5800 47 1787 186.5601 131.6200
-6.0260584726e+001 1.2739854517e+001 -1.4098037379e+002
243 49 89
2 46 2378 -694.3200 146.6000 47 1868 -693.2400 318.7100
-6.5866355316e-002 7.2946997493e-001 -7.8013450323e+000
75 87 72
2 46 2382 3.8000 147.4400 47 1792 -24.0800 107.8400
1.0239455070e+000 7.7599917129e-001 -8.3551644477e+000
178 173 144
2 46 2386 194.0500 143.1700 47 1793 162.3400 108.5200
-6.7424538015e+001 8.5108142153e+000 -1.4311087492e+002
83 74 139
2 46 2389 -766.6700 97.6500 47 1874 -764.5300 271.6700
-1.1290285296e-001 5.8157460036e-001 -7.6088472961e+000
74 89 71
2 46 2390 -5.3300 122.9400 47 1794 -34.5500 80.3300
-1.1290285296e-001 5.8157460036e-001 -7.6088472961e+000
74 89 71
2 46 2391 -5.3300 122.9400 47 1795 -34.5500 80.3300
1.3450744796e-001 2.0672796815e-001 -7.2261022543e+000
185 169 113
2 46 2396 42.9300 53.5700 47 1801 7.7800 3.5500
1.3450744796e-001 2.0672796815e-001 -7.2261022543e+000
185 169 113
2 46 2397 42.9300 53.5700 47 1802 7.7800 3.5500
2.3129752126e-001 5.7380608782e-002 -7.0872138069e+000
177 166 103
2 46 2399 63.2800 23.9700 47 1805 24.9100 -28.4500
2.3129752126e-001 5.7380608782e-002 -7.0872138069e+000
177 166 103
2 46 2400 63.2800 23.9700 47 1806 24.9100 -28.4500
5.3510899801e-001 7.8543733058e-002 -7.2509607400e+000
174 164 96
2 46 2402 122.5500 26.5100 47 1808 82.1600 -23.9800
5.3510899801e-001 7.8543733058e-002 -7.2509607400e+000
174 164 96
2 46 2403 122.5500 26.5100 47 1809 82.1600 -23.9800
3.0942132006e-001 -3.9413074410e-001 -6.9719837942e+000
68 56 29
2 46 2422 79.2500 -69.0600 47 1639 35.7000 -119.1300
-5.1212785322e+001 -8.7304234507e+000 -9.2326768954e+001
216 210 254
2 46 2431 -903.2500 -148.9200 47 1904 -896.0300 23.9200
-9.8253567626e-001 -7.1503909487e-001 -6.5017956353e+000
68 67 55
2 46 2433 -201.1900 -138.7800 47 1819 -231.1900 -187.5100
-9.8253567626e-001 -7.1503909487e-001 -6.5017956353e+000
68 67 55
2 46 2434 -201.1900 -138.7800 47 1820 -231.1900 -187.5100
-3.8450642967e-001 -7.2964573559e-001 -6.9360903650e+000
128 111 69
2 46 2435 -66.1400 -136.6800 47 1655 -102.3900 -178.5400
1.5549454522e-001 -1.1683767529e+000 -7.6977772001e+000
82 68 34
2 46 2444 40.2100 -210.3800 47 1670 -1.5100 -233.0900
5.5572159150e-002 -1.4718266719e+000 -8.0274031186e+000
85 72 40
2 46 2447 19.2300 -258.1900 47 1673 -21.1000 -270.2000
1.6444103414e+000 -2.0339684283e+000 -9.5901772511e+000
83 65 50
2 46 2455 260.6600 -312.7700 47 1688 210.1000 -303.6400
-1.9829662704e+000 -2.0086341898e+000 -7.4394821142e+000
91 77 50
2 46 2469 -379.4600 -375.0300 47 1698 -398.7500 -375.7500
-3.0489557394e+001 -2.3740959625e+001 -7.5785297817e+001
74 47 105
2 46 2475 -661.5300 -505.8900 47 1842 -656.5000 -330.6800
-2.7628363171e+000 2.4602696189e+000 -8.5883202510e+000
181 173 137
2 46 2482 -455.3600 438.5200 47 1948 -461.5000 425.8700
-2.0665831360e+000 2.6891213661e+000 -9.3111869726e+000
179 166 113
2 46 2483 -311.3300 441.0900 47 1719 -319.7100 437.2500
1.6864186977e-001 2.5007356413e+000 -1.0210994182e+001
176 147 116
2 46 2490 40.8700 371.2100 47 1867 25.7300 369.6500
1.6864186977e-001 2.5007356413e+000 -1.0210994182e+001
176 147 116
2 46 2491 40.8700 371.2100 47 1866 25.7300 369.6500
8.9964772922e-001 1.8776478779e+000 -9.7394517478e+000
87 90 75
2 46 2497 152.4700 291.3500 47 1875 131.7400 279.0700
-1.1983014823e+000 9.9044263055e-001 -7.3380067733e+000
166 72 73
2 46 2505 -217.5600 211.4400 47 1978 -238.6300 166.3900
-1.1983014823e+000 9.9044263055e-001 -7.3380067733e+000
166 72 73
2 46 2506 -217.5600 211.4400 47 1979 -238.6300 166.3900
1.1684460140e+000 7.1935045591e-001 -8.3249817963e+000
83 96 68
2 46 2513 221.3600 133.0700 47 1989 185.3700 97.8600
1.3822465456e+000 6.2344489487e-001 -8.3488760094e+000
99 115 76
2 46 2518 257.8900 115.3000 47 1992 220.2100 79.9100
4.3297541135e-001 8.4893479640e-002 -7.2299250571e+000
175 166 95
2 46 2523 102.3000 28.2300 47 1907 63.2200 -22.2700
-5.8178816101e+001 -6.6846627742e+000 -1.0166811318e+002
76 51 115
2 46 2537 -931.2000 -102.1100 47 1895 -925.2700 72.5800
-5.4297885608e+001 -6.8809891774e+000 -9.5823247164e+001
194 183 239
2 46 2538 -922.0200 -111.9000 47 1896 -915.5400 61.6200
-4.8906111960e+001 -7.9362217847e+000 -1.1025574701e+002
82 60 132
2 46 2539 -725.0100 -115.7500 47 1993 -719.6300 53.4300
-4.6063352231e+001 -8.7311170790e+000 -7.8452798754e+001
107 69 122
2 46 2549 -953.6300 -174.4300 47 1903 -945.5900 -2.5700
2.4909237940e-002 -9.1712630034e-001 -7.4326972971e+000
136 116 74
2 46 2553 16.5300 -167.0900 47 1929 -22.7200 -197.9800
2.4909237940e-002 -9.1712630034e-001 -7.4326972971e+000
136 116 74
2 46 2554 16.5300 -167.0900 47 1928 -22.7200 -197.9800
1.4723885052e+000 -2.0057737821e+000 -9.4770095309e+000
69 62 44
2 46 2566 236.5200 -311.1700 47 1840 187.2400 -302.9700
-3.8936150050e+001 -1.6157786665e+001 -7.4697366895e+001
225 43 84
2 46 2567 -849.6800 -345.6900 47 1917 -842.0100 -172.8100
-3.1173749384e+001 -1.7981859555e+001 -8.5589059597e+001
222 49 82
2 46 2568 -597.5800 -340.5800 47 1918 -595.5700 -173.5200
-9.5936918032e-001 2.4697093342e+000 -9.5749293491e+000
183 166 142
2 46 2584 -131.5500 392.6000 47 2035 -144.4900 387.0600
5.9172216879e-001 1.8639167217e+000 -9.5518908651e+000
170 148 101
2 46 2588 107.6801 295.3700 47 1967 87.0200 281.7200
-1.1036723080e+000 9.3897108668e-001 -7.2968804877e+000
202 185 185
2 46 2594 -200.7600 202.1200 47 1980 -221.2700 155.6000
-1.1036723080e+000 9.3897108668e-001 -7.2968804877e+000
202 185 185
2 46 2595 -200.7600 202.1200 47 1981 -221.2700 155.6000
-8.8072451619e-001 8.8663513909e-001 -7.3225496173e+000
204 178 118
2 46 2596 -156.2200 190.3800 47 1982 -178.5700 143.4200
1.0040955350e+000 8.6583570111e-001 -8.4432169036e+000
142 148 89
2 46 2600 189.8900 157.2200 47 1986 157.4399 124.3300
2.9196294779e-001 5.2620140178e-001 -7.7392391609e+000
148 109 72
2 46 2604 70.7400 109.2700 47 1991 38.2900 67.6500
1.5653027210e+000 3.9458792846e-001 -8.1930985252e+000
176 169 148
2 46 2612 294.5000 76.0800 47 1996 252.7900 38.0400
1.8136066454e+000 4.5066655706e-001 -8.3286891882e+000
129 143 117
2 46 2613 333.5900 84.0600 47 2057 292.1300 46.8200
-6.0462784228e+001 -2.2584729034e+000 -1.0481501870e+002
233 68 122
2 46 2620 -937.5900 -30.5100 47 1890 -932.8600 144.3000
-5.6954139604e+001 -4.2013663979e+000 -9.9956989994e+001
74 52 114
2 46 2622 -926.4400 -63.7400 47 1984 -921.1100 110.1200
-1.0404013980e+000 -8.8531504828e-001 -6.6284361875e+000
76 69 61
2 46 2636 -211.3000 -173.3000 47 1925 -240.3800 -215.7000
-8.6847550890e-001 -9.8721968348e-001 -6.8825341469e+000
108 96 74
2 46 2637 -169.2600 -189.8800 47 1927 -199.7200 -225.9200
-3.9925066816e+001 -1.5571235445e+001 -1.0128565797e+002
59 34 64
2 46 2644 -646.5500 -249.2700 47 2000 -641.9800 -81.1000
-3.4174545142e+001 -1.2521507628e+001 -8.8567740629e+001
226 44 85
2 46 2645 -631.2100 -228.8800 47 1999 -627.9100 -64.0600
-3.3004437163e+001 -1.3504946214e+001 -9.0263086095e+001
174 54 73
2 46 2646 -599.3100 -242.7800 47 2002 -595.6600 -78.3500
-4.1409443221e+001 -1.5301198837e+001 -9.1684665187e+001
197 26 70
2 46 2648 -739.0200 -268.7400 47 1909 -733.0300 -98.4600
-3.4562369085e+001 -1.3864581276e+001 -7.8151745852e+001
62 40 96
2 46 2649 -722.5200 -285.1800 47 2004 -716.8900 -117.8700
-3.5467493581e+001 -1.4787362167e+001 -9.1813880306e+001
205 35 66
2 46 2650 -633.0800 -260.9100 47 2001 -629.0900 -94.4400
-3.6583930695e+001 -1.6389124818e+001 -8.2156553450e+001
71 51 115
2 46 2652 -728.6900 -321.1300 47 2005 -722.4600 -151.3100
-3.2051240720e+001 -1.6332292099e+001 -8.3760025899e+001
226 42 76
2 46 2653 -626.8700 -315.5300 47 2006 -624.0600 -148.9100
-3.4272905298e+001 -2.0717485868e+001 -9.3499763998e+001
208 34 64
2 46 2657 -602.7400 -359.6300 47 2007 -599.8300 -190.1000
-2.1305419943e+000 -2.1618347650e+000 -7.4814537706e+000
76 63 44
2 46 2659 -406.6800 -402.7500 47 1944 -424.7600 -399.0700
-1.5124807644e+000 1.8016942138e+000 -8.3776579082e+000
131 72 74
2 46 2668 -246.2400 329.4200 47 2040 -261.9500 306.2300
-5.8408819825e+002 2.3203360039e+002 -1.3791611757e+003
169 161 178
2 46 2670 -690.3200 273.0000 47 2026 -690.2100 460.0900
-7.2544297975e+001 1.9590429716e+001 -1.6759387321e+002
70 46 94
2 46 2675 -703.5800 189.7000 47 2091 -702.0300 365.0400
3.3505635541e-001 7.2621836879e-001 -7.9980801446e+000
187 167 114
2 46 2679 76.8000 142.1600 47 2050 46.6900 104.5400
1.2734548124e-001 5.4085284696e-001 -7.6136578879e+000
191 173 133
2 46 2680 40.1600 114.4000 47 2051 9.2800 70.6600
5.9044919555e-001 5.1639196306e-001 -7.7910940452e+000
145 101 72
2 46 2681 125.5900 105.9100 47 2054 91.9000 63.5600
1.8782905962e+000 3.3690195402e-001 -8.2540394711e+000
140 155 132
2 46 2687 347.9900 64.3800 47 2061 303.7000 26.2900
-6.0149036412e+001 3.0647918485e+000 -1.2372340181e+002
210 25 67
2 46 2689 -791.3500 41.9300 47 2043 -788.1800 214.3800
-5.5001473473e+001 -4.1240626599e+000 -9.4619522462e+001
253 201 233
2 46 2698 -944.8200 -65.8200 47 1983 -938.3800 107.7200
-6.2406574285e+001 -3.1891735445e+000 -1.1261810634e+002
90 70 155
2 46 2699 -901.0800 -42.2000 47 2046 -898.1600 132.5800
-5.8966390798e-001 -1.1222491237e+000 -7.1797363726e+000
103 89 63
2 46 2709 -106.2000 -211.5900 47 2013 -142.5100 -240.4700
-3.3509828445e+001 -1.6955183724e+001 -7.4218104952e+001
66 45 107
2 46 2717 -738.6800 -367.1900 47 2074 -731.4700 -197.1400
-3.5395197777e+001 -1.9142833435e+001 -7.6297403698e+001
206 31 70
2 46 2719 -759.1200 -403.3700 47 2076 -752.0600 -230.4000
-3.2766981583e+001 -2.2271553557e+001 -7.2031136289e+001
49 35 69
2 46 2722 -744.9800 -497.4200 47 2015 -738.6400 -321.0500
-2.3817994606e+000 2.3298146219e+000 -8.6117865240e+000
94 119 90
2 46 2723 -388.3300 413.9200 47 2134 -397.9000 399.6000
-1.8248317466e+000 1.7581403079e+000 -8.1432844618e+000
135 71 66
2 46 2730 -309.8800 331.5100 47 2093 -322.4600 305.2800
-1.5924604991e+000 1.6069754745e+000 -8.0066791259e+000
176 136 141
2 46 2732 -272.7400 308.4800 47 2137 -286.5400 278.3100
-8.5932874750e+001 2.0826294569e+001 -1.4871631391e+002
254 67 123
2 46 2735 -936.4800 230.7200 47 2087 -936.8400 413.4100
-1.0436686105e+000 1.0625599732e+000 -7.4412439970e+000
160 68 69
2 46 2738 -184.9300 222.2600 47 2101 -205.8500 178.2300
-8.0295542305e+001 1.7249879373e+001 -1.4095642822e+002
82 62 125
2 46 2741 -924.0400 201.9600 47 2089 -922.9500 382.8700
-8.3822338118e+001 2.1948852043e+001 -1.7607265916e+002
230 42 84
2 46 2743 -774.1300 203.4000 47 2031 -772.2900 381.9800
-9.9431945044e-001 8.6338702519e-001 -7.2348045057e+000
157 66 67
2 46 2747 -180.4200 188.2700 47 2104 -202.6100 140.0500
-2.4711914535e-001 9.4840151717e-001 -8.1084186800e+000
84 81 62
2 46 2748 -28.0500 181.9400 47 2105 -53.6200 148.9500
-2.4711914535e-001 9.4840151717e-001 -8.1084186800e+000
84 81 62
2 46 2749 -28.0500 181.9400 47 2106 -53.6200 148.9500
-6.3421470502e-001 7.1660578653e-001 -7.5374106295e+000
193 183 181
2 46 2751 -104.8600 151.6400 47 2113 -130.4800 109.7000
1.0332814020e+000 5.4046035040e-001 -8.0670136316e+000
172 157 108
2 46 2753 203.0400 105.1900 47 2115 165.0601 66.5900
1.9998982721e-001 4.0904287218e-001 -7.4291358577e+000
188 173 126
2 46 2754 54.3200 91.3600 47 2116 22.4900 43.6800
2.7425426419e-001 2.3960920654e-001 -7.2803022250e+000
184 169 108
2 46 2755 70.4700 59.2300 47 2143 34.4800 9.3300
-3.2485091880e-001 -1.5556411997e-001 -6.5742539534e+000
165 151 86
2 46 2764 -54.3900 -17.8700 47 2121 -89.0400 -77.7700
-4.8617225549e+001 -8.7929428291e+000 -8.8124912068e+001
173 163 216
2 46 2769 -897.6300 -157.2700 47 2117 -891.2100 14.6900
-4.0141798386e+001 -1.2759268762e+001 -8.8324013836e+001
201 27 62
2 46 2771 -743.0500 -232.1500 47 2064 -736.3900 -63.5400
-3.7811829394e+001 -1.5541463330e+001 -8.2902731762e+001
242 50 95
2 46 2772 -745.3300 -301.4500 47 2122 -740.0000 -131.6200
-3.5806272727e+001 -1.6901441024e+001 -7.7299103045e+001
250 56 101
2 46 2773 -757.1700 -351.3100 47 2123 -750.7700 -180.4900
8.0070524750e-001 1.4480037186e+000 -9.1119765950e+000
114 108 100
2 46 2781 145.3500 240.8800 47 2139 120.3400 219.4300
5.0387628782e-002 -2.8464732325e-001 -6.7589248945e+000
76 64 22
2 46 2790 26.3400 -46.4300 47 2148 -13.3600 -101.9800
-3.5226412364e+001 -1.6530606776e+001 -8.5001522125e+001
67 54 124
2 46 2794 -677.6400 -314.0200 47 2149 -675.2000 -145.4300
-3.0412682906e+001 -1.6481995085e+001 -7.6894937053e+001
58 36 74
2 46 2795 -647.7500 -346.0300 47 2150 -643.8300 -179.1500
-1.1877094530e+000 1.3606936193e+000 -7.7546708848e+000
156 70 71
2 46 2804 -205.2600 270.2800 47 2164 -222.2100 232.8900
6.7057009246e-001 1.1454070031e+000 -8.6075113074e+000
177 171 135
2 46 2806 129.1500 203.1300 47 2182 103.5300 173.5900
-6.3678454588e+001 5.6285812363e+000 -1.1499883009e+002
73 53 112
2 46 2807 -898.8000 82.8600 47 2159 -896.6900 258.1400
-6.1184891268e+001 -4.4703450687e-001 -1.0716011800e+002
62 37 67
2 46 2810 -927.0700 -2.5700 47 2166 -924.4000 172.1700
-4.8061553140e+001 -8.6431797782e+000 -9.5293480212e+001
255 62 110
2 46 2816 -822.3000 -144.1100 47 2169 -816.3100 26.5000
9.6481202043e-001 -2.3748825519e-002 -7.3121412677e+000
146 148 83
2 46 2827 206.0000 4.7000 47 2188 161.6300 -46.0100
6.6753031723e-001 -6.2359346484e-001 -7.4019703642e+000
129 111 63
2 46 2829 143.0601 -111.9800 47 2190 99.1200 -151.6500
-5.6787369749e+001 -6.0710630314e+000 -1.0332242255e+002
69 47 109
2 46 2839 -895.3500 -91.4400 47 2199 -888.8000 82.2100
1.6169072842e+000 2.0314056193e+000 -9.9897733542e+000
193 197 185
2 46 2846 255.7600 305.7300 47 2206 235.0699 293.3800
1.2788238672e+000 1.7925191657e-001 -7.8623249846e+000
169 156 115
2 46 2851 252.2700 40.2600 47 2228 208.6700 -1.3400
-4.5048745931e+001 -7.6794291920e+000 -9.4124771568e+001
251 53 99
2 46 2852 -779.6400 -129.9800 47 2210 -775.6900 38.7600
-1.2124522182e+000 5.0825771362e-001 -7.0223123708e+000
194 179 137
2 46 2862 -231.5200 121.5600 47 2225 -252.8400 72.1100
-7.3030369680e+001 2.6580717339e+000 -1.2803833655e+002
77 65 136
2 46 2863 -927.0100 37.5200 47 2222 -924.8100 214.9700
