# Bundle file v0.3
60 631
0 0 0
0 0 0
0 0 0
0 0 0
0 0 0
0 0 0
0 0 0
0 0 0
0 0 0
0 0 0
0 0 0
0 0 0
0 0 0
0 0 0
0 0 0
0 0 0
0 0 0
0 0 0
0 0 0
0 0 0
0 0 0
0 0 0
0 0 0
0 0 0
0 0 0
0 0 0
0 0 0
0 0 0
0 0 0
0 0 0
0 0 0
0 0 0
0 0 0
0 0 0
0 0 0
0 0 0
0 0 0
0 0 0
0 0 0
0 0 0
0 0 0
0 0 0
0 0 0
0 0 0
0 0 0
0 0 0
0 0 0
0 0 0
0 0 0
0 0 0
0 0 0
0 0 0
0 0 0
0 0 0
0 0 0
0 0 0
0 0 0
0 0 0
0 0 0
0 0 0
0 0 0
0 0 0
0 0 0
0 0 0
0 0 0
0 0 0
0 0 0
0 0 0
0 0 0
0 0 0
0 0 0
0 0 0
0 0 0
0 0 0
0 0 0
0 0 0
0 0 0
0 0 0
0 0 0
0 0 0
0 0 0
0 0 0
0 0 0
0 0 0
0 0 0
0 0 0
0 0 0
0 0 0
0 0 0
0 0 0
0 0 0
0 0 0
0 0 0
0 0 0
0 0 0
0 0 0
0 0 0
0 0 0
0 0 0
0 0 0
0 0 0
0 0 0
0 0 0
0 0 0
0 0 0
0 0 0
0 0 0
0 0 0
0 0 0
0 0 0
0 0 0
0 0 0
0 0 0
0 0 0
0 0 0
0 0 0
0 0 0
0 0 0
0 0 0
0 0 0
0 0 0
0 0 0
0 0 0
0 0 0
0 0 0
0 0 0
0 0 0
0 0 0
0 0 0
0 0 0
0 0 0
0 0 0
0 0 0
0 0 0
0 0 0
0 0 0
0 0 0
0 0 0
0 0 0
0 0 0
0 0 0
0 0 0
0 0 0
0 0 0
0 0 0
0 0 0
0 0 0
0 0 0
0 0 0
0 0 0
0 0 0
0 0 0
0 0 0
0 0 0
0 0 0
0 0 0
0 0 0
0 0 0
0 0 0
0 0 0
0 0 0
0 0 0
0 0 0
0 0 0
0 0 0
0 0 0
0 0 0
0 0 0
0 0 0
0 0 0
0 0 0
0 0 0
0 0 0
0 0 0
0 0 0
0 0 0
0 0 0
0 0 0
0 0 0
0 0 0
0 0 0
0 0 0
0 0 0
0 0 0
0 0 0
0 0 0
0 0 0
0 0 0
0 0 0
0 0 0
0 0 0
0 0 0
0 0 0
0 0 0
0 0 0
0 0 0
0 0 0
0 0 0
0 0 0
0 0 0
0 0 0
0 0 0
0 0 0
0 0 0
0 0 0
0 0 0
0 0 0
0 0 0
0 0 0
0 0 0
0 0 0
0 0 0
0 0 0
0 0 0
0 0 0
0 0 0
0 0 0
0 0 0
0 0 0
0 0 0
0 0 0
0 0 0
0 0 0
0 0 0
0 0 0
0 0 0
0 0 0
0 0 0
0 0 0
0 0 0
1.6294478528e+003 0.0000000000e+000 0.0000000000e+000
1.0000000000e+000 0.0000000000e+000 0.0000000000e+000
0.0000000000e+000 1.0000000000e+000 0.0000000000e+000
0.0000000000e+000 0.0000000000e+000 1.0000000000e+000
-0.0000000000e+000 -0.0000000000e+000 -0.0000000000e+000
1.6294478528e+003 0.0000000000e+000 0.0000000000e+000
9.9937472183e-001 3.5140326655e-002 -3.9144351709e-003
-3.5357457027e-002 9.9361615401e-001 -1.0712977518e-001
1.2487072537e-004 1.0720119374e-001 9.9423734011e-001
-1.7554784267e-001 -9.0524427465e-001 -3.8693120597e-001
0 0 0
0 0 0
0 0 0
0 0 0
0 0 0
0 0 0
0 0 0
0 0 0
0 0 0
0 0 0
0 0 0
0 0 0
0 0 0
0 0 0
0 0 0
0 0 0
0 0 0
0 0 0
0 0 0
0 0 0
0 0 0
0 0 0
0 0 0
0 0 0
0 0 0
0 0 0
0 0 0
0 0 0
0 0 0
0 0 0
0 0 0
0 0 0
0 0 0
0 0 0
0 0 0
0 0 0
0 0 0
0 0 0
0 0 0
0 0 0
0 0 0
0 0 0
0 0 0
0 0 0
0 0 0
0 0 0
0 0 0
0 0 0
0 0 0
0 0 0
0 0 0
0 0 0
0 0 0
0 0 0
0 0 0
0 0 0
0 0 0
0 0 0
0 0 0
0 0 0
4.3722469241e-001 -8.2547527443e-001 -7.0383041875e+000
82 70 46
2 46 2555 101.0699 -191.0800 47 1828 56.8400 -215.2200
4.3722469241e-001 -8.2547527443e-001 -7.0383041875e+000
82 70 46
2 46 2556 101.0699 -191.0800 47 1829 56.8400 -215.2200
4.7037846040e-001 -9.3768619324e-001 -7.2045604963e+000
134 116 66
2 46 2560 106.1300 -212.0300 47 1936 61.9900 -230.4600
-1.1994609338e+000 -6.3828082597e-001 -5.9345719649e+000
70 62 53
2 46 2214 -329.5700 -175.2300 47 1292 -351.8600 -220.8300
-1.0433111480e+000 -5.5762860747e-001 -5.9298234869e+000
134 114 106
2 46 2432 -286.6900 -153.2300 47 1825 -312.0400 -202.2300
5.3007290418e-002 -5.9349660921e-001 -6.6499654297e+000
82 65 35
2 46 2436 12.8300 -145.4000 47 1821 -26.9200 -181.0200
-1.0120604189e+000 -7.8785797570e-001 -6.1579513434e+000
136 118 110
2 46 2557 -267.6500 -208.4900 47 1831 -294.3600 -245.2600
-1.1685846620e+000 -6.9505702757e-001 -6.0053503331e+000
135 114 103
2 46 2708 -316.7800 -188.6200 47 2012 -340.8600 -230.7900
7.4929920965e-001 -5.2647641355e-001 -6.9102667053e+000
74 67 43
2 46 2430 176.5601 -124.1200 47 1651 129.7600 -159.2300
8.8732418860e-002 -3.8437714491e-001 -6.4458301627e+000
124 109 71
2 46 341 22.2600 -97.1400 47 365 -17.7300 -142.9800
-1.1151494415e+000 -7.5385359478e-001 -6.0858738131e+000
125 115 106
2 46 642 -298.3600 -201.8600 47 576 -323.3500 -240.6600
4.0395022523e-001 -4.6073695816e-001 -6.6984624266e+000
128 113 74
2 46 1532 97.9900 -112.0300 47 370 54.9800 -151.5500
-9.6660715570e-001 -5.3853924556e-001 -5.9468599745e+000
139 116 108
2 46 2204 -264.0000 -147.6500 47 1298 -292.3800 -197.0100
-1.0916475845e+000 -7.7482130570e-001 -6.1084354823e+000
72 65 61
2 46 2230 -290.8700 -206.7200 47 1351 -316.5700 -244.5300
2.5723983995e-001 -5.5890552314e-001 -6.7001587278e+000
142 122 71
2 46 2632 62.5400 -135.9200 47 1922 20.2200 -172.3600
1.0629371979e-003 -2.8903333119e-001 -6.2818934184e+000
118 102 51
2 46 2704 0.9800 -75.0800 47 2070 -39.8800 -126.8900
-1.1935042722e+000 -5.7872903159e-001 -5.8874816588e+000
71 65 54
2 46 463 -330.3400 -160.1700 47 490 -353.0300 -208.7300
-9.8160803553e-001 -6.3372206950e-001 -6.0357965075e+000
73 62 56
2 46 1640 -264.8300 -171.1000 47 496 -291.7400 -215.4200
-8.1022251774e-003 -3.9773208331e-001 -6.3877398413e+000
82 67 35
2 46 1516 -2.0500 -101.4600 47 1231 -41.5000 -147.9900
7.8857222124e-001 -5.6512130867e-001 -6.9990593784e+000
117 108 63
2 46 1534 183.4000 -131.5300 47 375 136.6200 -163.9200
6.0900555848e-001 -1.0426555262e+000 -7.3328287137e+000
129 115 77
2 46 1836 135.4301 -231.7100 47 632 88.8300 -246.2400
-7.9070629076e-001 -1.3860289541e+000 -6.9298980494e+000
126 116 81
2 46 1965 -185.7700 -325.9200 47 1448 -216.8200 -331.7800
3.0958530551e-001 -9.6512765133e-001 -7.0973766740e+000
143 122 77
2 46 2642 71.2600 -221.6100 47 1935 27.3800 -240.6600
-7.3725375511e-002 -6.8682240696e-001 -6.6403702838e+000
130 114 81
2 46 1667 -18.1300 -168.5300 47 1320 -57.0300 -201.5800
-4.3983923965e-002 -5.2010389806e-001 -6.5054857014e+000
94 80 53
2 46 2193 -11.1600 -130.2500 47 1659 -49.9100 -170.6300
-3.6526429265e-001 -8.0954402892e-001 -6.5877777130e+000
89 75 58
2 46 2234 -90.4600 -200.2200 47 1363 -125.9100 -229.9200
9.5836825636e-002 -2.6411521812e-001 -6.3256171225e+000
84 76 47
2 46 2409 24.7200 -68.0400 47 1634 -15.6600 -119.9100
-1.0588211167e+000 -5.9015341377e-001 -5.9456640774e+000
72 64 55
2 46 2203 -290.3300 -161.7200 47 1297 -315.1800 -209.3400
3.9683027357e-001 -5.6384391162e-001 -6.7509381635e+000
90 74 48
2 46 1601 95.6500 -136.0700 47 1276 51.9500 -172.1600
3.2009913442e-001 -6.0968665896e-001 -6.7724257998e+000
77 61 36
2 46 1600 77.0699 -146.7000 47 454 33.8300 -180.6800
-4.2325932312e-001 -8.8834191712e-001 -6.6469965532e+000
140 124 99
2 46 654 -103.8200 -217.7600 47 586 -138.6700 -243.7900
9.5836825636e-002 -2.6411521812e-001 -6.3256171225e+000
84 76 47
2 46 2410 24.7200 -68.0400 47 1635 -15.6600 -119.9100
-8.3012682324e-001 -1.6487659012e+000 -7.3065052361e+000
60 54 51
2 46 2718 -185.7400 -367.6200 47 2081 -214.6800 -360.4900
-8.9305829837e-001 -8.4431234728e-001 -6.2483989931e+000
70 65 59
2 46 2232 -231.9900 -220.2800 47 1355 -262.3700 -253.9600
-2.6051412707e-001 -3.0508186515e-001 -6.1965367099e+000
122 106 64
2 46 2624 -68.6800 -80.2000 47 1915 -104.4000 -132.5900
9.0207938578e-001 -1.9356802814e-001 -6.6881069561e+000
93 94 63
2 46 1403 219.8300 -47.1700 47 1158 172.0400 -95.3400
-3.2024936041e-001 -6.7747294117e-001 -6.4817828626e+000
80 64 38
2 46 1652 -80.4300 -170.3200 47 1305 -116.6800 -205.9500
-8.8106639033e-002 -8.7211854553e-001 -6.7785276745e+000
134 119 87
2 46 1733 -21.3300 -209.6200 47 597 -60.2600 -235.3100
-3.8164860015e-001 -7.7263925327e-001 -6.5325124243e+000
136 121 91
2 46 1654 -95.2300 -192.7200 47 1304 -130.6400 -224.5200
-3.8164860015e-001 -7.7263925327e-001 -6.5325124243e+000
136 121 91
2 46 1655 -95.2300 -192.7200 47 1303 -130.6400 -224.5200
3.1104859849e-001 -2.7216894711e-001 -6.4280350801e+000
68 56 29
2 46 2421 79.2500 -69.0600 47 1640 35.7000 -119.1300
-1.5341578602e-001 -7.2516619981e-001 -6.5932825293e+000
145 125 93
2 46 1664 -37.8200 -179.2300 47 1317 -76.3600 -212.1400
-1.0120604189e+000 -7.8785797570e-001 -6.1579513434e+000
136 118 110
2 46 2558 -267.6500 -208.4900 47 1832 -294.3600 -245.2600
1.7225518255e+000 -7.3028193758e-001 -7.7625262911e+000
58 49 42
2 46 2634 361.7400 -153.3300 47 1923 308.6200 -171.2400
-1.0555215413e+000 -6.8543797324e-001 -6.0438623295e+000
67 64 57
2 46 2793 -284.0500 -184.8500 47 2125 -310.5600 -226.9900
-3.9382163914e-001 -8.9002830025e-001 -6.6185445381e+000
101 84 70
2 46 1722 -96.7400 -219.1500 47 1360 -132.7700 -246.0400
-9.4151494007e-001 -7.5831444795e-001 -6.1676833548e+000
135 119 109
2 46 2440 -248.7400 -200.3400 47 1833 -276.2400 -238.1500
-1.0960662883e+000 -5.1300868566e-001 -5.8721003564e+000
73 65 55
2 46 465 -304.4000 -142.3300 47 430 -328.1900 -193.8800
3.8121951810e-001 -4.3754371333e-001 -6.6557058692e+000
82 68 39
2 46 397 93.1600 -107.0900 47 368 50.1200 -148.0400
-1.7294232481e-001 -2.3590142696e-001 -6.1671123159e+000
72 63 34
2 46 1388 -46.1700 -62.2600 47 305 -82.3000 -117.8300
6.0900555848e-001 -1.0426555262e+000 -7.3328287137e+000
129 115 77
2 46 1837 135.4301 -231.7100 47 633 88.8300 -246.2400
6.4902199864e-001 -1.0210197826e+000 -7.3374916887e+000
83 66 44
2 46 1762 144.2400 -226.7600 47 1375 97.3199 -241.8600
-6.1400743046e-001 -6.0979039454e-001 -6.1940864888e+000
91 81 56
2 46 2630 -161.6400 -160.4000 47 1926 -193.7000 -203.5800
1.4243765661e+000 -2.8616465337e-001 -7.0903483198e+000
79 85 59
2 46 1435 327.3199 -65.7600 47 337 276.2100 -104.8300
5.7374629185e-001 -5.9470534146e-001 -6.8558983518e+000
137 116 65
2 46 2548 136.5601 -141.3800 47 1822 90.3300 -175.2900
-3.1781197446e+001 1.2073328157e+001 -7.1145550151e+001
162 153 174
2 46 2669 -728.1700 276.5200 47 2025 -728.5300 462.8600
-3.1499947424e-001 -2.4119552036e-001 -6.0696921914e+000
56 49 43
2 46 2766 -84.6400 -64.7400 47 2069 -119.9800 -122.2100
-2.5754569169e+001 6.7868733361e+000 -5.6492559532e+001
67 52 111
2 46 2744 -743.0300 195.7600 47 2136 -742.7400 373.6100
-2.7010678564e+001 6.7514505852e+000 -5.5366256933e+001
241 39 87
2 46 2824 -795.6500 198.7000 47 2178 -794.9100 377.9200
-1.1858386123e+000 1.2001170141e+000 -6.9915015747e+000
167 78 82
2 46 2358 -275.8400 279.6500 47 1879 -292.3500 243.7300
1.5661909043e+000 2.6217191178e-001 -7.3409483905e+000
164 178 153
2 46 2136 348.0800 58.1000 47 1611 303.3400 18.4900
1.1158861001e+000 1.3675417617e-001 -6.9930721075e+000
184 179 160
2 46 2135 259.1300 32.0400 47 1908 217.1000 -13.5000
-3.5745677319e-001 -8.4988005026e-001 -6.6142089557e+000
136 120 97
2 46 657 -88.0100 -209.3800 47 589 -124.0400 -237.5600
-1.1380763022e+000 1.1449563949e+000 -6.9351320583e+000
204 185 186
2 46 2498 -267.7700 269.0500 47 1880 -283.0900 231.1000
7.8617780587e-001 -4.7052556825e-001 -6.9111994357e+000
66 60 28
2 46 401 185.1700 -110.9000 47 371 138.5699 -147.2300
-1.9591320993e-001 1.7520878022e+000 -8.2460549292e+000
132 90 74
2 46 2494 -38.4300 346.1800 47 1871 -54.1300 334.9500
2.7112489011e-001 1.6176756608e+000 -8.3414428583e+000
112 125 95
2 46 2495 52.9800 316.0000 47 1960 35.4000 303.8200
2.7112489011e-001 1.6176756608e+000 -8.3414428583e+000
112 125 95
2 46 2496 52.9800 316.0000 47 1961 35.4000 303.8200
1.4470834223e+000 9.8770885814e-001 -8.1635448089e+000
163 168 159
2 46 2507 289.3800 197.0400 47 1889 258.9399 174.6900
8.0418711572e-001 -4.1953100491e-001 -6.8720266603e+000
71 65 41
2 46 1458 190.6500 -99.4700 47 1236 143.6600 -137.8100
-1.1409365028e+000 -6.6490858994e-001 -5.9778829391e+000
131 113 99
2 46 1638 -311.0000 -181.2400 47 1296 -334.8900 -225.3000
-1.0390199013e+000 -7.6244943575e-001 -6.1290193650e+000
75 69 62
2 46 1713 -276.0700 -202.7200 47 1350 -302.2800 -240.7000
5.1045472532e-001 -6.7540201501e-001 -6.9675441995e+000
93 78 55
2 46 1608 119.0900 -157.9000 47 456 74.8900 -187.1200
-7.9406068320e-001 -1.3029264371e+000 -6.8172023659e+000
96 81 57
2 46 2272 -189.7600 -311.4300 47 1412 -220.4800 -321.5400
-1.1871085138e+000 -1.4566886234e+000 -6.7725591273e+000
79 66 47
2 46 2292 -285.2600 -350.5100 47 1435 -310.8700 -354.9000
1.6940723501e+000 8.3078672021e-002 -7.2078850840e+000
140 147 129
2 46 2696 382.9301 18.7900 47 2063 334.5200 -23.8600
-2.0986963412e+001 1.4362806120e+000 -5.0314707000e+001
222 43 76
2 46 2522 -679.5000 46.5100 47 1881 -677.8100 215.7300
-1.8834887132e+001 -1.3552620247e+000 -4.7983626228e+001
254 188 117
2 46 2532 -639.6800 -46.0200 47 1891 -636.9000 120.0600
7.8677710604e-001 1.8382037737e-001 -6.8758488644e+000
166 163 103
2 46 2756 186.3000 43.5900 47 2119 145.8600 -3.1600
1.4345744251e+000 2.3769616205e-001 -7.2532413713e+000
76 82 69
2 46 2786 322.3199 53.3900 47 2144 278.5800 12.3300
-2.7136915161e+001 7.9435254321e+000 -6.1475451001e+001
209 196 210
2 46 2673 -719.9600 210.5600 47 2032 -718.5800 390.3800
-2.2287055634e+001 3.1157253230e+000 -5.1492736222e+001
65 39 82
2 46 2603 -705.5200 98.6000 47 1965 -703.5600 270.0800
-2.1454999758e+001 2.5521757416e+000 -5.1035834828e+001
238 42 84
2 46 2611 -685.2300 81.4900 47 1973 -683.1000 251.7200
-2.4349269242e+001 1.9627446487e+000 -4.8340065010e+001
221 42 80
2 46 2609 -820.9400 66.1600 47 1968 -818.9700 239.3000
-2.3832842682e+001 1.7037561036e+000 -5.0348585099e+001
129 162 218
2 46 2616 -771.4100 55.1400 47 1971 -769.3600 227.7000
-2.3071339579e+001 2.0758213827e+000 -4.9620106002e+001
60 44 89
2 46 2610 -757.9400 68.1700 47 1972 -755.6400 239.9300
-2.3903532078e+001 1.6116266785e+000 -4.8300195101e+001
133 164 219
2 46 2614 -806.6800 54.3700 47 1969 -804.2800 226.8500
-2.3903532078e+001 1.6116266785e+000 -4.8300195101e+001
133 164 219
2 46 2615 -806.6800 54.3700 47 1970 -804.2800 226.8500
-3.1499947424e-001 -2.4119552036e-001 -6.0696921914e+000
56 49 43
2 46 2767 -84.6400 -64.7400 47 2068 -119.9800 -122.2100
-2.6738665270e+001 6.9492337695e+000 -5.2622375727e+001
253 55 103
2 46 2742 -829.0000 215.1800 47 2090 -828.2800 394.5700
-2.3295074707e+001 5.6637388158e-001 -4.5160278112e+001
245 49 95
2 46 2757 -841.6800 20.4300 47 2095 -836.7900 191.6600
-2.0802788733e+001 -2.7904107815e-001 -4.7496227342e+001
254 204 99
2 46 2759 -713.8400 -9.5700 47 2097 -710.8700 158.7400
-2.0802788733e+001 -2.7904107815e-001 -4.7496227342e+001
254 204 99
2 46 2760 -713.8400 -9.5700 47 2098 -710.8700 158.7400
-1.9389440001e+001 -7.1608847636e-001 -4.8897384986e+001
246 55 91
2 46 2761 -646.2200 -23.8600 47 2102 -643.5200 142.9900
-1.9389440001e+001 -7.1608847636e-001 -4.8897384986e+001
246 55 91
2 46 2762 -646.2200 -23.8600 47 2103 -643.5200 142.9900
-2.0050369145e+001 2.1565669216e-001 -4.7436791756e+001
71 38 83
2 46 2758 -689.2500 7.4200 47 2099 -685.8200 174.8300
-2.3638847864e+001 2.3834205099e+000 -4.9006140215e+001
142 204 252
2 46 2809 -786.2900 79.2500 47 2161 -784.2400 251.7600
-2.3638847864e+001 2.3834205099e+000 -4.9006140215e+001
142 204 252
2 46 2808 -786.2900 79.2500 47 2160 -784.2400 251.7600
-1.0474081786e+000 9.4761341142e-001 -6.7413589977e+000
159 72 72
2 46 1253 -253.3000 229.0600 47 1557 -270.9600 185.4900
6.2849371651e-001 1.2328011534e+000 -8.0279450494e+000
102 96 84
2 46 1258 127.8300 250.1800 47 1541 104.0500 229.0500
9.7968246141e-001 1.0714691506e+000 -8.0088043046e+000
154 153 148
2 46 1267 200.1400 217.8500 47 1003 171.8199 194.6500
1.2708423911e-001 2.1616337438e-001 -6.6175854565e+000
72 86 70
2 46 1349 31.3300 53.2200 47 1100 -3.5700 3.2900
3.3062829472e-001 1.0403180857e-001 -6.5863774532e+000
179 163 113
2 46 1364 82.0200 25.7000 47 1125 43.1400 -25.3600
4.2505161933e-001 6.7008417526e-002 -6.5742544604e+000
144 95 75
2 46 251 105.3400 16.6100 47 1129 65.3500 -35.2000
7.0283044363e-001 1.2645886745e-001 -6.7696981024e+000
141 86 66
2 46 1358 169.1600 30.4400 47 1130 127.9500 -18.1700
-8.4106470931e-001 1.0027604408e+000 -6.8895850015e+000
198 199 192
2 46 2084 -198.6300 237.1300 47 1550 -218.3100 196.3500
6.9167766633e-001 1.3792944807e+000 -8.2522998203e+000
128 122 110
2 46 2065 137.1500 272.2500 47 1753 114.5200 255.7900
9.1390826988e-001 9.0035399108e-001 -7.7580915144e+000
87 83 82
2 46 2094 191.4700 189.1900 47 1779 163.3199 160.3500
1.0896284852e+000 1.0073277107e+000 -7.9916584891e+000
92 92 89
2 46 2095 223.3400 205.1700 47 1780 192.9800 181.2200
1.7492123436e+000 5.9337877895e-002 -7.1802316209e+000
175 182 169
2 46 1370 397.3400 13.3800 47 1618 346.9301 -29.9900
1.7492123436e+000 5.9337877895e-002 -7.1802316209e+000
175 182 169
2 46 1371 397.3400 13.3800 47 1619 346.9301 -29.9900
9.2853407642e-001 -2.1983500712e-001 -6.7260841256e+000
65 65 39
2 46 1410 224.9100 -53.2500 47 1162 177.0400 -100.0900
1.1045996088e+000 -6.1980673929e-001 -7.1971157462e+000
94 93 65
2 46 1626 250.3500 -140.3800 47 473 199.9000 -168.9200
-9.9096730069e-001 8.0591688764e-001 -6.6081730489e+000
202 189 191
2 46 2372 -244.7100 198.7600 47 1783 -263.2800 151.3800
9.1998485578e-001 1.1437273284e+000 -8.1224425040e+000
107 106 103
2 46 2370 185.5900 229.2600 47 1884 158.3500 209.0600
1.8537586584e-001 1.1438763077e-001 -6.5405287727e+000
69 83 61
2 46 2398 46.2300 28.4900 47 1804 9.2700 -23.0800
7.2190415038e-001 -2.2729483695e-001 -6.6231960895e+000
105 101 63
2 46 1399 177.5000 -55.9000 47 1194 131.4301 -104.1500
7.0111877035e-001 -2.9337486949e-001 -6.7026272507e+000
107 101 65
2 46 2180 170.4399 -71.3200 47 1193 124.4900 -115.8400
8.7179090070e-001 -3.9934685880e-001 -6.8621579251e+000
76 71 46
2 46 2183 207.0800 -94.8400 47 1237 159.1200 -134.2800
5.1990966001e-001 -1.0092378993e+000 -7.2531567821e+000
86 74 48
2 46 1756 116.7500 -226.7200 47 628 71.3000 -243.0400
-1.0207329999e+000 -1.2867854115e+000 -6.6879871662e+000
125 109 83
2 46 1896 -248.3300 -313.5500 47 848 -276.2600 -325.0100
-1.4075720172e+000 -1.5930567266e+000 -6.8112236924e+000
109 98 70
2 46 2003 -336.2800 -381.1500 47 1464 -358.7400 -379.7900
-2.1263263861e+000 2.0515173620e+000 -7.6239824671e+000
181 173 137
2 46 2481 -455.3600 438.5200 47 1949 -461.5000 425.8700
-1.9591320993e-001 1.7520878022e+000 -8.2460549292e+000
132 90 74
2 46 2493 -38.4300 346.1800 47 1870 -54.1300 334.9500
-2.2530343923e+000 -4.8625116243e-002 -7.4059210178e+000
195 93 113
2 46 2149 -495.3500 -10.7200 47 1613 -504.5900 -16.8900
-9.8796683403e-001 7.3540274846e-001 -6.5233431973e+000
166 63 67
2 46 2599 -247.7200 183.7900 47 2047 -265.6100 134.0100
7.5541117617e-001 1.1636245158e+000 -8.0202341596e+000
101 98 93
2 46 2592 153.6500 236.3800 47 1977 128.7500 214.3900
1.1960859015e-001 -3.6362533972e-001 -6.3963712645e+000
101 87 58
2 46 2420 30.5200 -92.6400 47 1647 -10.5600 -140.6000
-1.0707871150e+000 8.4602204312e-001 -6.6875280762e+000
171 66 70
2 46 2676 -260.9300 206.1400 47 2045 -279.1000 161.8000
6.3163688281e-001 2.8790541177e-001 -6.8874451688e+000
171 151 102
2 46 2683 149.3400 68.1300 47 2059 111.5601 21.7700
6.3163688281e-001 2.8790541177e-001 -6.8874451688e+000
171 151 102
2 46 2684 149.3400 68.1300 47 2060 111.5601 21.7700
-2.1984900313e+001 5.3303211393e+000 -5.1588434411e+001
240 60 99
2 46 2597 -694.8200 168.3700 47 1956 -693.2500 340.9700
-3.6976171032e-001 -6.5291020344e-001 -6.4843859621e+000
127 109 73
2 46 2638 -93.0500 -164.0500 47 2010 -127.9300 -199.7500
-9.7642717533e-001 -7.2330561711e-001 -6.1178943425e+000
70 65 59
2 46 2550 -259.8400 -192.6700 47 1931 -287.1500 -232.4200
3.0958530551e-001 -9.6512765133e-001 -7.0973766740e+000
143 122 77
2 46 2643 71.2600 -221.6100 47 1934 27.3800 -240.6600
-1.7830662641e+001 -3.5001506446e+000 -4.0107913568e+001
87 65 137
2 46 2628 -723.7700 -142.2100 47 1905 -720.7600 21.8200
-1.6822894490e+001 -5.1484029666e+000 -4.3468003497e+001
230 42 80
2 46 2635 -630.4500 -193.0000 47 1997 -627.4300 -28.3800
-2.3043425322e+001 2.0130939105e+000 -4.3414924918e+001
246 42 93
2 46 2682 -865.4500 75.5500 47 2042 -862.8100 246.6900
-2.0495179909e+001 -2.0765051136e+000 -4.6843301891e+001
229 159 79
2 46 2623 -713.0000 -72.2300 47 1985 -709.4900 95.8100
-5.6029879012e-001 5.9998731608e-001 -6.6115142421e+000
147 120 78
2 46 2750 -138.3300 147.9000 47 2111 -162.4400 98.9700
-1.8145647700e+001 -1.8779999935e+000 -4.6273968085e+001
243 50 85
2 46 2702 -639.2700 -66.1200 47 2108 -635.9300 98.8700
-1.8145647700e+001 -1.8779999935e+000 -4.6273968085e+001
243 50 85
2 46 2701 -639.2700 -66.1200 47 2109 -635.9300 98.8700
-1.9755292351e+001 -2.2655477883e+000 -4.6646466174e+001
67 37 65
2 46 2768 -690.0800 -79.1400 47 2114 -686.8500 88.0200
-2.6512581797e+001 6.2429789976e+000 -4.9854294529e+001
77 62 131
2 46 2783 -868.3400 204.0300 47 2133 -866.2700 382.7600
-2.1106408763e+001 -1.1158149604e+000 -4.7173454314e+001
70 40 66
2 46 2789 -729.1800 -38.5400 47 2141 -725.8500 130.1200
-9.5071494639e-002 -1.9975875694e-001 -6.1555018847e+000
112 99 54
2 46 2812 -24.8900 -52.9200 47 2170 -63.5600 -110.0000
-2.2247600636e+001 -1.9677522750e+000 -4.4514063598e+001
246 49 95
2 46 2815 -814.7600 -72.0300 47 2167 -809.8000 97.9000
-1.9888859844e+001 -1.1326688590e+000 -4.7284620981e+001
253 204 91
2 46 2828 -685.4700 -39.0300 47 2183 -682.4600 128.1700
-2.2375762285e+001 1.6232948279e+000 -5.1522472330e+001
59 39 75
2 46 2849 -708.2500 51.3500 47 2207 -705.1000 222.3100
-2.4110739876e+000 2.1799189869e+000 -7.6764895105e+000
147 144 99
2 46 4 -512.5600 462.7600 47 937 -517.9200 453.7700
-2.1646494098e+000 1.9471561996e+000 -7.4648780278e+000
175 172 137
2 46 12 -473.0300 425.0600 47 943 -479.9600 408.5400
-2.0241426024e+000 1.8220060519e+000 -7.3906912127e+000
185 177 139
2 46 37 -446.6900 401.7300 47 42 -454.5800 382.1500
-1.5831766617e+000 1.7780970552e+000 -7.5035744604e+000
172 137 111
2 46 39 -343.8600 386.1300 47 59 -354.4500 366.3100
-1.2475975229e+000 1.4198543896e+000 -7.2183009681e+000
131 68 69
2 46 64 -281.5700 320.5100 47 85 -295.5900 290.8600
2.1910696823e-001 1.6347513941e+000 -8.3012203919e+000
174 166 127
2 46 67 43.7100 320.7800 47 968 24.9600 308.2400
2.0102705854e-001 1.4073759342e+000 -8.0398493316e+000
190 181 141
2 46 80 40.5100 285.2700 47 978 21.2800 266.7300
6.1228290197e-001 1.5464670010e+000 -8.3852320679e+000
187 172 134
2 46 82 118.9500 300.5200 47 91 99.7100 287.1200
4.0936418724e-001 1.3806049323e+000 -8.0965378990e+000
172 154 107
2 46 92 82.2600 277.8700 47 103 61.8100 259.3600
5.9188907841e-001 1.2595401399e+000 -8.0241077006e+000
158 154 127
2 46 94 121.1200 255.6200 47 994 96.4000 234.8100
8.1038067946e-001 1.3555993109e+000 -8.2710103414e+000
113 108 102
2 46 95 160.1300 266.9800 47 995 137.0200 250.1800
9.0747933008e-001 1.3684108999e+000 -8.3517862371e+000
77 88 73
2 46 97 177.7300 266.8600 47 996 154.2000 251.3400
8.0516970484e-001 1.1435528901e+000 -8.0146221450e+000
101 94 89
2 46 111 163.6700 232.5000 47 129 138.7100 210.0200
7.8929347204e-001 1.0686695592e+000 -7.9209189257e+000
163 160 148
2 46 112 162.6600 219.7900 47 130 136.0601 195.5100
-8.8894679573e-001 9.0232599948e-001 -6.7513224638e+000
165 76 77
2 46 129 -214.4700 217.7700 47 1012 -234.1200 173.6000
8.3193106445e-001 1.0219460815e+000 -7.8817465840e+000
94 90 84
2 46 136 172.2400 211.2300 47 1015 144.8700 185.8500
-6.7271012077e-001 7.3151085842e-001 -6.6504014175e+000
155 73 63
2 46 151 -164.9000 179.2400 47 140 -187.3600 131.3300
-1.6923705450e-001 7.8721334805e-001 -7.1388492910e+000
82 75 57
2 46 152 -38.9000 179.7200 47 143 -63.3700 142.5700
-1.0776275305e-001 8.1577576842e-001 -7.2152679184e+000
200 188 168
2 46 153 -24.2000 184.2100 47 146 -49.4900 148.7500
-7.7703497537e-002 7.5797005415e-001 -7.1518851379e+000
179 166 143
2 46 154 -17.7600 172.7000 47 155 -43.5700 135.5100
-1.1219691583e-001 7.2351799187e-001 -7.1078265655e+000
186 174 152
2 46 156 -25.6200 165.8500 47 154 -51.8900 127.9400
-4.2184364140e-002 7.5255021928e-001 -7.1819445015e+000
79 77 62
2 46 158 -9.2300 170.6900 47 157 -36.0500 134.2800
3.5611430361e-003 6.8921128416e-001 -7.1136475642e+000
196 186 158
2 46 159 0.7500 157.8800 47 175 -26.3900 119.4600
-1.2682518994e-001 6.1633492648e-001 -6.9774069363e+000
83 78 64
2 46 168 -29.5900 143.9300 47 1034 -56.9000 103.0800
-1.2682518994e-001 6.1633492648e-001 -6.9774069363e+000
83 78 64
2 46 169 -29.5900 143.9300 47 1035 -56.9000 103.0800
6.5225740519e-002 5.9338803877e-001 -7.0275664123e+000
91 77 58
2 46 170 15.2300 137.5700 47 1038 -13.9300 96.9600
6.5225740519e-002 5.9338803877e-001 -7.0275664123e+000
91 77 58
2 46 171 15.2300 137.5700 47 1039 -13.9300 96.9600
7.9592756645e-001 6.2990735661e-001 -7.3874225013e+000
163 149 98
2 46 175 175.3300 138.9800 47 178 142.8800 102.8300
1.1366911360e+000 7.0967591923e-001 -7.6460911874e+000
154 162 140
2 46 176 242.4900 151.1900 47 182 208.8199 119.2600
1.0443339366e+000 5.8618913171e-001 -7.5160540981e+000
102 114 75
2 46 178 226.5300 127.0600 47 181 191.7600 93.1300
5.8014170142e-002 4.0117857238e-001 -6.7959200202e+000
173 158 118
2 46 181 13.9100 96.1900 47 199 -17.6400 50.3400
5.8014170142e-002 4.0117857238e-001 -6.7959200202e+000
173 158 118
2 46 182 13.9100 96.1900 47 200 -17.6400 50.3400
5.5313922645e-001 4.0101928998e-001 -7.0253094229e+000
170 162 90
2 46 188 128.2500 93.0200 47 206 93.1700 50.3000
5.8288775361e-001 4.6920670052e-001 -7.0973621511e+000
143 99 70
2 46 189 134.0699 107.6800 47 1068 99.2000 66.3300
5.8288775361e-001 4.6920670052e-001 -7.0973621511e+000
143 99 70
2 46 190 134.0699 107.6800 47 1069 99.2000 66.3300
1.8153002347e-001 3.2335249041e-001 -6.7591287639e+000
72 77 62
2 46 199 43.7100 77.9600 47 202 10.1200 30.8000
4.4498024609e-001 3.0827178906e-001 -6.8564202112e+000
139 103 64
2 46 201 105.8199 73.2500 47 221 69.6500 27.2500
4.4498024609e-001 3.0827178906e-001 -6.8564202112e+000
139 103 64
2 46 202 105.8199 73.2500 47 222 69.6500 27.2500
4.7454230836e-001 2.4950905965e-001 -6.7985404642e+000
131 100 53
2 46 204 113.9200 59.7700 47 224 76.2700 12.4500
5.8121398957e-001 3.8583273710e-001 -7.0113641750e+000
180 163 102
2 46 205 135.1200 89.6600 47 211 99.3500 46.4900
6.5686056390e-001 2.9864965771e-001 -6.9431446602e+000
175 166 106
2 46 209 154.0900 70.1000 47 229 116.4900 25.1500
6.4385859648e-001 2.7471191445e-001 -6.8984768957e+000
139 94 64
2 46 210 152.2400 64.8600 47 1109 113.7700 19.0000
1.5576805396e+000 3.4893347545e-001 -7.4338852131e+000
106 120 94
2 46 219 341.7300 76.4200 47 214 299.1500 38.5600
1.6053699332e+000 2.7632274232e-001 -7.3666693902e+000
105 119 93
2 46 222 355.0500 61.1300 47 1113 311.3199 21.5700
1.8966528994e-001 1.5313291983e-001 -6.5703673025e+000
177 162 108
2 46 226 46.6400 38.0400 47 1121 11.0600 -13.2800
1.8966528994e-001 1.5313291983e-001 -6.5703673025e+000
177 162 108
2 46 227 46.6400 38.0400 47 1122 11.0600 -13.2800
4.3436432453e-001 1.8880554317e-001 -6.7180417714e+000
180 161 102
2 46 231 105.3800 45.7900 47 225 67.3800 -3.0700
4.9035108554e-001 1.7301758034e-001 -6.7155453540e+000
181 169 106
2 46 234 119.0400 41.9700 47 243 80.1600 -7.2100
5.1601043079e-001 1.7333088291e-001 -6.7327380291e+000
126 82 51
2 46 235 124.8800 41.9500 47 245 85.9700 -6.9200
7.3100234297e-001 1.8019105037e-001 -6.8397926797e+000
145 84 70
2 46 238 174.3500 42.8900 47 233 133.4800 -4.3400
7.3100234297e-001 1.8019105037e-001 -6.8397926797e+000
145 84 70
2 46 239 174.3500 42.8900 47 232 133.4800 -4.3400
1.6395086425e+000 2.6350336113e-001 -7.3693435464e+000
159 173 148
2 46 241 362.6700 58.2300 47 234 318.0900 18.7200
4.2505161933e-001 6.7008417526e-002 -6.5742544604e+000
144 95 75
2 46 252 105.3400 16.6100 47 1128 65.3500 -35.2000
1.6556440837e+000 7.0090614555e-002 -7.1491074748e+000
174 182 169
2 46 255 377.6100 15.9200 47 260 328.2600 -27.8400
1.7425545188e+000 -2.4751080515e-001 -7.2196738881e+000
56 57 40
2 46 325 393.6300 -55.9400 47 300 339.9600 -94.2000
9.9889550392e-001 -3.1706166389e-001 -6.8525723355e+000
93 94 66
2 46 346 237.6600 -75.4200 47 316 188.7100 -117.4300
9.2160901754e-001 -5.5689222888e-001 -7.0386764082e+000
108 103 71
2 46 416 213.3000 -128.9100 47 386 164.9700 -161.3500
9.6539606935e-001 -4.2932211787e-001 -6.9491709231e+000
99 97 66
2 46 417 226.5300 -100.7000 47 379 177.6801 -137.8900
9.6539606935e-001 -4.2932211787e-001 -6.9491709231e+000
99 97 66
2 46 418 226.5300 -100.7000 47 378 177.6801 -137.8900
1.1876580570e+000 -5.6967303303e-001 -7.1900738532e+000
87 88 65
2 46 429 269.2400 -129.1200 47 404 218.5900 -159.3500
-1.1281004316e+000 -5.3082819041e-001 -5.8636654823e+000
74 66 57
2 46 464 -313.5000 -147.5100 47 492 -337.2700 -198.5900
-7.7720371930e-002 -5.2750394272e-001 -6.4902617229e+000
127 112 77
2 46 483 -19.6800 -132.4100 47 436 -58.0300 -172.8300
-7.7720371930e-002 -5.2750394272e-001 -6.4902617229e+000
127 112 77
2 46 484 -19.6800 -132.4100 47 437 -58.0300 -172.8300
3.2739341484e-001 -6.8310833436e-001 -6.8591170426e+000
136 118 80
2 46 499 77.4900 -162.2300 47 455 34.8800 -192.7300
9.4019991870e-001 -6.7618924262e-001 -7.1287394832e+000
114 106 73
2 46 512 215.0601 -154.5900 47 469 165.7000 -182.7600
1.0128969230e+000 -6.0086732060e-001 -7.1298660719e+000
66 62 34
2 46 514 231.5800 -137.3400 47 468 182.1899 -167.3000
-1.2076759794e+000 -6.7230847459e-001 -5.9410230019e+000
76 67 60
2 46 543 -331.1700 -184.4000 47 571 -354.0200 -228.8500
-9.8686778850e-002 -7.4782126329e-001 -6.6634130066e+000
139 122 92
2 46 566 -24.1300 -182.8700 47 505 -63.0400 -213.8900
1.1054397746e+000 -8.3200196882e-001 -7.4411409480e+000
94 91 64
2 46 606 241.8199 -182.1400 47 547 192.5200 -201.5900
-4.2325932312e-001 -8.8834191712e-001 -6.6469965532e+000
140 124 99
2 46 655 -103.8200 -217.7600 47 587 -138.6700 -243.7900
-3.5745677319e-001 -8.4988005026e-001 -6.6142089557e+000
136 120 97
2 46 656 -88.0100 -209.3800 47 588 -124.0400 -237.5600
-2.1116032778e-001 -8.9428847205e-001 -6.7547613669e+000
135 118 90
2 46 660 -50.9300 -215.7300 47 593 -88.6400 -240.5500
-2.1116032778e-001 -8.9428847205e-001 -6.7547613669e+000
135 118 90
2 46 661 -50.9300 -215.7300 47 594 -88.6400 -240.5500
9.1231684490e-002 -9.4170943126e-001 -6.9501067076e+000
138 122 86
2 46 671 21.3700 -220.7800 47 607 -19.8600 -242.2000
9.1231684490e-002 -9.4170943126e-001 -6.9501067076e+000
138 122 86
2 46 672 21.3700 -220.7800 47 608 -19.8600 -242.2000
5.8766688730e-001 -1.0181510586e+000 -7.3062418134e+000
78 66 40
2 46 685 131.1200 -227.0800 47 630 84.8900 -242.5000
1.1598656384e+000 -9.5956793799e-001 -7.5908770195e+000
65 63 38
2 46 710 248.8800 -205.9600 47 561 198.7100 -220.3100
-2.1161656566e-001 -1.0521486398e+000 -6.8983520278e+000
131 115 81
2 46 739 -49.9600 -248.5300 47 683 -87.9400 -266.6500
5.8634912710e-002 -1.0386138154e+000 -7.0681010589e+000
137 121 89
2 46 750 13.4100 -239.4200 47 610 -27.1200 -255.9700
3.8900045751e-002 -1.0833399988e+000 -7.0857402431e+000
126 112 77
2 46 754 8.7800 -249.1000 47 688 -31.5600 -264.2600
1.9104926668e-001 -1.1270666987e+000 -7.1934565023e+000
87 71 46
2 46 763 43.3300 -255.3100 47 703 0.7800 -268.2900
1.9104926668e-001 -1.1270666987e+000 -7.1934565023e+000
87 71 46
2 46 764 43.3300 -255.3100 47 704 0.7800 -268.2900
6.0264111111e-001 -1.1551459927e+000 -7.4818912939e+000
79 65 38
2 46 777 131.1700 -251.5600 47 723 85.2300 -260.9100
6.0264111111e-001 -1.1551459927e+000 -7.4818912939e+000
79 65 38
2 46 778 131.1700 -251.5600 47 724 85.2300 -260.9100
-6.1614496781e-001 -1.1889740951e+000 -6.8078080714e+000
57 47 38
2 46 844 -147.4800 -284.5800 47 770 -180.4200 -298.8000
-5.0632775780e-001 -1.1822404015e+000 -6.8820699359e+000
82 67 44
2 46 847 -119.8500 -279.9200 47 780 -154.2400 -293.4400
-7.3691882591e-003 -1.2051812816e+000 -7.2046252660e+000
115 101 72
2 46 862 -1.6800 -272.5700 47 693 -41.8000 -282.3500
1.4799630233e-001 -1.2404325771e+000 -7.2970091506e+000
92 76 51
2 46 877 32.9700 -276.9800 47 699 -8.8600 -285.3100
1.8525808101e-001 -1.2922292362e+000 -7.3631828407e+000
88 72 46
2 46 878 41.0800 -285.9800 47 701 -1.5400 -292.1700
1.8525808101e-001 -1.2922292362e+000 -7.3631828407e+000
88 72 46
2 46 879 41.0800 -285.9800 47 702 -1.5400 -292.1700
5.1138139517e-001 -1.2092475021e+000 -7.4596602622e+000
88 74 50
2 46 885 111.6400 -264.1300 47 721 66.2500 -272.3100
4.8061418466e-001 -1.2841752921e+000 -7.4955154655e+000
95 81 54
2 46 886 104.5000 -279.1700 47 719 59.0100 -285.0000
8.5553988715e-001 -1.3562262369e+000 -7.8155902513e+000
74 65 42
2 46 910 178.2900 -282.7400 47 748 130.0800 -283.7600
-1.2471338646e+000 -1.5096875027e+000 -6.8251921570e+000
114 98 72
2 46 1121 -297.4800 -360.4500 47 899 -322.0100 -362.0800
2.1936621286e+000 -1.6298105596e+000 -6.8042023346e+000
187 180 172
2 46 1142 524.9900 -390.2100 47 921 442.0900 -416.7600
-2.1548687152e+000 1.9132456457e+000 -7.4475785737e+000
180 174 137
2 46 1182 -471.8500 418.6200 47 944 -479.1300 401.5700
-1.4959430450e+000 2.1985233098e+000 -8.2151675095e+000
241 216 207
2 46 1183 -296.3900 436.0400 47 1497 -306.1000 433.3300
-1.4647302225e+000 2.1388701428e+000 -8.1186828976e+000
162 150 104
2 46 1184 -293.8800 429.2700 47 1498 -303.5100 424.0200
-2.1467198271e+000 1.8192487413e+000 -7.3601782412e+000
138 139 102
2 46 1191 -475.8000 402.7900 47 1505 -482.9000 383.3100
-2.0872782967e+000 1.7938099771e+000 -7.3478329025e+000
187 178 135
2 46 1193 -462.9800 397.8000 47 1517 -471.2600 377.5900
-1.8532475148e+000 1.8945699863e+000 -7.5441191795e+000
180 177 145
2 46 1194 -400.1900 409.2000 47 1511 -409.6500 392.4800
-1.8551591501e+000 1.8989980040e+000 -7.5624941087e+000
180 177 145
2 46 1195 -400.1900 409.2000 47 947 -408.4900 392.8900
-6.9300508257e-001 2.1271211650e+000 -8.5125601284e+000
188 170 134
2 46 1197 -132.0000 407.0900 47 1512 -144.2900 405.4000
5.5546743795e-002 2.1382868655e+000 -8.8938659726e+000
166 133 122
2 46 1199 10.4300 391.7200 47 951 -2.0800 392.9500
-1.1547506216e+000 1.4588578072e+000 -7.2970099539e+000
194 189 186
2 46 1213 -257.8800 325.7700 47 1529 -272.0200 297.5300
-1.1552751630e+000 1.4596431125e+000 -7.3009893100e+000
194 189 186
2 46 1214 -257.8800 325.7700 47 966 -271.9600 297.6400
2.3477219056e-001 1.8117590887e+000 -8.5549957330e+000
144 103 83
2 46 1215 44.9900 345.0400 47 962 28.9900 337.8300
2.3477219056e-001 1.8117590887e+000 -8.5549957330e+000
144 103 83
2 46 1216 44.9900 345.0400 47 963 28.9900 337.8300
6.6311249616e-001 1.7770328647e+000 -8.6703538301e+000
83 81 79
2 46 1217 125.1899 333.8700 47 79 107.2700 326.4700
-1.1699228444e+000 1.2784080042e+000 -7.0818228577e+000
146 67 73
2 46 1227 -269.6300 294.1900 47 1535 -283.8400 260.3200
-1.1683872089e+000 1.1395859231e+000 -6.9210323071e+000
208 193 201
2 46 1237 -275.0000 268.2900 47 988 -291.0500 230.2700
6.7965822745e-001 1.3169138185e+000 -8.1627160469e+000
165 155 119
2 46 1239 136.0500 262.8200 47 1539 113.0200 244.4000
6.4571456472e-001 1.2750601588e+000 -8.0850259912e+000
161 153 117
2 46 1240 130.5200 256.9100 47 993 106.9900 236.9700
9.0654467947e-001 1.2920315766e+000 -8.2496974783e+000
139 138 127
2 46 1243 179.2100 255.1700 47 997 155.6700 237.2600
9.8285201304e-001 1.2914365490e+000 -8.2866586084e+000
151 134 92
2 46 1244 193.7200 253.8600 47 1543 169.3500 236.4300
-9.5578810871e-001 1.0328073460e+000 -6.8835274142e+000
160 66 68
2 46 1251 -225.8400 244.4400 47 1547 -244.7200 204.2300
-9.5578810871e-001 1.0328073460e+000 -6.8835274142e+000
160 66 68
2 46 1252 -225.8400 244.4400 47 1548 -244.7200 204.2300
-1.0474081786e+000 9.4761341142e-001 -6.7413589977e+000
159 72 72
2 46 1254 -253.3000 229.0600 47 1558 -270.9600 185.4900
-1.0088821404e+000 9.2537726893e-001 -6.7380260746e+000
200 190 186
2 46 1255 -244.4400 223.8300 47 1559 -261.8600 179.9200
6.2849371651e-001 1.2328011534e+000 -8.0279450494e+000
102 96 84
2 46 1259 127.8300 250.1800 47 1540 104.0500 229.0500
6.3305470045e-001 1.0875602810e+000 -7.8666748474e+000
171 170 137
2 46 1261 132.2500 225.0800 47 1551 104.8000 200.7600
-6.1967766227e-001 7.8116344167e-001 -6.7315406184e+000
206 183 128
2 46 1264 -150.1700 189.1100 47 1020 -172.4200 142.9800
8.4701471715e-001 9.4772917823e-001 -7.8079268254e+000
88 82 81
2 46 1266 177.4000 197.6700 47 1016 148.1200 170.8100
1.1401984321e+000 1.0555039683e+000 -8.0816522424e+000
155 162 151
2 46 1268 230.3400 212.7300 47 1554 202.0601 190.1400
-7.3503235782e-002 6.9152090007e-001 -7.0834675325e+000
82 85 71
2 46 1272 -16.7400 159.0500 47 1575 -43.8100 120.3900
-5.4610360805e-002 7.2130016917e-001 -7.1202148925e+000
190 179 156
2 46 1273 -12.5100 165.0700 47 1021 -39.0000 127.0600
-5.4610360805e-002 7.2130016917e-001 -7.1202148925e+000
190 179 156
2 46 1274 -12.5100 165.0700 47 1022 -39.0000 127.0600
5.4526715783e-002 6.2245916779e-001 -7.0375074470e+000
196 186 156
2 46 1287 12.7100 144.1100 47 1036 -16.0400 103.6200
5.4526715783e-002 6.2245916779e-001 -7.0375074470e+000
196 186 156
2 46 1288 12.7100 144.1100 47 1037 -16.0400 103.6200
4.8928185598e-001 5.4828561774e-001 -7.1632856545e+000
188 163 105
2 46 1296 110.8800 124.7900 47 1584 79.3300 85.1300
8.3680505438e-001 6.6419395670e-001 -7.4566570061e+000
179 175 145
2 46 1300 183.0900 145.1000 47 1043 150.1300 110.5100
9.8623794397e-001 5.6055414818e-001 -7.3726863556e+000
148 149 91
2 46 1301 218.3900 123.8100 47 1585 182.2900 86.6500
1.8967099171e-002 5.0403693189e-001 -6.9043823935e+000
193 181 144
2 46 1306 4.3000 118.9800 47 1580 -25.1400 75.7100
1.2907061785e-001 4.2662907100e-001 -6.8719190849e+000
80 71 54
2 46 1309 31.0000 101.1000 47 1078 -1.4700 56.9300
1.1652139800e-001 3.9700397232e-001 -6.8296840919e+000
177 163 125
2 46 1310 27.9200 94.7000 47 1080 -4.3300 49.5300
1.1652139800e-001 3.9700397232e-001 -6.8296840919e+000
177 163 125
2 46 1311 27.9200 94.7000 47 1079 -4.3300 49.5300
2.6817049673e-001 5.2852396127e-001 -7.0392715822e+000
189 172 118
2 46 1313 62.2800 122.3100 47 1059 30.6000 81.0900
2.6365027910e-001 4.9333298280e-001 -7.0128441431e+000
146 97 69
2 46 1315 61.2400 114.6300 47 1063 29.6200 72.9000
5.0547227467e-001 4.5565089545e-001 -7.0602549830e+000
148 101 74
2 46 1321 116.7200 105.1500 47 1065 82.6000 63.3500
9.1401612457e-001 4.2093232542e-001 -7.2176008018e+000
186 179 151
2 46 1323 206.8300 94.9400 47 1596 168.7700 55.1500
1.4550436951e+000 4.5186448147e-001 -7.5039783731e+000
155 170 146
2 46 1327 316.3900 98.0300 47 1071 276.1400 62.0000
1.0139340709e-001 2.4557871557e-001 -6.6316885506e+000
177 162 116
2 46 1330 24.8500 60.3500 47 1099 -9.2200 10.6800
1.4507840119e-001 3.3864500538e-001 -6.7571421357e+000
185 171 123
2 46 1331 35.0000 81.6600 47 1082 1.7800 34.5800
1.7256684310e-001 2.8813612460e-001 -6.7067674598e+000
181 168 126
2 46 1334 41.8900 70.0100 47 1102 7.7600 21.6700
3.6900010308e-001 3.3629526684e-001 -6.8619957200e+000
191 170 117
2 46 1337 87.3600 79.9000 47 1087 52.9500 34.2400
3.6900010308e-001 3.3629526684e-001 -6.8619957200e+000
191 170 117
2 46 1338 87.3600 79.9000 47 1088 52.9500 34.2400
5.5323177576e-001 3.6907135278e-001 -6.9859908277e+000
139 96 68
2 46 1341 129.1200 86.0700 47 1089 93.2300 42.5400
5.5323177576e-001 3.6907135278e-001 -6.9859908277e+000
139 96 68
2 46 1342 129.1200 86.0700 47 1090 93.2300 42.5400
1.6150375131e+000 3.0945391983e-001 -7.4011300315e+000
145 159 134
2 46 1346 355.5699 68.1300 47 1601 312.3500 29.1600
-2.3905665309e+000 2.0205656205e-001 -7.6501305171e+000
183 78 92
2 46 1348 -508.5200 43.0000 47 1072 -517.3400 40.8400
2.5555464565e-001 1.8102843554e-001 -6.6258610823e+000
72 81 71
2 46 1351 62.8400 44.5200 47 1123 26.2800 -5.7600
3.9188499156e-001 2.4461716801e-001 -6.7704219263e+000
149 100 72
2 46 1354 94.2700 58.8800 47 1104 57.7600 11.3100
4.6400346156e-001 2.2433659637e-001 -6.7648113280e+000
177 170 102
2 46 1355 111.8600 54.0200 47 1106 74.0400 5.9900
4.6400346156e-001 2.2433659637e-001 -6.7648113280e+000
177 170 102
2 46 1356 111.8600 54.0200 47 1107 74.0400 5.9900
7.0730565098e-001 2.2588674444e-001 -6.8958224106e+000
145 95 70
2 46 1357 167.1100 53.3800 47 1110 127.8400 7.4300
3.7148658359e-001 7.5447209992e-002 -6.5391495272e+000
72 76 68
2 46 1365 92.5100 18.8100 47 1126 53.1000 -33.8500
3.7148658359e-001 7.5447209992e-002 -6.5391495272e+000
72 76 68
2 46 1366 92.5100 18.8100 47 1127 53.1000 -33.8500
3.9777630371e-001 8.7359292995e-002 -6.5605295897e+000
177 163 96
2 46 1367 98.9000 21.6800 47 242 59.1000 -30.6000
7.7468557993e-001 8.0047973443e-002 -6.7512958188e+000
141 99 66
2 46 1368 187.0800 19.3000 47 1132 144.1801 -29.8100
-1.7294232481e-001 -2.3590142696e-001 -6.1671123159e+000
72 63 34
2 46 1389 -46.1700 -62.2600 47 304 -82.3000 -117.8300
5.3424884596e-001 -2.3468337762e-001 -6.5521936422e+000
107 102 59
2 46 1394 133.0699 -58.4000 47 309 88.1801 -107.0800
7.2190415038e-001 -2.2729483695e-001 -6.6231960895e+000
105 101 63
2 46 1400 177.5000 -55.9000 47 1195 131.4301 -104.1500
8.7515867816e-001 -1.6888392617e-001 -6.6576418332e+000
65 65 39
2 46 1401 214.3800 -41.3700 47 1157 166.6400 -90.6000
8.7515867816e-001 -1.6888392617e-001 -6.6576418332e+000
65 65 39
2 46 1402 214.3800 -41.3700 47 1156 166.6400 -90.6000
9.1789078586e-001 -2.6443184953e-001 -6.7733669583e+000
63 62 39
2 46 1405 220.9500 -63.6400 47 1199 172.8400 -108.1800
9.4838786809e-001 -1.6981494984e-001 -6.7225012428e+000
64 64 40
2 46 1406 229.7700 -41.1400 47 1160 182.3000 -89.0600
9.2853407642e-001 -2.1983500712e-001 -6.7260841256e+000
65 65 39
2 46 1411 224.9100 -53.2500 47 1161 177.0400 -100.0900
1.0395834437e+000 -2.8478713482e-001 -6.8304498930e+000
65 64 44
2 46 1416 248.1600 -67.9700 47 1205 198.7800 -111.4500
1.2242728947e+000 -2.7832574245e-001 -6.9823253836e+000
86 89 64
2 46 1421 285.5500 -64.9200 47 1212 236.1000 -105.6800
1.3890915353e+000 -2.9278117191e-001 -7.0805221146e+000
58 61 41
2 46 1429 320.0100 -67.4500 47 334 268.4100 -106.2500
-1.8914232481e-001 -2.7216387579e-001 -6.1768563016e+000
73 62 40
2 46 1450 -50.0100 -71.7800 47 1188 -86.8400 -126.0700
3.9092881986e-001 -3.9553298441e-001 -6.6073729170e+000
87 77 49
2 46 1456 96.4500 -97.5500 47 367 52.8300 -140.6700
8.6120491412e-001 -3.3331134120e-001 -6.8071629949e+000
99 96 63
2 46 1459 206.1200 -79.7800 47 310 158.6700 -121.8400
8.1536919662e-001 -3.8533578477e-001 -6.8280569198e+000
64 60 31
2 46 1460 194.6500 -91.9700 47 1198 147.2500 -132.1700
9.0896124390e-001 -3.6759755533e-001 -6.8284136967e+000
95 95 61
2 46 1462 216.9600 -87.7300 47 313 168.5601 -128.9600
9.3562319546e-001 -4.0008334327e-001 -6.8819854166e+000
64 59 34
2 46 1464 221.5900 -94.7400 47 1242 173.0000 -134.1100
9.4396968332e-001 -2.8917593737e-001 -6.8199708887e+000
96 95 64
2 46 1466 225.4301 -69.0700 47 1202 177.6600 -112.1500
9.7380687700e-001 -3.8499922091e-001 -6.8900160696e+000
96 97 64
2 46 1474 230.3500 -91.0600 47 317 181.5300 -130.7500
9.7380687700e-001 -3.8499922091e-001 -6.8900160696e+000
96 97 64
2 46 1475 230.3500 -91.0600 47 318 181.5300 -130.7500
1.1109714347e+000 -3.2937829359e-001 -6.9976104578e+000
58 59 40
2 46 1479 258.4600 -76.6500 47 323 210.1400 -115.3600
1.1661232419e+000 -3.6201563112e-001 -7.0479736114e+000
63 61 41
2 46 1480 269.6700 -83.7100 47 1209 220.1801 -120.8000
1.3770770060e+000 -4.1178163303e-001 -7.1635267139e+000
83 85 63
2 46 1494 313.3500 -93.6900 47 341 261.8300 -128.4700
-8.4933065933e-001 -4.5130357319e-001 -5.9531378435e+000
72 69 60
2 46 1508 -232.8100 -123.4900 47 1259 -260.4100 -175.9300
-8.0820683866e-001 -4.7328953311e-001 -5.9955148187e+000
73 68 57
2 46 1509 -220.0900 -128.5800 47 1261 -248.1800 -179.5000
-8.1022251774e-003 -3.9773208331e-001 -6.3877398413e+000
82 67 35
2 46 1517 -2.0500 -101.4600 47 1232 -41.5000 -147.9900
-1.0086549311e-001 -5.0699516621e-001 -6.4351764588e+000
85 69 42
2 46 1518 -25.5800 -128.3700 47 1266 -64.0400 -170.6000
1.6317544142e-002 -4.1961430809e-001 -6.4554652982e+000
120 106 69
2 46 1521 3.8200 -105.8700 47 361 -35.0600 -150.2000
1.6317544142e-002 -4.1961430809e-001 -6.4554652982e+000
120 106 69
2 46 1522 3.8200 -105.8700 47 360 -35.0600 -150.2000
7.8857222124e-001 -5.6512130867e-001 -6.9990593784e+000
117 108 63
2 46 1535 183.4000 -131.5300 47 376 136.6200 -163.9200
8.1606715174e-001 -5.6030098383e-001 -6.9731555685e+000
76 65 51
2 46 1537 190.6000 -130.9100 47 1240 143.0900 -164.2500
8.2413995974e-001 -4.5854930943e-001 -6.9261317915e+000
109 106 65
2 46 1539 193.7900 -107.8600 47 1239 146.7700 -144.2300
9.3045174374e-001 -4.3247509418e-001 -6.9250457998e+000
68 66 41
2 46 1543 218.8800 -101.7500 47 1244 170.6600 -139.3900
9.8656287282e-001 -5.7688082854e-001 -7.1116640821e+000
98 98 64
2 46 1550 226.0100 -132.1700 47 392 177.2900 -162.8500
1.0919276552e+000 -5.5122725837e-001 -7.1254696171e+000
62 61 40
2 46 1551 249.6801 -126.0500 47 396 200.0100 -157.5800
-1.0487802745e+000 -4.9429679332e-001 -5.8716741318e+000
76 69 63
2 46 1575 -291.1700 -137.1600 47 432 -316.0200 -189.5600
-1.0664971668e+000 -5.5882048084e-001 -5.9193215819e+000
133 116 106
2 46 1577 -293.4800 -153.8400 47 493 -318.6400 -202.9300
-1.0234881174e+000 -5.4373128905e-001 -5.9393232051e+000
135 118 111
2 46 1578 -281.0100 -149.1500 47 494 -306.2000 -198.3800
-9.2802949424e-001 -4.9256051465e-001 -5.9318215167e+000
112 105 94
2 46 1579 -254.7800 -135.3200 47 433 -282.2300 -186.7400
-2.2243771336e-001 -6.3654361298e-001 -6.4868295771e+000
80 66 37
2 46 1583 -56.0500 -159.8700 47 1309 -92.9900 -197.0700
-9.7527181538e-002 -5.8167781621e-001 -6.5057837134e+000
134 119 79
2 46 1587 -24.2800 -145.7100 47 441 -63.2800 -184.3600
1.5918922292e-001 -6.6158426873e-001 -6.7149443668e+000
99 85 64
2 46 1594 38.6900 -160.5500 47 1273 -3.1300 -193.8700
1.9631351649e-001 -6.5653161333e-001 -6.7513441846e+000
137 119 86
2 46 1596 47.2900 -158.4400 47 448 5.5500 -191.2100
1.9631351649e-001 -6.5653161333e-001 -6.7513441846e+000
137 119 86
2 46 1597 47.2900 -158.4400 47 449 5.5500 -191.2100
2.2101474407e-001 -6.7720031572e-001 -6.7813869825e+000
85 70 47
2 46 1599 52.9900 -162.7000 47 450 11.0000 -194.4800
3.4513359714e-001 -6.3585538649e-001 -6.8297481177e+000
136 117 75
2 46 1603 82.1500 -151.6700 47 1278 39.2800 -183.9100
3.5895850434e-001 -6.7531143076e-001 -6.8452692897e+000
81 65 37
2 46 1605 85.4399 -160.7500 47 1279 41.7800 -191.9000
8.2096835204e-001 -6.4018550862e-001 -7.0397548210e+000
116 104 68
2 46 1609 190.1300 -148.2000 47 458 141.9600 -178.3800
7.8446896046e-001 -6.5311596516e-001 -7.0575136529e+000
92 81 53
2 46 1614 180.9500 -150.7600 47 1280 133.8500 -180.1000
7.8446896046e-001 -6.5311596516e-001 -7.0575136529e+000
92 81 53
2 46 1615 180.9500 -150.7600 47 1281 133.8500 -180.1000
8.6747798752e-001 -6.2943630466e-001 -7.0912812971e+000
76 66 38
2 46 1618 199.1600 -144.6000 47 459 151.5200 -174.1000
9.2809649968e-001 -6.2967550900e-001 -7.1091686371e+000
78 72 45
2 46 1622 212.5500 -144.2900 47 1282 164.3000 -173.7900
-1.2639122261e+000 -6.0137866252e-001 -5.8592674715e+000
68 61 51
2 46 1635 -351.4000 -167.2500 47 1290 -373.0900 -215.5500
-1.1949937163e+000 -6.0193839274e-001 -5.8938707560e+000
109 105 93
2 46 1636 -330.2100 -166.4300 47 491 -353.3200 -214.1800
-1.1273092191e+000 -6.9760362111e-001 -6.0373549815e+000
74 63 60
2 46 1639 -303.8400 -188.3200 47 575 -328.8900 -229.7700
-9.2761190461e-001 -6.9158013675e-001 -6.1168193908e+000
73 64 57
2 46 1643 -246.9100 -184.2500 47 1301 -274.8900 -225.1900
-9.2761190461e-001 -6.9158013675e-001 -6.1168193908e+000
73 64 57
2 46 1644 -246.9100 -184.2500 47 1300 -274.8900 -225.1900
-8.6029741444e-001 -7.3263048532e-001 -6.1739446417e+000
111 102 93
2 46 1648 -227.3900 -193.3200 47 582 -255.4800 -232.3200
-3.3423114719e-001 -7.0994907545e-001 -6.5047756321e+000
84 68 45
2 46 1653 -83.6000 -177.8600 47 500 -119.8200 -212.0500
-2.4181603746e-001 -6.9742979218e-001 -6.5385501788e+000
90 74 48
2 46 1659 -60.2200 -173.8100 47 1306 -97.4300 -208.0900
-1.4292462255e-001 -7.1458115460e-001 -6.6358436070e+000
141 122 92
2 46 1663 -35.2100 -175.4500 47 1316 -73.1500 -207.5500
-1.9970172777e-001 -7.9035815293e-001 -6.6657980344e+000
103 85 63
2 46 1666 -48.9000 -193.1900 47 1318 -86.4000 -222.5200
-9.3113511140e-002 -7.1986437191e-001 -6.5926486405e+000
134 118 84
2 46 1668 -22.9000 -177.9400 47 1321 -62.3600 -211.4600
-7.3642600972e-002 -7.5624835565e-001 -6.7149866148e+000
85 69 44
2 46 1671 -17.8700 -183.5100 47 506 -56.8900 -213.1800
-4.7265955463e-002 -7.7764217603e-001 -6.7396371155e+000
139 123 94
2 46 1672 -11.5000 -188.0000 47 507 -50.7600 -216.8400
-4.7265955463e-002 -7.7764217603e-001 -6.7396371155e+000
139 123 94
2 46 1673 -11.5000 -188.0000 47 508 -50.7600 -216.8400
1.0658270398e-001 -8.1808144280e-001 -6.8511166098e+000
87 72 50
2 46 1676 25.3500 -194.5700 47 1332 -15.8700 -220.9300
6.7876065674e-001 -8.5049823740e-001 -7.1777008801e+000
122 111 65
2 46 1684 154.1100 -193.0800 47 520 107.1899 -215.1400
7.7789873400e-001 -7.6143632246e-001 -7.1375448022e+000
117 108 69
2 46 1687 177.6400 -173.8400 47 523 129.8400 -199.1600
7.7789873400e-001 -7.6143632246e-001 -7.1375448022e+000
117 108 69
2 46 1688 177.6400 -173.8400 47 524 129.8400 -199.1600
8.4467274958e-001 -8.6231432085e-001 -7.2847850259e+000
74 64 37
2 46 1694 188.9301 -192.8800 47 533 140.7100 -213.4400
1.0096218232e+000 -7.6287037811e-001 -7.2598701235e+000
75 68 43
2 46 1700 226.4900 -171.2000 47 471 177.1400 -195.3100
1.0096218232e+000 -7.6287037811e-001 -7.2598701235e+000
75 68 43
2 46 1701 226.4900 -171.2000 47 472 177.1400 -195.3100
1.1362153105e+000 -8.1661146025e-001 -7.4103980228e+000
64 62 41
2 46 1705 249.7800 -179.5500 47 556 199.5900 -200.1000
-9.4318759407e-001 -8.7732434047e-001 -6.2646766079e+000
70 67 56
2 46 1716 -245.4400 -228.1800 47 1353 -272.9500 -260.4700
-5.4841074134e-001 -8.8706973607e-001 -6.5715063590e+000
71 52 45
2 46 1718 -136.1700 -219.9300 47 584 -169.1300 -246.9800
-4.7830617192e-001 -8.2006312803e-001 -6.5003326710e+000
58 44 36
2 46 1719 -120.0200 -205.5500 47 585 -154.1600 -236.4800
-3.2302537790e-001 -9.2002847887e-001 -6.7105425078e+000
84 69 47
2 46 1724 -78.5100 -223.3900 47 590 -114.7600 -247.9500
-2.3018589724e-001 -9.4490169499e-001 -6.7917043435e+000
135 120 89
2 46 1728 -55.3500 -226.6800 47 595 -92.6300 -249.4500
-5.6121572267e-002 -8.8587673171e-001 -6.8452925324e+000
93 78 52
2 46 1736 -13.5100 -210.8500 47 598 -52.6000 -234.8300
-8.8683759102e-002 -9.6183983410e-001 -6.8672073581e+000
100 84 61
2 46 1743 -21.0100 -228.2300 47 1368 -60.4000 -249.8600
8.4973397928e-002 -8.6861741323e-001 -6.8799728949e+000
90 76 49
2 46 1744 20.1700 -205.7300 47 1369 -21.0200 -230.2100
1.9932569134e-001 -9.4429750915e-001 -7.0210950501e+000
83 67 45
2 46 1752 46.3700 -219.1700 47 614 3.8000 -239.6100
4.1777858875e-001 -9.1303367819e-001 -7.1172721161e+000
81 64 40
2 46 1754 95.5200 -209.0100 47 626 51.3700 -229.4900
6.8503509936e-001 -9.2778028871e-001 -7.2611684813e+000
86 74 42
2 46 1758 153.8900 -208.2300 47 522 106.5900 -226.9500
6.4902199864e-001 -1.0210197826e+000 -7.3374916887e+000
83 66 44
2 46 1761 144.2400 -226.7600 47 1374 97.3199 -241.8600
-1.0036224418e+000 -8.9855773995e-001 -6.2482757283e+000
71 67 61
2 46 1786 -261.7200 -234.3300 47 1379 -288.5500 -266.0400
-1.0036224418e+000 -8.9855773995e-001 -6.2482757283e+000
71 67 61
2 46 1787 -261.7200 -234.3300 47 1380 -288.5500 -266.0400
-5.2358107433e-001 -9.3892067554e-001 -6.6141744982e+000
55 45 37
2 46 1788 -128.9100 -231.3200 47 1358 -162.9200 -256.2900
-4.6142196232e-001 -9.8982869514e-001 -6.7158824902e+000
134 118 94
2 46 1793 -111.9400 -240.1600 47 678 -146.6300 -262.0100
-2.8398389359e-001 -1.0207169221e+000 -6.8545252960e+000
94 79 58
2 46 1798 -67.6000 -242.6300 47 1392 -104.2900 -261.9000
-3.6652373699e-001 -1.0318338716e+000 -6.7992473338e+000
90 74 55
2 46 1799 -87.9100 -247.2700 47 1389 -123.7400 -266.9900
-3.1303972514e-001 -1.0950119957e+000 -6.9341044721e+000
97 81 57
2 46 1801 -73.7500 -257.2900 47 1393 -109.8600 -272.9900
-3.1303972514e-001 -1.0950119957e+000 -6.9341044721e+000
97 81 57
2 46 1802 -73.7500 -257.2900 47 1394 -109.8600 -272.9900
-2.2635038422e-001 -1.0220219170e+000 -6.8719679217e+000
98 83 57
2 46 1804 -53.6500 -242.3400 47 681 -91.3500 -261.5800
-2.0449223941e-001 -1.1103237145e+000 -6.9697156261e+000
89 74 44
2 46 1808 -47.8900 -259.5700 47 686 -85.7400 -274.9500
-1.1943982051e-001 -9.6485792339e-001 -6.8603906317e+000
136 122 90
2 46 1810 -28.4900 -229.1500 47 596 -67.1700 -250.7000
3.8984124136e-002 -9.9999655280e-001 -6.9717406297e+000
92 77 53
2 46 1813 9.2300 -233.7400 47 606 -31.8200 -253.0600
2.7439122855e-001 -1.0663354559e+000 -7.1741666075e+000
89 74 49
2 46 1822 62.3000 -242.1900 47 624 19.0800 -257.4000
2.7439122855e-001 -1.0663354559e+000 -7.1741666075e+000
89 74 49
2 46 1823 62.3000 -242.1900 47 625 19.0800 -257.4000
2.5945778074e-001 -1.1073985737e+000 -7.2278899798e+000
93 77 51
2 46 1826 58.3700 -249.6300 47 706 15.6200 -262.8000
2.2152459887e-001 -1.1165021274e+000 -7.1915840239e+000
130 116 81
2 46 1828 50.1700 -252.9700 47 705 7.4200 -266.4500
-5.4936379952e-001 -1.1461827003e+000 -6.8223469521e+000
93 77 58
2 46 1854 -131.2400 -273.7500 47 1383 -164.8900 -289.0800
-3.9418120637e-001 -1.1110369143e+000 -6.8457896949e+000
84 69 48
2 46 1860 -93.6900 -264.4700 47 1386 -129.7700 -281.1600
-1.5547761440e-001 -1.2849817880e+000 -7.1559482855e+000
97 82 55
2 46 1866 -35.3200 -292.6100 47 792 -74.3300 -300.7100
-2.9711238353e-002 -1.1787474831e+000 -7.1451494933e+000
88 78 50
2 46 1867 -6.7300 -268.8200 47 692 -46.8300 -280.2100
2.3809865128e-002 -1.1866867725e+000 -7.1499471440e+000
89 77 54
2 46 1872 5.5400 -270.4600 47 694 -35.4900 -281.9700
5.3807678480e-003 -1.2399942397e+000 -7.2312377570e+000
87 73 46
2 46 1873 1.1900 -279.4100 47 1399 -39.1700 -288.0500
-9.3240032740e-001 -1.2386835999e+000 -6.6856333832e+000
123 107 82
2 46 1894 -226.9600 -301.9300 47 763 -256.0200 -315.2600
-9.8964892718e-001 -1.2994810099e+000 -6.7274151906e+000
90 75 49
2 46 1897 -239.2400 -314.8000 47 1438 -267.8700 -325.3100
-6.0848651311e-001 -1.3694562066e+000 -7.0318745616e+000
127 113 86
2 46 1909 -140.9600 -317.3400 47 779 -174.1900 -322.8700
-2.1167195208e-001 -1.4306213630e+000 -7.2979556839e+000
93 77 51
2 46 1920 -47.2700 -319.4200 47 795 -85.4300 -321.3300
-1.0371216994e+000 -1.4950293175e+000 -6.8920127158e+000
112 99 71
2 46 1962 -244.7000 -353.5200 47 1443 -273.0600 -355.7200
-9.1943955068e-001 -1.4369178829e+000 -6.9266909171e+000
73 60 41
2 46 1963 -216.1500 -338.0400 47 1446 -245.3600 -341.8500
-7.0640592841e-001 -1.5503941814e+000 -7.1649908283e+000
94 80 59
2 46 1966 -160.4000 -352.6200 47 853 -192.9800 -350.8500
-7.0640592841e-001 -1.5503941814e+000 -7.1649908283e+000
94 80 59
2 46 1967 -160.4000 -352.6200 47 852 -192.9800 -350.8500
-5.2587060856e-001 -1.4426583513e+000 -7.1390911274e+000
93 79 53
2 46 1972 -119.9300 -329.2900 47 858 -154.4900 -331.7100
-4.0235896269e-001 -1.4625944913e+000 -7.2264088165e+000
97 82 55
2 46 1976 -90.5400 -329.8200 47 863 -126.8600 -331.0000
-1.4459675668e+000 -1.5247452431e+000 -6.6980942107e+000
121 108 72
2 46 2002 -351.1700 -370.9800 47 1463 -373.0700 -373.1800
-1.4075720172e+000 -1.5930567266e+000 -6.8112236924e+000
109 98 70
2 46 2004 -336.2800 -381.1500 47 1465 -358.7400 -379.7900
-1.2850437617e+000 -1.5925159166e+000 -6.8749073756e+000
111 96 68
2 46 2005 -304.3600 -377.4700 47 900 -328.3700 -375.9000
-9.8013108012e-001 -1.5221848128e+000 -6.9523923931e+000
108 97 71
2 46 2011 -229.4400 -356.7900 47 905 -258.2400 -357.6700
-9.2478452679e-001 -1.5560018903e+000 -7.0395648140e+000
117 106 76
2 46 2012 -213.7900 -360.2000 47 907 -243.4000 -359.0500
2.1705033769e+000 -1.6011617352e+000 -6.8345255077e+000
188 181 174
2 46 2016 517.4800 -381.7400 47 1482 435.2200 -407.8900
-2.0051897395e+000 2.0382189757e+000 -7.6889122922e+000
105 114 85
2 46 2033 -424.7500 431.9300 47 1495 -433.5100 420.1500
-2.0511206544e+000 1.8637478581e+000 -7.4512936350e+000
185 177 141
2 46 2036 -448.7900 407.5800 47 1508 -456.8300 389.8500
-2.4280944318e-001 1.9648682015e+000 -8.5199892761e+000
136 94 80
2 46 2042 -46.1300 375.7400 47 955 -59.8200 370.9700
1.3023602359e-001 1.8893385637e+000 -8.5424417920e+000
171 135 93
2 46 2045 24.2700 360.4700 47 1738 10.8000 353.4000
-1.1384532711e+000 1.5836321934e+000 -7.4442039275e+000
205 185 133
2 46 2048 -248.3000 346.5500 47 1523 -263.6600 322.2100
-2.4504740051e-001 1.7552348200e+000 -8.2467746314e+000
185 152 94
2 46 2049 -47.9700 346.7500 47 1525 -63.8000 335.9200
-9.9568702446e-002 1.5943864314e+000 -8.1363449421e+000
193 184 172
2 46 2050 -20.7700 319.4200 47 1748 -35.8800 304.7600
-9.9568702446e-002 1.5943864314e+000 -8.1363449421e+000
193 184 172
2 46 2051 -20.7700 319.4200 47 1747 -35.8800 304.7600
-1.0886533935e+000 1.2726669682e+000 -7.1042850249e+000
151 64 70
2 46 2056 -249.6900 291.9000 47 1536 -265.3400 258.1800
3.0531725611e-001 1.5482881429e+000 -8.2506306777e+000
184 177 143
2 46 2057 60.5400 305.7400 47 1530 41.5900 291.4000
-1.1096781373e+000 1.1847048674e+000 -6.9923175895e+000
153 71 68
2 46 2060 -259.3400 276.1500 47 1757 -273.8600 239.4500
-1.0529897101e+000 1.1890708779e+000 -7.0136051619e+000
150 71 75
2 46 2062 -244.4100 276.2300 47 1759 -261.2600 239.9200
9.9226244463e-001 1.4097553423e+000 -8.4214166116e+000
80 91 75
2 46 2066 192.0000 272.7700 47 1538 170.0800 257.9200
9.6624688948e-001 1.3521447916e+000 -8.3476187623e+000
168 146 105
2 46 2067 188.9900 263.8700 47 1542 165.6400 247.7800
-2.8256654482e+001 7.2132536310e+000 -4.8791604848e+001
229 85 124
2 46 2069 -945.5900 240.8500 47 1714 -945.0700 422.9000
-1.0696992509e+000 9.2077291926e-001 -6.7050027596e+000
199 186 183
2 46 2074 -260.1000 223.7800 47 1555 -277.7200 179.4000
-1.0696992509e+000 9.2077291926e-001 -6.7050027596e+000
199 186 183
2 46 2075 -260.1000 223.7800 47 1556 -277.7200 179.4000
-1.0364192207e+000 9.9114755340e-001 -6.8010751611e+000
201 185 183
2 46 2078 -248.7500 237.5100 47 1769 -265.5900 195.4100
-1.0364192207e+000 9.9114755340e-001 -6.8010751611e+000
201 185 183
2 46 2079 -248.7500 237.5100 47 1768 -265.5900 195.4100
-9.1491135351e-001 1.0027158839e+000 -6.8602334054e+000
202 192 190
2 46 2082 -217.3500 238.1700 47 1772 -235.8300 196.9800
-8.4106470931e-001 1.0027604408e+000 -6.8895850015e+000
198 199 192
2 46 2083 -198.6300 237.1300 47 1549 -218.3100 196.3500
-8.4360679733e-001 8.7887351918e-001 -6.7590445236e+000
198 192 191
2 46 2088 -203.3200 211.8700 47 1560 -223.4100 167.7500
-1.4193267440e-001 8.4288619002e-001 -7.2388373236e+000
88 82 69
2 46 2091 -31.6500 189.6900 47 1565 -56.7200 155.0400
-6.6274349086e-002 8.0224523538e-001 -7.2229830645e+000
87 86 66
2 46 2101 -14.8800 180.9700 47 1566 -40.4300 145.4900
1.1348044812e+000 7.5274506064e-001 -7.6871344417e+000
72 80 67
2 46 2103 240.8600 159.5000 47 1572 207.7600 128.4200
-5.9522297794e-002 6.5330567230e-001 -7.0485436960e+000
199 188 166
2 46 2104 -14.0500 151.0700 47 1577 -40.7400 111.4200
-5.9522297794e-002 6.5330567230e-001 -7.0485436960e+000
199 188 166
2 46 2105 -14.0500 151.0700 47 1576 -40.7400 111.4200
1.1025542133e-001 5.4727550901e-001 -6.9733857021e+000
95 82 65
2 46 2106 25.9600 127.8500 47 1582 -4.4300 85.6900
1.0838860739e+000 6.9723729932e-001 -7.6394722497e+000
85 98 66
2 46 2109 231.6400 148.6300 47 1578 197.7800 117.0800
1.0772313628e+000 5.9803904410e-001 -7.4841135862e+000
168 174 140
2 46 2110 234.8800 130.1400 47 1579 199.3101 95.0900
4.5805391550e-003 4.6815760467e-001 -6.8514949646e+000
71 93 73
2 46 2112 1.1500 111.3300 47 1583 -29.1700 66.9700
2.9219363732e-002 4.0733721943e-001 -6.7944045897e+000
75 84 75
2 46 2113 7.1300 97.6700 47 1590 -24.3300 51.9800
9.4433661329e-002 3.6922042612e-001 -6.7614311558e+000
73 86 69
2 46 2119 22.4900 89.0200 47 1591 -9.3400 42.0400
3.6669731626e-001 2.9867195301e-001 -6.8249923627e+000
140 94 61
2 46 2122 87.4700 71.3200 47 1607 52.1400 25.0200
1.4153348631e+000 3.7489988377e-001 -7.3538736956e+000
119 133 80
2 46 2125 312.7300 83.2500 47 1600 273.4399 43.3900
-2.4159235654e+000 2.6988391968e-001 -7.6469658433e+000
189 82 94
2 46 2127 -514.6500 57.5000 47 1587 -522.1800 54.7700
-2.4159235654e+000 2.6988391968e-001 -7.6469658433e+000
189 82 94
2 46 2128 -514.6500 57.5000 47 1586 -522.1800 54.7700
2.8678226307e-001 1.2808324919e-001 -6.5731741392e+000
66 80 65
2 46 2132 71.2200 31.7300 47 1807 33.1900 -19.7700
6.4853739653e-001 2.0420117690e-001 -6.8359603321e+000
180 165 109
2 46 2133 154.2200 48.7400 47 1610 115.6300 1.5200
5.5374629527e-001 7.7600456882e-002 -6.6377189235e+000
143 97 64
2 46 2143 135.9900 19.0400 47 1617 94.8800 -31.8900
5.5374629527e-001 7.7600456882e-002 -6.6377189235e+000
143 97 64
2 46 2144 135.9900 19.0400 47 1616 94.8800 -31.8900
1.2927023527e+000 1.0499979794e-001 -6.9953979058e+000
169 150 94
2 46 2147 301.1000 24.4600 47 1134 255.0601 -21.6100
1.7780318127e+000 -1.3997694263e-001 -7.1503143752e+000
58 63 43
2 46 2154 405.2800 -31.9200 47 1179 352.3199 -73.9900
7.7060370845e-001 -2.8669467469e-001 -6.7140106287e+000
106 102 65
2 46 2181 186.9200 -69.5600 47 1642 140.4200 -114.4500
2.4490284120e-001 -4.2980607840e-001 -6.5678106922e+000
81 65 46
2 46 2194 60.6800 -106.6200 47 1234 18.7600 -149.1700
2.3025900332e-001 -4.6535854370e-001 -6.5694151144e+000
89 72 51
2 46 2195 57.1400 -115.4300 47 1650 14.9200 -157.1300
2.1508241135e-001 -5.0713963611e-001 -6.5958745608e+000
79 64 43
2 46 2196 53.1100 -125.2800 47 1274 11.0600 -165.3300
3.5205744386e-001 -5.1542085062e-001 -6.6930845210e+000
80 69 41
2 46 2197 85.5900 -125.4600 47 1235 42.4600 -163.6900
-8.7169118340e-001 -5.7484398996e-001 -6.0308469938e+000
130 115 104
2 46 2205 -235.9200 -155.2700 47 1299 -263.3500 -202.2000
-4.0772450290e-001 -6.1430015804e-001 -6.3800490732e+000
57 45 38
2 46 2206 -104.2100 -156.8800 47 1654 -138.8900 -196.0700
2.0152195050e-001 -5.5588744575e-001 -6.6510862704e+000
75 64 36
2 46 2209 49.3300 -136.1800 47 1275 7.5100 -173.6300
-3.4641149868e-001 -7.5660480285e-001 -6.5165030383e+000
86 69 50
2 46 2221 -86.6100 -189.1900 47 1308 -122.6400 -222.0400
-1.0723616627e-001 -6.8403049795e-001 -6.6001680669e+000
82 65 40
2 46 2222 -26.4300 -168.8800 47 1313 -65.2300 -202.8000
-1.0723616627e-001 -6.8403049795e-001 -6.6001680669e+000
82 65 40
2 46 2223 -26.4300 -168.8800 47 1312 -65.2300 -202.8000
1.3961294971e-002 -6.8834893290e-001 -6.6883194588e+000
81 68 42
2 46 2225 3.3400 -167.6900 47 1322 -36.5100 -200.1100
1.4302078774e-001 -7.1367133679e-001 -6.7576135419e+000
78 66 41
2 46 2227 34.4500 -172.0800 47 1330 -7.0500 -203.1700
3.4169320901e-001 -7.2497137690e-001 -6.8866354437e+000
86 73 46
2 46 2228 80.9900 -171.5600 47 1336 37.1600 -200.5200
-8.4197069319e-001 -8.2720691161e-001 -6.2804606973e+000
73 66 62
2 46 2233 -218.3300 -214.6300 47 1356 -247.8100 -248.4200
-3.6526429265e-001 -8.0954402892e-001 -6.5877777130e+000
89 75 58
2 46 2235 -90.4600 -200.2200 47 1364 -125.9100 -229.9200
4.0544825488e-001 -1.2000628794e+000 -7.3813833410e+000
132 118 85
2 46 2252 89.8700 -264.9800 47 1400 44.5000 -274.0100
-7.2232715650e-001 -1.2141140635e+000 -6.7613148525e+000
135 116 83
2 46 2270 -173.8100 -292.6300 47 1408 -205.9200 -306.4500
-7.9406068320e-001 -1.3029264371e+000 -6.8172023659e+000
96 81 57
2 46 2271 -189.7600 -311.4300 47 1411 -220.4800 -321.5400
-1.2634534411e+000 -1.3220277984e+000 -6.5343158923e+000
79 63 47
2 46 2287 -314.4700 -329.7300 47 1692 -339.0500 -341.8300
-1.2514474439e+000 -1.3712891903e+000 -6.6273533347e+000
115 100 71
2 46 2288 -307.3400 -337.1900 47 1431 -331.7100 -346.1800
-8.8542598590e-001 -1.5137691293e+000 -7.0150209213e+000
75 63 41
2 46 2297 -204.9900 -351.7000 47 1447 -235.9500 -352.1500
-1.5026339902e+000 -1.5721506652e+000 -6.7215073105e+000
87 70 53
2 46 2309 -363.8900 -381.1600 47 1459 -384.4900 -381.3300
-7.4122109318e-001 -1.6468573918e+000 -7.2321630472e+000
100 89 64
2 46 2317 -166.5100 -371.1100 47 1473 -199.2900 -365.6900
-2.1992675657e+000 2.0544775766e+000 -7.6283848675e+000
153 153 115
2 46 2333 -469.5500 438.8300 47 1717 -477.7000 426.9800
-1.7278010037e+000 1.9688686433e+000 -7.6516855807e+000
196 177 133
2 46 2337 -368.6400 419.3300 47 1865 -376.7600 404.3600
-1.4888292358e+000 2.2101097688e+000 -8.2306485334e+000
243 215 207
2 46 2338 -294.7200 437.5400 47 1861 -303.8000 435.0900
-2.0226216761e+000 1.7612936163e+000 -7.2853868966e+000
132 128 87
2 46 2339 -452.6900 393.9500 47 1734 -460.9200 371.5100
-2.0226216761e+000 1.7612936163e+000 -7.2853868966e+000
132 128 87
2 46 2340 -452.6900 393.9500 47 1735 -460.9200 371.5100
-1.9920294824e+000 1.8424148636e+000 -7.4182144714e+000
154 150 113
2 46 2341 -437.7800 404.7100 47 1726 -446.1800 385.6500
-1.7421266351e+000 1.8915035118e+000 -7.5714568108e+000
93 118 90
2 46 2342 -374.6700 407.0500 47 1728 -384.8900 390.2400
-1.2853934161e+000 1.4367370425e+000 -7.2242168787e+000
202 188 188
2 46 2348 -290.1300 324.0800 47 1746 -303.3200 294.7900
-1.2853934161e+000 1.4367370425e+000 -7.2242168787e+000
202 188 188
2 46 2349 -290.1300 324.0800 47 1745 -303.3200 294.7900
2.0202394951e-001 1.6389370659e+000 -8.3358714132e+000
182 166 123
2 46 2351 39.4900 320.3700 47 1749 22.3500 308.5000
-1.2077916978e+000 1.2866803451e+000 -7.0842056668e+000
200 188 187
2 46 2353 -277.9000 295.9600 47 1751 -292.5300 262.5000
7.9389623714e-001 1.6020930933e+000 -8.5767110861e+000
163 132 84
2 46 2355 151.4399 304.2700 47 1873 131.2900 294.1300
-1.1858386123e+000 1.2001170141e+000 -6.9915015747e+000
167 78 82
2 46 2357 -275.8400 279.6500 47 1878 -292.3500 243.7300
9.3035306009e-001 1.4142351631e+000 -8.4031129355e+000
165 150 100
2 46 2363 180.6000 274.2000 47 1754 158.5400 259.4100
8.5585818938e-001 1.0838841081e+000 -7.9664378162e+000
169 162 148
2 46 2371 175.6600 221.5900 47 1885 148.3900 198.0500
-9.9096730069e-001 8.0591688764e-001 -6.6081730489e+000
202 189 191
2 46 2373 -244.7100 198.7600 47 1784 -263.2800 151.3800
1.1472452104e+000 9.5566052994e-001 -8.0607615201e+000
103 103 94
2 46 2374 232.5100 193.0700 47 1781 202.8300 170.4400
1.0290626483e+000 7.6501640040e-001 -7.6627949439e+000
153 157 135
2 46 2377 219.3400 162.5800 47 1787 186.5601 131.6200
-2.1999905307e+001 4.6454172653e+000 -5.1633874175e+001
243 49 89
2 46 2378 -694.3200 146.6000 47 1868 -693.2400 318.7100
1.6708319421e-002 6.3910474547e-001 -7.0635155664e+000
75 87 72
2 46 2382 3.8000 147.4400 47 1792 -24.0800 107.8400
8.9337323064e-001 6.5671490992e-001 -7.4796674690e+000
178 173 144
2 46 2386 194.0500 143.1700 47 1793 162.3400 108.5200
-2.4519492501e+001 3.1248073597e+000 -5.2144655648e+001
83 74 139
2 46 2389 -766.6700 97.6500 47 1874 -764.5300 271.6700
-2.2694054116e-002 5.2200669541e-001 -6.9185582812e+000
74 89 71
2 46 2390 -5.3300 122.9400 47 1794 -34.5500 80.3300
-2.2694054116e-002 5.2200669541e-001 -6.9185582812e+000
74 89 71
2 46 2391 -5.3300 122.9400 47 1795 -34.5500 80.3300
1.7493759528e-001 2.1788550223e-001 -6.6288593369e+000
185 169 113
2 46 2396 42.9300 53.5700 47 1801 7.7800 3.5500
1.7493759528e-001 2.1788550223e-001 -6.6288593369e+000
185 169 113
2 46 2397 42.9300 53.5700 47 1802 7.7800 3.5500
2.5253348951e-001 9.6072287787e-002 -6.5224095206e+000
177 166 103
2 46 2399 63.2800 23.9700 47 1805 24.9100 -28.4500
2.5253348951e-001 9.6072287787e-002 -6.5224095206e+000
177 166 103
2 46 2400 63.2800 23.9700 47 1806 24.9100 -28.4500
4.9918707453e-001 1.0831594369e-001 -6.6486052103e+000
174 164 96
2 46 2402 122.5500 26.5100 47 1808 82.1600 -23.9800
4.9918707453e-001 1.0831594369e-001 -6.6486052103e+000
174 164 96
2 46 2403 122.5500 26.5100 47 1809 82.1600 -23.9800
3.1104859849e-001 -2.7216894711e-001 -6.4280350801e+000
68 56 29
2 46 2422 79.2500 -69.0600 47 1639 35.7000 -119.1300
-2.3832184713e+001 -3.9300556012e+000 -4.3002773434e+001
216 210 254
2 46 2431 -903.2500 -148.9200 47 1904 -896.0300 23.9200
-7.4652531971e-001 -5.1508803597e-001 -6.0475305604e+000
68 67 55
2 46 2433 -201.1900 -138.7800 47 1819 -231.1900 -187.5100
-7.4652531971e-001 -5.1508803597e-001 -6.0475305604e+000
68 67 55
2 46 2434 -201.1900 -138.7800 47 1820 -231.1900 -187.5100
-2.5851950035e-001 -5.3581815101e-001 -6.3866051800e+000
128 111 69
2 46 2435 -66.1400 -136.6800 47 1655 -102.3900 -178.5400
1.7238611249e-001 -8.9856448012e-001 -6.9587644618e+000
82 68 34
2 46 2444 40.2100 -210.3800 47 1670 -1.5100 -233.0900
8.6498969189e-002 -1.1406551419e+000 -7.1971156588e+000
85 72 40
2 46 2447 19.2300 -258.1900 47 1673 -21.1000 -270.2000
1.3404819175e+000 -1.6054283530e+000 -8.3604471723e+000
83 65 50
2 46 2455 260.6600 -312.7700 47 1688 210.1000 -303.6400
-1.5628800819e+000 -1.5433371983e+000 -6.7060185750e+000
91 77 50
2 46 2469 -379.4600 -375.0300 47 1698 -398.7500 -375.7500
-1.5575849693e+001 -1.1900007889e+001 -3.8330789967e+001
74 47 105
2 46 2475 -661.5300 -505.8900 47 1842 -656.5000 -330.6800
-2.1263263861e+000 2.0515173620e+000 -7.6239824671e+000
181 173 137
2 46 2482 -455.3600 438.5200 47 1948 -461.5000 425.8700
-1.5558916399e+000 2.2062740712e+000 -8.1507404562e+000
179 166 113
2 46 2483 -311.3300 441.0900 47 1719 -319.7100 437.2500
2.1629112666e-001 2.0064344933e+000 -8.8043963242e+000
176 147 116
2 46 2490 40.8700 371.2100 47 1867 25.7300 369.6500
2.1629112666e-001 2.0064344933e+000 -8.8043963242e+000
176 147 116
2 46 2491 40.8700 371.2100 47 1866 25.7300 369.6500
7.9129948126e-001 1.5162665199e+000 -8.4781775085e+000
87 90 75
2 46 2497 152.4700 291.3500 47 1875 131.7400 279.0700
-8.9880615582e-001 8.7101930797e-001 -6.7100713064e+000
166 72 73
2 46 2505 -217.5600 211.4400 47 1978 -238.6300 166.3900
-8.9880615582e-001 8.7101930797e-001 -6.7100713064e+000
166 72 73
2 46 2506 -217.5600 211.4400 47 1979 -238.6300 166.3900
1.0093874708e+000 6.0963329815e-001 -7.4566980460e+000
83 96 68
2 46 2513 221.3600 133.0700 47 1989 185.3700 97.8600
1.1803567927e+000 5.2948293027e-001 -7.4752361590e+000
99 115 76
2 46 2518 257.8900 115.3000 47 1992 220.2100 79.9100
4.1628755026e-001 1.1491989324e-001 -6.6322595757e+000
175 166 95
2 46 2523 102.3000 28.2300 47 1907 63.2200 -22.2700
-2.5738206113e+001 -2.8223138996e+000 -4.5037888540e+001
76 51 115
2 46 2537 -931.2000 -102.1100 47 1895 -925.2700 72.5800
-2.4751303506e+001 -3.0044123048e+000 -4.3750626504e+001
194 183 239
2 46 2538 -922.0200 -111.9000 47 1896 -915.5400 61.6200
-2.1030956108e+001 -3.3612201687e+000 -4.7312048454e+001
82 60 132
2 46 2539 -725.0100 -115.7500 47 1993 -719.6300 53.4300
-2.2983177746e+001 -4.2033167438e+000 -3.9264608107e+001
107 69 122
2 46 2549 -953.6300 -174.4300 47 1903 -945.5900 -2.5700
7.0824390339e-002 -6.9395437769e-001 -6.7639488132e+000
136 116 74
2 46 2553 16.5300 -167.0900 47 1929 -22.7200 -197.9800
7.0824390339e-002 -6.9395437769e-001 -6.7639488132e+000
136 116 74
2 46 2554 16.5300 -167.0900 47 1928 -22.7200 -197.9800
1.2049332614e+000 -1.5812497213e+000 -8.2763381215e+000
69 62 44
2 46 2566 236.5200 -311.1700 47 1840 187.2400 -302.9700
-1.9941092869e+001 -8.1016585612e+000 -3.8187093107e+001
225 43 84
2 46 2567 -849.6800 -345.6900 47 1917 -842.0100 -172.8100
-1.5301573248e+001 -8.7103140995e+000 -4.1676568449e+001
222 49 82
2 46 2568 -597.5800 -340.5800 47 1918 -595.5700 -173.5200
-6.7667676881e-001 2.0117417050e+000 -8.3482110359e+000
183 166 142
2 46 2584 -131.5500 392.6000 47 2035 -144.4900 387.0600
5.4825286564e-001 1.5128375484e+000 -8.3430049126e+000
170 148 101
2 46 2588 107.6801 295.3700 47 1967 87.0200 281.7200
-8.2278139895e-001 8.2853859468e-001 -6.6796811636e+000
202 185 185
2 46 2594 -200.7600 202.1200 47 1980 -221.2700 155.6000
-8.2278139895e-001 8.2853859468e-001 -6.6796811636e+000
202 185 185
2 46 2595 -200.7600 202.1200 47 1981 -221.2700 155.6000
-6.4211376935e-001 7.8280046397e-001 -6.7001848932e+000
204 178 118
2 46 2596 -156.2200 190.3800 47 1982 -178.5700 143.4200
8.7735368548e-001 7.2817700448e-001 -7.5436229642e+000
142 148 89
2 46 2600 189.8900 157.2200 47 1986 157.4399 124.3300
3.0415665775e-001 4.7070896840e-001 -7.0180186282e+000
148 109 72
2 46 2604 70.7400 109.2700 47 1991 38.2900 67.6500
1.3277711965e+000 3.4417615538e-001 -7.3604290512e+000
176 169 148
2 46 2612 294.5000 76.0800 47 1996 252.7900 38.0400
1.5267317836e+000 3.8513348380e-001 -7.4618704229e+000
129 143 117
2 46 2613 333.5900 84.0600 47 2057 292.1300 46.8200
-2.6175748934e+001 -8.5186553401e-001 -4.5506268724e+001
233 68 122
2 46 2620 -937.5900 -30.5100 47 1890 -932.8600 144.3000
-2.5345165315e+001 -1.7440411287e+000 -4.4587656237e+001
74 52 114
2 46 2622 -926.4400 -63.7400 47 1984 -921.1100 110.1200
-7.9506420544e-001 -6.5304487746e-001 -6.1391112411e+000
76 69 61
2 46 2636 -211.3000 -173.3000 47 1925 -240.3800 -215.7000
-6.5537684986e-001 -7.3827954311e-001 -6.3328918778e+000
108 96 74
2 46 2637 -169.2600 -189.8800 47 1927 -199.7200 -225.9200
-1.8070966345e+001 -6.9699984402e+000 -4.5560525333e+001
59 34 64
2 46 2644 -646.5500 -249.2700 47 2000 -641.9800 -81.1000
-1.6462141712e+001 -5.9678147449e+000 -4.2487123582e+001
226 44 85
2 46 2645 -631.2100 -228.8800 47 1999 -627.9100 -64.0600
-1.5787571887e+001 -6.3990792122e+000 -4.2945968247e+001
174 54 73
2 46 2646 -599.3100 -242.7800 47 2002 -595.6600 -78.3500
-1.9566738009e+001 -7.1146913448e+000 -4.3138568947e+001
197 26 70
2 46 2648 -739.0200 -268.7400 47 1909 -733.0300 -98.4600
-1.7528776120e+001 -6.9170822353e+000 -3.9522883927e+001
62 40 96
2 46 2649 -722.5200 -285.1800 47 2004 -716.8900 -117.8700
-1.6824232805e+001 -6.9346984505e+000 -4.3308445535e+001
205 35 66
2 46 2650 -633.0800 -260.9100 47 2001 -629.0900 -94.4400
-1.8155093489e+001 -7.9991918473e+000 -4.0589064583e+001
71 51 115
2 46 2652 -728.6900 -321.1300 47 2005 -722.4600 -151.3100
-1.5856408302e+001 -7.9733429954e+000 -4.1178401049e+001
226 42 76
2 46 2653 -626.8700 -315.5300 47 2006 -624.0600 -148.9100
-1.6163409312e+001 -9.6379058348e+000 -4.3670227207e+001
208 34 64
2 46 2657 -602.7400 -359.6300 47 2007 -599.8300 -190.1000
-1.6819796152e+000 -1.6630667552e+000 -6.7292647503e+000
76 63 44
2 46 2659 -406.6800 -402.7500 47 1944 -424.7600 -399.0700
-1.1349761312e+000 1.5129437758e+000 -7.4814918680e+000
131 72 74
2 46 2668 -246.2400 329.4200 47 2040 -261.9500 306.2300
-3.3313260495e+001 1.3176977273e+001 -7.8649997114e+001
169 161 178
2 46 2670 -690.3200 273.0000 47 2026 -690.2100 460.0900
-2.3645179331e+001 6.3798985459e+000 -5.4804009175e+001
70 46 94
2 46 2675 -703.5800 189.7000 47 2091 -702.0300 365.0400
3.3997537153e-001 6.2919866176e-001 -7.2120181654e+000
187 167 114
2 46 2679 76.8000 142.1600 47 2050 46.6900 104.5400
1.7157399616e-001 4.8592731931e-001 -6.9233493300e+000
191 173 133
2 46 2680 40.1600 114.4000 47 2051 9.2800 70.6600
5.4545310483e-001 4.5853485275e-001 -7.0584137233e+000
145 101 72
2 46 2681 125.5900 105.9100 47 2054 91.9000 63.5600
1.5789270303e+000 2.9322424314e-001 -7.4063485556e+000
140 155 132
2 46 2687 347.9900 64.3800 47 2061 303.7000 26.2900
-2.3910173980e+001 1.2677043738e+000 -4.9267301516e+001
210 25 67
2 46 2689 -791.3500 41.9300 47 2043 -788.1800 214.3800
-2.5095116204e+001 -1.7489919456e+000 -4.3308457794e+001
253 201 233
2 46 2698 -944.8200 -65.8200 47 1983 -938.3800 107.7200
-2.6161511218e+001 -1.2246781621e+000 -4.7276786566e+001
90 70 155
2 46 2699 -901.0800 -42.2000 47 2046 -898.1600 132.5800
-4.2984929067e-001 -8.5128653937e-001 -6.5582735011e+000
103 89 63
2 46 2709 -106.2000 -211.5900 47 2013 -142.5100 -240.4700
-1.7319605148e+001 -8.6085482748e+000 -3.8201533303e+001
66 45 107
2 46 2717 -738.6800 -367.1900 47 2074 -731.4700 -197.1400
-1.8032677486e+001 -9.5731139055e+000 -3.8672141424e+001
206 31 70
2 46 2719 -759.1200 -403.3700 47 2076 -752.0600 -230.4000
-1.6974262675e+001 -1.1311429202e+001 -3.7055453140e+001
49 35 69
2 46 2722 -744.9800 -497.4200 47 2015 -738.6400 -321.0500
-1.8226761119e+000 1.9420029127e+000 -7.6447091788e+000
94 119 90
2 46 2723 -388.3300 413.9200 47 2134 -397.9000 399.6000
-1.3893240460e+000 1.4866286738e+000 -7.3072667393e+000
135 71 66
2 46 2730 -309.8800 331.5100 47 2093 -322.4600 305.2800
-1.2052331831e+000 1.3644516427e+000 -7.2079083258e+000
176 136 141
2 46 2732 -272.7400 308.4800 47 2137 -286.5400 278.3100
-2.9157544771e+001 7.1945886756e+000 -5.0805134510e+001
254 67 123
2 46 2735 -936.4800 230.7200 47 2087 -936.8400 413.4100
-7.7175671475e-001 9.2616273804e-001 -6.7889034325e+000
160 68 69
2 46 2738 -184.9300 222.2600 47 2101 -205.8500 178.2300
-2.8409731488e+001 6.2209031282e+000 -5.0183697373e+001
82 62 125
2 46 2741 -924.0400 201.9600 47 2089 -922.9500 382.8700
-2.6270047517e+001 6.9126324648e+000 -5.5379846734e+001
230 42 84
2 46 2743 -774.1300 203.4000 47 2031 -772.2900 381.9800
-7.3507629486e-001 7.6647955263e-001 -6.6331468892e+000
157 66 67
2 46 2747 -180.4200 188.2700 47 2104 -202.6100 140.0500
-1.2774004261e-001 8.1445612741e-001 -7.2914242348e+000
84 81 62
2 46 2748 -28.0500 181.9400 47 2105 -53.6200 148.9500
-1.2774004261e-001 8.1445612741e-001 -7.2914242348e+000
84 81 62
2 46 2749 -28.0500 181.9400 47 2106 -53.6200 148.9500
-4.4368088993e-001 6.3890063998e-001 -6.8624676665e+000
193 183 181
2 46 2751 -104.8600 151.6400 47 2113 -130.4800 109.7000
9.0125149316e-001 4.6974013353e-001 -7.2649870966e+000
172 157 108
2 46 2753 203.0400 105.1900 47 2115 165.0601 66.5900
2.2976794163e-001 3.7983051590e-001 -6.7846439132e+000
188 173 126
2 46 2754 54.3200 91.3600 47 2116 22.4900 43.6800
2.8878079329e-001 2.4244426023e-001 -6.6710004642e+000
184 169 108
2 46 2755 70.4700 59.2300 47 2143 34.4800 9.3300
-2.0252340542e-001 -6.7426632799e-002 -6.1237931933e+000
165 151 86
2 46 2764 -54.3900 -17.8700 47 2121 -89.0400 -77.7700
-2.3134176600e+001 -4.0521505897e+000 -4.1982505641e+001
173 163 216
2 46 2769 -897.6300 -157.2700 47 2117 -891.2100 14.6900
-1.9276440756e+001 -6.0264841998e+000 -4.2298356033e+001
201 27 62
2 46 2771 -743.0500 -232.1500 47 2064 -736.3900 -63.5400
-1.8680916799e+001 -7.5484659129e+000 -4.0803459105e+001
242 50 95
2 46 2772 -745.3300 -301.4500 47 2122 -740.0000 -131.6200
-1.8190619847e+001 -8.4328835861e+000 -3.9114232774e+001
250 56 101
2 46 2773 -757.1700 -351.3100 47 2123 -750.7700 -180.4900
7.1397109217e-001 1.1873778309e+000 -8.0294654551e+000
114 108 100
2 46 2781 145.3500 240.8800 47 2139 120.3400 219.4300
1.0207579883e-001 -1.7866276044e-001 -6.2657457445e+000
76 64 22
2 46 2790 26.3400 -46.4300 47 2148 -13.3600 -101.9800
-1.7276528948e+001 -7.9888028021e+000 -4.1458714121e+001
67 54 124
2 46 2794 -677.6400 -314.0200 47 2149 -675.2000 -145.4300
-1.5581702703e+001 -8.3188804005e+000 -3.9174775079e+001
58 36 74
2 46 2795 -647.7500 -346.0300 47 2150 -643.8300 -179.1500
-8.8309261682e-001 1.1647561420e+000 -7.0230487953e+000
156 70 71
2 46 2804 -205.2600 270.2800 47 2164 -222.2100 232.8900
6.1088395450e-001 9.5474668851e-001 -7.6634179939e+000
177 171 135
2 46 2806 129.1500 203.1300 47 2182 103.5300 173.5900
-2.5981359369e+001 2.3967056176e+000 -4.7127199037e+001
73 53 112
2 46 2807 -898.8000 82.8600 47 2159 -896.6900 258.1400
-2.6146937709e+001 -7.2651122849e-002 -4.5940594329e+001
62 37 67
2 46 2810 -927.0700 -2.5700 47 2166 -924.4000 172.1700
-2.2142138038e+001 -3.8813750391e+000 -4.3886692962e+001
255 62 110
2 46 2816 -822.3000 -144.1100 47 2169 -816.3100 26.5000
8.4715932582e-001 1.9208825772e-002 -6.6965273961e+000
146 148 83
2 46 2827 206.0000 4.7000 47 2188 161.6300 -46.0100
5.9670935138e-001 -4.6483182801e-001 -6.7539958652e+000
129 111 63
2 46 2829 143.0601 -111.9800 47 2190 99.1200 -151.6500
-2.4967826595e+001 -2.5514281490e+000 -4.5470822305e+001
69 47 109
2 46 2839 -895.3500 -91.4400 47 2199 -888.8000 82.2100
1.3579347848e+000 1.6238912973e+000 -8.6543787319e+000
193 197 185
2 46 2846 255.7600 305.7300 47 2206 235.0699 293.3800
1.0981390531e+000 1.7632099858e-001 -7.1123910377e+000
169 156 115
2 46 2851 252.2700 40.2600 47 2228 208.6700 -1.3400
-2.0905581853e+001 -3.4833153398e+000 -4.3668304536e+001
251 53 99
2 46 2852 -779.6400 -129.9800 47 2210 -775.6900 38.7600
-9.1819349005e-001 4.8246347103e-001 -6.4684056172e+000
194 179 137
2 46 2862 -231.5200 121.5600 47 2225 -252.8400 72.1100
-2.8228126103e+001 1.1425333661e+000 -4.9618486976e+001
77 65 136
2 46 2863 -927.0100 37.5200 47 2222 -924.8100 214.9700
