# Bundle file v0.3
60 631
0 0 0
0 0 0
0 0 0
0 0 0
0 0 0
0 0 0
0 0 0
0 0 0
0 0 0
0 0 0
0 0 0
0 0 0
0 0 0
0 0 0
0 0 0
0 0 0
0 0 0
0 0 0
0 0 0
0 0 0
0 0 0
0 0 0
0 0 0
0 0 0
0 0 0
0 0 0
0 0 0
0 0 0
0 0 0
0 0 0
0 0 0
0 0 0
0 0 0
0 0 0
0 0 0
0 0 0
0 0 0
0 0 0
0 0 0
0 0 0
0 0 0
0 0 0
0 0 0
0 0 0
0 0 0
0 0 0
0 0 0
0 0 0
0 0 0
0 0 0
0 0 0
0 0 0
0 0 0
0 0 0
0 0 0
0 0 0
0 0 0
0 0 0
0 0 0
0 0 0
0 0 0
0 0 0
0 0 0
0 0 0
0 0 0
0 0 0
0 0 0
0 0 0
0 0 0
0 0 0
0 0 0
0 0 0
0 0 0
0 0 0
0 0 0
0 0 0
0 0 0
0 0 0
0 0 0
0 0 0
0 0 0
0 0 0
0 0 0
0 0 0
0 0 0
0 0 0
0 0 0
0 0 0
0 0 0
0 0 0
0 0 0
0 0 0
0 0 0
0 0 0
0 0 0
0 0 0
0 0 0
0 0 0
0 0 0
0 0 0
0 0 0
0 0 0
0 0 0
0 0 0
0 0 0
0 0 0
0 0 0
0 0 0
0 0 0
0 0 0
0 0 0
0 0 0
0 0 0
0 0 0
0 0 0
0 0 0
0 0 0
0 0 0
0 0 0
0 0 0
0 0 0
0 0 0
0 0 0
0 0 0
0 0 0
0 0 0
0 0 0
0 0 0
0 0 0
0 0 0
0 0 0
0 0 0
0 0 0
0 0 0
0 0 0
0 0 0
0 0 0
0 0 0
0 0 0
0 0 0
0 0 0
0 0 0
0 0 0
0 0 0
0 0 0
0 0 0
0 0 0
0 0 0
0 0 0
0 0 0
0 0 0
0 0 0
0 0 0
0 0 0
0 0 0
0 0 0
0 0 0
0 0 0
0 0 0
0 0 0
0 0 0
0 0 0
0 0 0
0 0 0
0 0 0
0 0 0
0 0 0
0 0 0
0 0 0
0 0 0
0 0 0
0 0 0
0 0 0
0 0 0
0 0 0
0 0 0
0 0 0
0 0 0
0 0 0
0 0 0
0 0 0
0 0 0
0 0 0
0 0 0
0 0 0
0 0 0
0 0 0
0 0 0
0 0 0
0 0 0
0 0 0
0 0 0
0 0 0
0 0 0
0 0 0
0 0 0
0 0 0
0 0 0
0 0 0
0 0 0
0 0 0
0 0 0
0 0 0
0 0 0
0 0 0
0 0 0
0 0 0
0 0 0
0 0 0
0 0 0
0 0 0
0 0 0
0 0 0
0 0 0
0 0 0
0 0 0
0 0 0
0 0 0
0 0 0
0 0 0
0 0 0
0 0 0
0 0 0
0 0 0
0 0 0
0 0 0
0 0 0
0 0 0
0 0 0
0 0 0
1.7085607718e+003 2.3119279827e-002 -7.0834160485e-002
9.9984296897e-001 4.0865514809e-003 -1.7243477256e-002
-4.0413600732e-003 9.9998830961e-001 2.6548156488e-003
1.7254124714e-002 -2.5847116599e-003 9.9984779564e-001
-1.1737117538e-001 3.2118522148e-002 -3.8482358349e-001
1.7027329911e+003 2.4356429477e-002 -7.2244828771e-002
9.9905063342e-001 3.8781918596e-002 -1.9844259734e-002
-4.0584412179e-002 9.9412114840e-001 -1.0037951877e-001
1.5834687950e-002 1.0108958943e-001 9.9475130438e-001
-2.8448075048e-001 -8.4568840417e-001 -7.5796073852e-001
0 0 0
0 0 0
0 0 0
0 0 0
0 0 0
0 0 0
0 0 0
0 0 0
0 0 0
0 0 0
0 0 0
0 0 0
0 0 0
0 0 0
0 0 0
0 0 0
0 0 0
0 0 0
0 0 0
0 0 0
0 0 0
0 0 0
0 0 0
0 0 0
0 0 0
0 0 0
0 0 0
0 0 0
0 0 0
0 0 0
0 0 0
0 0 0
0 0 0
0 0 0
0 0 0
0 0 0
0 0 0
0 0 0
0 0 0
0 0 0
0 0 0
0 0 0
0 0 0
0 0 0
0 0 0
0 0 0
0 0 0
0 0 0
0 0 0
0 0 0
0 0 0
0 0 0
0 0 0
0 0 0
0 0 0
0 0 0
0 0 0
0 0 0
0 0 0
0 0 0
4.3914684249e-001 -8.4262130844e-001 -7.0583863255e+000
82 70 46
2 46 2555 101.0699 -191.0800 47 1828 56.8400 -215.2200
4.3914684249e-001 -8.4262130844e-001 -7.0583863255e+000
82 70 46
2 46 2556 101.0699 -191.0800 47 1829 56.8400 -215.2200
4.6992905578e-001 -9.5480577533e-001 -7.2337013675e+000
134 116 66
2 46 2560 106.1300 -212.0300 47 1936 61.9900 -230.4600
-1.1932362309e+000 -6.6637177794e-001 -5.8914317311e+000
70 62 53
2 46 2214 -329.5700 -175.2300 47 1292 -351.8600 -220.8300
-1.0355022835e+000 -5.8403949742e-001 -5.8855167507e+000
134 114 106
2 46 2432 -286.6900 -153.2300 47 1825 -312.0400 -202.2300
5.8459967331e-002 -6.1222767994e-001 -6.6458780380e+000
82 65 35
2 46 2436 12.8300 -145.4000 47 1821 -26.9200 -181.0200
-1.0073617053e+000 -8.1604972643e-001 -6.1303186634e+000
136 118 110
2 46 2557 -267.6500 -208.4900 47 1831 -294.3600 -245.2600
-1.1631494314e+000 -7.2345307577e-001 -5.9672520984e+000
135 114 103
2 46 2708 -316.7800 -188.6200 47 2012 -340.8600 -230.7900
7.5397739973e-001 -5.4033271666e-001 -6.9228928067e+000
74 67 43
2 46 2430 176.5601 -124.1200 47 1651 129.7600 -159.2300
9.7250127400e-002 -4.0190215624e-001 -6.4294096900e+000
124 109 71
2 46 341 22.2600 -97.1400 47 365 -17.7300 -142.9800
-1.1103941735e+000 -7.8241248138e-001 -6.0533684741e+000
125 115 106
2 46 642 -298.3600 -201.8600 47 576 -323.3500 -240.6600
4.1033546807e-001 -4.7651269674e-001 -6.6972858469e+000
128 113 74
2 46 1532 97.9900 -112.0300 47 370 54.9800 -151.5500
-9.5837905824e-001 -5.6434162085e-001 -5.9036075167e+000
139 116 108
2 46 2204 -264.0000 -147.6500 47 1298 -292.3800 -197.0100
-1.0870078312e+000 -8.0345414947e-001 -6.0777563538e+000
72 65 61
2 46 2230 -290.8700 -206.7200 47 1351 -316.5700 -244.5300
2.6306646434e-001 -5.7617135389e-001 -6.6995303366e+000
142 122 71
2 46 2632 62.5400 -135.9200 47 1922 20.2200 -172.3600
1.1452179359e-002 -3.0675919329e-001 -6.2563110140e+000
118 102 51
2 46 2704 0.9800 -75.0800 47 2070 -39.8800 -126.8900
-1.1865037916e+000 -6.0623957672e-001 -5.8406642323e+000
71 65 54
2 46 463 -330.3400 -160.1700 47 490 -353.0300 -208.7300
-9.7480170772e-001 -6.6034932304e-001 -5.9986980556e+000
73 62 56
2 46 1640 -264.8300 -171.1000 47 496 -291.7400 -215.4200
7.7621544732e-004 -4.1602785377e-001 -6.3682389312e+000
82 67 35
2 46 1516 -2.0500 -101.4600 47 1231 -41.5000 -147.9900
7.9195025626e-001 -5.7871607089e-001 -7.0162942849e+000
117 108 63
2 46 1534 183.4000 -131.5300 47 375 136.6200 -163.9200
6.0740674973e-001 -1.0593204874e+000 -7.3708456182e+000
129 115 77
2 46 1836 135.4301 -231.7100 47 632 88.8300 -246.2400
-7.9518382745e-001 -1.4171149326e+000 -6.9535639645e+000
126 116 81
2 46 1965 -185.7700 -325.9200 47 1448 -216.8200 -331.7800
3.1024265030e-001 -9.8395920196e-001 -7.1221527783e+000
143 122 77
2 46 2642 71.2600 -221.6100 47 1935 27.3800 -240.6600
-6.8713913313e-002 -7.0708807270e-001 -6.6369530361e+000
130 114 81
2 46 1667 -18.1300 -168.5300 47 1320 -57.0300 -201.5800
-3.6982619178e-002 -5.3920582651e-001 -6.4929736382e+000
94 80 53
2 46 2193 -11.1600 -130.2500 47 1659 -49.9100 -170.6300
-3.6132822490e-001 -8.3276376983e-001 -6.5829284528e+000
89 75 58
2 46 2234 -90.4600 -200.2200 47 1363 -125.9100 -229.9200
1.0606791486e-001 -2.8103637553e-001 -6.3021242451e+000
84 76 47
2 46 2409 24.7200 -68.0400 47 1634 -15.6600 -119.9100
-1.0513896542e+000 -6.1696319573e-001 -5.9028074143e+000
72 64 55
2 46 2203 -290.3300 -161.7200 47 1297 -315.1800 -209.3400
4.0264408737e-001 -5.8026655920e-001 -6.7538373554e+000
90 74 48
2 46 1601 95.6500 -136.0700 47 1276 51.9500 -172.1600
3.2523768849e-001 -6.2679100058e-001 -6.7764553966e+000
77 61 36
2 46 1600 77.0699 -146.7000 47 454 33.8300 -180.6800
-4.2060130117e-001 -9.1246071786e-001 -6.6462430248e+000
140 124 99
2 46 654 -103.8200 -217.7600 47 586 -138.6700 -243.7900
1.0606791486e-001 -2.8103637553e-001 -6.3021242451e+000
84 76 47
2 46 2410 24.7200 -68.0400 47 1635 -15.6600 -119.9100
-8.4040721694e-001 -1.6812241865e+000 -7.3519862089e+000
60 54 51
2 46 2718 -185.7400 -367.6200 47 2081 -214.6800 -360.4900
-8.8858456515e-001 -8.7230136904e-001 -6.2274455355e+000
70 65 59
2 46 2232 -231.9900 -220.2800 47 1355 -262.3700 -253.9600
-2.5058709110e-001 -3.2433870508e-001 -6.1643733836e+000
122 106 64
2 46 2624 -68.6800 -80.2000 47 1915 -104.4000 -132.5900
9.1025459578e-001 -2.0537121243e-001 -6.6892420941e+000
93 94 63
2 46 1403 219.8300 -47.1700 47 1158 172.0400 -95.3400
-3.1453121864e-001 -6.9954576722e-001 -6.4696569616e+000
80 64 38
2 46 1652 -80.4300 -170.3200 47 1305 -116.6800 -205.9500
-8.4970777062e-002 -8.9367412179e-001 -6.7850891308e+000
134 119 87
2 46 1733 -21.3300 -209.6200 47 597 -60.2600 -235.3100
-3.7703444754e-001 -7.9580054592e-001 -6.5243827854e+000
136 121 91
2 46 1654 -95.2300 -192.7200 47 1304 -130.6400 -224.5200
-3.7703444754e-001 -7.9580054592e-001 -6.5243827854e+000
136 121 91
2 46 1655 -95.2300 -192.7200 47 1303 -130.6400 -224.5200
3.2096603034e-001 -2.8789902883e-001 -6.4117751033e+000
68 56 29
2 46 2421 79.2500 -69.0600 47 1640 35.7000 -119.1300
-1.4809479151e-001 -7.4642733037e-001 -6.5883421308e+000
145 125 93
2 46 1664 -37.8200 -179.2300 47 1317 -76.3600 -212.1400
-1.0073617053e+000 -8.1604972643e-001 -6.1303186634e+000
136 118 110
2 46 2558 -267.6500 -208.4900 47 1832 -294.3600 -245.2600
1.7148441697e+000 -7.3738522087e-001 -7.8239821340e+000
58 49 42
2 46 2634 361.7400 -153.3300 47 1923 308.6200 -171.2400
-1.0495596453e+000 -7.1303468197e-001 -6.0081032467e+000
67 64 57
2 46 2793 -284.0500 -184.8500 47 2125 -310.5600 -226.9900
-3.9045893970e-001 -9.1419538540e-001 -6.6171865177e+000
101 84 70
2 46 1722 -96.7400 -219.1500 47 1360 -132.7700 -246.0400
-9.3626941308e-001 -7.8573262399e-001 -6.1400549911e+000
135 119 109
2 46 2440 -248.7400 -200.3400 47 1833 -276.2400 -238.1500
-1.0878804474e+000 -5.3933720279e-001 -5.8235572716e+000
73 65 55
2 46 465 -304.4000 -142.3300 47 430 -328.1900 -193.8800
3.8814579630e-001 -4.5341069434e-001 -6.6521861162e+000
82 68 39
2 46 397 93.1600 -107.0900 47 368 50.1200 -148.0400
-1.6204352720e-001 -2.5424577185e-001 -6.1330995703e+000
72 63 34
2 46 1388 -46.1700 -62.2600 47 305 -82.3000 -117.8300
6.0740674973e-001 -1.0593204874e+000 -7.3708456182e+000
129 115 77
2 46 1837 135.4301 -231.7100 47 633 88.8300 -246.2400
6.4744453183e-001 -1.0372616059e+000 -7.3755547514e+000
83 66 44
2 46 1762 144.2400 -226.7600 47 1375 97.3199 -241.8600
-6.0626750618e-001 -6.3374767138e-001 -6.1658857010e+000
91 81 56
2 46 2630 -161.6400 -160.4000 47 1926 -193.7000 -203.5800
1.4273175884e+000 -2.9500450535e-001 -7.1165842004e+000
79 85 59
2 46 1435 327.3199 -65.7600 47 337 276.2100 -104.8300
5.7881878768e-001 -6.1013755517e-001 -6.8658132999e+000
137 116 65
2 46 2548 136.5601 -141.3800 47 1822 90.3300 -175.2900
-3.2796405715e+001 1.2022847921e+001 -7.3242468356e+001
162 153 174
2 46 2669 -728.1700 276.5200 47 2025 -728.5300 462.8600
-3.0356177195e-001 -2.6053527784e-001 -6.0302826613e+000
56 49 43
2 46 2766 -84.6400 -64.7400 47 2069 -119.9800 -122.2100
-2.6171504420e+001 6.6683122415e+000 -5.7328113435e+001
67 52 111
2 46 2744 -743.0300 195.7600 47 2136 -742.7400 373.6100
-2.7536149835e+001 6.6613365747e+000 -5.6441734216e+001
241 39 87
2 46 2824 -795.6500 198.7000 47 2178 -794.9100 377.9200
-1.2021165508e+000 1.1897255867e+000 -6.9799029400e+000
167 78 82
2 46 2358 -275.8400 279.6500 47 1879 -292.3500 243.7300
1.5634558021e+000 2.5688980844e-001 -7.3805773624e+000
164 178 153
2 46 2136 348.0800 58.1000 47 1611 303.3400 18.4900
1.1180906412e+000 1.2841510428e-001 -7.0083178611e+000
184 179 160
2 46 2135 259.1300 32.0400 47 1908 217.1000 -13.5000
-3.5380006384e-001 -8.7340336287e-001 -6.6117048692e+000
136 120 97
2 46 657 -88.0100 -209.3800 47 589 -124.0400 -237.5600
-1.1527082110e+000 1.1342111775e+000 -6.9206153138e+000
204 185 186
2 46 2498 -267.7700 269.0500 47 1880 -283.0900 231.1000
7.9077756314e-001 -4.8383152634e-001 -6.9233967196e+000
66 60 28
2 46 401 185.1700 -110.9000 47 371 138.5699 -147.2300
-2.2973722243e-001 1.7530726142e+000 -8.3210122005e+000
132 90 74
2 46 2494 -38.4300 346.1800 47 1871 -54.1300 334.9500
2.3974480038e-001 1.6191708697e+000 -8.4257005976e+000
112 125 95
2 46 2495 52.9800 316.0000 47 1960 35.4000 303.8200
2.3974480038e-001 1.6191708697e+000 -8.4257005976e+000
112 125 95
2 46 2496 52.9800 316.0000 47 1961 35.4000 303.8200
1.4277214188e+000 9.8767869754e-001 -8.2476828276e+000
163 168 159
2 46 2507 289.3800 197.0400 47 1889 258.9399 174.6900
8.0939860218e-001 -4.3257730489e-001 -6.8822532961e+000
71 65 41
2 46 1458 190.6500 -99.4700 47 1236 143.6600 -137.8100
-1.1348011778e+000 -6.9290176708e-001 -5.9379238880e+000
131 113 99
2 46 1638 -311.0000 -181.2400 47 1296 -334.8900 -225.3000
-1.0341526572e+000 -7.9056586820e-001 -6.0991764684e+000
75 69 62
2 46 1713 -276.0700 -202.7200 47 1350 -302.2800 -240.7000
5.1345407198e-001 -6.9126177313e-001 -6.9823349839e+000
93 78 55
2 46 1608 119.0900 -157.9000 47 456 74.8900 -187.1200
-7.9691722777e-001 -1.3335350960e+000 -6.8337970824e+000
96 81 57
2 46 2272 -189.7600 -311.4300 47 1412 -220.4800 -321.5400
-1.1935723825e+000 -1.4923260450e+000 -6.7908793659e+000
79 66 47
2 46 2292 -285.2600 -350.5100 47 1435 -310.8700 -354.9000
1.6944713860e+000 7.7217390392e-002 -7.2424754905e+000
140 147 129
2 46 2696 382.9301 18.7900 47 2063 334.5200 -23.8600
-2.0898715450e+001 1.3945913295e+000 -4.9981636522e+001
222 43 76
2 46 2522 -679.5000 46.5100 47 1881 -677.8100 215.7300
-1.8644562281e+001 -1.2732937798e+000 -4.7336811688e+001
254 188 117
2 46 2532 -639.6800 -46.0200 47 1891 -636.9000 120.0600
7.8955613051e-001 1.7415999552e-001 -6.8815516925e+000
166 163 103
2 46 2756 186.3000 43.5900 47 2119 145.8600 -3.1600
1.4330079414e+000 2.3162450746e-001 -7.2862360770e+000
76 82 69
2 46 2786 322.3199 53.3900 47 2144 278.5800 12.3300
-2.7595107502e+001 7.8031210828e+000 -6.2377010076e+001
209 196 210
2 46 2673 -719.9600 210.5600 47 2032 -718.5800 390.3800
-2.2317565260e+001 3.0233380820e+000 -5.1466727795e+001
65 39 82
2 46 2603 -705.5200 98.6000 47 1965 -703.5600 270.0800
-2.1448764493e+001 2.4750411192e+000 -5.0892833896e+001
238 42 84
2 46 2611 -685.2300 81.4900 47 1973 -683.1000 251.7200
-2.4332723970e+001 1.8996089845e+000 -4.8382040156e+001
221 42 80
2 46 2609 -820.9400 66.1600 47 1968 -818.9700 239.3000
-2.3725662519e+001 1.6464375132e+000 -5.0152193753e+001
129 162 218
2 46 2616 -771.4100 55.1400 47 1971 -769.3600 227.7000
-2.3024576068e+001 2.0097693984e+000 -4.9522817396e+001
60 44 89
2 46 2610 -757.9400 68.1700 47 1972 -755.6400 239.9300
-2.3843321012e+001 1.5575389372e+000 -4.8244078496e+001
133 164 219
2 46 2614 -806.6800 54.3700 47 1969 -804.2800 226.8500
-2.3843321012e+001 1.5575389372e+000 -4.8244078496e+001
133 164 219
2 46 2615 -806.6800 54.3700 47 1970 -804.2800 226.8500
-3.0356177195e-001 -2.6053527784e-001 -6.0302826613e+000
56 49 43
2 46 2767 -84.6400 -64.7400 47 2068 -119.9800 -122.2100
-2.7447309534e+001 6.9061391071e+000 -5.4036413034e+001
253 55 103
2 46 2742 -829.0000 215.1800 47 2090 -828.2800 394.5700
-2.3220592192e+001 5.4173190420e-001 -4.5112577084e+001
245 49 95
2 46 2757 -841.6800 20.4300 47 2095 -836.7900 191.6600
-2.0620210996e+001 -2.5772224181e-001 -4.7045992451e+001
254 204 99
2 46 2759 -713.8400 -9.5700 47 2097 -710.8700 158.7400
-2.0620210996e+001 -2.5772224181e-001 -4.7045992451e+001
254 204 99
2 46 2760 -713.8400 -9.5700 47 2098 -710.8700 158.7400
-1.9209431848e+001 -6.6453575005e-001 -4.8284217242e+001
246 55 91
2 46 2761 -646.2200 -23.8600 47 2102 -643.5200 142.9900
-1.9209431848e+001 -6.6453575005e-001 -4.8284217242e+001
246 55 91
2 46 2762 -646.2200 -23.8600 47 2103 -643.5200 142.9900
-1.9926857307e+001 2.1910297429e-001 -4.7060014595e+001
71 38 83
2 46 2758 -689.2500 7.4200 47 2099 -685.8200 174.8300
-2.3642603094e+001 2.3103952992e+000 -4.9047758506e+001
142 204 252
2 46 2809 -786.2900 79.2500 47 2161 -784.2400 251.7600
-2.3642603094e+001 2.3103952992e+000 -4.9047758506e+001
142 204 252
2 46 2808 -786.2900 79.2500 47 2160 -784.2400 251.7600
-1.0570876104e+000 9.3542793425e-001 -6.7171842678e+000
159 72 72
2 46 1253 -253.3000 229.0600 47 1557 -270.9600 185.4900
6.0642773734e-001 1.2315822407e+000 -8.0952492309e+000
102 96 84
2 46 1258 127.8300 250.1800 47 1541 104.0500 229.0500
9.6054772662e-001 1.0702137456e+000 -8.0789702894e+000
154 153 148
2 46 1267 200.1400 217.8500 47 1003 171.8199 194.6500
1.3057431114e-001 2.0352228646e-001 -6.6023672218e+000
72 86 70
2 46 1349 31.3300 53.2200 47 1100 -3.5700 3.2900
3.3638407717e-001 9.1405166723e-002 -6.5731736512e+000
179 163 113
2 46 1364 82.0200 25.7000 47 1125 43.1400 -25.3600
4.3173455521e-001 5.4503960050e-002 -6.5618431608e+000
144 95 75
2 46 251 105.3400 16.6100 47 1129 65.3500 -35.2000
7.0732133056e-001 1.1589425617e-001 -6.7696375007e+000
141 86 66
2 46 1358 169.1600 30.4400 47 1130 127.9500 -18.1700
-8.5217749443e-001 9.9212492374e-001 -6.8758837036e+000
198 199 192
2 46 2084 -198.6300 237.1300 47 1550 -218.3100 196.3500
6.6561451466e-001 1.3799575190e+000 -8.3347774242e+000
128 122 110
2 46 2065 137.1500 272.2500 47 1753 114.5200 255.7900
8.9921803033e-001 8.9713099064e-001 -7.8112930080e+000
87 83 82
2 46 2094 191.4700 189.1900 47 1779 163.3199 160.3500
1.0715908628e+000 1.0059711925e+000 -8.0622181387e+000
92 92 89
2 46 2095 223.3400 205.1700 47 1780 192.9800 181.2200
1.7504246402e+000 5.3507448839e-002 -7.2149244763e+000
175 182 169
2 46 1370 397.3400 13.3800 47 1618 346.9301 -29.9900
1.7504246402e+000 5.3507448839e-002 -7.2149244763e+000
175 182 169
2 46 1371 397.3400 13.3800 47 1619 346.9301 -29.9900
9.3622277193e-001 -2.3156168481e-001 -6.7293868443e+000
65 65 39
2 46 1410 224.9100 -53.2500 47 1162 177.0400 -100.0900
1.1058458035e+000 -6.3152510310e-001 -7.2273440146e+000
94 93 65
2 46 1626 250.3500 -140.3800 47 473 199.9000 -168.9200
-9.9730506699e-001 7.9271044129e-001 -6.5775965674e+000
202 189 191
2 46 2372 -244.7100 198.7600 47 1783 -263.2800 151.3800
8.9830251193e-001 1.1430283578e+000 -8.1984028972e+000
107 106 103
2 46 2370 185.5900 229.2600 47 1884 158.3500 209.0600
1.9098954778e-001 1.0113859121e-001 -6.5231592170e+000
69 83 61
2 46 2398 46.2300 28.4900 47 1804 9.2700 -23.0800
7.3050616970e-001 -2.4026767891e-001 -6.6193814289e+000
105 101 63
2 46 1399 177.5000 -55.9000 47 1194 131.4301 -104.1500
7.0842727989e-001 -3.0663185968e-001 -6.7028333258e+000
107 101 65
2 46 2180 170.4399 -71.3200 47 1193 124.4900 -115.8400
8.7742584786e-001 -4.1199554485e-001 -6.8726329981e+000
76 71 46
2 46 2183 207.0800 -94.8400 47 1237 159.1200 -134.2800
5.1915392292e-001 -1.0264879586e+000 -7.2864657698e+000
86 74 48
2 46 1756 116.7500 -226.7200 47 628 71.3000 -243.0400
-1.0240259108e+000 -1.3192642492e+000 -6.6978616408e+000
125 109 83
2 46 1896 -248.3300 -313.5500 47 848 -276.2600 -325.0100
-1.4174203360e+000 -1.6321677286e+000 -6.8349996594e+000
109 98 70
2 46 2003 -336.2800 -381.1500 47 1464 -358.7400 -379.7900
-2.1671848202e+000 2.0469375212e+000 -7.6444582060e+000
181 173 137
2 46 2481 -455.3600 438.5200 47 1949 -461.5000 425.8700
-2.2973722243e-001 1.7530726142e+000 -8.3210122005e+000
132 90 74
2 46 2493 -38.4300 346.1800 47 1870 -54.1300 334.9500
-2.2755087552e+000 -7.0627407792e-002 -7.3986925659e+000
195 93 113
2 46 2149 -495.3500 -10.7200 47 1613 -504.5900 -16.8900
-9.9250116637e-001 7.2155385360e-001 -6.4884143494e+000
166 63 67
2 46 2599 -247.7200 183.7900 47 2047 -265.6100 134.0100
7.3446520564e-001 1.1622720505e+000 -8.0880097833e+000
101 98 93
2 46 2592 153.6500 236.3800 47 1977 128.7500 214.3900
1.2913395046e-001 -3.8102062331e-001 -6.3779444598e+000
101 87 58
2 46 2420 30.5200 -92.6400 47 1647 -10.5600 -140.6000
-1.0791859172e+000 8.3290744969e-001 -6.6599234145e+000
171 66 70
2 46 2676 -260.9300 206.1400 47 2045 -279.1000 161.8000
6.3303805593e-001 2.7826371501e-001 -6.8913843397e+000
171 151 102
2 46 2683 149.3400 68.1300 47 2059 111.5601 21.7700
6.3303805593e-001 2.7826371501e-001 -6.8913843397e+000
171 151 102
2 46 2684 149.3400 68.1300 47 2060 111.5601 21.7700
-2.2271463481e+001 5.2177615616e+000 -5.2106533853e+001
240 60 99
2 46 2597 -694.8200 168.3700 47 1956 -693.2500 340.9700
-3.6454794862e-001 -6.7493384549e-001 -6.4711443139e+000
127 109 73
2 46 2638 -93.0500 -164.0500 47 2010 -127.9300 -199.7500
-9.7079012173e-001 -7.5067785777e-001 -6.0869335559e+000
70 65 59
2 46 2550 -259.8400 -192.6700 47 1931 -287.1500 -232.4200
3.1024265030e-001 -9.8395920196e-001 -7.1221527783e+000
143 122 77
2 46 2643 71.2600 -221.6100 47 1934 27.3800 -240.6600
-1.7636943713e+001 -3.3515012693e+000 -3.9691345868e+001
87 65 137
2 46 2628 -723.7700 -142.2100 47 1905 -720.7600 21.8200
-1.6578090587e+001 -4.8767859135e+000 -4.2727018301e+001
230 42 80
2 46 2635 -630.4500 -193.0000 47 1997 -627.4300 -28.3800
-2.3171962149e+001 1.9565520817e+000 -4.3739186436e+001
246 42 93
2 46 2682 -865.4500 75.5500 47 2042 -862.8100 246.6900
-2.0211013918e+001 -1.9705481141e+000 -4.6184922348e+001
229 159 79
2 46 2623 -713.0000 -72.2300 47 1985 -709.4900 95.8100
-5.6284535161e-001 5.8713695417e-001 -6.5861945285e+000
147 120 78
2 46 2750 -138.3300 147.9000 47 2111 -162.4400 98.9700
-1.7966156266e+001 -1.7742163508e+000 -4.5665301276e+001
243 50 85
2 46 2702 -639.2700 -66.1200 47 2108 -635.9300 98.8700
-1.7966156266e+001 -1.7742163508e+000 -4.5665301276e+001
243 50 85
2 46 2701 -639.2700 -66.1200 47 2109 -635.9300 98.8700
-1.9487651325e+001 -2.1469578077e+000 -4.5969820593e+001
67 37 65
2 46 2768 -690.0800 -79.1400 47 2114 -686.8500 88.0200
-2.7245403460e+001 6.2143818229e+000 -5.1280551593e+001
77 62 131
2 46 2783 -868.3400 204.0300 47 2133 -866.2700 382.7600
-2.0860964512e+001 -1.0590749673e+000 -4.6627642605e+001
70 40 66
2 46 2789 -729.1800 -38.5400 47 2141 -725.8500 130.1200
-8.3518913389e-002 -2.1752901218e-001 -6.1215513804e+000
112 99 54
2 46 2812 -24.8900 -52.9200 47 2170 -63.5600 -110.0000
-2.1978953897e+001 -1.8912477857e+000 -4.4083685074e+001
246 49 95
2 46 2815 -814.7600 -72.0300 47 2167 -809.8000 97.9000
-1.9677918736e+001 -1.0690885825e+000 -4.6712889495e+001
253 204 91
2 46 2828 -685.4700 -39.0300 47 2183 -682.4600 128.1700
-2.2256773524e+001 1.5718907548e+000 -5.1179807991e+001
59 39 75
2 46 2849 -708.2500 51.3500 47 2207 -705.1000 222.3100
-2.4569996373e+000 2.1762405380e+000 -7.6985848215e+000
147 144 99
2 46 4 -512.5600 462.7600 47 937 -517.9200 453.7700
-2.2020493488e+000 1.9408405212e+000 -7.4744226111e+000
175 172 137
2 46 12 -473.0300 425.0600 47 943 -479.9600 408.5400
-2.0578408391e+000 1.8146014225e+000 -7.3960074048e+000
185 177 139
2 46 37 -446.6900 401.7300 47 42 -454.5800 382.1500
-1.6150302209e+000 1.7722614897e+000 -7.5202599906e+000
172 137 111
2 46 39 -343.8600 386.1300 47 59 -354.4500 366.3100
-1.2695135759e+000 1.4114409546e+000 -7.2195902670e+000
131 68 69
2 46 64 -281.5700 320.5100 47 85 -295.5900 290.8600
1.8799172396e-001 1.6362479720e+000 -8.3836106378e+000
174 166 127
2 46 67 43.7100 320.7800 47 968 24.9600 308.2400
1.7527747712e-001 1.4060841384e+000 -8.1033503330e+000
190 181 141
2 46 80 40.5100 285.2700 47 978 21.2800 266.7300
5.8281168311e-001 1.5485785943e+000 -8.4760479003e+000
187 172 134
2 46 82 118.9500 300.5200 47 91 99.7100 287.1200
3.8414626751e-001 1.3799476703e+000 -8.1659280612e+000
172 154 107
2 46 92 82.2600 277.8700 47 103 61.8100 259.3600
5.6960578121e-001 1.2584654195e+000 -8.0916902343e+000
158 154 127
2 46 94 121.1200 255.6200 47 994 96.4000 234.8100
7.8481782824e-001 1.3564922008e+000 -8.3559546157e+000
113 108 102
2 46 95 160.1300 266.9800 47 995 137.0200 250.1800
8.8107633741e-001 1.3699058759e+000 -8.4428486321e+000
77 88 73
2 46 97 177.7300 266.8600 47 996 154.2000 251.3400
7.8466569154e-001 1.1421914993e+000 -8.0824597010e+000
101 94 89
2 46 111 163.6700 232.5000 47 129 138.7100 210.0200
7.7059267474e-001 1.0665436229e+000 -7.9829848909e+000
163 160 148
2 46 112 162.6600 219.7900 47 130 136.0601 195.5100
-8.9751300723e-001 8.9050075060e-001 -6.7295269279e+000
165 76 77
2 46 129 -214.4700 217.7700 47 1012 -234.1200 173.6000
8.1430310396e-001 1.0195527032e+000 -7.9418882342e+000
94 90 84
2 46 136 172.2400 211.2300 47 1015 144.8700 185.8500
-6.7727795012e-001 7.1918256508e-001 -6.6258139295e+000
155 73 63
2 46 151 -164.9000 179.2400 47 140 -187.3600 131.3300
-1.7906029311e-001 7.7815844262e-001 -7.1444869586e+000
82 75 57
2 46 152 -38.9000 179.7200 47 143 -63.3700 142.5700
-1.1864825924e-001 8.0730329871e-001 -7.2258812948e+000
200 188 168
2 46 153 -24.2000 184.2100 47 146 -49.4900 148.7500
-8.7040855547e-002 7.4910017748e-001 -7.1593902602e+000
179 166 143
2 46 154 -17.7600 172.7000 47 155 -43.5700 135.5100
-1.2084650940e-001 7.1420683323e-001 -7.1125992977e+000
186 174 152
2 46 156 -25.6200 165.8500 47 154 -51.8900 127.9400
-5.1801383398e-002 7.4384543645e-001 -7.1915838018e+000
79 77 62
2 46 158 -9.2300 170.6900 47 157 -36.0500 134.2800
-4.3021523385e-003 6.8012471629e-001 -7.1200811521e+000
196 186 158
2 46 159 0.7500 157.8800 47 175 -26.3900 119.4600
-1.3284895264e-001 6.0601371256e-001 -6.9752471415e+000
83 78 64
2 46 168 -29.5900 143.9300 47 1034 -56.9000 103.0800
-1.3284895264e-001 6.0601371256e-001 -6.9752471415e+000
83 78 64
2 46 169 -29.5900 143.9300 47 1035 -56.9000 103.0800
5.9646155477e-002 5.8375435225e-001 -7.0304746800e+000
91 77 58
2 46 170 15.2300 137.5700 47 1038 -13.9300 96.9600
5.9646155477e-002 5.8375435225e-001 -7.0304746800e+000
91 77 58
2 46 171 15.2300 137.5700 47 1039 -13.9300 96.9600
7.8805555693e-001 6.2388140451e-001 -7.4183992136e+000
163 149 98
2 46 175 175.3300 138.9800 47 178 142.8800 102.8300
1.1256771848e+000 7.0583529847e-001 -7.6960534617e+000
154 162 140
2 46 176 242.4900 151.1900 47 182 208.8199 119.2600
1.0355149403e+000 5.8105055614e-001 -7.5569623928e+000
102 114 75
2 46 178 226.5300 127.0600 47 181 191.7600 93.1300
5.7212812607e-002 3.8983188948e-001 -6.7874939670e+000
173 158 118
2 46 181 13.9100 96.1900 47 199 -17.6400 50.3400
5.7212812607e-002 3.8983188948e-001 -6.7874939670e+000
173 158 118
2 46 182 13.9100 96.1900 47 200 -17.6400 50.3400
5.5123282817e-001 3.9203546645e-001 -7.0345778209e+000
170 162 90
2 46 188 128.2500 93.0200 47 206 93.1700 50.3000
5.7962904639e-001 4.6088428815e-001 -7.1108683972e+000
143 99 70
2 46 189 134.0699 107.6800 47 1068 99.2000 66.3300
5.7962904639e-001 4.6088428815e-001 -7.1108683972e+000
143 99 70
2 46 190 134.0699 107.6800 47 1069 99.2000 66.3300
1.8245758619e-001 3.1191756034e-001 -6.7507504822e+000
72 77 62
2 46 199 43.7100 77.9600 47 202 10.1200 30.8000
4.4582441616e-001 2.9796922803e-001 -6.8563264916e+000
139 103 64
2 46 201 105.8199 73.2500 47 221 69.6500 27.2500
4.4582441616e-001 2.9796922803e-001 -6.8563264916e+000
139 103 64
2 46 202 105.8199 73.2500 47 222 69.6500 27.2500
4.7681329434e-001 2.3883934192e-001 -6.7963672162e+000
131 100 53
2 46 204 113.9200 59.7700 47 224 76.2700 12.4500
5.7977050906e-001 3.7683555728e-001 -7.0204494866e+000
180 163 102
2 46 205 135.1200 89.6600 47 211 99.3500 46.4900
6.5735499146e-001 2.8928828652e-001 -6.9500210527e+000
175 166 106
2 46 209 154.0900 70.1000 47 229 116.4900 25.1500
6.4518498671e-001 2.6506238804e-001 -6.9032917859e+000
139 94 64
2 46 210 152.2400 64.8600 47 1109 113.7700 19.0000
1.5530001547e+000 3.4422513463e-001 -7.4779287055e+000
106 120 94
2 46 219 341.7300 76.4200 47 214 299.1500 38.5600
1.6021585224e+000 2.7131378540e-001 -7.4076427222e+000
105 119 93
2 46 222 355.0500 61.1300 47 1113 311.3199 21.5700
1.9463048980e-001 1.4023427244e-001 -6.5538826086e+000
177 162 108
2 46 226 46.6400 38.0400 47 1121 11.0600 -13.2800
1.9463048980e-001 1.4023427244e-001 -6.5538826086e+000
177 162 108
2 46 227 46.6400 38.0400 47 1122 11.0600 -13.2800
4.3806554548e-001 1.7743364590e-001 -6.7116737863e+000
180 161 102
2 46 231 105.3800 45.7900 47 225 67.3800 -3.0700
4.9448227783e-001 1.6176282686e-001 -6.7099273234e+000
181 169 106
2 46 234 119.0400 41.9700 47 243 80.1600 -7.2100
5.1997597987e-001 1.6222032541e-001 -6.7282093037e+000
126 82 51
2 46 235 124.8800 41.9500 47 245 85.9700 -6.9200
7.3418807544e-001 1.7020223051e-001 -6.8433428555e+000
145 84 70
2 46 238 174.3500 42.8900 47 233 133.4800 -4.3400
7.3418807544e-001 1.7020223051e-001 -6.8433428555e+000
145 84 70
2 46 239 174.3500 42.8900 47 232 133.4800 -4.3400
1.6364168784e+000 2.5856604536e-001 -7.4111546023e+000
159 173 148
2 46 241 362.6700 58.2300 47 234 318.0900 18.7200
4.3173455521e-001 5.4503960050e-002 -6.5618431608e+000
144 95 75
2 46 252 105.3400 16.6100 47 1128 65.3500 -35.2000
1.6571381968e+000 6.3870967910e-002 -7.1807940163e+000
174 182 169
2 46 255 377.6100 15.9200 47 260 328.2600 -27.8400
1.7437727338e+000 -2.5446973885e-001 -7.2562413714e+000
56 57 40
2 46 325 393.6300 -55.9400 47 300 339.9600 -94.2000
1.0049425569e+000 -3.2867800695e-001 -6.8633641460e+000
93 94 66
2 46 346 237.6600 -75.4200 47 316 188.7100 -117.4300
9.2481718475e-001 -5.6965966030e-001 -7.0590754414e+000
108 103 71
2 46 416 213.3000 -128.9100 47 386 164.9700 -161.3500
9.6995428578e-001 -4.4144318529e-001 -6.9649164646e+000
99 97 66
2 46 417 226.5300 -100.7000 47 379 177.6801 -137.8900
9.6995428578e-001 -4.4144318529e-001 -6.9649164646e+000
99 97 66
2 46 418 226.5300 -100.7000 47 378 177.6801 -137.8900
1.1890883091e+000 -5.8070320053e-001 -7.2201538616e+000
87 88 65
2 46 429 269.2400 -129.1200 47 404 218.5900 -159.3500
-1.1201059965e+000 -5.5755657654e-001 -5.8150467935e+000
74 66 57
2 46 464 -313.5000 -147.5100 47 492 -337.2700 -198.5900
-7.0682597020e-002 -5.4688880887e-001 -6.4769445847e+000
127 112 77
2 46 483 -19.6800 -132.4100 47 436 -58.0300 -172.8300
-7.0682597020e-002 -5.4688880887e-001 -6.4769445847e+000
127 112 77
2 46 484 -19.6800 -132.4100 47 437 -58.0300 -172.8300
3.3130974411e-001 -7.0039180948e-001 -6.8679241017e+000
136 118 80
2 46 499 77.4900 -162.2300 47 455 34.8800 -192.7300
9.4232966515e-001 -6.8930875793e-001 -7.1550453943e+000
114 106 73
2 46 512 215.0601 -154.5900 47 469 165.7000 -182.7600
1.0149672286e+000 -6.1314648757e-001 -7.1558303537e+000
66 62 34
2 46 514 231.5800 -137.3400 47 468 182.1899 -167.3000
-1.2016688611e+000 -7.0086848177e-001 -5.8992112538e+000
76 67 60
2 46 543 -331.1700 -184.4000 47 571 -354.0200 -228.8500
-9.4063304649e-002 -7.6871512270e-001 -6.6622413553e+000
139 122 92
2 46 566 -24.1300 -182.8700 47 505 -63.0400 -213.8900
1.1029002238e+000 -8.4391078744e-001 -7.4835658802e+000
94 91 64
2 46 606 241.8199 -182.1400 47 547 192.5200 -201.5900
-4.2060130117e-001 -9.1246071786e-001 -6.6462430248e+000
140 124 99
2 46 655 -103.8200 -217.7600 47 587 -138.6700 -243.7900
-3.5380006384e-001 -8.7340336287e-001 -6.6117048692e+000
136 120 97
2 46 656 -88.0100 -209.3800 47 588 -124.0400 -237.5600
-2.0852156351e-001 -9.1685515742e-001 -6.7600924100e+000
135 118 90
2 46 660 -50.9300 -215.7300 47 593 -88.6400 -240.5500
-2.0852156351e-001 -9.1685515742e-001 -6.7600924100e+000
135 118 90
2 46 661 -50.9300 -215.7300 47 594 -88.6400 -240.5500
9.2951435189e-002 -9.6219784718e-001 -6.9666701419e+000
138 122 86
2 46 671 21.3700 -220.7800 47 607 -19.8600 -242.2000
9.2951435189e-002 -9.6219784718e-001 -6.9666701419e+000
138 122 86
2 46 672 21.3700 -220.7800 47 608 -19.8600 -242.2000
5.8633980392e-001 -1.0348561020e+000 -7.3424559630e+000
78 66 40
2 46 685 131.1200 -227.0800 47 630 84.8900 -242.5000
1.1552249626e+000 -9.7132330408e-001 -7.6419291436e+000
65 63 38
2 46 710 248.8800 -205.9600 47 561 198.7100 -220.3100
-2.1094776263e-001 -1.0757389385e+000 -6.9136855113e+000
131 115 81
2 46 739 -49.9600 -248.5300 47 683 -87.9400 -266.6500
5.8409950614e-002 -1.0596383598e+000 -7.0913171322e+000
137 121 89
2 46 750 13.4100 -239.4200 47 610 -27.1200 -255.9700
3.8383580322e-002 -1.1048360820e+000 -7.1106582678e+000
126 112 77
2 46 754 8.7800 -249.1000 47 688 -31.5600 -264.2600
1.8985209584e-001 -1.1476062186e+000 -7.2249377446e+000
87 71 46
2 46 763 43.3300 -255.3100 47 703 0.7800 -268.2900
1.8985209584e-001 -1.1476062186e+000 -7.2249377446e+000
87 71 46
2 46 764 43.3300 -255.3100 47 704 0.7800 -268.2900
5.9873726680e-001 -1.1719828760e+000 -7.5277550734e+000
79 65 38
2 46 777 131.1700 -251.5600 47 723 85.2300 -260.9100
5.9873726680e-001 -1.1719828760e+000 -7.5277550734e+000
79 65 38
2 46 778 131.1700 -251.5600 47 724 85.2300 -260.9100
-6.1724178245e-001 -1.2170169187e+000 -6.8212305795e+000
57 47 38
2 46 844 -147.4800 -284.5800 47 770 -180.4200 -298.8000
-5.0760199377e-001 -1.2091358258e+000 -6.8987260044e+000
82 67 44
2 46 847 -119.8500 -279.9200 47 780 -154.2400 -293.4400
-9.8682222851e-003 -1.2276069807e+000 -7.2371340224e+000
115 101 72
2 46 862 -1.6800 -272.5700 47 693 -41.8000 -282.3500
1.4510367368e-001 -1.2617845878e+000 -7.3349603351e+000
92 76 51
2 46 877 32.9700 -276.9800 47 699 -8.8600 -285.3100
1.8163885390e-001 -1.3135528921e+000 -7.4054239738e+000
88 72 46
2 46 878 41.0800 -285.9800 47 701 -1.5400 -292.1700
1.8163885390e-001 -1.3135528921e+000 -7.4054239738e+000
88 72 46
2 46 879 41.0800 -285.9800 47 702 -1.5400 -292.1700
5.0764913693e-001 -1.2272173370e+000 -7.5053631101e+000
88 74 50
2 46 885 111.6400 -264.1300 47 721 66.2500 -272.3100
4.7638138110e-001 -1.3028417641e+000 -7.5443469157e+000
95 81 54
2 46 886 104.5000 -279.1700 47 719 59.0100 -285.0000
8.4742250883e-001 -1.3713497835e+000 -7.8802605899e+000
74 65 42
2 46 910 178.2900 -282.7400 47 748 130.0800 -283.7600
-1.2550610725e+000 -1.5461768364e+000 -6.8469774643e+000
114 98 72
2 46 1121 -297.4800 -360.4500 47 899 -322.0100 -362.0800
2.2120457292e+000 -1.6448324871e+000 -6.8527964327e+000
187 180 172
2 46 1142 524.9900 -390.2100 47 921 442.0900 -416.7600
-2.1915164057e+000 1.9065051516e+000 -7.4556729310e+000
180 174 137
2 46 1182 -471.8500 418.6200 47 944 -479.1300 401.5700
-1.5428511197e+000 2.1994080217e+000 -8.2789770900e+000
241 216 207
2 46 1183 -296.3900 436.0400 47 1497 -306.1000 433.3300
-1.5091929331e+000 2.1389222395e+000 -8.1764351823e+000
162 150 104
2 46 1184 -293.8800 429.2700 47 1498 -303.5100 424.0200
-2.1808350309e+000 1.8112629707e+000 -7.3620825811e+000
138 139 102
2 46 1191 -475.8000 402.7900 47 1505 -482.9000 383.3100
-2.1204717470e+000 1.7857545039e+000 -7.3495469210e+000
187 178 135
2 46 1193 -462.9800 397.8000 47 1517 -471.2600 377.5900
-1.8889078441e+000 1.8889844482e+000 -7.5612345389e+000
180 177 145
2 46 1194 -400.1900 409.2000 47 1511 -409.6500 392.4800
-1.8911523293e+000 1.8934631912e+000 -7.5804837082e+000
180 177 145
2 46 1195 -400.1900 409.2000 47 947 -408.4900 392.8900
-7.3766278344e-001 2.1310068709e+000 -8.6025218886e+000
188 170 134
2 46 1197 -132.0000 407.0900 47 1512 -144.2900 405.4000
1.0591702508e-002 2.1459724619e+000 -9.0162181110e+000
166 133 122
2 46 1199 10.4300 391.7200 47 951 -2.0800 392.9500
-1.1776139860e+000 1.4513374322e+000 -7.3040931014e+000
194 189 186
2 46 1213 -257.8800 325.7700 47 1529 -272.0200 297.5300
-1.1782124657e+000 1.4521323421e+000 -7.3082608766e+000
194 189 186
2 46 1214 -257.8800 325.7700 47 966 -271.9600 297.6400
1.9860753423e-001 1.8155760266e+000 -8.6542724692e+000
144 103 83
2 46 1215 44.9900 345.0400 47 962 28.9900 337.8300
1.9860753423e-001 1.8155760266e+000 -8.6542724692e+000
144 103 83
2 46 1216 44.9900 345.0400 47 963 28.9900 337.8300
6.2832413740e-001 1.7822993964e+000 -8.7826361983e+000
83 81 79
2 46 1217 125.1899 333.8700 47 79 107.2700 326.4700
-1.1880508834e+000 1.2688561583e+000 -7.0754608538e+000
146 67 73
2 46 1227 -269.6300 294.1900 47 1535 -283.8400 260.3200
-1.1829752393e+000 1.1286547054e+000 -6.9054977773e+000
208 193 201
2 46 1237 -275.0000 268.2900 47 988 -291.0500 230.2700
6.5527885539e-001 1.3168193676e+000 -8.2391660162e+000
165 155 119
2 46 1239 136.0500 262.8200 47 1539 113.0200 244.4000
6.2262284539e-001 1.2743610511e+000 -8.1563066771e+000
161 153 117
2 46 1240 130.5200 256.9100 47 993 106.9900 236.9700
8.8209506117e-001 1.2926381263e+000 -8.3336747517e+000
139 138 127
2 46 1243 179.2100 255.1700 47 997 155.6700 237.2600
9.5823604725e-001 1.2923915088e+000 -8.3740840144e+000
151 134 92
2 46 1244 193.7200 253.8600 47 1543 169.3500 236.4300
-9.6773645416e-001 1.0219063083e+000 -6.8682381221e+000
160 66 68
2 46 1251 -225.8400 244.4400 47 1547 -244.7200 204.2300
-9.6773645416e-001 1.0219063083e+000 -6.8682381221e+000
160 66 68
2 46 1252 -225.8400 244.4400 47 1548 -244.7200 204.2300
-1.0570876104e+000 9.3542793425e-001 -6.7171842678e+000
159 72 72
2 46 1254 -253.3000 229.0600 47 1558 -270.9600 185.4900
-1.0181143858e+000 9.1317981870e-001 -6.7139544977e+000
200 190 186
2 46 1255 -244.4400 223.8300 47 1559 -261.8600 179.9200
6.0642773734e-001 1.2315822407e+000 -8.0952492309e+000
102 96 84
2 46 1259 127.8300 250.1800 47 1540 104.0500 229.0500
6.1436932272e-001 1.0849913555e+000 -7.9244740097e+000
171 170 137
2 46 1261 132.2500 225.0800 47 1551 104.8000 200.7600
-6.2548917163e-001 7.6954497083e-001 -6.7116741368e+000
206 183 128
2 46 1264 -150.1700 189.1100 47 1020 -172.4200 142.9800
8.3102030966e-001 9.4475103274e-001 -7.8640184794e+000
88 82 81
2 46 1266 177.4000 197.6700 47 1016 148.1200 170.8100
1.1206382886e+000 1.0547758443e+000 -8.1574965064e+000
155 162 151
2 46 1268 230.3400 212.7300 47 1554 202.0601 190.1400
-8.1346130224e-002 6.8210251271e-001 -7.0875064628e+000
82 85 71
2 46 1272 -16.7400 159.0500 47 1575 -43.8100 120.3900
-6.3093793372e-002 7.1221643931e-001 -7.1263405310e+000
190 179 156
2 46 1273 -12.5100 165.0700 47 1021 -39.0000 127.0600
-6.3093793372e-002 7.1221643931e-001 -7.1263405310e+000
190 179 156
2 46 1274 -12.5100 165.0700 47 1022 -39.0000 127.0600
4.8588634676e-002 6.1299062482e-001 -7.0408545549e+000
196 186 156
2 46 1287 12.7100 144.1100 47 1036 -16.0400 103.6200
4.8588634676e-002 6.1299062482e-001 -7.0408545549e+000
196 186 156
2 46 1288 12.7100 144.1100 47 1037 -16.0400 103.6200
4.8401669261e-001 5.4021686752e-001 -7.1782725194e+000
188 163 105
2 46 1296 110.8800 124.7900 47 1584 79.3300 85.1300
8.2782969472e-001 6.5866576971e-001 -7.4922303252e+000
179 175 145
2 46 1300 183.0900 145.1000 47 1043 150.1300 110.5100
9.7984910247e-001 5.5478257736e-001 -7.4061060294e+000
148 149 91
2 46 1301 218.3900 123.8100 47 1585 182.2900 86.6500
1.5612821393e-002 4.9341144000e-001 -6.9004238399e+000
193 181 144
2 46 1306 4.3000 118.9800 47 1580 -25.1400 75.7100
1.2728207389e-001 4.1587484058e-001 -6.8682520008e+000
80 71 54
2 46 1309 31.0000 101.1000 47 1078 -1.4700 56.9300
1.1551339711e-001 3.8592780911e-001 -6.8237024338e+000
177 163 125
2 46 1310 27.9200 94.7000 47 1080 -4.3300 49.5300
1.1551339711e-001 3.8592780911e-001 -6.8237024338e+000
177 163 125
2 46 1311 27.9200 94.7000 47 1079 -4.3300 49.5300
2.6389498618e-001 5.1927253025e-001 -7.0455155711e+000
189 172 118
2 46 1313 62.2800 122.3100 47 1059 30.6000 81.0900
2.5994659441e-001 4.8379198109e-001 -7.0175102686e+000
146 97 69
2 46 1315 61.2400 114.6300 47 1063 29.6200 72.9000
5.0248332374e-001 4.4688416253e-001 -7.0706632899e+000
148 101 74
2 46 1321 116.7200 105.1500 47 1065 82.6000 63.3500
9.1049007039e-001 4.1379836599e-001 -7.2418191872e+000
186 179 151
2 46 1323 206.8300 94.9400 47 1596 168.7700 55.1500
1.4485373880e+000 4.4743665378e-001 -7.5504061717e+000
155 170 146
2 46 1327 316.3900 98.0300 47 1071 276.1400 62.0000
1.0435750814e-001 2.3305827437e-001 -6.6165881309e+000
177 162 116
2 46 1330 24.8500 60.3500 47 1099 -9.2200 10.6800
1.4575341010e-001 3.2715956964e-001 -6.7481908680e+000
185 171 123
2 46 1331 35.0000 81.6600 47 1082 1.7800 34.5800
1.7449761493e-001 2.7633125383e-001 -6.6959443141e+000
181 168 126
2 46 1334 41.8900 70.0100 47 1102 7.7600 21.6700
3.6918984001e-001 3.2588513388e-001 -6.8608227376e+000
191 170 117
2 46 1337 87.3600 79.9000 47 1087 52.9500 34.2400
3.6918984001e-001 3.2588513388e-001 -6.8608227376e+000
191 170 117
2 46 1338 87.3600 79.9000 47 1088 52.9500 34.2400
5.5214920470e-001 3.5981764319e-001 -6.9934819871e+000
139 96 68
2 46 1341 129.1200 86.0700 47 1089 93.2300 42.5400
5.5214920470e-001 3.5981764319e-001 -6.9934819871e+000
139 96 68
2 46 1342 129.1200 86.0700 47 1090 93.2300 42.5400
1.6111650909e+000 3.0470364138e-001 -7.4440639736e+000
145 159 134
2 46 1346 355.5699 68.1300 47 1601 312.3500 29.1600
-2.4179938627e+000 1.8148376000e-001 -7.6491889038e+000
183 78 92
2 46 1348 -508.5200 43.0000 47 1072 -517.3400 40.8400
2.5984649944e-001 1.6869109361e-001 -6.6128694995e+000
72 81 71
2 46 1351 62.8400 44.5200 47 1123 26.2800 -5.7600
3.9418926715e-001 2.3353881963e-001 -6.7656372760e+000
149 100 72
2 46 1354 94.2700 58.8800 47 1104 57.7600 11.3100
4.6690871531e-001 2.1340053202e-001 -6.7609360553e+000
177 170 102
2 46 1355 111.8600 54.0200 47 1106 74.0400 5.9900
4.6690871531e-001 2.1340053202e-001 -6.7609360553e+000
177 170 102
2 46 1356 111.8600 54.0200 47 1107 74.0400 5.9900
7.0917752883e-001 2.1619889996e-001 -6.9013228524e+000
145 95 70
2 46 1357 167.1100 53.3800 47 1110 127.8400 7.4300
3.7844102588e-001 6.2694749654e-002 -6.5243571372e+000
72 76 68
2 46 1365 92.5100 18.8100 47 1126 53.1000 -33.8500
3.7844102588e-001 6.2694749654e-002 -6.5243571372e+000
72 76 68
2 46 1366 92.5100 18.8100 47 1127 53.1000 -33.8500
4.0446584878e-001 7.4836082271e-002 -6.5470830017e+000
177 163 96
2 46 1367 98.9000 21.6800 47 242 59.1000 -30.6000
7.8005780475e-001 6.9453761449e-002 -6.7516970412e+000
141 99 66
2 46 1368 187.0800 19.3000 47 1132 144.1801 -29.8100
-1.6204352720e-001 -2.5424577185e-001 -6.1330995703e+000
72 63 34
2 46 1389 -46.1700 -62.2600 47 304 -82.3000 -117.8300
5.4315681956e-001 -2.4876396232e-001 -6.5433002309e+000
107 102 59
2 46 1394 133.0699 -58.4000 47 309 88.1801 -107.0800
7.3050616970e-001 -2.4026767891e-001 -6.6193814289e+000
105 101 63
2 46 1400 177.5000 -55.9000 47 1195 131.4301 -104.1500
8.8368444131e-001 -1.8075255043e-001 -6.6569783414e+000
65 65 39
2 46 1401 214.3800 -41.3700 47 1157 166.6400 -90.6000
8.8368444131e-001 -1.8075255043e-001 -6.6569783414e+000
65 65 39
2 46 1402 214.3800 -41.3700 47 1156 166.6400 -90.6000
9.2484591618e-001 -2.7634238799e-001 -6.7791675632e+000
63 62 39
2 46 1405 220.9500 -63.6400 47 1199 172.8400 -108.1800
9.5603207997e-001 -1.8117236314e-001 -6.7253998166e+000
64 64 40
2 46 1406 229.7700 -41.1400 47 1160 182.3000 -89.0600
9.3622277193e-001 -2.3156168481e-001 -6.7293868443e+000
65 65 39
2 46 1411 224.9100 -53.2500 47 1161 177.0400 -100.0900
1.0460894439e+000 -2.9610627203e-001 -6.8405291202e+000
65 64 44
2 46 1416 248.1600 -67.9700 47 1205 198.7800 -111.4500
1.2285702845e+000 -2.8831396415e-001 -7.0009928058e+000
86 89 64
2 46 1421 285.5500 -64.9200 47 1212 236.1000 -105.6800
1.3922034456e+000 -3.0187190747e-001 -7.1062956850e+000
58 61 41
2 46 1429 320.0100 -67.4500 47 334 268.4100 -106.2500
-1.7842726390e-001 -2.9088038610e-001 -6.1439616128e+000
73 62 40
2 46 1450 -50.0100 -71.7800 47 1188 -86.8400 -126.0700
3.9862113470e-001 -4.1122248396e-001 -6.6013923527e+000
87 77 49
2 46 1456 96.4500 -97.5500 47 367 52.8300 -140.6700
8.6753368233e-001 -3.4577061117e-001 -6.8142833352e+000
99 96 63
2 46 1459 206.1200 -79.7800 47 310 158.6700 -121.8400
8.2131547858e-001 -3.9826890567e-001 -6.8362249056e+000
64 60 31
2 46 1460 194.6500 -91.9700 47 1198 147.2500 -132.1700
9.1526088167e-001 -3.7998721216e-001 -6.8375246916e+000
95 95 61
2 46 1462 216.9600 -87.7300 47 313 168.5601 -128.9600
9.4117692711e-001 -4.1237539869e-001 -6.8940875227e+000
64 59 34
2 46 1464 221.5900 -94.7400 47 1242 173.0000 -134.1100
9.5025078639e-001 -3.0095511108e-001 -6.8281339748e+000
96 95 64
2 46 1466 225.4301 -69.0700 47 1202 177.6600 -112.1500
9.7931258929e-001 -3.9699839770e-001 -6.9027415007e+000
96 97 64
2 46 1474 230.3500 -91.0600 47 317 181.5300 -130.7500
9.7931258929e-001 -3.9699839770e-001 -6.9027415007e+000
96 97 64
2 46 1475 230.3500 -91.0600 47 318 181.5300 -130.7500
1.1147562752e+000 -3.4008139422e-001 -7.0157564665e+000
58 59 40
2 46 1479 258.4600 -76.6500 47 323 210.1400 -115.3600
1.1693306586e+000 -3.7251692614e-001 -7.0696008261e+000
63 61 41
2 46 1480 269.6700 -83.7100 47 1209 220.1801 -120.8000
1.3789741319e+000 -4.2121018365e-001 -7.1933018670e+000
83 85 63
2 46 1494 313.3500 -93.6900 47 341 261.8300 -128.4700
-8.4012640430e-001 -4.7550576140e-001 -5.9084774118e+000
72 69 60
2 46 1508 -232.8100 -123.4900 47 1259 -260.4100 -175.9300
-7.9926148821e-001 -4.9738620142e-001 -5.9535561767e+000
73 68 57
2 46 1509 -220.0900 -128.5800 47 1261 -248.1800 -179.5000
7.7621544732e-004 -4.1602785377e-001 -6.3682389312e+000
82 67 35
2 46 1517 -2.0500 -101.4600 47 1232 -41.5000 -147.9900
-9.3127482180e-002 -5.2652117748e-001 -6.4189944312e+000
85 69 42
2 46 1518 -25.5800 -128.3700 47 1266 -64.0400 -170.6000
2.4279718616e-002 -4.3772543309e-001 -6.4392939762e+000
120 106 69
2 46 1521 3.8200 -105.8700 47 361 -35.0600 -150.2000
2.4279718616e-002 -4.3772543309e-001 -6.4392939762e+000
120 106 69
2 46 1522 3.8200 -105.8700 47 360 -35.0600 -150.2000
7.9195025626e-001 -5.7871607089e-001 -7.0162942849e+000
117 108 63
2 46 1535 183.4000 -131.5300 47 376 136.6200 -163.9200
8.2004076346e-001 -5.7383404634e-001 -6.9896723122e+000
76 65 51
2 46 1537 190.6000 -130.9100 47 1240 143.0900 -164.2500
8.2859801835e-001 -4.7155943462e-001 -6.9393155651e+000
109 106 65
2 46 1539 193.7900 -107.8600 47 1239 146.7700 -144.2300
9.3530147164e-001 -4.4483311413e-001 -6.9391739541e+000
68 66 41
2 46 1543 218.8800 -101.7500 47 1244 170.6600 -139.3900
9.8875555769e-001 -5.8919470418e-001 -7.1360954261e+000
98 98 64
2 46 1550 226.0100 -132.1700 47 392 177.2900 -162.8500
1.0941552943e+000 -5.6283116595e-001 -7.1513911652e+000
62 61 40
2 46 1551 249.6801 -126.0500 47 396 200.0100 -157.5800
-1.0401510592e+000 -5.2020032459e-001 -5.8230391527e+000
76 69 63
2 46 1575 -291.1700 -137.1600 47 432 -316.0200 -189.5600
-1.0587553809e+000 -5.8539578075e-001 -5.8744259168e+000
133 116 106
2 46 1577 -293.4800 -153.8400 47 493 -318.6400 -202.9300
-1.0156260057e+000 -5.6983705024e-001 -5.8951268056e+000
135 118 111
2 46 1578 -281.0100 -149.1500 47 494 -306.2000 -198.3800
-9.1920408795e-001 -5.1768304719e-001 -5.8868160984e+000
112 105 94
2 46 1579 -254.7800 -135.3200 47 433 -282.2300 -186.7400
-2.1611710793e-001 -6.5767983862e-001 -6.4745967734e+000
80 66 37
2 46 1583 -56.0500 -159.8700 47 1309 -92.9900 -197.0700
-9.0735439807e-002 -6.0162768479e-001 -6.4943445683e+000
134 119 79
2 46 1587 -24.2800 -145.7100 47 441 -63.2800 -184.3600
1.6448866953e-001 -6.8015883468e-001 -6.7161832999e+000
99 85 64
2 46 1594 38.6900 -160.5500 47 1273 -3.1300 -193.8700
2.0120302593e-001 -6.7471090548e-001 -6.7541655898e+000
137 119 86
2 46 1596 47.2900 -158.4400 47 448 5.5500 -191.2100
2.0120302593e-001 -6.7471090548e-001 -6.7541655898e+000
137 119 86
2 46 1597 47.2900 -158.4400 47 449 5.5500 -191.2100
2.2561462414e-001 -6.9530901953e-001 -6.7860811284e+000
85 70 47
2 46 1599 52.9900 -162.7000 47 450 11.0000 -194.4800
3.4950039326e-001 -6.5279460510e-001 -6.8366615611e+000
136 117 75
2 46 1603 82.1500 -151.6700 47 1278 39.2800 -183.9100
3.6329217767e-001 -6.9246257355e-001 -6.8539165751e+000
81 65 37
2 46 1605 85.4399 -160.7500 47 1279 41.7800 -191.9000
8.2408276881e-001 -6.5400218892e-001 -7.0605139070e+000
116 104 68
2 46 1609 190.1300 -148.2000 47 458 141.9600 -178.3800
7.8711731441e-001 -6.6709693818e-001 -7.0785098496e+000
92 81 53
2 46 1614 180.9500 -150.7600 47 1280 133.8500 -180.1000
7.8711731441e-001 -6.6709693818e-001 -7.0785098496e+000
92 81 53
2 46 1615 180.9500 -150.7600 47 1281 133.8500 -180.1000
8.6976748904e-001 -6.4271820971e-001 -7.1141598196e+000
76 66 38
2 46 1618 199.1600 -144.6000 47 459 151.5200 -174.1000
9.3030831159e-001 -6.4258848751e-001 -7.1334536182e+000
78 72 45
2 46 1622 212.5500 -144.2900 47 1282 164.3000 -173.7900
-1.2572081703e+000 -6.2961420120e-001 -5.8113485544e+000
68 61 51
2 46 1635 -351.4000 -167.2500 47 1290 -373.0900 -215.5500
-1.1881254043e+000 -6.2973162785e-001 -5.8480522223e+000
109 105 93
2 46 1636 -330.2100 -166.4300 47 491 -353.3200 -214.1800
-1.1219435642e+000 -7.2570342843e-001 -6.0010236301e+000
74 63 60
2 46 1639 -303.8400 -188.3200 47 575 -328.8900 -229.7700
-9.2149773779e-001 -7.1832586977e-001 -6.0852480247e+000
73 64 57
2 46 1643 -246.9100 -184.2500 47 1301 -274.8900 -225.1900
-9.2149773779e-001 -7.1832586977e-001 -6.0852480247e+000
73 64 57
2 46 1644 -246.9100 -184.2500 47 1300 -274.8900 -225.1900
-8.5436200589e-001 -7.5929294438e-001 -6.1463602149e+000
111 102 93
2 46 1648 -227.3900 -193.3200 47 582 -255.4800 -232.3200
-3.2892704031e-001 -7.3233646628e-001 -6.4943292279e+000
84 68 45
2 46 1653 -83.6000 -177.8600 47 500 -119.8200 -212.0500
-2.3635276730e-001 -7.1907784690e-001 -6.5298897618e+000
90 74 48
2 46 1659 -60.2200 -173.8100 47 1306 -97.4300 -208.0900
-1.3827134192e-001 -7.3547295239e-001 -6.6322560738e+000
141 122 92
2 46 1663 -35.2100 -175.4500 47 1316 -73.1500 -207.5500
-1.9577101135e-001 -8.1217471686e-001 -6.6648814560e+000
103 85 63
2 46 1666 -48.9000 -193.1900 47 1318 -86.4000 -222.5200
-8.7329069882e-002 -7.4077699430e-001 -6.5881126734e+000
134 118 84
2 46 1668 -22.9000 -177.9400 47 1321 -62.3600 -211.4600
-6.9685315611e-002 -7.7686784836e-001 -6.7162632357e+000
85 69 44
2 46 1671 -17.8700 -183.5100 47 506 -56.8900 -213.1800
-4.3462931079e-002 -7.9822019181e-001 -6.7426089615e+000
139 123 94
2 46 1672 -11.5000 -188.0000 47 507 -50.7600 -216.8400
-4.3462931079e-002 -7.9822019181e-001 -6.7426089615e+000
139 123 94
2 46 1673 -11.5000 -188.0000 47 508 -50.7600 -216.8400
1.0969910974e-001 -8.3776145650e-001 -6.8608698899e+000
87 72 50
2 46 1676 25.3500 -194.5700 47 1332 -15.8700 -220.9300
6.7953974774e-001 -8.6597047817e-001 -7.2062141964e+000
122 111 65
2 46 1684 154.1100 -193.0800 47 520 107.1899 -215.1400
7.7951305403e-001 -7.7591136205e-001 -7.1638023679e+000
117 108 69
2 46 1687 177.6400 -173.8400 47 523 129.8400 -199.1600
7.7951305403e-001 -7.7591136205e-001 -7.1638023679e+000
117 108 69
2 46 1688 177.6400 -173.8400 47 524 129.8400 -199.1600
8.4427162724e-001 -8.7651191266e-001 -7.3192902334e+000
74 64 37
2 46 1694 188.9301 -192.8800 47 533 140.7100 -213.4400
1.0099011721e+000 -7.7562333787e-001 -7.2932478880e+000
75 68 43
2 46 1700 226.4900 -171.2000 47 471 177.1400 -195.3100
1.0099011721e+000 -7.7562333787e-001 -7.2932478880e+000
75 68 43
2 46 1701 226.4900 -171.2000 47 472 177.1400 -195.3100
1.1343210548e+000 -8.2842886819e-001 -7.4519728739e+000
64 62 41
2 46 1705 249.7800 -179.5500 47 556 199.5900 -200.1000
-9.3938492318e-001 -9.0585264626e-001 -6.2446931763e+000
70 67 56
2 46 1716 -245.4400 -228.1800 47 1353 -272.9500 -260.4700
-5.4561895556e-001 -9.1217647473e-001 -6.5667494514e+000
71 52 45
2 46 1718 -136.1700 -219.9300 47 584 -169.1300 -246.9800
-4.7388761561e-001 -8.4439132337e-001 -6.4914674336e+000
58 44 36
2 46 1719 -120.0200 -205.5500 47 585 -154.1600 -236.4800
-3.2048975538e-001 -9.4367651124e-001 -6.7139673423e+000
84 69 47
2 46 1724 -78.5100 -223.3900 47 590 -114.7600 -247.9500
-2.2817168990e-001 -9.6792240352e-001 -6.7996380537e+000
135 120 89
2 46 1728 -55.3500 -226.6800 47 595 -92.6300 -249.4500
-5.3843264573e-002 -9.0708011443e-001 -6.8550256801e+000
93 78 52
2 46 1736 -13.5100 -210.8500 47 598 -52.6000 -234.8300
-8.6789767566e-002 -9.8392932749e-001 -6.8797425378e+000
100 84 61
2 46 1743 -21.0100 -228.2300 47 1368 -60.4000 -249.8600
8.7613623566e-002 -8.8876798461e-001 -6.8919587233e+000
90 76 49
2 46 1744 20.1700 -205.7300 47 1369 -21.0200 -230.2100
2.0054681190e-001 -9.6389615766e-001 -7.0414377740e+000
83 67 45
2 46 1752 46.3700 -219.1700 47 614 3.8000 -239.6100
4.1851677251e-001 -9.3066489146e-001 -7.1422073167e+000
81 64 40
2 46 1754 95.5200 -209.0100 47 626 51.3700 -229.4900
6.8464472130e-001 -9.4345947049e-001 -7.2947069892e+000
86 74 42
2 46 1758 153.8900 -208.2300 47 522 106.5900 -226.9500
6.4744453183e-001 -1.0372616059e+000 -7.3755547514e+000
83 66 44
2 46 1761 144.2400 -226.7600 47 1374 97.3199 -241.8600
-1.0001875277e+000 -9.2776599692e-001 -6.2279105605e+000
71 67 61
2 46 1786 -261.7200 -234.3300 47 1379 -288.5500 -266.0400
-1.0001875277e+000 -9.2776599692e-001 -6.2279105605e+000
71 67 61
2 46 1787 -261.7200 -234.3300 47 1380 -288.5500 -266.0400
-5.2117285751e-001 -9.6434016175e-001 -6.6129902306e+000
55 45 37
2 46 1788 -128.9100 -231.3200 47 1358 -162.9200 -256.2900
-4.5999823321e-001 -1.0149984119e+000 -6.7205534432e+000
134 118 94
2 46 1793 -111.9400 -240.1600 47 678 -146.6300 -262.0100
-2.8325080987e-001 -1.0445535161e+000 -6.8666238507e+000
94 79 58
2 46 1798 -67.6000 -242.6300 47 1392 -104.2900 -261.9000
-3.6554288235e-001 -1.0565495578e+000 -6.8090249647e+000
90 74 55
2 46 1799 -87.9100 -247.2700 47 1389 -123.7400 -266.9900
-3.1366727536e-001 -1.1194176140e+000 -6.9510859153e+000
97 81 57
2 46 1801 -73.7500 -257.2900 47 1393 -109.8600 -272.9900
-3.1366727536e-001 -1.1194176140e+000 -6.9510859153e+000
97 81 57
2 46 1802 -73.7500 -257.2900 47 1394 -109.8600 -272.9900
-2.2544138840e-001 -1.0454875543e+000 -6.8852950938e+000
98 83 57
2 46 1804 -53.6500 -242.3400 47 681 -91.3500 -261.5800
-2.0479547652e-001 -1.1341337027e+000 -6.9893978352e+000
89 74 44
2 46 1808 -47.8900 -259.5700 47 686 -85.7400 -274.9500
-1.1765221757e-001 -9.8715794473e-001 -6.8723867549e+000
136 122 90
2 46 1810 -28.4900 -229.1500 47 596 -67.1700 -250.7000
4.0154817397e-002 -1.0212734664e+000 -6.9903748289e+000
92 77 53
2 46 1813 9.2300 -233.7400 47 606 -31.8200 -253.0600
2.7384766846e-001 -1.0858905049e+000 -7.2039052917e+000
89 74 49
2 46 1822 62.3000 -242.1900 47 624 19.0800 -257.4000
2.7384766846e-001 -1.0858905049e+000 -7.2039052917e+000
89 74 49
2 46 1823 62.3000 -242.1900 47 625 19.0800 -257.4000
2.5801975249e-001 -1.1271304895e+000 -7.2604534895e+000
93 77 51
2 46 1826 58.3700 -249.6300 47 706 15.6200 -262.8000
2.2052231812e-001 -1.1367575636e+000 -7.2228824813e+000
130 116 81
2 46 1828 50.1700 -252.9700 47 705 7.4200 -266.4500
-5.5013455163e-001 -1.1731895679e+000 -6.8352887812e+000
93 77 58
2 46 1854 -131.2400 -273.7500 47 1383 -164.8900 -289.0800
-3.9403091237e-001 -1.1366408466e+000 -6.8597153580e+000
84 69 48
2 46 1860 -93.6900 -264.4700 47 1386 -129.7700 -281.1600
-1.5803304206e-001 -1.3095171345e+000 -7.1882763053e+000
97 82 55
2 46 1866 -35.3200 -292.6100 47 792 -74.3300 -300.7100
-3.1439892616e-002 -1.2013677979e+000 -7.1746468213e+000
88 78 50
2 46 1867 -6.7300 -268.8200 47 692 -46.8300 -280.2100
2.2416261498e-002 -1.2090778665e+000 -7.1803463376e+000
89 77 54
2 46 1872 5.5400 -270.4600 47 694 -35.4900 -281.9700
2.6305680666e-003 -1.2625768756e+000 -7.2658381910e+000
87 73 46
2 46 1873 1.1900 -279.4100 47 1399 -39.1700 -288.0500
-9.3472582409e-001 -1.2699514826e+000 -6.6942559519e+000
123 107 82
2 46 1894 -226.9600 -301.9300 47 763 -256.0200 -315.2600
-9.9319603034e-001 -1.3317348254e+000 -6.7394321656e+000
90 75 49
2 46 1897 -239.2400 -314.8000 47 1438 -267.8700 -325.3100
-6.1276708938e-001 -1.3985304000e+000 -7.0595932784e+000
127 113 86
2 46 1909 -140.9600 -317.3400 47 779 -174.1900 -322.8700
-2.1664928440e-001 -1.4563709164e+000 -7.3395151276e+000
93 77 51
2 46 1920 -47.2700 -319.4200 47 795 -85.4300 -321.3300
-1.0436568308e+000 -1.5296140407e+000 -6.9171320793e+000
112 99 71
2 46 1962 -244.7000 -353.5200 47 1443 -273.0600 -355.7200
-9.2516125313e-001 -1.4695466346e+000 -6.9512803216e+000
73 60 41
2 46 1963 -216.1500 -338.0400 47 1446 -245.3600 -341.8500
-7.1349906156e-001 -1.5818391885e+000 -7.2034740337e+000
94 80 59
2 46 1966 -160.4000 -352.6200 47 853 -192.9800 -350.8500
-7.1349906156e-001 -1.5818391885e+000 -7.2034740337e+000
94 80 59
2 46 1967 -160.4000 -352.6200 47 852 -192.9800 -350.8500
-5.3096755494e-001 -1.4715766885e+000 -7.1737364726e+000
93 79 53
2 46 1972 -119.9300 -329.2900 47 858 -154.4900 -331.7100
-4.0770910175e-001 -1.4904590008e+000 -7.2655888905e+000
97 82 55
2 46 1976 -90.5400 -329.8200 47 863 -126.8600 -331.0000
-1.4546334866e+000 -1.5636751394e+000 -6.7148089360e+000
121 108 72
2 46 2002 -351.1700 -370.9800 47 1463 -373.0700 -373.1800
-1.4174203360e+000 -1.6321677286e+000 -6.8349996594e+000
109 98 70
2 46 2004 -336.2800 -381.1500 47 1465 -358.7400 -379.7900
-1.2942561709e+000 -1.6303770145e+000 -6.9016399535e+000
111 96 68
2 46 2005 -304.3600 -377.4700 47 900 -328.3700 -375.9000
-9.8691354339e-001 -1.5564240905e+000 -6.9809516258e+000
108 97 71
2 46 2011 -229.4400 -356.7900 47 905 -258.2400 -357.6700
-9.3224009308e-001 -1.5898057212e+000 -7.0727332723e+000
117 106 76
2 46 2012 -213.7900 -360.2000 47 907 -243.4000 -359.0500
2.1880118618e+000 -1.6159390072e+000 -6.8836669336e+000
188 181 174
2 46 2016 517.4800 -381.7400 47 1482 435.2200 -407.8900
-2.0459561991e+000 2.0340309455e+000 -7.7142681875e+000
105 114 85
2 46 2033 -424.7500 431.9300 47 1495 -433.5100 420.1500
-2.0864533245e+000 1.8568104305e+000 -7.4600878905e+000
185 177 141
2 46 2036 -448.7900 407.5800 47 1508 -456.8300 389.8500
-2.8287151577e-001 1.9685450428e+000 -8.6132455804e+000
136 94 80
2 46 2042 -46.1300 375.7400 47 955 -59.8200 370.9700
9.3154413790e-002 1.8935563569e+000 -8.6407752481e+000
171 135 93
2 46 2045 24.2700 360.4700 47 1738 10.8000 353.4000
-1.1646091116e+000 1.5776697059e+000 -7.4612436138e+000
205 185 133
2 46 2048 -248.3000 346.5500 47 1523 -263.6600 322.2100
-2.7928149864e-001 1.7560634271e+000 -8.3210773700e+000
185 152 94
2 46 2049 -47.9700 346.7500 47 1525 -63.8000 335.9200
-1.2995708468e-001 1.5938117636e+000 -8.2030024474e+000
193 184 172
2 46 2050 -20.7700 319.4200 47 1748 -35.8800 304.7600
-1.2995708468e-001 1.5938117636e+000 -8.2030024474e+000
193 184 172
2 46 2051 -20.7700 319.4200 47 1747 -35.8800 304.7600
-1.1065998120e+000 1.2634730072e+000 -7.1002460178e+000
151 64 70
2 46 2056 -249.6900 291.9000 47 1536 -265.3400 258.1800
2.7605198323e-001 1.5491036061e+000 -8.3296458642e+000
184 177 143
2 46 2057 60.5400 305.7400 47 1530 41.5900 291.4000
-1.1252995542e+000 1.1744847996e+000 -6.9812577719e+000
153 71 68
2 46 2060 -259.3400 276.1500 47 1757 -273.8600 239.4500
-1.0686699428e+000 1.1791971267e+000 -7.0047446064e+000
150 71 75
2 46 2062 -244.4100 276.2300 47 1759 -261.2600 239.9200
9.6501203820e-001 1.4119617121e+000 -8.5177099111e+000
80 91 75
2 46 2066 192.0000 272.7700 47 1538 170.0800 257.9200
9.4030319805e-001 1.3536627470e+000 -8.4389235927e+000
168 146 105
2 46 2067 188.9900 263.8700 47 1542 165.6400 247.7800
-2.9583339236e+001 7.3199425994e+000 -5.1131431840e+001
229 85 124
2 46 2069 -945.5900 240.8500 47 1714 -945.0700 422.9000
-1.0787740030e+000 9.0823232850e-001 -6.6786248641e+000
199 186 183
2 46 2074 -260.1000 223.7800 47 1555 -277.7200 179.4000
-1.0787740030e+000 9.0823232850e-001 -6.6786248641e+000
199 186 183
2 46 2075 -260.1000 223.7800 47 1556 -277.7200 179.4000
-1.0472451259e+000 9.7942776609e-001 -6.7801114037e+000
201 185 183
2 46 2078 -248.7500 237.5100 47 1769 -265.5900 195.4100
-1.0472451259e+000 9.7942776609e-001 -6.7801114037e+000
201 185 183
2 46 2079 -248.7500 237.5100 47 1768 -265.5900 195.4100
-9.2600695340e-001 9.9170947187e-001 -6.8439801799e+000
202 192 190
2 46 2082 -217.3500 238.1700 47 1772 -235.8300 196.9800
-8.5217749443e-001 9.9212492374e-001 -6.8758837036e+000
198 199 192
2 46 2083 -198.6300 237.1300 47 1549 -218.3100 196.3500
-8.5187733015e-001 8.6708053940e-001 -6.7380693138e+000
198 192 191
2 46 2088 -203.3200 211.8700 47 1560 -223.4100 167.7500
-1.5357094328e-001 8.3451585865e-001 -7.2503792180e+000
88 82 69
2 46 2091 -31.6500 189.6900 47 1565 -56.7200 155.0400
-7.6966948623e-002 7.9385179237e-001 -7.2344265768e+000
87 86 66
2 46 2101 -14.8800 180.9700 47 1566 -40.4300 145.4900
1.1229510113e+000 7.4924016064e-001 -7.7395720732e+000
72 80 67
2 46 2103 240.8600 159.5000 47 1572 207.7600 128.4200
-6.6499063631e-002 6.4361562378e-001 -7.0506617515e+000
199 188 166
2 46 2104 -14.0500 151.0700 47 1577 -40.7400 111.4200
-6.6499063631e-002 6.4361562378e-001 -7.0506617515e+000
199 188 166
2 46 2105 -14.0500 151.0700 47 1576 -40.7400 111.4200
1.0609271988e-001 5.3741389375e-001 -6.9743072060e+000
95 82 65
2 46 2106 25.9600 127.8500 47 1582 -4.4300 85.6900
1.0727834118e+000 6.9313388452e-001 -7.6882503360e+000
85 98 66
2 46 2109 231.6400 148.6300 47 1578 197.7800 117.0800
1.0691496280e+000 5.9302453167e-001 -7.5244535165e+000
168 174 140
2 46 2110 234.8800 130.1400 47 1579 199.3101 95.0900
2.1993697346e-003 4.5714337306e-001 -6.8449648616e+000
71 93 73
2 46 2112 1.1500 111.3300 47 1583 -29.1700 66.9700
2.8234966504e-002 3.9591476397e-001 -6.7855812447e+000
75 84 75
2 46 2113 7.1300 97.6700 47 1590 -24.3300 51.9800
9.4596010122e-002 3.5774117575e-001 -6.7517740780e+000
73 86 69
2 46 2119 22.4900 89.0200 47 1591 -9.3400 42.0400
3.6767655394e-001 2.8794456584e-001 -6.8222370958e+000
140 94 61
2 46 2122 87.4700 71.3200 47 1607 52.1400 25.0200
1.4113882533e+000 3.6963131179e-001 -7.3908673255e+000
119 133 80
2 46 2125 312.7300 83.2500 47 1600 273.4399 43.3900
-2.4437022606e+000 2.4954907498e-001 -7.6452415346e+000
189 82 94
2 46 2127 -514.6500 57.5000 47 1587 -522.1800 54.7700
-2.4437022606e+000 2.4954907498e-001 -7.6452415346e+000
189 82 94
2 46 2128 -514.6500 57.5000 47 1586 -522.1800 54.7700
2.9240789969e-001 1.1540536064e-001 -6.5585808291e+000
66 80 65
2 46 2132 71.2200 31.7300 47 1807 33.1900 -19.7700
6.5124189937e-001 1.9403389169e-001 -6.8376422556e+000
180 165 109
2 46 2133 154.2200 48.7400 47 1610 115.6300 1.5200
5.5999817898e-001 6.5833513937e-002 -6.6298884946e+000
143 97 64
2 46 2143 135.9900 19.0400 47 1617 94.8800 -31.8900
5.5999817898e-001 6.5833513937e-002 -6.6298884946e+000
143 97 64
2 46 2144 135.9900 19.0400 47 1616 94.8800 -31.8900
1.2957583023e+000 9.7166621261e-002 -7.0142960611e+000
169 150 94
2 46 2147 301.1000 24.4600 47 1134 255.0601 -21.6100
1.7802834916e+000 -1.4653448801e-001 -7.1838231630e+000
58 63 43
2 46 2154 405.2800 -31.9200 47 1179 352.3199 -73.9900
7.7802339895e-001 -2.9955497977e-001 -6.7154082061e+000
106 102 65
2 46 2181 186.9200 -69.5600 47 1642 140.4200 -114.4500
2.5250385228e-001 -4.4656351196e-001 -6.5590744984e+000
81 65 46
2 46 2194 60.6800 -106.6200 47 1234 18.7600 -149.1700
2.3787172134e-001 -4.8247404353e-001 -6.5613330225e+000
89 72 51
2 46 2195 57.1400 -115.4300 47 1650 14.9200 -157.1300
2.2228395937e-001 -5.2456993251e-001 -6.5895055671e+000
79 64 43
2 46 2196 53.1100 -125.2800 47 1274 11.0600 -165.3300
3.5844284494e-001 -5.3189650718e-001 -6.6922372725e+000
80 69 41
2 46 2197 85.5900 -125.4600 47 1235 42.4600 -163.6900
-8.6377794335e-001 -6.0025500963e-001 -5.9926337279e+000
130 115 104
2 46 2205 -235.9200 -155.2700 47 1299 -263.3500 -202.2000
-4.0120346449e-001 -6.3654994796e-001 -6.3613186005e+000
57 45 38
2 46 2206 -104.2100 -156.8800 47 1654 -138.8900 -196.0700
2.0783976040e-001 -5.7358202889e-001 -6.6478130397e+000
75 64 36
2 46 2209 49.3300 -136.1800 47 1275 7.5100 -173.6300
-3.4127898867e-001 -7.7949492218e-001 -6.5076356084e+000
86 69 50
2 46 2221 -86.6100 -189.1900 47 1308 -122.6400 -222.0400
-1.0180155964e-001 -7.0461535055e-001 -6.5948365249e+000
82 65 40
2 46 2222 -26.4300 -168.8800 47 1313 -65.2300 -202.8000
-1.0180155964e-001 -7.0461535055e-001 -6.5948365249e+000
82 65 40
2 46 2223 -26.4300 -168.8800 47 1312 -65.2300 -202.8000
1.8798596383e-002 -7.0798784955e-001 -6.6876405170e+000
81 68 42
2 46 2225 3.3400 -167.6900 47 1322 -36.5100 -200.1100
1.4765100690e-001 -7.3260510178e-001 -6.7615109489e+000
78 66 41
2 46 2227 34.4500 -172.0800 47 1330 -7.0500 -203.1700
3.4537750740e-001 -7.4247114436e-001 -6.8979377256e+000
86 73 46
2 46 2228 80.9900 -171.5600 47 1336 37.1600 -200.5200
-8.3744932341e-001 -8.5450950875e-001 -6.2603607098e+000
73 66 62
2 46 2233 -218.3300 -214.6300 47 1356 -247.8100 -248.4200
-3.6132822490e-001 -8.3276376983e-001 -6.5829284528e+000
89 75 58
2 46 2235 -90.4600 -200.2200 47 1364 -125.9100 -229.9200
4.0252325502e-001 -1.2191039426e+000 -7.4236754121e+000
132 118 85
2 46 2252 89.8700 -264.9800 47 1400 44.5000 -274.0100
-7.2370791553e-001 -1.2434132396e+000 -6.7733339486e+000
135 116 83
2 46 2270 -173.8100 -292.6300 47 1408 -205.9200 -306.4500
-7.9691722777e-001 -1.3335350960e+000 -6.8337970824e+000
96 81 57
2 46 2271 -189.7600 -311.4300 47 1411 -220.4800 -321.5400
-1.2673273735e+000 -1.3574864145e+000 -6.5383654223e+000
79 63 47
2 46 2287 -314.4700 -329.7300 47 1692 -339.0500 -341.8300
-1.2565123851e+000 -1.4068486170e+000 -6.6366697272e+000
115 100 71
2 46 2288 -307.3400 -337.1900 47 1431 -331.7100 -346.1800
-8.9213797199e-001 -1.5468787676e+000 -7.0461428099e+000
75 63 41
2 46 2297 -204.9900 -351.7000 47 1447 -235.9500 -352.1500
-1.5124392677e+000 -1.6121317788e+000 -6.7405998525e+000
87 70 53
2 46 2309 -363.8900 -381.1600 47 1459 -384.4900 -381.3300
-7.4963539105e-001 -1.6795967131e+000 -7.2766213664e+000
100 89 64
2 46 2317 -166.5100 -371.1100 47 1473 -199.2900 -365.6900
-2.2408675122e+000 2.0496608693e+000 -7.6481331035e+000
153 153 115
2 46 2333 -469.5500 438.8300 47 1717 -477.7000 426.9800
-1.7649749563e+000 1.9648899812e+000 -7.6776134012e+000
196 177 133
2 46 2337 -368.6400 419.3300 47 1865 -376.7600 404.3600
-1.5360308418e+000 2.2111952391e+000 -8.2955794495e+000
243 215 207
2 46 2338 -294.7200 437.5400 47 1861 -303.8000 435.0900
-2.0539818477e+000 1.7530563555e+000 -7.2843358916e+000
132 128 87
2 46 2339 -452.6900 393.9500 47 1734 -460.9200 371.5100
-2.0539818477e+000 1.7530563555e+000 -7.2843358916e+000
132 128 87
2 46 2340 -452.6900 393.9500 47 1735 -460.9200 371.5100
-2.0261512109e+000 1.8354307904e+000 -7.4258206712e+000
154 150 113
2 46 2341 -437.7800 404.7100 47 1726 -446.1800 385.6500
-1.7773661263e+000 1.8864105180e+000 -7.5915968416e+000
93 118 90
2 46 2342 -374.6700 407.0500 47 1728 -384.8900 390.2400
-1.3077701522e+000 1.4283106011e+000 -7.2254189182e+000
202 188 188
2 46 2348 -290.1300 324.0800 47 1746 -303.3200 294.7900
-1.3077701522e+000 1.4283106011e+000 -7.2254189182e+000
202 188 188
2 46 2349 -290.1300 324.0800 47 1745 -303.3200 294.7900
1.7015135997e-001 1.6403771145e+000 -8.4191313378e+000
182 166 123
2 46 2351 39.4900 320.3700 47 1749 22.3500 308.5000
-1.2262853846e+000 1.2770470654e+000 -7.0776323446e+000
200 188 187
2 46 2353 -277.9000 295.9600 47 1751 -292.5300 262.5000
7.6216785406e-001 1.6057825892e+000 -8.6821174850e+000
163 132 84
2 46 2355 151.4399 304.2700 47 1873 131.2900 294.1300
-1.2021165508e+000 1.1897255867e+000 -6.9799029400e+000
167 78 82
2 46 2357 -275.8400 279.6500 47 1878 -292.3500 243.7300
9.0304158693e-001 1.4162587043e+000 -8.4976620863e+000
165 150 100
2 46 2363 180.6000 274.2000 47 1754 158.5400 259.4100
8.3671704890e-001 1.0822056121e+000 -8.0323941279e+000
169 162 148
2 46 2371 175.6600 221.5900 47 1885 148.3900 198.0500
-9.9730506699e-001 7.9271044129e-001 -6.5775965674e+000
202 189 191
2 46 2373 -244.7100 198.7600 47 1784 -263.2800 151.3800
1.1282823533e+000 9.5421639296e-001 -8.1340568509e+000
103 103 94
2 46 2374 232.5100 193.0700 47 1781 202.8300 170.4400
1.0171152279e+000 7.6118522555e-001 -7.7126097205e+000
153 157 135
2 46 2377 219.3400 162.5800 47 1787 186.5601 131.6200
-2.2200257397e+001 4.5326212367e+000 -5.1961128458e+001
243 49 89
2 46 2378 -694.3200 146.6000 47 1868 -693.2400 318.7100
1.0009783784e-002 6.2964713664e-001 -7.0675123279e+000
75 87 72
2 46 2382 3.8000 147.4400 47 1792 -24.0800 107.8400
8.8423214737e-001 6.5136350581e-001 -7.5164555358e+000
178 173 144
2 46 2386 194.0500 143.1700 47 1793 162.3400 108.5200
-2.4530795658e+001 3.0302080761e+000 -5.2175639388e+001
83 74 139
2 46 2389 -766.6700 97.6500 47 1874 -764.5300 271.6700
-2.6636219987e-002 5.1136488630e-001 -6.9148206393e+000
74 89 71
2 46 2390 -5.3300 122.9400 47 1794 -34.5500 80.3300
-2.6636219987e-002 5.1136488630e-001 -6.9148206393e+000
74 89 71
2 46 2391 -5.3300 122.9400 47 1795 -34.5500 80.3300
1.7852806436e-001 2.0547173471e-001 -6.6147185994e+000
185 169 113
2 46 2396 42.9300 53.5700 47 1801 7.7800 3.5500
1.7852806436e-001 2.0547173471e-001 -6.6147185994e+000
185 169 113
2 46 2397 42.9300 53.5700 47 1802 7.7800 3.5500
2.5896801131e-001 8.2925323376e-002 -6.5053169773e+000
177 166 103
2 46 2399 63.2800 23.9700 47 1805 24.9100 -28.4500
2.5896801131e-001 8.2925323376e-002 -6.5053169773e+000
177 166 103
2 46 2400 63.2800 23.9700 47 1806 24.9100 -28.4500
5.0481989311e-001 9.6540327638e-002 -6.6404642932e+000
174 164 96
2 46 2402 122.5500 26.5100 47 1808 82.1600 -23.9800
5.0481989311e-001 9.6540327638e-002 -6.6404642932e+000
174 164 96
2 46 2403 122.5500 26.5100 47 1809 82.1600 -23.9800
3.2096603034e-001 -2.8789902883e-001 -6.4117751033e+000
68 56 29
2 46 2422 79.2500 -69.0600 47 1639 35.7000 -119.1300
-2.3519775993e+001 -3.7929754216e+000 -4.2616060138e+001
216 210 254
2 46 2431 -903.2500 -148.9200 47 1904 -896.0300 23.9200
-7.3780454515e-001 -5.3918978422e-001 -6.0095484370e+000
68 67 55
2 46 2433 -201.1900 -138.7800 47 1819 -231.1900 -187.5100
-7.3780454515e-001 -5.3918978422e-001 -6.0095484370e+000
68 67 55
2 46 2434 -201.1900 -138.7800 47 1820 -231.1900 -187.5100
-2.5109280983e-001 -5.5653517276e-001 -6.3675010224e+000
128 111 69
2 46 2435 -66.1400 -136.6800 47 1655 -102.3900 -178.5400
1.7435760231e-001 -9.1813496869e-001 -6.9751202699e+000
82 68 34
2 46 2444 40.2100 -210.3800 47 1670 -1.5100 -233.0900
8.4582103957e-002 -1.1618316772e+000 -7.2278804476e+000
85 72 40
2 46 2447 19.2300 -258.1900 47 1673 -21.1000 -270.2000
1.3242814314e+000 -1.6158474780e+000 -8.4524139068e+000
83 65 50
2 46 2455 260.6600 -312.7700 47 1688 210.1000 -303.6400
-1.5730760041e+000 -1.5831505298e+000 -6.7226968680e+000
91 77 50
2 46 2469 -379.4600 -375.0300 47 1698 -398.7500 -375.7500
-1.5513501213e+001 -1.1479291049e+001 -3.8232125270e+001
74 47 105
2 46 2475 -661.5300 -505.8900 47 1842 -656.5000 -330.6800
-2.1671848202e+000 2.0469375212e+000 -7.6444582060e+000
181 173 137
2 46 2482 -455.3600 438.5200 47 1948 -461.5000 425.8700
-1.6022868815e+000 2.2069110560e+000 -8.2104539461e+000
179 166 113
2 46 2483 -311.3300 441.0900 47 1719 -319.7100 437.2500
1.7481948231e-001 2.0129759223e+000 -8.9216885180e+000
176 147 116
2 46 2490 40.8700 371.2100 47 1867 25.7300 369.6500
1.7481948231e-001 2.0129759223e+000 -8.9216885180e+000
176 147 116
2 46 2491 40.8700 371.2100 47 1866 25.7300 369.6500
7.6150333988e-001 1.5189046417e+000 -8.5763702264e+000
87 90 75
2 46 2497 152.4700 291.3500 47 1875 131.7400 279.0700
-9.0661692487e-001 8.5886496243e-001 -6.6862041013e+000
166 72 73
2 46 2505 -217.5600 211.4400 47 1978 -238.6300 166.3900
-9.0661692487e-001 8.5886496243e-001 -6.6862041013e+000
166 72 73
2 46 2506 -217.5600 211.4400 47 1979 -238.6300 166.3900
1.0014913947e+000 6.0440350619e-001 -7.4951547084e+000
83 96 68
2 46 2513 221.3600 133.0700 47 1989 185.3700 97.8600
1.1731033961e+000 5.2443467864e-001 -7.5165179277e+000
99 115 76
2 46 2518 257.8900 115.3000 47 1992 220.2100 79.9100
4.2169701738e-001 1.0282083610e-001 -6.6220800899e+000
175 166 95
2 46 2523 102.3000 28.2300 47 1907 63.2200 -22.2700
-2.5441884844e+001 -2.7350122917e+000 -4.4704272899e+001
76 51 115
2 46 2537 -931.2000 -102.1100 47 1895 -925.2700 72.5800
-2.4474022207e+001 -2.9106789244e+000 -4.3437058321e+001
194 183 239
2 46 2538 -922.0200 -111.9000 47 1896 -915.5400 61.6200
-2.0654691191e+001 -3.1856690961e+000 -4.6493528601e+001
82 60 132
2 46 2539 -725.0100 -115.7500 47 1993 -719.6300 53.4300
-2.2808153982e+001 -4.0928429036e+000 -3.9130650852e+001
107 69 122
2 46 2549 -953.6300 -174.4300 47 1903 -945.5900 -2.5700
7.4777082297e-002 -7.1298858084e-001 -6.7665744085e+000
136 116 74
2 46 2553 16.5300 -167.0900 47 1929 -22.7200 -197.9800
7.4777082297e-002 -7.1298858084e-001 -6.7665744085e+000
136 116 74
2 46 2554 16.5300 -167.0900 47 1928 -22.7200 -197.9800
1.1899875766e+000 -1.5928640097e+000 -8.3636990495e+000
69 62 44
2 46 2566 236.5200 -311.1700 47 1840 187.2400 -302.9700
-1.9752076765e+001 -7.8346732875e+000 -3.7997014925e+001
225 43 84
2 46 2567 -849.6800 -345.6900 47 1917 -842.0100 -172.8100
-1.5072763914e+001 -8.2533656242e+000 -4.0943953324e+001
222 49 82
2 46 2568 -597.5800 -340.5800 47 1918 -595.5700 -173.5200
-7.1760073702e-001 2.0139468407e+000 -8.4269356096e+000
183 166 142
2 46 2584 -131.5500 392.6000 47 2035 -144.4900 387.0600
5.1920757162e-001 1.5143828090e+000 -8.4303222250e+000
170 148 101
2 46 2588 107.6801 295.3700 47 1967 87.0200 281.7200
-8.2932213672e-001 8.1632949309e-001 -6.6549077169e+000
202 185 185
2 46 2594 -200.7600 202.1200 47 1980 -221.2700 155.6000
-8.2932213672e-001 8.1632949309e-001 -6.6549077169e+000
202 185 185
2 46 2595 -200.7600 202.1200 47 1981 -221.2700 155.6000
-6.4755913147e-001 7.7104787353e-001 -6.6785868876e+000
204 178 118
2 46 2596 -156.2200 190.3800 47 1982 -178.5700 143.4200
8.6685539997e-001 7.2335630679e-001 -7.5847281412e+000
142 148 89
2 46 2600 189.8900 157.2200 47 1986 157.4399 124.3300
3.0069160238e-001 4.6119354060e-001 -7.0235440360e+000
148 109 72
2 46 2604 70.7400 109.2700 47 1991 38.2900 67.6500
1.3236633543e+000 3.3845121282e-001 -7.3975554308e+000
176 169 148
2 46 2612 294.5000 76.0800 47 1996 252.7900 38.0400
1.5213425029e+000 3.8054502223e-001 -7.5068082482e+000
129 143 117
2 46 2613 333.5900 84.0600 47 2057 292.1300 46.8200
-2.6033196747e+001 -8.4224629041e-001 -4.5422931446e+001
233 68 122
2 46 2620 -937.5900 -30.5100 47 1890 -932.8600 144.3000
-2.5133352086e+001 -1.7007373105e+000 -4.4382615278e+001
74 52 114
2 46 2622 -926.4400 -63.7400 47 1984 -921.1100 110.1200
-7.8804623687e-001 -6.7858043610e-001 -6.1082945829e+000
76 69 61
2 46 2636 -211.3000 -173.3000 47 1925 -240.3800 -215.7000
-6.4997803884e-001 -7.6326695348e-001 -6.3133513497e+000
108 96 74
2 46 2637 -169.2600 -189.8800 47 1927 -199.7200 -225.9200
-1.7702903152e+001 -6.5745478221e+000 -4.4578831913e+001
59 34 64
2 46 2644 -646.5500 -249.2700 47 2000 -641.9800 -81.1000
-1.6218193949e+001 -5.6576803369e+000 -4.1766611480e+001
226 44 85
2 46 2645 -631.2100 -228.8800 47 1999 -627.9100 -64.0600
-1.5558724497e+001 -6.0544921782e+000 -4.2170430641e+001
174 54 73
2 46 2646 -599.3100 -242.7800 47 2002 -595.6600 -78.3500
-1.9192461057e+001 -6.7645206028e+000 -4.2405492213e+001
197 26 70
2 46 2648 -739.0200 -268.7400 47 1909 -733.0300 -98.4600
-1.7280208529e+001 -6.6111050001e+000 -3.9026261625e+001
62 40 96
2 46 2649 -722.5200 -285.1800 47 2004 -716.8900 -117.8700
-1.6536569796e+001 -6.5620433064e+000 -4.2493322526e+001
205 35 66
2 46 2650 -633.0800 -260.9100 47 2001 -629.0900 -94.4400
-1.7871269186e+001 -7.6368283863e+000 -4.0041480172e+001
71 51 115
2 46 2652 -728.6900 -321.1300 47 2005 -722.4600 -151.3100
-1.5618613950e+001 -7.5686587781e+000 -4.0498722601e+001
226 42 76
2 46 2653 -626.8700 -315.5300 47 2006 -624.0600 -148.9100
-1.5870731957e+001 -9.1039659550e+000 -4.2786001318e+001
208 34 64
2 46 2657 -602.7400 -359.6300 47 2007 -599.8300 -190.1000
-1.6945703848e+000 -1.7059189477e+000 -6.7513141177e+000
76 63 44
2 46 2659 -406.6800 -402.7500 47 1944 -424.7600 -399.0700
-1.1612152852e+000 1.5063325439e+000 -7.4990497452e+000
131 72 74
2 46 2668 -246.2400 329.4200 47 2040 -261.9500 306.2300
-3.4137716028e+001 1.3013876408e+001 -8.0300927492e+001
169 161 178
2 46 2670 -690.3200 273.0000 47 2026 -690.2100 460.0900
-2.4009402330e+001 6.2580211672e+000 -5.5495763204e+001
70 46 94
2 46 2675 -703.5800 189.7000 47 2091 -702.0300 365.0400
3.3269066705e-001 6.2117886817e-001 -7.2277623704e+000
187 167 114
2 46 2679 76.8000 142.1600 47 2050 46.6900 104.5400
1.6891554676e-001 4.7580890513e-001 -6.9223870251e+000
191 173 133
2 46 2680 40.1600 114.4000 47 2051 9.2800 70.6600
5.4269878141e-001 4.4992747912e-001 -7.0690661951e+000
145 101 72
2 46 2681 125.5900 105.9100 47 2054 91.9000 63.5600
1.5749904117e+000 2.8827341659e-001 -7.4494949458e+000
140 155 132
2 46 2687 347.9900 64.3800 47 2061 303.7000 26.2900
-2.3788627717e+001 1.2236593358e+000 -4.9074047178e+001
210 25 67
2 46 2689 -791.3500 41.9300 47 2043 -788.1800 214.3800
-2.4940062614e+001 -1.7127395187e+000 -4.3203789698e+001
253 201 233
2 46 2698 -944.8200 -65.8200 47 1983 -938.3800 107.7200
-2.5887082824e+001 -1.1912589147e+000 -4.6950142576e+001
90 70 155
2 46 2699 -901.0800 -42.2000 47 2046 -898.1600 132.5800
-4.2591965177e-001 -8.7552187993e-001 -6.5533594094e+000
103 89 63
2 46 2709 -106.2000 -211.5900 47 2013 -142.5100 -240.4700
-1.7124229899e+001 -8.2676135272e+000 -3.7870911262e+001
66 45 107
2 46 2717 -738.6800 -367.1900 47 2074 -731.4700 -197.1400
-1.7851339960e+001 -9.2162186730e+000 -3.8415189607e+001
206 31 70
2 46 2719 -759.1200 -403.3700 47 2076 -752.0600 -230.4000
-1.6963932161e+001 -1.0998984328e+001 -3.7167226154e+001
49 35 69
2 46 2722 -744.9800 -497.4200 47 2015 -738.6400 -321.0500
-1.8602289087e+000 1.9372689147e+000 -7.6683612620e+000
94 119 90
2 46 2723 -388.3300 413.9200 47 2134 -397.9000 399.6000
-1.4141526005e+000 1.4783278118e+000 -7.3117796271e+000
135 71 66
2 46 2730 -309.8800 331.5100 47 2093 -322.4600 305.2800
-1.2262806651e+000 1.3556912616e+000 -7.2083492070e+000
176 136 141
2 46 2732 -272.7400 308.4800 47 2137 -286.5400 278.3100
-3.0400770322e+001 7.2706742516e+000 -5.3034770842e+001
254 67 123
2 46 2735 -936.4800 230.7200 47 2087 -936.8400 413.4100
-7.8030498111e-001 9.1507477790e-001 -6.7707626005e+000
160 68 69
2 46 2738 -184.9300 222.2600 47 2101 -205.8500 178.2300
-2.9341204958e+001 6.2264342689e+000 -5.1905599141e+001
82 62 125
2 46 2741 -924.0400 201.9600 47 2089 -922.9500 382.8700
-2.6789146270e+001 6.8190794672e+000 -5.6438788316e+001
230 42 84
2 46 2743 -774.1300 203.4000 47 2031 -772.2900 381.9800
-7.3995161251e-001 7.5411307909e-001 -6.6071361561e+000
157 66 67
2 46 2747 -180.4200 188.2700 47 2104 -202.6100 140.0500
-1.4007870660e-001 8.0604304661e-001 -7.3054829387e+000
84 81 62
2 46 2748 -28.0500 181.9400 47 2105 -53.6200 148.9500
-1.4007870660e-001 8.0604304661e-001 -7.3054829387e+000
84 81 62
2 46 2749 -28.0500 181.9400 47 2106 -53.6200 148.9500
-4.4991376398e-001 6.2726785977e-001 -6.8508258694e+000
193 183 181
2 46 2751 -104.8600 151.6400 47 2113 -130.4800 109.7000
8.9669201786e-001 4.6293405705e-001 -7.2918158083e+000
172 157 108
2 46 2753 203.0400 105.1900 47 2115 165.0601 66.5900
2.3032375505e-001 3.6898876444e-001 -6.7775639547e+000
188 173 126
2 46 2754 54.3200 91.3600 47 2116 22.4900 43.6800
2.9224236902e-001 2.3072658194e-001 -6.6602451235e+000
184 169 108
2 46 2755 70.4700 59.2300 47 2143 34.4800 9.3300
-1.9167438429e-001 -8.4639782027e-002 -6.0847470273e+000
165 151 86
2 46 2764 -54.3900 -17.8700 47 2121 -89.0400 -77.7700
-2.2841361281e+001 -3.9121837634e+000 -4.1621403169e+001
173 163 216
2 46 2769 -897.6300 -157.2700 47 2117 -891.2100 14.6900
-1.8944382189e+001 -5.7414273919e+000 -4.1649703226e+001
201 27 62
2 46 2771 -743.0500 -232.1500 47 2064 -736.3900 -63.5400
-1.8379541469e+001 -7.2079139209e+000 -4.0245414384e+001
242 50 95
2 46 2772 -745.3300 -301.4500 47 2122 -740.0000 -131.6200
-1.7956153196e+001 -8.0905225065e+000 -3.8728318522e+001
250 56 101
2 46 2773 -757.1700 -351.3100 47 2123 -750.7700 -180.4900
6.9255626644e-001 1.1861076030e+000 -8.0976477071e+000
114 108 100
2 46 2781 145.3500 240.8800 47 2139 120.3400 219.4300
1.1308644786e-001 -1.9505131123e-001 -6.2381975330e+000
76 64 22
2 46 2790 26.3400 -46.4300 47 2148 -13.3600 -101.9800
-1.6987930763e+001 -7.5946022139e+000 -4.0788891159e+001
67 54 124
2 46 2794 -677.6400 -314.0200 47 2149 -675.2000 -145.4300
-1.5384635674e+001 -7.9337735379e+000 -3.8662780104e+001
58 36 74
2 46 2795 -647.7500 -346.0300 47 2150 -643.8300 -179.1500
-8.9761199214e-001 1.1554138341e+000 -7.0165880392e+000
156 70 71
2 46 2804 -205.2600 270.2800 47 2164 -222.2100 232.8900
5.9601953014e-001 9.5065768573e-001 -7.7076026326e+000
177 171 135
2 46 2806 129.1500 203.1300 47 2182 103.5300 173.5900
-2.6136644784e+001 2.3314078886e+000 -4.7524151444e+001
73 53 112
2 46 2807 -898.8000 82.8600 47 2159 -896.6900 258.1400
-2.6051645659e+001 -8.6148099352e-002 -4.5927531530e+001
62 37 67
2 46 2810 -927.0700 -2.5700 47 2166 -924.4000 172.1700
-2.1788586248e+001 -3.7165502547e+000 -4.3321479814e+001
255 62 110
2 46 2816 -822.3000 -144.1100 47 2169 -816.3100 26.5000
8.5409838043e-001 8.4330555927e-003 -6.6955823617e+000
146 148 83
2 46 2827 206.0000 4.7000 47 2188 161.6300 -46.0100
6.0317826149e-001 -4.7946413492e-001 -6.7567856333e+000
129 111 63
2 46 2829 143.0601 -111.9800 47 2190 99.1200 -151.6500
-2.4652136863e+001 -2.4643024757e+000 -4.5068256200e+001
69 47 109
2 46 2839 -895.3500 -91.4400 47 2199 -888.8000 82.2100
1.3286661531e+000 1.6298747965e+000 -8.7747702896e+000
193 197 185
2 46 2846 255.7600 305.7300 47 2206 235.0699 293.3800
1.0981301705e+000 1.6834626375e-001 -7.1342023828e+000
169 156 115
2 46 2851 252.2700 40.2600 47 2228 208.6700 -1.3400
-2.0586576735e+001 -3.3287418038e+000 -4.3093125887e+001
251 53 99
2 46 2852 -779.6400 -129.9800 47 2210 -775.6900 38.7600
-9.2026201097e-001 4.6707429717e-001 -6.4320490168e+000
194 179 137
2 46 2862 -231.5200 121.5600 47 2225 -252.8400 72.1100
-2.8199074620e+001 1.0960313528e+000 -4.9728061386e+001
77 65 136
2 46 2863 -927.0100 37.5200 47 2222 -924.8100 214.9700
