# Bundle file v0.3
60 680
0 0 0
0 0 0
0 0 0
0 0 0
0 0 0
0 0 0
0 0 0
0 0 0
0 0 0
0 0 0
0 0 0
0 0 0
0 0 0
0 0 0
0 0 0
0 0 0
0 0 0
0 0 0
0 0 0
0 0 0
0 0 0
0 0 0
0 0 0
0 0 0
0 0 0
0 0 0
0 0 0
0 0 0
0 0 0
0 0 0
0 0 0
0 0 0
0 0 0
0 0 0
0 0 0
0 0 0
0 0 0
0 0 0
0 0 0
0 0 0
0 0 0
0 0 0
0 0 0
0 0 0
0 0 0
0 0 0
0 0 0
0 0 0
0 0 0
0 0 0
0 0 0
0 0 0
0 0 0
0 0 0
0 0 0
0 0 0
0 0 0
0 0 0
0 0 0
0 0 0
0 0 0
0 0 0
0 0 0
0 0 0
0 0 0
0 0 0
0 0 0
0 0 0
0 0 0
0 0 0
0 0 0
0 0 0
0 0 0
0 0 0
0 0 0
0 0 0
0 0 0
0 0 0
0 0 0
0 0 0
0 0 0
0 0 0
0 0 0
0 0 0
0 0 0
0 0 0
0 0 0
0 0 0
0 0 0
0 0 0
0 0 0
0 0 0
0 0 0
0 0 0
0 0 0
0 0 0
0 0 0
0 0 0
0 0 0
0 0 0
0 0 0
0 0 0
0 0 0
0 0 0
0 0 0
0 0 0
0 0 0
0 0 0
0 0 0
0 0 0
0 0 0
0 0 0
0 0 0
0 0 0
0 0 0
0 0 0
0 0 0
0 0 0
0 0 0
0 0 0
0 0 0
0 0 0
0 0 0
0 0 0
0 0 0
0 0 0
0 0 0
0 0 0
0 0 0
0 0 0
0 0 0
0 0 0
0 0 0
0 0 0
0 0 0
0 0 0
0 0 0
0 0 0
0 0 0
0 0 0
0 0 0
0 0 0
0 0 0
0 0 0
0 0 0
0 0 0
0 0 0
0 0 0
0 0 0
0 0 0
0 0 0
0 0 0
0 0 0
0 0 0
0 0 0
0 0 0
0 0 0
0 0 0
0 0 0
0 0 0
0 0 0
0 0 0
0 0 0
0 0 0
0 0 0
0 0 0
0 0 0
0 0 0
0 0 0
0 0 0
0 0 0
0 0 0
0 0 0
0 0 0
0 0 0
0 0 0
0 0 0
0 0 0
0 0 0
0 0 0
0 0 0
0 0 0
0 0 0
0 0 0
0 0 0
0 0 0
0 0 0
0 0 0
0 0 0
0 0 0
1.6294478528e+003 0.0000000000e+000 0.0000000000e+000
1.0000000000e+000 0.0000000000e+000 0.0000000000e+000
0.0000000000e+000 1.0000000000e+000 0.0000000000e+000
0.0000000000e+000 0.0000000000e+000 1.0000000000e+000
-0.0000000000e+000 -0.0000000000e+000 -0.0000000000e+000
1.6294478528e+003 0.0000000000e+000 0.0000000000e+000
9.9949206539e-001 3.1341993105e-002 5.7698082960e-003
-3.0852721923e-002 9.9698809433e-001 -7.1153702062e-002
-7.9825290171e-003 7.0939546343e-002 9.9744867537e-001
-1.4957418699e-001 -9.2149949439e-001 -3.5842188052e-001
0 0 0
0 0 0
0 0 0
0 0 0
0 0 0
0 0 0
0 0 0
0 0 0
0 0 0
0 0 0
0 0 0
0 0 0
0 0 0
0 0 0
0 0 0
0 0 0
0 0 0
0 0 0
0 0 0
0 0 0
0 0 0
0 0 0
0 0 0
0 0 0
0 0 0
0 0 0
0 0 0
0 0 0
0 0 0
0 0 0
0 0 0
0 0 0
0 0 0
0 0 0
0 0 0
0 0 0
0 0 0
0 0 0
0 0 0
0 0 0
0 0 0
0 0 0
0 0 0
0 0 0
0 0 0
0 0 0
0 0 0
0 0 0
0 0 0
0 0 0
0 0 0
0 0 0
0 0 0
0 0 0
0 0 0
0 0 0
0 0 0
0 0 0
0 0 0
0 0 0
0 0 0
0 0 0
0 0 0
0 0 0
0 0 0
0 0 0
0 0 0
0 0 0
0 0 0
0 0 0
0 0 0
0 0 0
0 0 0
0 0 0
0 0 0
0 0 0
0 0 0
0 0 0
0 0 0
0 0 0
0 0 0
0 0 0
0 0 0
0 0 0
0 0 0
0 0 0
0 0 0
0 0 0
0 0 0
0 0 0
0 0 0
0 0 0
0 0 0
0 0 0
0 0 0
0 0 0
0 0 0
0 0 0
0 0 0
0 0 0
3.9544308123e-001 -1.0725787453e+000 -9.1036113719e+000
160 41 54
2 38 613 70.7800 -191.9800 39 693 27.3100 -232.0200
-2.8332722760e-001 -9.3305214605e-001 -8.5741805000e+000
155 152 136
2 38 1931 -53.0700 -177.4100 39 1694 -93.6700 -223.7300
-7.5800625014e-001 -1.0696944301e+000 -8.6139717352e+000
27 56 41
2 38 2120 -143.1600 -202.3700 39 1902 -179.1500 -244.1400
-2.2178975472e-001 -8.5925284185e-001 -8.5250568601e+000
31 60 43
2 38 1511 -43.2600 -164.1300 39 618 -80.8100 -212.8800
-2.4465658882e-001 -6.8070524053e-001 -8.2791835048e+000
159 170 103
2 38 1918 -47.9100 -134.0000 39 1885 -87.3800 -188.7200
4.8607263329e-001 -8.8597593958e-001 -8.8510708467e+000
166 45 48
2 38 1514 89.5200 -163.1100 39 1461 45.2900 -209.5400
-2.2178975472e-001 -8.5925284185e-001 -8.5250568601e+000
31 60 43
2 38 1512 -43.2600 -164.1300 39 619 -80.8100 -212.8800
5.9258558192e-001 -6.4316259106e-001 -8.5416616096e+000
165 34 44
2 38 1723 113.1600 -122.7100 39 1681 68.0000 -177.5900
1.0241330026e+000 -1.0282554349e+000 -9.2494492360e+000
144 86 82
2 38 1175 180.3900 -181.1400 39 1151 132.9500 -222.5600
-6.0811230286e-001 -4.2208827822e-001 -7.9426589493e+000
137 145 66
2 38 1888 -124.5800 -86.6100 39 1872 -160.3500 -148.7600
-4.0134267607e-001 -2.9205984740e-001 -7.8926956302e+000
159 162 24
2 38 1441 -82.9100 -60.2900 39 1051 -119.5400 -126.1800
-3.1209084375e-002 -1.6754871498e-001 -7.9537567798e+000
29 57 34
2 38 1877 -7.4800 -34.1900 39 1664 -44.3800 -102.5400
-6.0808936262e-002 -3.2432485882e-001 -8.0513773261e+000
22 56 37
2 38 1705 -12.8500 -65.5700 39 1402 -51.1500 -129.8900
-6.0808936262e-002 -3.2432485882e-001 -8.0513773261e+000
22 56 37
2 38 1704 -12.8500 -65.5700 39 1401 -51.1500 -129.8900
-6.8239740074e-001 -3.7797923733e-001 -7.8599081994e+000
29 60 41
2 38 1715 -141.1600 -78.3900 39 1668 -176.5200 -142.3000
-4.6999228871e-001 -4.8275368449e-001 -8.0151083808e+000
147 144 43
2 38 1716 -95.5700 -98.1400 39 1429 -132.2800 -158.9900
2.5180994037e+000 -8.9726018388e-002 -8.8922552626e+000
193 141 109
2 38 1427 460.9000 -16.3300 39 1032 407.8199 -80.4200
-1.0260066817e+000 -4.9839217385e-001 -7.8010458479e+000
23 50 23
2 38 1481 -213.2800 -104.1900 39 526 -247.6200 -165.8200
3.7050468978e+000 -1.0545051633e-001 -9.2053660330e+000
134 48 51
2 38 1703 656.2900 -18.7800 39 1398 594.5200 -82.5300
3.2568458213e+000 -5.2869306616e-001 -9.4869345062e+000
195 134 114
2 38 1018 559.4000 -90.8100 39 1090 500.1801 -144.0800
-7.4744946842e-001 -7.1553702953e-001 -8.1591110509e+000
30 67 35
2 38 1914 -148.8600 -142.9400 39 1894 -184.7400 -196.6800
-4.0134267607e-001 -2.9205984740e-001 -7.8926956302e+000
159 162 24
2 38 1440 -82.9100 -60.2900 39 1050 -119.5400 -126.1800
1.4569830254e+000 -8.9941217337e-002 -8.4143502629e+000
186 128 109
2 38 1690 282.3300 -17.4500 39 1382 233.0601 -84.9500
-3.8853746436e-001 -7.0116793471e-001 -8.2299576284e+000
125 139 68
2 38 1917 -77.1400 -138.8000 39 1680 -114.6700 -193.5400
-5.4333709363e-001 -3.4379036102e-001 -7.8686131541e+000
26 56 27
2 38 1461 -112.1600 -71.2300 39 1425 -148.6800 -136.1400
-5.4333709363e-001 -3.4379036102e-001 -7.8686131541e+000
26 56 27
2 38 1462 -112.1600 -71.2300 39 1426 -148.6800 -136.1400
3.3833426228e+000 3.7999959738e-002 -8.9371939623e+000
196 137 107
2 38 2331 616.2700 7.0700 39 2305 558.2400 -61.8900
3.9125839445e+000 -1.1651641709e-001 -9.3135306240e+000
194 139 93
2 38 377 684.7800 -20.4500 39 428 622.6801 -83.2900
1.6839742564e+000 -1.3581261930e-001 -8.5590446239e+000
190 125 105
2 38 1693 320.5601 -25.8500 39 1384 270.4100 -91.3300
2.5180994037e+000 -8.9726018388e-002 -8.8922552626e+000
193 141 109
2 38 1426 460.9000 -16.3300 39 1033 407.8199 -80.4200
3.2741958836e+000 -1.8960509807e-001 -9.1814197102e+000
139 96 84
2 38 1436 581.2500 -33.6900 39 1396 522.2900 -95.1400
-7.3484493999e-001 -3.4915177458e-001 -7.7792928233e+000
135 136 74
2 38 1713 -153.8500 -73.1400 39 1422 -188.2900 -138.8500
7.4100119119e-001 -3.1968422339e-001 -8.3284931823e+000
174 114 81
2 38 1884 145.0699 -62.5600 39 1868 99.7900 -125.6400
3.2304526201e+000 -5.8237937080e-001 -9.5233107144e+000
188 126 107
2 38 1020 553.1801 -99.7500 39 503 493.0800 -151.6000
-1.6285992519e-001 -4.6525749138e-001 -8.0759682192e+000
150 152 62
2 38 1718 -32.5500 -93.9100 39 1670 -72.3900 -155.4000
-1.6285992519e-001 -4.6525749138e-001 -8.0759682192e+000
150 152 62
2 38 1717 -32.5500 -93.9100 39 1669 -72.3900 -155.4000
1.0766154851e+000 -5.6552225476e-001 -8.6570391706e+000
17 56 92
2 38 1900 202.8600 -106.4800 39 1874 154.5400 -162.6000
-8.2012907235e-001 -1.0557835046e+000 -8.5524519519e+000
143 154 67
2 38 1539 -156.5800 -201.1200 39 1174 -190.9800 -243.8500
-6.7758911874e-001 -9.7368852265e-001 -8.4814520633e+000
114 137 124
2 38 2114 -130.4100 -187.0400 39 2071 -166.0200 -232.6300
-3.7222705058e-001 -9.8572161340e-001 -8.6366735536e+000
35 58 41
2 38 2118 -70.1600 -185.9800 39 1904 -108.6400 -230.3900
1.1413287068e+000 3.1006774207e-002 -8.1713660780e+000
17 85 134
2 38 2288 227.6100 6.1800 39 2260 180.8000 -65.8900
4.9205010146e+000 2.6555342600e-001 -9.4944732140e+000
161 98 58
2 38 328 844.0500 45.6900 39 357 781.6300 -22.1500
4.3630311715e+000 1.9156126001e-001 -9.3515138673e+000
90 65 61
2 38 937 760.3400 33.3500 39 993 698.7300 -33.4900
3.9858125207e+000 5.1364850864e-002 -9.2388316193e+000
190 82 42
2 38 947 703.4000 8.9500 39 1009 641.4600 -56.8600
1.3749835864e+000 -3.5211150143e-002 -8.3757655594e+000
187 130 105
2 38 1409 267.5500 -6.8600 39 1378 219.4000 -75.2500
3.2741958836e+000 -1.8960509807e-001 -9.1814197102e+000
139 96 84
2 38 1435 581.2500 -33.6900 39 1395 522.2900 -95.1400
4.3857664989e+000 -5.5386159986e-002 -9.5058447357e+000
185 162 144
2 38 984 751.8101 -9.5000 39 1044 689.0000 -71.8500
2.6721501954e+000 1.3309002169e-001 -8.7335120933e+000
169 33 48
2 38 1872 499.1100 24.7100 39 1649 443.5000 -44.6700
1.0104827647e+000 -2.0635178021e-001 -8.3449208964e+000
14 59 83
2 38 1443 197.6600 -40.3500 39 1406 150.4700 -105.6200
3.3426935866e-001 -6.3065437378e-001 -8.4111271600e+000
131 88 79
2 38 1492 64.7300 -122.1700 39 1446 21.5600 -178.2400
-3.2469036469e-001 -6.3997588400e-001 -8.1305093252e+000
33 60 32
2 38 1896 -65.3200 -128.2300 39 1884 -103.3300 -185.9400
1.8742875202e-001 -6.7284772577e-001 -8.5537896549e+000
161 107 104
2 38 2099 35.3800 -128.1300 39 1886 -5.6200 -180.4100
3.3126966849e+000 -7.2245127192e-002 -9.1119502287e+000
195 144 124
2 38 980 592.6500 -12.9800 39 423 533.7800 -76.8300
-6.3225671108e-002 -1.0640057567e-001 -7.9188309381e+000
147 156 129
2 38 1876 -12.9600 -21.9000 39 1858 -51.6700 -91.1200
4.5176932305e+000 3.4754609492e-001 -9.3097912615e+000
34 18 32
2 38 1679 790.5601 60.8700 39 1365 729.6700 -8.8200
4.4293225223e+000 2.4632912618e-001 -9.3386551133e+000
184 159 142
2 38 1391 772.7000 43.0200 39 996 711.6000 -24.9500
1.3954101389e+000 -1.3054900814e-001 -8.4270113826e+000
114 59 63
2 38 371 269.6300 -25.2100 39 395 221.3800 -91.8800
-3.5267794664e-001 -4.1584897979e-001 -8.0234438266e+000
24 53 30
2 38 1465 -72.3600 -84.3700 39 1078 -108.2900 -146.6400
4.0590624736e+000 -6.4033938696e-001 -1.0008231566e+001
172 146 128
2 38 1506 661.5100 -104.4200 39 1437 598.2500 -151.9600
-4.9982789787e-001 -8.4354044317e-001 -8.3735282632e+000
28 55 40
2 38 1929 -96.9800 -164.1800 39 1691 -134.8500 -213.9500
3.0703754740e-001 -5.4572375379e-001 -8.3058347835e+000
173 156 133
2 38 1042 60.2300 -107.0600 39 1110 17.3200 -165.8800
1.4855171041e+000 -9.2691878546e-001 -9.2412561948e+000
140 80 70
2 38 1119 262.2800 -163.5000 39 631 211.1000 -208.1900
-2.4550188160e-001 2.9215664486e-001 -7.6661371241e+000
160 158 137
2 38 2083 -52.0200 62.0800 39 1857 -87.9500 -15.7300
4.9551548231e+000 1.4281300069e-001 -9.6004921055e+000
159 92 46
2 38 1404 840.8000 24.3000 39 1012 777.3700 -40.7800
4.7160706627e+000 2.5468989760e-001 -9.3671078635e+000
183 100 52
2 38 2192 820.1801 44.3600 39 2046 757.5100 -24.6400
2.9518256812e+000 1.2880819504e-001 -8.8331629509e+000
170 34 47
2 38 2193 545.1000 23.6300 39 2047 488.0200 -45.1900
3.4902996329e+000 5.6060460093e-001 -8.9536397756e+000
22 20 44
2 38 1867 635.1600 102.0300 39 1854 580.4900 29.2900
4.4288788068e+000 3.2652743166e-001 -9.2775126603e+000
37 17 19
2 38 938 777.8600 57.3500 39 994 716.7900 -12.2700
4.4880108289e+000 2.9414331430e-001 -9.3242375616e+000
186 159 138
2 38 1390 784.1600 51.4400 39 1366 723.0100 -17.4400
4.4449828777e+000 1.3858428037e-001 -9.4006740328e+000
190 173 145
2 38 1688 770.9500 23.8900 39 1653 707.8600 -41.8300
3.2922464900e+000 -1.3978526408e-001 -9.1385375888e+000
199 145 114
2 38 1433 587.8500 -25.1200 39 1042 527.5500 -87.5100
3.8458460506e+000 -1.8510707345e-001 -9.4059227647e+000
193 129 58
2 38 375 666.3700 -32.1000 39 426 605.1100 -92.4600
-3.8173941787e-001 -3.7974576837e-001 -7.9499390972e+000
174 163 47
2 38 1008 -77.9200 -77.8700 39 1076 -115.7800 -141.6200
1.3517067768e+000 -1.4154529880e-001 -8.4518046547e+000
187 128 110
2 38 1410 260.7200 -27.3100 39 1379 212.2600 -93.0000
4.8030021152e+000 -1.3104550734e-002 -9.7079778493e+000
174 106 40
2 38 1402 806.4200 -2.2700 39 1374 742.3900 -63.2700
1.4422221270e+000 -1.4966557423e-001 -8.4358310118e+000
197 132 112
2 38 1411 278.7500 -28.9400 39 1383 229.2900 -95.3700
-1.1716416145e-001 -1.0049763031e+000 -8.7671621524e+000
33 63 19
2 38 1168 -22.1200 -186.7400 39 688 -61.5900 -230.2600
-1.1716416145e-001 -1.0049763031e+000 -8.7671621524e+000
33 63 19
2 38 1169 -22.1200 -186.7400 39 689 -61.5900 -230.2600
1.0240569831e+000 -7.3258830690e-001 -8.8634240132e+000
18 65 112
2 38 1730 188.2700 -134.6800 39 1682 140.7500 -185.2700
1.6279473382e+000 6.2265092262e-001 -8.3779455737e+000
167 165 135
2 38 917 316.1300 121.1900 39 966 272.3500 45.8900
2.1019880291e+000 7.2076295258e-001 -8.5690926681e+000
164 91 90
2 38 1669 399.2200 137.1500 39 1635 353.9800 62.6900
2.5633362091e+000 -1.4033588510e-001 -8.8513791256e+000
186 129 102
2 38 970 471.9100 -25.8400 39 405 416.6300 -90.2700
4.0849212800e+000 -4.8187744715e-001 -9.7896423403e+000
188 153 126
2 38 1025 680.3600 -80.3200 39 509 617.0601 -132.8000
3.9788276204e+000 -7.3359850231e-002 -9.3320901044e+000
104 37 11
2 38 378 694.8900 -12.8500 39 430 633.0800 -76.0800
-6.6717700093e-001 -5.5076180014e-001 -7.9166335929e+000
47 105 123
2 38 1038 -137.6300 -113.3300 39 1101 -172.5500 -174.3600
4.1261768804e+000 -3.9386099920e-001 -9.7355036156e+000
189 162 126
2 38 996 690.9100 -66.0000 39 1062 627.9800 -120.3400
3.9639716448e+000 -7.9273041406e-001 -1.0129351836e+001
166 139 117
2 38 1078 638.2100 -127.6600 39 590 575.4000 -171.7900
3.9953592098e+000 1.2832349606e-001 -9.2214274715e+000
209 121 71
2 38 1401 706.6700 22.5000 39 1372 644.7700 -44.1200
6.4443488088e-001 -8.0352181084e-001 -8.7016025316e+000
130 32 68
2 38 1515 121.3600 -150.5700 39 1148 74.3400 -201.0100
-6.0481987347e-001 -8.8819685945e-001 -8.4040600412e+000
150 153 39
2 38 1928 -117.3700 -172.2000 39 1690 -153.6700 -220.4500
3.9522645803e+000 1.9141191175e-001 -9.2089379582e+000
186 92 29
2 38 2249 699.6300 33.7900 39 2216 639.3300 -33.5300
8.7372298209e-001 4.5489401887e-003 -8.1608993362e+000
102 22 57
2 38 2287 173.8700 1.0000 39 2261 130.2600 -69.7100
3.6181266599e+000 2.6219391532e-001 -8.9616897681e+000
101 23 37
2 38 2330 658.4000 47.5400 39 2304 598.7400 -23.3000
2.0601963017e+000 7.7290480085e-001 -8.5944131088e+000
93 29 30
2 38 899 390.5900 146.5400 39 941 345.2700 72.7500
3.1250941708e+000 6.6670269048e-001 -8.8853645569e+000
65 32 41
2 38 922 572.8500 122.3200 39 303 521.6700 49.3500
3.3935653484e+000 7.6780205106e-001 -8.9892788868e+000
31 27 55
2 38 908 614.7800 139.2600 39 950 563.7300 66.3000
3.4202183751e+000 7.2616495023e-001 -9.0182466362e+000
35 30 51
2 38 909 617.9600 131.2100 39 975 565.8400 59.1400
1.7069394033e+000 6.2270269632e-001 -8.4081303801e+000
187 149 99
2 38 1369 330.7200 120.6900 39 967 285.6899 45.7800
2.1019880291e+000 7.2076295258e-001 -8.5690926681e+000
164 91 90
2 38 1668 399.2200 137.1500 39 1634 353.9800 62.6900
2.8615107761e+000 6.5684695788e-001 -8.7855644056e+000
68 21 32
2 38 1374 530.5601 121.8600 39 1355 480.2300 48.3500
2.9672018861e+000 6.5843045652e-001 -8.8543179373e+000
82 35 41
2 38 1375 546.0500 121.1700 39 1356 495.1500 48.6000
2.7799802939e+000 4.6434240419e-001 -8.7201322178e+000
46 14 25
2 38 1384 519.4100 86.7800 39 985 467.2000 13.7000
2.8134127752e+000 -1.9517567191e-001 -8.9912193803e+000
186 70 74
2 38 974 510.2200 -35.4500 39 1038 452.8800 -97.9000
1.5745518216e-001 6.2606225290e-001 -7.8567299935e+000
36 59 48
2 38 2067 32.8300 129.8200 39 2040 -3.7600 51.3700
2.0712953099e+000 6.4778455791e-001 -8.5489014829e+000
121 53 64
2 38 1864 394.2300 123.5800 39 1849 348.6300 49.3000
4.4750193024e+000 8.6335356590e-002 -9.4046591696e+000
33 17 31
2 38 950 775.6300 14.8800 39 1011 712.2200 -50.6600
1.8177670627e+000 -1.5131198889e-001 -8.6542415556e+000
195 134 99
2 38 958 342.3101 -28.5000 39 1023 291.3900 -92.6400
-3.3863880983e-001 -3.7853382504e-001 -7.9776153790e+000
178 173 28
2 38 1009 -69.4900 -77.2800 39 476 -106.3300 -140.8800
4.0649046579e+000 -5.6798576724e-001 -9.9014164116e+000
191 158 138
2 38 464 669.4900 -93.6100 39 507 606.2300 -143.4700
-7.9493147810e-001 -6.9281971655e-001 -8.0746574488e+000
152 158 40
2 38 1093 -160.4100 -139.8100 39 1099 -195.1100 -195.2500
-1.3988118705e-001 7.0533798050e-001 -7.8066200714e+000
167 151 91
2 38 2066 -29.2600 147.2300 39 2030 -62.8100 68.7400
3.3278612052e+000 8.4095598495e-001 -9.0969047018e+000
155 121 97
2 38 1854 596.3199 150.5800 39 1847 545.9399 80.0800
2.5420900585e+000 -1.8573980237e-001 -8.8610358670e+000
192 135 105
2 38 1428 467.6700 -34.2000 39 1392 411.8600 -97.8500
2.0105221871e-001 -7.1797603557e-001 -8.4586359352e+000
163 164 146
2 38 1105 38.9600 -138.3400 39 548 -3.9100 -191.7900
-3.1720100299e-001 -9.7185734125e-001 -8.6330733935e+000
160 160 43
2 38 1166 -59.6400 -183.4600 39 617 -98.8600 -228.3300
-1.0716814821e+002 4.7199845666e+001 -2.9243499101e+002
81 66 54
2 38 1586 -596.4500 262.9900 39 1529 -609.0600 397.6900
7.1031406837e-001 -4.1650706039e-001 -8.3730569678e+000
200 140 104
2 38 1889 138.2000 -81.0500 39 1671 93.0100 -142.1500
4.4796786023e+000 -8.2289881063e-001 -1.0419325555e+001
132 112 103
2 38 1727 701.1300 -128.8400 39 1459 636.7400 -170.9000
4.7692771237e+000 -2.7077635954e+000 -1.0220463155e+001
136 120 122
2 38 1947 761.0200 -431.8900 39 1726 675.3101 -459.2900
-1.5582882507e+002 6.1383852345e+001 -3.0973932230e+002
88 78 66
2 38 1780 -820.2000 322.9100 39 1737 -835.2700 467.4500
-1.8493280624e+002 6.1984306396e+001 -3.4112215180e+002
71 60 62
2 38 1781 -884.1700 296.0500 39 1739 -899.8400 442.3000
-1.7510401639e+002 6.3861949401e+001 -4.2194361225e+002
89 40 29
2 38 1809 -676.2000 246.6200 39 1742 -688.9800 385.1900
-1.2081292425e+002 4.9687701811e+001 -3.4094173640e+002
55 55 70
2 38 1810 -576.6900 237.4600 39 1746 -589.1000 371.5700
2.6353330191e+000 7.0667493309e-001 -8.7364705661e+000
73 26 37
2 38 2182 491.0601 131.9000 39 2162 443.0200 58.1400
-1.2005148609e+002 6.2802920848e+001 -3.3969024907e+002
69 55 44
2 38 1984 -575.3900 301.2500 39 1937 -586.9500 437.2700
-1.5105389949e+002 5.9991617442e+001 -3.2242408631e+002
57 47 42
2 38 1981 -762.4400 303.2000 39 1936 -778.8800 445.2700
-1.4215214297e+002 5.9798101370e+001 -3.0642502850e+002
92 83 66
2 38 1978 -756.0700 317.9800 39 1935 -770.1800 460.1000
-1.1896242578e+002 4.9598773318e+001 -3.1679090440e+002
115 95 84
2 38 1991 -611.1000 255.1100 39 1943 -624.2200 390.5000
2.8496302385e+000 5.5964489698e-001 -8.7331394673e+000
152 107 55
2 38 2245 531.8700 104.3800 39 2210 479.6600 30.6400
3.7185531201e+000 6.1872151284e-001 -9.0748910999e+000
14 61 103
2 38 2247 667.8700 111.0500 39 2212 612.7000 39.3100
4.6866466778e+000 -2.8052418646e-001 -9.9004787972e+000
178 146 125
2 38 1887 771.2700 -46.1500 39 1871 707.6500 -101.5700
-1.6786880858e+002 6.1788159334e+001 -3.0679034545e+002
101 89 53
2 38 2132 -891.9300 328.1600 39 2083 -908.9500 475.2800
-1.4631366792e+002 6.2524011484e+001 -3.5044155334e+002
65 55 51
2 38 2139 -679.7900 290.7200 39 2088 -693.6100 430.0200
-1.2227478880e+002 5.9398779555e+001 -3.3476691642e+002
39 23 23
2 38 2140 -594.4300 289.1100 39 2090 -606.9400 425.3000
-1.8485843964e+002 6.2981996834e+001 -3.3431962836e+002
51 35 37
2 38 2136 -901.6600 306.9400 39 1932 -918.0700 454.0700
3.4578558308e+000 3.3801059902e-001 -8.9294324735e+000
68 18 27
2 38 2248 630.9100 61.7000 39 2215 574.1801 -9.8400
-1.5531900867e+002 6.6571732965e+001 -3.4781490973e+002
139 112 69
2 38 2222 -727.3300 311.8800 39 2085 -741.7400 453.4700
-2.6100316085e-001 -5.4948757718e-003 -7.7470689351e+000
62 111 141
2 38 2250 -55.2100 -1.1200 39 2166 -91.4500 -74.1600
2.9174820005e-001 -5.5676009374e-001 -8.3500844854e+000
160 141 125
2 38 2289 56.5200 -108.5900 39 2222 14.6900 -166.4800
-1.2657488169e+000 1.3089803530e+000 -8.2160271628e+000
167 39 46
2 38 1270 -250.7000 259.5800 39 1283 -274.3500 194.2400
-1.2061137589e+000 1.3153449713e+000 -8.2557634752e+000
176 27 44
2 38 777 -238.0400 259.6100 39 1285 -261.3100 194.7100
1.2556938556e+000 1.3607874201e+000 -8.9865217216e+000
196 93 85
2 38 1298 227.8700 246.7100 39 1299 193.2300 182.8000
2.2490516360e+000 9.9749205782e-001 -8.8373991758e+000
120 88 89
2 38 866 414.4200 183.9700 39 911 371.6300 112.9200
-8.5587419486e-001 6.4363789765e-001 -7.5157383796e+000
158 157 138
2 38 891 -185.4000 139.5300 39 960 -214.8900 58.7800
2.6055303378e+000 8.1385078744e-001 -8.7939454297e+000
164 126 113
2 38 904 483.0699 150.7400 39 946 435.0500 78.0700
3.3939203705e+000 8.4368600456e-001 -9.0848112372e+000
28 28 56
2 38 907 608.6600 151.3400 39 949 558.4200 80.0600
2.2984001805e+000 6.3859624176e-001 -8.5970502903e+000
84 32 36
2 38 278 435.8600 120.9900 39 971 387.2600 46.8900
2.9563584273e+000 3.9671849378e-001 -8.7680999596e+000
137 83 51
2 38 310 549.6500 73.6700 39 328 495.2500 1.2700
-1.3149788925e+000 1.0774329727e+000 -7.8742274998e+000
176 38 46
2 38 1296 -272.4300 222.9800 39 1307 -295.5700 151.0800
1.0047438610e+000 9.4678248356e-001 -8.3713935411e+000
181 46 41
2 38 1342 195.1600 184.3500 39 1330 157.9200 110.5200
1.6235253118e+000 1.2043698020e+000 -8.8427756904e+000
16 78 121
2 38 1613 298.7500 222.0000 39 1600 261.6500 153.5000
1.5961209682e+000 6.5316683283e-001 -8.3667317853e+000
69 41 59
2 38 894 310.5500 127.2600 39 965 266.7900 51.7600
2.4918508193e+000 6.4677787749e-001 -8.6672508894e+000
62 26 24
2 38 1372 467.8199 121.7300 39 1354 420.1700 47.5900
4.0393074007e+000 5.9892450902e-001 -9.1407636323e+000
138 51 67
2 38 925 720.2700 106.7100 39 312 663.1700 34.7400
4.0043210501e+000 8.6426937022e-003 -9.2915985004e+000
131 49 26
2 38 350 702.2900 1.5000 39 377 640.9700 -63.3000
8.9750543412e-001 -1.2786859637e-001 -8.3001517962e+000
12 84 124
2 38 956 176.4301 -25.1400 39 1020 130.7300 -91.4800
-6.4880880032e-001 -3.9195603526e-001 -7.8704946786e+000
22 50 39
2 38 1002 -134.4000 -81.1400 39 470 -169.3200 -144.9600
-7.9784983785e-001 -6.3097992735e-001 -8.0232180613e+000
159 153 46
2 38 1036 -162.2100 -128.1300 39 532 -196.3500 -185.3000
-7.2979885541e-001 -5.6190153563e-001 -7.9491197737e+000
40 58 26
2 38 484 -149.6100 -115.1800 39 536 -184.5400 -174.9800
5.2902643070e-001 7.8583633182e-001 -8.0951035255e+000
29 55 20
2 38 2052 106.9100 158.1200 39 2032 68.9900 82.0500
5.2902643070e-001 7.8583633182e-001 -8.0951035255e+000
29 55 20
2 38 2051 106.9100 158.1200 39 2031 68.9900 82.0500
7.7417881940e-001 8.2812455775e-001 -8.2308568175e+000
165 88 78
2 38 1842 153.0100 163.9800 39 1843 115.5800 89.1000
3.2295477828e+000 9.1195503203e-001 -9.0870274819e+000
76 46 59
2 38 1655 579.1000 163.5300 39 1836 530.4301 92.8400
-2.1293706472e+000 7.1090453379e-001 -7.7270574976e+000
195 171 145
2 38 1663 -448.7100 149.9000 39 1624 -468.9300 82.0700
5.1312608472e+000 4.7724882749e-001 -9.4851041583e+000
199 104 52
2 38 1680 881.2100 82.0700 39 1856 819.3500 11.6500
2.8477085085e+000 -1.0148164492e-001 -8.9669211625e+000
202 86 93
2 38 976 517.3400 -18.4100 39 1037 461.4000 -82.5400
3.0043599609e+000 -2.7075904564e-001 -9.2033501457e+000
201 96 93
2 38 1448 532.1500 -47.9900 39 1057 474.5200 -106.9500
3.0227516038e+000 -3.8410029973e-001 -9.2235583111e+000
200 86 96
2 38 993 534.4600 -67.9600 39 1058 475.3800 -125.5800
3.2568458213e+000 -5.2869306616e-001 -9.4869345062e+000
195 134 114
2 38 1019 559.4000 -90.8100 39 1091 500.1801 -144.0800
-6.5763879007e-001 -6.2204819785e-001 -7.9987690082e+000
44 108 125
2 38 1483 -133.8600 -126.7300 39 1441 -169.8600 -185.2400
-8.4747696063e-001 1.1051831066e+000 -8.0915112091e+000
163 153 112
2 38 2009 -170.9000 222.5800 39 2006 -196.7300 152.7300
-5.7129454158e-001 1.0919853875e+000 -8.1501719430e+000
168 152 97
2 38 2025 -113.9300 218.2900 39 2008 -142.4600 148.2800
-1.8067865677e-001 1.0205094715e+000 -8.1230743331e+000
32 61 33
2 38 2029 -37.3100 204.8300 39 2139 -65.9400 131.8600
9.5312974678e-001 1.0272976391e+000 -8.4400347959e+000
179 46 47
2 38 2034 183.8300 198.3600 39 2013 147.3101 126.0000
3.3278612052e+000 8.4095598495e-001 -9.0969047018e+000
155 121 97
2 38 1855 596.3199 150.5800 39 1846 545.9399 80.0800
3.3117300217e+000 -2.4281544377e-001 -9.2113685736e+000
194 143 116
2 38 1450 586.0699 -43.0100 39 1414 526.4301 -103.6300
3.2553133653e+000 -4.2175361711e-001 -9.3261674641e+000
196 141 110
2 38 1471 569.1100 -73.7700 39 1413 508.9399 -130.5000
2.0266394097e+000 -6.2971414000e-001 -9.0841682308e+000
189 131 117
2 38 1060 363.8101 -113.0100 39 1121 309.7500 -165.8700
2.0105221871e-001 -7.1797603557e-001 -8.4586359352e+000
163 164 146
2 38 1106 38.9600 -138.3400 39 549 -3.9100 -191.7900
3.0136283811e+000 -8.4256687083e-001 -9.8352468371e+000
194 128 113
2 38 1523 499.1400 -139.5600 39 1129 441.8800 -183.5600
-1.3317029507e+002 4.2507721160e+001 -2.4258543826e+002
67 53 53
2 38 1572 -895.3200 285.4900 39 1516 -911.0200 429.7400
-1.5982925137e+002 5.6062837330e+001 -3.5267828414e+002
158 108 87
2 38 1585 -737.9000 259.0300 39 1527 -752.9400 399.2600
-2.3144121821e+002 6.5353040506e+001 -4.1879810812e+002
108 62 46
2 38 1584 -901.9400 254.2100 39 1522 -916.3800 400.6000
-2.0741813381e+002 4.9079077869e+001 -3.6182165701e+002
145 112 97
2 38 1806 -935.8000 220.9400 39 1531 -950.1000 366.8500
-2.1049261501e+002 5.0951723466e+001 -3.7522259839e+002
134 102 90
2 38 1601 -914.1700 221.2600 39 1533 -931.2900 366.5000
-5.0974452464e+002 7.3390307981e+001 -9.3378591952e+002
75 44 41
2 38 1661 -889.1600 128.0800 39 1553 -905.9900 272.7400
-2.4925920212e+002 3.0292054529e+001 -4.6079680726e+002
65 44 59
2 38 1673 -882.8000 107.0600 39 1562 -895.8300 249.4200
2.5652638298e+000 9.9013652483e-001 -8.9437099698e+000
144 119 97
2 38 2174 467.5200 180.3600 39 2147 422.4600 110.0100
1.5846965364e+000 8.8412839585e-001 -8.6071955056e+000
21 78 107
2 38 2054 300.3800 167.3100 39 2023 258.3800 96.0000
2.9789939745e+000 8.9634194742e-001 -8.9769964973e+000
73 30 40
2 38 2057 540.6300 162.7200 39 2036 492.8700 91.1700
7.7720641799e-001 -9.9684984572e-002 -8.1380881308e+000
144 21 24
2 38 1878 155.6200 -19.9600 39 1860 110.7800 -89.4100
3.3208777174e+000 -1.5642337705e-001 -9.1378249217e+000
193 138 106
2 38 1702 592.3300 -27.9300 39 1662 533.0200 -90.7100
4.0278279480e+000 -3.0042248746e-001 -9.5305840851e+000
172 81 47
2 38 1712 689.1700 -51.5000 39 1666 625.6899 -109.4300
4.9360262425e+000 -2.1842150497e+000 -9.8114473543e+000
44 32 44
2 38 1944 819.3700 -362.6300 39 1715 734.6400 -402.5500
-2.2954045595e+002 6.1561599482e+001 -4.1217386249e+002
148 94 77
2 38 1597 -907.7000 243.3600 39 1525 -924.5600 389.4600
-2.2954045595e+002 6.1561599482e+001 -4.1217386249e+002
148 94 77
2 38 1598 -907.7000 243.3600 39 1524 -924.5600 389.4600
-2.2877858522e+002 6.3131776352e+001 -4.2407268457e+002
164 74 53
2 38 1807 -878.9600 242.5800 39 1941 -895.9200 387.7900
-2.5683500872e+002 6.4353267960e+001 -4.7590424959e+002
130 104 89
2 38 1808 -879.8500 220.3200 39 1944 -895.5400 365.3500
-2.0383246317e+002 4.0245737859e+001 -4.0825909568e+002
45 27 23
2 38 1836 -813.5100 160.6300 39 1765 -828.6000 301.3200
-2.0745147499e+002 4.3824843020e+001 -4.2179256099e+002
115 95 82
2 38 1835 -801.4900 169.3000 39 1763 -816.2200 309.9300
-3.4865189955e+002 6.5717170012e+001 -6.5328278662e+002
70 40 50
2 38 1834 -870.2600 163.8900 39 1762 -885.0600 308.0500
1.6120746283e-001 8.1772386082e-001 -7.9755077324e+000
30 57 36
2 38 2240 32.6700 167.1000 39 2208 -1.4700 90.0000
-8.6241329500e-001 5.7110373507e-001 -7.4458625399e+000
48 99 123
2 38 2061 -188.7300 124.9800 39 2039 -218.2900 43.0200
5.1911627201e-002 -1.3193051839e-001 -7.9527011179e+000
163 164 144
2 38 2089 11.4100 -27.1300 39 1859 -29.8000 -95.8200
-8.0949024638e-001 -6.6320237019e-001 -8.0451948101e+000
90 118 87
2 38 1912 -164.1900 -134.3000 39 1880 -198.1900 -190.6200
-1.9582336317e+002 6.3589391644e+001 -4.2321733455e+002
100 42 31
2 38 2003 -753.2800 244.8400 39 1942 -768.8600 385.9300
-1.8853333150e+002 5.8792517690e+001 -3.9083772612e+002
51 31 30
2 38 2001 -786.1400 245.1100 39 1741 -800.7800 386.9800
-2.0720337767e+002 5.9551555876e+001 -4.2786788751e+002
132 113 110
2 38 2002 -789.0900 226.7900 39 1945 -803.9800 368.5800
-1.8832063217e+002 6.0233892705e+001 -4.4473242467e+002
132 90 82
2 38 2004 -689.9800 220.6900 39 1946 -703.0300 359.1700
-3.2004121263e+002 7.2244155022e+001 -5.8946773303e+002
131 101 87
2 38 2020 -885.2200 199.6800 39 1949 -900.7500 344.9800
-2.9630797677e+002 5.8536500299e+001 -6.1095326949e+002
61 41 32
2 38 2043 -789.8700 156.1300 39 1954 -805.3400 297.2600
-1.9729157106e+002 4.3368141357e+001 -4.1541665416e+002
66 47 30
2 38 2044 -773.8200 170.1100 39 1955 -788.3300 309.7900
-2.4384578580e+002 4.6729852316e+001 -5.6142665449e+002
163 103 69
2 38 2060 -707.2500 135.6300 39 1961 -721.5500 273.4000
-3.3360805507e+002 4.7185506510e+001 -7.5106306468e+002
93 70 78
2 38 2075 -723.7700 102.3700 39 1969 -737.3500 240.7600
-3.3360805507e+002 4.7185506510e+001 -7.5106306468e+002
93 70 78
2 38 2076 -723.7700 102.3700 39 1970 -737.3500 240.7600
1.9142509030e+000 7.3065841533e-001 -8.5649373087e+000
181 143 96
2 38 2181 364.1000 139.0200 39 2156 319.3900 65.6600
1.5607971130e+000 5.8439592675e-001 -8.3333826135e+000
167 161 134
2 38 2185 305.0100 114.3000 39 2161 260.5200 38.7900
-1.5192136686e-001 -6.5921785931e-001 -8.2428870304e+000
39 62 47
2 38 2098 -29.9800 -130.3200 39 2058 -69.8800 -186.5400
-1.6095443286e+002 5.7329311784e+001 -3.1125364407e+002
140 127 118
2 38 2137 -843.0800 300.1100 39 2087 -858.4800 444.6200
-1.5904468985e+002 6.0033330834e+001 -3.6687982125e+002
176 121 84
2 38 2145 -706.3800 266.6300 39 2094 -719.7000 406.2300
-2.2739864665e+002 6.7123678413e+001 -4.5692467403e+002
28 17 30
2 38 2233 -811.6900 239.3500 39 2193 -825.5600 382.5300
-3.1395391558e+002 5.6700632431e+001 -6.6292060638e+002
157 58 65
2 38 2177 -771.1800 139.3800 39 2105 -786.5300 279.7400
-2.3644179158e-001 6.4021625313e-001 -7.7212108588e+000
31 58 40
2 38 2281 -50.2700 135.1500 39 2257 -83.0700 55.5600
3.5104664495e+000 -3.2291443120e-001 -9.4485565539e+000
193 143 108
2 38 2197 605.2800 -55.6600 39 2054 546.0100 -112.6200
-2.2286785721e+002 6.9025302177e+001 -3.9833563349e+002
177 123 64
2 38 2230 -912.2800 282.3300 39 2191 -928.8900 429.7500
-2.2286785721e+002 6.9025302177e+001 -3.9833563349e+002
177 123 64
2 38 2231 -912.2800 282.3300 39 2190 -928.8900 429.7500
-2.0299518017e+002 4.5682952406e+001 -3.5940972716e+002
151 122 103
2 38 2234 -920.9800 207.0800 39 2097 -936.9200 351.9900
1.0637444707e+000 8.3104948296e-001 -8.2560064056e+000
170 159 132
2 38 2277 209.3199 164.1200 39 2252 170.7900 87.9300
-5.8098619748e-001 3.2066118095e-001 -7.5065011093e+000
28 91 126
2 38 2285 -125.9500 69.5900 39 2259 -159.3000 -10.3500
2.8172664924e+000 3.8131603664e-001 -8.7441481252e+000
41 16 27
2 38 2286 525.5200 70.9400 39 2258 471.2400 -0.9400
2.9174820005e-001 -5.5676009374e-001 -8.3500844854e+000
160 141 125
2 38 2290 56.5200 -108.5900 39 2221 14.6900 -166.4800
-1.5471828741e+002 4.9077067509e+001 -2.9226997822e+002
24 13 19
2 38 2274 -863.1700 273.5900 39 2233 -878.5700 417.5200
-2.0662855507e+002 5.1762026299e+001 -4.2805293309e+002
31 21 29
2 38 2276 -787.4100 197.0200 39 2236 -800.4600 337.9500
-4.3911691894e-001 4.4639366180e-001 -7.5858399093e+000
155 148 122
2 38 2303 -93.9800 95.8500 39 2283 -128.0400 15.9200
4.1311202389e+000 -8.1396569764e-001 -1.0228966839e+001
103 86 79
2 38 2259 658.8101 -129.8500 39 2177 595.0500 -173.0200
-1.7615452495e+002 5.9871111546e+001 -3.5156893222e+002
170 118 87
2 38 2318 -817.1400 277.4700 39 2291 -831.3900 420.9500
4.7655215936e+000 5.3347297897e-001 -9.8668260451e+000
174 102 39
2 38 2375 786.4399 88.2500 39 2352 731.1400 26.2300
-1.0982579451e+000 7.0657305974e-001 -7.4973163596e+000
180 154 112
2 38 1353 -238.7600 153.5700 39 1340 -265.6600 73.3800
1.6094344605e+000 1.0356717605e+000 -8.6708629142e+000
26 78 122
2 38 827 302.3101 194.6500 39 902 262.6801 123.5200
2.0059263228e+000 1.0182306930e+000 -8.7661137641e+000
162 94 93
2 38 139 372.9100 189.2600 39 903 330.7900 118.0900
1.9966711124e+000 9.7799371967e-001 -8.7294901918e+000
90 27 35
2 38 860 372.5000 182.5900 39 904 330.4200 110.8000
2.9309797931e+000 9.2609126009e-001 -8.9741651873e+000
79 29 35
2 38 872 531.5000 168.3000 39 921 485.4800 96.5000
3.2767764161e+000 9.1983524907e-001 -9.0777140290e+000
129 43 51
2 38 874 588.7500 164.9800 39 922 538.6300 94.1000
2.1647601957e+000 7.1327347901e-001 -8.5731458963e+000
163 99 101
2 38 239 411.2800 135.6000 39 252 364.9200 61.0600
2.7064834332e+000 6.8873093758e-001 -8.7448130786e+000
117 69 69
2 38 248 504.2300 128.3500 39 298 454.8199 54.6700
3.0206216274e+000 6.6086213599e-001 -8.8527037314e+000
62 24 32
2 38 286 556.0699 121.6200 39 299 504.6400 48.7500
3.6754544180e+000 7.6049937521e-001 -9.0926842581e+000
18 54 96
2 38 263 658.8000 136.2500 39 274 605.5500 64.2100
1.6651402196e+000 5.7542864716e-001 -8.4410133900e+000
175 87 71
2 38 918 321.4399 111.0800 39 294 276.3500 37.5100
3.0670851236e+000 5.5883900154e-001 -8.7790429305e+000
119 75 32
2 38 287 569.0699 103.7700 39 306 516.4100 29.6100
2.8282218338e+000 4.4130333075e-002 -8.8532736021e+000
157 30 37
2 38 345 520.5900 8.1100 39 374 464.8800 -59.2300
2.7276367954e+000 -2.1420125063e-002 -8.8248826172e+000
159 26 40
2 38 344 503.6600 -3.9600 39 403 447.9800 -70.8000
3.7769952835e-001 1.6924609395e+000 -9.0533942149e+000
155 93 75
2 38 1787 68.4600 304.5500 39 1976 39.7100 245.8400
8.3861757237e-001 8.1976141234e-001 -8.2173987165e+000
179 151 126
2 38 1341 166.1100 162.5800 39 1343 127.9800 87.0800
1.9639597202e+000 8.7491686000e-001 -8.6179573346e+000
102 36 45
2 38 1344 371.0500 165.4800 39 1332 327.9200 92.0100
4.0641745929e+000 8.7623117003e-001 -9.3150998858e+000
108 27 27
2 38 1671 710.6700 153.3400 39 1637 658.5200 82.8300
4.8680952295e+000 2.9758396303e-001 -9.4548806073e+000
51 21 20
2 38 327 838.7700 51.3400 39 354 776.2700 -17.0600
2.7097893676e+000 8.5817354393e-002 -8.7796600424e+000
192 74 81
2 38 339 503.1801 15.8700 39 370 447.7900 -52.5400
2.7581867182e+000 -2.6020389100e-001 -9.0137198247e+000
156 24 37
2 38 400 499.0699 -47.1400 39 444 441.5300 -108.2700
3.1141346905e+000 -3.4960576768e-001 -9.3069919045e+000
160 34 45
2 38 994 545.0500 -61.1700 39 454 487.4800 -118.4000
3.8890305264e+000 -3.8072120712e-001 -9.6216236426e+000
188 97 69
2 38 414 658.9500 -64.5600 39 456 596.8600 -119.7300
2.0222332379e+000 -8.9782981078e-001 -9.4623286080e+000
186 125 110
2 38 570 348.3400 -154.6300 39 653 295.0300 -198.9000
7.3075017014e-002 8.4241674256e-001 -8.0100123910e+000
164 156 54
2 38 1645 15.3500 171.3100 39 1829 -19.4400 95.6300
7.3075017014e-002 8.4241674256e-001 -8.0100123910e+000
164 156 54
2 38 1644 15.3500 171.3100 39 1830 -19.4400 95.6300
2.2190044950e+000 1.0386726814e+000 -8.8459368159e+000
80 39 48
2 38 1632 408.7300 191.3300 39 1333 366.0200 120.5200
2.6467249603e+000 1.0955355096e+000 -9.0632332493e+000
31 14 22
2 38 1634 475.8101 196.9700 39 1604 432.2300 128.0100
2.6467249603e+000 1.0955355096e+000 -9.0632332493e+000
31 14 22
2 38 1635 475.8101 196.9700 39 1605 432.2300 128.0100
2.6129968790e+000 3.0099275888e-002 -8.8321952288e+000
190 139 111
2 38 1395 482.2700 5.5100 39 1368 427.6200 -60.9000
1.9553703509e+000 -1.4228246238e-001 -8.5966481630e+000
95 46 39
2 38 1419 370.8400 -27.0100 39 1026 318.2100 -93.0700
-2.3920154313e+002 5.5905939297e+001 -4.3064757403e+002
100 75 64
2 38 1306 -904.2300 211.5700 39 1248 -922.9400 356.7100
-1.1408615298e+000 7.3715606125e-001 -7.5112573885e+000
164 37 38
2 38 1643 -247.7000 159.9300 39 1629 -273.8500 80.1200
-9.4827168779e-001 7.5053896775e-001 -7.5988359534e+000
179 33 47
2 38 1840 -203.2100 160.9300 39 1841 -231.3400 82.0800
8.2097223564e-001 6.5954357096e-001 -8.0784909543e+000
166 83 72
2 38 1666 165.1400 133.1000 39 1641 125.9500 55.4600
2.1722036339e+000 6.4817029469e-001 -8.5644560141e+000
111 52 58
2 38 1865 413.0699 123.3600 39 1850 366.1300 49.0000
1.3196088692e+000 -3.1432613880e-002 -8.3381984695e+000
104 53 42
2 38 1408 257.6899 -6.1100 39 1376 210.3000 -75.1100
1.3196088692e+000 -3.1432613880e-002 -8.3381984695e+000
104 53 42
2 38 1407 257.6899 -6.1100 39 1377 210.3000 -75.1100
8.2641145336e-001 -2.2072558617e-001 -8.3500973367e+000
140 31 48
2 38 1707 161.2500 -43.0700 39 1403 116.2600 -107.1900
-2.2347469372e+002 4.7879104304e+001 -4.4223129350e+002
62 45 37
2 38 1637 -823.2700 176.4200 39 1538 -838.8500 318.1100
-3.3469395389e+002 5.6952285974e+001 -6.1274114232e+002
103 28 41
2 38 1350 -891.4900 151.3900 39 1550 -904.9300 295.8400
-4.8163295111e-001 1.4017882593e+000 -8.5095341476e+000
171 150 121
2 38 1992 -92.3100 268.4300 39 1984 -118.4700 204.3300
5.7947510001e-001 9.8895895487e-001 -8.3275743534e+000
171 35 36
2 38 2030 114.4399 193.3600 39 2020 77.0900 121.3000
1.6880170585e+000 1.0614181932e+000 -8.6946882740e+000
9 72 119
2 38 2037 315.7700 199.0200 39 2016 276.8600 127.6400
3.2456592951e+000 6.9713079345e-001 -8.9451707606e+000
83 53 65
2 38 1857 591.1801 127.0000 39 1853 539.4900 54.5300
4.6436545802e+000 8.4068627893e-001 -9.5464720198e+000
161 73 66
2 38 2069 792.0200 143.6500 39 2038 738.3000 74.6200
-7.4680636910e-001 -5.8869033822e-001 -7.9330033266e+000
31 63 36
2 38 1892 -153.7800 -120.8800 39 1881 -187.9500 -180.6900
-2.0383246317e+002 4.0245737859e+001 -4.0825909568e+002
45 27 23
2 38 1837 -813.5100 160.6300 39 1764 -828.6000 301.3200
-3.9843245218e-001 1.3369104025e+000 -8.4960454049e+000
163 150 117
2 38 2147 -76.1800 256.3800 39 2122 -103.7600 191.8400
9.7962796608e-001 1.1668390982e+000 -8.6235215787e+000
168 149 125
2 38 2165 184.7700 220.5300 39 2140 150.0601 151.2700
1.1836983874e+000 -5.7617402884e-002 -8.3455483528e+000
23 69 105
2 38 2090 230.8199 -11.2000 39 1861 184.6000 -79.0700
2.8381586002e+000 -6.5364102368e-001 -9.5754742937e+000
172 29 47
2 38 1905 482.3800 -111.1000 39 1674 427.0400 -160.1000
2.8381586002e+000 -6.5364102368e-001 -9.5754742937e+000
172 29 47
2 38 1906 482.3800 -111.1000 39 1675 427.0400 -160.1000
-4.1499332848e+002 5.4520672031e+001 -8.8291437548e+002
85 81 95
2 38 2073 -765.8700 100.6200 39 1967 -780.0500 240.6600
-8.9366392049e+002 6.8502334436e+001 -1.5772365073e+003
109 86 72
2 38 2079 -922.4400 70.8100 39 1981 -940.2400 216.1300
-6.0738632157e+002 4.8719170854e+001 -1.1095320268e+003
100 73 65
2 38 2080 -891.5100 71.5700 39 1982 -908.2300 215.5100
4.6573155299e+000 -3.1979152955e+000 -1.0376131034e+001
160 141 145
2 38 2125 731.6700 -502.2800 39 2079 645.0000 -521.9200
-2.6552499771e-001 8.8847883776e-001 -7.9224386033e+000
165 152 118
2 38 2238 -54.5400 182.7300 39 2206 -86.1300 106.6200
2.5254912244e+000 -2.1816247239e-001 -8.9525662314e+000
196 139 112
2 38 2094 459.5800 -39.6900 39 2052 404.8600 -101.3700
3.7083388793e+000 -6.3377217404e-001 -9.8174397477e+000
160 121 95
2 38 2102 615.4900 -105.1900 39 1877 554.6100 -154.4500
-3.6275696162e+002 5.6526869020e+001 -7.7127408288e+002
36 19 33
2 38 2072 -766.0200 119.4300 39 2106 -780.9500 259.5600
-5.9077159769e+002 5.7314315233e+001 -1.0562527799e+003
174 152 135
2 38 2187 -911.3000 88.4200 39 2114 -927.5900 233.2400
-4.4023342550e+002 4.3556227445e+001 -8.1671101775e+002
139 119 103
2 38 2188 -878.5800 86.8900 39 2115 -893.7200 230.2000
1.7054113011e+000 7.2400611682e-001 -8.4312990745e+000
17 81 123
2 38 2283 330.1000 139.8300 39 2254 284.8500 65.0000
1.2086028653e+000 -5.1315686406e-001 -8.7868302975e+000
201 122 116
2 38 2199 223.1801 -95.0000 39 2170 177.2100 -150.4100
-4.7722612695e-001 -5.8021518029e-001 -8.1185195898e+000
69 105 132
2 38 2254 -95.5400 -116.4800 39 2175 -132.9300 -174.0800
-2.9848191428e+002 5.0663115083e+001 -5.9589674748e+002
150 46 52
2 38 2242 -815.6900 138.5500 39 2200 -831.6800 280.0600
-1.5471828741e+002 4.9077067509e+001 -2.9226997822e+002
24 13 19
2 38 2275 -863.1700 273.5900 39 2234 -878.5700 417.5200
-2.7857357008e+002 3.2709811605e+001 -5.4331664781e+002
21 14 21
2 38 2327 -835.4400 98.1000 39 2293 -850.5600 239.2100
-1.0010438627e+003 2.4631568870e+002 -1.7929250582e+003
131 105 90
2 38 2321 -909.9200 223.8500 39 2310 -927.0300 372.5300
-2.0802676070e+002 5.4128017994e+001 -4.0756719702e+002
27 21 28
2 38 2345 -832.1000 216.3900 39 2311 -846.9300 359.1300
1.4479162859e+000 1.4457398065e+000 -9.0926327234e+000
141 141 131
2 38 792 259.5601 259.0700 39 1292 225.1200 195.8600
2.0335463855e+000 9.3274959313e-001 -8.6939183996e+000
165 97 83
2 38 861 381.2900 174.7900 39 909 337.7000 102.4300
3.0308512780e+000 1.0864276607e+000 -9.1348079491e+000
76 52 58
2 38 844 540.4301 193.8400 39 887 495.2700 124.2000
2.0869418329e+000 8.9246766692e-001 -8.6888183741e+000
88 26 31
2 38 184 391.0500 167.4300 39 209 347.7200 94.6800
2.0403245735e+000 8.4288548572e-001 -8.6235087061e+000
93 29 25
2 38 186 385.2500 159.3200 39 938 341.3600 85.7300
2.0410369447e+000 7.1461765954e-001 -8.5404480463e+000
168 99 92
2 38 900 389.4301 136.3400 39 942 343.3800 61.8600
2.1271873431e+000 8.8101751219e-001 -8.7022163833e+000
169 105 95
2 38 185 398.0800 165.0100 39 213 354.2700 92.4300
2.9865811169e+000 4.5540508350e-001 -8.7807204831e+000
156 104 68
2 38 309 554.7100 84.4000 39 327 500.2500 11.8000
4.8601858741e+000 1.7538617937e-001 -9.5400159255e+000
58 18 9
2 38 324 830.2200 29.9300 39 352 766.6300 -35.8100
1.8380556718e+000 1.0500342076e+000 -8.7082010736e+000
183 140 75
2 38 829 342.8300 196.6800 39 881 304.0400 124.5700
2.7176531415e+000 1.0613851473e+000 -9.0337101402e+000
36 16 16
2 38 842 490.1300 191.4600 39 913 445.7300 121.6600
-8.5587419486e-001 6.4363789765e-001 -7.5157383796e+000
158 157 138
2 38 890 -185.4000 139.5300 39 959 -214.8900 58.7800
3.9125839445e+000 -1.1651641709e-001 -9.3135306240e+000
194 139 93
2 38 376 684.7800 -20.4500 39 429 622.6801 -83.2900
-2.4503959147e+000 -2.5681711147e-001 -7.8550203267e+000
186 165 148
2 38 1439 -507.7600 -53.2900 39 1047 -528.0900 -107.9900
3.0403302827e+000 -4.5239566137e-001 -9.3663117669e+000
195 78 85
2 38 455 529.1300 -78.7500 39 498 470.8900 -133.5200
-2.1036901663e+000 8.3897567230e-001 -7.7883392839e+000
197 177 149
2 38 1332 -439.6900 175.5100 39 1322 -460.0700 108.1100
-1.2034781911e+000 8.7111979487e-001 -7.6216335608e+000
169 31 43
2 38 1334 -257.7200 186.2700 39 1609 -282.3400 108.6900
2.9702000567e+000 9.9861956232e-001 -9.0600392173e+000
88 50 50
2 38 1652 534.2900 179.5800 39 1619 487.6300 109.3400
4.5205408286e+000 7.4650400588e-001 -9.3724859659e+000
181 143 116
2 38 1365 785.2900 129.9500 39 1644 730.1000 58.6700
2.6352541794e+000 5.2106118134e-001 -8.7234432328e+000
116 59 30
2 38 1373 492.8400 97.2000 39 1357 440.8700 24.9200
-1.8069709480e+002 6.0494121206e+001 -4.2344916760e+002
93 58 50
2 38 802 -694.3800 232.7900 39 1249 -709.3900 371.5900
3.2815690720e+000 -3.7173676872e-001 -9.3080552442e+000
193 139 111
2 38 1449 574.7800 -65.1500 39 1061 514.7900 -122.7700
3.3260736217e+000 -5.6212756124e-001 -9.4827850646e+000
203 136 109
2 38 1021 572.1100 -96.7300 39 1093 510.8900 -149.8200
1.8447273348e+000 1.2320475742e+000 -8.9615365200e+000
68 42 57
2 38 1821 335.1400 224.0700 39 2003 297.2500 156.7200
1.6681725913e+000 1.1341400585e+000 -8.8158196228e+000
19 76 128
2 38 1631 308.0800 209.6700 39 1827 269.7400 140.7500
3.2279547182e+000 -4.4722494513e-002 -9.0764208485e+000
197 140 111
2 38 1701 579.5900 -8.0500 39 1660 521.6700 -72.4400
-1.8751347996e+002 4.8001486570e+001 -3.9799831025e+002
53 39 47
2 38 1622 -768.3600 196.5100 39 1540 -781.4400 336.5000
4.8386356566e+000 -2.7105801603e+000 -9.8503205238e+000
151 132 130
2 38 1761 800.3900 -448.3800 39 1496 711.1000 -480.7000
1.4316414065e+000 1.2575313559e+000 -8.9751106111e+000
13 76 112
2 38 2019 260.7400 228.1700 39 2002 223.1100 163.7200
1.6584004140e+000 1.4183160111e+000 -9.1582343563e+000
186 136 92
2 38 2000 295.0601 252.3500 39 1993 259.7900 189.3500
-6.6173220190e-001 6.9467655085e-001 -7.6195155585e+000
82 108 101
2 38 2062 -141.6400 148.5700 39 2027 -171.6300 68.7700
5.0282019478e+000 -1.9256084304e+000 -9.5672247903e+000
57 46 54
2 38 1942 856.4100 -327.9700 39 1919 769.6700 -374.4000
4.4742655173e+000 -3.4570577609e+000 -1.1076718674e+001
56 45 54
2 38 1956 658.1801 -508.5500 39 1733 578.6000 -518.3500
-1.2400418399e+000 1.5225725887e+000 -8.3892806962e+000
115 126 124
2 38 2143 -241.6700 295.7900 39 2120 -262.2100 233.0600
-9.4773687648e-002 -4.5287340230e-001 -8.0683732306e+000
30 59 44
2 38 2096 -19.1400 -91.4600 39 2057 -58.9100 -153.7200
-1.9964057594e+002 4.4884520673e+001 -4.3181979680e+002
80 62 48
2 38 2045 -753.8600 169.3600 39 1956 -766.9000 308.5200
5.0385823084e+000 -2.0364723273e+000 -9.6063449457e+000
132 116 117
2 38 2124 854.6200 -345.4200 39 1924 767.2400 -390.0800
3.6507527458e+000 -4.5063076088e-001 -9.5866213290e+000
163 56 36
2 38 2252 620.7900 -76.6600 39 2219 559.6300 -130.7200
-1.2969951350e-001 1.7877239163e+000 -9.0854198900e+000
56 53 7
2 38 10 -23.0500 320.6000 39 801 -48.5400 265.0300
-1.2969951350e-001 1.7877239163e+000 -9.0854198900e+000
56 53 7
2 38 11 -23.0500 320.6000 39 802 -48.5400 265.0300
1.5971216447e+000 1.6898079842e+000 -9.4652191716e+000
100 13 21
2 38 27 274.9000 290.9100 39 818 242.9900 233.2400
2.0843761862e+000 1.7029535164e+000 -9.6381086881e+000
104 28 29
2 38 29 351.7100 288.0300 39 821 319.6400 230.6600
2.2033405836e+000 1.7737500394e+000 -9.7577341184e+000
79 115 131
2 38 32 367.2800 296.3200 39 823 335.5900 240.3100
2.3119653949e+000 1.7067999165e+000 -9.7064669974e+000
85 19 32
2 38 33 387.9800 286.5500 39 824 354.1000 229.4400
3.3406907375e+000 1.8645337482e+000 -1.0292097853e+001
95 46 22
2 38 37 528.0699 295.3700 39 1279 494.7700 242.4700
-1.1775558872e+000 1.3383319714e+000 -8.2746746022e+000
159 150 124
2 38 49 -231.9600 263.5500 39 80 -255.1000 198.7800
-1.1775558872e+000 1.3383319714e+000 -8.2746746022e+000
159 150 124
2 38 50 -231.9600 263.5500 39 81 -255.1000 198.7800
1.0568666318e+000 1.4355590649e+000 -8.9589134584e+000
194 143 110
2 38 57 192.0900 261.1200 39 91 159.5300 197.3600
1.0979484250e+000 1.3994122975e+000 -8.9307174646e+000
158 31 38
2 38 61 200.6400 255.2800 39 835 166.6300 191.0100
2.4116285339e+000 1.4695431199e+000 -9.4362117333e+000
105 79 73
2 38 65 416.9100 253.6700 39 94 378.4600 192.0100
2.8311327319e+000 1.7041507135e+000 -9.8865022987e+000
151 110 90
2 38 68 466.2200 280.9500 39 827 431.2900 224.2600
-1.2636433568e+000 1.2080093827e+000 -8.0742617144e+000
174 31 39
2 38 80 -254.8000 243.7700 39 848 -278.7000 175.6500
-1.2636433568e+000 1.2080093827e+000 -8.0742617144e+000
174 31 39
2 38 81 -254.8000 243.7700 39 849 -278.7000 175.6500
-1.1987107348e+000 1.1908553367e+000 -8.0242355478e+000
157 40 31
2 38 82 -243.7900 241.8500 39 108 -266.9800 172.1500
1.1619160834e+000 1.2224943725e+000 -8.7364832081e+000
206 148 115
2 38 96 216.5100 228.0400 39 115 181.2900 159.9300
-1.2757706499e+000 1.0514863249e+000 -7.8792954703e+000
187 145 102
2 38 114 -263.8500 217.4500 39 142 -287.9300 145.6200
6.4743822546e-001 9.6070819353e-001 -8.2986490047e+000
165 156 129
2 38 128 126.5400 188.7200 39 899 91.7900 115.2300
9.1890614412e-001 1.0584324525e+000 -8.4922013901e+000
172 150 117
2 38 131 176.3000 203.0900 39 879 140.0699 131.9800
1.1510209738e+000 1.1550915043e+000 -8.6677700229e+000
188 151 114
2 38 133 215.9700 217.2100 39 155 180.5000 147.9400
1.1510209738e+000 1.1550915043e+000 -8.6677700229e+000
188 151 114
2 38 134 215.9700 217.2100 39 154 180.5000 147.9400
1.9167094222e+000 1.0959726677e+000 -8.8107093076e+000
140 83 66
2 38 138 353.9800 202.7800 39 160 314.3500 132.4300
-9.9655256239e-001 7.4286227770e-001 -7.5815330924e+000
194 142 109
2 38 165 -214.5700 159.6900 39 230 -241.3400 80.6700
-9.9655256239e-001 7.4286227770e-001 -7.5815330924e+000
194 142 109
2 38 166 -214.5700 159.6900 39 231 -241.3400 80.6700
1.6822815673e+000 9.0521419031e-001 -8.5686259877e+000
154 166 131
2 38 177 319.7400 172.1700 39 195 278.2000 99.1100
1.6423005284e+000 8.5761543331e-001 -8.5125715224e+000
179 173 141
2 38 179 314.1500 164.2000 39 241 272.3000 90.4000
1.6423005284e+000 8.5761543331e-001 -8.5125715224e+000
179 173 141
2 38 180 314.1500 164.2000 39 240 272.3000 90.4000
1.9391891793e+000 9.4892836933e-001 -8.7024083332e+000
92 32 35
2 38 181 363.1400 177.6700 39 202 320.5500 105.8900
1.9391891793e+000 9.4892836933e-001 -8.7024083332e+000
92 32 35
2 38 182 363.1400 177.6700 39 203 320.5500 105.8900
2.5190115563e+000 8.8782364421e-001 -8.8592810466e+000
68 29 34
2 38 190 463.5699 163.2400 39 915 417.2100 91.9900
2.5386561855e+000 8.9517156330e-001 -8.8062466597e+000
137 108 97
2 38 191 469.6700 165.6500 39 218 423.6000 92.9700
2.8022842073e+000 1.0338539882e+000 -9.0309354963e+000
36 11 13
2 38 193 505.3700 186.5900 39 917 460.5699 116.3200
2.8022842073e+000 1.0338539882e+000 -9.0309354963e+000
36 11 13
2 38 194 505.3700 186.5900 39 918 460.5699 116.3200
3.0453450211e+000 1.0433261502e+000 -9.1796283924e+000
152 114 111
2 38 196 541.3800 185.0200 39 919 493.9399 116.9300
3.1033869622e+000 8.6002705235e-001 -9.0076209726e+000
124 86 94
2 38 200 560.7500 155.7200 39 265 513.1600 84.0500
3.1033869622e+000 8.6002705235e-001 -9.0076209726e+000
124 86 94
2 38 201 560.7500 155.7200 39 266 513.1600 84.0500
3.3748785080e+000 8.9621829398e-001 -9.1140485243e+000
26 18 40
2 38 202 603.4600 160.2100 39 273 553.7200 89.4200
-8.2969123494e-001 6.5800395632e-001 -7.5053467330e+000
66 86 63
2 38 218 -180.2900 142.8700 39 235 -209.2900 61.5000
9.6225935672e-001 6.7684055441e-001 -8.1508873941e+000
169 166 128
2 38 226 192.3500 135.3100 39 292 151.6899 58.5500
2.0662477257e+000 7.4399304771e-001 -8.5748336209e+000
96 31 36
2 38 234 392.7900 141.3500 39 247 346.7500 67.3500
2.1435064496e+000 8.1010925286e-001 -8.6277328434e+000
167 98 103
2 38 235 404.4100 153.0800 39 248 359.8600 79.1300
2.1435064496e+000 8.1010925286e-001 -8.6277328434e+000
167 98 103
2 38 236 404.4100 153.0800 39 249 359.8600 79.1300
2.1161604845e+000 7.7978588982e-001 -8.5986181955e+000
93 33 37
2 38 237 400.7600 147.8200 39 250 355.6400 73.6500
2.1647601957e+000 7.1327347901e-001 -8.5731458963e+000
163 99 101
2 38 238 411.2800 135.6000 39 251 364.9200 61.0600
2.5494511054e+000 6.6216993035e-001 -8.6702287424e+000
123 74 72
2 38 246 479.3500 124.4000 39 297 429.7000 50.3100
2.6522188222e+000 8.3723385398e-001 -8.7796921077e+000
144 108 104
2 38 247 491.6400 155.5100 39 947 445.2200 81.7100
4.5381105282e+000 8.0447120875e-001 -9.4553683363e+000
157 28 63
2 38 267 781.9600 138.6600 39 277 726.8300 68.9100
4.5381105282e+000 8.0447120875e-001 -9.4553683363e+000
157 28 63
2 38 268 781.9600 138.6600 39 276 726.8300 68.9100
3.4240644490e+000 6.2100090710e-001 -8.9494311515e+000
27 30 65
2 38 288 623.4600 113.0600 39 307 569.6899 40.2300
-3.0557710460e+000 1.7492417046e-001 -7.6556906390e+000
181 27 39
2 38 315 -649.5900 37.2300 39 336 -664.7700 -22.1300
4.8680952295e+000 2.9758396303e-001 -9.4548806073e+000
51 21 20
2 38 326 838.7700 51.3400 39 353 776.2700 -17.0600
2.7475028630e+000 6.2164396364e-002 -8.7984560729e+000
163 31 41
2 38 340 508.6600 11.5500 39 371 453.7800 -56.7100
2.7565052111e+000 2.8477255510e-002 -8.8720961061e+000
161 30 39
2 38 343 506.2600 5.2300 39 373 451.2000 -61.2500
3.0290844540e+000 -2.8412032815e-001 -9.1628512430e+000
166 28 44
2 38 404 539.4301 -50.7000 39 451 480.1100 -110.1300
3.0024566228e+000 -3.2148015175e-001 -9.1808989739e+000
149 23 37
2 38 405 532.9399 -57.0700 39 452 475.0601 -116.0900
4.1093349364e+000 -4.4058818671e-001 -9.7853718853e+000
179 145 107
2 38 465 684.4900 -73.4200 39 459 621.8400 -126.5500
1.8828730138e+000 -6.5575457963e-001 -9.0380898555e+000
191 130 111
2 38 502 339.2300 -118.1800 39 562 286.8600 -171.0800
2.3745567277e+000 -6.5144517135e-001 -9.2021938899e+000
139 83 74
2 38 506 420.7900 -115.4200 39 572 364.5500 -167.8200
1.6036445103e+000 -9.3856180675e-001 -9.3282936068e+000
141 80 72
2 38 566 280.4700 -164.0100 39 638 228.7800 -207.8100
-4.6896801532e-002 1.6443651826e+000 -8.8992275082e+000
38 52 37
2 38 755 -8.5600 301.0800 39 1273 -35.1000 241.7200
2.9424055085e+000 1.8081809086e+000 -1.0067733595e+001
118 55 22
2 38 766 476.2800 292.6400 39 1276 441.4900 238.4900
2.8245749015e+000 1.7443861969e+000 -9.8864364427e+000
86 28 19
2 38 767 466.0500 287.4000 39 1277 429.6400 231.0500
3.6562519122e+000 1.8891451046e+000 -1.0405998434e+001
43 8 2
2 38 769 572.3700 295.8500 39 1280 537.1200 243.5500
-2.1036893501e+002 7.2916671858e+001 -4.4540576524e+002
137 89 70
2 38 772 -769.3200 266.7600 39 1242 -784.5100 409.2700
-2.1036893501e+002 7.2916671858e+001 -4.4540576524e+002
137 89 70
2 38 773 -769.3200 266.7600 39 1243 -784.5100 409.2700
-1.0084473932e-002 1.3418413805e+000 -8.5475702010e+000
29 56 43
2 38 783 -2.6900 255.8900 39 1289 -30.1600 189.8800
1.4479162859e+000 1.4457398065e+000 -9.0926327234e+000
141 141 131
2 38 791 259.5601 259.0700 39 1291 225.1200 195.8600
2.4066365159e+000 1.5140937036e+000 -9.4571004805e+000
163 132 119
2 38 796 414.5400 260.9000 39 840 377.7500 199.2500
-1.2055985477e+000 1.1650573659e+000 -8.1025889385e+000
179 42 51
2 38 806 -242.1100 234.2700 39 850 -266.7400 166.6800
1.2128132618e+000 1.3289533159e+000 -8.9256510054e+000
158 31 44
2 38 810 221.5400 242.5900 39 852 186.8000 177.7900
1.5155760774e+000 1.2901128041e+000 -8.9226518698e+000
141 149 138
2 38 812 276.7700 235.6000 39 1300 240.4000 169.1500
2.1587195109e+000 1.3883245684e+000 -9.2279914148e+000
120 98 100
2 38 813 381.0500 245.1700 39 857 343.5500 180.8700
2.1587195109e+000 1.3883245684e+000 -9.2279914148e+000
120 98 100
2 38 814 381.0500 245.1700 39 856 343.5500 180.8700
2.0969382287e+000 1.2873397935e+000 -9.1123118561e+000
92 68 83
2 38 817 374.6500 230.2600 39 859 336.5601 164.3200
-1.1129299545e+000 9.8820079703e-001 -7.9028658211e+000
172 38 33
2 38 821 -229.3200 203.7400 39 874 -255.0000 131.8500
-2.2128306562e-001 9.9309133396e-001 -8.1041629021e+000
18 49 27
2 38 824 -43.9200 199.6100 39 876 -75.8100 127.0300
2.0677523550e+000 1.0213222216e+000 -8.7796790500e+000
168 99 94
2 38 832 383.5000 189.6000 39 905 341.7200 118.2200
2.6792124079e+000 1.1437509511e+000 -9.0923148818e+000
145 124 116
2 38 841 479.6801 205.0700 39 884 437.3600 136.0900
-1.1325453169e+000 7.8334110969e-001 -7.5714979285e+000
184 149 118
2 38 853 -243.3200 168.5500 39 929 -270.5500 90.0000
-1.0510162132e-001 9.0794084968e-001 -8.0594236016e+000
30 46 30
2 38 857 -21.0200 183.5400 39 1328 -53.5600 109.6300
2.1015485689e+000 9.2987746925e-001 -8.7049366324e+000
153 85 82
2 38 864 392.9700 174.1400 39 207 350.1300 101.4000
2.1015485689e+000 9.2987746925e-001 -8.7049366324e+000
153 85 82
2 38 865 392.9700 174.1400 39 208 350.1300 101.4000
3.3185437020e+000 9.5715013062e-001 -9.1177900711e+000
156 119 78
2 38 875 592.5500 171.1700 39 923 544.9700 100.1200
-2.1364960386e+000 5.9105226695e-001 -7.6884813974e+000
191 170 143
2 38 881 -452.4300 125.2500 39 957 -472.9200 57.4300
2.0601963017e+000 7.7290480085e-001 -8.5944131088e+000
93 29 30
2 38 898 390.5900 146.5400 39 940 345.2700 72.7500
2.2744157085e+000 6.7797275625e-001 -8.6081469645e+000
141 85 89
2 38 902 430.4000 128.3600 39 970 383.1100 54.2100
4.2665932560e+000 1.2305013807e-002 -9.3844147284e+000
212 134 59
2 38 948 740.8101 2.1400 39 378 678.5699 -62.3500
4.2665932560e+000 1.2305013807e-002 -9.3844147284e+000
212 134 59
2 38 949 740.8101 2.1400 39 379 678.5699 -62.3500
2.2884346878e+000 -7.3909813926e-002 -8.7404917671e+000
192 141 114
2 38 965 426.5800 -13.7700 39 1030 373.3700 -79.4900
2.7804223469e+000 -2.8098545709e-002 -8.8834001392e+000
187 75 74
2 38 972 510.2100 -5.2000 39 409 454.1200 -71.0200
4.6678133328e+000 -4.1620519271e-001 -1.0063306230e+001
150 119 109
2 38 998 756.2100 -67.5000 39 463 691.8000 -118.9100
-6.4880880032e-001 -3.9195603526e-001 -7.8704946786e+000
22 50 39
2 38 1003 -134.4000 -81.1400 39 471 -169.3200 -144.9600
2.5790760628e+000 -5.1613220844e-001 -9.1725645744e+000
192 78 78
2 38 1012 458.4000 -91.7400 39 489 401.6400 -146.9500
-1.6809648738e-001 -5.4945329588e-001 -8.1921746678e+000
29 60 43
2 38 1039 -33.5000 -109.2800 39 1106 -72.6000 -167.6100
3.7317343595e-001 -6.3039031422e-001 -8.3697693590e+000
163 161 150
2 38 1045 72.8199 -122.7500 39 1111 28.7400 -179.7600
1.8376455790e+000 -6.9131657656e-001 -9.1178124880e+000
140 82 71
2 38 1057 328.4301 -123.5500 39 564 276.1300 -174.4100
3.9593568416e+000 -7.3227716696e-001 -1.0001635336e+001
171 148 127
2 38 1079 645.6801 -119.4600 39 593 582.2900 -165.9100
4.1925470087e+000 -7.1407847466e-001 -1.0112382984e+001
137 120 109
2 38 1081 676.2500 -115.2400 39 512 612.1400 -161.2200
4.5404596325e+000 -6.7171512159e-001 -1.0255218169e+001
163 143 134
2 38 1082 722.0000 -106.8800 39 516 657.2700 -152.7400
-7.5967572638e-001 -8.3868957737e-001 -8.3537494031e+000
74 116 116
2 38 1098 -147.4900 -163.6600 39 1142 -183.9600 -212.3100
1.4855171041e+000 -9.2691878546e-001 -9.2412561948e+000
140 80 70
2 38 1120 262.2800 -163.5000 39 632 211.1000 -208.1900
3.0723841460e+000 -8.2291320522e-001 -9.7867153006e+000
124 63 57
2 38 1139 511.8400 -137.0800 39 584 453.0800 -182.0300
3.0723841460e+000 -8.2291320522e-001 -9.7867153006e+000
124 63 57
2 38 1140 511.8400 -137.0800 39 585 453.0800 -182.0300
3.2040149638e+000 -7.9783446782e-001 -9.7927317598e+000
151 95 79
2 38 1144 533.5400 -132.8500 39 583 473.8500 -178.4900
5.0053005684e+000 -2.0562886910e+000 -9.6121268943e+000
140 124 124
2 38 1218 848.5900 -348.6100 39 1208 761.1300 -392.7100
5.0542159292e+000 -2.6883355030e+000 -9.4783076224e+000
133 115 115
2 38 1229 868.7900 -462.1300 39 765 772.8600 -500.2600
-7.0596937494e-001 1.6185773314e+000 -8.6889028535e+000
38 53 34
2 38 1258 -133.4000 303.6300 39 1568 -155.3500 243.6600
-6.1344655831e-001 1.3645556722e+000 -8.4433363664e+000
34 54 42
2 38 1271 -118.6900 263.3700 39 1286 -144.0100 198.7300
2.8529883407e+000 1.7100494252e+000 -9.8329287154e+000
157 118 77
2 38 1281 473.3101 283.2700 39 1278 436.2600 225.9200
-2.9502403792e+002 7.2187880464e+001 -5.3529334765e+002
116 94 83
2 38 1282 -899.2500 219.6900 39 1247 -913.9100 365.7800
-1.6574088333e+002 5.9643559871e+001 -4.0754119375e+002
104 60 46
2 38 1284 -661.9300 238.4700 39 1535 -675.9200 376.2100
-2.2648886313e+000 1.1729807001e+000 -8.1559474263e+000
188 169 139
2 38 1286 -452.6100 234.3500 39 1295 -470.4500 174.3800
-2.2947732503e+000 1.0925977533e+000 -8.0812057726e+000
188 166 142
2 38 1287 -462.5600 220.3000 39 1294 -480.8800 159.2900
-1.3438501924e+000 1.1412256075e+000 -7.9320493308e+000
168 44 51
2 38 1293 -276.3900 234.4600 39 1298 -299.0600 163.7700
-1.3438501924e+000 1.1412256075e+000 -7.9320493308e+000
168 44 51
2 38 1294 -276.3900 234.4600 39 1297 -299.0600 163.7700
-1.3149788925e+000 1.0774329727e+000 -7.8742274998e+000
176 38 46
2 38 1295 -272.4300 222.9800 39 1306 -295.5700 151.0800
1.3187100887e+000 1.2007504129e+000 -8.7655964176e+000
182 87 75
2 38 1299 245.0699 223.2200 39 1315 208.6500 154.9800
2.6381574410e+000 1.2828275190e+000 -9.3801453637e+000
138 114 104
2 38 1303 458.0000 222.9000 39 861 418.1500 159.3300
-2.1708336658e+000 1.0590991069e+000 -7.9139446051e+000
195 175 148
2 38 1314 -446.8600 218.0600 39 1305 -465.7500 152.6700
-2.5498968035e-001 1.0755000854e+000 -8.1772212718e+000
31 54 58
2 38 1322 -51.0700 214.3400 39 1312 -80.4500 142.9800
1.3430794477e+000 1.1292039783e+000 -8.6697793333e+000
169 71 62
2 38 1323 252.3600 212.2400 39 1317 214.8900 142.1600
2.0571229477e+000 1.1625304404e+000 -8.9711321861e+000
87 60 79
2 38 1324 373.7100 211.1400 39 1319 333.4100 143.2700
-1.2034781911e+000 8.7111979487e-001 -7.6216335608e+000
169 31 43
2 38 1333 -257.7200 186.2700 39 1608 -282.3400 108.6900
-1.1759879696e+000 8.0918108609e-001 -7.5764285739e+000
174 40 49
2 38 1335 -253.2000 174.0500 39 1610 -278.5900 95.6000
-1.0454133056e+000 8.4983956216e-001 -7.6903437021e+000
169 42 34
2 38 1337 -221.1800 180.0400 39 1325 -248.4600 103.4500
-1.7878447991e-001 9.0785571836e-001 -8.0285286017e+000
28 53 28
2 38 1338 -36.4100 184.2700 39 1327 -67.8200 109.9900
9.4225589426e-001 9.5885078640e-001 -8.3769088545e+000
170 153 128
2 38 1339 183.4301 186.4900 39 1614 145.5800 113.2800
8.3861757237e-001 8.1976141234e-001 -8.2173987165e+000
179 151 126
2 38 1340 166.1100 162.5800 39 1342 127.9800 87.0800
1.0047438610e+000 9.4678248356e-001 -8.3713935411e+000
181 46 41
2 38 1343 195.1600 184.3500 39 1331 157.9200 110.5200
-1.1201542993e+000 6.6826005362e-001 -7.4436743902e+000
171 35 47
2 38 1352 -245.5400 146.3100 39 1630 -271.9400 65.1200
8.6119056599e-001 7.4062548379e-001 -8.1635264862e+000
170 153 133
2 38 1358 171.6300 147.8700 39 1344 132.7200 71.4800
2.9071606695e+000 8.0229602121e-001 -8.8209858186e+000
77 35 45
2 38 1362 537.3101 148.1400 39 1636 487.3600 74.4400
2.8687610646e+000 7.5709052299e-001 -8.8213246081e+000
79 38 44
2 38 1363 529.7600 139.8800 39 1350 480.5300 66.4600
3.2365431422e+000 8.3752836212e-001 -9.0338446778e+000
70 39 42
2 38 1364 583.7200 151.0800 39 1351 534.0601 79.6500
-3.0519066905e-001 3.5518137509e-001 -7.5864135283e+000
121 126 122
2 38 1383 -65.2100 76.2500 39 1646 -100.8800 -3.7000
4.9895318572e+000 2.0551488389e-001 -9.5601826511e+000
158 98 34
2 38 1392 850.4500 35.0200 39 1367 786.6000 -31.2500
8.9128269914e-001 8.3093812893e-002 -8.1312320952e+000
51 54 96
2 38 1394 178.6801 16.6400 39 1000 134.0000 -55.3100
3.0499597846e+000 5.3260368273e-002 -8.9219148065e+000
190 69 80
2 38 1397 557.3199 9.6600 39 1369 500.0500 -57.4600
3.0499597846e+000 5.3260368273e-002 -8.9219148065e+000
190 69 80
2 38 1398 557.3199 9.6600 39 1370 500.0500 -57.4600
3.8242972030e+000 1.1972656819e-001 -9.1092970644e+000
194 91 50
2 38 1400 684.5800 21.2900 39 1008 623.2700 -46.6500
3.6043620370e+000 -3.3386361674e-001 -9.4577925920e+000
158 85 49
2 38 1451 621.3900 -57.6200 39 1416 560.3400 -114.5100
4.5703242854e+000 -2.7650153884e-001 -9.7966935995e+000
185 154 134
2 38 1454 760.6100 -46.1100 39 1068 695.9100 -102.4000
-3.5207383385e-001 -4.8552233207e-001 -8.0379008966e+000
138 145 61
2 38 1466 -70.8900 -98.4800 39 1080 -109.6300 -159.3900
-3.5207383385e-001 -4.8552233207e-001 -8.0379008966e+000
138 145 61
2 38 1467 -70.8900 -98.4800 39 1079 -109.6300 -159.3900
3.2553133653e+000 -4.2175361711e-001 -9.3261674641e+000
196 141 110
2 38 1470 569.1100 -73.7700 39 1412 508.9399 -130.5000
3.3794729217e+000 -4.5578550353e-001 -9.4309166766e+000
197 131 104
2 38 1473 584.1500 -78.8100 39 1436 523.7500 -134.1200
-4.9518951871e-001 -5.4381543477e-001 -8.0293595461e+000
56 105 122
2 38 1485 -101.1400 -110.2900 39 1442 -136.6100 -170.1900
8.0787728106e-001 -6.8451441287e-001 -8.7287681302e+000
11 59 105
2 38 1495 150.6700 -127.7600 39 1450 104.8600 -180.0900
1.9114665794e+000 -5.9188228630e-001 -8.9756288373e+000
192 131 110
2 38 1502 346.8500 -107.4200 39 1433 294.2100 -162.1300
2.3793822913e+000 -5.7605192789e-001 -9.1682492801e+000
195 132 115
2 38 1503 423.1200 -102.4300 39 1434 367.3900 -156.1600
-4.4534301482e-001 -8.0129712609e-001 -8.3279132679e+000
133 138 34
2 38 1509 -87.0700 -156.7900 39 1144 -124.8900 -208.2100
-4.4534301482e-001 -8.0129712609e-001 -8.3279132679e+000
133 138 34
2 38 1510 -87.0700 -156.7900 39 1145 -124.8900 -208.2100
1.1533107754e+000 -7.2811206084e-001 -8.9142078927e+000
137 82 80
2 38 1517 210.5601 -133.0500 39 1116 162.8300 -183.5900
5.1577109045e+000 -1.6346299974e+000 -9.2123583350e+000
155 137 137
2 38 1542 912.1899 -289.1000 39 1196 823.0300 -345.0600
5.2177305329e+000 -2.3930327315e+000 -9.0800739322e+000
159 141 141
2 38 1553 935.8900 -429.2900 39 1224 836.3101 -477.8900
-9.0976324385e+001 4.2616593565e+001 -2.3972436882e+002
84 65 60
2 38 1574 -618.0500 289.6700 39 1519 -630.2500 424.6500
-1.8400844295e+000 1.4467054666e+000 -8.1090783602e+000
127 131 130
2 38 1577 -369.8900 290.7100 39 1566 -389.1800 225.8600
5.2981981459e-001 1.6381075061e+000 -9.0600421719e+000
167 146 119
2 38 1579 95.2400 294.6200 39 1791 66.5800 235.1900
4.5464132833e+000 2.0571353812e+000 -1.1083472966e+001
148 116 79
2 38 1583 668.7400 302.3500 39 1271 633.1899 256.3700
-1.4183389128e+000 1.3055936678e+000 -8.1567291767e+000
170 33 43
2 38 1587 -283.5600 260.8300 39 1574 -305.3200 195.0200
-1.4183389128e+000 1.3055936678e+000 -8.1567291767e+000
170 33 43
2 38 1588 -283.5600 260.8300 39 1575 -305.3200 195.0200
-5.6003264347e-001 1.4619163497e+000 -8.5452350886e+000
27 61 44
2 38 1589 -107.3400 278.8200 39 1578 -131.8200 215.6100
1.5177464419e+000 1.5034211200e+000 -9.2424579272e+000
24 79 104
2 38 1593 267.9000 265.0000 39 1582 233.5699 204.2400
-1.3041595227e+000 1.1604093603e+000 -8.0188699285e+000
165 104 80
2 38 1606 -265.8900 235.8600 39 1586 -287.5500 166.7700
1.2032024884e+000 1.2658636894e+000 -8.7745106188e+000
160 31 43
2 38 1612 223.4000 235.0800 39 1592 188.0699 167.4000
2.2658327881e+000 1.4009962512e+000 -9.2681890724e+000
133 106 93
2 38 1615 397.4700 246.4800 39 1816 361.2300 182.0100
2.5154817658e+000 1.3096177553e+000 -9.2449418538e+000
33 15 13
2 38 1617 442.9301 230.9100 39 1817 403.6200 165.1800
2.5154817658e+000 1.3096177553e+000 -9.2449418538e+000
33 15 13
2 38 1618 442.9301 230.9100 39 1818 403.6200 165.1800
2.2265221153e-001 1.0139213109e+000 -8.2268427776e+000
29 50 26
2 38 1625 44.3500 200.7900 39 1824 10.7300 128.1600
2.2265221153e-001 1.0139213109e+000 -8.2268427776e+000
29 50 26
2 38 1626 44.3500 200.7900 39 1825 10.7300 128.1600
1.1954429533e+000 1.1557437040e+000 -8.6539873664e+000
197 147 111
2 38 1629 225.1100 217.6100 39 1597 188.4600 147.9400
2.2205458924e+000 1.0392001664e+000 -8.8509149986e+000
80 39 48
2 38 1633 408.7300 191.3300 39 1618 366.1500 120.5900
2.7853534998e+000 1.0880721103e+000 -9.0998598338e+000
145 122 106
2 38 1636 498.7700 194.8300 39 1606 454.4100 125.9200
-1.1764353033e+000 8.0904629840e-001 -7.5822420189e+000
174 40 49
2 38 1640 -253.0000 173.8800 39 1611 -278.5900 95.6000
-1.1408615298e+000 7.3715606125e-001 -7.5112573885e+000
164 37 38
2 38 1642 -247.7000 159.9300 39 1628 -273.8500 80.1200
8.9657772939e-001 8.3481422753e-001 -8.2536772954e+000
154 78 62
2 38 1646 176.6100 164.8700 39 1844 138.7700 89.6900
1.0056496445e+000 9.4923442040e-001 -8.3838904051e+000
182 47 41
2 38 1647 195.1200 184.5400 39 1615 157.7900 111.0000
1.0056496445e+000 9.4923442040e-001 -8.3838904051e+000
182 47 41
2 38 1648 195.1200 184.5400 39 1616 157.7900 111.0000
3.0559586269e+000 9.5463592012e-001 -9.0380561327e+000
133 98 96
2 38 1653 550.6300 172.1800 39 1620 503.7600 101.0400
-2.1293706472e+000 7.1090453379e-001 -7.7270574976e+000
195 171 145
2 38 1662 -448.7100 149.9000 39 1625 -468.9300 82.0700
8.2097223564e-001 6.5954357096e-001 -8.0784909543e+000
166 83 72
2 38 1667 165.1400 133.1000 39 1640 125.9500 55.4600
4.4078848200e+000 8.5171702559e-002 -9.3981676517e+000
40 23 35
2 38 1687 764.5601 14.6800 39 1652 701.4900 -50.6100
1.5683436477e+000 -1.4634153544e-001 -8.5467950287e+000
185 124 103
2 38 1691 298.9500 -27.8900 39 1659 249.6200 -92.8900
2.1446665879e+000 -1.2099031088e-001 -8.6989823177e+000
193 142 111
2 38 1696 401.9100 -22.7000 39 1385 348.6899 -87.9500
-7.3484493999e-001 -3.4915177458e-001 -7.7792928233e+000
135 136 74
2 38 1714 -153.8500 -73.1400 39 1423 -188.2900 -138.8500
2.4997454116e+000 -5.1654357978e-001 -9.2516104760e+000
194 132 105
2 38 1719 440.3800 -91.0000 39 1673 385.0400 -144.5000
6.4521806406e-001 -6.8183854203e-001 -8.6028672009e+000
198 132 110
2 38 1724 122.2400 -129.1500 39 1448 76.8500 -182.8300
3.3779616830e+000 -8.7794433338e-001 -9.9725089904e+000
146 115 95
2 38 1732 552.1899 -143.5100 39 1456 492.2100 -186.6900
3.4847093801e+000 -9.3422938704e-001 -1.0131118156e+001
184 150 123
2 38 1733 561.1500 -150.4200 39 1458 500.2100 -191.1000
-9.7671131923e-001 -8.8690069002e-001 -8.2791654935e+000
34 64 39
2 38 1735 -192.0500 -174.5700 39 1687 -225.9300 -222.9300
4.9755926632e-001 -1.0083306243e+000 -8.9767120241e+000
193 130 119
2 38 1738 90.5100 -183.0600 39 1697 45.6800 -226.2000
4.9731600275e+000 -2.1882447262e+000 -9.7426925075e+000
154 140 139
2 38 1754 831.9500 -366.0400 39 1716 744.8199 -406.5800
4.7671107879e+000 -2.8183466311e+000 -1.0381126324e+001
142 126 128
2 38 1759 748.3101 -442.3900 39 1724 664.5900 -467.1600
-9.1693756182e+001 5.2165858063e+001 -2.7363409529e+002
90 79 80
2 38 1783 -546.0500 310.6400 39 1738 -555.9700 444.7600
-4.7214652219e-001 1.6405842702e+000 -8.7543435876e+000
31 54 25
2 38 1786 -87.2700 305.3000 39 1974 -113.3500 245.6000
1.3494675327e+000 1.6222176868e+000 -9.3055199267e+000
96 115 113
2 38 1789 236.1700 284.0800 39 1792 204.5601 224.9000
1.3494675327e+000 1.6222176868e+000 -9.3055199267e+000
96 115 113
2 38 1790 236.1700 284.0800 39 1793 204.5601 224.9000
-1.0026525534e+002 5.3085043542e+001 -3.0865131244e+002
86 69 61
2 38 1797 -528.4900 280.2300 39 1938 -540.0100 413.5300
1.3857554064e+000 1.5435883427e+000 -9.2062826150e+000
108 122 134
2 38 1800 245.0500 273.2400 39 1800 212.6000 212.1600
1.3857554064e+000 1.5435883427e+000 -9.2062826150e+000
108 122 134
2 38 1801 245.0500 273.2400 39 1801 212.6000 212.1600
1.4787866736e+000 1.6026890274e+000 -9.3278478684e+000
38 40 63
2 38 1802 258.1899 279.9900 39 1794 225.9399 220.5900
1.6816205869e+000 1.5654723106e+000 -9.3130011721e+000
88 62 81
2 38 1803 293.8900 273.9600 39 1802 260.8000 213.2100
2.3441038264e+000 1.5003286727e+000 -9.4321079299e+000
99 78 95
2 38 1804 404.8000 259.2200 39 1804 368.1700 197.4600
-8.1543969131e-001 1.2572617333e+000 -8.2739711448e+000
172 157 72
2 38 1812 -160.5800 247.6000 39 1805 -186.1800 180.9900
-8.1543969131e-001 1.2572617333e+000 -8.2739711448e+000
172 157 72
2 38 1813 -160.5800 247.6000 39 1806 -186.1800 180.9900
-2.1037144273e-001 1.2376256136e+000 -8.3747764862e+000
162 156 81
2 38 1816 -41.1100 240.8200 39 1807 -69.6200 172.8500
-2.1037144273e-001 1.2376256136e+000 -8.3747764862e+000
162 156 81
2 38 1817 -41.1100 240.8200 39 1808 -69.6200 172.8500
2.6732261841e+000 1.4483745869e+000 -9.4622714751e+000
145 113 99
2 38 1822 460.0800 249.4700 39 2004 421.7700 186.6600
-6.8615261026e-001 9.9238988701e-001 -7.9688220032e+000
171 154 96
2 38 1828 -140.3900 202.9300 39 1820 -168.2300 129.8700
-6.8615261026e-001 9.9238988701e-001 -7.9688220032e+000
171 154 96
2 38 1829 -140.3900 202.9300 39 1821 -168.2300 129.8700
-4.6321641585e-001 1.0872365505e+000 -8.1614230396e+000
34 54 28
2 38 1830 -91.7100 216.9900 39 1822 -121.8800 146.7200
-2.7727216826e-001 1.0165194007e+000 -8.0999200158e+000
174 155 62
2 38 1832 -56.2200 204.5400 39 1823 -85.5800 131.8100
-9.4827168779e-001 7.5053896775e-001 -7.5988359534e+000
179 33 47
2 38 1839 -203.2100 160.9300 39 1840 -231.3400 82.0800
7.7417881940e-001 8.2812455775e-001 -8.2308568175e+000
165 88 78
2 38 1841 153.0100 163.9800 39 1842 115.5800 89.1000
2.8930054446e+000 1.0303312734e+000 -9.0628788250e+000
140 110 102
2 38 1843 520.1300 185.2500 39 1834 474.4700 115.2700
-2.0807135043e+000 6.5985694081e-001 -7.6638916243e+000
148 123 101
2 38 1851 -441.7700 140.2700 39 1838 -462.9900 71.0200
9.2944381415e-001 7.1574612021e-001 -8.1629110955e+000
157 85 70
2 38 1852 185.1100 142.9400 39 1845 145.8500 66.2400
3.2456592951e+000 6.9713079345e-001 -8.9451707606e+000
83 53 65
2 38 1856 591.1801 127.0000 39 1852 539.4900 54.5300
4.0796816587e+000 2.6767989577e-002 -9.3203499378e+000
185 87 31
2 38 1874 713.1600 4.7000 39 1651 652.0000 -60.1700
1.0507044686e+000 -1.6454929924e-001 -8.4511013556e+000
15 59 92
2 38 1880 202.2400 -31.6700 39 1656 156.9900 -95.6500
-4.1387379671e-001 -5.1192398987e-001 -8.1436549417e+000
27 58 30
2 38 1895 -82.4500 -102.4700 39 1873 -120.2300 -160.6400
6.5700602486e-001 -6.2120889413e-001 -8.4959711186e+000
153 88 60
2 38 1898 126.0601 -119.1500 39 1887 80.4100 -175.4800
1.5389143525e+000 -7.5806856963e-001 -9.0842970633e+000
197 132 114
2 38 1922 276.2300 -136.0100 39 1684 225.2400 -185.2000
-2.8332722760e-001 -9.3305214605e-001 -8.5741805000e+000
155 152 136
2 38 1932 -53.0700 -177.4100 39 1695 -93.6700 -223.7300
3.7928682971e-001 -1.1467513392e+000 -9.2027988241e+000
167 46 61
2 38 1937 68.0400 -203.1700 39 1705 22.8700 -240.5900
5.0767678843e+000 -1.8409839426e+000 -9.5140196197e+000
60 50 59
2 38 1940 869.3199 -315.2500 39 1917 782.7600 -363.8100
5.0896100440e+000 -1.8486686778e+000 -9.4008004444e+000
138 121 121
2 38 1941 882.1500 -320.4200 39 1918 793.6700 -370.5300
4.8858019050e+000 -2.2768174127e+000 -9.7355753550e+000
135 122 122
2 38 1945 818.3300 -381.2500 39 1923 730.2300 -420.1500
4.8483804892e+000 -2.6347823325e+000 -1.0206176491e+001
136 119 125
2 38 1948 774.5300 -420.7900 39 1721 689.0100 -449.6700
2.8060464087e+002 2.0851666221e+002 7.4344927392e+002
109 81 77
2 38 1951 -614.3800 -457.0200 39 1912 -630.0200 -314.3400
4.6671842872e+000 -3.0262026049e+000 -1.0553569822e+001
149 130 133
2 38 1953 721.2000 -467.4100 39 1930 637.2100 -487.2300
4.5731440385e+000 -3.3013918595e+000 -1.0829532889e+001
143 127 130
2 38 1958 689.0200 -497.0000 39 1729 605.6000 -510.4700
4.4947560701e+000 -3.3819979003e+000 -1.0859540246e+001
147 131 134
2 38 1959 675.0699 -507.6400 39 1734 592.5300 -519.7900
-1.1782394450e+002 5.9123685452e+001 -3.1361122591e+002
124 92 87
2 38 1983 -611.9000 307.1900 39 2089 -623.7900 444.2100
-5.2147986725e-001 1.5400072322e+000 -8.6557448567e+000
170 157 113
2 38 1986 -97.8000 289.8700 39 1975 -123.7900 228.6900
-4.1325502375e-001 1.4889097595e+000 -8.6557457599e+000
36 60 30
2 38 1993 -77.7200 280.2800 39 1985 -103.8800 218.5800
-2.1330632771e-001 1.4755735099e+000 -8.6434862975e+000
29 51 30
2 38 1994 -40.3800 278.1900 39 1986 -67.1100 215.0500
-2.1330632771e-001 1.4755735099e+000 -8.6434862975e+000
29 51 30
2 38 1995 -40.3800 278.1900 39 1987 -67.1100 215.0500
1.5805638669e+000 1.5800978695e+000 -9.3204370429e+000
180 127 96
2 38 1996 276.1500 276.2700 39 1991 243.3300 216.2300
1.5805638669e+000 1.5800978695e+000 -9.3204370429e+000
180 127 96
2 38 1997 276.1500 276.2700 39 1990 243.3300 216.2300
1.5415556610e+000 1.4374817337e+000 -9.1256007705e+000
30 76 112
2 38 1998 275.1600 256.6900 39 1992 240.6801 193.5800
1.6584004140e+000 1.4183160111e+000 -9.1582343563e+000
186 136 92
2 38 1999 295.0601 252.3500 39 1994 259.7900 189.3500
-1.6292041455e+002 5.4316693263e+001 -3.9964962909e+002
104 71 57
2 38 2005 -663.8900 221.4600 39 1947 -677.2000 358.6900
-9.1764875124e-001 1.2738354336e+000 -8.3146874590e+000
30 53 24
2 38 2007 -179.7600 249.6300 39 1996 -204.8100 184.4800
-8.4747696063e-001 1.1051831066e+000 -8.0915112091e+000
163 153 112
2 38 2008 -170.9000 222.5800 39 2005 -196.7300 152.7300
-6.7272556423e-001 1.1958079529e+000 -8.1829923120e+000
35 55 39
2 38 2010 -134.7300 238.1900 39 2127 -159.9600 168.7800
-6.0786765168e-001 1.2694359750e+000 -8.3339218555e+000
171 154 111
2 38 2011 -118.8500 248.2000 39 1997 -145.4300 181.6100
-6.0786765168e-001 1.2694359750e+000 -8.3339218555e+000
171 154 111
2 38 2012 -118.8500 248.2000 39 1998 -145.4300 181.6100
-9.4101710468e-004 1.2476672295e+000 -8.4392980475e+000
167 149 115
2 38 2014 -0.2000 240.9000 39 2000 -30.0100 173.1000
-9.4101710468e-004 1.2476672295e+000 -8.4392980475e+000
167 149 115
2 38 2015 -0.2000 240.9000 39 2001 -30.0100 173.1000
-6.8647417081e-002 1.1705777453e+000 -8.3253180291e+000
37 60 43
2 38 2016 -13.5400 229.1200 39 2130 -43.4900 159.5400
-6.8647417081e-002 1.1705777453e+000 -8.3253180291e+000
37 60 43
2 38 2017 -13.5400 229.1200 39 2131 -43.4900 159.5400
-7.8889235824e-001 1.0216099367e+000 -8.0388517729e+000
32 60 31
2 38 2024 -159.9400 207.0800 39 2007 -186.9900 136.1500
-5.5231520715e-001 9.4071387116e-001 -7.9228122140e+000
38 64 45
2 38 2026 -113.6700 193.4800 39 2142 -142.7400 118.8000
-4.7703775396e-001 9.9979041429e-001 -8.0246760094e+000
168 155 110
2 38 2027 -97.0400 203.0300 39 2009 -125.9100 129.9300
-4.7703775396e-001 9.9979041429e-001 -8.0246760094e+000
168 155 110
2 38 2028 -97.0400 203.0300 39 2010 -125.9100 129.9300
5.7947510001e-001 9.8895895487e-001 -8.3275743534e+000
171 35 36
2 38 2031 114.4399 193.3600 39 2021 77.0900 121.3000
8.6214782020e-001 1.0895054105e+000 -8.4856533228e+000
163 156 131
2 38 2032 165.5601 209.2100 39 2011 129.8199 138.1300
8.6214782020e-001 1.0895054105e+000 -8.4856533228e+000
163 156 131
2 38 2033 165.5601 209.2100 39 2012 129.8199 138.1300
1.4834147858e+000 1.1184287597e+000 -8.7775014710e+000
6 77 115
2 38 2036 276.1100 207.5000 39 2015 236.5699 139.2800
2.4302857678e+000 1.2245127404e+000 -9.1563062822e+000
130 101 93
2 38 2040 432.8101 217.8500 39 2017 391.3101 151.5200
-2.0764631468e-001 8.1406805899e-001 -7.8912578722e+000
161 155 93
2 38 2047 -42.9200 168.1000 39 2028 -75.1700 91.3400
-2.0764631468e-001 8.1406805899e-001 -7.8912578722e+000
161 155 93
2 38 2048 -42.9200 168.1000 39 2029 -75.1700 91.3400
1.4373878659e-001 8.8796150474e-001 -8.1077761419e+000
28 53 26
2 38 2049 29.1000 178.4300 39 2018 -5.0500 104.2600
1.4373878659e-001 8.8796150474e-001 -8.1077761419e+000
28 53 26
2 38 2050 29.1000 178.4300 39 2019 -5.0500 104.2600
1.5278089240e+000 9.9833745690e-001 -8.6372753520e+000
26 74 118
2 38 2053 288.2800 188.3300 39 2022 248.3199 117.2200
1.8550973337e+000 8.6496570650e-001 -8.5834743790e+000
176 114 89
2 38 2055 351.9000 164.2500 39 2155 309.1700 90.7200
2.7616084953e+000 8.6304849581e-001 -8.8808620184e+000
92 53 58
2 38 2056 506.5601 158.3800 39 2034 459.3600 86.1900
3.2915381107e+000 9.9042883947e-001 -9.1510565866e+000
158 118 83
2 38 2058 585.9500 176.3900 39 2024 538.3199 106.1800
4.6999998240e+000 6.2958583277e-001 -9.4122357761e+000
176 141 126
2 38 2078 813.3500 109.0800 39 2041 755.4399 38.5200
3.8790051536e+000 3.7498713482e-001 -9.0771469011e+000
125 27 47
2 38 2084 696.4200 67.2900 39 2044 637.8600 -3.6800
3.8790051536e+000 3.7498713482e-001 -9.0771469011e+000
125 27 47
2 38 2085 696.4200 67.2900 39 2043 637.8600 -3.6800
-3.3853963062e-001 -3.1802731891e-001 -7.9449097519e+000
23 61 45
2 38 2093 -68.7700 -65.3000 39 1866 -107.4000 -129.9800
-2.9655095083e-001 -4.0102349301e-001 -7.9715768686e+000
93 116 116
2 38 2095 -60.2000 -82.0200 39 2056 -99.0600 -145.5600
-7.4856400783e-001 -8.1726026464e-001 -8.2288373434e+000
78 113 131
2 38 2103 -148.1400 -161.8400 39 2069 -183.6500 -213.2000
1.9086941679e+000 -7.6293773515e-001 -9.2153803727e+000
194 131 113
2 38 2111 337.3300 -134.8700 39 1889 284.9200 -183.8800
2.0246521758e+000 -7.7295740078e-001 -9.3002022658e+000
193 134 112
2 38 2113 354.8500 -135.4500 39 2064 301.4200 -183.4400
-1.1595135799e+000 -1.1007602820e+000 -8.4960516331e+000
39 67 47
2 38 2119 -222.1900 -211.1300 39 1901 -255.0100 -252.3400
5.6083695316e-001 -1.1350630913e+000 -9.2993895682e+000
20 76 127
2 38 2121 98.0900 -198.8600 39 1905 54.1300 -236.2200
-1.6786880858e+002 6.1788159334e+001 -3.0679034545e+002
101 89 53
2 38 2133 -891.9300 328.1600 39 2084 -908.9500 475.2800
-9.5861228307e+001 4.9599092582e+001 -2.8020365406e+002
38 26 26
2 38 2141 -556.9000 288.4200 39 2091 -568.3500 422.3500
-1.5904468985e+002 6.0033330834e+001 -3.6687982125e+002
176 121 84
2 38 2146 -706.3800 266.6300 39 2095 -719.7000 406.2300
-1.1744189578e-001 1.4096116763e+000 -8.5785012443e+000
169 153 109
2 38 2149 -22.4000 267.7600 39 2125 -50.2400 202.9500
-1.1744189578e-001 1.4096116763e+000 -8.5785012443e+000
169 153 109
2 38 2150 -22.4000 267.7600 39 2124 -50.2400 202.9500
3.4702107012e-003 1.4699339098e+000 -8.6938233361e+000
39 55 23
2 38 2151 0.2600 275.5500 39 2126 -27.0200 212.1600
-1.5847788560e+002 5.6788175962e+001 -3.7500363319e+002
89 44 31
2 38 2153 -687.4000 246.7600 39 2096 -702.7900 385.2400
-4.9523038006e-001 1.2630405230e+000 -8.3515987100e+000
35 61 30
2 38 2154 -96.8500 246.4500 39 2128 -123.5900 179.5500
1.1094484158e-001 1.2344449980e+000 -8.4587983718e+000
34 57 28
2 38 2157 21.0100 237.8400 39 2132 -8.7600 169.7700
2.3728333287e+000 1.3450551685e+000 -9.2324952386e+000
150 124 109
2 38 2158 419.1899 237.3100 39 2133 379.1700 172.3400
-1.1761090964e+000 9.6003918860e-001 -7.8094268372e+000
154 58 55
2 38 2161 -245.3500 200.3100 39 2135 -270.6100 126.7200
-9.7381237600e-001 1.0640277859e+000 -8.0902088345e+000
44 95 121
2 38 2162 -195.8300 214.2800 39 2136 -222.1800 145.5100
-3.6827707724e-001 9.9007391588e-001 -8.0362551231e+000
35 60 36
2 38 2163 -74.9600 200.7800 39 2138 -104.3300 127.3100
-1.0502599595e+000 7.4260518094e-001 -7.5454059689e+000
168 122 89
2 38 2169 -226.8400 160.3700 39 2150 -253.9700 80.8400
-1.0502599595e+000 7.4260518094e-001 -7.5454059689e+000
168 122 89
2 38 2170 -226.8400 160.3700 39 2151 -253.9700 80.8400
2.6439595437e-001 8.9571004469e-001 -8.1254253894e+000
163 152 122
2 38 2171 52.8900 179.6400 39 2144 18.7300 105.0000
5.2580948416e-001 8.8981416532e-001 -8.2038741204e+000
162 150 126
2 38 2172 104.1801 176.7700 39 2146 68.7500 102.3700
3.7521940511e+000 1.0304914314e+000 -9.3112401936e+000
154 118 87
2 38 2175 657.3900 180.1500 39 2148 606.5699 110.9800
3.8904769316e+000 9.4373792842e-001 -9.2880891294e+000
132 24 40
2 38 2176 683.3101 165.3700 39 2149 630.6000 95.4700
-8.4642591936e-001 6.6486572413e-001 -7.5158227965e+000
96 120 118
2 38 2178 -183.8000 144.1700 39 2152 -212.3500 63.1000
-7.2608473993e-001 6.3077024084e-001 -7.5185306995e+000
26 56 29
2 38 2180 -157.6500 136.7300 39 2159 -187.3100 55.2200
4.6111874671e+000 9.2160857791e-001 -9.6469300232e+000
168 138 114
2 38 2184 778.1400 155.8600 39 2037 726.4700 88.4100
4.4777273953e+000 7.1797727516e-001 -9.5586554253e+000
169 85 38
2 38 2186 764.2700 122.1400 39 2163 707.2500 55.8000
3.8904458520e+000 -1.5683992152e-001 -9.3575169828e+000
183 125 68
2 38 2194 677.4100 -27.3000 39 2169 616.0500 -89.0800
3.8904458520e+000 -1.5683992152e-001 -9.3575169828e+000
183 125 68
2 38 2195 677.4100 -27.3000 39 2168 616.0500 -89.0800
-6.6395964024e-001 -5.7828056388e-001 -7.9653639172e+000
66 110 108
2 38 2201 -136.0900 -118.2700 39 2173 -171.1400 -178.0000
1.7784201171e+000 -8.0313159523e-001 -9.2308001898e+000
193 130 112
2 38 2206 313.4500 -141.6800 39 2062 262.5000 -189.5400
-1.5127713635e+002 6.0518865168e+001 -3.6990347448e+002
171 120 76
2 38 2232 -666.0000 266.5900 39 2194 -679.3000 404.8900
-2.6552499771e-001 8.8847883776e-001 -7.9224386033e+000
165 152 118
2 38 2237 -54.5400 182.7300 39 2205 -86.1300 106.6200
6.4270577734e-003 8.8723951531e-001 -8.0304326081e+000
160 151 110
2 38 2239 1.1300 180.0500 39 2207 -31.5400 104.7900
-2.1038221646e+000 6.0722975348e-001 -7.6767775039e+000
151 126 104
2 38 2243 -446.3300 128.8800 39 2209 -466.7100 60.4400
2.8496302385e+000 5.5964489698e-001 -8.7331394673e+000
152 107 55
2 38 2246 531.8700 104.3800 39 2211 479.6600 30.6400
-4.7722612695e-001 -5.8021518029e-001 -8.1185195898e+000
69 105 132
2 38 2253 -95.5400 -116.4800 39 2174 -132.9300 -174.0800
4.7714649741e+000 -7.8038917005e-001 -1.0555505508e+001
30 19 27
2 38 2260 737.1300 -120.6200 39 2172 672.2600 -162.4000
4.1809909896e+002 3.1133374968e+002 1.0721815804e+003
52 27 29
2 38 2266 -635.2800 -473.1500 39 2227 -649.7300 -329.9600
2.3914442412e+002 1.8954589140e+002 6.6080801858e+002
59 30 35
2 38 2267 -588.2900 -467.4100 39 2228 -605.8100 -324.8800
3.6631269708e+000 8.9648683030e-001 -9.2323133451e+000
17 58 109
2 38 2278 645.8300 158.3900 39 2255 596.6600 88.0200
4.3715639897e+000 1.1181679926e+000 -9.7280604753e+000
141 25 37
2 38 2279 731.5000 187.4800 39 2248 683.7300 121.8600
4.3715639897e+000 1.1181679926e+000 -9.7280604753e+000
141 25 37
2 38 2280 731.5000 187.4800 39 2249 683.7300 121.8600
8.6215979242e-001 7.3015942798e-001 -8.2157842491e+000
174 156 134
2 38 2282 170.1000 144.9500 39 2250 132.6100 69.6200
3.0387045310e+000 7.5422397871e-001 -8.8586853458e+000
53 19 23
2 38 2302 558.8900 138.7400 39 2282 508.5300 65.2400
-4.3911691894e-001 4.4639366180e-001 -7.5858399093e+000
155 148 122
2 38 2304 -93.9800 95.8500 39 2284 -128.0400 15.9200
3.2898893586e+000 5.6050212642e-001 -8.9097737468e+000
156 116 80
2 38 2306 601.1801 102.6200 39 2302 548.5000 29.8200
3.2898893586e+000 5.6050212642e-001 -8.9097737468e+000
156 116 80
2 38 2307 601.1801 102.6200 39 2303 548.5000 29.8200
6.4421879839e-003 -6.3671880868e-001 -8.1884062599e+000
156 156 144
2 38 2310 1.8800 -126.7800 39 2263 -40.6100 -185.0400
-9.8779355513e-001 4.1468894546e-001 -7.4311801758e+000
93 121 135
2 38 2329 -215.8700 90.8700 39 2300 -246.5900 10.8600
2.3820859713e+000 -3.5247917845e-001 -9.0081187031e+000
194 140 112
2 38 2333 430.5100 -63.6800 39 2286 376.7500 -122.5500
-1.1913842206e+000 -7.0035505008e-001 -7.9107520232e+000
197 114 104
2 38 2336 -245.1300 -144.2800 39 2288 -277.0500 -200.5000
4.3758305047e+000 -2.3100667266e-001 -9.6209685551e+000
112 68 38
2 38 2349 741.7300 -39.2900 39 2323 677.0000 -97.8600
4.8115613420e-001 -4.1024720850e-001 -8.2334412777e+000
164 160 141
2 38 2350 95.2900 -81.2000 39 2306 51.2500 -143.8300
2.8938090119e+000 -1.1603558812e-001 -9.0136624519e+000
171 33 46
2 38 2359 523.1899 -20.9900 39 2336 466.7100 -84.2500
4.8869679632e+000 1.5662443589e+000 -1.0125284610e+001
40 32 43
2 38 2365 785.9301 252.1900 39 2341 741.9399 189.6200
9.4773721392e-001 -1.5682689660e-001 -8.0799946539e+000
99 130 151
2 38 2368 191.5800 -31.7000 39 2337 143.6400 -102.6900
2.2464728521e+000 -1.9294320810e-001 -9.9695949685e+000
129 80 75
2 38 2386 367.9100 -31.6800 39 2359 319.6600 -74.5200
