# Bundle file v0.3
60 277
0 0 0
0 0 0
0 0 0
0 0 0
0 0 0
0 0 0
0 0 0
0 0 0
0 0 0
0 0 0
0 0 0
0 0 0
0 0 0
0 0 0
0 0 0
0 0 0
0 0 0
0 0 0
0 0 0
0 0 0
0 0 0
0 0 0
0 0 0
0 0 0
0 0 0
0 0 0
0 0 0
0 0 0
0 0 0
0 0 0
0 0 0
0 0 0
0 0 0
0 0 0
0 0 0
0 0 0
0 0 0
0 0 0
0 0 0
0 0 0
0 0 0
0 0 0
0 0 0
0 0 0
0 0 0
0 0 0
0 0 0
0 0 0
0 0 0
0 0 0
0 0 0
0 0 0
0 0 0
0 0 0
0 0 0
0 0 0
0 0 0
0 0 0
0 0 0
0 0 0
0 0 0
0 0 0
0 0 0
0 0 0
0 0 0
0 0 0
0 0 0
0 0 0
0 0 0
0 0 0
0 0 0
0 0 0
0 0 0
0 0 0
0 0 0
0 0 0
0 0 0
0 0 0
0 0 0
0 0 0
0 0 0
0 0 0
0 0 0
0 0 0
0 0 0
0 0 0
0 0 0
0 0 0
0 0 0
0 0 0
0 0 0
0 0 0
0 0 0
0 0 0
0 0 0
0 0 0
0 0 0
0 0 0
0 0 0
0 0 0
0 0 0
0 0 0
0 0 0
0 0 0
0 0 0
0 0 0
0 0 0
0 0 0
0 0 0
0 0 0
0 0 0
0 0 0
0 0 0
0 0 0
0 0 0
0 0 0
0 0 0
0 0 0
0 0 0
0 0 0
0 0 0
0 0 0
0 0 0
0 0 0
0 0 0
0 0 0
0 0 0
0 0 0
0 0 0
0 0 0
0 0 0
0 0 0
0 0 0
0 0 0
0 0 0
0 0 0
0 0 0
0 0 0
0 0 0
0 0 0
0 0 0
0 0 0
0 0 0
0 0 0
0 0 0
0 0 0
0 0 0
0 0 0
0 0 0
0 0 0
0 0 0
0 0 0
0 0 0
0 0 0
0 0 0
0 0 0
0 0 0
0 0 0
0 0 0
0 0 0
0 0 0
0 0 0
0 0 0
0 0 0
0 0 0
0 0 0
0 0 0
0 0 0
0 0 0
0 0 0
0 0 0
0 0 0
0 0 0
0 0 0
0 0 0
0 0 0
0 0 0
0 0 0
0 0 0
0 0 0
1.5151299317e+003 -8.0064447098e-001 5.5138897785e-001
1.2095293795e-001 3.3675844982e-002 -9.9208685319e-001
-5.6800873400e-001 8.2198319694e-001 -4.1348543539e-002
8.1408627608e-001 5.6851522531e-001 1.1854945669e-001
3.1865477827e+000 2.2938931282e+000 -4.0275774606e-001
-1.1602917641e+003 -5.9639107523e-001 2.8739593570e-001
1.9791716717e-001 -1.7218941927e-001 9.6497647579e-001
-4.8610751996e-001 8.3762512282e-001 2.4916587377e-001
-8.5119226616e-001 -5.1839652536e-001 8.2077819892e-002
-3.6712597780e+000 1.2828855156e+000 -1.5091759618e-001
1.0269404808e+003 -4.2046062133e-001 1.4263344885e-001
1.5188934668e-001 7.1096451406e-002 -9.8583716757e-001
-4.7881570531e-001 8.7785308966e-001 -1.0462950140e-002
8.6467632482e-001 4.7362352937e-001 1.6737862980e-001
3.1953419534e+000 2.1953735086e+000 -7.5435523131e-001
-7.9107662415e+002 -2.5733961149e-001 6.1495441503e-002
3.1388097932e-001 -6.1714389588e-002 9.4745451867e-001
-4.3519420390e-001 8.7753643807e-001 2.0133505596e-001
-8.4385113362e-001 -4.7552195952e-001 2.4858425192e-001
-3.5549366610e+000 1.4555513991e+000 -6.4565332045e-001
1.0035286585e+003 -4.3686820438e-001 1.3605718305e-001
1.8523519931e-001 1.3886862059e-001 -9.7283268199e-001
-5.1606460457e-001 8.5621451467e-001 2.3958897688e-002
8.3628060174e-001 4.9760648216e-001 2.3026624605e-001
3.2326178059e+000 2.0867596803e+000 -8.8125120468e-001
9.8043403152e+002 -3.2799404351e-001 -6.5793599775e-003
2.1849146300e-001 1.6304400563e-001 -9.6212168296e-001
-5.1440961288e-001 8.5707343436e-001 2.8423199936e-002
8.2924316746e-001 4.8871441594e-001 2.7113463240e-001
3.1999300905e+000 2.0703730256e+000 -1.0193015628e+000
8.3698558845e+002 -9.8242851883e-002 -2.7185355873e-001
2.1050104807e-001 1.5902336714e-001 -9.6457289899e-001
-5.1929139716e-001 8.5415488548e-001 2.7493207221e-002
8.2826671646e-001 4.9510705945e-001 2.6237996511e-001
3.2119602699e+000 2.0738174223e+000 -9.7005244818e-001
8.4335413607e+002 -1.1652172272e-001 -2.1423001152e-001
2.8849223076e-001 2.0027101526e-001 -9.3630323787e-001
-5.6739690410e-001 8.2344340980e-001 1.3053987790e-003
7.7125416434e-001 5.3087896106e-001 3.5119018024e-001
3.1009379731e+000 2.1609697912e+000 -1.1281494433e+000
0 0 0
0 0 0
0 0 0
0 0 0
0 0 0
8.1901505987e+002 -1.3933355002e-002 -3.0643727244e-001
3.0062644324e-001 1.9837913803e-001 -9.3288233943e-001
-5.6239028475e-001 8.2685427608e-001 -5.4012732774e-003
7.7028625149e-001 5.2626773008e-001 3.6014076002e-001
3.0723554030e+000 2.1820172919e+000 -1.1616548741e+000
8.6337229967e+002 -1.9953240607e-003 -3.4216255897e-001
2.4390126050e-001 1.8999156616e-001 -9.5100756039e-001
-5.5096929147e-001 8.3414073984e-001 2.5339021351e-002
7.9808835036e-001 5.1779574248e-001 3.0812749647e-001
3.1853723737e+000 2.0797264312e+000 -1.0381101168e+000
0 0 0
0 0 0
0 0 0
0 0 0
0 0 0
0 0 0
0 0 0
0 0 0
0 0 0
0 0 0
0 0 0
0 0 0
0 0 0
0 0 0
0 0 0
0 0 0
0 0 0
0 0 0
0 0 0
0 0 0
0 0 0
0 0 0
0 0 0
0 0 0
0 0 0
0 0 0
0 0 0
0 0 0
0 0 0
0 0 0
0 0 0
0 0 0
0 0 0
0 0 0
0 0 0
0 0 0
0 0 0
0 0 0
0 0 0
0 0 0
0 0 0
0 0 0
0 0 0
0 0 0
0 0 0
0 0 0
0 0 0
0 0 0
0 0 0
0 0 0
0 0 0
0 0 0
0 0 0
0 0 0
0 0 0
0 0 0
0 0 0
0 0 0
0 0 0
0 0 0
0 0 0
0 0 0
0 0 0
0 0 0
0 0 0
1.1451533408e+000 -1.8273864779e+000 3.2340986814e+000
36 52 23
2 37 1002 -126.2500 16.4900 39 118 -229.2300 61.3700
9.8265915560e-001 -2.1634532687e+000 3.2429500208e+000
208 53 72
3 37 338 62.3400 -499.6000 39 320 -80.1200 -436.2100 36 288 45.8800 -531.0900
1.0360491873e+000 -2.0748492080e+000 3.2492811772e+000
179 121 99
4 37 1106 87.1800 -487.9000 39 719 -61.5300 -427.7600 38 761 5.2300 -482.6000 40 671 -73.5500 -443.0800
1.0666855414e+000 -2.0385147283e+000 3.2513960021e+000
148 21 33
4 37 1498 107.9600 -502.8199 39 1148 -43.6000 -443.3600 38 1398 25.8900 -499.0900 36 1453 92.3200 -532.0200
9.1821249863e-001 -2.3768545169e+000 3.2249393497e+000
181 125 94
3 37 1631 50.8700 -584.3600 39 1313 -84.4000 -516.3300 38 1400 -21.4600 -574.6600
1.0995553962e+000 -2.0356088530e+000 3.2597894860e+000
119 74 32
2 37 850 168.5400 -571.1100 39 762 14.1400 -517.9399
1.0151616557e+000 -2.1223702142e+000 3.2455522633e+000
122 30 39
4 37 342 76.9300 -510.4600 39 326 -69.5800 -447.9399 38 321 -2.8200 -503.6600 36 291 60.4100 -541.2400
9.3227268422e-001 -2.2149458606e+000 3.2387451536e+000
181 126 96
4 37 1096 42.6000 -476.0300 39 709 -96.4600 -412.2700 40 670 -106.6700 -424.1100 41 595 -145.0400 -430.6100
9.6081897247e-001 -2.1776615148e+000 3.2417468643e+000
179 120 103
3 37 786 52.3800 -480.2900 39 318 -89.1200 -416.6500 40 275 -99.3800 -429.6899
1.1410548399e+000 -1.8956634357e+000 3.2614757853e+000
78 29 35
3 37 757 230.7000 -383.2400 39 678 73.7700 -345.2500 38 720 147.5900 -390.5200
1.1255574823e+000 -1.9870848227e+000 3.2620489439e+000
60 21 38
2 37 852 203.2800 -568.6100 39 404 50.1800 -521.6100
1.1375644286e+000 -1.9021298321e+000 3.2614441232e+000
166 84 82
6 37 1076 222.5500 -391.9800 39 958 63.5100 -353.7100 40 1091 49.7400 -377.6600 41 961 1.3300 -396.8199 43 846 -39.7000 -333.3700 45 722 -40.1700 -349.1000
1.1394939587e+000 -1.9370744694e+000 3.2578186522e+000
56 16 24
6 37 832 203.9300 -525.9500 39 978 49.3000 -480.1500 38 1043 122.9900 -530.3600 41 820 -11.3600 -522.5300 42 725 7.3700 -488.2100 43 733 -50.9000 -450.0300
1.1043948662e+000 -2.0273103409e+000 3.2607847643e+000
161 114 64
2 37 851 176.5000 -570.9000 39 763 21.3700 -519.1400
1.1323246846e+000 -1.9069292078e+000 3.2612130918e+000
101 48 49
8 37 1492 210.7700 -389.1400 39 1298 50.7500 -349.1000 40 1433 35.8800 -370.2100 41 1240 -12.6200 -386.6500 42 1154 7.7900 -358.8800 43 1184 -52.0300 -320.7800 45 1016 -52.4800 -335.3800 46 1133 -13.6900 -378.7000
1.1410074915e+000 -1.9216382782e+000 3.2591350161e+000
66 29 29
9 37 1705 214.3300 -485.4399 39 1605 59.0900 -442.8500 38 1638 132.8900 -491.2100 40 1552 45.8600 -466.7500 36 1585 197.8700 -508.6500 41 1342 -1.4900 -487.0100 42 1272 17.1100 -455.9900 43 1289 -41.6800 -418.2700 45 1139 -41.2100 -435.3199
1.1465605717e+000 -1.8243052802e+000 3.2354023401e+000
143 146 128
2 37 1599 -112.7800 48.6800 39 1095 -222.7800 93.6200
1.1334215001e+000 -1.9161606121e+000 3.2601871214e+000
73 32 30
10 37 276 207.0300 -429.1500 39 711 47.9000 -387.2800 38 266 122.0400 -435.7000 40 653 33.4400 -411.1300 36 239 189.8800 -453.8600 41 597 -14.9100 -427.9800 42 543 4.5300 -397.4000 43 229 -55.1100 -360.2000 45 190 -55.1200 -375.2800 46 537 -17.7300 -420.3900
1.1535132402e+000 -1.8853263244e+000 3.2613212201e+000
126 91 95
4 37 257 260.6100 -403.8900 39 702 113.9400 -371.6100 40 665 104.9900 -397.6500 41 801 61.1800 -419.8500
1.1442311331e+000 -1.8599688226e+000 3.2648609756e+000
178 37 45
9 37 1028 268.3400 -182.5900 39 918 111.5500 -157.8800 38 976 185.3200 -195.2200 40 854 101.8600 -180.6700 41 938 56.3200 -200.0601 42 823 74.9100 -186.1000 43 831 15.8700 -150.8199 45 705 15.5700 -167.1899 46 866 63.4900 -205.9301
1.1442311331e+000 -1.8599688226e+000 3.2648609756e+000
178 37 45
9 37 1029 268.3400 -182.5900 39 917 111.5500 -157.8800 38 975 185.3200 -195.2200 40 853 101.8600 -180.6700 41 937 56.3200 -200.0601 42 824 74.9100 -186.1000 43 830 15.8700 -150.8199 45 706 15.5700 -167.1899 46 865 63.4900 -205.9301
1.1604561837e+000 -1.8581749999e+000 3.2613879523e+000
35 71 98
2 37 1289 293.5600 -283.9200 39 1294 154.0400 -261.8600
1.1551030807e+000 -1.8821057422e+000 3.2613918037e+000
62 40 40
3 37 1080 266.4900 -398.3300 39 960 121.4600 -365.9600 41 965 71.0100 -414.8500
1.1370740133e+000 -1.8598724097e+000 3.2656635352e+000
131 82 67
7 37 1267 252.4000 -141.7800 39 1122 90.3300 -116.3700 40 1068 78.5700 -136.9600 41 1088 29.9000 -153.8400 42 972 50.2500 -140.7200 43 981 -10.8000 -103.8101 45 833 -12.0200 -118.6100
1.1473407955e+000 -1.8558220911e+000 3.2649158653e+000
178 42 49
10 37 1477 279.6200 -169.8400 39 1437 127.0800 -147.4301 38 1533 199.2600 -184.0000 40 1412 118.8500 -170.2500 36 1210 253.1100 -187.0000 41 1325 74.0800 -190.1600 42 1247 92.9100 -177.1700 43 1276 34.9200 -142.9600 45 1127 34.4000 -159.7900 46 1240 83.3900 -199.2400
1.1446912020e+000 -1.8838016690e+000 3.2624978220e+000
179 105 80
9 37 1622 247.9200 -340.1300 39 1600 91.7400 -309.1700 38 1549 165.0300 -352.4900 40 1549 80.5800 -333.2900 36 1445 226.9900 -360.4200 41 1339 34.1600 -353.5100 43 1286 -7.0700 -295.9000 45 1136 -6.6300 -313.0300 46 1258 35.4300 -358.3700
1.1556989587e+000 -1.8931996882e+000 3.2601236054e+000
141 113 99
6 37 1623 254.7800 -458.6000 39 1606 111.1300 -422.3199 41 1410 62.0000 -469.9399 42 1330 79.6200 -443.7400 43 1364 22.5800 -409.9399 45 1196 23.8000 -430.7200
1.1497388416e+000 -1.9179130902e+000 3.2589151829e+000
139 105 95
4 37 1629 229.0600 -515.7400 39 1478 79.0900 -474.8600 41 1248 21.6000 -521.0800 42 1016 37.6100 -488.7900
1.1553725936e+000 -1.9140176145e+000 3.2587798088e+000
75 36 39
6 37 1501 239.7200 -530.9000 39 1479 92.5100 -492.6300 38 1561 163.7400 -540.5699 43 1291 -1.9800 -476.8900 45 1141 -0.9700 -496.6200 46 1260 36.4700 -550.2200
1.1370199828e+000 -1.8948475132e+000 3.2620953529e+000
172 130 80
8 37 1699 224.9600 -356.4800 39 1598 67.0500 -319.3300 40 1547 53.1200 -342.5000 41 1405 5.4100 -360.5200 42 1266 24.0600 -335.7700 43 1285 -36.0400 -298.9200 45 1135 -36.1300 -314.4900 46 1257 4.0200 -358.4200
1.1116055534e+000 -1.9809746927e+000 3.2549628747e+000
42 15 24
7 37 1804 154.3800 -527.2700 39 1689 -0.1400 -471.8400 38 1750 71.8100 -525.7800 40 1646 -14.4700 -490.6500 36 1780 139.4300 -555.3101 41 1449 -60.5300 -504.9000 42 1374 -37.7200 -467.7300
1.1507669588e+000 -1.8806938491e+000 3.2621558093e+000
71 34 30
9 37 238 260.7200 -362.1200 39 681 111.8100 -330.4200 38 703 183.5900 -372.4700 40 635 103.3500 -355.6600 36 204 238.5000 -381.3400 42 523 77.1000 -355.1400 43 512 18.3200 -321.1600 45 601 19.1700 -339.9700 46 745 63.0200 -388.0800
1.1526359080e+000 -1.8785086849e+000 3.2621971113e+000
164 85 88
9 37 239 266.5600 -360.7000 39 682 119.0400 -330.8600 40 636 110.3700 -356.1500 36 206 244.7900 -378.5400 41 552 67.2200 -379.0200 42 524 84.4600 -357.7200 43 514 26.5300 -325.0400 45 603 27.6300 -344.1000 46 746 71.8700 -392.7100
1.0398626812e+000 -2.0956245251e+000 3.2469349542e+000
123 29 35
4 37 371 89.2300 -526.3300 39 367 -58.1900 -464.9399 38 352 9.1900 -520.6500 36 315 74.7700 -557.5000
1.1102738556e+000 -2.0144727215e+000 3.2619271326e+000
128 83 40
2 37 395 186.3800 -566.7500 39 403 30.5700 -516.6100
1.1401342224e+000 -1.9033858477e+000 3.2609505715e+000
64 22 29
5 37 767 225.5300 -411.5200 39 698 67.2500 -373.0400 40 898 54.0600 -397.2500 36 647 207.2200 -433.2500 42 544 24.8600 -388.2500
1.1474796558e+000 -1.9094961383e+000 3.2596950434e+000
165 116 112
4 37 788 230.9300 -475.7800 39 973 78.9000 -434.9800 38 765 151.6200 -482.9900 40 681 66.5700 -460.1300
8.1307388650e-001 -2.4340035129e+000 3.2230463571e+000
126 26 31
5 37 802 25.5400 -509.2200 39 317 -107.0900 -441.8000 38 319 -46.0100 -499.2400 40 299 -115.3600 -454.2900 36 696 8.0500 -542.6200
1.0113214331e+000 -2.1093500688e+000 3.2466520791e+000
179 117 103
3 37 805 72.5100 -485.7400 39 319 -72.3400 -424.2400 40 281 -84.1900 -438.9000
1.0533632174e+000 -2.0619566970e+000 3.2496504406e+000
186 52 59
4 37 344 97.5600 -508.3000 39 329 -51.5500 -447.8101 38 322 16.8500 -503.2000 36 702 82.6900 -537.6700
9.9439367816e-001 -2.1703663733e+000 3.2418967552e+000
188 59 70
4 37 826 68.4300 -528.5699 39 362 -74.1400 -464.7800 38 780 -9.6100 -520.9301 36 723 51.6700 -560.4600
1.1604551972e+000 -1.8888501181e+000 3.2602688354e+000
28 15 13
7 37 1100 268.5800 -464.4399 39 1149 128.8500 -432.3000 41 1134 81.7800 -484.6899 42 1011 98.3500 -459.7900 43 1020 41.7300 -427.7000 45 878 43.8900 -449.2800 46 1138 85.8900 -503.9600
9.2489342079e-001 -2.2372251801e+000 3.2385388057e+000
137 25 34
3 37 1103 44.1000 -485.7400 39 971 -93.1800 -422.3400 36 1032 25.8700 -517.5800
1.1370434720e+000 -1.8599079786e+000 3.2656764017e+000
131 82 67
8 37 1266 252.4000 -141.7800 39 1121 90.3300 -116.3700 40 1069 78.5700 -136.9600 41 1087 29.9000 -153.8400 42 971 50.2500 -140.7200 43 980 -10.8000 -103.8101 45 832 -12.0200 -118.6100 46 992 34.8300 -152.6600
1.1259512629e+000 -1.9450489269e+000 3.2576550227e+000
112 57 27
4 37 1312 180.2900 -491.3400 39 972 25.3200 -441.1899 38 1038 98.1200 -492.8800 36 1271 163.4500 -517.3900
1.1525167597e+000 -1.8695402166e+000 3.2628984331e+000
18 73 104
4 37 1490 274.5200 -303.4700 39 1459 128.1800 -277.1200 41 1336 78.5500 -325.1700 45 1137 38.5400 -293.5000
1.1267006751e+000 -1.9966706149e+000 3.2627060687e+000
81 52 56
2 37 1503 206.7300 -586.7400 39 1314 55.5800 -539.5500
1.1355882127e+000 -1.8892145242e+000 3.2627018363e+000
13 74 108
3 37 1798 227.4300 -322.4700 39 1687 66.0300 -284.5200 40 1643 52.2100 -307.0300
1.1531761201e+000 -1.8731000719e+000 3.2624254396e+000
191 117 93
6 37 215 272.4500 -331.3700 39 667 125.1500 -304.5200 41 782 76.3900 -351.4200 43 707 35.6900 -299.2800 45 718 40.9200 -316.5300 46 738 82.3300 -366.4600
1.1547720759e+000 -1.8718241980e+000 3.2622964373e+000
76 34 42
3 37 216 275.9100 -335.3300 39 216 131.9300 -307.4700 41 202 83.8700 -355.9700
1.1366041655e+000 -1.9009091994e+000 3.2615777770e+000
172 85 84
8 37 232 221.4800 -383.2600 39 675 62.4600 -343.8199 40 623 48.6600 -367.4301 41 565 0.2600 -385.7900 42 508 19.0500 -359.5300 43 502 -40.6900 -321.8199 45 421 -40.8800 -337.4600 46 493 -1.8500 -381.6700
1.1444779835e+000 -1.8905198332e+000 3.2618376297e+000
71 33 28
6 37 233 241.7800 -376.6200 39 679 86.7600 -341.3700 38 238 160.3500 -385.2100 42 515 46.5500 -361.3000 45 429 -12.8500 -342.6100 46 516 28.2200 -389.0800
1.1487566437e+000 -1.8846660501e+000 3.2620624989e+000
162 83 81
3 37 234 254.3200 -370.7600 39 683 103.3900 -337.7700 38 702 175.7900 -381.2700
1.1472465503e+000 -1.8883270709e+000 3.2617312793e+000
77 35 33
9 37 235 247.9500 -382.3500 39 234 95.6600 -347.7100 38 245 168.4200 -391.0800 40 633 84.6800 -372.4000 41 576 39.1800 -393.1801 42 521 57.1900 -368.7500 43 509 -2.3400 -333.3700 45 432 -2.1900 -350.7700 46 743 39.9900 -398.6100
1.1307133684e+000 -1.9091458090e+000 3.2611825069e+000
73 20 20
8 37 249 207.2800 -389.5200 39 230 46.0200 -348.1600 40 892 32.2300 -369.9800 41 564 -16.8200 -386.3000 42 179 2.0400 -359.7800 43 501 -57.2700 -321.1300 45 597 -57.4800 -335.9700 46 735 -18.8600 -379.1200
1.1469322619e+000 -1.8901860701e+000 3.2616426177e+000
162 79 81
3 37 251 245.6500 -388.3900 39 273 93.3800 -354.2000 38 246 166.0600 -398.1200
1.1411545285e+000 -1.9039228886e+000 3.2608238081e+000
127 58 68
7 37 277 226.7700 -420.4600 39 275 69.7200 -381.0200 38 269 143.5900 -427.6000 40 659 56.5500 -405.4000 43 231 -31.7500 -359.8400 45 440 -32.6300 -376.0601 46 540 6.1700 -423.7000
7.8531491600e-001 -2.4416907183e+000 3.2246748378e+000
232 73 90
3 37 337 21.4800 -486.9500 39 309 -111.3200 -420.7100 38 289 -50.7200 -476.6801
1.1367503815e+000 -1.8619199518e+000 3.2655485595e+000
187 147 124
6 37 672 250.7000 -155.5699 39 911 88.3300 -127.9301 40 844 76.9700 -149.1899 42 679 47.8900 -153.1000 45 584 -16.1300 -130.1600 46 863 29.4500 -165.4500
1.1367503815e+000 -1.8619199518e+000 3.2655485595e+000
187 147 124
6 37 673 250.7000 -155.5699 39 910 88.3300 -127.9301 40 845 76.9700 -149.1899 42 680 47.8900 -153.1000 45 583 -16.1300 -130.1600 46 862 29.4500 -165.4500
1.1351366415e+000 -1.8635817433e+000 3.2654888150e+000
186 149 125
8 37 674 245.3800 -158.6200 39 624 81.9400 -130.8900 40 564 69.7400 -152.0000 41 758 20.3200 -169.1801 42 443 40.7100 -154.5300 43 684 -20.2800 -117.5400 45 581 -21.0900 -131.5800 46 721 24.8500 -166.5200
1.1351841868e+000 -1.8635463769e+000 3.2654701085e+000
186 149 125
6 37 675 245.3800 -158.6200 39 625 81.9400 -130.8900 40 565 69.7400 -152.0000 42 444 40.7100 -154.5300 45 582 -21.0900 -131.5800 46 722 24.8500 -166.5200
1.1535168977e+000 -1.8595965170e+000 3.2636915971e+000
202 82 77
6 37 697 287.2200 -238.7700 39 930 143.2200 -214.9000 41 942 95.8900 -263.2800 43 835 57.5100 -216.2200 45 714 60.0100 -236.0100 46 1002 109.7700 -280.7900
1.1357471669e+000 -1.9116273373e+000 3.2605733972e+000
147 75 81
7 37 777 213.4400 -424.3300 39 700 55.5200 -383.2600 40 657 41.6000 -406.3400 41 598 -7.7200 -424.0699 43 230 -48.8000 -357.7300 45 191 -48.3200 -372.9399 46 228 -10.9800 -417.7700
1.1598257518e+000 -1.8929754527e+000 3.2599966290e+000
26 22 20
7 37 789 263.7300 -479.1600 39 726 122.6800 -445.7300 41 811 73.9200 -497.7100 42 720 90.5300 -471.2700 43 727 33.5500 -438.6200 45 631 35.6600 -459.5400 46 775 77.3500 -514.0100
1.1165744513e+000 -1.9734012453e+000 3.2559513752e+000
86 35 44
5 37 831 163.9600 -523.7200 39 744 7.1900 -471.9900 40 916 -8.4000 -494.1700 41 614 -54.4100 -510.0601 42 561 -33.3100 -472.5800
1.1345791098e+000 -1.9572472763e+000 3.2615308436e+000
73 37 41
2 37 834 213.9500 -544.1300 39 394 61.6300 -499.6100
1.1639866098e+000 -1.8588531495e+000 3.2601138674e+000
76 52 65
2 37 1297 294.4100 -320.0800 39 1464 158.0700 -297.0200
1.1199779668e+000 -1.9864945841e+000 3.2604005448e+000
150 98 51
2 37 1316 189.2700 -552.5300 39 1152 34.8400 -504.0699
1.1494371687e+000 -1.8521282117e+000 3.2650550113e+000
168 155 121
4 37 1473 287.9400 -153.0500 39 1439 139.2800 -129.3500 38 1531 210.2500 -165.2000 40 1409 133.4800 -151.8600
1.1494371687e+000 -1.8521282117e+000 3.2650550113e+000
168 155 121
4 37 1474 287.9400 -153.0500 39 1440 139.2800 -129.3500 38 1532 210.2500 -165.2000 40 1410 133.4800 -151.8600
1.1621102860e+000 -1.8516517004e+000 3.2610523948e+000
19 72 104
2 37 1485 298.5900 -246.9800 39 1445 164.1600 -223.2300
1.1284478543e+000 -1.8212656961e+000 3.3020479133e+000
156 53 49
2 38 39 -195.0800 242.5000 36 509 -168.7400 221.2600
1.1317863466e+000 -1.8422045278e+000 3.2638410155e+000
29 37 9
2 38 95 185.6300 20.9100 36 91 244.2600 19.1100
1.1419516040e+000 -1.8531804944e+000 3.2650014871e+000
197 135 117
5 38 112 189.8400 -126.4600 41 505 61.4600 -131.8700 42 438 80.9000 -121.2900 43 456 22.0100 -85.3600 46 447 71.8400 -135.8900
1.1426578217e+000 -1.8921023359e+000 3.2619117638e+000
179 97 81
7 38 206 154.8300 -382.8199 40 629 68.5600 -362.1600 41 546 21.2900 -382.1000 42 514 39.7400 -357.5000 43 503 -20.2000 -321.2700 45 426 -20.3200 -337.6200 46 494 20.5600 -383.8199
1.1382930569e+000 -1.9012697560e+000 3.2624791854e+000
96 44 42
2 38 233 131.3500 -402.8101 41 214 -5.5000 -397.4800
1.1267387526e+000 -1.8182835124e+000 3.3028925019e+000
165 55 57
2 38 518 -202.6100 278.0901 36 850 -178.9900 258.8301
1.1678591035e+000 -1.8131037797e+000 3.2774923021e+000
63 99 101
3 38 564 230.8000 184.6100 40 520 162.5500 193.2900 41 81 122.8600 174.2500
1.1947760650e+000 -1.7979913404e+000 3.2918497120e+000
200 176 150
2 38 881 159.0400 443.8900 40 768 87.1700 456.5800
1.1352479083e+000 -1.8675100416e+000 3.2644886317e+000
179 157 130
2 38 974 149.3400 -194.5900 36 567 215.5600 -202.8101
1.1314570813e+000 -1.9502184265e+000 3.2569392306e+000
150 106 57
3 38 1703 105.3300 -531.5699 40 1606 17.2200 -500.5900 41 1412 -29.4400 -516.4600
1.1222238577e+000 -1.8220915387e+000 3.2649273205e+000
134 57 45
5 40 39 112.7900 259.6500 42 35 86.5500 236.5801 43 413 26.8400 278.0701 45 332 24.8900 267.7000 46 394 86.7900 260.3000
1.1407246153e+000 -1.8351617846e+000 3.2664131812e+000
127 145 51
3 40 143 128.5300 57.0400 41 103 83.4500 39.4200 43 85 46.6900 77.6400
1.1407246153e+000 -1.8351617846e+000 3.2664131812e+000
127 145 51
3 40 144 128.5300 57.0400 41 102 83.4500 39.4200 43 84 46.6900 77.6400
1.1751260334e+000 -1.8264948786e+000 3.2699582154e+000
191 138 114
2 40 158 268.8400 -94.5000 41 122 245.9500 -122.1899
1.1404481722e+000 -1.8543435632e+000 3.2658785059e+000
189 139 122
2 40 161 94.1000 -113.2900 42 102 66.0700 -121.1500
1.1544555844e+000 -1.8553256990e+000 3.2648457328e+000
226 148 121
4 40 177 140.5700 -215.8500 42 128 118.0200 -225.7300 43 145 61.3900 -192.9700 46 129 114.6100 -255.1100
1.1558256280e+000 -1.8545154635e+000 3.2651042335e+000
146 32 37
2 40 178 144.3700 -220.1600 42 130 122.4000 -229.7800
1.1597521290e+000 -1.8486219694e+000 3.2650111776e+000
225 141 103
3 40 179 173.1200 -200.4100 41 145 136.2300 -224.3300 42 120 155.4500 -214.4500
1.1638789414e+000 -1.8443183370e+000 3.2651521673e+000
233 132 103
3 40 183 200.4800 -194.5500 41 147 167.3800 -220.3900 43 137 135.6000 -183.0900
1.1634792325e+000 -1.8447272624e+000 3.2649109943e+000
233 132 103
2 40 184 200.4800 -194.5500 41 146 167.3800 -220.3900
1.1589415678e+000 -1.8527922484e+000 3.2650895235e+000
159 47 51
2 40 189 158.9600 -230.3700 42 131 139.6200 -241.6500
1.1540002010e+000 -1.8644985253e+000 3.2635978890e+000
32 60 70
6 40 195 129.0900 -280.9500 41 184 86.9300 -302.9600 42 143 105.6200 -285.5699 43 153 48.4700 -253.3199 45 143 50.6000 -272.7700 46 474 98.2600 -318.7000
1.1576250278e+000 -1.8596993119e+000 3.2633310654e+000
47 74 91
2 40 199 153.6300 -273.2800 42 482 133.6800 -281.5300
1.1582372210e+000 -1.8590183138e+000 3.2635874849e+000
47 74 91
6 40 200 153.6300 -273.2800 41 189 114.9300 -297.4200 42 483 133.6800 -281.5300 43 479 78.3300 -250.6500 45 412 81.5500 -271.2100 46 477 132.7900 -318.8600
1.1603016513e+000 -1.8551978272e+000 3.2638349091e+000
138 174 194
5 40 201 168.0000 -259.9100 41 170 131.1600 -284.5200 42 146 149.9800 -271.4399 43 158 95.6700 -241.1400 46 157 152.7100 -310.2100
1.1607018463e+000 -1.8547497002e+000 3.2641060010e+000
138 174 194
4 40 202 168.0000 -259.9100 41 171 131.1600 -284.5200 42 145 149.9800 -271.4399 43 159 95.6700 -241.1400
1.1714376148e+000 -1.8438448240e+000 3.2643833600e+000
163 48 53
2 40 204 242.9500 -257.0400 41 177 218.3900 -287.1500
1.1449837856e+000 -1.8871955224e+000 3.2620218849e+000
85 33 25
6 40 242 79.7900 -352.5100 41 544 34.2300 -372.8900 42 499 51.3200 -349.2400 43 491 -7.9100 -313.6801 45 425 -7.9100 -330.8800 46 498 33.6800 -376.6300
1.1581331193e+000 -1.9102037745e+000 3.2577416495e+000
71 37 35
2 40 366 96.6700 -518.4900 41 313 54.7800 -542.0300
1.1192689960e+000 -1.8199662384e+000 3.2609041325e+000
174 38 39
2 40 500 140.8300 280.4199 42 373 120.9600 255.5400
1.1304678961e+000 -1.8296779009e+000 3.2680383701e+000
71 108 100
3 40 526 95.2200 160.0801 41 473 44.6800 144.3700 42 423 66.7500 141.1699
1.1621848020e+000 -1.8471876926e+000 3.2645832495e+000
147 33 38
5 40 585 191.3800 -206.2700 41 523 157.1800 -231.7900 42 465 176.0300 -222.4100 43 696 121.9300 -193.7400 45 587 126.3700 -215.7100
1.1713999456e+000 -1.8461596091e+000 3.2642532359e+000
143 30 40
4 40 593 236.9800 -280.6100 42 696 231.0700 -302.4301 43 702 181.9700 -277.8700 46 741 253.7500 -358.7100
1.1493096243e+000 -1.8713737859e+000 3.2636010105e+000
33 62 81
4 40 603 103.3800 -292.8300 41 533 58.7000 -314.2000 42 492 77.1900 -294.5400 45 407 18.9800 -278.7800
1.1490854267e+000 -1.8716542174e+000 3.2634968889e+000
33 62 81
5 40 604 103.3800 -292.8300 41 534 58.7000 -314.2000 42 493 77.1900 -294.5400 45 408 18.9800 -278.7800 46 733 64.2600 -323.2500
1.1428896813e+000 -1.8901025482e+000 3.2623778342e+000
98 39 43
6 40 624 66.2400 -355.9301 41 787 21.4700 -374.2100 42 498 40.6700 -349.5100 43 490 -19.4800 -313.6600 45 424 -19.0000 -330.2200 46 497 21.9200 -375.8400
1.1140578773e+000 -1.8271147638e+000 3.2637534582e+000
171 43 39
4 40 798 94.4600 234.0000 42 660 65.3000 213.2400 43 659 3.9900 254.7400 46 839 59.8600 236.0901
1.1721590302e+000 -1.8277677172e+000 3.2686818184e+000
183 150 118
2 40 833 267.3800 -81.8800 42 818 269.4200 -108.3400
1.1419594078e+000 -1.8532324948e+000 3.2650727695e+000
179 150 120
5 40 837 107.0800 -114.5400 41 751 61.0200 -132.9301 42 437 80.9000 -121.2900 43 455 22.0100 -85.3600 46 448 71.8400 -135.8900
1.1428290162e+000 -1.8526141142e+000 3.2654872289e+000
179 150 120
2 40 838 107.0800 -114.5400 41 752 61.0200 -132.9301
1.1380643622e+000 -1.8590677790e+000 3.2651366456e+000
178 153 126
5 40 843 87.2800 -135.7700 41 753 39.0600 -153.0800 42 442 57.7400 -140.8500 43 683 -1.6900 -104.1700 46 714 44.8300 -154.0200
1.1514239922e+000 -1.8523272668e+000 3.2655338135e+000
154 35 41
3 40 852 131.4600 -169.5900 41 760 88.3900 -190.7800 42 682 107.5200 -179.0500
1.1615920469e+000 -1.8472527145e+000 3.2653211217e+000
150 31 35
3 40 856 180.5800 -203.8400 41 767 144.9600 -226.6801 43 832 110.8400 -189.2600
1.0450243911e+000 -1.9740875159e+000 3.2650264350e+000
197 126 102
3 40 869 -102.6800 -262.3600 41 771 -143.9700 -269.8199 42 470 -109.0400 -240.5100
1.0624228924e+000 -1.9936995390e+000 3.2640432162e+000
199 141 107
2 40 889 -97.5000 -362.2400 42 162 -103.6300 -336.4200
1.1686853415e+000 -1.8317285627e+000 3.2658192027e+000
166 117 100
6 40 1064 261.6200 -99.2300 41 929 237.4600 -126.3500 42 966 261.2600 -125.3700 43 985 215.7000 -98.8000 45 838 227.5000 -122.9100 46 1114 297.7800 -167.0300
1.1686853415e+000 -1.8317285627e+000 3.2658192027e+000
166 117 100
6 40 1065 261.6200 -99.2300 41 930 237.4600 -126.3500 42 967 261.2600 -125.3700 43 986 215.7000 -98.8000 45 839 227.5000 -122.9100 46 1115 297.7800 -167.0300
1.1574044754e+000 -1.8600324915e+000 3.2638043855e+000
141 164 173
6 40 1082 147.0300 -274.4200 41 945 107.1900 -297.6801 42 827 125.8500 -282.5601 43 997 70.0200 -251.2600 45 852 73.0300 -271.5601 46 1004 123.0400 -318.6100
1.1574709762e+000 -1.8599392864e+000 3.2638987039e+000
141 164 173
4 40 1083 147.0300 -274.4200 42 828 125.8500 -282.5601 45 853 73.0300 -271.5601 46 1005 123.0400 -318.6100
1.1542013931e+000 -1.8485105189e+000 3.2650985756e+000
183 36 37
3 40 1254 154.3400 -156.8101 42 978 132.9200 -168.4700 45 992 79.0700 -154.3000
1.1537648135e+000 -1.8788453780e+000 3.2607435694e+000
89 44 44
2 40 1274 122.8300 -364.4200 42 1000 98.4700 -366.9600
1.1537648135e+000 -1.8788453780e+000 3.2607435694e+000
89 44 44
2 40 1275 122.8300 -364.4200 42 1001 98.4700 -366.9600
1.1371152536e+000 -1.8277558298e+000 3.2672684327e+000
167 159 66
5 40 1376 124.7400 151.2100 41 1193 78.4400 134.6599 42 1091 100.6100 131.4500 43 1119 42.3000 170.0100 46 1179 101.7400 140.1500
1.1442716604e+000 -1.8292158738e+000 3.2674044600e+000
37 60 35
6 40 1379 143.3200 101.6400 41 1199 100.3300 83.9399 42 1098 122.2800 82.3000 43 1129 65.6300 118.7800 45 1075 65.3100 103.0701 46 1187 127.6500 82.1300
1.1442716604e+000 -1.8292158738e+000 3.2674044600e+000
37 60 35
6 40 1380 143.3200 101.6400 41 1200 100.3300 83.9399 42 1099 122.2800 82.3000 43 1130 65.6300 118.7800 45 1074 65.3100 103.0701 46 1188 127.6500 82.1300
1.1126948936e+000 -1.8515358579e+000 3.2641176623e+000
174 163 61
4 40 1391 55.5200 44.7100 41 1204 1.8900 29.8500 42 1101 23.6400 34.5700 43 1133 -38.9500 74.6699
1.1516164224e+000 -1.8301538733e+000 3.2669713090e+000
177 162 80
6 40 1393 173.3300 49.3600 41 1207 134.1500 29.5200 42 1108 155.7100 28.9300 43 1141 101.4100 63.3400 45 968 104.2300 47.1300 46 1202 167.0600 19.1200
1.1453655050e+000 -1.8265704468e+000 3.2680246961e+000
174 160 99
6 40 1503 146.1400 124.6100 41 1291 103.9100 107.7800 42 1205 126.9000 105.0000 43 1239 70.9900 142.2700 45 1077 71.6500 128.8301 46 1298 135.9600 108.5200
1.1204534542e+000 -1.8488699373e+000 3.2639587902e+000
29 60 37
6 40 1523 75.2700 33.8400 41 1384 24.7600 17.6700 42 1224 43.8700 21.0800 43 1343 -17.6000 60.5500 45 1178 -21.3900 47.7200 46 1315 30.1200 25.0900
1.1204534542e+000 -1.8488699373e+000 3.2639587902e+000
29 60 37
6 40 1524 75.2700 33.8400 41 1385 24.7600 17.6700 42 1225 43.8700 21.0800 43 1344 -17.6000 60.5500 45 1179 -21.3900 47.7200 46 1314 30.1200 25.0900
1.1576092505e+000 -1.8320201603e+000 3.2690182881e+000
34 58 35
3 40 1527 168.4800 -12.6500 41 1392 130.2700 -33.7000 42 1230 152.6300 -31.4400
1.1470584786e+000 -1.8561193183e+000 3.2646963549e+000
180 40 47
5 40 1539 119.0900 -169.4800 41 1326 74.0800 -190.1600 42 1248 92.9100 -177.1700 43 1275 34.9200 -142.9600 45 1126 34.4000 -159.7900
1.1623865968e+000 -1.8300771640e+000 3.2686613613e+000
173 157 124
2 40 1639 204.7400 -24.5200 42 1366 189.8600 -47.1600
1.1631434889e+000 -1.8293162127e+000 3.2660410651e+000
173 157 124
6 40 1669 237.8600 -22.8100 41 1462 210.0000 -45.4300 42 1387 234.4300 -45.5200 43 1410 186.6500 -15.8700 45 1248 190.7900 -35.0900 46 1414 262.6200 -72.6100
1.1304449791e+000 -1.8676440531e+000 3.2650172952e+000
190 155 125
2 40 1670 57.2200 -152.3199 42 1389 27.4200 -154.0500
1.1287332622e+000 -1.8225045908e+000 3.2686872405e+000
224 139 108
5 41 49 49.4900 224.1500 42 63 72.0600 217.8401 43 38 11.5000 258.6100 45 51 8.8100 248.4099 46 411 68.3700 240.2300
1.1335000554e+000 -1.8206315601e+000 3.2686004920e+000
221 138 110
3 41 57 68.8200 228.8700 42 65 91.9300 221.2000 43 40 32.7700 262.1400
1.1564110961e+000 -1.8514111582e+000 3.2646189203e+000
215 144 112
5 41 141 117.8600 -220.9301 42 119 137.3400 -209.7600 43 129 81.9400 -177.9600 45 112 84.8700 -197.9200 46 132 138.3100 -241.5400
1.1553392115e+000 -1.8540810193e+000 3.2640086226e+000
120 30 28
4 41 159 113.0600 -235.4000 42 117 131.9500 -221.6400 43 467 76.1400 -189.4600 46 459 131.6700 -253.4700
1.1553392115e+000 -1.8540810193e+000 3.2640086226e+000
120 30 28
4 41 160 113.0600 -235.4000 42 118 131.9500 -221.6400 43 468 76.1400 -189.4600 46 458 131.6700 -253.4700
1.1629070062e+000 -1.8468781559e+000 3.2631602885e+000
222 87 83
2 41 162 174.5200 -234.0500 42 132 195.2900 -226.6400
1.1555513277e+000 -1.8629295489e+000 3.2633754046e+000
35 64 81
5 41 185 97.4700 -304.0601 42 144 115.8700 -287.5699 43 155 59.7900 -255.4000 45 409 61.9700 -274.6801 46 488 111.0100 -321.8199
1.1392997407e+000 -1.8165328963e+000 3.2670650703e+000
162 36 45
4 41 434 116.1900 256.2500 42 388 140.2500 245.9900 43 422 84.7200 285.1300 45 338 86.2500 274.2700
1.1409554374e+000 -1.8161707291e+000 3.2677716419e+000
162 36 45
5 41 435 116.1900 256.2500 42 389 140.2500 245.9900 43 423 84.7200 285.1300 45 339 86.2500 274.2700 46 676 155.1200 264.6200
1.1346455734e+000 -1.8207117638e+000 3.2684506366e+000
170 38 46
5 41 446 74.3500 223.8600 42 403 96.8300 216.5300 43 418 38.2100 256.8301 45 359 37.6300 245.8000 46 416 99.8100 236.0901
1.1418465439e+000 -1.8168176774e+000 3.2680111790e+000
153 40 40
5 41 451 115.5000 243.3600 42 390 139.6500 235.4800 43 420 84.0600 273.7700 45 555 85.9300 263.0701 46 692 154.4000 254.1599
1.1409274280e+000 -1.8185841532e+000 3.2685152115e+000
201 145 107
2 41 454 100.9300 224.7400 42 407 124.7900 217.2100
1.1610786439e+000 -1.8478213650e+000 3.2624469209e+000
146 25 36
2 41 525 171.5700 -226.1200 42 466 191.0300 -218.2900
1.1435068205e+000 -1.8170035335e+000 3.2677509811e+000
169 34 41
5 41 727 125.2500 235.1699 42 657 149.2100 226.2300 43 655 94.6200 264.8301 45 564 97.0000 253.1899 46 843 166.5200 242.9399
1.1459076926e+000 -1.8251132927e+000 3.2687230073e+000
28 50 30
2 41 744 101.7100 123.9500 42 664 124.6000 120.9900
1.1614087343e+000 -1.8463277582e+000 3.2640469826e+000
158 32 43
5 41 761 159.6300 -216.9900 42 685 179.5900 -208.0400 43 694 127.5300 -178.1600 45 712 133.1600 -199.2000 46 873 191.1200 -245.0400
1.1614641213e+000 -1.8491957866e+000 3.2641324115e+000
222 89 88
5 41 768 149.6200 -243.6600 42 690 169.6000 -233.5500 43 698 116.5600 -203.6100 45 589 121.9600 -225.4301 46 730 177.9500 -272.1700
1.1614641213e+000 -1.8491957866e+000 3.2641324115e+000
222 89 88
5 41 769 149.6200 -243.6600 42 691 169.6000 -233.5500 43 697 116.5600 -203.6100 45 590 121.9600 -225.4301 46 729 177.9500 -272.1700
1.1353432641e+000 -1.8233970978e+000 3.2752596131e+000
177 31 44
2 41 900 -4.2900 197.1699 42 795 18.2900 193.3401
1.1412178977e+000 -1.8338772287e+000 3.2668723043e+000
168 152 45
5 41 1077 82.6000 49.6300 42 956 104.3300 50.1700 43 967 46.4700 87.2200 45 964 46.5600 73.2800 46 1102 104.8300 49.2800
1.1440512263e+000 -1.8332449393e+000 3.2667985512e+000
32 56 29
5 41 1078 95.6000 41.5600 42 957 116.8800 41.2100 43 968 60.0200 78.0701 45 827 60.3500 62.2000 46 1103 119.5900 37.0500
1.1345164616e+000 -1.8491049649e+000 3.2663758523e+000
162 150 87
5 41 1081 36.1700 -53.6300 42 1118 57.7000 -47.2900 43 1146 -3.1200 -9.6900 45 976 -5.6700 -23.1000 46 1216 45.7400 -53.2300
1.1326839330e+000 -1.8503460973e+000 3.2656202981e+000
162 150 87
5 41 1082 36.1700 -53.6300 42 1119 57.7000 -47.2900 43 1147 -3.1200 -9.6900 45 977 -5.6700 -23.1000 46 1109 43.9200 -51.2900
1.1592039384e+000 -1.8357104869e+000 3.2639905188e+000
160 148 111
2 41 1084 186.7500 -88.2000 42 962 208.3500 -86.2200
1.1539416952e+000 -1.8412475886e+000 3.2655385687e+000
157 146 118
4 41 1085 127.4200 -105.8600 42 963 147.2400 -100.7000 43 1155 91.9900 -70.2200 45 982 94.4900 -88.1000
1.1603260731e+000 -1.8403518634e+000 3.2633602218e+000
159 146 114
2 41 1089 182.9800 -148.1500 42 973 204.4900 -142.1000
1.1599210588e+000 -1.8461243714e+000 3.2650349813e+000
146 30 36
5 41 1106 141.5600 -203.5400 42 984 163.0000 -194.0699 43 992 109.6300 -163.5800 45 847 115.1900 -184.1400 46 1000 171.9600 -228.2600
1.1615197043e+000 -1.8443214413e+000 3.2649055843e+000
152 26 37
5 41 1107 156.8700 -199.4000 42 1139 176.7200 -191.4500 43 1170 125.7600 -161.4900 45 999 131.4500 -183.0000 46 1122 190.4100 -227.4900
1.1425110774e+000 -1.8243247011e+000 3.2684276705e+000
28 54 29
4 41 1191 93.7700 150.0400 42 1089 116.8600 145.5300 43 1117 61.0500 182.2700 45 947 61.5200 169.8500
1.1614107268e+000 -1.8343616010e+000 3.2654404348e+000
166 146 113
5 41 1215 186.5100 -90.5400 42 1123 208.1400 -88.2900 43 1150 157.5500 -59.1500 45 984 164.3500 -79.4900 46 1226 229.1800 -121.6100
1.1553714179e+000 -1.8516453238e+000 3.2650203142e+000
151 30 46
5 41 1225 108.6500 -215.2400 42 1142 128.2400 -203.8500 43 1169 72.4600 -171.6600 45 998 75.9700 -190.8199 46 1118 128.7800 -233.6600
1.1393768736e+000 -1.8307075918e+000 3.2672559323e+000
167 147 111
5 41 1295 79.8200 92.1899 42 1212 101.6000 91.0701 43 1236 43.1000 128.6799 45 1072 43.2900 115.6500 46 1305 103.2700 95.5701
1.1393768736e+000 -1.8307075918e+000 3.2672559323e+000
167 147 111
5 41 1296 79.8200 92.1899 42 1213 101.6000 91.0701 43 1237 43.1000 128.6799 45 1073 43.2900 115.6500 46 1306 103.2700 95.5701
1.1533357432e+000 -1.8252353579e+000 3.2653726168e+000
170 153 99
3 41 1298 175.8700 78.7100 42 1215 199.2900 74.7100 43 1243 147.9200 107.7400
1.1555332347e+000 -1.8600258806e+000 3.2643253480e+000
18 72 100
3 41 1332 94.7200 -283.8400 42 1259 113.2700 -268.3400 43 1283 58.1700 -235.7000
1.1357813583e+000 -1.8541556174e+000 3.2647079841e+000
159 145 118
3 41 1393 45.7100 -103.0100 42 1319 65.7100 -91.8900 43 1354 6.1100 -54.4700
1.1283501129e+000 -1.8400931740e+000 3.2653245923e+000
164 147 112
5 41 1435 46.5400 53.1000 42 1310 68.1500 56.2800 43 1384 6.3300 94.4299 45 1215 3.6600 82.0100 46 1356 57.8800 60.4900
1.1286634802e+000 -1.8507252724e+000 3.2656309395e+000
28 55 30
5 41 1438 27.0000 -35.2800 42 1364 46.8200 -29.1700 43 1386 -14.3600 9.2200 45 1219 -17.6600 -4.8800 46 1362 31.9600 -32.0300
1.1331022741e+000 -1.8789645297e+000 3.2644467574e+000
154 24 35
4 41 1443 2.4400 -255.0900 42 1369 22.2700 -235.8500 43 1390 -38.4100 -197.8700 45 1224 -41.0400 -211.3000
1.1331022741e+000 -1.8789645297e+000 3.2644467574e+000
154 24 35
4 41 1444 2.4400 -255.0900 42 1370 22.2700 -235.8500 43 1391 -38.4100 -197.8700 45 1225 -41.0400 -211.3000
1.1375414806e+000 -1.8857295226e+000 3.2640249258e+000
19 74 113
5 41 1471 4.2600 -320.8000 42 1392 23.3900 -297.1899 43 1417 -36.2200 -259.2500 45 1254 -36.3900 -274.0400 46 1400 4.2600 -317.0400
1.1222665994e+000 -1.8251617744e+000 3.2780422226e+000
88 120 127
5 41 1485 -66.0000 223.6500 42 1413 -39.4400 219.0801 43 1405 -103.4400 263.8900 45 1244 -107.9500 254.4299 46 1392 -58.2900 249.1100
1.1272984187e+000 -1.8187448948e+000 3.2999328837e+000
152 49 47
2 38 27 -174.9200 271.3800 36 500 -141.3300 254.3000
1.1295038248e+000 -1.8222620384e+000 3.2949604582e+000
248 104 93
2 38 48 -128.1800 227.6200 36 48 -76.5200 211.3900
1.0303479166e+000 -2.1440234266e+000 3.2705725952e+000
112 68 53
2 38 372 -65.6300 -562.5400 36 753 -18.2300 -612.8000
1.0996989679e+000 -2.0477737010e+000 3.2708250471e+000
190 132 100
2 38 390 -30.0600 -607.4100 36 374 25.8900 -653.4900
1.0693719052e+000 -2.1201296041e+000 3.2824093268e+000
140 44 28
2 38 398 -83.9300 -618.3900 36 769 -42.1600 -674.0200
1.1579867065e+000 -1.9343053321e+000 3.2600070451e+000
156 117 93
2 38 409 133.0100 -611.6500 36 355 194.6600 -632.1600
1.0476576988e+000 -2.1991526890e+000 3.2966000328e+000
178 149 126
2 38 412 -119.4800 -645.3400 36 774 -93.5500 -708.7700
1.1265640444e+000 -2.0415364777e+000 3.2758065123e+000
202 130 69
2 38 431 -33.3600 -675.8101 36 414 20.0600 -725.7700
1.1352139362e+000 -2.0332379942e+000 3.2764482509e+000
196 120 62
2 38 432 -29.0200 -692.5699 36 791 23.5300 -741.8600
1.1459273633e+000 -2.0166601729e+000 3.2722332212e+000
197 92 46
2 38 447 -1.7200 -707.0100 36 794 56.7400 -752.3600
1.1269723607e+000 -1.8184124709e+000 3.3019427042e+000
169 62 62
2 38 520 -194.0900 275.9500 36 852 -166.6600 257.4500
1.1280725350e+000 -1.8195217332e+000 3.2961940222e+000
163 39 45
2 38 524 -140.0400 260.6400 36 862 -92.5500 245.5100
1.1580522881e+000 -1.8984825204e+000 3.2587797128e+000
144 114 103
4 38 767 191.0400 -497.5300 40 684 112.4700 -480.2400 42 563 86.5400 -477.8101 43 553 29.1000 -444.7400
1.0214657587e+000 -2.1641875169e+000 3.2748199083e+000
197 133 110
2 38 791 -79.6100 -566.7900 36 1055 -35.7200 -619.1899
1.1315161266e+000 -2.0179465256e+000 3.2715642252e+000
199 57 55
3 38 819 -8.8900 -662.1500 40 401 -84.0600 -614.9600 36 785 48.0300 -705.4900
1.1266117252e+000 -1.8341186147e+000 3.2663353662e+000
69 97 108
2 38 929 151.4600 118.0801 36 529 222.4200 116.2600
1.1202936356e+000 -2.0312812491e+000 3.2723375984e+000
194 133 92
2 38 1074 -21.2700 -644.5300 36 1286 34.8800 -690.6500
1.1356595433e+000 -1.9789050559e+000 3.2619383922e+000
172 119 71
2 38 1238 56.4700 -612.8101 36 1466 122.7400 -644.7700
1.1342115233e+000 -1.8310941956e+000 3.2940726398e+000
27 58 35
2 38 1330 -117.7600 117.5000 36 1371 -64.5800 97.1300
1.0796428594e+000 -2.1416921356e+000 3.2909591847e+000
172 142 119
2 38 1709 -101.0900 -660.3500 36 1782 -69.1900 -721.3900
1.0796428594e+000 -2.1416921356e+000 3.2909591847e+000
172 142 119
2 38 1710 -101.0900 -660.3500 36 1783 -69.1900 -721.3900
1.1045152722e+000 -1.8290996866e+000 3.2610291224e+000
222 139 109
4 40 68 90.0400 241.9399 43 407 -1.6000 262.7500 45 353 -5.1500 252.7800 46 408 53.1600 244.6599
1.1685206984e+000 -1.8490017832e+000 3.2647183180e+000
146 72 49
2 40 203 210.2600 -279.0800 43 179 148.8500 -269.1100
1.1584171733e+000 -1.8701383948e+000 3.2623526758e+000
96 48 51
3 40 220 139.0700 -348.5100 41 208 99.4900 -372.8500 43 214 60.5500 -322.4800
1.1611929230e+000 -1.8702468442e+000 3.2616661691e+000
82 61 64
4 40 256 151.5200 -369.5300 43 217 77.0800 -345.0900 45 201 80.9400 -367.5400 46 238 129.4500 -419.5300
1.1586356952e+000 -1.8767195513e+000 3.2611256510e+000
90 63 70
4 40 268 135.1800 -386.9800 41 588 95.6100 -411.6300 43 530 57.0600 -359.0699 45 452 59.4900 -379.7800
1.1345404129e+000 -1.9217877824e+000 3.2595100683e+000
81 35 37
5 40 282 33.6000 -436.0699 41 269 -13.9300 -453.9399 43 249 -54.1500 -384.8700 45 214 -54.2300 -400.5300 46 230 -17.0400 -446.2700
1.1664587091e+000 -1.8757980577e+000 3.2608677615e+000
24 14 15
4 40 286 158.9200 -439.0500 42 226 140.9000 -446.4399 45 232 91.5400 -441.5699 46 270 138.7000 -498.6500
1.1566004312e+000 -1.9202311752e+000 3.2611985645e+000
120 66 76
2 40 365 55.7900 -541.9100 42 279 28.3500 -528.6000
1.1381103310e+000 -1.9106647796e+000 3.2607198849e+000
79 31 39
4 40 658 44.6500 -415.7700 41 600 -4.8900 -433.3000 43 525 -42.2100 -368.5100 46 538 -7.1300 -429.5300
1.1399167261e+000 -1.8929237603e+000 3.2622319058e+000
187 136 79
4 40 883 59.5200 -350.1000 43 706 -29.4000 -307.8800 45 598 -28.9400 -323.5601 46 736 10.4900 -368.4100
1.1455768250e+000 -1.8934747430e+000 3.2612982365e+000
96 38 47
4 40 1095 76.8800 -385.3800 41 963 30.8400 -406.3199 43 848 -11.3200 -346.2000 46 889 28.6500 -410.8800
1.1596711790e+000 -1.8476521521e+000 3.2644276834e+000
223 141 106
3 41 144 143.8700 -214.1600 43 133 109.7700 -174.1100 46 463 171.1600 -240.5200
1.1325971874e+000 -1.8856629940e+000 3.2650197793e+000
136 28 31
4 41 181 -12.8100 -291.6000 43 477 -53.3000 -229.9700 45 397 -54.1400 -243.5900 46 148 -13.6900 -284.3400
1.1578329022e+000 -1.8595744015e+000 3.2632144511e+000
42 68 81
4 41 188 114.9300 -297.4200 43 478 78.3300 -250.6500 45 411 81.5500 -271.2100 46 476 132.7900 -318.8600
1.1579191517e+000 -1.8763161429e+000 3.2618410760e+000
84 58 62
2 41 231 87.3800 -405.2800 43 216 48.6200 -352.0900
1.1394817803e+000 -1.8173884145e+000 3.2670369569e+000
153 40 40
2 41 452 115.5000 243.3600 43 421 84.0600 273.7700
1.1179513205e+000 -1.8376051108e+000 3.2670758171e+000
77 98 100
4 41 482 9.6900 118.0400 43 81 -30.2500 158.3301 45 374 -34.4500 148.4500 46 430 18.3200 133.0701
1.1240138495e+000 -1.8215353180e+000 3.2692176202e+000
176 32 38
3 41 885 33.0800 250.5901 43 813 -6.0300 284.0100 46 969 49.2500 268.5300
1.1609105434e+000 -1.8658927959e+000 3.2628562556e+000
112 53 58
2 41 955 111.7600 -366.7500 43 841 75.4900 -318.4100
1.1568619932e+000 -1.8513134919e+000 3.2644731401e+000
84 33 28
2 41 1105 121.1700 -223.6899 43 990 84.9100 -181.5500
1.1473675420e+000 -1.8415500123e+000 3.2649227905e+000
160 147 115
4 41 1463 109.4500 -61.6800 43 1409 70.6000 -23.1900 45 1247 70.9700 -41.0300 46 1413 125.6900 -75.3199
1.1328656584e+000 -1.8653956952e+000 3.2661225148e+000
178 143 116
4 41 1465 7.7500 -168.7300 43 1413 -33.3600 -116.0500 45 1251 -34.4800 -130.0699 46 1396 10.4600 -164.5601
1.1354658072e+000 -1.8770706568e+000 3.2648030981e+000
155 25 35
2 41 1469 6.9300 -259.0200 43 1416 -34.4400 -201.5900
1.1662330550e+000 -1.8297637932e+000 3.2660859445e+000
90 35 18
3 43 94 203.4900 -50.1700 45 79 213.8100 -72.2200 46 102 285.2600 -113.1300
1.1565218158e+000 -1.8513096392e+000 3.2647169784e+000
210 142 99
3 43 130 81.9400 -177.9600 45 113 84.8700 -197.9200 46 133 138.3100 -241.5400
1.1583463098e+000 -1.8490675974e+000 3.2643127799e+000
206 135 97
3 43 132 100.5800 -174.6000 45 120 104.8600 -195.0100 46 130 160.2300 -239.1600
1.1588085041e+000 -1.8505143326e+000 3.2640670086e+000
237 134 100
3 43 134 100.8200 -190.3000 45 125 104.8800 -211.1100 46 153 159.8400 -256.5100
1.1588085041e+000 -1.8505143326e+000 3.2640670086e+000
237 134 100
3 43 135 100.8200 -190.3000 45 126 104.8800 -211.1100 46 154 159.8400 -256.5100
1.1617811921e+000 -1.8448259703e+000 3.2639878910e+000
207 140 88
2 43 136 135.5000 -167.4000 46 142 200.8400 -234.7200
1.1625485651e+000 -1.8457871509e+000 3.2639960811e+000
208 131 79
3 43 138 135.6000 -183.0900 45 128 141.8800 -205.6700 46 467 200.7400 -252.0300
1.1570248782e+000 -1.8527776703e+000 3.2644928827e+000
221 117 81
3 43 146 81.9500 -193.7800 45 118 85.0400 -214.0000 46 151 138.1100 -258.7400
1.1570248782e+000 -1.8527776703e+000 3.2644928827e+000
221 117 81
3 43 147 81.9500 -193.7800 45 119 85.0400 -214.0000 46 152 138.1100 -258.7400
1.1660037653e+000 -1.8484723213e+000 3.2620509603e+000
125 155 149
2 43 167 164.8400 -237.1400 46 172 233.2700 -313.0100
1.1687280753e+000 -1.8441764811e+000 3.2627997504e+000
37 58 59
3 43 168 190.0000 -227.8000 45 134 200.9700 -253.4900 46 177 264.0200 -305.6700
1.1675666896e+000 -1.8481555435e+000 3.2622017222e+000
47 15 26
2 43 169 172.6000 -250.4000 46 185 243.0700 -328.1801
1.1513253292e+000 -1.8798277737e+000 3.2607645009e+000
70 25 23
2 43 191 31.6200 -318.7200 46 212 77.3200 -386.9301
1.1640606660e+000 -1.8594738149e+000 3.2607974271e+000
144 83 83
3 43 193 127.5100 -300.9700 45 180 134.2400 -324.5300 46 193 188.5000 -377.4000
1.1640606660e+000 -1.8594738149e+000 3.2607974271e+000
144 83 83
3 43 194 127.5100 -300.9700 45 181 134.2400 -324.5300 46 192 188.5000 -377.4000
1.1651995266e+000 -1.8576021273e+000 3.2608740939e+000
148 84 84
3 43 195 138.2300 -298.6200 45 182 145.8000 -322.1000 46 195 200.9200 -376.2800
1.1651995266e+000 -1.8576021273e+000 3.2608740939e+000
148 84 84
3 43 196 138.2300 -298.6200 45 183 145.8000 -322.1000 46 194 200.9200 -376.2800
1.1486546298e+000 -1.8891284009e+000 3.2597422409e+000
45 26 19
3 43 213 15.3000 -344.1100 45 198 16.0800 -362.8600 46 209 58.5500 -411.5100
1.1603169372e+000 -1.8728264500e+000 3.2599565872e+000
148 114 108
2 43 219 81.6700 -349.5601 46 550 134.0500 -424.9800
1.1658656829e+000 -1.8630252803e+000 3.2610392833e+000
64 50 45
3 43 221 121.4900 -341.1200 45 205 127.6900 -366.5800 46 242 180.1300 -420.6899
1.1658656829e+000 -1.8630252803e+000 3.2610392833e+000
64 50 45
3 43 222 121.4900 -341.1200 45 204 127.6900 -366.5800 46 241 180.1300 -420.6899
1.1586102592e+000 -1.8787332481e+000 3.2594256456e+000
65 44 43
3 43 236 66.0200 -366.3400 45 218 69.4300 -387.2800 46 239 115.8500 -440.8900
1.1687616501e+000 -1.8314761840e+000 3.2651280708e+000
199 132 93
2 43 457 225.5800 -96.2100 45 381 238.2100 -120.2500
1.1593120938e+000 -1.8507960229e+000 3.2640114807e+000
141 23 24
3 43 475 102.2900 -197.1200 45 394 107.0600 -218.3000 46 468 162.2800 -263.5800
1.1652891689e+000 -1.8487826947e+000 3.2627715221e+000
35 49 57
3 43 481 151.8800 -233.6500 45 416 159.4600 -258.0500 46 480 218.4100 -308.4301
1.1466661237e+000 -1.8861866147e+000 3.2610279063e+000
161 84 64
3 43 495 5.8400 -318.2400 45 434 6.0300 -336.0900 46 500 48.6100 -383.4301
1.1510466898e+000 -1.8924891501e+000 3.2594748074e+000
115 79 62
3 43 529 17.3100 -375.0100 45 465 18.1500 -394.3800 46 545 60.2000 -444.9500
1.1663125078e+000 -1.8658071321e+000 3.2610226829e+000
78 57 52
3 43 533 113.9500 -362.5200 45 468 122.0500 -387.2200 46 760 170.4700 -443.2500
1.1485849457e+000 -1.8144382200e+000 3.2715072671e+000
152 22 20
2 43 652 84.6300 283.9800 46 675 155.1200 264.6200
1.1694869991e+000 -1.8216072809e+000 3.2671321236e+000
59 61 37
3 43 671 263.1400 30.8500 45 572 279.0600 8.7200 46 710 361.0400 -27.5300
1.1694869991e+000 -1.8216072809e+000 3.2671321236e+000
59 61 37
3 43 672 263.1400 30.8500 45 573 279.0600 8.7200 46 711 361.0400 -27.5300
1.1629505978e+000 -1.8525170020e+000 3.2632003621e+000
22 59 78
2 43 699 121.9000 -242.8300 45 593 127.7400 -265.4000
1.1458849688e+000 -1.8896900813e+000 3.2599510152e+000
166 84 63
3 43 710 6.1000 -328.4301 45 602 6.4900 -346.3000 46 744 48.7900 -393.5200
1.1649479132e+000 -1.8662409437e+000 3.2621772592e+000
79 59 55
3 43 718 95.9000 -355.1200 45 612 102.0200 -379.2100 46 758 152.1000 -434.2600
1.1637107956e+000 -1.8435300152e+000 3.2642675251e+000
141 22 23
2 43 833 147.8300 -173.4200 46 1001 214.9200 -243.4600
1.1688387244e+000 -1.8488434268e+000 3.2618853548e+000
182 94 58
3 43 839 180.2800 -268.3900 45 720 190.0200 -294.5699 46 881 251.4100 -348.1300
1.1683276966e+000 -1.8505373909e+000 3.2618972015e+000
70 55 57
2 43 840 170.7100 -276.8700 45 719 179.4600 -302.4500
1.1573708100e+000 -1.8314649221e+000 3.2663346688e+000
165 144 56
2 43 972 134.9700 5.8300 46 988 205.1700 -43.9500
1.1663379976e+000 -1.8327249486e+000 3.2644700233e+000
162 139 95
3 43 978 209.9600 -85.9200 45 835 220.1800 -109.1100 46 994 290.6600 -151.8000
1.1664172313e+000 -1.8341254384e+000 3.2647702574e+000
162 99 63
2 43 984 199.3800 -103.4500 45 837 209.5900 -126.2400
1.1584696737e+000 -1.8495869148e+000 3.2639923148e+000
102 36 18
2 43 994 103.1700 -179.6400 46 1121 162.7600 -244.8700
1.1547243507e+000 -1.8665728038e+000 3.2627443141e+000
22 62 74
3 43 1005 53.3600 -270.9000 45 1011 56.3000 -290.9200 46 1130 103.9500 -338.4200
1.1669889110e+000 -1.8666278299e+000 3.2607581087e+000
128 97 76
2 43 1013 116.5900 -373.2300 46 1026 174.1300 -454.1200
1.1669889110e+000 -1.8666278299e+000 3.2607581087e+000
128 97 76
2 43 1014 116.5900 -373.2300 46 1025 174.1300 -454.1200
1.1524172099e+000 -1.8487983830e+000 3.2628903403e+000
157 142 101
3 43 1159 89.8400 -123.8800 45 990 93.2000 -141.9700 46 1236 149.4000 -179.2800
1.1701460800e+000 -1.8339589328e+000 3.2644220969e+000
138 23 25
3 43 1162 231.7600 -139.2300 45 1129 244.8200 -165.6000 46 1242 316.3900 -213.3800
1.1548748537e+000 -1.8410121103e+000 3.2661152562e+000
156 139 96
3 43 1267 91.4500 -74.2200 45 1108 94.1000 -93.2600 46 1229 151.6600 -129.3700
1.1548748537e+000 -1.8410121103e+000 3.2661152562e+000
156 139 96
3 43 1268 91.4500 -74.2200 45 1109 94.1000 -93.2600 46 1230 151.6600 -129.3700
1.1507423932e+000 -1.8503214776e+000 3.2657167630e+000
160 141 99
3 43 1271 51.8700 -124.8600 45 1119 53.0600 -143.2100 46 1332 105.0800 -180.5800
1.1507423932e+000 -1.8503214776e+000 3.2657167630e+000
160 141 99
3 43 1272 51.8700 -124.8600 45 1120 53.0600 -143.2100 46 1333 105.0800 -180.5800
1.1596465190e+000 -1.8384477266e+000 3.2661215802e+000
153 139 95
3 43 1412 123.1700 -87.9100 45 1250 129.8400 -109.9500 46 1415 188.7000 -146.9000
1.1587277039e+000 -1.8551079585e+000 3.2619904813e+000
29 41 51
2 43 1437 108.2600 -223.1700 46 1416 165.1900 -292.5200
1.1587277039e+000 -1.8551079585e+000 3.2619904813e+000
29 41 51
2 43 1438 108.2600 -223.1700 46 1417 165.1900 -292.5200
1.1697587393e+000 -1.8184720733e+000 3.2703938859e+000
137 138 39
3 43 1462 234.4000 76.9199 45 1297 253.2400 59.5100 46 1448 336.1000 29.6400
