# Bundle file v0.3
60 352
0 0 0
0 0 0
0 0 0
0 0 0
0 0 0
0 0 0
0 0 0
0 0 0
0 0 0
0 0 0
0 0 0
0 0 0
0 0 0
0 0 0
0 0 0
0 0 0
0 0 0
0 0 0
0 0 0
0 0 0
0 0 0
0 0 0
0 0 0
0 0 0
0 0 0
0 0 0
0 0 0
0 0 0
0 0 0
0 0 0
0 0 0
0 0 0
0 0 0
0 0 0
0 0 0
0 0 0
0 0 0
0 0 0
0 0 0
0 0 0
0 0 0
0 0 0
0 0 0
0 0 0
0 0 0
0 0 0
0 0 0
0 0 0
0 0 0
0 0 0
0 0 0
0 0 0
0 0 0
0 0 0
0 0 0
0 0 0
0 0 0
0 0 0
0 0 0
0 0 0
0 0 0
0 0 0
0 0 0
0 0 0
0 0 0
0 0 0
0 0 0
0 0 0
0 0 0
0 0 0
0 0 0
0 0 0
0 0 0
0 0 0
0 0 0
0 0 0
0 0 0
0 0 0
0 0 0
0 0 0
0 0 0
0 0 0
0 0 0
0 0 0
0 0 0
0 0 0
0 0 0
0 0 0
0 0 0
0 0 0
0 0 0
0 0 0
0 0 0
0 0 0
0 0 0
0 0 0
0 0 0
0 0 0
0 0 0
0 0 0
0 0 0
0 0 0
0 0 0
0 0 0
0 0 0
0 0 0
0 0 0
0 0 0
0 0 0
0 0 0
0 0 0
0 0 0
0 0 0
0 0 0
0 0 0
0 0 0
0 0 0
0 0 0
0 0 0
0 0 0
0 0 0
0 0 0
0 0 0
0 0 0
0 0 0
0 0 0
0 0 0
0 0 0
0 0 0
0 0 0
0 0 0
0 0 0
0 0 0
0 0 0
0 0 0
0 0 0
0 0 0
0 0 0
0 0 0
0 0 0
0 0 0
0 0 0
0 0 0
0 0 0
0 0 0
0 0 0
0 0 0
0 0 0
0 0 0
0 0 0
0 0 0
0 0 0
0 0 0
0 0 0
0 0 0
0 0 0
0 0 0
0 0 0
0 0 0
0 0 0
0 0 0
0 0 0
0 0 0
0 0 0
0 0 0
0 0 0
0 0 0
0 0 0
0 0 0
0 0 0
0 0 0
0 0 0
0 0 0
0 0 0
0 0 0
0 0 0
0 0 0
0 0 0
0 0 0
0 0 0
0 0 0
0 0 0
0 0 0
0 0 0
0 0 0
5.3200000000e+002 0.0000000000e+000 0.0000000000e+000
1.0000000000e+000 0.0000000000e+000 0.0000000000e+000
0.0000000000e+000 1.0000000000e+000 0.0000000000e+000
0.0000000000e+000 0.0000000000e+000 1.0000000000e+000
-0.0000000000e+000 -0.0000000000e+000 -0.0000000000e+000
0 0 0
0 0 0
0 0 0
0 0 0
0 0 0
5.3200000000e+002 0.0000000000e+000 0.0000000000e+000
1.0000000000e+000 0.0000000000e+000 0.0000000000e+000
0.0000000000e+000 1.0000000000e+000 0.0000000000e+000
0.0000000000e+000 0.0000000000e+000 1.0000000000e+000
-0.0000000000e+000 -0.0000000000e+000 -0.0000000000e+000
0 0 0
0 0 0
0 0 0
0 0 0
0 0 0
0 0 0
0 0 0
0 0 0
0 0 0
0 0 0
0 0 0
0 0 0
0 0 0
0 0 0
0 0 0
0 0 0
0 0 0
0 0 0
0 0 0
0 0 0
0 0 0
0 0 0
0 0 0
0 0 0
0 0 0
0 0 0
0 0 0
0 0 0
0 0 0
0 0 0
0 0 0
0 0 0
0 0 0
0 0 0
0 0 0
0 0 0
0 0 0
0 0 0
0 0 0
0 0 0
0 0 0
0 0 0
0 0 0
0 0 0
0 0 0
0 0 0
0 0 0
0 0 0
0 0 0
0 0 0
0 0 0
0 0 0
0 0 0
0 0 0
0 0 0
0 0 0
0 0 0
0 0 0
0 0 0
0 0 0
0 0 0
0 0 0
0 0 0
0 0 0
0 0 0
0 0 0
0 0 0
0 0 0
0 0 0
0 0 0
0 0 0
0 0 0
0 0 0
0 0 0
0 0 0
0 0 0
0 0 0
0 0 0
0 0 0
0 0 0
0 0 0
0 0 0
0 0 0
0 0 0
0 0 0
0 0 0
0 0 0
0 0 0
0 0 0
0 0 0
0 0 0
0 0 0
0 0 0
0 0 0
0 0 0
0 0 0
0 0 0
0 0 0
0 0 0
0 0 0
-8.1028196865e-001 8.0520698719e-001 3.0000000000e+000
25 57 39
2 37 1672 -143.6900 142.7900 39 1244 -243.2100 179.1100
-3.2142857143e-001 2.6644736842e-001 3.0000000000e+000
151 149 118
2 37 1602 -57.0000 47.2500 39 1266 -187.4800 87.4700
-8.4417128025e-002 -4.0105824865e+000 3.0000000000e+000
37 26 21
2 37 1336 -14.9700 -711.2100 39 779 -126.4600 -628.9399
-2.7609017738e-001 -6.6783864875e-001 3.0000000000e+000
151 29 41
2 37 1463 -48.9600 -118.4301 39 1110 -176.6100 -67.9800
1.8118423806e-001 4.9082728795e-001 3.0000000000e+000
148 149 35
2 37 646 32.1300 87.0400 39 588 -125.1100 119.6400
-1.2874069788e-001 -2.7546978714e-001 3.0000000000e+000
101 30 36
2 37 662 -22.8300 -48.8500 39 133 -160.2500 -4.7800
1.3218046490e-001 8.4755804306e-002 3.0000000000e+000
31 56 26
2 37 1452 23.4400 15.0300 39 886 -128.9100 51.1200
7.6240711642e-002 8.2968047866e-001 3.0000000000e+000
29 53 28
2 37 1423 13.5200 147.1300 39 1075 -141.2500 176.6599
-6.8232945033e-002 5.5477446362e-001 3.0000000000e+000
141 143 44
2 37 1224 -12.1000 98.3800 39 875 -158.0100 132.3401
-8.0244250764e-002 1.2456203834e+000 3.0000000000e+000
28 52 34
2 37 973 -14.2300 220.8900 39 57 -164.8100 247.7000
1.7932289525e-002 7.3105271418e-001 3.0000000000e+000
148 160 37
2 37 1587 3.1800 129.6400 39 1249 -147.9300 160.5000
2.9650385577e-001 -3.7628573081e+000 3.0000000000e+000
121 35 25
2 37 1329 52.5800 -667.2800 39 1006 -81.7200 -594.3300
1.4656009531e-001 -3.1589658350e+000 3.0000000000e+000
152 24 38
2 37 1630 25.9900 -560.1899 39 1310 -104.6900 -490.5800
-3.6186097798e-001 8.5708641110e-001 3.0000000000e+000
27 61 45
2 37 1584 -64.1700 151.9900 39 1245 -195.6600 184.7600
-1.5603391031e-001 7.9398523775e-001 3.0000000000e+000
49 90 102
2 37 982 -27.6700 140.8000 39 571 -173.3800 172.5901
1.3218046490e-001 8.4755804306e-002 3.0000000000e+000
31 56 26
2 37 1453 23.4400 15.0300 39 885 -128.9100 51.1200
1.6691853229e-002 -3.8812219146e+000 3.0000000000e+000
173 81 41
2 37 883 2.9600 -688.2700 39 444 -115.9800 -609.9700
2.1857148364e-001 -3.3403758572e+000 3.0000000000e+000
117 77 60
2 37 1322 38.7600 -592.3600 39 996 -94.1200 -522.3400
-1.6731210580e-001 -3.2454700900e+000 3.0000000000e+000
182 116 103
2 37 1118 -29.6700 -575.5300 39 749 -142.5500 -500.6500
-2.6588342423e-001 3.7172888275e-001 3.0000000000e+000
29 59 35
2 37 1593 -47.1500 65.9199 39 1262 -185.1500 103.2300
5.9379864456e-002 -3.4877255088e+000 3.0000000000e+000
175 127 98
2 37 1716 10.5300 -618.4900 39 1487 -112.1800 -545.4301
-6.7714278142e-001 7.3894758870e-001 3.0000000000e+000
113 129 129
2 37 1673 -120.0800 131.0400 39 1393 -231.6300 166.0801
-1.6421049878e-001 1.4552258943e+000 3.0000000000e+000
178 157 145
2 37 33 -29.1200 258.0601 39 40 -175.7100 282.0801
-8.3346029870e-002 -3.9560528519e+000 3.0000000000e+000
187 136 98
2 37 461 -14.7800 -701.5400 39 443 -125.3600 -622.0100
-7.1193609023e-001 9.2988666735e-002 3.0000000000e+000
36 52 23
2 37 1002 -126.2500 16.4900 39 118 -229.2300 61.3700
-1.0652263899e-001 -3.0671060892e-001 3.0000000000e+000
174 142 131
2 37 126 -18.8900 -54.3900 39 135 -156.9100 -10.3500
3.5154150482e-001 -2.8172930954e+000 3.0000000000e+000
208 53 72
2 37 338 62.3400 -499.6000 39 320 -80.1200 -436.2100
4.7768809383e-001 1.6071290898e-002 3.0000000000e+000
69 72 55
2 37 653 84.7100 2.8500 39 601 -82.1400 37.1500
2.7766911786e-001 -3.9260524664e+000 3.0000000000e+000
203 123 85
2 37 892 49.2400 -696.2200 39 446 -82.3100 -622.7600
5.3086474426e-001 -4.7356016690e+000 3.0000000000e+000
178 99 60
2 37 922 94.1400 -839.7800 39 487 -40.3300 -766.2300
1.1847749868e-001 6.5706777931e-001 3.0000000000e+000
30 55 35
2 37 1226 21.0100 116.5200 39 581 -135.3800 150.2800
-6.2030075188e-002 6.2960540083e-001 3.0000000000e+000
32 57 36
2 37 1222 -11.0000 111.6500 39 871 -158.1800 143.3101
3.3575175579e-001 5.6560315584e-002 3.0000000000e+000
28 53 25
2 37 1454 59.5400 10.0300 39 1098 -101.5300 44.2700
3.0377816795e-001 -1.9606018066e+000 3.0000000000e+000
179 116 100
2 37 1055 53.8700 -347.6801 39 660 -91.7900 -291.6100
1.1588338981e-001 -8.3402269406e-001 3.0000000000e+000
172 107 86
2 37 1263 20.5500 -147.9000 39 1117 -124.7200 -100.0100
2.5172940591e-001 -1.1299624335e+000 3.0000000000e+000
11 51 81
2 37 1279 44.6400 -200.3800 39 913 -104.5800 -150.7600
6.0248135445e-001 -4.8458456168e+000 3.0000000000e+000
143 85 50
2 37 1354 106.8400 -859.3300 39 1017 -30.3000 -786.5200
-5.4699316957e-002 1.9708653500e-001 3.0000000000e+000
120 121 73
2 37 1445 -9.7000 34.9500 39 1097 -154.3300 72.3101
-1.7610908451e-001 -1.1860147347e+000 3.0000000000e+000
1 32 62
2 37 1482 -31.2300 -210.3199 39 1282 -161.4700 -154.5100
-7.8682330139e-001 8.9340187015e-001 3.0000000000e+000
129 136 95
2 37 1419 -139.5300 158.4299 39 566 -242.8300 190.8000
-6.9738729377e-001 3.8114711217e-001 3.0000000000e+000
29 56 35
2 37 1679 -123.6700 67.5901 39 1259 -229.3300 108.6000
6.0535700518e-001 -4.3252444160e+000 3.0000000000e+000
92 70 67
2 37 1157 107.3500 -767.0100 39 789 -32.4900 -698.7100
4.6843989093e-001 -4.0222558043e+000 3.0000000000e+000
188 70 37
2 37 1146 83.0700 -713.2800 39 785 -55.7800 -641.6801
1.8118423806e-001 4.9082728795e-001 3.0000000000e+000
148 149 35
2 37 647 32.1300 87.0400 39 589 -125.1100 119.6400
4.5518780472e-001 -1.5184964058e+000 3.0000000000e+000
177 112 91
2 37 1043 80.7200 -269.2800 39 929 -74.4600 -219.2000
3.0513149634e-001 -1.5912409044e+000 3.0000000000e+000
176 113 98
2 37 1285 54.1100 -282.1801 39 936 -94.1700 -229.4000
3.3800753256e-001 -4.3063535762e+000 3.0000000000e+000
179 147 131
2 37 1154 59.9400 -763.6600 39 788 -70.8600 -688.8600
-1.9736842105e-002 -9.6518816267e-001 3.0000000000e+000
12 42 76
2 37 1271 -3.5000 -171.1600 39 907 -141.6800 -120.9800
3.6197369798e-001 -4.6225939299e+000 3.0000000000e+000
155 89 50
2 37 1349 64.1900 -819.7400 39 1016 -62.3700 -742.6400
-9.0210419848e-004 8.2330827068e-001 3.0000000000e+000
69 75 14
2 37 1422 -0.1600 146.0000 39 870 -151.4400 175.4099
5.5483090967e-001 -1.2852069597e+000 3.0000000000e+000
9 71 111
2 37 1796 98.3900 -227.9100 39 1683 -64.9500 -180.6300
7.0454888595e-001 -4.8090228317e+000 3.0000000000e+000
48 17 12
2 37 927 124.9400 -852.8000 39 503 -15.9400 -783.7900
2.7575201737e-001 -2.0491918119e+000 3.0000000000e+000
174 123 96
2 37 1061 48.9000 -363.3900 39 661 -96.3200 -305.8900
4.4221794874e-001 -4.0828761051e+000 3.0000000000e+000
179 81 46
2 37 1516 78.4200 -724.0300 39 1172 -58.9300 -651.5200
1.0443620036e-001 9.0648496241e-001 3.0000000000e+000
110 125 45
2 37 1211 18.5200 160.7500 39 869 -137.7700 188.3000
3.3659775813e-001 -1.5398123605e+000 3.0000000000e+000
56 19 12
2 37 713 59.6900 -273.0601 39 168 -90.8800 -221.4500
4.9161650005e-001 -2.7513159271e+000 3.0000000000e+000
179 121 99
2 37 1106 87.1800 -487.9000 39 719 -61.5300 -427.7600
3.1934213280e-001 -2.8515792502e+000 3.0000000000e+000
137 34 44
2 37 804 56.6300 -505.6801 39 321 -84.1200 -441.5200
7.7261283702e-001 -4.4822367044e+000 3.0000000000e+000
33 13 20
2 37 1347 137.0100 -794.8500 39 1013 -7.8200 -729.6700
-1.2281971408e-001 6.6755641851e-001 3.0000000000e+000
159 156 34
2 37 986 -21.7800 118.3800 39 577 -166.6700 150.9099
2.0825183840e-001 -3.8289473684e+000 3.0000000000e+000
180 109 45
2 37 890 36.9300 -679.0000 39 433 -91.9400 -604.5900
5.4496248862e-001 -4.3967477899e+000 3.0000000000e+000
172 149 139
2 37 1345 96.6400 -779.6899 39 1180 -40.7600 -707.8600
6.0879711639e-001 -2.8354508249e+000 3.0000000000e+000
148 21 33
2 37 1498 107.9600 -502.8199 39 1148 -43.6000 -443.3600
2.8686087472e-001 -3.2952630753e+000 3.0000000000e+000
181 125 94
2 37 1631 50.8700 -584.3600 39 1313 -84.4000 -516.3300
-5.2753752515e-001 5.4614647887e-001 3.0000000000e+000
23 58 36
2 37 1590 -93.5500 96.8500 39 1080 -212.9300 134.8301
6.3163539342e-001 -9.9953007519e-001 3.0000000000e+000
47 28 42
2 37 164 112.0100 -177.2500 39 623 -54.1900 -134.0100
9.5041340993e-001 -3.2205450302e+000 3.0000000000e+000
119 74 32
2 37 850 168.5400 -571.1100 39 762 14.1400 -517.9399
2.1857148364e-001 -3.3403758572e+000 3.0000000000e+000
117 77 60
2 37 1321 38.7600 -592.3600 39 995 -94.1200 -522.3400
9.4409764799e-001 3.5515026580e-001 3.0000000000e+000
150 147 130
2 37 1447 167.4200 62.9800 39 1267 -15.3600 88.1000
5.2584586466e-001 -4.7955453055e+000 3.0000000000e+000
153 84 53
2 37 1353 93.2500 -850.4100 39 806 -39.8100 -777.1801
-4.3781963148e-001 -6.7646594514e-001 3.0000000000e+000
196 122 112
2 37 1251 -77.6400 -119.9600 39 1109 -196.8100 -66.8101
4.6691894531e-002 -4.0878949847e+000 3.0000000000e+000
183 148 125
2 37 1722 8.2800 -724.9200 39 1493 -109.4000 -646.2700
4.3381574817e-001 -2.8785336143e+000 3.0000000000e+000
122 30 39
2 37 342 76.9300 -510.4600 39 326 -69.5800 -447.9399
2.4022542624e-001 -2.6843798645e+000 3.0000000000e+000
181 126 96
2 37 1096 42.6000 -476.0300 39 709 -96.4600 -412.2700
7.1847729217e-001 -4.4517289929e+000 3.0000000000e+000
174 141 140
2 37 1162 127.4100 -789.4399 39 1012 -16.4100 -722.9600
3.1077059409e-001 -2.1804137266e+000 3.0000000000e+000
176 124 102
2 37 1307 55.1100 -386.6600 39 949 -88.1900 -328.5601
7.5902379545e-002 -3.9737597014e+000 3.0000000000e+000
157 76 35
2 37 1514 13.4600 -704.6801 39 1167 -107.7800 -626.3900
6.2312030075e-001 -3.9804698973e+000 3.0000000000e+000
176 88 39
2 37 1766 110.5000 -705.8700 39 1614 -32.9200 -638.8800
1.1842669724e+000 -1.8237972403e+000 3.0000000000e+000
169 124 90
2 37 736 210.0100 -323.4200 39 654 46.6800 -285.2500
2.9537596738e-001 -2.7084024759e+000 3.0000000000e+000
179 120 103
2 37 786 52.3800 -480.2900 39 318 -89.1200 -416.6500
4.2169189453e-001 -4.0189282410e+000 3.0000000000e+000
68 13 5
2 37 899 74.7800 -712.6899 39 455 -62.2800 -640.9900
-2.5432334269e-001 -3.8520709733e-001 3.0000000000e+000
128 90 82
2 37 1013 -45.1000 -68.3101 39 891 -177.0800 -21.6700
1.0293046765e+000 -3.5732708694e+000 3.0000000000e+000
29 28 46
2 37 1507 182.5300 -633.6600 39 1322 30.2800 -580.4399
3.2808266546e-001 -3.9812594536e+000 3.0000000000e+000
70 17 4
2 37 898 58.1800 -706.0100 39 449 -75.0600 -633.0601
-4.5400381447e-001 -3.7200003029e+000 3.0000000000e+000
168 145 118
2 37 866 -80.5100 -659.6801 39 419 -171.1400 -575.1000
-1.2834591973e-001 -3.9358644414e+000 3.0000000000e+000
184 141 110
2 37 886 -22.7600 -697.9600 39 442 -131.7500 -617.1899
6.9874045006e-001 -4.3585716764e+000 3.0000000000e+000
72 46 58
2 37 1160 123.9100 -772.9200 39 796 -20.1300 -706.1200
3.3575175579e-001 5.6560315584e-002 3.0000000000e+000
28 53 25
2 37 1455 59.5400 10.0300 39 1099 -101.5300 44.2700
-3.7291356137e-001 -1.1112966896e+000 3.0000000000e+000
7 57 83
2 37 1479 -66.1300 -197.0699 39 1127 -183.9000 -140.9500
1.4221787990e-001 4.0917326275e-001 3.0000000000e+000
28 56 40
2 37 1595 25.2200 72.5601 39 1263 -128.6900 107.8101
-4.3285719793e-001 6.4765023827e-001 3.0000000000e+000
69 109 126
2 37 1675 -76.7600 114.8500 39 1403 -207.7700 151.0701
5.2302631579e-001 -9.7432347348e-001 3.0000000000e+000
139 23 36
2 37 1824 92.7500 -172.7800 39 1682 -68.4900 -130.3800
7.1058276184e-001 -3.7467295711e+000 3.0000000000e+000
91 20 33
2 37 1841 126.0100 -664.4200 39 1737 -22.1800 -598.5100
1.3009399185e+000 -2.1611277645e+000 3.0000000000e+000
78 29 35
2 37 757 230.7000 -383.2400 39 678 73.7700 -345.2500
1.1463159547e+000 -3.2064472858e+000 3.0000000000e+000
60 21 38
2 37 852 203.2800 -568.6100 39 404 50.1800 -521.6100
1.1784585365e+000 -3.4609962406e+000 3.0000000000e+000
30 30 40
2 37 863 208.9800 -613.7500 39 767 60.0800 -565.8500
1.2135903495e+000 -3.4427820650e+000 3.0000000000e+000
28 26 37
2 37 864 215.2100 -610.5200 39 768 67.2700 -563.7400
5.6921054008e-001 -4.7258461400e+000 3.0000000000e+000
40 11 5
2 37 550 100.9400 -838.0500 39 490 -34.8200 -766.6200
1.2549811342e+000 -2.2104134237e+000 3.0000000000e+000
166 84 82
2 37 1076 222.5500 -391.9800 39 958 63.5100 -353.7100
1.1499811617e+000 -2.9658831833e+000 3.0000000000e+000
56 16 24
2 37 832 203.9300 -525.9500 39 978 49.3000 -480.1500
9.9530075188e-001 -3.2193610399e+000 3.0000000000e+000
161 114 64
2 37 851 176.5000 -570.9000 39 763 21.3700 -519.1400
-1.3714289844e-001 -2.9958271227e+000 3.0000000000e+000
133 33 41
2 37 817 -24.3200 -531.2600 39 341 -143.1100 -457.8101
2.1417282219e-001 -3.9772559144e+000 3.0000000000e+000
208 115 78
2 37 488 37.9800 -705.3000 39 448 -89.8500 -629.6400
-1.5603391031e-001 7.9398523775e-001 3.0000000000e+000
49 90 102
2 37 983 -27.6700 140.8000 39 570 -173.3800 172.5901
1.2888157206e+000 -1.2828947368e-001 3.0000000000e+000
33 58 39
2 37 1458 228.5500 -22.7500 39 1427 52.3800 3.7300
1.1885527417e+000 -2.1943985788e+000 3.0000000000e+000
101 48 49
2 37 1492 210.7700 -389.1400 39 1298 50.7500 -349.1000
3.8323320661e-001 -2.8550190173e+000 3.0000000000e+000
152 21 37
2 37 1105 67.9600 -506.2900 39 720 -75.0700 -443.4800
4.8953006142e-001 -4.4273683935e+000 3.0000000000e+000
29 23 22
2 37 1159 86.8100 -785.1200 39 795 -49.6500 -712.2000
-5.6859014984e-001 -5.4394714814e-001 3.0000000000e+000
133 30 37
2 37 1012 -100.8300 -96.4600 39 611 -208.6200 -45.3200
-2.6300760140e-001 -2.1205265361e+000 3.0000000000e+000
179 120 105
2 37 1060 -46.6400 -376.0400 39 213 -164.9900 -309.3199
5.0131661551e-002 -3.5804326337e+000 3.0000000000e+000
136 78 41
2 37 1327 8.8900 -634.9301 39 1001 -113.7200 -560.0601
5.5590235201e-001 -4.0213533559e+000 3.0000000000e+000
193 100 54
2 37 1338 98.5800 -713.1200 39 786 -43.8000 -644.5800
8.9018788732e-001 -4.9845115260e+000 3.0000000000e+000
212 107 49
2 37 1360 157.8600 -883.9200 39 1335 12.9000 -819.2700
3.6180435984e-001 5.0040225839e+000 3.0000000000e+000
74 62 62
2 37 1385 64.1600 887.3800 39 1200 443.6000 899.4800
5.2522564651e-001 4.6444172106e+000 3.0000000000e+000
83 73 67
2 37 1392 93.1400 823.6100 39 1202 468.6400 835.0400
-6.2030075188e-002 6.2960540083e-001 3.0000000000e+000
32 57 36
2 37 1223 -11.0000 111.6500 39 872 -158.1800 143.3101
4.5039470931e-001 -4.4893984687e+000 3.0000000000e+000
164 91 48
2 37 1346 79.8700 -796.1200 39 1011 -54.7600 -722.3000
4.2451144340e-001 4.3214095266e+000 3.0000000000e+000
58 49 42
2 37 1554 75.2800 766.3300 39 1356 446.1600 778.4399
5.1067667796e-001 4.2860529620e+000 3.0000000000e+000
84 77 59
2 37 1555 90.5600 760.0601 39 1357 461.3600 769.1500
1.2086279159e+000 -2.7374432786e+000 3.0000000000e+000
66 29 29
2 37 1705 214.3300 -485.4399 39 1605 59.0900 -442.8500
-2.1416165345e+000 -4.6334776914e+000 3.0000000000e+000
50 38 48
2 37 1529 -379.7800 -821.6700 39 1328 -443.0300 -678.3800
4.1469912421e-001 5.1032141205e+000 3.0000000000e+000
37 25 25
2 37 1541 73.5400 904.9700 39 1345 454.9000 917.9399
5.3452995128e-001 5.0434962681e+000 3.0000000000e+000
104 90 53
2 37 1644 94.7900 894.3800 39 1511 476.3500 908.9399
5.3452995128e-001 5.0434962681e+000 3.0000000000e+000
104 90 53
2 37 1645 94.7900 894.3800 39 1512 476.3500 908.9399
-6.3597743673e-001 2.7451123689e-001 3.0000000000e+000
143 146 128
2 37 1599 -112.7800 48.6800 39 1095 -222.7800 93.6200
5.5454902362e-001 3.5165405273e-001 3.0000000000e+000
51 103 127
2 37 1748 98.3400 62.3600 39 1577 -73.3100 90.6300
1.1367294197e+000 6.0095903210e-001 3.0000000000e+000
161 153 130
2 37 1821 201.5800 106.5701 39 1712 16.8500 127.3900
4.7323298634e-001 -3.5167669999e+000 3.0000000000e+000
178 123 93
2 37 1840 83.9200 -623.6400 39 1736 -60.7500 -558.3199
1.8863910876e+000 1.5182141756e+000 3.0000000000e+000
168 41 46
2 37 598 334.5200 269.2300 39 857 195.1200 274.0000
1.3840037181e+000 1.1332893085e+000 3.0000000000e+000
159 169 148
2 37 67 245.4300 200.9700 39 563 59.8300 214.9199
1.1674625712e+000 -2.4200189347e+000 3.0000000000e+000
73 32 30
2 37 276 207.0300 -429.1500 39 711 47.9000 -387.2800
1.4696051806e+000 -2.2775752706e+000 3.0000000000e+000
126 91 95
2 37 257 260.6100 -403.8900 39 702 113.9400 -371.6100
2.0595111130e+000 2.2011659092e+000 3.0000000000e+000
123 135 137
2 37 951 365.2200 390.3401 39 1225 227.3600 390.6799
-2.4422930954e-001 9.3676688976e-001 3.0000000000e+000
133 159 66
2 37 619 -43.3100 166.1200 39 80 -184.2900 196.3700
-1.6607149741e-001 8.6892906705e-001 3.0000000000e+000
37 56 29
2 37 630 -29.4500 154.0901 39 88 -173.9000 184.4600
1.5131956402e+000 -1.0296426644e+000 3.0000000000e+000
178 37 45
2 37 1028 268.3400 -182.5900 39 918 111.5500 -157.8800
1.5131956402e+000 -1.0296426644e+000 3.0000000000e+000
178 37 45
2 37 1029 268.3400 -182.5900 39 917 111.5500 -157.8800
1.6554135201e+000 -1.6010528794e+000 3.0000000000e+000
35 71 98
2 37 1289 293.5600 -283.9200 39 1294 154.0400 -261.8600
6.7122196972e-001 -1.7463718500e+000 3.0000000000e+000
168 139 115
2 37 726 119.0300 -309.6899 39 196 -41.1100 -262.6700
1.5027631028e+000 -2.2462215567e+000 3.0000000000e+000
62 40 40
2 37 1080 266.4900 -398.3300 39 960 121.4600 -365.9600
5.0317658159e-001 -2.9680260680e+000 3.0000000000e+000
123 29 35
2 37 372 89.2300 -526.3300 39 368 -58.1900 -464.9399
-9.1353108112e-003 -3.0166915090e+000 3.0000000000e+000
183 52 63
2 37 820 -1.6200 -534.9600 39 346 -124.2300 -464.4700
-1.0263199197e-002 -3.8005825416e+000 3.0000000000e+000
174 79 39
2 37 880 -1.8200 -673.9700 39 432 -118.9100 -597.0100
1.0419926464e+000 -4.0518046214e+000 3.0000000000e+000
134 61 39
2 37 1148 184.7800 -718.5200 39 787 35.6700 -663.2000
-1.2687969925e-001 5.0420864937e+000 3.0000000000e+000
102 75 65
2 37 934 -22.5000 894.1300 39 1028 356.6100 907.9200
-8.0244250764e-002 1.2456203834e+000 3.0000000000e+000
28 52 34
2 37 974 -14.2300 220.8900 39 56 -164.8100 247.7000
3.0169035259e-002 6.6648463199e-001 3.0000000000e+000
49 96 113
2 37 988 5.3500 118.1899 39 105 -146.8300 150.7300
3.0169035259e-002 6.6648463199e-001 3.0000000000e+000
49 96 113
2 37 987 5.3500 118.1899 39 104 -146.8300 150.7300
1.4233084083e+000 -7.9951144340e-001 3.0000000000e+000
131 82 67
2 37 1267 252.4000 -141.7800 39 1122 90.3300 -116.3700
6.7666419467e-004 -3.0850937922e+000 3.0000000000e+000
206 74 87
2 37 841 0.1200 -547.0900 39 736 -124.8300 -475.1899
-1.6731210580e-001 -3.2454700900e+000 3.0000000000e+000
182 116 103
2 37 1119 -29.6700 -575.5300 39 750 -142.5500 -500.6500
6.9744356772e-001 -3.9106578397e+000 3.0000000000e+000
106 19 33
2 37 1140 123.6800 -693.4900 39 451 -20.2700 -630.6100
-6.7387286882e-002 5.1826130573e+000 3.0000000000e+000
138 101 92
2 37 1182 -11.9500 919.0500 39 1024 367.6300 930.7100
-7.1436086095e-001 5.0094358975e+000 3.0000000000e+000
69 49 58
2 37 1186 -126.6800 888.3400 39 1025 250.3200 896.1100
-5.9120298687e-001 5.0622177698e+000 3.0000000000e+000
78 48 48
2 37 1179 -104.8400 897.7000 39 1026 274.3000 906.9800
-6.4088342423e-001 4.9917290480e+000 3.0000000000e+000
97 66 74
2 37 1188 -113.6500 885.2000 39 1031 263.8100 894.8000
1.7196429260e+000 1.0680452505e+000 3.0000000000e+000
167 159 113
2 37 1417 304.9500 189.4000 39 1391 153.9800 196.2700
1.6394547771e+000 3.0913537965e-001 3.0000000000e+000
33 59 27
2 37 1449 290.7300 54.8200 39 1580 132.7500 65.9000
-5.3306390289e-001 -7.0110877474e-001 3.0000000000e+000
140 30 39
2 37 1250 -94.5300 -124.3300 39 616 -206.9800 -69.1899
1.5768044837e+000 -9.5774416816e-001 3.0000000000e+000
178 42 49
2 37 1477 279.6200 -169.8400 39 1437 127.0800 -147.4301
1.2785525214e+000 -3.3261652208e+000 3.0000000000e+000
159 124 86
2 37 1505 226.7300 -589.8400 39 1320 81.6400 -545.6000
1.6020661548e-001 -3.3753944340e+000 3.0000000000e+000
182 126 102
2 37 1320 28.4100 -598.5699 39 994 -102.0600 -526.6600
5.3796868575e-002 5.1478195764e+000 3.0000000000e+000
156 99 79
2 37 1382 9.5400 912.8800 39 1199 390.3100 925.1200
5.3796868575e-002 5.1478195764e+000 3.0000000000e+000
156 99 79
2 37 1381 9.5400 912.8800 39 1198 390.3100 925.1200
-3.8791358202e-001 4.9400754082e+000 3.0000000000e+000
78 45 55
2 37 1384 -68.7900 876.0400 39 1201 309.0500 885.6100
-3.8802630202e-001 4.6238343662e+000 3.0000000000e+000
42 26 26
2 37 1387 -68.8100 819.9600 39 1204 302.3200 828.6600
-3.0422939214e-001 4.6767855766e+000 3.0000000000e+000
62 46 49
2 37 1389 -53.9500 829.3500 39 1032 319.2800 839.0200
-3.3631587208e-001 4.5493421053e+000 3.0000000000e+000
105 91 65
2 37 1391 -59.6400 806.7500 39 1205 311.0900 816.2600
-6.8503765594e-001 3.3569551626e+000 3.0000000000e+000
108 93 90
2 37 1401 -121.4800 595.3000 39 1044 234.8600 603.3800
-6.8317665731e-001 3.2632891433e+000 3.0000000000e+000
112 98 91
2 37 1402 -121.1500 578.6899 39 1220 233.7900 586.4399
-1.9646614476e-001 8.9182344594e-001 3.0000000000e+000
28 57 36
2 37 1421 -34.8400 158.1500 39 1248 -179.4300 188.0400
1.7481065334e-003 -8.0075187970e-001 3.0000000000e+000
217 138 117
2 37 1468 0.3100 -142.0000 39 1113 -140.9800 -92.9000
1.3980450164e+000 -1.9180263433e+000 3.0000000000e+000
179 105 80
2 37 1622 247.9200 -340.1300 39 1600 91.7400 -309.1700
1.4367294885e+000 -2.5860900879e+000 3.0000000000e+000
141 113 99
2 37 1623 254.7800 -458.6000 39 1606 111.1300 -422.3199
1.5375001377e+000 -2.7985151477e+000 3.0000000000e+000
129 98 89
2 37 1626 272.6500 -496.2700 39 1662 131.7900 -466.8700
1.2916917156e+000 -2.9083082156e+000 3.0000000000e+000
139 105 95
2 37 1629 229.0600 -515.7400 39 1478 79.0900 -474.8600
1.3518043461e+000 -2.9937971302e+000 3.0000000000e+000
75 36 39
2 37 1501 239.7200 -530.9000 39 1479 92.5100 -492.6300
2.4169164672e-001 -3.4061843757e+000 3.0000000000e+000
187 126 100
2 37 1323 42.8600 -604.0300 39 1157 -89.5000 -533.0200
-3.8176698613e-001 -3.7726692831e+000 3.0000000000e+000
168 146 121
2 37 1328 -67.7000 -669.0200 39 775 -163.1200 -584.7900
6.0169076561e-002 4.9896990554e+000 3.0000000000e+000
157 69 46
2 37 1543 10.6700 884.8400 39 1344 388.9600 896.2600
-4.0883458647e-001 4.4834213830e+000 3.0000000000e+000
66 40 35
2 37 1547 -72.5000 795.0601 39 1206 297.6200 805.8300
-1.2067751777e-002 4.4757516044e+000 3.0000000000e+000
133 109 103
2 37 1549 -2.1400 793.7000 39 1348 369.6100 803.9700
9.1409898342e-002 4.4632894186e+000 3.0000000000e+000
52 27 17
2 37 1550 16.2100 791.4900 39 1207 388.0400 800.9600
-7.2298867362e-001 4.3494363656e+000 3.0000000000e+000
81 74 92
2 37 1546 -128.2100 771.3000 39 1352 241.6900 780.0300
-3.2312023192e-001 4.3955073536e+000 3.0000000000e+000
77 55 42
2 37 1548 -57.3000 779.4700 39 1353 311.0600 787.3500
9.9530212861e-002 4.2723496516e+000 3.0000000000e+000
111 52 36
2 37 1553 17.6500 757.6300 39 1355 387.0400 768.8400
-7.0505638409e-001 4.1106200254e+000 3.0000000000e+000
86 63 73
2 37 1556 -125.0300 728.9500 39 1359 241.8100 737.6799
-7.0505638409e-001 4.1106200254e+000 3.0000000000e+000
86 63 73
2 37 1557 -125.0300 728.9500 39 1360 241.8100 737.6799
-5.0971812772e-001 4.0180264810e+000 3.0000000000e+000
167 97 60
2 37 1558 -90.3900 712.5300 39 1362 274.3500 721.4299
-6.7268801811e-001 3.8404513481e+000 3.0000000000e+000
82 79 90
2 37 1559 -119.2900 681.0400 39 1365 243.5300 689.5200
-7.5704887218e-001 3.3223874659e+000 3.0000000000e+000
37 27 28
2 37 1400 -134.2500 589.1700 39 1218 221.4200 597.8000
-2.1231199566e-001 1.1731581150e+000 3.0000000000e+000
12 80 125
2 37 1578 -37.6500 208.0400 39 1239 -183.9300 235.8500
-2.8900375940e-001 9.4691685268e-001 3.0000000000e+000
32 76 66
2 37 1583 -51.2500 167.9199 39 1242 -189.5200 198.2600
1.5558272053e+000 3.9214307742e-001 3.0000000000e+000
165 161 115
2 37 1681 275.9000 69.5400 39 1648 107.6300 86.1899
1.4687595224e+000 -1.0483097851e-001 3.0000000000e+000
34 58 33
2 37 1686 260.4600 -18.5900 39 1653 91.2300 1.8300
8.0024420946e-001 -4.7218983586e+000 3.0000000000e+000
179 85 42
2 37 1637 141.9100 -837.3500 39 1501 -0.8700 -772.0500
3.8988730065e-001 4.7725373462e+000 3.0000000000e+000
132 119 113
2 37 1646 69.1400 846.3300 39 1514 445.7200 858.3900
5.8702856078e-002 4.5940597649e+000 3.0000000000e+000
20 9 12
2 37 1737 10.4100 814.6799 39 1515 384.0200 824.8300
1.4227442921e+000 9.9682341841e-001 3.0000000000e+000
34 58 36
2 37 1671 252.3000 176.7700 39 1562 76.2900 190.9000
3.5018920898e-002 3.4849617176e-001 3.0000000000e+000
80 111 105
2 37 1684 6.2100 61.8000 39 1407 -144.5900 99.0100
1.2685715525e+000 -2.0102254538e+000 3.0000000000e+000
172 130 80
2 37 1699 224.9600 -356.4800 39 1598 67.0500 -319.3300
1.0681577984e+000 -3.7602628550e+000 3.0000000000e+000
16 64 103
2 37 1762 189.4200 -666.8199 39 1665 40.1900 -612.7400
-1.4932319813e-001 5.2208456168e+000 3.0000000000e+000
136 107 89
2 37 1731 -26.4800 925.8300 39 1621 353.8900 936.8199
2.7259413640e-001 5.1627633231e+000 3.0000000000e+000
176 116 66
2 37 1732 48.3400 915.5300 39 1623 430.6000 928.8800
2.7259413640e-001 5.1627633231e+000 3.0000000000e+000
176 116 66
2 37 1733 48.3400 915.5300 39 1622 430.6000 928.8800
1.0140225977e+000 7.7994393944e-001 3.0000000000e+000
32 88 119
2 37 1788 179.8200 138.3101 39 1678 -9.3000 158.7700
1.3405261506e+000 3.6507513290e-001 3.0000000000e+000
29 58 28
2 37 1749 237.7200 64.7400 39 1680 56.5000 83.0000
8.0723697978e-001 -3.5724813131e+000 3.0000000000e+000
69 20 26
2 37 1761 143.1500 -633.5200 39 1664 -8.6400 -574.0200
8.6560150376e-001 -4.9432329450e+000 3.0000000000e+000
175 82 40
2 37 1771 153.5000 -876.6000 39 1667 11.4100 -811.4500
2.4191743091e-001 4.8885339723e+000 3.0000000000e+000
26 17 22
2 37 1775 42.9000 866.9000 39 1668 418.7500 878.5601
-1.7937968548e-001 4.4660525214e+000 3.0000000000e+000
29 19 27
2 37 1777 -31.8100 791.9800 39 1670 339.3700 801.8300
7.4120302129e-001 3.0902248755e-001 3.0000000000e+000
140 141 132
2 37 1789 131.4400 54.8000 39 1646 -46.7900 84.2800
-1.5828951499e-001 -3.2842099756e-001 3.0000000000e+000
166 127 121
2 37 1790 -28.0700 -58.2400 39 1652 -165.1700 -14.9800
8.7056393731e-001 -2.9733271778e+000 3.0000000000e+000
42 15 24
2 37 1804 154.3800 -527.2700 39 1689 -0.1400 -471.8400
2.6509404003e-001 4.6383836789e+000 3.0000000000e+000
161 118 86
2 37 1815 47.0100 822.5400 39 1723 422.1400 831.4500
5.4812036959e-001 -4.6305452505e+000 3.0000000000e+000
170 87 37
2 37 1843 97.2000 -821.1500 39 1721 -38.5800 -749.1600
-5.3007656470e-002 5.1495673388e+000 3.0000000000e+000
120 83 79
2 37 1844 -9.4000 913.1899 39 1740 373.4900 926.9900
-7.8327150273e-002 4.7169923711e+000 3.0000000000e+000
25 15 25
2 37 1845 -13.8900 836.4800 39 1741 359.5800 847.0100
9.3473689717e-001 -4.4353197141e+000 3.0000000000e+000
174 93 37
2 37 1885 165.7600 -786.5300 39 1786 26.7200 -731.2100
1.4702253987e+000 -2.0420300477e+000 3.0000000000e+000
71 34 30
2 37 238 260.7200 -362.1200 39 681 111.8100 -330.4200
1.5031578810e+000 -2.0340222810e+000 3.0000000000e+000
164 85 88
2 37 239 266.5600 -360.7000 39 682 119.0400 -330.8600
5.0317658159e-001 -2.9680260680e+000 3.0000000000e+000
123 29 35
2 37 371 89.2300 -526.3300 39 367 -58.1900 -464.9399
1.0510150651e+000 -3.1959586466e+000 3.0000000000e+000
128 83 40
2 37 395 186.3800 -566.7500 39 403 30.5700 -516.6100
1.2002257154e+000 -3.6857141480e+000 3.0000000000e+000
27 60 87
2 37 452 212.8400 -653.6000 39 438 65.1600 -605.7400
1.8756766642e+000 1.4435525765e+000 3.0000000000e+000
185 42 46
2 37 599 332.6200 255.9900 39 859 195.8700 261.3301
3.9473684211e-002 3.4387207031e-001 3.0000000000e+000
79 110 102
2 37 651 7.0000 60.9800 39 112 -144.4800 96.8700
1.2717858795e+000 -2.3206016139e+000 3.0000000000e+000
64 22 29
2 37 767 225.5300 -411.5200 39 698 67.2500 -373.0400
1.3022368008e+000 -2.6829700900e+000 3.0000000000e+000
165 116 112
2 37 788 230.9300 -475.7800 39 973 78.9000 -434.9800
1.4402243249e-001 -2.8715411882e+000 3.0000000000e+000
126 26 31
2 37 802 25.5400 -509.2200 39 317 -107.0900 -441.8000
4.0889103251e-001 -2.7391352833e+000 3.0000000000e+000
179 117 103
2 37 805 72.5100 -485.7400 39 319 -72.3400 -424.2400
5.5015036217e-001 -2.8663536588e+000 3.0000000000e+000
186 52 59
2 37 344 97.5600 -508.3000 39 329 -51.5500 -447.8101
3.8588341734e-001 -2.9806575919e+000 3.0000000000e+000
188 59 70
2 37 826 68.4300 -528.5699 39 362 -74.1400 -464.7800
1.2740413121e+000 -3.9653568124e+000 3.0000000000e+000
104 25 31
2 37 1141 225.9300 -703.1899 39 1173 83.9700 -658.4700
1.0014475199e+000 -4.6751507064e+000 3.0000000000e+000
150 58 42
2 37 913 177.5900 -829.0601 39 808 33.2500 -769.7900
7.0291367151e-001 -4.7642480377e+000 3.0000000000e+000
45 17 10
2 37 552 124.6500 -844.8600 39 501 -16.0900 -776.2200
-5.0436091602e-001 8.3988688763e-001 3.0000000000e+000
68 104 113
2 37 978 -89.4400 148.9399 39 569 -212.0800 183.6899
-3.6614657524e-001 -2.4620285608e-001 3.0000000000e+000
157 147 137
2 37 1007 -64.9300 -43.6600 39 125 -190.7300 3.9200
-3.6614657524e-001 -2.4620285608e-001 3.0000000000e+000
157 147 137
2 37 1008 -64.9300 -43.6600 39 126 -190.7300 3.9200
1.5145489686e+000 -2.6190222260e+000 3.0000000000e+000
28 15 13
2 37 1100 268.5800 -464.4399 39 1149 128.8500 -432.3000
2.4868407285e-001 -2.7391352833e+000 3.0000000000e+000
137 25 34
2 37 1103 44.1000 -485.7400 39 971 -93.1800 -422.3400
-7.5919175686e-001 4.9358460849e+000 3.0000000000e+000
98 73 83
2 37 1187 -134.6300 875.2900 39 1030 242.2400 883.9800
-3.0422939214e-001 4.6767855766e+000 3.0000000000e+000
62 46 49
2 37 1390 -53.9500 829.3500 39 1033 319.2800 839.0200
1.0443620036e-001 9.0648496241e-001 3.0000000000e+000
110 125 45
2 37 1212 18.5200 160.7500 39 868 -137.7700 188.3000
1.8194550249e+000 7.6077018107e-001 3.0000000000e+000
168 161 79
2 37 1428 322.6500 134.9099 39 1406 182.6000 145.4299
1.4233084083e+000 -7.9951144340e-001 3.0000000000e+000
131 82 67
2 37 1266 252.4000 -141.7800 39 1121 90.3300 -116.3700
1.7817855491e+000 -1.5642858520e+000 3.0000000000e+000
174 128 95
2 37 1488 315.9700 -277.4000 39 1460 190.0600 -259.9100
1.0166728084e+000 -2.7707140930e+000 3.0000000000e+000
112 57 27
2 37 1312 180.2900 -491.3400 39 972 25.3200 -441.1899
-3.8802630202e-001 4.6238343662e+000 3.0000000000e+000
42 26 26
2 37 1388 -68.8100 819.9600 39 1203 302.3200 828.6600
-7.5704887218e-001 3.3223874659e+000 3.0000000000e+000
37 27 28
2 37 1399 -134.2500 589.1700 39 1219 221.4200 597.8000
1.7874246468e+000 8.6599662609e-001 3.0000000000e+000
38 63 33
2 37 1427 316.9700 153.5701 39 1566 170.0500 160.4800
1.9050000413e+000 6.2515029334e-001 3.0000000000e+000
172 157 81
2 37 1436 337.8200 110.8600 39 1410 205.2000 118.1899
1.7379699936e+000 1.7261269935e-001 3.0000000000e+000
46 56 31
2 37 1457 308.2000 30.6100 39 1583 160.7100 43.6200
3.9631595468e-001 -8.7857170392e-001 3.0000000000e+000
103 42 31
2 37 1472 70.2800 -155.8000 39 1280 -88.3300 -110.7200
1.5480452229e+000 -1.7112968273e+000 3.0000000000e+000
18 73 104
2 37 1490 274.5200 -303.4700 39 1459 128.1800 -277.1200
1.1657705666e+000 -3.3086841555e+000 3.0000000000e+000
81 52 56
2 37 1503 206.7300 -586.7400 39 1314 55.5800 -539.5500
1.3959585778e+000 -3.6420111405e+000 3.0000000000e+000
157 119 82
2 37 1508 247.5500 -645.8500 39 1488 109.7200 -605.8900
1.8525000551e+000 -3.6443798094e+000 3.0000000000e+000
146 110 76
2 37 1509 328.5100 -646.2700 39 781 258.9600 -633.1700
-9.2898490734e-001 5.2466166790e+000 3.0000000000e+000
107 85 72
2 37 1537 -164.7400 930.4000 39 1341 216.7400 939.6200
-7.2603383459e-001 5.2506766642e+000 3.0000000000e+000
60 44 54
2 37 1365 -128.7500 931.1200 39 1342 252.2500 940.6700
-9.1454883088e-001 5.0782333030e+000 3.0000000000e+000
101 82 68
2 37 1539 -162.1800 900.5400 39 1343 216.6500 908.6200
-5.8054518162e-001 3.3830635243e+000 3.0000000000e+000
52 40 42
2 37 1566 -102.9500 599.9299 39 1371 252.0900 607.9399
1.3051692418e+000 1.1479515133e+000 3.0000000000e+000
53 99 123
2 37 1579 231.4500 203.5701 39 1389 45.0300 217.9500
1.8492857281e+000 5.3481252570e-001 3.0000000000e+000
173 159 96
2 37 1597 327.9400 94.8401 39 1575 192.9000 103.9600
-9.2537442544e-002 4.8011286456e-001 3.0000000000e+000
29 55 34
2 37 1594 -16.4100 85.1400 39 1261 -159.7000 120.3000
1.9190413396e+000 1.0426686222e-001 3.0000000000e+000
46 60 40
2 37 1610 340.3100 18.4900 39 1588 213.1600 27.0200
1.6744736980e+000 -9.5283818066e-001 3.0000000000e+000
168 151 121
2 37 1617 296.9400 -168.9700 39 1594 152.3500 -149.9600
4.4080817431e-001 -1.3140791126e+000 3.0000000000e+000
3 32 62
2 37 1618 78.1700 -233.0300 39 1286 -78.1000 -184.6700
-8.2291349253e-001 5.1835148173e+000 3.0000000000e+000
170 149 128
2 37 1642 -145.9300 919.2100 39 1508 234.2300 927.5601
-8.2539470931e-001 4.9942670550e+000 3.0000000000e+000
141 122 106
2 37 1643 -146.3700 885.6500 39 1513 231.7100 893.9200
-6.1494354019e-001 4.3476314688e+000 3.0000000000e+000
33 19 32
2 37 1648 -109.0500 770.9800 39 1518 260.5600 780.7100
-4.2078944615e-001 -1.9951130573e+000 3.0000000000e+000
181 121 103
2 37 1697 -74.6200 -353.8000 39 1292 -182.8600 -285.0601
2.0498106533e-001 -2.6397744086e+000 3.0000000000e+000
176 124 102
2 37 1701 36.3500 -468.1200 39 1470 -100.6700 -404.7400
-5.1592099756e-001 4.6372554464e+000 3.0000000000e+000
147 47 59
2 37 1736 -91.4900 822.3400 39 1624 281.2100 831.8300
2.4191743091e-001 4.8885339723e+000 3.0000000000e+000
26 17 22
2 37 1776 42.9000 866.9000 39 1669 418.7500 878.5601
-7.3375937096e-001 3.6837970476e+000 3.0000000000e+000
23 16 23
2 37 1781 -130.1200 653.2600 39 1671 231.3700 662.7700
1.2824999587e+000 -1.8184396844e+000 3.0000000000e+000
13 74 108
2 37 1798 227.4300 -322.4700 39 1687 66.0300 -284.5200
-7.5434204331e-001 4.7488534110e+000 3.0000000000e+000
19 14 21
2 37 1835 -133.7700 842.1300 39 1722 240.2800 850.6100
1.8095301578e+000 -1.3719927565e+000 3.0000000000e+000
128 169 197
2 37 183 320.8900 -243.3000 39 941 196.8600 -225.1500
1.7123682696e+000 -1.4808833760e+000 3.0000000000e+000
137 164 176
2 37 192 303.6600 -262.6100 39 939 170.1600 -240.4200
1.5363722493e+000 -1.8686277920e+000 3.0000000000e+000
191 117 93
2 37 215 272.4500 -331.3700 39 667 125.1500 -304.5200
1.5558833072e+000 -1.8909583988e+000 3.0000000000e+000
76 34 42
2 37 216 275.9100 -335.3300 39 216 131.9300 -307.4700
1.2489472583e+000 -2.1612406566e+000 3.0000000000e+000
172 85 84
2 37 232 221.4800 -383.2600 39 675 62.4600 -343.8199
1.3634212178e+000 -2.1237969649e+000 3.0000000000e+000
71 33 28
2 37 233 241.7800 -376.6200 39 679 86.7600 -341.3700
1.4341353796e+000 -2.0907519348e+000 3.0000000000e+000
162 83 81
2 37 234 254.3200 -370.7600 39 683 103.3900 -337.7700
1.3982143546e+000 -2.1561088849e+000 3.0000000000e+000
77 35 33
2 37 235 247.9500 -382.3500 39 234 95.6600 -347.7100
1.1688723457e+000 -2.1965414635e+000 3.0000000000e+000
73 20 20
2 37 249 207.2800 -389.5200 39 230 46.0200 -348.1600
1.3852444986e+000 -2.1901692555e+000 3.0000000000e+000
162 79 81
2 37 251 245.6500 -388.3900 39 273 93.3800 -354.2000
1.2787783056e+000 -2.3710148173e+000 3.0000000000e+000
127 58 68
2 37 277 226.7700 -420.4600 39 275 69.7200 -381.0200
1.2112770941e-001 -2.7459583713e+000 3.0000000000e+000
232 73 90
2 37 337 21.4800 -486.9500 39 309 -111.3200 -420.7100
1.4935713460e+000 -2.9770491751e+000 3.0000000000e+000
83 57 60
2 37 379 264.8600 -527.9301 39 757 125.2100 -495.4900
9.0067652652e-001 -3.1335898951e+000 3.0000000000e+000
120 73 33
2 37 394 159.7200 -555.6899 39 387 5.1900 -500.3000
5.3058285821e-001 -3.8836463412e+000 3.0000000000e+000
181 74 49
2 37 477 94.0900 -688.7000 39 450 -46.5600 -622.1300
1.7814472170e+000 1.6609965159e+000 3.0000000000e+000
172 45 44
2 37 584 315.9100 294.5500 39 847 164.7200 299.0601
1.4582705390e+000 1.4477254538e+000 3.0000000000e+000
209 151 114
2 37 591 258.6000 256.7300 39 853 74.3900 265.6200
1.5716730562e+000 1.3473492386e+000 3.0000000000e+000
159 47 44
2 37 607 278.7100 238.9299 39 863 104.4600 248.4700
3.9473684211e-002 3.4387207031e-001 3.0000000000e+000
79 110 102
2 37 652 7.0000 60.9800 39 113 -144.4800 96.8700
1.9810149688e+000 -3.1381592715e-001 3.0000000000e+000
190 144 116
2 37 663 351.3000 -55.6500 39 1107 235.1200 -48.8400
1.4137218733e+000 -8.7727413321e-001 3.0000000000e+000
187 147 124
2 37 672 250.7000 -155.5699 39 911 88.3300 -127.9301
1.4137218733e+000 -8.7727413321e-001 3.0000000000e+000
187 147 124
2 37 673 250.7000 -155.5699 39 910 88.3300 -127.9301
1.3837218320e+000 -8.9447365668e-001 3.0000000000e+000
186 149 125
2 37 674 245.3800 -158.6200 39 624 81.9400 -130.8900
1.3837218320e+000 -8.9447365668e-001 3.0000000000e+000
186 149 125
2 37 675 245.3800 -158.6200 39 625 81.9400 -130.8900
1.7657142582e+000 -1.1937967171e+000 3.0000000000e+000
224 89 96
2 37 684 313.1200 -211.7000 39 934 183.8900 -193.2200
1.6196614889e+000 -1.3464474786e+000 3.0000000000e+000
202 82 77
2 37 697 287.2200 -238.7700 39 930 143.2200 -214.9000
2.6695503866e-001 -2.2238345039e+000 3.0000000000e+000
88 53 40
2 37 764 47.3400 -394.3600 39 228 -95.4700 -334.5200
1.2036090363e+000 -2.3928380981e+000 3.0000000000e+000
147 75 81
2 37 777 213.4400 -424.3300 39 700 55.5200 -383.2600
1.4871991380e+000 -2.7020302679e+000 3.0000000000e+000
26 22 20
2 37 789 263.7300 -479.1600 39 726 122.6800 -445.7300
3.4595850894e-001 -3.0071053182e+000 3.0000000000e+000
143 27 40
2 37 825 61.3500 -533.2600 39 361 -81.1600 -467.3300
9.2458659007e-001 -2.9533081055e+000 3.0000000000e+000
86 35 44
2 37 831 163.9600 -523.7200 39 744 7.1900 -471.9900
1.2064850312e+000 -3.0684022832e+000 3.0000000000e+000
73 37 41
2 37 834 213.9500 -544.1300 39 394 61.6300 -499.6100
3.5069550249e-001 -3.3950190723e+000 3.0000000000e+000
184 127 100
2 37 858 62.1900 -602.0500 39 402 -75.8000 -533.6600
1.6691853229e-002 -3.8812219146e+000 3.0000000000e+000
173 81 41
2 37 884 2.9600 -688.2700 39 445 -115.9800 -609.9700
2.7766911786e-001 -3.9260524664e+000 3.0000000000e+000
203 123 85
2 37 893 49.2400 -696.2200 39 447 -82.3100 -622.7600
1.0013346278e+000 -4.0817478725e+000 3.0000000000e+000
178 95 46
2 37 900 177.5700 -723.8300 39 456 29.1600 -667.3600
1.6747555840e+000 2.6372928476e+000 3.0000000000e+000
195 172 141
2 37 949 296.9900 467.6799 39 834 153.5400 465.6200
-2.6024432648e-001 7.6731241556e-001 3.0000000000e+000
51 93 114
2 37 981 -46.1500 136.0701 39 867 -184.1400 169.9000
1.1684194006e-001 6.6614664408e-001 3.0000000000e+000
26 55 31
2 37 989 20.7200 118.1300 39 580 -135.3800 150.2800
2.2838277028e-002 4.2169189453e-001 3.0000000000e+000
23 45 8
2 37 995 4.0500 74.7800 39 590 -145.7800 108.5400
2.2838277028e-002 4.2169189453e-001 3.0000000000e+000
23 45 8
2 37 996 4.0500 74.7800 39 591 -145.7800 108.5400
3.0879704755e-001 -2.0786841830e+000 3.0000000000e+000
177 121 94
2 37 1062 54.7600 -368.6200 39 664 -89.7900 -311.6600
1.4248307307e+000 -2.9551694483e+000 3.0000000000e+000
90 56 55
2 37 1112 252.6700 -524.0500 39 1155 110.0400 -487.5900
4.3422154018e-003 -3.3192292407e+000 3.0000000000e+000
186 126 107
2 37 1123 0.7700 -588.6100 39 761 -121.7700 -514.7100
-7.4774491160e-002 -3.3846990829e+000 3.0000000000e+000
187 116 96
2 37 1124 -13.2600 -600.2200 39 992 -133.1900 -523.5100
5.6120311766e-001 -4.8813722080e+000 3.0000000000e+000
32 20 31
2 37 1169 99.5200 -865.6300 39 807 -34.3600 -792.4100
-1.7216164725e-001 4.3579514582e+000 3.0000000000e+000
56 39 47
2 37 1190 -30.5300 772.8101 39 1037 337.4700 781.7000
1.4806579360e+000 1.4979700074e+000 3.0000000000e+000
176 43 40
2 37 1204 262.5700 265.6400 39 1060 81.7300 274.1500
-1.3911644498e-001 1.6725548766e-001 3.0000000000e+000
29 56 32
2 37 1239 -24.6700 29.6600 39 882 -165.8800 70.7000
7.0770607855e-002 -8.8708679658e-001 3.0000000000e+000
127 23 27
2 37 1262 12.5500 -157.3101 39 906 -132.0300 -107.5900
3.7979309541e-001 -1.6073686413e+000 3.0000000000e+000
174 111 98
2 37 1286 67.3500 -285.0400 39 937 -83.4800 -233.6100
1.6602066155e+000 -1.8049621582e+000 3.0000000000e+000
76 52 65
2 37 1297 294.4100 -320.0800 39 1464 158.0700 -297.0200
1.0673121402e+000 -3.1157708419e+000 3.0000000000e+000
150 98 51
2 37 1316 189.2700 -552.5300 39 1152 34.8400 -504.0699
6.4060067772e-002 5.2758268199e+000 3.0000000000e+000
165 114 88
2 37 1372 11.3600 935.5800 39 1194 393.6800 947.8000
2.0282706354e+000 1.4853942412e+000 3.0000000000e+000
107 126 128
2 37 1412 359.6800 263.4099 39 1554 233.8000 262.6899
1.4160901980e+000 8.9436076458e-001 3.0000000000e+000
111 125 51
2 37 1424 251.1200 158.6000 39 1398 69.8300 171.8201
1.6237218183e+000 -8.6306418512e-001 3.0000000000e+000
168 155 121
2 37 1473 287.9400 -153.0500 39 1439 139.2800 -129.3500
1.6237218183e+000 -8.6306418512e-001 3.0000000000e+000
168 155 121
2 37 1474 287.9400 -153.0500 39 1440 139.2800 -129.3500
1.6837783469e+000 -1.3927442508e+000 3.0000000000e+000
19 72 104
2 37 1485 298.5900 -246.9800 39 1445 164.1600 -223.2300
-2.1656954199e+000 -4.7063343937e+000 3.0000000000e+000
132 113 117
2 37 1530 -384.0500 -834.5900 39 1175 -448.5700 -689.3800
-2.0654887149e+000 -4.6960715387e+000 3.0000000000e+000
43 33 42
2 37 1531 -366.2800 -832.7700 39 1176 -435.4400 -690.5200
-1.5162970751e+000 -5.1236276268e+000 3.0000000000e+000
51 41 52
2 37 1534 -268.8900 -908.5900 39 1186 -374.3500 -769.5900
-1.5349624749e+000 -5.2009401250e+000 3.0000000000e+000
131 109 120
2 37 1535 -272.2000 -922.3000 39 1332 -379.0300 -781.7500
-1.4427631923e+000 -5.2710337244e+000 3.0000000000e+000
138 116 119
2 37 1536 -255.8500 -934.7300 39 1334 -369.6700 -794.0100
-3.2216168167e-001 4.2665976618e+000 3.0000000000e+000
76 57 42
2 37 1552 -57.1300 756.6100 39 1354 310.2300 767.7400
7.9398592612e-002 -4.4402821476e+000 3.0000000000e+000
163 131 109
2 37 1633 14.0800 -787.4100 39 1329 -100.6400 -707.4100
-1.6156015038e+000 -5.1217669724e+000 3.0000000000e+000
124 107 113
2 37 1639 -286.5000 -908.2600 39 1331 -388.3400 -767.4000
-5.0041347877e-001 4.3763349720e+000 3.0000000000e+000
149 54 62
2 37 1649 -88.7400 776.0701 39 1517 280.7000 786.4900
-5.8697366356e-001 1.4882137901e+000 3.0000000000e+000
146 79 69
2 37 1665 -104.0900 263.9099 39 1232 -225.0700 289.1799
1.4076315514e+000 1.1278195489e+000 3.0000000000e+000
124 128 106
2 37 1668 249.6200 200.0000 39 1558 63.9700 212.2100
-4.3285719793e-001 6.4765023827e-001 3.0000000000e+000
69 109 126
2 37 1676 -76.7600 114.8500 39 1402 -207.7700 151.0701
-2.7761284391e-001 -3.5892292682e+000 3.0000000000e+000
159 124 102
2 37 1715 -49.2300 -636.4900 39 1318 -152.5100 -555.0601
-8.2274587531e-002 -3.5924439394e+000 3.0000000000e+000
165 51 51
2 37 1805 -14.5900 -637.0601 39 1663 -129.6100 -559.8500
-2.8195488722e+000 -4.0193798094e+000 3.0000000000e+000
50 40 51
2 37 1807 -500.0000 -712.7700 39 1158 -524.7100 -566.8300
-2.3375187350e+000 -4.6314476988e+000 3.0000000000e+000
131 112 114
2 37 1812 -414.5200 -821.3101 39 1666 -469.1300 -672.7300
