# Bundle file v0.3
60 460
0 0 0
0 0 0
0 0 0
0 0 0
0 0 0
0 0 0
0 0 0
0 0 0
0 0 0
0 0 0
0 0 0
0 0 0
0 0 0
0 0 0
0 0 0
0 0 0
0 0 0
0 0 0
0 0 0
0 0 0
0 0 0
0 0 0
0 0 0
0 0 0
0 0 0
0 0 0
0 0 0
0 0 0
0 0 0
0 0 0
0 0 0
0 0 0
0 0 0
0 0 0
0 0 0
0 0 0
0 0 0
0 0 0
0 0 0
0 0 0
0 0 0
0 0 0
0 0 0
0 0 0
0 0 0
0 0 0
0 0 0
0 0 0
0 0 0
0 0 0
0 0 0
0 0 0
0 0 0
0 0 0
0 0 0
0 0 0
0 0 0
0 0 0
0 0 0
0 0 0
0 0 0
0 0 0
0 0 0
0 0 0
0 0 0
0 0 0
0 0 0
0 0 0
0 0 0
0 0 0
0 0 0
0 0 0
0 0 0
0 0 0
0 0 0
0 0 0
0 0 0
0 0 0
0 0 0
0 0 0
0 0 0
0 0 0
0 0 0
0 0 0
0 0 0
0 0 0
0 0 0
0 0 0
0 0 0
0 0 0
0 0 0
0 0 0
0 0 0
0 0 0
0 0 0
0 0 0
0 0 0
0 0 0
0 0 0
0 0 0
0 0 0
0 0 0
0 0 0
0 0 0
0 0 0
0 0 0
0 0 0
0 0 0
0 0 0
0 0 0
0 0 0
0 0 0
0 0 0
0 0 0
0 0 0
0 0 0
0 0 0
0 0 0
0 0 0
0 0 0
0 0 0
0 0 0
0 0 0
0 0 0
0 0 0
0 0 0
0 0 0
0 0 0
0 0 0
0 0 0
0 0 0
0 0 0
0 0 0
0 0 0
0 0 0
0 0 0
0 0 0
0 0 0
0 0 0
0 0 0
0 0 0
0 0 0
0 0 0
0 0 0
0 0 0
0 0 0
0 0 0
0 0 0
0 0 0
0 0 0
0 0 0
0 0 0
0 0 0
0 0 0
0 0 0
0 0 0
0 0 0
0 0 0
0 0 0
0 0 0
0 0 0
0 0 0
0 0 0
0 0 0
0 0 0
0 0 0
0 0 0
0 0 0
0 0 0
0 0 0
0 0 0
0 0 0
0 0 0
0 0 0
0 0 0
0 0 0
0 0 0
0 0 0
0 0 0
0 0 0
1.9564114032e+003 -7.1429165560e-001 -1.4466051108e-001
2.1369004699e-001 -1.4877119344e-001 -9.6550696311e-001
-7.0004813558e-001 6.6602834695e-001 -2.5756329113e-001
6.8137300482e-001 7.3094006120e-001 3.8176632163e-002
2.6626412588e+000 2.6592845189e+000 -2.6411304424e-001
-1.4691903516e+003 -6.1847480215e-001 4.7568276077e-001
-2.7618196478e-001 1.9215850400e-001 9.4169986284e-001
-6.3167062869e-001 7.0217808763e-001 -3.2853941940e-001
-7.2437265214e-001 -6.8558080676e-001 -7.2548040839e-002
-2.3278356646e+000 2.8613063536e+000 3.9486240717e-001
1.2695890682e+003 -2.9229660893e-001 1.1131406055e-002
2.3610205162e-001 -1.1713434033e-001 -9.6464261130e-001
-6.2942129351e-001 7.3787662079e-001 -2.4365329419e-001
7.4032739818e-001 6.6469364282e-001 1.0048733601e-001
2.6697692724e+000 2.6359818813e+000 -5.1102524659e-001
-1.0710984878e+003 2.7335370100e-002 -5.8526912718e-001
-2.1530829932e-001 2.9150193063e-001 9.3202412023e-001
-5.9893303748e-001 7.1440860489e-001 -3.6180044483e-001
-7.7131157962e-001 -6.3611867580e-001 2.0772035003e-002
-2.2512575424e+000 2.9473420192e+000 1.8060939890e-001
1.2222407028e+003 -2.6954921242e-001 -1.2809946761e-001
2.5703488626e-001 -6.1243697859e-002 -9.6445957754e-001
-6.5386517373e-001 7.2385188441e-001 -2.2022439469e-001
7.1161323893e-001 6.8723188147e-001 1.4601006564e-001
2.7099728771e+000 2.5722759143e+000 -5.8076186951e-001
1.2074448823e+003 -2.7069669942e-001 -1.1384216422e-001
3.0113856165e-001 -2.5791296443e-002 -9.5323154360e-001
-6.4870321825e-001 7.2714190813e-001 -2.2460805879e-001
6.9892753653e-001 6.8600251783e-001 2.0223957133e-001
2.6628777010e+000 2.5807933323e+000 -7.4087893223e-001
1.1129656747e+003 -2.4982533589e-001 -9.5486200988e-002
2.8629794531e-001 -2.8152881322e-002 -9.5772694532e-001
-6.5793215123e-001 7.2087326216e-001 -2.1786928254e-001
6.9653339538e-001 6.9249487736e-001 1.8786184801e-001
2.6975742010e+000 2.5617733407e+000 -6.7393202035e-001
1.1002107529e+003 -2.6114861200e-001 -8.5315848265e-002
3.2898417009e-001 1.6683545262e-002 -9.4418805073e-001
-6.8680494339e-001 6.9045115098e-001 -2.2710389220e-001
6.4812682830e-001 7.2318660623e-001 2.3860584025e-001
2.6554635060e+000 2.5894396026e+000 -7.2585001335e-001
0 0 0
0 0 0
0 0 0
0 0 0
0 0 0
1.0884559511e+003 -2.6559838734e-001 -9.5271924614e-003
3.3726382051e-001 1.8508071584e-002 -9.4122822241e-001
-6.8163023122e-001 6.9441262270e-001 -2.3058910928e-001
6.4933299875e-001 7.1933897483e-001 2.4681591526e-001
2.6385490779e+000 2.5967441726e+000 -7.5302747461e-001
1.1511798541e+003 -3.4550972289e-001 1.4740876403e-001
2.9148496184e-001 7.2725522393e-003 -9.5654776515e-001
-6.7685641072e-001 7.0817796606e-001 -2.0087152027e-001
6.7594520214e-001 7.0599651442e-001 2.1134570102e-001
2.7376466095e+000 2.5105562074e+000 -6.8755000831e-001
1.0614105617e+003 -3.1713140821e-001 1.3976980706e-001
3.4329428658e-001 4.0068068492e-002 -9.3837283778e-001
-6.8394612751e-001 6.9540493185e-001 -2.2052137181e-001
6.4371323388e-001 7.1750019557e-001 2.6613294024e-001
2.6510499572e+000 2.5645737978e+000 -7.9798468029e-001
1.0161528940e+003 -1.5940423439e-001 -1.7940112227e-001
3.8607794365e-001 7.2521413179e-002 -9.1961104063e-001
-7.1094515522e-001 6.5861783990e-001 -2.4653504261e-001
5.8779316744e-001 7.4897475631e-001 3.0583656863e-001
2.5738962808e+000 2.6338023990e+000 -8.0520462481e-001
9.9053106896e+002 -1.7391078018e-001 -7.1390500926e-002
3.6276321127e-001 7.0960888114e-002 -9.2917565880e-001
-7.2279727643e-001 6.5077821955e-001 -2.3249044314e-001
5.8818955256e-001 7.5594461525e-001 2.8736873341e-001
2.6342297788e+000 2.5917429228e+000 -7.3281570120e-001
9.1031784207e+002 -1.4058279055e-001 -6.3255089098e-002
4.1425660996e-001 1.0055806873e-001 -9.0458804763e-001
-7.0027116452e-001 6.7007876720e-001 -2.4620061311e-001
5.8138778560e-001 7.3544715688e-001 3.4800247439e-001
2.5220430569e+000 2.6283477415e+000 -9.3957318245e-001
8.7611150322e+002 -6.9723626981e-002 -1.8552110547e-001
3.8260613782e-001 9.1247952511e-002 -9.1939455865e-001
-7.2057205881e-001 6.5229684423e-001 -2.3512706155e-001
5.7826330626e-001 7.5245108689e-001 3.1532350129e-001
2.5990146541e+000 2.5949823423e+000 -8.0488861668e-001
0 0 0
0 0 0
0 0 0
0 0 0
0 0 0
0 0 0
0 0 0
0 0 0
0 0 0
0 0 0
0 0 0
0 0 0
0 0 0
0 0 0
0 0 0
0 0 0
0 0 0
0 0 0
0 0 0
0 0 0
0 0 0
0 0 0
0 0 0
0 0 0
0 0 0
0 0 0
0 0 0
0 0 0
0 0 0
0 0 0
0 0 0
0 0 0
0 0 0
0 0 0
0 0 0
0 0 0
0 0 0
0 0 0
0 0 0
0 0 0
1.2905177772e+000 -1.4472665681e+000 3.1260136730e+000
36 52 23
2 37 1002 -126.2500 16.4900 39 118 -229.2300 61.3700
7.8589070840e-001 -2.5249358876e+000 3.2832542326e+000
208 53 72
3 37 338 62.3400 -499.6000 39 320 -80.1200 -436.2100 36 288 45.8800 -531.0900
9.5444724515e-001 -2.1818850568e+000 3.2624648294e+000
179 121 99
4 37 1106 87.1800 -487.9000 39 719 -61.5300 -427.7600 38 761 5.2300 -482.6000 40 671 -73.5500 -443.0800
1.0641905336e+000 -1.9949929514e+000 3.2548380250e+000
148 21 33
4 37 1498 107.9600 -502.8199 39 1148 -43.6000 -443.3600 38 1398 25.8900 -499.0900 36 1453 92.3200 -532.0200
8.2435947262e-001 -2.6546740149e+000 3.3165753273e+000
181 125 94
3 37 1631 50.8700 -584.3600 39 1313 -84.4000 -516.3300 38 1400 -21.4600 -574.6600
1.1973246911e+000 -1.7961995040e+000 3.2608019612e+000
119 74 32
2 37 850 168.5400 -571.1100 39 762 14.1400 -517.9399
9.1712761279e-001 -2.2910492276e+000 3.2729855064e+000
122 30 39
4 37 342 76.9300 -510.4600 39 326 -69.5800 -447.9399 38 321 -2.8200 -503.6600 36 291 60.4100 -541.2400
6.1659502312e-001 -2.7959354969e+000 3.2906615419e+000
179 120 103
3 37 786 52.3800 -480.2900 39 318 -89.1200 -416.6500 40 275 -99.3800 -429.6899
1.2384057438e+000 -1.5937366789e+000 3.2231765129e+000
78 29 35
3 37 757 230.7000 -383.2400 39 678 73.7700 -345.2500 38 720 147.5900 -390.5200
1.2394033625e+000 -1.7029564418e+000 3.2537807936e+000
60 21 38
2 37 852 203.2800 -568.6100 39 404 50.1800 -521.6100
1.2306345594e+000 -1.6109363449e+000 3.2251301605e+000
166 84 82
7 37 1076 222.5500 -391.9800 39 958 63.5100 -353.7100 40 1091 49.7400 -377.6600 41 961 1.3300 -396.8199 43 846 -39.7000 -333.3700 45 722 -40.1700 -349.1000 48 756 -108.1000 -321.8600
1.2532135736e+000 -1.6470446810e+000 3.2371808253e+000
56 16 24
6 37 832 203.9300 -525.9500 39 978 49.3000 -480.1500 38 1043 122.9900 -530.3600 41 820 -11.3600 -522.5300 42 725 7.3700 -488.2100 43 733 -50.9000 -450.0300
1.2048621337e+000 -1.7792303588e+000 3.2604625400e+000
161 114 64
2 37 851 176.5000 -570.9000 39 763 21.3700 -519.1400
1.2155334456e+000 -1.6315446512e+000 3.2250819724e+000
101 48 49
9 37 1492 210.7700 -389.1400 39 1298 50.7500 -349.1000 40 1433 35.8800 -370.2100 41 1240 -12.6200 -386.6500 42 1154 7.7900 -358.8800 43 1184 -52.0300 -320.7800 45 1016 -52.4800 -335.3800 46 1133 -13.6900 -378.7000 47 1093 -70.0300 -349.5100
1.2511724083e+000 -1.6264631303e+000 3.2327246670e+000
66 29 29
9 37 1705 214.3300 -485.4399 39 1605 59.0900 -442.8500 38 1638 132.8900 -491.2100 40 1552 45.8600 -466.7500 36 1585 197.8700 -508.6500 41 1342 -1.4900 -487.0100 42 1272 17.1100 -455.9900 43 1289 -41.6800 -418.2700 45 1139 -41.2100 -435.3199
1.2935513343e+000 -1.4376068630e+000 3.1273006034e+000
143 146 128
2 37 1599 -112.7800 48.6800 39 1095 -222.7800 93.6200
1.2251250556e+000 -1.6398961593e+000 3.2288206745e+000
73 32 30
12 37 276 207.0300 -429.1500 39 711 47.9000 -387.2800 38 266 122.0400 -435.7000 40 653 33.4400 -411.1300 36 239 189.8800 -453.8600 41 597 -14.9100 -427.9800 42 543 4.5300 -397.4000 43 229 -55.1100 -360.2000 45 190 -55.1200 -375.2800 46 537 -17.7300 -420.3900 47 219 -72.7900 -389.6899 48 167 -121.0700 -343.6100
1.2723344135e+000 -1.5495509041e+000 3.2226544938e+000
126 91 95
4 37 257 260.6100 -403.8900 39 702 113.9400 -371.6100 40 665 104.9900 -397.6500 41 801 61.1800 -419.8500
1.2254777991e+000 -1.5305798006e+000 3.2082340649e+000
178 37 45
14 37 1028 268.3400 -182.5900 39 918 111.5500 -157.8800 38 976 185.3200 -195.2200 40 854 101.8600 -180.6700 41 938 56.3200 -200.0601 42 823 74.9100 -186.1000 43 831 15.8700 -150.8199 45 705 15.5700 -167.1899 46 866 63.4900 -205.9301 47 815 -1.1200 -188.2400 48 733 -58.3900 -147.5601 49 812 -42.8500 -143.8900 50 617 -101.1000 -173.2200 51 670 -80.1400 -150.7800
1.2254777991e+000 -1.5305798006e+000 3.2082340649e+000
178 37 45
14 37 1029 268.3400 -182.5900 39 917 111.5500 -157.8800 38 975 185.3200 -195.2200 40 853 101.8600 -180.6700 41 937 56.3200 -200.0601 42 824 74.9100 -186.1000 43 830 15.8700 -150.8199 45 706 15.5700 -167.1899 46 865 63.4900 -205.9301 47 814 -1.1200 -188.2400 48 734 -58.3900 -147.5601 49 811 -42.8500 -143.8900 50 616 -101.1000 -173.2200 51 669 -80.1400 -150.7800
1.2908832081e+000 -1.4846048579e+000 3.2082494489e+000
35 71 98
2 37 1289 293.5600 -283.9200 39 1294 154.0400 -261.8600
1.2756589412e+000 -1.5417337311e+000 3.2218644472e+000
62 40 40
3 37 1080 266.4900 -398.3300 39 960 121.4600 -365.9600 41 965 71.0100 -414.8500
1.1958039198e+000 -1.5487127453e+000 3.2049023931e+000
131 82 67
8 37 1267 252.4000 -141.7800 39 1122 90.3300 -116.3700 40 1068 78.5700 -136.9600 41 1088 29.9000 -153.8400 42 972 50.2500 -140.7200 43 981 -10.8000 -103.8101 45 833 -12.0200 -118.6100 48 726 -85.9700 -94.6899
1.2344628089e+000 -1.5159002502e+000 3.2076419589e+000
178 42 49
15 37 1477 279.6200 -169.8400 39 1437 127.0800 -147.4301 38 1533 199.2600 -184.0000 40 1412 118.8500 -170.2500 36 1210 253.1100 -187.0000 41 1325 74.0800 -190.1600 42 1247 92.9100 -177.1700 43 1276 34.9200 -142.9600 45 1127 34.4000 -159.7900 46 1240 83.3900 -199.2400 47 1198 18.1000 -183.0699 48 1149 -40.7600 -143.0900 49 1248 -26.9900 -140.5800 50 1255 -86.1300 -171.2100 51 1311 -65.8700 -149.0500
1.2435711473e+000 -1.5675700087e+000 3.2197615132e+000
179 105 80
14 37 1622 247.9200 -340.1300 39 1600 91.7400 -309.1700 38 1549 165.0300 -352.4900 40 1549 80.5800 -333.2900 36 1445 226.9900 -360.4200 41 1339 34.1600 -353.5100 43 1286 -7.0700 -295.9000 45 1136 -6.6300 -313.0300 46 1258 35.4300 -358.3700 47 1216 -25.2300 -333.3800 48 1170 -78.0200 -290.4100 49 1266 -66.2100 -283.5699 50 1131 -117.5600 -307.5699 51 1184 -97.9500 -280.6200
1.2816367958e+000 -1.5564561794e+000 3.2258396913e+000
141 113 99
6 37 1623 254.7800 -458.6000 39 1606 111.1300 -422.3199 41 1410 62.0000 -469.9399 42 1330 79.6200 -443.7400 43 1364 22.5800 -409.9399 45 1196 23.8000 -430.7200
1.2734702157e+000 -1.6011124703e+000 3.2334334731e+000
139 105 95
4 37 1629 229.0600 -515.7400 39 1478 79.0900 -474.8600 41 1248 21.6000 -521.0800 42 1016 37.6100 -488.7900
1.2866525322e+000 -1.5843706903e+000 3.2332930516e+000
75 36 39
11 37 1501 239.7200 -530.9000 39 1479 92.5100 -492.6300 38 1561 163.7400 -540.5699 43 1291 -1.9800 -476.8900 45 1141 -0.9700 -496.6200 46 1260 36.4700 -550.2200 47 1226 -19.1100 -518.6300 48 1177 -69.0800 -475.0200 49 1276 -60.1400 -466.3900 50 1153 -108.4600 -484.6500 51 1207 -92.3900 -454.1100
1.2237133240e+000 -1.6032679830e+000 3.2218388675e+000
172 130 80
8 37 1699 224.9600 -356.4800 39 1598 67.0500 -319.3300 40 1547 53.1200 -342.5000 41 1405 5.4100 -360.5200 42 1266 24.0600 -335.7700 43 1285 -36.0400 -298.9200 45 1135 -36.1300 -314.4900 46 1257 4.0200 -358.4200
1.1919523283e+000 -1.7689817868e+000 3.2443924771e+000
42 15 24
7 37 1804 154.3800 -527.2700 39 1689 -0.1400 -471.8400 38 1750 71.8100 -525.7800 40 1646 -14.4700 -490.6500 36 1780 139.4300 -555.3101 41 1449 -60.5300 -504.9000 42 1374 -37.7200 -467.7300
1.2617937682e+000 -1.5484884320e+000 3.2202017767e+000
71 34 30
14 37 238 260.7200 -362.1200 39 681 111.8100 -330.4200 38 703 183.5900 -372.4700 40 635 103.3500 -355.6600 36 204 238.5000 -381.3400 42 523 77.1000 -355.1400 43 512 18.3200 -321.1600 45 601 19.1700 -339.9700 46 745 63.0200 -388.0800 47 499 2.1000 -363.2900 48 433 -52.0800 -321.6100 49 448 -43.0000 -315.2000 50 456 -95.0100 -339.6500 51 486 -77.3000 -313.1400
1.2668722435e+000 -1.5408302864e+000 3.2200775571e+000
164 85 88
14 37 239 266.5600 -360.7000 39 682 119.0400 -330.8600 40 636 110.3700 -356.1500 36 206 244.7900 -378.5400 41 552 67.2200 -379.0200 42 524 84.4600 -357.7200 43 514 26.5300 -325.0400 45 603 27.6300 -344.1000 46 746 71.8700 -392.7100 47 695 10.5900 -369.2600 48 617 -43.8900 -328.7300 49 673 -32.5600 -323.6700 50 460 -87.3000 -347.8101 51 498 -70.3300 -321.6300
1.0088492981e+000 -2.1362206156e+000 3.2670647893e+000
123 29 35
4 37 371 89.2300 -526.3300 39 367 -58.1900 -464.9399 38 352 9.1900 -520.6500 36 315 74.7700 -557.5000
1.2111777074e+000 -1.7608882938e+000 3.2599745534e+000
128 83 40
2 37 395 186.3800 -566.7500 39 403 30.5700 -516.6100
1.2393111260e+000 -1.6065726865e+000 3.2261378957e+000
64 22 29
5 37 767 225.5300 -411.5200 39 698 67.2500 -373.0400 40 898 54.0600 -397.2500 36 647 207.2200 -433.2500 42 544 24.8600 -388.2500
1.2641017289e+000 -1.5966615521e+000 3.2301109557e+000
165 116 112
4 37 788 230.9300 -475.7800 39 973 78.9000 -434.9800 38 765 151.6200 -482.9900 40 681 66.5700 -460.1300
-7.9886920253e-003 -4.0949941452e+000 3.3721906042e+000
126 26 31
5 37 802 25.5400 -509.2200 39 317 -107.0900 -441.8000 38 319 -46.0100 -499.2400 40 299 -115.3600 -454.2900 36 696 8.0500 -542.6200
8.5645161934e-001 -2.3621629222e+000 3.2712115372e+000
179 117 103
3 37 805 72.5100 -485.7400 39 319 -72.3400 -424.2400 40 281 -84.1900 -438.9000
1.0301369529e+000 -2.0676639136e+000 3.2597095850e+000
186 52 59
4 37 344 97.5600 -508.3000 39 329 -51.5500 -447.8101 38 322 16.8500 -503.2000 36 702 82.6900 -537.6700
8.8138297656e-001 -2.3954329408e+000 3.2837269510e+000
188 59 70
4 37 826 68.4300 -528.5699 39 362 -74.1400 -464.7800 38 780 -9.6100 -520.9301 36 723 51.6700 -560.4600
1.2923716039e+000 -1.5416599007e+000 3.2260416155e+000
28 15 13
12 37 1100 268.5800 -464.4399 39 1149 128.8500 -432.3000 41 1134 81.7800 -484.6899 42 1011 98.3500 -459.7900 43 1020 41.7300 -427.7000 45 878 43.8900 -449.2800 46 1138 85.8900 -503.9600 47 1099 25.0600 -478.0601 48 1029 -28.1500 -438.1200 49 1129 -20.3100 -432.4301 50 1150 -72.4200 -454.6200 51 1204 -58.3200 -426.4399
4.8942553146e-001 -3.0536116357e+000 3.3069666043e+000
137 25 34
3 37 1103 44.1000 -485.7400 39 971 -93.1800 -422.3400 36 1032 25.8700 -517.5800
1.1955458483e+000 -1.5489235382e+000 3.2048731118e+000
131 82 67
12 37 1266 252.4000 -141.7800 39 1121 90.3300 -116.3700 40 1069 78.5700 -136.9600 41 1087 29.9000 -153.8400 42 971 50.2500 -140.7200 43 980 -10.8000 -103.8101 45 832 -12.0200 -118.6100 46 992 34.8300 -152.6600 47 953 -29.3100 -135.6300 48 725 -85.9700 -94.6899 49 954 -70.1000 -89.4800 51 839 -102.2400 -97.6600
1.2160177244e+000 -1.6952101319e+000 3.2368432291e+000
112 57 27
4 37 1312 180.2900 -491.3400 39 972 25.3200 -441.1899 38 1038 98.1200 -492.8800 36 1271 163.4500 -517.3900
1.2609767631e+000 -1.5286821637e+000 3.2161716240e+000
18 73 104
6 37 1490 274.5200 -303.4700 39 1459 128.1800 -277.1200 41 1336 78.5500 -325.1700 45 1137 38.5400 -293.5000 48 1165 -36.9900 -278.5400 49 1267 -26.3300 -274.1500
1.2511964388e+000 -1.6922363959e+000 3.2542677101e+000
81 52 56
2 37 1503 206.7300 -586.7400 39 1314 55.5800 -539.5500
1.2133826740e+000 -1.6011852725e+000 3.2192663506e+000
13 74 108
3 37 1798 227.4300 -322.4700 39 1687 66.0300 -284.5200 40 1643 52.2100 -307.0300
1.2655293021e+000 -1.5320469701e+000 3.2175533059e+000
191 117 93
10 37 215 272.4500 -331.3700 39 667 125.1500 -304.5200 41 782 76.3900 -351.4200 43 707 35.6900 -299.2800 45 718 40.9200 -316.5300 46 738 82.3300 -366.4600 47 684 20.5700 -344.0400 48 751 -32.8200 -302.7800 49 670 -23.4600 -298.9301 50 630 -77.6100 -324.5699
1.2702905846e+000 -1.5264986590e+000 3.2174044224e+000
76 34 42
3 37 216 275.9100 -335.3300 39 216 131.9300 -307.4700 41 202 83.8700 -355.9700
1.2269212139e+000 -1.6113404414e+000 3.2240541863e+000
172 85 84
12 37 232 221.4800 -383.2600 39 675 62.4600 -343.8199 40 623 48.6600 -367.4301 41 565 0.2600 -385.7900 42 508 19.0500 -359.5300 43 502 -40.6900 -321.8199 45 421 -40.8800 -337.4600 46 493 -1.8500 -381.6700 47 485 -59.0900 -353.5400 48 414 -109.5900 -308.9200 49 436 -95.7100 -299.3500 50 158 -143.5400 -320.4000
1.2465976994e+000 -1.5779701018e+000 3.2224517604e+000
71 33 28
7 37 233 241.7800 -376.6200 39 679 86.7600 -341.3700 38 238 160.3500 -385.2100 42 515 46.5500 -361.3000 45 429 -12.8500 -342.6100 46 516 28.2200 -389.0800 47 491 -31.4800 -362.4200
1.2578232136e+000 -1.5585346497e+000 3.2213186616e+000
162 83 81
3 37 234 254.3200 -370.7600 39 683 103.3900 -337.7700 38 702 175.7900 -381.2700
1.2541422060e+000 -1.5684605219e+000 3.2222286824e+000
77 35 33
14 37 235 247.9500 -382.3500 39 234 95.6600 -347.7100 38 245 168.4200 -391.0800 40 633 84.6800 -372.4000 41 576 39.1800 -393.1801 42 521 57.1900 -368.7500 43 509 -2.3400 -333.3700 45 432 -2.1900 -350.7700 46 743 39.9900 -398.6100 47 691 -20.2100 -371.5800 48 430 -72.8000 -328.6400 49 457 -62.3400 -320.7900 50 454 -112.8600 -343.8000 51 189 -94.3100 -316.0300
1.2112639223e+000 -1.6390646271e+000 3.2255255235e+000
73 20 20
9 37 249 207.2800 -389.5200 39 230 46.0200 -348.1600 40 892 32.2300 -369.9800 41 564 -16.8200 -386.3000 42 179 2.0400 -359.7800 43 501 -57.2700 -321.1300 45 597 -57.4800 -335.9700 46 735 -18.8600 -379.1200 47 476 -74.8300 -349.6300
1.2547033572e+000 -1.5710398709e+000 3.2229251035e+000
162 79 81
3 37 251 245.6500 -388.3900 39 273 93.3800 -354.2000 38 246 166.0600 -398.1200
1.2428566051e+000 -1.6048002021e+000 3.2267707005e+000
127 58 68
8 37 277 226.7700 -420.4600 39 275 69.7200 -381.0200 38 269 143.5900 -427.6000 40 659 56.5500 -405.4000 43 231 -31.7500 -359.8400 45 440 -32.6300 -376.0601 46 540 6.1700 -423.7000 47 507 -51.4200 -393.2100
-5.9295163193e-001 -5.0788958466e+000 3.4107982161e+000
232 73 90
3 37 337 21.4800 -486.9500 39 309 -111.3200 -420.7100 38 289 -50.7200 -476.6801
1.1953454878e+000 -1.5539981606e+000 3.2060600269e+000
187 147 124
11 37 672 250.7000 -155.5699 39 911 88.3300 -127.9301 40 844 76.9700 -149.1899 42 679 47.8900 -153.1000 45 584 -16.1300 -130.1600 46 863 29.4500 -165.4500 47 661 -34.8600 -147.4100 48 592 -91.6700 -105.6700 49 646 -75.4100 -100.4200 50 615 -130.6300 -130.2600 51 664 -106.7800 -107.6801
1.1953454878e+000 -1.5539981606e+000 3.2060600269e+000
187 147 124
11 37 673 250.7000 -155.5699 39 910 88.3300 -127.9301 40 845 76.9700 -149.1899 42 680 47.8900 -153.1000 45 583 -16.1300 -130.1600 46 862 29.4500 -165.4500 47 660 -34.8600 -147.4100 48 591 -91.6700 -105.6700 49 645 -75.4100 -100.4200 50 614 -130.6300 -130.2600 51 663 -106.7800 -107.6801
1.1907930369e+000 -1.5605871494e+000 3.2060168371e+000
186 149 125
8 37 674 245.3800 -158.6200 39 624 81.9400 -130.8900 40 564 69.7400 -152.0000 41 758 20.3200 -169.1801 42 443 40.7100 -154.5300 43 684 -20.2800 -117.5400 45 581 -21.0900 -131.5800 46 721 24.8500 -166.5200
1.1907854880e+000 -1.5605737146e+000 3.2060096023e+000
186 149 125
6 37 675 245.3800 -158.6200 39 625 81.9400 -130.8900 40 565 69.7400 -152.0000 42 444 40.7100 -154.5300 45 582 -21.0900 -131.5800 46 722 24.8500 -166.5200
1.2597052572e+000 -1.5086891415e+000 3.2115784439e+000
202 82 77
10 37 697 287.2200 -238.7700 39 930 143.2200 -214.9000 41 942 95.8900 -263.2800 43 835 57.5100 -216.2200 45 714 60.0100 -236.0100 46 1002 109.7700 -280.7900 47 964 45.3300 -263.2300 49 968 0.0900 -222.6700 50 797 -59.0200 -252.3000 51 849 -42.4300 -229.5100
1.2299066554e+000 -1.6282689862e+000 3.2282050958e+000
147 75 81
7 37 777 213.4400 -424.3300 39 700 55.5200 -383.2600 40 657 41.6000 -406.3400 41 598 -7.7200 -424.0699 43 230 -48.8000 -357.7300 45 191 -48.3200 -372.9399 46 228 -10.9800 -417.7700
1.2917693508e+000 -1.5486397931e+000 3.2271680123e+000
26 22 20
12 37 789 263.7300 -479.1600 39 726 122.6800 -445.7300 41 811 73.9200 -497.7100 42 720 90.5300 -471.2700 43 727 33.5500 -438.6200 45 631 35.6600 -459.5400 46 775 77.3500 -514.0100 47 724 18.4300 -485.9800 48 474 -33.9800 -445.1899 49 502 -26.5100 -438.3101 50 493 -77.7200 -460.2600 51 527 -63.1800 -432.0601
1.2038276017e+000 -1.7447091734e+000 3.2433872682e+000
86 35 44
5 37 831 163.9600 -523.7200 39 744 7.1900 -471.9900 40 916 -8.4000 -494.1700 41 614 -54.4100 -510.0601 42 561 -33.3100 -472.5800
1.2459034455e+000 -1.6709181974e+000 3.2478426121e+000
73 37 41
2 37 834 213.9500 -544.1300 39 394 61.6300 -499.6100
1.3019091851e+000 -1.4802520060e+000 3.2085672132e+000
76 52 65
2 37 1297 294.4100 -320.0800 39 1464 158.0700 -297.0200
1.2208951302e+000 -1.7294106227e+000 3.2530342513e+000
150 98 51
2 37 1316 189.2700 -552.5300 39 1152 34.8400 -504.0699
1.2403060190e+000 -1.5037641325e+000 3.2063004609e+000
168 155 121
4 37 1473 287.9400 -153.0500 39 1439 139.2800 -129.3500 38 1531 210.2500 -165.2000 40 1409 133.4800 -151.8600
1.2403060190e+000 -1.5037641325e+000 3.2063004609e+000
168 155 121
4 37 1474 287.9400 -153.0500 39 1440 139.2800 -129.3500 38 1532 210.2500 -165.2000 40 1410 133.4800 -151.8600
1.2962410297e+000 -1.4683538531e+000 3.2038882765e+000
19 72 104
2 37 1485 298.5900 -246.9800 39 1445 164.1600 -223.2300
1.1915117709e+000 -1.4130784222e+000 3.2708241233e+000
156 53 49
2 38 39 -195.0800 242.5000 36 509 -168.7400 221.2600
1.2105998399e+000 -1.4764356906e+000 3.2013536762e+000
29 37 9
2 38 95 185.6300 20.9100 36 91 244.2600 19.1100
1.2109642695e+000 -1.5241522150e+000 3.2015785624e+000
197 135 117
6 38 112 189.8400 -126.4600 41 505 61.4600 -131.8700 42 438 80.9000 -121.2900 43 456 22.0100 -85.3600 46 447 71.8400 -135.8900 47 96 5.9400 -119.9700
1.2399698753e+000 -1.5878042197e+000 3.2221198301e+000
179 97 81
9 38 206 154.8300 -382.8199 40 629 68.5600 -362.1600 41 546 21.2900 -382.1000 42 514 39.7400 -357.5000 43 503 -20.2000 -321.2700 45 426 -20.3200 -337.6200 46 494 20.5600 -383.8199 47 489 -38.3900 -356.7100 49 438 -77.7500 -304.5400
1.2144122906e+000 -1.6415551086e+000 3.2227122173e+000
96 44 42
2 38 233 131.3500 -402.8101 41 214 -5.5000 -397.4800
1.1858038298e+000 -1.4081198181e+000 3.2708174532e+000
165 55 57
2 38 518 -202.6100 278.0901 36 850 -178.9900 258.8301
1.2305263111e+000 -1.4216291915e+000 3.1982718273e+000
63 99 101
3 38 564 230.8000 184.6100 40 520 162.5500 193.2900 41 81 122.8600 174.2500
1.2213939360e+000 -1.5331691312e+000 3.2148842617e+000
179 157 130
2 38 974 149.3400 -194.5900 36 567 215.5600 -202.8101
1.2252323446e+000 -1.7073434004e+000 3.2377195940e+000
150 106 57
3 38 1703 105.3300 -531.5699 40 1606 17.2200 -500.5900 41 1412 -29.4400 -516.4600
1.1438577440e+000 -1.4615492302e+000 3.1776585392e+000
134 57 45
8 40 39 112.7900 259.6500 42 35 86.5500 236.5801 43 413 26.8400 278.0701 45 332 24.8900 267.7000 46 394 86.7900 260.3000 47 396 13.3700 257.9900 50 372 -95.7300 242.7000 51 53 -66.5000 252.4700
1.2044074626e+000 -1.4759820589e+000 3.1947424340e+000
127 145 51
3 40 143 128.5300 57.0400 41 103 83.4500 39.4200 43 85 46.6900 77.6400
1.2044074626e+000 -1.4759820589e+000 3.1947424340e+000
127 145 51
3 40 144 128.5300 57.0400 41 102 83.4500 39.4200 43 84 46.6900 77.6400
1.3017379811e+000 -1.4185405517e+000 3.2095626099e+000
191 138 114
2 40 158 268.8400 -94.5000 41 122 245.9500 -122.1899
1.2041302064e+000 -1.5310295928e+000 3.2032903639e+000
189 139 122
2 40 161 94.1000 -113.2900 42 102 66.0700 -121.1500
1.2585950226e+000 -1.5012258349e+000 3.2108139147e+000
226 148 121
5 40 177 140.5700 -215.8500 42 128 118.0200 -225.7300 43 145 61.3900 -192.9700 46 129 114.6100 -255.1100 48 378 -9.1400 -201.4399
1.2603387848e+000 -1.5005101220e+000 3.2104572820e+000
146 32 37
2 40 178 144.3700 -220.1600 42 130 122.4000 -229.7800
1.2736508557e+000 -1.4770708265e+000 3.2101704758e+000
225 141 103
3 40 179 173.1200 -200.4100 41 145 136.2300 -224.3300 42 120 155.4500 -214.4500
1.2847047470e+000 -1.4615871689e+000 3.2099504473e+000
233 132 103
5 40 183 200.4800 -194.5500 41 147 167.3800 -220.3900 43 137 135.6000 -183.0900 47 138 134.4500 -240.6300 48 115 74.4000 -207.0300
1.2865899241e+000 -1.4588344496e+000 3.2109832289e+000
233 132 103
2 40 184 200.4800 -194.5500 41 146 167.3800 -220.3900
1.2711407852e+000 -1.4892477862e+000 3.2115779665e+000
159 47 51
2 40 189 158.9600 -230.3700 42 131 139.6200 -241.6500
1.2631533717e+000 -1.5168863563e+000 3.2145332367e+000
32 60 70
10 40 195 129.0900 -280.9500 41 184 86.9300 -302.9600 42 143 105.6200 -285.5699 43 153 48.4700 -253.3199 45 143 50.6000 -272.7700 46 474 98.2600 -318.7000 47 462 35.0400 -298.6400 48 130 -20.8000 -260.0500 50 150 -67.1200 -284.3000 51 156 -49.9000 -260.6300
1.2735577701e+000 -1.4998987853e+000 3.2130703887e+000
47 74 91
2 40 199 153.6300 -273.2800 42 482 133.6800 -281.5300
1.2738686916e+000 -1.4994198265e+000 3.2131563504e+000
47 74 91
6 40 200 153.6300 -273.2800 41 189 114.9300 -297.4200 42 483 133.6800 -281.5300 43 479 78.3300 -250.6500 45 412 81.5500 -271.2100 46 477 132.7900 -318.8600
1.2795429715e+000 -1.4869964506e+000 3.2128416250e+000
138 174 194
7 40 201 168.0000 -259.9100 41 170 131.1600 -284.5200 42 146 149.9800 -271.4399 43 158 95.6700 -241.1400 46 157 152.7100 -310.2100 47 158 88.0500 -294.3600 48 132 30.0200 -258.6000
1.2797609152e+000 -1.4866523866e+000 3.2129312816e+000
138 174 194
4 40 202 168.0000 -259.9100 41 171 131.1600 -284.5200 42 145 149.9800 -271.4399 43 159 95.6700 -241.1400
1.3116729691e+000 -1.4403625116e+000 3.2153654913e+000
163 48 53
2 40 204 242.9500 -257.0400 41 177 218.3900 -287.1500
1.2459357647e+000 -1.5730212705e+000 3.2208862982e+000
85 33 25
11 40 242 79.7900 -352.5100 41 544 34.2300 -372.8900 42 499 51.3200 -349.2400 43 491 -7.9100 -313.6801 45 425 -7.9100 -330.8800 46 498 33.6800 -376.6300 47 479 -26.1700 -350.9800 48 416 -79.3700 -307.6700 49 440 -67.6900 -299.8300 50 184 -118.4200 -323.6801 51 182 -99.5000 -296.2600
1.2928751196e+000 -1.5711953805e+000 3.2308668555e+000
71 37 35
2 40 366 96.6700 -518.4900 41 313 54.7800 -542.0300
1.1902960851e+000 -1.4279548406e+000 3.1873201465e+000
174 38 39
2 40 500 140.8300 280.4199 42 373 120.9600 255.5400
1.1463979029e+000 -1.4904673819e+000 3.1836367074e+000
71 108 100
3 40 526 95.2200 160.0801 41 473 44.6800 144.3700 42 423 66.7500 141.1699
1.2819284257e+000 -1.4684471512e+000 3.2104464444e+000
147 33 38
10 40 585 191.3800 -206.2700 41 523 157.1800 -231.7900 42 465 176.0300 -222.4100 43 696 121.9300 -193.7400 45 587 126.3700 -215.7100 47 670 118.8500 -249.1200 48 600 58.7100 -215.2900 49 655 70.3800 -217.3600 50 623 6.7300 -251.2300 51 466 20.6800 -231.9399
1.3089729336e+000 -1.4510930730e+000 3.2140499801e+000
143 30 40
5 40 593 236.9800 -280.6100 42 696 231.0700 -302.4301 43 702 181.9700 -277.8700 46 741 253.7500 -358.7100 47 685 188.7300 -347.5601
1.2488855642e+000 -1.5426291116e+000 3.2154762423e+000
33 62 81
4 40 603 103.3800 -292.8300 41 533 58.7000 -314.2000 42 492 77.1900 -294.5400 45 407 18.9800 -278.7800
1.2499709787e+000 -1.5406762896e+000 3.2160123071e+000
33 62 81
10 40 604 103.3800 -292.8300 41 534 58.7000 -314.2000 42 493 77.1900 -294.5400 45 408 18.9800 -278.7800 46 733 64.2600 -323.2500 47 680 1.9800 -301.3300 48 399 -53.1700 -260.4301 49 414 -41.1900 -255.0800 50 433 -95.6600 -281.2100 51 463 -77.0900 -256.2700
1.2394049782e+000 -1.5843879433e+000 3.2219080018e+000
98 39 43
11 40 624 66.2400 -355.9301 41 787 21.4700 -374.2100 42 498 40.6700 -349.5100 43 490 -19.4800 -313.6600 45 424 -19.0000 -330.2200 46 497 21.9200 -375.8400 47 478 -37.8200 -349.2400 48 607 -91.8100 -305.3300 49 437 -78.5600 -297.1400 50 438 -128.6000 -319.7300 51 480 -108.7500 -291.8900
1.1146901459e+000 -1.4879949941e+000 3.1731604257e+000
171 43 39
4 40 798 94.4600 234.0000 42 660 65.3000 213.2400 43 659 3.9900 254.7400 46 839 59.8600 236.0901
1.2996539494e+000 -1.4183318963e+000 3.2088404605e+000
183 150 118
2 40 833 267.3800 -81.8800 42 818 269.4200 -108.3400
1.2138769787e+000 -1.5206019049e+000 3.2029664355e+000
179 150 120
8 40 837 107.0800 -114.5400 41 751 61.0200 -132.9301 42 437 80.9000 -121.2900 43 455 22.0100 -85.3600 46 448 71.8400 -135.8900 48 584 -53.3000 -82.4900 49 640 -38.2400 -80.1200 51 444 -74.9700 -90.6300
1.2165338648e+000 -1.5175393419e+000 3.2038705204e+000
179 150 120
2 40 838 107.0800 -114.5400 41 752 61.0200 -132.9301
1.2002521796e+000 -1.5438472420e+000 3.2040037820e+000
178 153 126
6 40 843 87.2800 -135.7700 41 753 39.0600 -153.0800 42 442 57.7400 -140.8500 43 683 -1.6900 -104.1700 46 714 44.8300 -154.0200 47 663 -20.1500 -137.4399
1.2431441724e+000 -1.5056750446e+000 3.2072035043e+000
154 35 41
3 40 852 131.4600 -169.5900 41 760 88.3900 -190.7800 42 682 107.5200 -179.0500
1.2786754426e+000 -1.4712539048e+000 3.2108951782e+000
150 31 35
3 40 856 180.5800 -203.8400 41 767 144.9600 -226.6801 43 832 110.8400 -189.2600
1.2967745282e+000 -1.4253578743e+000 3.2073443277e+000
166 117 100
11 40 1064 261.6200 -99.2300 41 929 237.4600 -126.3500 42 966 261.2600 -125.3700 43 985 215.7000 -98.8000 45 838 227.5000 -122.9100 46 1114 297.7800 -167.0300 47 960 231.2800 -163.4100 48 875 169.8100 -136.1700 49 1107 182.6000 -145.5900 50 1121 112.7700 -187.0699 51 1014 123.7300 -174.0800
1.2968889458e+000 -1.4252074693e+000 3.2074637220e+000
166 117 100
9 40 1065 261.6200 -99.2300 41 930 237.4600 -126.3500 42 967 261.2600 -125.3700 43 986 215.7000 -98.8000 45 839 227.5000 -122.9100 46 1115 297.7800 -167.0300 47 961 231.2800 -163.4100 48 876 169.8100 -136.1700 51 1015 123.7300 -174.0800
1.2718638331e+000 -1.5023355588e+000 3.2139619098e+000
141 164 173
11 40 1082 147.0300 -274.4200 41 945 107.1900 -297.6801 42 827 125.8500 -282.5601 43 997 70.0200 -251.2600 45 852 73.0300 -271.5601 46 1004 123.0400 -318.6100 47 968 58.9900 -300.4000 48 886 1.8900 -262.3500 49 971 12.5300 -260.9500 50 971 -45.3100 -289.5800 51 1028 -29.9000 -266.8700
1.2714958881e+000 -1.5030315929e+000 3.2137824846e+000
141 164 173
6 40 1083 147.0300 -274.4200 42 828 125.8500 -282.5601 45 853 73.0300 -271.5601 46 1005 123.0400 -318.6100 47 969 58.9900 -300.4000 49 972 12.5300 -260.9500
1.2536076671e+000 -1.4893102047e+000 3.2062331213e+000
183 36 37
3 40 1254 154.3400 -156.8101 42 978 132.9200 -168.4700 45 992 79.0700 -154.3000
1.2737817329e+000 -1.5333124846e+000 3.2190833898e+000
89 44 44
2 40 1274 122.8300 -364.4200 42 1000 98.4700 -366.9600
1.2737817329e+000 -1.5333124846e+000 3.2190833898e+000
89 44 44
2 40 1275 122.8300 -364.4200 42 1001 98.4700 -366.9600
1.1826554753e+000 -1.4669019737e+000 3.1879421083e+000
167 159 66
9 40 1376 124.7400 151.2100 41 1193 78.4400 134.6599 42 1091 100.6100 131.4500 43 1119 42.3000 170.0100 46 1179 101.7400 140.1500 47 1136 30.1000 142.4700 48 1080 -33.1600 177.1799 49 1188 -12.7600 176.0000 51 1124 -51.9600 145.8500
1.2127174535e+000 -1.4571391248e+000 3.1946263662e+000
37 60 35
11 40 1379 143.3200 101.6400 41 1199 100.3300 83.9399 42 1098 122.2800 82.3000 43 1129 65.6300 118.7800 45 1075 65.3100 103.0701 46 1187 127.6500 82.1300 47 1153 56.1300 85.3000 48 1097 -7.8200 119.0601 49 1205 11.5100 117.5400 50 1223 -56.1900 75.5200 51 1134 -30.9800 89.6599
1.2127174535e+000 -1.4571391248e+000 3.1946263662e+000
37 60 35
11 40 1380 143.3200 101.6400 41 1200 100.3300 83.9399 42 1099 122.2800 82.3000 43 1130 65.6300 118.7800 45 1074 65.3100 103.0701 46 1188 127.6500 82.1300 47 1152 56.1300 85.3000 48 1096 -7.8200 119.0601 49 1204 11.5100 117.5400 50 1222 -56.1900 75.5200 51 1135 -30.9800 89.6599
1.1048934313e+000 -1.5660969829e+000 3.1842348412e+000
174 163 61
6 40 1391 55.5200 44.7100 41 1204 1.8900 29.8500 42 1101 23.6400 34.5700 43 1133 -38.9500 74.6699 47 1158 -59.4500 51.5500 48 979 -116.9400 91.9000
1.2392624155e+000 -1.4484088412e+000 3.1984175867e+000
177 162 80
10 40 1393 173.3300 49.3600 41 1207 134.1500 29.5200 42 1108 155.7100 28.9300 43 1141 101.4100 63.3400 45 968 104.2300 47.1300 46 1202 167.0600 19.1200 47 1169 96.5000 23.8200 49 1085 49.6900 54.2700 50 1089 -17.8500 13.6100 51 1146 2.0800 27.1900
1.2123764478e+000 -1.4510626856e+000 3.1934795259e+000
174 160 99
11 40 1503 146.1400 124.6100 41 1291 103.9100 107.7800 42 1205 126.9000 105.0000 43 1239 70.9900 142.2700 45 1077 71.6500 128.8301 46 1298 135.9600 108.5200 47 1148 63.9800 111.0901 48 1090 0.0000 144.9000 49 1199 20.1200 143.0000 50 1214 -48.5100 100.5500 51 1277 -24.6900 112.8600
1.1400226527e+000 -1.5404659246e+000 3.1883232331e+000
29 60 37
7 40 1523 75.2700 33.8400 41 1384 24.7600 17.6700 42 1224 43.8700 21.0800 43 1343 -17.6000 60.5500 45 1178 -21.3900 47.7200 46 1315 30.1200 25.0900 47 1261 -37.5800 34.4000
1.1327019276e+000 -1.5477298864e+000 3.1854587808e+000
29 60 37
11 40 1524 75.2700 33.8400 41 1385 24.7600 17.6700 42 1225 43.8700 21.0800 43 1344 -17.6000 60.5500 45 1179 -21.3900 47.7200 46 1314 30.1200 25.0900 47 1260 -37.5800 34.4000 48 1219 -94.8700 74.1899 49 1322 -73.8600 77.5000 50 1311 -129.7600 41.0400 51 1374 -102.1600 58.2100
1.2513692141e+000 -1.4515016630e+000 3.2038385483e+000
34 58 35
3 40 1527 168.4800 -12.6500 41 1392 130.2700 -33.7000 42 1230 152.6300 -31.4400
1.2339807511e+000 -1.5167238378e+000 3.2073298812e+000
180 40 47
10 40 1539 119.0900 -169.4800 41 1326 74.0800 -190.1600 42 1248 92.9100 -177.1700 43 1275 34.9200 -142.9600 45 1126 34.4000 -159.7900 47 1199 18.1000 -183.0699 48 1150 -40.7600 -143.0900 49 1249 -26.9900 -140.5800 50 1256 -86.1300 -171.2100 51 1312 -65.8700 -149.0500
1.2632126675e+000 -1.4442743258e+000 3.2020543482e+000
173 157 124
2 40 1639 204.7400 -24.5200 42 1366 189.8600 -47.1600
1.2758306286e+000 -1.4318186324e+000 3.2014912753e+000
173 157 124
10 40 1669 237.8600 -22.8100 41 1462 210.0000 -45.4300 42 1387 234.4300 -45.5200 43 1410 186.6500 -15.8700 45 1248 190.7900 -35.0900 46 1414 262.6200 -72.6100 47 1341 189.8000 -68.0200 48 1328 125.0900 -36.6300 49 1421 140.0100 -43.5300 51 1471 81.2800 -71.7900
1.1780791966e+000 -1.5755762485e+000 3.2063632707e+000
190 155 125
2 40 1670 57.2200 -152.3199 42 1389 27.4200 -154.0500
1.1185383757e+000 -1.4841655528e+000 3.1724449783e+000
224 139 108
9 41 49 49.4900 224.1500 42 63 72.0600 217.8401 43 38 11.5000 258.6100 45 51 8.8100 248.4099 46 411 68.3700 240.2300 47 71 -4.3700 239.0601 48 343 -67.6200 273.3800 50 46 -110.5100 226.3900 51 55 -81.0900 237.9299
1.1526939904e+000 -1.4610722768e+000 3.1793436122e+000
221 138 110
3 41 57 68.8200 228.8700 42 65 91.9300 221.2000 43 40 32.7700 262.1400
1.2648583946e+000 -1.4874983781e+000 3.2097709817e+000
215 144 112
7 41 141 117.8600 -220.9301 42 119 137.3400 -209.7600 43 129 81.9400 -177.9600 45 112 84.8700 -197.9200 46 132 138.3100 -241.5400 47 117 72.5700 -226.4700 48 91 13.7100 -190.1000
1.2631667865e+000 -1.4941744992e+000 3.2097659269e+000
120 30 28
6 41 159 113.0600 -235.4000 42 117 131.9500 -221.6400 43 467 76.1400 -189.4600 46 459 131.6700 -253.4700 47 451 66.3800 -238.2300 48 383 7.7900 -200.0400
1.2631667865e+000 -1.4941744992e+000 3.2097659269e+000
120 30 28
6 41 160 113.0600 -235.4000 42 118 131.9500 -221.6400 43 468 76.1400 -189.4600 46 458 131.6700 -253.4700 47 450 66.3800 -238.2300 48 382 7.7900 -200.0400
1.2922212385e+000 -1.4545201247e+000 3.2124817072e+000
222 87 83
2 41 162 174.5200 -234.0500 42 132 195.2900 -226.6400
1.2685930504e+000 -1.5089309557e+000 3.2145500609e+000
35 64 81
10 41 185 97.4700 -304.0601 42 144 115.8700 -287.5699 43 155 59.7900 -255.4000 45 409 61.9700 -274.6801 46 488 111.0100 -321.8199 47 464 47.6400 -302.6600 48 400 -9.2000 -263.5000 49 155 2.0900 -262.7100 50 161 -55.6000 -290.8300 51 160 -39.5300 -266.7600
1.1991485596e+000 -1.4253030221e+000 3.1867054322e+000
162 36 45
4 41 434 116.1900 256.2500 42 388 140.2500 245.9900 43 422 84.7200 285.1300 45 338 86.2500 274.2700
1.2116953317e+000 -1.4171005081e+000 3.1924511723e+000
162 36 45
9 41 435 116.1900 256.2500 42 389 140.2500 245.9900 43 423 84.7200 285.1300 45 339 86.2500 274.2700 46 676 155.1200 264.6200 47 624 80.6200 260.7700 49 347 37.2100 288.8101 50 583 -34.6800 238.4600 51 633 -8.6400 245.1899
1.1614973359e+000 -1.4567076402e+000 3.1812492547e+000
170 38 46
8 41 446 74.3500 223.8600 42 403 96.8300 216.5300 43 418 38.2100 256.8301 45 359 37.6300 245.8000 46 416 99.8100 236.0901 48 350 -37.4900 268.2800 50 394 -83.4000 219.9099 51 403 -54.6100 230.0601
1.2065967738e+000 -1.4228751154e+000 3.1899850354e+000
153 40 40
9 41 451 115.5000 243.3600 42 390 139.6500 235.4800 43 420 84.0600 273.7700 45 555 85.9300 263.0701 46 692 154.4000 254.1599 47 639 80.5600 250.5901 48 568 14.7100 282.5601 49 618 37.5200 278.4600 50 586 -34.1700 230.0901
1.2855939361e+000 -1.4624181454e+000 3.2095268818e+000
146 25 36
2 41 525 171.5700 -226.1200 42 466 191.0300 -218.2900
1.2163920967e+000 -1.4187651620e+000 3.1922803495e+000
169 34 41
10 41 727 125.2500 235.1699 42 657 149.2100 226.2300 43 655 94.6200 264.8301 45 564 97.0000 253.1899 46 843 166.5200 242.9399 47 642 92.1200 238.9900 48 569 26.3800 270.5801 49 620 48.1600 265.7000 50 598 -23.7600 217.7800 51 637 1.5500 226.3401
1.2808776630e+000 -1.4656374098e+000 3.2093156826e+000
158 32 43
9 41 761 159.6300 -216.9900 42 685 179.5900 -208.0400 43 694 127.5300 -178.1600 45 712 133.1600 -199.2000 46 873 191.1200 -245.0400 47 824 125.1000 -233.0000 48 741 65.3100 -199.3000 49 823 76.8800 -202.4000 50 799 12.7500 -236.4399
1.2818676008e+000 -1.4714247152e+000 3.2112044879e+000
222 89 88
10 41 768 149.6200 -243.6600 42 690 169.6000 -233.5500 43 698 116.5600 -203.6100 45 589 121.9600 -225.4301 46 730 177.9500 -272.1700 47 674 112.1500 -258.7800 48 601 53.6200 -224.5000 49 828 63.8900 -226.7300 50 625 1.6600 -259.6400 51 683 15.8800 -240.1700
1.2813905040e+000 -1.4722705155e+000 3.2108981799e+000
222 89 88
7 41 769 149.6200 -243.6600 42 691 169.6000 -233.5500 43 697 116.5600 -203.6100 45 590 121.9600 -225.4301 46 729 177.9500 -272.1700 47 675 112.1500 -258.7800 48 602 53.6200 -224.5000
1.2002557197e+000 -1.4769572304e+000 3.1930281171e+000
168 152 45
9 41 1077 82.6000 49.6300 42 956 104.3300 50.1700 43 967 46.4700 87.2200 45 964 46.5600 73.2800 46 1102 104.8300 49.2800 47 1064 35.2400 55.3000 48 981 -26.6800 91.3000 49 1079 -7.7900 91.0100 51 1000 -48.5600 65.9399
1.2145945298e+000 -1.4668580870e+000 3.1960795979e+000
32 56 29
10 41 1078 95.6000 41.5600 42 957 116.8800 41.2100 43 968 60.0200 78.0701 45 827 60.3500 62.2000 46 1103 119.5900 37.0500 47 1065 49.0800 42.1700 48 982 -13.1700 77.6899 49 1080 4.8200 76.5200 50 1084 -60.9500 36.5900 51 1141 -37.6100 51.3100
1.1719717587e+000 -1.5376998969e+000 3.1948056036e+000
162 150 87
10 41 1081 36.1700 -53.6300 42 1118 57.7000 -47.2900 43 1146 -3.1200 -9.6900 45 976 -5.6700 -23.1000 46 1216 45.7400 -53.2300 47 1076 -22.5100 -39.2100 48 1125 -78.8300 -1.2000 49 1088 -62.9100 4.2600 50 947 -122.3600 -28.9400 51 1003 -96.9800 -9.9800
1.1703546707e+000 -1.5393699581e+000 3.1943418237e+000
162 150 87
10 41 1082 36.1700 -53.6300 42 1119 57.7000 -47.2900 43 1147 -3.1200 -9.6900 45 977 -5.6700 -23.1000 46 1109 43.9200 -51.2900 47 1077 -22.5100 -39.2100 48 990 -80.7800 1.0900 49 1089 -62.9100 4.2600 50 948 -122.3600 -28.9400 51 1004 -96.9800 -9.9800
1.2750163075e+000 -1.4413460433e+000 3.2041773322e+000
160 148 111
2 41 1084 186.7500 -88.2000 42 962 208.3500 -86.2200
1.2549735351e+000 -1.4667340056e+000 3.2052388243e+000
157 146 118
4 41 1085 127.4200 -105.8600 42 963 147.2400 -100.7000 43 1155 91.9900 -70.2200 45 982 94.4900 -88.1000
1.2788734346e+000 -1.4511726329e+000 3.2055303411e+000
159 146 114
2 41 1089 182.9800 -148.1500 42 973 204.4900 -142.1000
1.2748661396e+000 -1.4690785513e+000 3.2098590435e+000
146 30 36
5 41 1106 141.5600 -203.5400 42 984 163.0000 -194.0699 43 992 109.6300 -163.5800 45 847 115.1900 -184.1400 46 1000 171.9600 -228.2600
1.2798302582e+000 -1.4618858662e+000 3.2094740423e+000
152 26 37
10 41 1107 156.8700 -199.4000 42 1139 176.7200 -191.4500 43 1170 125.7600 -161.4900 45 999 131.4500 -183.0000 46 1122 190.4100 -227.4900 47 1083 124.7000 -216.2000 48 1009 65.1200 -182.7000 49 1109 77.5500 -185.5000 50 1123 13.3600 -220.5100 51 1181 27.8000 -202.5900
1.2082433042e+000 -1.4432421806e+000 3.1945345348e+000
28 54 29
6 41 1191 93.7700 150.0400 42 1089 116.8600 145.5300 43 1117 61.0500 182.2700 45 947 61.5200 169.8500 47 1138 53.5300 153.2100 49 1071 10.5500 185.7600
1.2781412919e+000 -1.4381635859e+000 3.2062703295e+000
166 146 113
10 41 1215 186.5100 -90.5400 42 1123 208.1400 -88.2900 43 1150 157.5500 -59.1500 45 984 164.3500 -79.4900 46 1226 229.1800 -121.6100 47 1193 159.9200 -117.2100 48 1139 97.1300 -84.4700 49 1243 110.9100 -89.9200 50 1254 41.7300 -129.9800 51 1310 55.9900 -115.6200
1.2614276321e+000 -1.4897686679e+000 3.2099648901e+000
151 30 46
10 41 1225 108.6500 -215.2400 42 1142 128.2400 -203.8500 43 1169 72.4600 -171.6600 45 998 75.9700 -190.8199 46 1118 128.7800 -233.6600 47 1082 63.6000 -218.5000 48 1008 5.8200 -181.3800 49 1108 18.8000 -180.7400 50 1122 -41.7600 -212.6000 51 1011 -24.2400 -192.2400
1.1886993829e+000 -1.4744364199e+000 3.1892674193e+000
167 147 111
10 41 1295 79.8200 92.1899 42 1212 101.6000 91.0701 43 1236 43.1000 128.6799 45 1072 43.2900 115.6500 46 1305 103.2700 95.5701 47 1145 32.4200 99.5500 48 1087 -29.0700 135.4299 49 1196 -9.1400 134.6799 50 1220 -74.4700 93.4299 51 1274 -49.6400 107.0300
1.1886993829e+000 -1.4744364199e+000 3.1892674193e+000
167 147 111
10 41 1296 79.8200 92.1899 42 1213 101.6000 91.0701 43 1237 43.1000 128.6799 45 1073 43.2900 115.6500 46 1306 103.2700 95.5701 47 1146 32.4200 99.5500 48 1088 -29.0700 135.4299 49 1197 -9.1400 134.6799 50 1221 -74.4700 93.4299 51 1275 -49.6400 107.0300
1.2540321000e+000 -1.4250522333e+000 3.1982400745e+000
170 153 99
3 41 1298 175.8700 78.7100 42 1215 199.2900 74.7100 43 1243 147.9200 107.7400
1.2651769128e+000 -1.5068218130e+000 3.2138301513e+000
18 72 100
3 41 1332 94.7200 -283.8400 42 1259 113.2700 -268.3400 43 1283 58.1700 -235.7000
1.1890693508e+000 -1.5376673290e+000 3.1980216489e+000
159 145 118
3 41 1393 45.7100 -103.0100 42 1319 65.7100 -91.8900 43 1354 6.1100 -54.4700
1.1482554898e+000 -1.5207873894e+000 3.1841352779e+000
164 147 112
10 41 1435 46.5400 53.1000 42 1310 68.1500 56.2800 43 1384 6.3300 94.4299 45 1215 3.6600 82.0100 46 1356 57.8800 60.4900 47 1305 -12.7100 68.1699 48 1275 -73.6100 105.6899 49 1375 -54.1000 107.2400 50 1310 -117.1200 68.6500 51 1371 -89.7000 84.1400
1.1622852274e+000 -1.5396804612e+000 3.1948535850e+000
28 55 30
10 41 1438 27.0000 -35.2800 42 1364 46.8200 -29.1700 43 1386 -14.3600 9.2200 45 1219 -17.6600 -4.8800 46 1362 31.9600 -32.0300 47 1311 -34.4800 -20.2400 48 1282 -92.2500 19.3100 49 1383 -73.4500 22.8200 50 1363 -131.0200 -12.5400 51 1381 -104.9000 6.7000
1.1908403404e+000 -1.5995764922e+000 3.2121739189e+000
154 24 35
4 41 1443 2.4400 -255.0900 42 1369 22.2700 -235.8500 43 1390 -38.4100 -197.8700 45 1224 -41.0400 -211.3000
1.1908403404e+000 -1.5995764922e+000 3.2121739189e+000
154 24 35
4 41 1444 2.4400 -255.0900 42 1370 22.2700 -235.8500 43 1391 -38.4100 -197.8700 45 1225 -41.0400 -211.3000
1.2135417550e+000 -1.5981495328e+000 3.2186322912e+000
19 74 113
5 41 1471 4.2600 -320.8000 42 1392 23.3900 -297.1899 43 1417 -36.2200 -259.2500 45 1254 -36.3900 -274.0400 46 1400 4.2600 -317.0400
1.1878805939e+000 -1.4099243372e+000 3.2650066305e+000
152 49 47
2 38 27 -174.9200 271.3800 36 500 -141.3300 254.3000
1.1953604870e+000 -1.4178340905e+000 3.2567221692e+000
248 104 93
2 38 48 -128.1800 227.6200 36 48 -76.5200 211.3900
1.1063772909e+000 -2.0413511166e+000 3.3044334895e+000
190 132 100
2 38 390 -30.0600 -607.4100 36 374 25.8900 -653.4900
1.2681956317e+000 -1.6803235592e+000 3.2391419564e+000
156 117 93
2 38 409 133.0100 -611.6500 36 355 194.6600 -632.1600
1.1313775632e+000 -2.1019972748e+000 3.3214212335e+000
202 130 69
2 38 431 -33.3600 -675.8101 36 414 20.0600 -725.7700
1.1436492877e+000 -2.1039136952e+000 3.3221474067e+000
196 120 62
2 38 432 -29.0200 -692.5699 36 791 23.5300 -741.8600
1.1720486819e+000 -2.0608699100e+000 3.3051373059e+000
197 92 46
2 38 447 -1.7200 -707.0100 36 794 56.7400 -752.3600
1.1865866017e+000 -1.4086156542e+000 3.2689566593e+000
169 62 62
2 38 520 -194.0900 275.9500 36 852 -166.6600 257.4500
1.1906018523e+000 -1.4127109307e+000 3.2577210236e+000
163 39 45
2 38 524 -140.0400 260.6400 36 862 -92.5500 245.5100
1.2918669610e+000 -1.5521248872e+000 3.2278358722e+000
144 114 103
4 38 767 191.0400 -497.5300 40 684 112.4700 -480.2400 42 563 86.5400 -477.8101 43 553 29.1000 -444.7400
1.1720864295e+000 -1.9683065558e+000 3.2975322094e+000
199 57 55
3 38 819 -8.8900 -662.1500 40 401 -84.0600 -614.9600 36 785 48.0300 -705.4900
1.1967321015e+000 -1.4602348049e+000 3.2021335106e+000
69 97 108
2 38 929 151.4600 118.0801 36 529 222.4200 116.2600
1.1441487100e+000 -2.0105913791e+000 3.3039030795e+000
194 133 92
2 38 1074 -21.2700 -644.5300 36 1286 34.8800 -690.6500
1.2118434561e+000 -1.8104685128e+000 3.2590998947e+000
172 119 71
2 38 1238 56.4700 -612.8101 36 1466 122.7400 -644.7700
1.2099343855e+000 -1.4333907089e+000 3.2599300177e+000
27 58 35
2 38 1330 -117.7600 117.5000 36 1371 -64.5800 97.1300
1.0961989059e+000 -1.4971179823e+000 3.1684926188e+000
222 139 109
5 40 68 90.0400 241.9399 43 407 -1.6000 262.7500 45 353 -5.1500 252.7800 46 408 53.1600 244.6599 47 415 -19.4500 243.9900
1.3001630638e+000 -1.4631572965e+000 3.2141229879e+000
146 72 49
2 40 203 210.2600 -279.0800 43 179 148.8500 -269.1100
1.2794723578e+000 -1.5176998636e+000 3.2177240585e+000
96 48 51
3 40 220 139.0700 -348.5100 41 208 99.4900 -372.8500 43 214 60.5500 -322.4800
1.2897704257e+000 -1.5081966428e+000 3.2189547620e+000
82 61 64
6 40 256 151.5200 -369.5300 43 217 77.0800 -345.0900 45 201 80.9400 -367.5400 46 238 129.4500 -419.5300 47 232 66.4600 -399.0800 49 235 19.8300 -359.4500
1.2841618480e+000 -1.5250924838e+000 3.2199574261e+000
90 63 70
4 40 268 135.1800 -386.9800 41 588 95.6100 -411.6300 43 530 57.0600 -359.0699 45 452 59.4900 -379.7800
1.2353718121e+000 -1.6356637893e+000 3.2320734331e+000
81 35 37
5 40 282 33.6000 -436.0699 41 269 -13.9300 -453.9399 43 249 -54.1500 -384.8700 45 214 -54.2300 -400.5300 46 230 -17.0400 -446.2700
1.3055099598e+000 -1.5069832867e+000 3.2230509307e+000
24 14 15
6 40 286 158.9200 -439.0500 42 226 140.9000 -446.4399 45 232 91.5400 -441.5699 46 270 138.7000 -498.6500 47 274 78.2200 -476.1300 48 229 23.6400 -439.5200
1.2793122283e+000 -1.6155208807e+000 3.2379307347e+000
120 66 76
2 40 365 55.7900 -541.9100 42 279 28.3500 -528.6000
1.2383175986e+000 -1.6179895068e+000 3.2293290904e+000
79 31 39
4 40 658 44.6500 -415.7700 41 600 -4.8900 -433.3000 43 525 -42.2100 -368.5100 46 538 -7.1300 -429.5300
1.2317993336e+000 -1.5941877249e+000 3.2223061356e+000
187 136 79
4 40 883 59.5200 -350.1000 43 706 -29.4000 -307.8800 45 598 -28.9400 -323.5601 46 736 10.4900 -368.4100
1.2525062450e+000 -1.5780388815e+000 3.2240704529e+000
96 38 47
6 40 1095 76.8800 -385.3800 41 963 30.8400 -406.3199 43 848 -11.3200 -346.2000 46 889 28.6500 -410.8800 47 843 -30.8100 -384.3900 48 758 -83.1200 -341.5100
1.2748570931e+000 -1.4727105303e+000 3.2094336028e+000
223 141 106
3 41 144 143.8700 -214.1600 43 133 109.7700 -174.1100 46 463 171.1600 -240.5200
1.1941620195e+000 -1.6112431801e+000 3.2179959638e+000
136 28 31
5 41 181 -12.8100 -291.6000 43 477 -53.3000 -229.9700 45 397 -54.1400 -243.5900 46 148 -13.6900 -284.3400 47 140 -71.8900 -259.9000
1.2746857868e+000 -1.4978487139e+000 3.2135940391e+000
42 68 81
9 41 188 114.9300 -297.4200 43 478 78.3300 -250.6500 45 411 81.5500 -271.2100 46 476 132.7900 -318.8600 47 466 68.4700 -300.6700 48 402 11.0500 -263.5200 49 420 22.4600 -262.0400 50 439 -37.1700 -291.8000 51 473 -21.9400 -269.6700
1.2805576577e+000 -1.5286075108e+000 3.2203180837e+000
84 58 62
2 41 231 87.3800 -405.2800 43 216 48.6200 -352.0900
1.1987598721e+000 -1.4284138437e+000 3.1866046173e+000
153 40 40
2 41 452 115.5000 243.3600 43 421 84.0600 273.7700
1.0619194479e+000 -1.5650627068e+000 3.1672644512e+000
77 98 100
7 41 482 9.6900 118.0400 43 81 -30.2500 158.3301 45 374 -34.4500 148.4500 46 430 18.3200 133.0701 47 435 -50.9900 137.6899 48 364 -111.1000 176.6000 50 77 -149.4600 138.3800
1.0819411313e+000 -1.4979672592e+000 3.1649135522e+000
176 32 38
4 41 885 33.0800 250.5901 43 813 -6.0300 284.0100 46 969 49.2500 268.5300 47 925 -23.4300 266.7900
1.2856571541e+000 -1.5045675620e+000 3.2179730262e+000
112 53 58
2 41 955 111.7600 -366.7500 43 841 75.4900 -318.4100
1.2669168476e+000 -1.4856532844e+000 3.2099787978e+000
84 33 28
2 41 1105 121.1700 -223.6899 43 990 84.9100 -181.5500
1.1803822280e+000 -1.5726102921e+000 3.2063632735e+000
178 143 116
6 41 1465 7.7500 -168.7300 43 1413 -33.3600 -116.0500 45 1251 -34.4800 -130.0699 46 1396 10.4600 -164.5601 47 1342 -51.3600 -145.7400 48 1331 -106.3200 -103.2000
1.1981621817e+000 -1.5909960942e+000 3.2129672845e+000
155 25 35
2 41 1469 6.9300 -259.0200 43 1416 -34.4400 -201.5900
1.2900082562e+000 -1.4228161018e+000 3.2064193399e+000
90 35 18
3 43 94 203.4900 -50.1700 45 79 213.8100 -72.2200 46 102 285.2600 -113.1300
1.2634810514e+000 -1.4898287425e+000 3.2090251329e+000
210 142 99
3 43 130 81.9400 -177.9600 45 113 84.8700 -197.9200 46 133 138.3100 -241.5400
1.2724047995e+000 -1.4757487067e+000 3.2099627880e+000
206 135 97
7 43 132 100.5800 -174.6000 45 120 104.8600 -195.0100 46 130 160.2300 -239.1600 47 122 94.3000 -225.7900 48 92 34.9400 -190.4100 50 123 -15.5200 -224.5100 51 134 -0.3000 -204.9600
1.2742040555e+000 -1.4783082049e+000 3.2104573208e+000
237 134 100
7 43 134 100.8200 -190.3000 45 125 104.8800 -211.1100 46 153 159.8400 -256.5100 47 128 94.1200 -242.5601 48 110 35.0600 -206.6000 49 139 46.5700 -207.6899 50 132 -15.5500 -240.1700
1.2742040555e+000 -1.4783082049e+000 3.2104573208e+000
237 134 100
7 43 135 100.8200 -190.3000 45 126 104.8800 -211.1100 46 154 159.8400 -256.5100 47 127 94.1200 -242.5601 48 109 35.0600 -206.6000 49 140 46.5700 -207.6899 50 133 -15.5500 -240.1700
1.2830048682e+000 -1.4593987428e+000 3.2094887652e+000
207 140 88
5 43 136 135.5000 -167.4000 46 142 200.8400 -234.7200 47 108 134.4200 -224.0699 48 96 74.3800 -191.2000 50 140 21.4900 -229.5500
1.2852619795e+000 -1.4606166679e+000 3.2102951986e+000
208 131 79
5 43 138 135.6000 -183.0900 45 128 141.8800 -205.6700 46 467 200.7400 -252.0300 47 137 134.4500 -240.6300 49 147 86.7000 -211.5800
1.2673667626e+000 -1.4891837543e+000 3.2106377066e+000
221 117 81
5 43 146 81.9500 -193.7800 45 118 85.0400 -214.0000 46 151 138.1100 -258.7400 47 125 72.5600 -243.1899 48 106 14.0100 -206.2900
1.2673667626e+000 -1.4891837543e+000 3.2106377066e+000
221 117 81
5 43 147 81.9500 -193.7800 45 119 85.0400 -214.0000 46 152 138.1100 -258.7400 47 126 72.5600 -243.1899 48 107 14.0100 -206.2900
1.2997899544e+000 -1.4544748210e+000 3.2122894724e+000
125 155 149
4 43 167 164.8400 -237.1400 46 172 233.2700 -313.0100 47 171 168.6600 -301.7600 49 176 119.9900 -276.7900
1.3044945100e+000 -1.4450529049e+000 3.2115525173e+000
37 58 59
5 43 168 190.0000 -227.8000 45 134 200.9700 -253.4900 46 177 264.0200 -305.6700 47 177 199.7100 -296.4900 48 150 140.8100 -267.3900
1.3035559707e+000 -1.4522411526e+000 3.2129668899e+000
47 15 26
2 43 169 172.6000 -250.4000 46 185 243.0700 -328.1801
1.2671014547e+000 -1.5381570719e+000 3.2191378270e+000
70 25 23
3 43 191 31.6200 -318.7200 46 212 77.3200 -386.9301 47 202 15.4900 -363.6100
1.2987162119e+000 -1.4752011958e+000 3.2158173238e+000
144 83 83
7 43 193 127.5100 -300.9700 45 180 134.2400 -324.5300 46 193 188.5000 -377.4000 47 212 124.7300 -361.9900 48 438 66.9300 -329.2800 50 219 15.1800 -361.9100 51 225 26.3400 -341.0699
1.2987105405e+000 -1.4752111282e+000 3.2158286741e+000
144 83 83
8 43 194 127.5100 -300.9700 45 181 134.2400 -324.5300 46 192 188.5000 -377.4000 47 211 124.7300 -361.9900 48 439 66.9300 -329.2800 49 220 75.7100 -330.8700 50 218 15.1800 -361.9100 51 226 26.3400 -341.0699
1.3009178387e+000 -1.4708421667e+000 3.2152803915e+000
148 84 84
8 43 195 138.2300 -298.6200 45 182 145.8000 -322.1000 46 195 200.9200 -376.2800 47 216 137.3900 -361.1100 48 199 79.7200 -328.9800 49 221 87.8700 -332.4000 50 220 26.8400 -362.9900 51 230 37.4500 -342.7600
1.3008402174e+000 -1.4710099154e+000 3.2152049133e+000
148 84 84
7 43 196 138.2300 -298.6200 45 183 145.8000 -322.1000 46 194 200.9200 -376.2800 47 215 137.3900 -361.1100 48 198 79.7200 -328.9800 50 221 26.8400 -362.9900 51 229 37.4500 -342.7600
1.2646411394e+000 -1.5547055618e+000 3.2217557403e+000
45 26 19
5 43 213 15.3000 -344.1100 45 198 16.0800 -362.8600 46 209 58.5500 -411.5100 47 226 -1.3300 -386.4600 49 209 -45.2200 -337.5100
1.2925540788e+000 -1.5043004325e+000 3.2194090822e+000
148 114 108
3 43 219 81.6700 -349.5601 46 550 134.0500 -424.9800 49 484 25.1700 -365.6200
1.3032292867e+000 -1.4810001881e+000 3.2181287503e+000
64 50 45
5 43 221 121.4900 -341.1200 45 205 127.6900 -366.5800 46 242 180.1300 -420.6899 47 241 117.5800 -404.5500 48 220 60.9100 -370.5200
1.3032944258e+000 -1.4807893511e+000 3.2182165888e+000
64 50 45
6 43 222 121.4900 -341.1200 45 204 127.6900 -366.5800 46 241 180.1300 -420.6899 47 240 117.5800 -404.5500 48 219 60.9100 -370.5200 51 259 20.3500 -379.9200
1.2900365002e+000 -1.5162313159e+000 3.2208296734e+000
65 44 43
4 43 236 66.0200 -366.3400 45 218 69.4300 -387.2800 46 239 115.8500 -440.8900 47 248 54.4100 -418.6700
1.2995100235e+000 -1.4212831321e+000 3.2079544967e+000
199 132 93
2 43 457 225.5800 -96.2100 45 381 238.2100 -120.2500
1.2752906786e+000 -1.4790846396e+000 3.2104184598e+000
141 23 24
4 43 475 102.2900 -197.1200 45 394 107.0600 -218.3000 46 468 162.2800 -263.5800 47 454 96.3000 -249.8000
1.2963522492e+000 -1.4587144552e+000 3.2124375533e+000
35 49 57
5 43 481 151.8800 -233.6500 45 416 159.4600 -258.0500 46 480 218.4100 -308.4301 47 468 153.5300 -296.7300 48 403 94.6100 -265.2200
1.2554781077e+000 -1.5580618961e+000 3.2208863944e+000
161 84 64
6 43 495 5.8400 -318.2400 45 434 6.0300 -336.0900 46 500 48.6100 -383.4301 47 496 -11.6900 -358.1801 48 423 -65.7000 -316.5400 49 444 -53.3800 -309.3199
1.2730703953e+000 -1.5538957096e+000 3.2241954151e+000
115 79 62
3 43 529 17.3100 -375.0100 45 465 18.1500 -394.3800 46 545 60.2000 -444.9500
1.3036508718e+000 -1.4884792387e+000 3.2189578505e+000
78 57 52
6 43 533 113.9500 -362.5200 45 468 122.0500 -387.2200 46 760 170.4700 -443.2500 48 629 52.8000 -390.3800 50 642 0.6600 -419.1200 51 521 11.9600 -395.2600
1.2173751876e+000 -1.4133030649e+000 3.1953278710e+000
152 22 20
6 43 652 84.6300 283.9800 46 675 155.1200 264.6200 47 623 80.6200 260.7700 48 556 14.5100 291.1300 50 584 -34.6800 238.4600 51 634 -8.6400 245.1899
1.2988480957e+000 -1.3982394566e+000 3.2068020728e+000
59 61 37
4 43 671 263.1400 30.8500 45 572 279.0600 8.7200 46 710 361.0400 -27.5300 47 804 293.7500 -30.4100
1.2988480957e+000 -1.3982394566e+000 3.2068020728e+000
59 61 37
4 43 672 263.1400 30.8500 45 573 279.0600 8.7200 46 711 361.0400 -27.5300 47 805 293.7500 -30.4100
1.2881285779e+000 -1.4744094808e+000 3.2124283780e+000
22 59 78
2 43 699 121.9000 -242.8300 45 593 127.7400 -265.4000
1.2586096588e+000 -1.5570442447e+000 3.2219690102e+000
166 84 63
8 43 710 6.1000 -328.4301 45 602 6.4900 -346.3000 46 744 48.7900 -393.5200 47 692 -11.6000 -368.9100 48 612 -65.2300 -326.7700 49 669 -53.7400 -320.0699 50 455 -106.1000 -343.3900 51 485 -87.9200 -316.3800
1.3018178164e+000 -1.4867478859e+000 3.2216714346e+000
79 59 55
3 43 718 95.9000 -355.1200 45 612 102.0200 -379.2100 46 758 152.1000 -434.2600
1.2862444026e+000 -1.4572451364e+000 3.2089389454e+000
141 22 23
5 43 833 147.8300 -173.4200 46 1001 214.9200 -243.4600 47 963 147.6400 -232.2000 48 880 87.9300 -199.9600 51 847 47.3500 -220.5300
1.3071544563e+000 -1.4516697866e+000 3.2133063141e+000
182 94 58
8 43 839 180.2800 -268.3900 45 720 190.0200 -294.5699 46 881 251.4100 -348.1300 47 977 186.8700 -337.1899 48 753 129.5200 -308.6500 49 837 139.0900 -314.8900 50 812 74.9700 -350.0400 51 863 83.5700 -332.1000
1.3054345729e+000 -1.4572294308e+000 3.2134587398e+000
70 55 57
4 43 840 170.7100 -276.8700 45 719 179.4600 -302.4500 48 752 115.6800 -315.0400 50 635 62.6600 -353.5601
1.2567078961e+000 -1.4464367864e+000 3.1994494419e+000
165 144 56
2 43 972 134.9700 5.8300 46 988 205.1700 -43.9500
1.2931033518e+000 -1.4272775651e+000 3.2062316972e+000
162 139 95
8 43 978 209.9600 -85.9200 45 835 220.1800 -109.1100 46 994 290.6600 -151.8000 47 955 222.3100 -148.4700 48 872 159.9000 -120.6700 49 963 173.1300 -129.5300 50 961 102.2400 -170.6801 51 1009 113.6100 -157.8000
1.2924229641e+000 -1.4318509887e+000 3.2066612752e+000
162 99 63
2 43 984 199.3800 -103.4500 45 837 209.5900 -126.2400
1.2734653861e+000 -1.4760373360e+000 3.2098734825e+000
102 36 18
4 43 994 103.1700 -179.6400 46 1121 162.7600 -244.8700 47 1085 97.0300 -231.4399 49 1110 50.0400 -197.4800
1.2690445767e+000 -1.5141392596e+000 3.2158239332e+000
22 62 74
4 43 1005 53.3600 -270.9000 45 1011 56.3000 -290.9200 46 1130 103.9500 -338.4200 48 1016 -16.5900 -279.5200
1.3064274810e+000 -1.4866903278e+000 3.2195592251e+000
128 97 76
2 43 1013 116.5900 -373.2300 46 1026 174.1300 -454.1200
1.3064274810e+000 -1.4866903278e+000 3.2195592251e+000
128 97 76
2 43 1014 116.5900 -373.2300 46 1025 174.1300 -454.1200
1.2556757057e+000 -1.4829784640e+000 3.2044398455e+000
157 142 101
7 43 1159 89.8400 -123.8800 45 990 93.2000 -141.9700 46 1236 149.4000 -179.2800 47 1202 82.6500 -167.3400 48 1154 22.7800 -131.7600 49 1253 36.5000 -131.5699 50 1258 -26.7900 -164.7500
1.3051812067e+000 -1.4231949787e+000 3.2093306783e+000
138 23 25
8 43 1162 231.7600 -139.2300 45 1129 244.8200 -165.6000 46 1242 316.3900 -213.3800 47 1207 252.4000 -210.0900 48 1157 191.6100 -185.9399 49 1346 202.3900 -197.1700 50 1263 135.0300 -238.2900 51 1323 143.9400 -226.1100
1.2517011554e+000 -1.4727690465e+000 3.2037049301e+000
156 139 96
6 43 1267 91.4500 -74.2200 45 1108 94.1000 -93.2600 46 1229 151.6600 -129.3700 47 1190 83.3600 -119.0200 48 1138 21.7800 -83.9600 49 1241 35.8500 -85.0800
1.2517011554e+000 -1.4727690465e+000 3.2037049301e+000
156 139 96
6 43 1268 91.4500 -74.2200 45 1109 94.1000 -93.2600 46 1230 151.6600 -129.3700 47 1191 83.3600 -119.0200 48 1137 21.7800 -83.9600 49 1240 35.8500 -85.0800
1.2425051471e+000 -1.4991007438e+000 3.2070258317e+000
160 141 99
8 43 1271 51.8700 -124.8600 45 1119 53.0600 -143.2100 46 1332 105.0800 -180.5800 47 1201 39.2500 -166.5100 48 1151 -20.3200 -128.2100 49 1250 -6.2800 -127.5400 50 1251 -66.7200 -159.3400 51 1313 -47.3500 -139.0100
1.2425051471e+000 -1.4991007438e+000 3.2070258317e+000
160 141 99
8 43 1272 51.8700 -124.8600 45 1120 53.0600 -143.2100 46 1333 105.0800 -180.5800 47 1200 39.2500 -166.5100 48 1152 -20.3200 -128.2100 49 1251 -6.2800 -127.5400 50 1252 -66.7200 -159.3400 51 1314 -47.3500 -139.0100
1.2679306170e+000 -1.4574986894e+000 3.2054261380e+000
153 139 95
7 43 1412 123.1700 -87.9100 45 1250 129.8400 -109.9500 46 1415 188.7000 -146.9000 47 1371 121.0200 -137.9700 48 1332 55.8500 -106.0000 50 1409 8.2700 -145.2300 51 1472 23.6300 -127.9200
1.2758845544e+000 -1.4885187279e+000 3.2087170986e+000
29 41 51
2 43 1437 108.2600 -223.1700 46 1416 165.1900 -292.5200
1.2758845544e+000 -1.4885187279e+000 3.2087170986e+000
29 41 51
2 43 1438 108.2600 -223.1700 46 1417 165.1900 -292.5200
1.2986607132e+000 -1.3888866028e+000 3.2122505488e+000
137 138 39
3 43 1462 234.4000 76.9199 45 1297 253.2400 59.5100 46 1448 336.1000 29.6400
1.2900959666e+000 -1.6339016075e+000 3.2499483615e+000
150 139 171
2 38 408 114.0900 -635.0500 41 350 -17.5300 -624.0601
1.0248498730e+000 -2.7642123963e+000 3.3990236061e+000
113 59 19
2 38 451 -35.9900 -765.3101 36 809 10.2200 -818.2900
1.1210801011e+000 -2.3218819365e+000 3.3385917048e+000
192 165 146
2 38 837 -18.1300 -741.6500 36 802 36.5200 -791.8000
1.2375069043e+000 -1.4494404521e+000 3.2668124307e+000
177 154 141
2 38 950 -109.9600 -46.5800 36 1188 -60.4900 -75.5100
1.2912503377e+000 -1.4376994293e+000 3.2744947086e+000
160 102 86
2 38 984 -105.6400 -243.6899 36 1228 -59.1500 -283.8101
1.2912503377e+000 -1.4376994293e+000 3.2744947086e+000
160 102 86
2 38 985 -105.6400 -243.6899 36 1229 -59.1500 -283.8101
1.2562200349e+000 -1.4524787606e+000 3.2693438835e+000
195 125 96
2 38 1361 -100.3000 -133.6200 36 1424 -52.6700 -166.7300
1.2397094728e+000 -1.4497563199e+000 3.2665817713e+000
172 132 124
2 38 1738 -107.1200 -55.6100 36 1765 -55.7900 -84.9900
1.3226947152e+000 -1.4873733649e+000 3.2235099503e+000
141 84 83
2 40 327 194.0500 -475.5300 41 303 162.8700 -506.3000
1.3264636158e+000 -1.4696101172e+000 3.2225369672e+000
114 57 46
2 40 685 216.0100 -448.9000 41 813 189.0300 -480.5699
1.2938317127e+000 -1.5864775692e+000 3.2347492902e+000
117 78 80
2 41 338 40.9500 -569.3700 42 283 57.0500 -537.5800
1.1940711693e+000 -1.5010800207e+000 3.1963714568e+000
128 108 38
2 45 971 20.0600 13.8200 48 986 -54.2500 33.4300
1.2335087873e+000 -1.4491208714e+000 3.1969792937e+000
22 38 12
4 45 1086 96.7500 65.2200 48 1108 28.3700 77.6599 49 1214 45.4500 74.5400 51 1290 -2.7600 46.2700
1.2679798324e+000 -1.5056302240e+000 3.2160280853e+000
76 110 104
2 47 154 40.8100 -295.4000 48 131 -15.7600 -256.9301
1.2688162305e+000 -1.5465249309e+000 3.2208585644e+000
60 30 20
2 47 229 10.1100 -386.6700 48 192 -44.2600 -345.3600
1.2817345660e+000 -1.5261597638e+000 3.2207558072e+000
54 32 29
2 47 233 36.5300 -401.2800 48 211 -17.6700 -361.9800
1.2923276879e+000 -1.4996342105e+000 3.2187459927e+000
46 28 26
2 47 236 77.9500 -392.8400 48 216 21.7100 -356.1801
1.2923276879e+000 -1.4996342105e+000 3.2187459927e+000
46 28 26
2 47 237 77.9500 -392.8400 48 215 21.7100 -356.1801
1.3280642702e+000 -1.4420105481e+000 3.2161995561e+000
26 41 39
4 47 258 248.8800 -448.1801 48 235 196.0700 -425.0800 49 267 203.5800 -435.5300 50 266 141.8000 -473.2100
1.2891546490e+000 -1.5447599702e+000 3.2250080072e+000
103 72 46
2 47 272 25.1600 -467.2400 48 226 -27.9900 -427.0500
1.2652633012e+000 -1.4912882773e+000 3.2133281775e+000
94 12 13
2 47 452 54.3900 -244.1600 48 379 -3.9500 -206.8700
1.3010811172e+000 -1.4495349336e+000 3.2128225911e+000
35 43 38
2 47 470 174.7800 -294.7600 48 406 115.5600 -264.8700
1.2730766809e+000 -1.5312078856e+000 3.2199973882e+000
60 29 24
3 47 506 23.6400 -374.7300 48 187 -30.6300 -334.6100 51 222 -58.9600 -328.8199
1.2942448557e+000 -1.4953330517e+000 3.2186878245e+000
56 32 28
3 47 519 84.6800 -392.6500 48 452 28.7700 -356.4100 49 486 37.2300 -355.6300
1.2938413589e+000 -1.4965390257e+000 3.2183431056e+000
56 32 28
2 47 520 84.6800 -392.6500 48 453 28.7700 -356.4100
1.2969554721e+000 -1.4969174367e+000 3.2193860015e+000
57 37 36
2 47 522 86.1200 -410.0100 48 455 29.7200 -374.0000
1.2969554721e+000 -1.4969174367e+000 3.2193860015e+000
57 37 36
2 47 523 86.1200 -410.0100 48 456 29.7200 -374.0000
1.3261333668e+000 -1.4454341985e+000 3.2159899487e+000
45 67 64
3 47 535 239.1200 -443.8400 48 479 183.4000 -420.2800 50 502 130.7800 -465.8700
1.3026256025e+000 -1.3397746996e+000 3.2365565864e+000
121 92 64
2 47 609 122.5800 470.2400 48 541 60.7200 494.1600
1.2723209976e+000 -1.5421888121e+000 3.2220011513e+000
51 24 6
5 47 705 11.5700 -394.1500 48 621 -42.5300 -353.0300 49 674 -31.9300 -347.2400 50 468 -85.6000 -370.9301 51 501 -69.3700 -344.5100
1.2907262267e+000 -1.5849257251e+000 3.2335613069e+000
109 72 54
2 47 729 -13.9400 -533.2200 48 646 -64.7700 -490.1500
1.3137489445e+000 -1.5068336883e+000 3.2271766135e+000
97 69 51
2 47 732 75.8100 -522.4600 48 648 21.4700 -486.5100
1.3084463502e+000 -1.4230993216e+000 3.2082750791e+000
118 99 53
5 47 825 269.5200 -228.6400 48 742 211.1100 -204.1000 49 824 223.6800 -215.9500 50 801 155.1200 -258.0200 51 850 163.3600 -245.9200
1.2695940477e+000 -1.4912800902e+000 3.2125453850e+000
162 57 43
5 47 828 66.4400 -261.4100 48 744 8.5400 -224.0400 49 820 20.1400 -223.2600 50 621 -39.4900 -254.1400 51 680 -23.7000 -232.3900
1.2887273087e+000 -1.4726160438e+000 3.2126737394e+000
15 42 49
5 47 831 119.4500 -298.9800 48 748 61.2400 -264.8300 49 831 71.7300 -266.5300 50 806 9.7200 -298.6100 51 854 22.5900 -278.5500
1.3140888033e+000 -1.3348442734e+000 3.2385942460e+000
154 125 81
3 47 920 199.4100 477.3000 48 845 137.5900 498.5601 49 928 170.9500 491.9900
1.3238386871e+000 -1.4424542534e+000 3.2145417436e+000
11 38 47
5 47 986 245.4800 -416.1100 48 1028 190.5400 -392.7900 49 1127 198.5700 -402.6000 50 1148 136.4100 -439.8800 51 1042 141.9600 -423.6300
1.3049244671e+000 -1.5420226369e+000 3.2297662202e+000
57 37 27
5 47 1004 32.4900 -534.6600 48 904 -19.4000 -495.3500 49 1003 -12.7800 -489.3900 50 992 -64.3100 -510.5400 51 1049 -52.8800 -481.5000
1.2709346350e+000 -1.4193869209e+000 3.2005391107e+000
123 103 46
5 47 1174 195.4300 17.0600 48 1227 130.5800 46.0400 49 1224 147.4000 38.3900 50 1241 74.1200 -5.5800 51 1295 89.3000 5.3300
1.2865567409e+000 -1.4296086530e+000 3.2036579924e+000
94 40 20
4 47 1194 215.9400 -117.3800 48 998 150.3000 -87.9200 50 1115 92.7900 -136.4800 51 1169 104.6500 -123.3400
1.3310639609e+000 -1.5752664161e+000 3.2608921267e+000
125 56 46
2 38 834 107.9000 -720.2100 41 843 -21.4800 -707.1700
1.2918384148e+000 -1.7087350270e+000 3.2888930010e+000
209 119 48
3 38 1416 1.5700 -737.1700 40 1127 -73.1600 -689.1400 41 840 -110.5600 -699.5900
1.2038791260e+000 -1.3783894321e+000 3.1967209095e+000
211 180 147
2 40 24 117.4200 473.0500 41 8 79.6100 459.9200
1.2038791260e+000 -1.3783894321e+000 3.1967209095e+000
211 180 147
2 40 25 117.4200 473.0500 41 9 79.6100 459.9200
1.2090776098e+000 -1.4176756347e+000 3.1879409942e+000
247 133 113
5 40 49 172.0100 279.9199 41 36 131.1200 263.7300 42 43 155.4300 253.1400 43 35 101.1700 291.8700 45 45 103.5300 280.5100
1.2353155959e+000 -1.4073380278e+000 3.1946766044e+000
254 124 104
5 40 81 193.7200 251.2600 42 55 181.2300 224.1200 43 59 129.5100 261.4000 46 69 208.1700 236.8600 47 83 134.5100 232.4800
1.3229269321e+000 -1.4806091698e+000 3.2232471439e+000
106 54 43
3 40 328 198.9800 -459.9200 41 304 169.3500 -490.9500 42 247 186.9400 -472.7100
1.3058844594e+000 -1.5494140460e+000 3.2309597419e+000
122 90 93
2 40 369 114.5800 -532.7500 41 654 75.2300 -558.2000
1.2818294762e+000 -1.3366223457e+000 3.2466142689e+000
199 177 155
2 40 475 -100.5900 524.0800 41 411 -122.0900 513.9900
1.1957433201e+000 -1.3889784141e+000 3.1897552444e+000
208 184 147
3 40 484 139.0400 441.5000 41 422 97.8100 427.8700 42 365 126.8900 410.9000
1.3259544388e+000 -1.4459512953e+000 3.2191791001e+000
73 115 139
3 40 646 251.2000 -367.0900 41 798 229.1400 -399.9399 42 712 250.6800 -389.4500
1.2279787817e+000 -1.3692067249e+000 3.1968351506e+000
206 177 145
2 40 993 167.2900 473.9500 41 866 134.9700 460.1600
1.1765716155e+000 -1.4374815205e+000 3.1845788429e+000
175 35 46
10 40 1011 131.6100 275.4700 41 875 85.4100 260.5801 42 789 109.4700 250.8401 43 802 51.1400 291.4299 45 682 49.5600 279.5901 46 972 115.6700 273.3101 47 928 41.5800 269.6599 49 937 0.2000 299.6100 50 748 -70.5300 250.5701 51 807 -41.8500 259.2500
1.2142267191e+000 -1.4132281613e+000 3.1888439496e+000
180 35 42
4 40 1017 177.9600 286.7600 41 880 138.2100 270.3600 42 772 163.1000 258.8900 45 686 111.6100 285.4199
1.3073301162e+000 -1.4436393179e+000 3.2126753133e+000
27 61 98
8 40 1081 244.7800 -241.9800 41 1113 219.5500 -272.1600 42 992 240.7600 -265.6700 43 1002 193.4500 -240.7000 45 860 203.9900 -266.2500 46 1008 267.3600 -318.5601 47 975 202.7900 -309.6500 50 980 93.7200 -327.9100
1.2895044587e+000 -1.5232051131e+000 3.2219951970e+000
83 59 65
3 40 1096 132.9200 -408.1400 41 971 96.3800 -431.2800 42 843 112.3900 -410.1100
1.2916753947e+000 -1.5168153506e+000 3.2203106992e+000
84 58 69
2 40 1277 146.3800 -399.3400 41 1127 107.9600 -424.9800
1.2349996906e+000 -1.6260452306e+000 3.2293915219e+000
99 39 47
9 40 1281 37.2000 -418.2700 42 1006 8.5200 -407.2300 45 869 -50.3500 -385.1400 46 1019 -13.1700 -430.9500 47 981 -68.3900 -400.5200 48 759 -116.7500 -354.7400 49 984 -102.5000 -344.5699 50 813 -148.2300 -364.2100 51 857 -126.8400 -334.8500
1.2204681866e+000 -1.3721045524e+000 3.2070404656e+000
172 146 121
5 40 1352 94.5700 465.3101 41 1181 53.6100 452.1700 42 1068 85.7200 435.1599 45 926 39.1600 474.2900 46 1168 112.5200 486.7300
1.1987427064e+000 -1.3816086041e+000 3.1993985348e+000
172 146 121
3 40 1353 94.5700 465.3101 41 1180 53.6100 452.1700 42 1067 85.7200 435.1599
1.2639154131e+000 -1.4242923127e+000 3.1997727823e+000
178 160 88
11 40 1386 226.5000 64.3101 41 1201 193.2100 42.9600 42 1103 216.0600 39.8800 43 1136 166.0300 71.8401 45 969 173.3100 53.9400 46 1105 243.9400 24.5100 47 1067 172.3100 25.9700 48 988 107.2700 56.4100 49 1086 124.1600 50.1800 50 1092 51.4600 6.5300 51 1150 68.3900 17.6800
1.2639154131e+000 -1.4242923127e+000 3.1997727823e+000
178 160 88
11 40 1387 226.5000 64.3101 41 1202 193.2100 42.9600 42 1104 216.0600 39.8800 43 1135 166.0300 71.8401 45 970 173.3100 53.9400 46 1104 243.9400 24.5100 47 1066 172.3100 25.9700 48 987 107.2700 56.4100 49 1087 124.1600 50.1800 50 1091 51.4600 6.5300 51 1149 68.3900 17.6800
1.2623016078e+000 -1.4019154829e+000 3.2030187741e+000
170 158 38
6 40 1689 210.2800 178.4399 41 1499 179.3400 159.7000 42 1428 205.4200 153.7100 43 1447 159.8800 187.5200 45 1280 166.1300 173.6500 46 1425 243.2300 152.3700
1.2249397861e+000 -1.5956717930e+000 3.2209046969e+000
181 125 76
5 41 192 9.4300 -350.2600 42 164 27.9500 -326.2900 43 185 -32.0000 -289.2200 46 181 8.0000 -348.2900 47 179 -50.2800 -322.3400
1.2580899959e+000 -1.5528714038e+000 3.2193715056e+000
166 84 83
3 41 200 55.6000 -372.0601 42 166 73.3200 -350.0200 45 165 15.8500 -334.1600
1.3282565175e+000 -1.4345301047e+000 3.2187666296e+000
28 55 71
2 41 211 250.1400 -372.8300 42 210 274.1400 -364.6700
1.2333844439e+000 -1.6017896641e+000 3.2244007689e+000
74 34 29
4 41 217 7.1400 -388.9600 42 182 25.8300 -362.9301 43 200 -34.4100 -326.1300 46 511 5.3600 -386.9600
1.2499869969e+000 -1.5732501237e+000 3.2216494802e+000
166 84 82
6 41 220 35.6600 -387.6899 42 185 53.6900 -362.8700 43 204 -5.2200 -326.8300 46 201 36.4200 -391.8400 47 192 -23.6300 -365.5300 49 186 -65.2200 -314.9200
1.2544582368e+000 -1.5715716166e+000 3.2228147196e+000
173 84 83
5 41 224 37.1400 -399.9000 42 187 54.7900 -375.2500 43 206 -4.2900 -340.2300 46 207 37.7500 -405.8800 47 196 -22.0400 -379.0601
1.2983730922e+000 -1.3989084361e+000 3.2064437341e+000
86 85 64
2 41 493 275.4000 9.6100 42 667 303.1000 3.8500
1.3564065134e+000 -1.4502606264e+000 3.2304008317e+000
126 77 45
2 41 667 230.6500 -623.4900 42 596 250.3400 -605.6000
1.1706734889e+000 -1.5808981862e+000 3.2032568392e+000
126 68 54
3 41 932 9.3800 -159.1100 43 681 -32.7000 -106.7200 45 577 -34.8000 -120.2900
1.2790975117e+000 -1.4897403242e+000 3.2122962671e+000
127 142 137
2 41 947 131.5500 -290.1801 43 837 96.2100 -245.6300
1.2674577830e+000 -1.3986301107e+000 3.1991125715e+000
129 129 43
6 41 1061 222.1800 166.3101 42 943 248.8800 157.1500 43 960 201.6300 190.4600 45 820 210.0200 174.0801 46 983 290.3500 153.3600 47 940 217.6000 148.5901
1.3026203896e+000 -1.4475418596e+000 3.2120156501e+000
115 137 138
6 41 1232 206.0800 -260.8300 42 988 228.4800 -253.3000 43 1000 180.2600 -227.5100 45 850 190.5300 -252.4600 46 1125 252.7700 -303.6000 49 976 140.3600 -271.0800
1.3026203896e+000 -1.4475418596e+000 3.2120156501e+000
115 137 138
6 41 1233 206.0800 -260.8300 42 989 228.4800 -253.3000 43 1001 180.2600 -227.5100 45 851 190.5300 -252.4600 46 1126 252.7700 -303.6000 49 977 140.3600 -271.0800
1.1682638726e+000 -1.5233395638e+000 3.1904090250e+000
163 150 108
8 41 1390 48.3500 -3.8400 45 1217 5.2600 25.0300 46 1359 57.9700 -0.6200 47 1308 -10.0400 9.2700 48 1279 -69.0400 48.0700 49 1379 -50.8700 50.1400 50 1315 -111.7300 13.2700 51 1382 -85.7500 30.9300
1.2427512244e+000 -1.5553459794e+000 3.2170244320e+000
134 157 151
2 42 159 62.6000 -302.3800 45 142 3.6800 -284.7100
1.2677342918e+000 -1.5367969461e+000 3.2194133422e+000
75 27 24
5 42 170 88.7200 -351.9900 43 190 31.6200 -318.7200 46 211 77.3200 -386.9301 47 201 15.4900 -363.6100 49 193 -27.4900 -317.9200
1.2876998885e+000 -1.4996707348e+000 3.2165079657e+000
137 78 85
3 42 172 142.2600 -343.7100 45 177 92.1700 -335.7500 46 223 142.3500 -387.1700
1.2683913204e+000 -1.5650193204e+000 3.2245422152e+000
124 100 96
5 42 214 66.9400 -411.4399 45 463 9.2900 -396.2100 46 544 50.1700 -446.1899 47 527 -9.1500 -418.9000 49 471 -51.7500 -369.3101
1.3064890946e+000 -1.4478781315e+000 3.2123796437e+000
128 34 31
6 42 484 235.7900 -275.3700 43 170 187.2100 -249.2100 45 418 199.2800 -276.8101 46 489 261.2700 -328.7200 47 474 197.8800 -319.9399 50 197 82.8300 -333.3199
1.2469909762e+000 -1.5816689825e+000 3.2221976748e+000
164 86 82
5 42 516 48.1200 -368.0699 43 508 -11.2000 -332.9200 45 430 -11.2100 -349.6500 46 517 29.5500 -396.5800 47 492 -29.6500 -369.3199
1.2671064549e+000 -1.5564467728e+000 3.2232999749e+000
57 36 35
6 42 550 70.8900 -391.3600 45 449 13.3000 -376.3000 48 620 -58.1300 -357.9200 49 464 -46.9600 -350.2400 50 466 -99.6200 -373.4800 51 499 -82.3700 -346.9500
1.2403932036e+000 -1.6163824546e+000 3.2271706390e+000
73 31 35
8 42 706 21.9500 -406.3199 45 616 -38.5300 -385.2100 46 750 0.7800 -432.3400 47 699 -55.3900 -401.9700 48 619 -105.3400 -356.7100 49 456 -93.3700 -346.5000 50 462 -139.7200 -366.6000 51 496 -119.1600 -337.8199
1.3036317583e+000 -1.7455592567e+000 3.2392843687e+000
98 18 24
4 42 876 47.6000 -670.9100 43 896 -11.3700 -635.5601 45 761 -7.5900 -655.7100 47 877 -28.6600 -675.4100
1.2560472091e+000 -1.4654006522e+000 3.2058794150e+000
150 140 110
3 42 964 147.2400 -100.7000 43 1156 91.9900 -70.2200 45 983 94.4900 -88.1000
1.2738438174e+000 -1.4752942708e+000 3.2100923926e+000
94 38 24
5 42 983 157.7900 -208.7900 43 993 103.1700 -179.6400 46 1120 162.7600 -244.8700 47 1084 97.0300 -231.4399 49 1111 50.0400 -197.4800
1.2995348705e+000 -1.4481538773e+000 3.2113219462e+000
17 60 88
7 42 986 222.8000 -238.7100 43 995 174.1600 -212.7500 45 1003 182.8300 -237.1000 46 1123 245.3000 -286.9399 47 1089 182.5000 -277.3800 49 1114 134.5500 -253.5601 50 1133 70.5300 -289.9700
1.2401021004e+000 -1.4244534838e+000 3.1971898114e+000
26 52 26
4 42 1095 173.1800 126.9000 43 1122 120.0700 162.1799 45 952 124.2200 147.5300 46 1186 193.1100 127.0500
1.2484842244e+000 -1.4422204752e+000 3.1991193047e+000
28 52 22
9 42 1109 172.0500 19.3900 43 1142 119.7600 53.8800 45 1087 124.5100 37.6000 46 1203 189.7900 8.5000 47 1171 120.3700 13.4400 48 1114 55.5500 46.1200 49 1222 71.6300 41.3900 50 1237 1.8400 0.1200 51 1293 20.7200 13.4600
1.2560430574e+000 -1.4446051349e+000 3.2023382299e+000
28 49 32
8 42 1117 174.8700 -19.0800 43 1143 122.1600 13.8700 45 980 126.0300 -4.7400 46 1220 188.7400 -38.2200 47 1186 117.2200 -33.7700 48 1130 53.6500 -0.7800 49 1233 68.1000 -5.0600 50 1244 -0.3900 -44.6700
1.2935187607e+000 -1.4199642031e+000 3.2084215734e+000
100 40 32
2 42 1124 250.4100 -85.2400 45 1112 216.2600 -81.3600
1.2815905292e+000 -1.4465948421e+000 3.2070207981e+000
153 143 108
3 42 1133 204.7600 -140.2400 43 1160 154.6900 -110.7300 45 993 161.9500 -131.8500
1.1823185793e+000 -1.5298285814e+000 3.1954528691e+000
160 146 119
9 42 1317 66.8900 -52.5300 43 1351 6.3500 -15.1400 45 1220 5.4300 -31.2700 46 1363 55.9500 -60.5300 47 1312 -10.5000 -48.5500 48 1284 -68.8500 -8.2000 49 1384 -51.6000 -5.2500 50 1326 -111.7100 -38.3500 51 1385 -86.8700 -18.8000
1.2100641162e+000 -1.4819691687e+000 3.1938653894e+000
164 143 76
8 43 1255 57.4900 43.5500 45 1092 58.0300 28.5200 46 1200 116.1700 1.5400 47 1168 46.3300 8.5200 48 1112 -15.4800 45.2600 49 1218 2.0600 44.8400 50 1235 -62.7300 6.9000 51 1292 -40.1600 22.6500
1.2100641162e+000 -1.4819691687e+000 3.1938653894e+000
164 143 76
8 43 1256 57.4900 43.5500 45 1093 58.0300 28.5200 46 1199 116.1700 1.5400 47 1167 46.3300 8.5200 48 1113 -15.4800 45.2600 49 1219 2.0600 44.8400 50 1234 -62.7300 6.9000 51 1291 -40.1600 22.6500
1.2006757715e+000 -1.4841340232e+000 3.1940068495e+000
25 51 27
7 43 1346 42.0100 63.4600 45 1181 42.0500 49.6000 46 1316 98.7400 22.8300 47 1265 29.1900 29.7600 48 1221 -32.5400 66.1400 49 1324 -13.4800 66.4900 50 1318 -77.4600 27.8500
1.2325609392e+000 -1.4615406198e+000 3.1991731149e+000
27 49 26
7 43 1347 79.9500 37.2800 45 1182 81.2200 20.4100 46 1321 141.1500 -8.3100 48 1230 8.7400 31.7600 49 1331 25.8300 30.2200 50 1321 -40.0000 -8.9700 51 1384 -18.7500 6.4100
1.2638713250e+000 -1.4940151663e+000 3.2099451989e+000
104 20 19
3 45 117 79.5600 -212.1400 47 116 67.0000 -240.9000 49 128 20.1700 -201.8000
1.2688773097e+000 -1.4932246523e+000 3.2107186917e+000
90 16 11
3 45 130 86.1900 -231.1400 46 155 138.2800 -276.8800 47 144 73.4700 -260.7500
1.2746457319e+000 -1.4803626385e+000 3.2099626144e+000
108 20 23
2 45 395 107.0600 -218.3000 47 455 96.3000 -249.8000
1.2958876126e+000 -1.4596809454e+000 3.2120877988e+000
31 37 31
3 45 415 159.4600 -258.0500 46 481 218.4100 -308.4301 47 469 153.5300 -296.7300
1.2703759422e+000 -1.5482374410e+000 3.2226605600e+000
47 30 16
7 45 450 22.1000 -373.6801 46 543 65.2500 -422.3400 47 510 4.4500 -397.9301 48 209 -49.3000 -356.2700 49 210 -39.6000 -350.0699 50 208 -91.9300 -373.4301 51 218 -75.1600 -346.0300
1.2966677591e+000 -1.5022003286e+000 3.2177127103e+000
60 43 39
3 45 457 102.8900 -383.2000 46 553 152.3300 -436.9399 47 530 89.8300 -416.4301
1.2715917963e+000 -1.5502982270e+000 3.2231620936e+000
99 58 50
6 45 608 21.7500 -382.0300 46 753 63.3300 -431.6200 47 703 3.4600 -405.8000 49 469 -39.4000 -358.6600 50 467 -91.9100 -381.0200 51 508 -75.4500 -353.9700
1.2952255367e+000 -1.4973478242e+000 3.2187433161e+000
60 41 37
7 45 611 97.5600 -367.5500 46 756 147.4500 -420.9800 47 708 85.0100 -402.0300 48 625 29.2700 -365.5900 49 679 38.2900 -364.1500 50 638 -19.1900 -391.8101 51 705 -7.4700 -368.3199
1.2396246820e+000 -1.6178742306e+000 3.2272610393e+000
49 19 17
4 45 617 -38.5300 -385.2100 46 749 0.7800 -432.3400 47 700 -55.3900 -401.9700 49 455 -93.3700 -346.5000
1.2162249722e+000 -1.4668261872e+000 3.1934885012e+000
132 106 20
5 45 697 74.1100 61.6000 46 852 134.3600 34.8600 48 721 1.1900 74.4000 49 801 20.3000 74.9099 50 774 -46.5800 34.2200
1.2871567681e+000 -1.5063010250e+000 3.2188888078e+000
55 35 33
4 45 730 76.0900 -352.6899 46 1014 126.2300 -403.5400 47 841 65.2500 -383.6700 50 817 -42.2100 -370.3101
1.2425141289e+000 -1.4006948053e+000 3.1977714476e+000
126 23 22
5 45 815 141.5400 258.1899 46 980 216.2700 246.1400 47 935 141.8000 241.6699 49 945 96.5400 266.0000 50 764 21.6000 216.8401
1.2425141289e+000 -1.4006948053e+000 3.1977714476e+000
126 23 22
5 45 816 141.5400 258.1899 46 981 216.2700 246.1400 47 936 141.8000 241.6699 49 946 96.5400 266.0000 50 763 21.6000 216.8401
1.3096623834e+000 -1.4472081030e+000 3.2131215193e+000
69 11 17
6 45 863 203.2600 -293.0699 46 1011 265.7700 -347.6801 47 978 202.2100 -338.5800 49 983 154.3600 -318.3400 50 820 89.3400 -353.0000 51 864 97.4900 -336.5900
1.2918170295e+000 -1.5166242735e+000 3.2211900909e+000
52 34 32
3 45 871 70.3200 -396.8000 46 1135 118.4500 -450.1400 47 984 54.9900 -427.4900
1.1856375900e+000 -1.4703193602e+000 3.1876298350e+000
21 35 21
3 45 951 46.5900 139.3600 46 1185 106.6100 120.3700 49 1072 -7.6500 157.2600
1.2564706528e+000 -1.4441248096e+000 3.2028102210e+000
23 37 11
7 45 981 126.0300 -4.7400 46 1221 188.7400 -38.2200 47 1185 117.2200 -33.7700 48 1129 53.6500 -0.7800 49 1232 68.1000 -5.0600 50 1243 -0.3900 -44.6700 51 1301 16.1000 -31.0000
1.3036812357e+000 -1.4611041274e+000 3.2147724762e+000
57 37 38
4 45 1014 166.2200 -307.7400 47 1217 159.6200 -349.4600 50 1273 43.1700 -356.2200 51 1327 53.0400 -336.3400
1.2219352342e+000 -1.4546737747e+000 3.1945914861e+000
127 110 63
7 45 1174 84.3100 85.6200 46 1358 147.3600 62.1700 47 1307 75.2000 65.1200 48 1277 11.6200 99.1699 49 1377 30.1100 96.7400 50 1361 -37.8500 55.1400 51 1372 -15.6900 68.6000
1.2573417403e+000 -1.4371877957e+000 3.2004708494e+000
129 110 54
5 45 1184 143.6100 22.1800 48 1232 73.9300 27.0700 49 1333 89.9500 22.3000 50 1322 18.7300 -18.9700 51 1387 36.8300 -6.1000
1.2810922238e+000 -1.4668615721e+000 3.2086003830e+000
87 21 14
2 46 141 194.9000 -249.6100 47 132 128.6800 -237.2100
1.2829974072e+000 -1.4593613631e+000 3.2094985852e+000
164 100 63
4 46 143 200.8400 -234.7200 47 109 134.4200 -224.0699 49 144 86.4000 -194.2800 50 141 21.4900 -229.5500
1.2844449534e+000 -1.4581620345e+000 3.2095098968e+000
86 23 14
2 46 144 205.9300 -237.9200 47 134 139.6700 -227.2300
1.2844449534e+000 -1.4581620345e+000 3.2095098968e+000
86 23 14
2 46 145 205.9300 -237.9200 47 133 139.6700 -227.2300
1.2857582382e+000 -1.4587711531e+000 3.2099402072e+000
90 13 12
3 46 146 205.6800 -247.7000 47 135 139.6000 -236.6300 49 145 91.8900 -207.7500
1.2857582382e+000 -1.4587711531e+000 3.2099402072e+000
90 13 12
3 46 147 205.6800 -247.7000 47 136 139.6000 -236.6300 49 146 91.8900 -207.7500
1.2805796499e+000 -1.4876076871e+000 3.2140428582e+000
107 116 95
2 46 156 148.4700 -319.1200 47 156 83.7300 -302.9600
1.2941514422e+000 -1.4635004435e+000 3.2125359525e+000
28 39 41
2 46 167 207.0900 -312.6200 47 168 142.5600 -299.9399
1.2941514422e+000 -1.4635004435e+000 3.2125359525e+000
28 39 41
2 46 168 207.0900 -312.6200 47 167 142.5600 -299.9399
1.2980160764e+000 -1.4539859288e+000 3.2115364762e+000
92 108 89
2 46 169 233.7500 -300.0500 47 170 169.1400 -289.1400
1.3036880844e+000 -1.4471554731e+000 3.2122020377e+000
91 113 100
3 46 174 254.1100 -310.0200 47 175 189.6300 -300.2200 49 181 141.1800 -278.0000
1.2958078223e+000 -1.4627844672e+000 3.2132235564e+000
23 47 49
2 46 183 208.5900 -320.3900 49 173 94.2000 -279.1899
1.3037225274e+000 -1.4575683037e+000 3.2141831663e+000
131 84 54
2 46 184 228.4600 -349.7400 47 183 164.9300 -337.7900
1.2706954166e+000 -1.5360032424e+000 3.2206273914e+000
52 19 14
4 46 215 77.2700 -399.0500 47 206 15.8800 -374.7200 49 207 -27.8700 -329.3000 50 210 -82.2200 -354.0601
1.3003979038e+000 -1.4756863591e+000 3.2157238612e+000
99 54 48
2 46 224 191.7500 -388.0500 47 214 128.7400 -372.2000
1.2940558049e+000 -1.5039221378e+000 3.2193307670e+000
53 37 30
2 46 240 137.5700 -431.3000 47 238 75.2900 -410.5699
1.2676365388e+000 -1.3994188485e+000 3.2005658527e+000
24 36 6
4 46 432 282.5100 147.8401 47 436 208.9700 143.2200 50 82 84.8900 115.8600 51 97 101.6100 121.5000
1.2990756741e+000 -1.4219595736e+000 3.2076038526e+000
148 89 57
2 46 453 310.0800 -164.8800 47 446 243.1200 -162.1100
1.2728668875e+000 -1.4776917936e+000 3.2111880530e+000
92 20 14
3 46 461 154.2100 -249.3199 49 405 40.3200 -201.0699 51 459 -5.8500 -213.3600
1.2806610885e+000 -1.4677737773e+000 3.2105367925e+000
158 94 62
3 46 465 182.0300 -253.7700 47 457 116.0000 -241.2100 49 407 68.2100 -209.5500
1.2890101416e+000 -1.4596743041e+000 3.2105221537e+000
184 61 55
2 46 470 210.1800 -268.7800 47 147 144.2200 -257.4600
1.2603228558e+000 -1.5461445257e+000 3.2192272704e+000
60 18 11
3 46 504 65.3200 -376.9900 47 498 3.9600 -352.9000 50 453 -93.9500 -329.5699
1.2928988153e+000 -1.5032234298e+000 3.2196793563e+000
94 64 56
2 46 551 134.0500 -424.9800 49 483 25.1700 -365.6200
1.3070072832e+000 -1.4909361826e+000 3.2198296677e+000
82 58 34
6 46 566 171.8600 -467.3600 47 531 109.7500 -447.9700 48 462 54.2600 -413.5500 49 491 61.4300 -413.8700 50 490 4.0600 -441.5300 51 280 14.4400 -417.7900
1.3237587389e+000 -1.4501729999e+000 3.2174315140e+000
22 47 45
2 46 567 274.3600 -456.4301 49 508 165.5600 -427.2300
1.3192898272e+000 -1.5060732195e+000 3.2253053612e+000
69 49 42
2 46 602 154.2600 -568.3600 47 573 95.4100 -545.0400
1.2614745499e+000 -1.6030849461e+000 3.2294849169e+000
140 90 67
3 46 768 17.7700 -482.7700 47 719 -38.8200 -451.9399 49 489 -78.9800 -397.7100
1.3237480680e+000 -1.4451889970e+000 3.2163935409e+000
82 92 84
3 46 897 289.5900 -439.0000 47 849 229.3300 -429.0699 49 844 180.9700 -413.1000
1.2945972960e+000 -1.5096231198e+000 3.2213248249e+000
51 32 26
4 46 901 126.0700 -449.2800 47 847 65.2000 -427.3600 49 841 17.1100 -387.2500 50 821 -38.6900 -413.4600
1.2144188301e+000 -1.6409995754e+000 3.2274925630e+000
139 94 50
3 46 1012 -26.5500 -391.0601 47 838 -81.2200 -362.8500 49 835 -115.3300 -305.4100
1.3272253355e+000 -1.4379716804e+000 3.2136124909e+000
14 37 43
6 46 1022 330.5800 -431.1700 47 987 272.2800 -423.8199 48 896 218.3300 -401.1899 49 1128 227.6700 -413.3101 50 1152 165.1000 -450.2900 51 1206 169.4600 -435.1000
1.2637606873e+000 -1.4450540355e+000 3.2038000377e+000
125 106 64
6 46 1394 201.6600 -74.9600 47 1340 130.3300 -70.7900 48 1327 66.2100 -38.7000 49 1420 79.0500 -42.7700 50 1406 11.9700 -81.3900 51 1470 28.9200 -66.6801
1.3119605061e+000 -1.4092307226e+000 3.2115034393e+000
115 95 60
2 46 1428 353.3800 -195.0400 47 1389 295.3600 -193.1300
1.3379097752e+000 -1.4680895816e+000 3.2238649393e+000
116 78 41
2 46 1432 245.1500 -604.1801 47 1392 186.8400 -588.9000
1.2690230075e+000 -1.4056125699e+000 3.1996141766e+000
110 99 28
3 47 89 213.4300 102.1899 49 86 165.3500 121.9600 50 91 88.2500 74.0000
1.2641175451e+000 -1.4935308975e+000 3.2101460062e+000
89 13 17
4 47 115 67.0000 -240.9000 49 127 20.1700 -201.8000 50 130 -40.2800 -233.2200 51 135 -24.0300 -210.6801
1.2651324488e+000 -1.4868882404e+000 3.2099083913e+000
164 100 59
2 47 118 72.5700 -226.4700 49 117 26.7000 -189.3101
1.2933338307e+000 -1.4639960469e+000 3.2144419196e+000
107 116 101
2 47 162 128.8600 -300.9800 49 166 79.8300 -271.3800
1.2962199139e+000 -1.4606428281e+000 3.2129646983e+000
92 112 103
2 47 169 147.8000 -303.2900 49 172 99.3300 -275.0900
1.2729573228e+000 -1.5632835997e+000 3.2262586869e+000
48 20 17
2 47 247 -7.7900 -434.6801 49 248 -51.6400 -385.2300
1.3284172253e+000 -1.4401083751e+000 3.2169664575e+000
26 41 39
2 47 257 248.8800 -448.1801 49 266 203.5800 -435.5300
1.2875571252e+000 -1.5500906998e+000 3.2259008704e+000
115 83 53
2 47 268 17.5000 -469.8000 49 256 -26.8000 -422.8500
1.3045743207e+000 -1.5022061313e+000 3.2214343905e+000
111 77 53
2 47 273 88.3300 -460.1100 49 259 40.9500 -422.8500
1.2943627340e+000 -1.5404335837e+000 3.2256354950e+000
13 6 1
3 47 288 32.9100 -482.9600 50 252 -64.7900 -460.0400 51 277 -51.3400 -431.4399
1.1884843406e+000 -1.4381124790e+000 3.1862812380e+000
106 20 18
4 47 423 55.0400 236.5801 49 370 12.6000 266.2800 50 397 -57.2000 219.5300 51 406 -30.2400 228.7500
1.2300924620e+000 -1.4098168995e+000 3.1953291676e+000
113 26 22
2 47 430 114.2300 237.8700 50 401 -3.2500 214.9500
1.2769223923e+000 -1.4933139899e+000 3.2127668690e+000
22 40 37
2 47 467 79.3800 -298.8800 49 421 32.7100 -260.7500
1.2987727436e+000 -1.5300549003e+000 3.2271819149e+000
114 82 59
2 47 550 36.8400 -488.6700 49 258 -9.6400 -445.4700
1.3058210332e+000 -1.4772225411e+000 3.2176743804e+000
55 39 32
3 47 711 130.8600 -408.2700 49 681 81.5900 -377.2100 50 639 21.4100 -407.5601
1.2603175978e+000 -1.4104989929e+000 3.1951507280e+000
20 34 10
2 47 802 204.7800 120.5901 49 800 157.2400 140.8600
1.3066801999e+000 -1.4498699634e+000 3.2125026865e+000
62 12 10
2 47 835 193.2500 -327.6400 49 672 144.0100 -304.8199
1.2907860436e+000 -1.5000748485e+000 3.2177633373e+000
54 36 35
3 47 846 77.8400 -384.7100 50 818 -23.6700 -374.2500 51 861 -11.6500 -350.7100
1.1430536525e+000 -1.6171556770e+000 3.1992591354e+000
134 76 57
4 47 952 -69.1700 -133.2500 49 807 -104.1900 -83.3500 50 782 -155.7800 -112.4399 51 835 -129.8000 -89.3300
1.2953636770e+000 -1.5470007495e+000 3.2273843248e+000
107 82 52
4 47 998 25.2300 -498.8900 49 854 -19.7600 -451.6500 50 834 -71.2300 -473.4900 51 878 -58.0500 -445.1600
1.2913385821e+000 -1.4724313277e+000 3.2140587411e+000
18 41 47
2 47 1211 120.0500 -314.2600 49 1268 69.0200 -282.0000
1.1945527097e+000 -1.4909394539e+000 3.1911939934e+000
21 34 14
5 47 1266 29.1900 29.7600 48 1220 -32.5400 66.1400 49 1323 -13.4800 66.4900 50 1317 -77.4600 27.8500 51 1375 -53.5200 43.3900
1.2931269137e+000 -1.4177884109e+000 3.2070047122e+000
79 52 30
2 49 99 183.7900 -89.9399 51 114 123.0000 -121.4500
1.2931269137e+000 -1.4177884109e+000 3.2070047122e+000
79 52 30
2 49 100 183.7900 -89.9399 51 115 123.0000 -121.4500
1.2797448549e+000 -1.4661066587e+000 3.2114648789e+000
83 21 16
2 49 143 61.7400 -201.7600 50 428 -1.5500 -236.0000
1.2949454571e+000 -1.4606340379e+000 3.2133319974e+000
36 43 36
3 49 169 93.7400 -268.7700 50 172 30.3600 -303.0500 51 170 42.1200 -283.8700
1.2949454571e+000 -1.4606340379e+000 3.2133319974e+000
36 43 36
3 49 170 93.7400 -268.7700 50 171 30.3600 -303.0500 51 171 42.1200 -283.8700
1.2959259264e+000 -1.4599708337e+000 3.2119843315e+000
32 41 36
2 49 427 104.9700 -269.6801 50 440 41.0500 -303.6300
1.2998280004e+000 -1.4530357997e+000 3.2115395124e+000
36 43 36
2 49 429 126.0300 -271.1300 51 476 71.4100 -288.3400
1.2719034980e+000 -1.5575308017e+000 3.2239045143e+000
101 74 65
3 49 473 -43.1000 -370.6200 50 479 -94.3700 -392.6400 51 507 -78.1100 -365.1500
1.2719034980e+000 -1.5575308017e+000 3.2239045143e+000
101 74 65
3 49 474 -43.1000 -370.6200 50 480 -94.3700 -392.6400 51 506 -78.1100 -365.1500
1.2917086151e+000 -1.5522192036e+000 3.2280697354e+000
108 77 56
2 49 501 -29.8000 -444.6300 51 276 -65.8600 -437.3199
1.2875017351e+000 -1.4585201971e+000 3.2115692495e+000
94 17 16
2 49 656 86.4600 -219.1801 51 685 34.9700 -235.5200
1.3228051391e+000 -1.4533709368e+000 3.2151445555e+000
22 39 46
3 49 690 172.7800 -421.7400 50 501 111.4000 -457.8600 51 535 116.1100 -437.7200
1.2983132217e+000 -1.3980524888e+000 3.2065286287e+000
48 50 29
2 49 803 248.5300 -18.5600 50 777 174.7300 -65.9600
1.2392660593e+000 -1.5076567296e+000 3.2069394911e+000
123 111 71
2 49 814 -13.3100 -136.6500 51 845 -53.1400 -146.5800
1.2842949099e+000 -1.5069824032e+000 3.2179715688e+000
88 50 44
2 49 838 16.3600 -330.7400 51 860 -27.7000 -333.1200
1.3053505251e+000 -1.4894981061e+000 3.2191945853e+000
95 73 60
2 49 842 64.0400 -401.5000 50 827 4.0900 -429.3101
1.2714473614e+000 -1.4764878001e+000 3.2127345415e+000
77 37 29
3 49 970 30.3400 -193.7700 50 967 -31.8700 -227.0300 51 1018 -15.5200 -206.6500
1.3243457581e+000 -1.4197920234e+000 3.2095642187e+000
80 22 18
3 49 988 282.3500 -323.4200 50 1145 222.8900 -366.7900 51 1199 230.4400 -358.8300
1.2948632463e+000 -1.4210511792e+000 3.2069409796e+000
152 84 56
2 49 1105 184.6300 -115.3400 50 1117 114.0900 -157.5000
1.2638006031e+000 -1.5160836715e+000 3.2157493633e+000
87 99 89
3 49 1115 -13.7400 -258.9301 50 1128 -70.1700 -286.5400 51 1185 -53.2700 -263.0100
1.2642223150e+000 -1.5151100981e+000 3.2160041552e+000
87 99 89
2 49 1116 -13.7400 -258.9301 51 1186 -53.2700 -263.0100
1.3216994925e+000 -1.4209980852e+000 3.2094941643e+000
102 45 34
2 49 1122 271.5400 -307.5400 50 1143 209.3300 -350.5699
1.2881829153e+000 -1.4301697782e+000 3.2063340032e+000
118 103 70
3 49 1246 152.2700 -113.3800 50 1116 81.7600 -153.3700 51 1173 93.9600 -139.8400
