# Bundle file v0.3
60 312
0 0 0
0 0 0
0 0 0
0 0 0
0 0 0
0 0 0
0 0 0
0 0 0
0 0 0
0 0 0
0 0 0
0 0 0
0 0 0
0 0 0
0 0 0
0 0 0
0 0 0
0 0 0
0 0 0
0 0 0
0 0 0
0 0 0
0 0 0
0 0 0
0 0 0
0 0 0
0 0 0
0 0 0
0 0 0
0 0 0
0 0 0
0 0 0
0 0 0
0 0 0
0 0 0
0 0 0
0 0 0
0 0 0
0 0 0
0 0 0
0 0 0
0 0 0
0 0 0
0 0 0
0 0 0
0 0 0
0 0 0
0 0 0
0 0 0
0 0 0
0 0 0
0 0 0
0 0 0
0 0 0
0 0 0
0 0 0
0 0 0
0 0 0
0 0 0
0 0 0
0 0 0
0 0 0
0 0 0
0 0 0
0 0 0
0 0 0
0 0 0
0 0 0
0 0 0
0 0 0
0 0 0
0 0 0
0 0 0
0 0 0
0 0 0
0 0 0
0 0 0
0 0 0
0 0 0
0 0 0
0 0 0
0 0 0
0 0 0
0 0 0
0 0 0
0 0 0
0 0 0
0 0 0
0 0 0
0 0 0
0 0 0
0 0 0
0 0 0
0 0 0
0 0 0
0 0 0
0 0 0
0 0 0
0 0 0
0 0 0
0 0 0
0 0 0
0 0 0
0 0 0
0 0 0
0 0 0
0 0 0
0 0 0
0 0 0
0 0 0
0 0 0
0 0 0
0 0 0
0 0 0
0 0 0
0 0 0
0 0 0
0 0 0
0 0 0
0 0 0
0 0 0
0 0 0
0 0 0
0 0 0
0 0 0
0 0 0
0 0 0
0 0 0
0 0 0
0 0 0
0 0 0
0 0 0
0 0 0
0 0 0
0 0 0
0 0 0
0 0 0
0 0 0
0 0 0
0 0 0
0 0 0
0 0 0
0 0 0
0 0 0
0 0 0
0 0 0
0 0 0
0 0 0
0 0 0
0 0 0
0 0 0
0 0 0
0 0 0
0 0 0
0 0 0
0 0 0
0 0 0
0 0 0
0 0 0
0 0 0
0 0 0
0 0 0
0 0 0
0 0 0
0 0 0
0 0 0
0 0 0
0 0 0
0 0 0
0 0 0
0 0 0
0 0 0
0 0 0
0 0 0
0 0 0
0 0 0
0 0 0
0 0 0
0 0 0
0 0 0
1.8175142649e+003 -8.0955616643e-001 2.4362033516e-001
1.6217971679e-001 4.9100921859e-002 -9.8553885714e-001
-6.5854073727e-001 7.4918415049e-001 -7.1043690794e-002
7.3486178075e-001 6.6053933125e-001 1.5383743063e-001
3.1868038757e+000 2.2204078509e+000 -6.2898358224e-001
-1.3435716375e+003 -6.4127637855e-001 4.7674801125e-001
-1.2657119550e-001 -3.5594466125e-002 9.9131870075e-001
-5.9785332769e-001 8.0019088892e-001 -4.7601889174e-002
-7.9154982852e-001 -5.9868821207e-001 -1.2256138746e-001
-3.1262315536e+000 2.1578229298e+000 6.1005631181e-001
1.1715011132e+003 -3.6697151142e-001 8.7216096987e-002
1.9140228358e-001 8.1654142322e-002 -9.7810928167e-001
-5.7407628487e-001 8.1761428241e-001 -4.4082925807e-002
7.9611656495e-001 5.6994691529e-001 2.0336894741e-001
3.1718093137e+000 2.1430630312e+000 -9.1000702227e-001
-9.5135191645e+002 -3.5811598750e-002 -4.0105402345e-001
-4.9741151794e-002 6.9580321509e-002 9.9633548400e-001
-5.6017115275e-001 8.2395188335e-001 -8.5507739771e-002
-8.2688215451e-001 -5.6237165006e-001 -2.0074267923e-003
-3.0877828391e+000 2.2780943015e+000 2.7188100667e-001
1.1275085752e+003 -3.4574396303e-001 -1.4687996306e-002
2.1561756638e-001 1.4220330147e-001 -9.6606795109e-001
-6.0171557226e-001 7.9853468938e-001 -1.6754699453e-002
7.6905619767e-001 5.8491073755e-001 2.5774404732e-001
3.1871973524e+000 2.0565954681e+000 -1.0279288764e+000
1.0721041260e+003 -2.5671962127e-001 -9.9999798689e-002
2.6293087396e-001 1.7347562219e-001 -9.4909091452e-001
-5.9237633388e-001 8.0548450836e-001 -1.6881523871e-002
7.6154949582e-001 5.6665767029e-001 3.1454959883e-001
3.1169398984e+000 2.0537885956e+000 -1.2239491278e+000
9.8911126983e+002 -2.1923893384e-001 -1.2308977889e-001
2.4889534228e-001 1.7062361389e-001 -9.5338276205e-001
-6.0346451277e-001 7.9725133392e-001 -1.4862449011e-002
7.5754979402e-001 5.7903185832e-001 3.0139743966e-001
3.1479494412e+000 2.0475065065e+000 -1.1494481169e+000
9.7824640127e+002 -1.8806650515e-001 -2.3943048028e-001
3.0296592303e-001 2.1220113610e-001 -9.2907606111e-001
-6.3894917755e-001 7.6854846766e-001 -3.2820745931e-002
7.0707538353e-001 6.0357595271e-001 3.6842973728e-001
3.0592949202e+000 2.1093669059e+000 -1.2669574981e+000
0 0 0
0 0 0
0 0 0
0 0 0
0 0 0
9.6507533922e+002 -1.8023862836e-001 -1.6563601932e-001
3.1263477178e-001 2.1188531444e-001 -9.2593958388e-001
-6.3303367711e-001 7.7324940005e-001 -3.6793055932e-002
7.0818631950e-001 5.9765372821e-001 3.7587518944e-001
3.0368460893e+000 2.1201677657e+000 -1.2970415106e+000
1.0225116392e+003 -2.6825587191e-001 1.6075316684e-002
2.6321234608e-001 2.0327461239e-001 -9.4307936719e-001
-6.2420264958e-001 7.8124077367e-001 -5.8228698085e-003
7.3558841286e-001 5.9020529099e-001 3.3251676854e-001
3.1474392621e+000 2.0155099038e+000 -1.1952381565e+000
9.3993005934e+002 -2.1415364088e-001 -2.2127229910e-002
3.2302315479e-001 2.3161766759e-001 -9.1761064593e-001
-6.3484241536e-001 7.7211252834e-001 -2.8589355395e-002
7.0187687605e-001 5.9177318259e-001 3.9645094429e-001
3.0262417347e+000 2.0898308144e+000 -1.3567747990e+000
9.0374141233e+002 -5.2872246232e-003 -4.7793658527e-001
3.7330659842e-001 2.6066126485e-001 -8.9033582910e-001
-6.6990739685e-001 7.3965175676e-001 -6.4337845604e-002
6.4176807588e-001 6.2046029989e-001 4.5073579073e-001
2.9123187376e+000 2.2034795688e+000 -1.4151992827e+000
0 0 0
0 0 0
0 0 0
0 0 0
0 0 0
0 0 0
0 0 0
0 0 0
0 0 0
0 0 0
0 0 0
0 0 0
0 0 0
0 0 0
0 0 0
0 0 0
0 0 0
0 0 0
0 0 0
0 0 0
0 0 0
0 0 0
0 0 0
0 0 0
0 0 0
0 0 0
0 0 0
0 0 0
0 0 0
0 0 0
0 0 0
0 0 0
0 0 0
0 0 0
0 0 0
0 0 0
0 0 0
0 0 0
0 0 0
0 0 0
0 0 0
0 0 0
0 0 0
0 0 0
0 0 0
0 0 0
0 0 0
0 0 0
0 0 0
0 0 0
0 0 0
0 0 0
0 0 0
0 0 0
0 0 0
1.2279852384e+000 -1.5834011715e+000 3.2361802701e+000
36 52 23
2 37 1002 -126.2500 16.4900 39 118 -229.2300 61.3700
8.5812772773e-001 -2.3488940924e+000 3.2284529525e+000
208 53 72
3 37 338 62.3400 -499.6000 39 320 -80.1200 -436.2100 36 288 45.8800 -531.0900
9.7819136882e-001 -2.1282527106e+000 3.2532608793e+000
179 121 99
4 37 1106 87.1800 -487.9000 39 719 -61.5300 -427.7600 38 761 5.2300 -482.6000 40 671 -73.5500 -443.0800
1.0550723805e+000 -2.0163992362e+000 3.2680287232e+000
148 21 33
4 37 1498 107.9600 -502.8199 39 1148 -43.6000 -443.3600 38 1398 25.8900 -499.0900 36 1453 92.3200 -532.0200
8.6259936658e-001 -2.5123380397e+000 3.2223761000e+000
181 125 94
3 37 1631 50.8700 -584.3600 39 1313 -84.4000 -516.3300 38 1400 -21.4600 -574.6600
1.1660440130e+000 -1.8813963772e+000 3.2946980274e+000
119 74 32
2 37 850 168.5400 -571.1100 39 762 14.1400 -517.9399
9.4634240858e-001 -2.2130875005e+000 3.2457228418e+000
122 30 39
4 37 342 76.9300 -510.4600 39 326 -69.5800 -447.9399 38 321 -2.8200 -503.6600 36 291 60.4100 -541.2400
7.2230585817e-001 -2.5309258829e+000 3.1967791845e+000
181 126 96
4 37 1096 42.6000 -476.0300 39 709 -96.4600 -412.2700 40 670 -106.6700 -424.1100 41 595 -145.0400 -430.6100
7.7131085923e-001 -2.4574794897e+000 3.2109495682e+000
179 120 103
3 37 786 52.3800 -480.2900 39 318 -89.1200 -416.6500 40 275 -99.3800 -429.6899
1.1971922192e+000 -1.7160023141e+000 3.2980266053e+000
78 29 35
3 37 757 230.7000 -383.2400 39 678 73.7700 -345.2500 38 720 147.5900 -390.5200
1.2007713175e+000 -1.8118156773e+000 3.3020592709e+000
60 21 38
2 37 852 203.2800 -568.6100 39 404 50.1800 -521.6100
1.1907016145e+000 -1.7293161398e+000 3.2972305614e+000
166 84 82
7 37 1076 222.5500 -391.9800 39 958 63.5100 -353.7100 40 1091 49.7400 -377.6600 41 961 1.3300 -396.8199 43 846 -39.7000 -333.3700 45 722 -40.1700 -349.1000 48 756 -108.1000 -321.8600
1.2069866024e+000 -1.7708948521e+000 3.2977658704e+000
56 16 24
6 37 832 203.9300 -525.9500 39 978 49.3000 -480.1500 38 1043 122.9900 -530.3600 41 820 -11.3600 -522.5300 42 725 7.3700 -488.2100 43 733 -50.9000 -450.0300
1.1722722845e+000 -1.8691726823e+000 3.2968540416e+000
161 114 64
2 37 851 176.5000 -570.9000 39 763 21.3700 -519.1400
1.1784584008e+000 -1.7434025695e+000 3.2949583128e+000
101 48 49
9 37 1492 210.7700 -389.1400 39 1298 50.7500 -349.1000 40 1433 35.8800 -370.2100 41 1240 -12.6200 -386.6500 42 1154 7.7900 -358.8800 43 1184 -52.0300 -320.7800 45 1016 -52.4800 -335.3800 46 1133 -13.6900 -378.7000 47 1093 -70.0300 -349.5100
1.2059560312e+000 -1.7505718511e+000 3.2982349589e+000
66 29 29
9 37 1705 214.3300 -485.4399 39 1605 59.0900 -442.8500 38 1638 132.8900 -491.2100 40 1552 45.8600 -466.7500 36 1585 197.8700 -508.6500 41 1342 -1.4900 -487.0100 42 1272 17.1100 -455.9900 43 1289 -41.6800 -418.2700 45 1139 -41.2100 -435.3199
1.2311302453e+000 -1.5757709822e+000 3.2389237242e+000
143 146 128
2 37 1599 -112.7800 48.6800 39 1095 -222.7800 93.6200
1.1851911481e+000 -1.7542455834e+000 3.2953150849e+000
73 32 30
12 37 276 207.0300 -429.1500 39 711 47.9000 -387.2800 38 266 122.0400 -435.7000 40 653 33.4400 -411.1300 36 239 189.8800 -453.8600 41 597 -14.9100 -427.9800 42 543 4.5300 -397.4000 43 229 -55.1100 -360.2000 45 190 -55.1200 -375.2800 46 537 -17.7300 -420.3900 47 219 -72.7900 -389.6899 48 167 -121.0700 -343.6100
1.2252004152e+000 -1.6855496784e+000 3.3022304170e+000
126 91 95
4 37 257 260.6100 -403.8900 39 702 113.9400 -371.6100 40 665 104.9900 -397.6500 41 801 61.1800 -419.8500
1.1908227980e+000 -1.6557525999e+000 3.2993551971e+000
178 37 45
11 37 1028 268.3400 -182.5900 39 918 111.5500 -157.8800 38 976 185.3200 -195.2200 40 854 101.8600 -180.6700 41 938 56.3200 -200.0601 42 823 74.9100 -186.1000 43 831 15.8700 -150.8199 45 705 15.5700 -167.1899 46 866 63.4900 -205.9301 47 815 -1.1200 -188.2400 48 733 -58.3900 -147.5601
1.1908227980e+000 -1.6557525999e+000 3.2993551971e+000
178 37 45
11 37 1029 268.3400 -182.5900 39 917 111.5500 -157.8800 38 975 185.3200 -195.2200 40 853 101.8600 -180.6700 41 937 56.3200 -200.0601 42 824 74.9100 -186.1000 43 830 15.8700 -150.8199 45 706 15.5700 -167.1899 46 865 63.4900 -205.9301 47 814 -1.1200 -188.2400 48 734 -58.3900 -147.5601
1.2403860289e+000 -1.6308801362e+000 3.3005904255e+000
35 71 98
2 37 1289 293.5600 -283.9200 39 1294 154.0400 -261.8600
1.2281037831e+000 -1.6791969565e+000 3.3026771989e+000
62 40 40
3 37 1080 266.4900 -398.3300 39 960 121.4600 -365.9600 41 965 71.0100 -414.8500
1.1688304716e+000 -1.6639994384e+000 3.2966743939e+000
131 82 67
8 37 1267 252.4000 -141.7800 39 1122 90.3300 -116.3700 40 1068 78.5700 -136.9600 41 1088 29.9000 -153.8400 42 972 50.2500 -140.7200 43 981 -10.8000 -103.8101 45 833 -12.0200 -118.6100 48 726 -85.9700 -94.6899
1.1981351437e+000 -1.6450735684e+000 3.3005734545e+000
178 42 49
12 37 1477 279.6200 -169.8400 39 1437 127.0800 -147.4301 38 1533 199.2600 -184.0000 40 1412 118.8500 -170.2500 36 1210 253.1100 -187.0000 41 1325 74.0800 -190.1600 42 1247 92.9100 -177.1700 43 1276 34.9200 -142.9600 45 1127 34.4000 -159.7900 46 1240 83.3900 -199.2400 47 1198 18.1000 -183.0699 48 1149 -40.7600 -143.0900
1.2022179427e+000 -1.6938159602e+000 3.2996104408e+000
179 105 80
11 37 1622 247.9200 -340.1300 39 1600 91.7400 -309.1700 38 1549 165.0300 -352.4900 40 1549 80.5800 -333.2900 36 1445 226.9900 -360.4200 41 1339 34.1600 -353.5100 43 1286 -7.0700 -295.9000 45 1136 -6.6300 -313.0300 46 1258 35.4300 -358.3700 47 1216 -25.2300 -333.3800 48 1170 -78.0200 -290.4100
1.2324893623e+000 -1.6944659548e+000 3.3024879833e+000
141 113 99
6 37 1623 254.7800 -458.6000 39 1606 111.1300 -422.3199 41 1410 62.0000 -469.9399 42 1330 79.6200 -443.7400 43 1364 22.5800 -409.9399 45 1196 23.8000 -430.7200
1.2247935484e+000 -1.7340498587e+000 3.3012349637e+000
139 105 95
4 37 1629 229.0600 -515.7400 39 1478 79.0900 -474.8600 41 1248 21.6000 -521.0800 42 1016 37.6100 -488.7900
1.2360900456e+000 -1.7228109917e+000 3.3030208731e+000
75 36 39
8 37 1501 239.7200 -530.9000 39 1479 92.5100 -492.6300 38 1561 163.7400 -540.5699 43 1291 -1.9800 -476.8900 45 1141 -0.9700 -496.6200 46 1260 36.4700 -550.2200 47 1226 -19.1100 -518.6300 48 1177 -69.0800 -475.0200
1.1859114656e+000 -1.7201434212e+000 3.2967980535e+000
172 130 80
8 37 1699 224.9600 -356.4800 39 1598 67.0500 -319.3300 40 1547 53.1200 -342.5000 41 1405 5.4100 -360.5200 42 1266 24.0600 -335.7700 43 1285 -36.0400 -298.9200 45 1135 -36.1300 -314.4900 46 1257 4.0200 -358.4200
1.1550590501e+000 -1.8630509511e+000 3.2871698654e+000
42 15 24
7 37 1804 154.3800 -527.2700 39 1689 -0.1400 -471.8400 38 1750 71.8100 -525.7800 40 1646 -14.4700 -490.6500 36 1780 139.4300 -555.3101 41 1449 -60.5300 -504.9000 42 1374 -37.7200 -467.7300
1.2171381979e+000 -1.6814722970e+000 3.3015977585e+000
71 34 30
11 37 238 260.7200 -362.1200 39 681 111.8100 -330.4200 38 703 183.5900 -372.4700 40 635 103.3500 -355.6600 36 204 238.5000 -381.3400 42 523 77.1000 -355.1400 43 512 18.3200 -321.1600 45 601 19.1700 -339.9700 46 745 63.0200 -388.0800 47 499 2.1000 -363.2900 48 433 -52.0800 -321.6100
1.2211782876e+000 -1.6761057819e+000 3.3023031545e+000
164 85 88
11 37 239 266.5600 -360.7000 39 682 119.0400 -330.8600 40 636 110.3700 -356.1500 36 206 244.7900 -378.5400 41 552 67.2200 -379.0200 42 524 84.4600 -357.7200 43 514 26.5300 -325.0400 45 603 27.6300 -344.1000 46 746 71.8700 -392.7100 47 695 10.5900 -369.2600 48 617 -43.8900 -328.7300
1.0106666132e+000 -2.1215760600e+000 3.2578866216e+000
123 29 35
4 37 371 89.2300 -526.3300 39 367 -58.1900 -464.9399 38 352 9.1900 -520.6500 36 315 74.7700 -557.5000
1.1768415035e+000 -1.8568287032e+000 3.2994205149e+000
128 83 40
2 37 395 186.3800 -566.7500 39 403 30.5700 -516.6100
1.1975180914e+000 -1.7280185109e+000 3.2979191162e+000
64 22 29
5 37 767 225.5300 -411.5200 39 698 67.2500 -373.0400 40 898 54.0600 -397.2500 36 647 207.2200 -433.2500 42 544 24.8600 -388.2500
1.2172728858e+000 -1.7268537323e+000 3.3003488515e+000
165 116 112
4 37 788 230.9300 -475.7800 39 973 78.9000 -434.9800 38 765 151.6200 -482.9900 40 681 66.5700 -460.1300
4.2896836688e-001 -3.1105542214e+000 3.1380724656e+000
126 26 31
5 37 802 25.5400 -509.2200 39 317 -107.0900 -441.8000 38 319 -46.0100 -499.2400 40 299 -115.3600 -454.2900 36 696 8.0500 -542.6200
9.1395978637e-001 -2.2321181374e+000 3.2400904871e+000
179 117 103
3 37 805 72.5100 -485.7400 39 319 -72.3400 -424.2400 40 281 -84.1900 -438.9000
1.0288217047e+000 -2.0672716427e+000 3.2624337680e+000
186 52 59
4 37 344 97.5600 -508.3000 39 329 -51.5500 -447.8101 38 322 16.8500 -503.2000 36 702 82.6900 -537.6700
9.1758013839e-001 -2.2914948130e+000 3.2390927525e+000
188 59 70
4 37 826 68.4300 -528.5699 39 362 -74.1400 -464.7800 38 780 -9.6100 -520.9301 36 723 51.6700 -560.4600
1.2419424057e+000 -1.6835768189e+000 3.3043224417e+000
28 15 13
9 37 1100 268.5800 -464.4399 39 1149 128.8500 -432.3000 41 1134 81.7800 -484.6899 42 1011 98.3500 -459.7900 43 1020 41.7300 -427.7000 45 878 43.8900 -449.2800 46 1138 85.8900 -503.9600 47 1099 25.0600 -478.0601 48 1029 -28.1500 -438.1200
6.8365279350e-001 -2.6176999536e+000 3.1944068732e+000
137 25 34
3 37 1103 44.1000 -485.7400 39 971 -93.1800 -422.3400 36 1032 25.8700 -517.5800
1.1687371841e+000 -1.6640672656e+000 3.2966717314e+000
131 82 67
10 37 1266 252.4000 -141.7800 39 1121 90.3300 -116.3700 40 1069 78.5700 -136.9600 41 1087 29.9000 -153.8400 42 971 50.2500 -140.7200 43 980 -10.8000 -103.8101 45 832 -12.0200 -118.6100 46 992 34.8300 -152.6600 47 953 -29.3100 -135.6300 48 725 -85.9700 -94.6899
1.1762885159e+000 -1.8023306693e+000 3.2923938197e+000
112 57 27
4 37 1312 180.2900 -491.3400 39 972 25.3200 -441.1899 38 1038 98.1200 -492.8800 36 1271 163.4500 -517.3900
1.2174862648e+000 -1.6629879329e+000 3.3020797218e+000
18 73 104
5 37 1490 274.5200 -303.4700 39 1459 128.1800 -277.1200 41 1336 78.5500 -325.1700 45 1137 38.5400 -293.5000 48 1165 -36.9900 -278.5400
1.2142592896e+000 -1.7983705964e+000 3.3025171194e+000
81 52 56
2 37 1503 206.7300 -586.7400 39 1314 55.5800 -539.5500
1.1786154740e+000 -1.7149284274e+000 3.2962599574e+000
13 74 108
3 37 1798 227.4300 -322.4700 39 1687 66.0300 -284.5200 40 1643 52.2100 -307.0300
1.2206556867e+000 -1.6674576631e+000 3.3020838285e+000
191 117 93
8 37 215 272.4500 -331.3700 39 667 125.1500 -304.5200 41 782 76.3900 -351.4200 43 707 35.6900 -299.2800 45 718 40.9200 -316.5300 46 738 82.3300 -366.4600 47 684 20.5700 -344.0400 48 751 -32.8200 -302.7800
1.2243622017e+000 -1.6638060592e+000 3.3024916662e+000
76 34 42
3 37 216 275.9100 -335.3300 39 216 131.9300 -307.4700 41 202 83.8700 -355.9700
1.1875462512e+000 -1.7289890527e+000 3.2967282996e+000
172 85 84
10 37 232 221.4800 -383.2600 39 675 62.4600 -343.8199 40 623 48.6600 -367.4301 41 565 0.2600 -385.7900 42 508 19.0500 -359.5300 43 502 -40.6900 -321.8199 45 421 -40.8800 -337.4600 46 493 -1.8500 -381.6700 47 485 -59.0900 -353.5400 48 414 -109.5900 -308.9200
1.2041923950e+000 -1.7040800900e+000 3.2995288596e+000
71 33 28
7 37 233 241.7800 -376.6200 39 679 86.7600 -341.3700 38 238 160.3500 -385.2100 42 515 46.5500 -361.3000 45 429 -12.8500 -342.6100 46 516 28.2200 -389.0800 47 491 -31.4800 -362.4200
1.2133869662e+000 -1.6898488170e+000 3.3010656341e+000
162 83 81
3 37 234 254.3200 -370.7600 39 683 103.3900 -337.7700 38 702 175.7900 -381.2700
1.2105025165e+000 -1.6974305678e+000 3.3003477078e+000
77 35 33
11 37 235 247.9500 -382.3500 39 234 95.6600 -347.7100 38 245 168.4200 -391.0800 40 633 84.6800 -372.4000 41 576 39.1800 -393.1801 42 521 57.1900 -368.7500 43 509 -2.3400 -333.3700 45 432 -2.1900 -350.7700 46 743 39.9900 -398.6100 47 691 -20.2100 -371.5800 48 430 -72.8000 -328.6400
1.1749834461e+000 -1.7488560404e+000 3.2944057722e+000
73 20 20
9 37 249 207.2800 -389.5200 39 230 46.0200 -348.1600 40 892 32.2300 -369.9800 41 564 -16.8200 -386.3000 42 179 2.0400 -359.7800 43 501 -57.2700 -321.1300 45 597 -57.4800 -335.9700 46 735 -18.8600 -379.1200 47 476 -74.8300 -349.6300
1.2105218342e+000 -1.7003252187e+000 3.3003426593e+000
162 79 81
3 37 251 245.6500 -388.3900 39 273 93.3800 -354.2000 38 246 166.0600 -398.1200
1.2002077305e+000 -1.7276317793e+000 3.2983747013e+000
127 58 68
8 37 277 226.7700 -420.4600 39 275 69.7200 -381.0200 38 269 143.5900 -427.6000 40 659 56.5500 -405.4000 43 231 -31.7500 -359.8400 45 440 -32.6300 -376.0601 46 540 6.1700 -423.7000 47 507 -51.4200 -393.2100
2.3563436695e-001 -3.3606969150e+000 3.1032772858e+000
232 73 90
3 37 337 21.4800 -486.9500 39 309 -111.3200 -420.7100 38 289 -50.7200 -476.6801
1.1684543423e+000 -1.6683384011e+000 3.2966859318e+000
187 147 124
8 37 672 250.7000 -155.5699 39 911 88.3300 -127.9301 40 844 76.9700 -149.1899 42 679 47.8900 -153.1000 45 584 -16.1300 -130.1600 46 863 29.4500 -165.4500 47 661 -34.8600 -147.4100 48 592 -91.6700 -105.6700
1.1684543423e+000 -1.6683384011e+000 3.2966859318e+000
187 147 124
8 37 673 250.7000 -155.5699 39 910 88.3300 -127.9301 40 845 76.9700 -149.1899 42 680 47.8900 -153.1000 45 583 -16.1300 -130.1600 46 862 29.4500 -165.4500 47 660 -34.8600 -147.4100 48 591 -91.6700 -105.6700
1.1647265449e+000 -1.6729482691e+000 3.2959242054e+000
186 149 125
8 37 674 245.3800 -158.6200 39 624 81.9400 -130.8900 40 564 69.7400 -152.0000 41 758 20.3200 -169.1801 42 443 40.7100 -154.5300 43 684 -20.2800 -117.5400 45 581 -21.0900 -131.5800 46 721 24.8500 -166.5200
1.1647370984e+000 -1.6729107593e+000 3.2959173008e+000
186 149 125
6 37 675 245.3800 -158.6200 39 625 81.9400 -130.8900 40 565 69.7400 -152.0000 42 444 40.7100 -154.5300 45 582 -21.0900 -131.5800 46 722 24.8500 -166.5200
1.2169701474e+000 -1.6450225848e+000 3.3022232477e+000
202 82 77
7 37 697 287.2200 -238.7700 39 930 143.2200 -214.9000 41 942 95.8900 -263.2800 43 835 57.5100 -216.2200 45 714 60.0100 -236.0100 46 1002 109.7700 -280.7900 47 964 45.3300 -263.2300
1.1893835019e+000 -1.7451379241e+000 3.2965283832e+000
147 75 81
7 37 777 213.4400 -424.3300 39 700 55.5200 -383.2600 40 657 41.6000 -406.3400 41 598 -7.7200 -424.0699 43 230 -48.8000 -357.7300 45 191 -48.3200 -372.9399 46 228 -10.9800 -417.7700
1.2413585581e+000 -1.6899270547e+000 3.3040903607e+000
26 22 20
9 37 789 263.7300 -479.1600 39 726 122.6800 -445.7300 41 811 73.9200 -497.7100 42 720 90.5300 -471.2700 43 727 33.5500 -438.6200 45 631 35.6600 -459.5400 46 775 77.3500 -514.0100 47 724 18.4300 -485.9800 48 474 -33.9800 -445.1899
1.1649903260e+000 -1.8451443292e+000 3.2897137498e+000
86 35 44
5 37 831 163.9600 -523.7200 39 744 7.1900 -471.9900 40 916 -8.4000 -494.1700 41 614 -54.4100 -510.0601 42 561 -33.3100 -472.5800
1.2032446274e+000 -1.7898961227e+000 3.3030225814e+000
73 37 41
2 37 834 213.9500 -544.1300 39 394 61.6300 -499.6100
1.2493123062e+000 -1.6291764911e+000 3.3003479181e+000
76 52 65
2 37 1297 294.4100 -320.0800 39 1464 158.0700 -297.0200
1.1825029166e+000 -1.8345787474e+000 3.2987778763e+000
150 98 51
2 37 1316 189.2700 -552.5300 39 1152 34.8400 -504.0699
1.2026419027e+000 -1.6361013910e+000 3.3011769986e+000
168 155 121
4 37 1473 287.9400 -153.0500 39 1439 139.2800 -129.3500 38 1531 210.2500 -165.2000 40 1409 133.4800 -151.8600
1.2026419027e+000 -1.6361013910e+000 3.3011769986e+000
168 155 121
4 37 1474 287.9400 -153.0500 39 1440 139.2800 -129.3500 38 1532 210.2500 -165.2000 40 1410 133.4800 -151.8600
1.2445973721e+000 -1.6172119441e+000 3.2994581419e+000
19 72 104
2 37 1485 298.5900 -246.9800 39 1445 164.1600 -223.2300
1.1640608573e+000 -1.5718452394e+000 3.3740702942e+000
156 53 49
2 38 39 -195.0800 242.5000 36 509 -168.7400 221.2600
1.1755276340e+000 -1.6127852681e+000 3.3019639909e+000
29 37 9
2 38 95 185.6300 20.9100 36 91 244.2600 19.1100
1.1803595899e+000 -1.6466135562e+000 3.2965883404e+000
197 135 117
6 38 112 189.8400 -126.4600 41 505 61.4600 -131.8700 42 438 80.9000 -121.2900 43 456 22.0100 -85.3600 46 447 71.8400 -135.8900 47 96 5.9400 -119.9700
1.1987162481e+000 -1.7108947823e+000 3.2981379071e+000
179 97 81
8 38 206 154.8300 -382.8199 40 629 68.5600 -362.1600 41 546 21.2900 -382.1000 42 514 39.7400 -357.5000 43 503 -20.2000 -321.2700 45 426 -20.3200 -337.6200 46 494 20.5600 -383.8199 47 489 -38.3900 -356.7100
1.1807406670e+000 -1.7455782073e+000 3.2930790699e+000
96 44 42
2 38 233 131.3500 -402.8101 41 214 -5.5000 -397.4800
1.1597728366e+000 -1.5669529036e+000 3.3753580888e+000
165 55 57
2 38 518 -202.6100 278.0901 36 850 -178.9900 258.8301
1.1881374783e+000 -1.5716015955e+000 3.3053544415e+000
63 99 101
3 38 564 230.8000 184.6100 40 520 162.5500 193.2900 41 81 122.8600 174.2500
1.2963777709e+000 -1.5041579941e+000 3.3633053199e+000
200 176 150
2 38 881 159.0400 443.8900 40 768 87.1700 456.5800
1.1839280918e+000 -1.6625235258e+000 3.3030009489e+000
179 157 130
2 38 974 149.3400 -194.5900 36 567 215.5600 -202.8101
1.1832833233e+000 -1.8162533048e+000 3.2896915262e+000
150 106 57
3 38 1703 105.3300 -531.5699 40 1606 17.2200 -500.5900 41 1412 -29.4400 -516.4600
1.1348806082e+000 -1.5827326218e+000 3.2949832678e+000
134 57 45
6 40 39 112.7900 259.6500 42 35 86.5500 236.5801 43 413 26.8400 278.0701 45 332 24.8900 267.7000 46 394 86.7900 260.3000 47 396 13.3700 257.9900
1.1782839067e+000 -1.6049183468e+000 3.3009618121e+000
127 145 51
3 40 143 128.5300 57.0400 41 103 83.4500 39.4200 43 85 46.6900 77.6400
1.1782839067e+000 -1.6049183468e+000 3.3009618121e+000
127 145 51
3 40 144 128.5300 57.0400 41 102 83.4500 39.4200 43 84 46.6900 77.6400
1.2528437840e+000 -1.5762378555e+000 3.3133347690e+000
191 138 114
2 40 158 268.8400 -94.5000 41 122 245.9500 -122.1899
1.1764126691e+000 -1.6500510930e+000 3.2981737511e+000
189 139 122
2 40 161 94.1000 -113.2900 42 102 66.0700 -121.1500
1.2180141121e+000 -1.6364635230e+000 3.3043374052e+000
226 148 121
5 40 177 140.5700 -215.8500 42 128 118.0200 -225.7300 43 145 61.3900 -192.9700 46 129 114.6100 -255.1100 48 378 -9.1400 -201.4399
1.2197611156e+000 -1.6356378355e+000 3.3042762666e+000
146 32 37
2 40 178 144.3700 -220.1600 42 130 122.4000 -229.7800
1.2306449145e+000 -1.6186763470e+000 3.3069800180e+000
225 141 103
3 40 179 173.1200 -200.4100 41 145 136.2300 -224.3300 42 120 155.4500 -214.4500
1.2395625588e+000 -1.6078027419e+000 3.3084362539e+000
233 132 103
5 40 183 200.4800 -194.5500 41 147 167.3800 -220.3900 43 137 135.6000 -183.0900 47 138 134.4500 -240.6300 48 115 74.4000 -207.0300
1.2409804479e+000 -1.6062560838e+000 3.3095392162e+000
233 132 103
2 40 184 200.4800 -194.5500 41 146 167.3800 -220.3900
1.2280631897e+000 -1.6288761926e+000 3.3059558490e+000
159 47 51
2 40 189 158.9600 -230.3700 42 131 139.6200 -241.6500
1.2200332154e+000 -1.6523839123e+000 3.3032921198e+000
32 60 70
8 40 195 129.0900 -280.9500 41 184 86.9300 -302.9600 42 143 105.6200 -285.5699 43 153 48.4700 -253.3199 45 143 50.6000 -272.7700 46 474 98.2600 -318.7000 47 462 35.0400 -298.6400 48 130 -20.8000 -260.0500
1.2289050757e+000 -1.6393745043e+000 3.3044405442e+000
47 74 91
2 40 199 153.6300 -273.2800 42 482 133.6800 -281.5300
1.2294808858e+000 -1.6385906887e+000 3.3047730267e+000
47 74 91
6 40 200 153.6300 -273.2800 41 189 114.9300 -297.4200 42 483 133.6800 -281.5300 43 479 78.3300 -250.6500 45 412 81.5500 -271.2100 46 477 132.7900 -318.8600
1.2344998179e+000 -1.6288816631e+000 3.3064154849e+000
138 174 194
7 40 201 168.0000 -259.9100 41 170 131.1600 -284.5200 42 146 149.9800 -271.4399 43 158 95.6700 -241.1400 46 157 152.7100 -310.2100 47 158 88.0500 -294.3600 48 132 30.0200 -258.6000
1.2344825600e+000 -1.6289409717e+000 3.3063955511e+000
138 174 194
4 40 202 168.0000 -259.9100 41 171 131.1600 -284.5200 42 145 149.9800 -271.4399 43 159 95.6700 -241.1400
1.2588727971e+000 -1.5992300458e+000 3.3118564519e+000
163 48 53
2 40 204 242.9500 -257.0400 41 177 218.3900 -287.1500
1.2033486268e+000 -1.7001438213e+000 3.2988630318e+000
85 33 25
8 40 242 79.7900 -352.5100 41 544 34.2300 -372.8900 42 499 51.3200 -349.2400 43 491 -7.9100 -313.6801 45 425 -7.9100 -330.8800 46 498 33.6800 -376.6300 47 479 -26.1700 -350.9800 48 416 -79.3700 -307.6700
1.2373998440e+000 -1.7219426973e+000 3.2991243349e+000
71 37 35
2 40 366 96.6700 -518.4900 41 313 54.7800 -542.0300
1.1634143305e+000 -1.5662633519e+000 3.3018163985e+000
174 38 39
2 40 500 140.8300 280.4199 42 373 120.9600 255.5400
1.1288480647e+000 -1.6101761655e+000 3.2917861750e+000
71 108 100
3 40 526 95.2200 160.0801 41 473 44.6800 144.3700 42 423 66.7500 141.1699
1.2368643526e+000 -1.6135156670e+000 3.3075404040e+000
147 33 38
7 40 585 191.3800 -206.2700 41 523 157.1800 -231.7900 42 465 176.0300 -222.4100 43 696 121.9300 -193.7400 45 587 126.3700 -215.7100 47 670 118.8500 -249.1200 48 600 58.7100 -215.2900
1.2584797420e+000 -1.6047323924e+000 3.3107110865e+000
143 30 40
5 40 593 236.9800 -280.6100 42 696 231.0700 -302.4301 43 702 181.9700 -277.8700 46 741 253.7500 -358.7100 47 685 188.7300 -347.5601
1.2087717920e+000 -1.6705651127e+000 3.3011828523e+000
33 62 81
4 40 603 103.3800 -292.8300 41 533 58.7000 -314.2000 42 492 77.1900 -294.5400 45 407 18.9800 -278.7800
1.2086599118e+000 -1.6707322327e+000 3.3011660088e+000
33 62 81
7 40 604 103.3800 -292.8300 41 534 58.7000 -314.2000 42 493 77.1900 -294.5400 45 408 18.9800 -278.7800 46 733 64.2600 -323.2500 47 680 1.9800 -301.3300 48 399 -53.1700 -260.4301
1.1982770206e+000 -1.7080333379e+000 3.2985985993e+000
98 39 43
8 40 624 66.2400 -355.9301 41 787 21.4700 -374.2100 42 498 40.6700 -349.5100 43 490 -19.4800 -313.6600 45 424 -19.0000 -330.2200 46 497 21.9200 -375.8400 47 478 -37.8200 -349.2400 48 607 -91.8100 -305.3300
1.1128840200e+000 -1.5987070741e+000 3.2893497955e+000
171 43 39
4 40 798 94.4600 234.0000 42 660 65.3000 213.2400 43 659 3.9900 254.7400 46 839 59.8600 236.0901
1.2519372240e+000 -1.5748514107e+000 3.3135452678e+000
183 150 118
2 40 833 267.3800 -81.8800 42 818 269.4200 -108.3400
1.1831080923e+000 -1.6439687153e+000 3.2983397398e+000
179 150 120
6 40 837 107.0800 -114.5400 41 751 61.0200 -132.9301 42 437 80.9000 -121.2900 43 455 22.0100 -85.3600 46 448 71.8400 -135.8900 48 584 -53.3000 -82.4900
1.1866342804e+000 -1.6407433132e+000 3.3002335965e+000
179 150 120
2 40 838 107.0800 -114.5400 41 752 61.0200 -132.9301
1.1724250049e+000 -1.6604794982e+000 3.2964668418e+000
178 153 126
6 40 843 87.2800 -135.7700 41 753 39.0600 -153.0800 42 442 57.7400 -140.8500 43 683 -1.6900 -104.1700 46 714 44.8300 -154.0200 47 663 -20.1500 -137.4399
1.2071907921e+000 -1.6356823420e+000 3.3027432498e+000
154 35 41
3 40 852 131.4600 -169.5900 41 760 88.3900 -190.7800 42 682 107.5200 -179.0500
1.2346203488e+000 -1.6149703775e+000 3.3080831234e+000
150 31 35
3 40 856 180.5800 -203.8400 41 767 144.9600 -226.6801 43 832 110.8400 -189.2600
1.2504125245e+000 -1.5790485192e+000 3.3121767242e+000
166 117 100
8 40 1064 261.6200 -99.2300 41 929 237.4600 -126.3500 42 966 261.2600 -125.3700 43 985 215.7000 -98.8000 45 838 227.5000 -122.9100 46 1114 297.7800 -167.0300 47 960 231.2800 -163.4100 48 875 169.8100 -136.1700
1.2504125245e+000 -1.5790485192e+000 3.3121767242e+000
166 117 100
8 40 1065 261.6200 -99.2300 41 930 237.4600 -126.3500 42 967 261.2600 -125.3700 43 986 215.7000 -98.8000 45 839 227.5000 -122.9100 46 1115 297.7800 -167.0300 47 961 231.2800 -163.4100 48 876 169.8100 -136.1700
1.2275400522e+000 -1.6412725521e+000 3.3048409808e+000
141 164 173
8 40 1082 147.0300 -274.4200 41 945 107.1900 -297.6801 42 827 125.8500 -282.5601 43 997 70.0200 -251.2600 45 852 73.0300 -271.5601 46 1004 123.0400 -318.6100 47 968 58.9900 -300.4000 48 886 1.8900 -262.3500
1.2272917500e+000 -1.6416503001e+000 3.3046490401e+000
141 164 173
5 40 1083 147.0300 -274.4200 42 828 125.8500 -282.5601 45 853 73.0300 -271.5601 46 1005 123.0400 -318.6100 47 969 58.9900 -300.4000
1.2152624962e+000 -1.6242434989e+000 3.3037063686e+000
183 36 37
3 40 1254 154.3400 -156.8101 42 978 132.9200 -168.4700 45 992 79.0700 -154.3000
1.2269917346e+000 -1.6707605971e+000 3.3022872133e+000
89 44 44
2 40 1274 122.8300 -364.4200 42 1000 98.4700 -366.9600
1.2269917346e+000 -1.6707605971e+000 3.3022872133e+000
89 44 44
2 40 1275 122.8300 -364.4200 42 1001 98.4700 -366.9600
1.1656643935e+000 -1.5919485312e+000 3.3005142102e+000
167 159 66
7 40 1376 124.7400 151.2100 41 1193 78.4400 134.6599 42 1091 100.6100 131.4500 43 1119 42.3000 170.0100 46 1179 101.7400 140.1500 47 1136 30.1000 142.4700 48 1080 -33.1600 177.1799
1.1865574210e+000 -1.5901927020e+000 3.3042415927e+000
37 60 35
8 40 1379 143.3200 101.6400 41 1199 100.3300 83.9399 42 1098 122.2800 82.3000 43 1129 65.6300 118.7800 45 1075 65.3100 103.0701 46 1187 127.6500 82.1300 47 1153 56.1300 85.3000 48 1097 -7.8200 119.0601
1.1865574210e+000 -1.5901927020e+000 3.3042415927e+000
37 60 35
8 40 1380 143.3200 101.6400 41 1200 100.3300 83.9399 42 1099 122.2800 82.3000 43 1130 65.6300 118.7800 45 1074 65.3100 103.0701 46 1188 127.6500 82.1300 47 1152 56.1300 85.3000 48 1096 -7.8200 119.0601
1.0993064999e+000 -1.6622948641e+000 3.2838976999e+000
174 163 61
6 40 1391 55.5200 44.7100 41 1204 1.8900 29.8500 42 1101 23.6400 34.5700 43 1133 -38.9500 74.6699 47 1158 -59.4500 51.5500 48 979 -116.9400 91.9000
1.2069142299e+000 -1.5871910567e+000 3.3067379198e+000
177 162 80
7 40 1393 173.3300 49.3600 41 1207 134.1500 29.5200 42 1108 155.7100 28.9300 43 1141 101.4100 63.3400 45 968 104.2300 47.1300 46 1202 167.0600 19.1200 47 1169 96.5000 23.8200
1.1883484513e+000 -1.5841480867e+000 3.3055049671e+000
174 160 99
8 40 1503 146.1400 124.6100 41 1291 103.9100 107.7800 42 1205 126.9000 105.0000 43 1239 70.9900 142.2700 45 1077 71.6500 128.8301 46 1298 135.9600 108.5200 47 1148 63.9800 111.0901 48 1090 0.0000 144.9000
1.1269052962e+000 -1.6469795281e+000 3.2891463318e+000
29 60 37
7 40 1523 75.2700 33.8400 41 1384 24.7600 17.6700 42 1224 43.8700 21.0800 43 1343 -17.6000 60.5500 45 1178 -21.3900 47.7200 46 1315 30.1200 25.0900 47 1261 -37.5800 34.4000
1.1264138161e+000 -1.6473121448e+000 3.2888657426e+000
29 60 37
8 40 1524 75.2700 33.8400 41 1385 24.7600 17.6700 42 1225 43.8700 21.0800 43 1344 -17.6000 60.5500 45 1179 -21.3900 47.7200 46 1314 30.1200 25.0900 47 1260 -37.5800 34.4000 48 1219 -94.8700 74.1899
1.2159653794e+000 -1.5922691382e+000 3.3094872022e+000
34 58 35
3 40 1527 168.4800 -12.6500 41 1392 130.2700 -33.7000 42 1230 152.6300 -31.4400
1.1980646761e+000 -1.6452296068e+000 3.3003787786e+000
180 40 47
7 40 1539 119.0900 -169.4800 41 1326 74.0800 -190.1600 42 1248 92.9100 -177.1700 43 1275 34.9200 -142.9600 45 1126 34.4000 -159.7900 47 1199 18.1000 -183.0699 48 1150 -40.7600 -143.0900
1.2241115911e+000 -1.5884396356e+000 3.3076156361e+000
173 157 124
2 40 1639 204.7400 -24.5200 42 1366 189.8600 -47.1600
1.2344432966e+000 -1.5797948201e+000 3.3084169797e+000
173 157 124
8 40 1669 237.8600 -22.8100 41 1462 210.0000 -45.4300 42 1387 234.4300 -45.5200 43 1410 186.6500 -15.8700 45 1248 190.7900 -35.0900 46 1414 262.6200 -72.6100 47 1341 189.8000 -68.0200 48 1328 125.0900 -36.6300
1.1534252343e+000 -1.6844558442e+000 3.2939718877e+000
190 155 125
2 40 1670 57.2200 -152.3199 42 1389 27.4200 -154.0500
1.1329134578e+000 -1.5884361680e+000 3.2967045135e+000
224 139 108
7 41 49 49.4900 224.1500 42 63 72.0600 217.8401 43 38 11.5000 258.6100 45 51 8.8100 248.4099 46 411 68.3700 240.2300 47 71 -4.3700 239.0601 48 343 -67.6200 273.3800
1.1472253424e+000 -1.5809716245e+000 3.2986373308e+000
221 138 110
3 41 57 68.8200 228.8700 42 65 91.9300 221.2000 43 40 32.7700 262.1400
1.2232463373e+000 -1.6260686336e+000 3.3053422033e+000
215 144 112
7 41 141 117.8600 -220.9301 42 119 137.3400 -209.7600 43 129 81.9400 -177.9600 45 112 84.8700 -197.9200 46 132 138.3100 -241.5400 47 117 72.5700 -226.4700 48 91 13.7100 -190.1000
1.2216692660e+000 -1.6313309711e+000 3.3042329152e+000
120 30 28
6 41 159 113.0600 -235.4000 42 117 131.9500 -221.6400 43 467 76.1400 -189.4600 46 459 131.6700 -253.4700 47 451 66.3800 -238.2300 48 383 7.7900 -200.0400
1.2216692660e+000 -1.6313309711e+000 3.3042329152e+000
120 30 28
6 41 160 113.0600 -235.4000 42 118 131.9500 -221.6400 43 468 76.1400 -189.4600 46 458 131.6700 -253.4700 47 450 66.3800 -238.2300 48 382 7.7900 -200.0400
1.2451196994e+000 -1.6043796062e+000 3.3107065557e+000
222 87 83
2 41 162 174.5200 -234.0500 42 132 195.2900 -226.6400
1.2238846866e+000 -1.6477025096e+000 3.3037055005e+000
35 64 81
7 41 185 97.4700 -304.0601 42 144 115.8700 -287.5699 43 155 59.7900 -255.4000 45 409 61.9700 -274.6801 46 488 111.0100 -321.8199 47 464 47.6400 -302.6600 48 400 -9.2000 -263.5000
1.1783969682e+000 -1.5621196027e+000 3.3050382455e+000
162 36 45
4 41 434 116.1900 256.2500 42 388 140.2500 245.9900 43 422 84.7200 285.1300 45 338 86.2500 274.2700
1.1834301113e+000 -1.5601611802e+000 3.3075604316e+000
162 36 45
6 41 435 116.1900 256.2500 42 389 140.2500 245.9900 43 423 84.7200 285.1300 45 339 86.2500 274.2700 46 676 155.1200 264.6200 47 624 80.6200 260.7700
1.1585267236e+000 -1.5769989304e+000 3.3024539606e+000
170 38 46
6 41 446 74.3500 223.8600 42 403 96.8300 216.5300 43 418 38.2100 256.8301 45 359 37.6300 245.8000 46 416 99.8100 236.0901 48 350 -37.4900 268.2800
1.1847665363e+000 -1.5615282807e+000 3.3078783701e+000
153 40 40
7 41 451 115.5000 243.3600 42 390 139.6500 235.4800 43 420 84.0600 273.7700 45 555 85.9300 263.0701 46 692 154.4000 254.1599 47 639 80.5600 250.5901 48 568 14.7100 282.5601
1.2398097380e+000 -1.6090449445e+000 3.3075442100e+000
146 25 36
2 41 525 171.5700 -226.1200 42 466 191.0300 -218.2900
1.1902745288e+000 -1.5606539934e+000 3.3086160277e+000
169 34 41
7 41 727 125.2500 235.1699 42 657 149.2100 226.2300 43 655 94.6200 264.8301 45 564 97.0000 253.1899 46 843 166.5200 242.9399 47 642 92.1200 238.9900 48 569 26.3800 270.5801
1.2361441182e+000 -1.6107917724e+000 3.3072772243e+000
158 32 43
7 41 761 159.6300 -216.9900 42 685 179.5900 -208.0400 43 694 127.5300 -178.1600 45 712 133.1600 -199.2000 46 873 191.1200 -245.0400 47 824 125.1000 -233.0000 48 741 65.3100 -199.3000
1.2366246746e+000 -1.6162688011e+000 3.3075546806e+000
222 89 88
7 41 768 149.6200 -243.6600 42 690 169.6000 -233.5500 43 698 116.5600 -203.6100 45 589 121.9600 -225.4301 46 730 177.9500 -272.1700 47 674 112.1500 -258.7800 48 601 53.6200 -224.5000
1.2366246746e+000 -1.6162688011e+000 3.3075546806e+000
222 89 88
7 41 769 149.6200 -243.6600 42 691 169.6000 -233.5500 43 697 116.5600 -203.6100 45 590 121.9600 -225.4301 46 729 177.9500 -272.1700 47 675 112.1500 -258.7800 48 602 53.6200 -224.5000
1.1778480007e+000 -1.6029213760e+000 3.3012636456e+000
168 152 45
7 41 1077 82.6000 49.6300 42 956 104.3300 50.1700 43 967 46.4700 87.2200 45 964 46.5600 73.2800 46 1102 104.8300 49.2800 47 1064 35.2400 55.3000 48 981 -26.6800 91.3000
1.1873924409e+000 -1.5984445012e+000 3.3034171446e+000
32 56 29
7 41 1078 95.6000 41.5600 42 957 116.8800 41.2100 43 968 60.0200 78.0701 45 827 60.3500 62.2000 46 1103 119.5900 37.0500 47 1065 49.0800 42.1700 48 982 -13.1700 77.6899
1.1587952461e+000 -1.6433369463e+000 3.2962745233e+000
162 150 87
7 41 1081 36.1700 -53.6300 42 1118 57.7000 -47.2900 43 1146 -3.1200 -9.6900 45 976 -5.6700 -23.1000 46 1216 45.7400 -53.2300 47 1076 -22.5100 -39.2100 48 1125 -78.8300 -1.2000
1.1534627405e+000 -1.6478733403e+000 3.2936618959e+000
162 150 87
7 41 1082 36.1700 -53.6300 42 1119 57.7000 -47.2900 43 1147 -3.1200 -9.6900 45 977 -5.6700 -23.1000 46 1109 43.9200 -51.2900 47 1077 -22.5100 -39.2100 48 990 -80.7800 1.0900
1.2324751467e+000 -1.5889969777e+000 3.3082201578e+000
160 148 111
2 41 1084 186.7500 -88.2000 42 962 208.3500 -86.2200
1.2165785506e+000 -1.6066009441e+000 3.3065266155e+000
157 146 118
4 41 1085 127.4200 -105.8600 42 963 147.2400 -100.7000 43 1155 91.9900 -70.2200 45 982 94.4900 -88.1000
1.2346070647e+000 -1.5983278617e+000 3.3067415119e+000
159 146 114
2 41 1089 182.9800 -148.1500 42 973 204.4900 -142.1000
1.2314838643e+000 -1.6126781990e+000 3.3077824421e+000
146 30 36
5 41 1106 141.5600 -203.5400 42 984 163.0000 -194.0699 43 992 109.6300 -163.5800 45 847 115.1900 -184.1400 46 1000 171.9600 -228.2600
1.2357760837e+000 -1.6071932963e+000 3.3085968769e+000
152 26 37
7 41 1107 156.8700 -199.4000 42 1139 176.7200 -191.4500 43 1170 125.7600 -161.4900 45 999 131.4500 -183.0000 46 1122 190.4100 -227.4900 47 1083 124.7000 -216.2000 48 1009 65.1200 -182.7000
1.1868826287e+000 -1.5772562059e+000 3.3086650283e+000
28 54 29
5 41 1191 93.7700 150.0400 42 1089 116.8600 145.5300 43 1117 61.0500 182.2700 45 947 61.5200 169.8500 47 1138 53.5300 153.2100
1.2352327583e+000 -1.5869890803e+000 3.3102912625e+000
166 146 113
7 41 1215 186.5100 -90.5400 42 1123 208.1400 -88.2900 43 1150 157.5500 -59.1500 45 984 164.3500 -79.4900 46 1226 229.1800 -121.6100 47 1193 159.9200 -117.2100 48 1139 97.1300 -84.4700
1.2202773112e+000 -1.6277558273e+000 3.3053414021e+000
151 30 46
7 41 1225 108.6500 -215.2400 42 1142 128.2400 -203.8500 43 1169 72.4600 -171.6600 45 998 75.9700 -190.8199 46 1118 128.7800 -233.6600 47 1082 63.6000 -218.5000 48 1008 5.8200 -181.3800
1.1719112545e+000 -1.5973172350e+000 3.3010691469e+000
167 147 111
7 41 1295 79.8200 92.1899 42 1212 101.6000 91.0701 43 1236 43.1000 128.6799 45 1072 43.2900 115.6500 46 1305 103.2700 95.5701 47 1145 32.4200 99.5500 48 1087 -29.0700 135.4299
1.1719112545e+000 -1.5973172350e+000 3.3010691469e+000
167 147 111
7 41 1296 79.8200 92.1899 42 1213 101.6000 91.0701 43 1237 43.1000 128.6799 45 1073 43.2900 115.6500 46 1306 103.2700 95.5701 47 1146 32.4200 99.5500 48 1088 -29.0700 135.4299
1.2167422404e+000 -1.5720444769e+000 3.3081269257e+000
170 153 99
3 41 1298 175.8700 78.7100 42 1215 199.2900 74.7100 43 1243 147.9200 107.7400
1.2225748079e+000 -1.6432891262e+000 3.3048883298e+000
18 72 100
3 41 1332 94.7200 -283.8400 42 1259 113.2700 -268.3400 43 1283 58.1700 -235.7000
1.1647147251e+000 -1.6522806908e+000 3.2939840856e+000
159 145 118
3 41 1393 45.7100 -103.0100 42 1319 65.7100 -91.8900 43 1354 6.1100 -54.4700
1.1362086622e+000 -1.6299426623e+000 3.2895708299e+000
164 147 112
7 41 1435 46.5400 53.1000 42 1310 68.1500 56.2800 43 1384 6.3300 94.4299 45 1215 3.6600 82.0100 46 1356 57.8800 60.4900 47 1305 -12.7100 68.1699 48 1275 -73.6100 105.6899
1.1459042330e+000 -1.6485269189e+000 3.2939422997e+000
28 55 30
7 41 1438 27.0000 -35.2800 42 1364 46.8200 -29.1700 43 1386 -14.3600 9.2200 45 1219 -17.6600 -4.8800 46 1362 31.9600 -32.0300 47 1311 -34.4800 -20.2400 48 1282 -92.2500 19.3100
1.1625639847e+000 -1.7067782325e+000 3.2935056284e+000
154 24 35
4 41 1443 2.4400 -255.0900 42 1369 22.2700 -235.8500 43 1390 -38.4100 -197.8700 45 1224 -41.0400 -211.3000
1.1625639847e+000 -1.7067782325e+000 3.2935056284e+000
154 24 35
4 41 1444 2.4400 -255.0900 42 1370 22.2700 -235.8500 43 1391 -38.4100 -197.8700 45 1225 -41.0400 -211.3000
1.1783173254e+000 -1.7131386384e+000 3.2961037065e+000
19 74 113
5 41 1471 4.2600 -320.8000 42 1392 23.3900 -297.1899 43 1417 -36.2200 -259.2500 45 1254 -36.3900 -274.0400 46 1400 4.2600 -317.0400
1.0533912917e+000 -1.6250361488e+000 3.2985960708e+000
88 120 127
5 41 1485 -66.0000 223.6500 42 1413 -39.4400 219.0801 43 1405 -103.4400 263.8900 45 1244 -107.9500 254.4299 46 1392 -58.2900 249.1100
1.1610351314e+000 -1.5676938854e+000 3.3698794733e+000
152 49 47
2 38 27 -174.9200 271.3800 36 500 -141.3300 254.3000
1.1662229153e+000 -1.5737595649e+000 3.3607964257e+000
248 104 93
2 38 48 -128.1800 227.6200 36 48 -76.5200 211.3900
1.0917659354e+000 -2.0714729312e+000 3.2990836148e+000
190 132 100
2 38 390 -30.0600 -607.4100 36 374 25.8900 -653.4900
1.0057445827e+000 -2.2773730300e+000 3.3102865201e+000
140 44 28
2 38 398 -83.9300 -618.3900 36 769 -42.1600 -674.0200
1.2232251534e+000 -1.7964167471e+000 3.2937592311e+000
156 117 93
2 38 409 133.0100 -611.6500 36 355 194.6600 -632.1600
8.8091557466e-001 -2.6326754340e+000 3.3223949568e+000
178 149 126
2 38 412 -119.4800 -645.3400 36 774 -93.5500 -708.7700
1.1128572944e+000 -2.1350042042e+000 3.3011229815e+000
202 130 69
2 38 431 -33.3600 -675.8101 36 414 20.0600 -725.7700
1.1229650903e+000 -2.1419956597e+000 3.3003936627e+000
196 120 62
2 38 432 -29.0200 -692.5699 36 791 23.5300 -741.8600
1.1450650228e+000 -2.1139570283e+000 3.2904585070e+000
197 92 46
2 38 447 -1.7200 -707.0100 36 794 56.7400 -752.3600
1.1602675125e+000 -1.5671399978e+000 3.3736104549e+000
169 62 62
2 38 520 -194.0900 275.9500 36 852 -166.6600 257.4500
1.1627143699e+000 -1.5690523441e+000 3.3629119038e+000
163 39 45
2 38 524 -140.0400 260.6400 36 862 -92.5500 245.5100
1.2403491763e+000 -1.6955345282e+000 3.3032682001e+000
144 114 103
4 38 767 191.0400 -497.5300 40 684 112.4700 -480.2400 42 563 86.5400 -477.8101 43 553 29.1000 -444.7400
1.1518207439e+000 -2.0120282353e+000 3.3034690794e+000
199 57 55
3 38 819 -8.8900 -662.1500 40 401 -84.0600 -614.9600 36 785 48.0300 -705.4900
1.1644126502e+000 -1.5983140781e+000 3.3063087201e+000
69 97 108
2 38 929 151.4600 118.0801 36 529 222.4200 116.2600
1.1228520285e+000 -2.0557591637e+000 3.3013222816e+000
194 133 92
2 38 1074 -21.2700 -644.5300 36 1286 34.8800 -690.6500
1.1757688979e+000 -1.8983754139e+000 3.2923024334e+000
172 119 71
2 38 1238 56.4700 -612.8101 36 1466 122.7400 -644.7700
1.1774961185e+000 -1.5890279909e+000 3.3597901771e+000
27 58 35
2 38 1330 -117.7600 117.5000 36 1371 -64.5800 97.1300
9.6852753424e-001 -2.4629781440e+000 3.3178333244e+000
172 142 119
2 38 1709 -101.0900 -660.3500 36 1782 -69.1900 -721.3900
9.6852753424e-001 -2.4629781440e+000 3.3178333244e+000
172 142 119
2 38 1710 -101.0900 -660.3500 36 1783 -69.1900 -721.3900
1.0990220705e+000 -1.6028231689e+000 3.2854461972e+000
222 139 109
5 40 68 90.0400 241.9399 43 407 -1.6000 262.7500 45 353 -5.1500 252.7800 46 408 53.1600 244.6599 47 415 -19.4500 243.9900
1.2507480615e+000 -1.6139373861e+000 3.3091587870e+000
146 72 49
2 40 203 210.2600 -279.0800 43 179 148.8500 -269.1100
1.2324970744e+000 -1.6573587021e+000 3.3038971956e+000
96 48 51
3 40 220 139.0700 -348.5100 41 208 99.4900 -372.8500 43 214 60.5500 -322.4800
1.2407777379e+000 -1.6520966682e+000 3.3052966238e+000
82 61 64
5 40 256 151.5200 -369.5300 43 217 77.0800 -345.0900 45 201 80.9400 -367.5400 46 238 129.4500 -419.5300 47 232 66.4600 -399.0800
1.2357130677e+000 -1.6657510735e+000 3.3035610591e+000
90 63 70
4 40 268 135.1800 -386.9800 41 588 95.6100 -411.6300 43 530 57.0600 -359.0699 45 452 59.4900 -379.7800
1.1915505573e+000 -1.7574625522e+000 3.2966568195e+000
81 35 37
5 40 282 33.6000 -436.0699 41 269 -13.9300 -453.9399 43 249 -54.1500 -384.8700 45 214 -54.2300 -400.5300 46 230 -17.0400 -446.2700
1.2539178020e+000 -1.6549688456e+000 3.3074829225e+000
24 14 15
6 40 286 158.9200 -439.0500 42 226 140.9000 -446.4399 45 232 91.5400 -441.5699 46 270 138.7000 -498.6500 47 274 78.2200 -476.1300 48 229 23.6400 -439.5200
1.2266514713e+000 -1.7575877174e+000 3.2993828919e+000
120 66 76
2 40 365 55.7900 -541.9100 42 279 28.3500 -528.6000
1.1953932999e+000 -1.7401824645e+000 3.2979639340e+000
79 31 39
4 40 658 44.6500 -415.7700 41 600 -4.8900 -433.3000 43 525 -42.2100 -368.5100 46 538 -7.1300 -429.5300
1.1926648714e+000 -1.7138646121e+000 3.2982040490e+000
187 136 79
4 40 883 59.5200 -350.1000 43 706 -29.4000 -307.8800 45 598 -28.9400 -323.5601 46 736 10.4900 -368.4100
1.2087734396e+000 -1.7058453453e+000 3.3002086684e+000
96 38 47
6 40 1095 76.8800 -385.3800 41 963 30.8400 -406.3199 43 848 -11.3200 -346.2000 46 889 28.6500 -410.8800 47 843 -30.8100 -384.3900 48 758 -83.1200 -341.5100
1.2313601755e+000 -1.6155486551e+000 3.3067645184e+000
223 141 106
3 41 144 143.8700 -214.1600 43 133 109.7700 -174.1100 46 463 171.1600 -240.5200
1.1632293395e+000 -1.7201121183e+000 3.2951071828e+000
136 28 31
5 41 181 -12.8100 -291.6000 43 477 -53.3000 -229.9700 45 397 -54.1400 -243.5900 46 148 -13.6900 -284.3400 47 140 -71.8900 -259.9000
1.2295955410e+000 -1.6384225140e+000 3.3048173538e+000
42 68 81
6 41 188 114.9300 -297.4200 43 478 78.3300 -250.6500 45 411 81.5500 -271.2100 46 476 132.7900 -318.8600 47 466 68.4700 -300.6700 48 402 11.0500 -263.5200
1.2335261345e+000 -1.6665010100e+000 3.3042730135e+000
84 58 62
2 41 231 87.3800 -405.2800 43 216 48.6200 -352.0900
1.1774730557e+000 -1.5646096981e+000 3.3042154142e+000
153 40 40
2 41 452 115.5000 243.3600 43 421 84.0600 273.7700
1.0932547963e+000 -1.6374693917e+000 3.2846115909e+000
77 98 100
6 41 482 9.6900 118.0400 43 81 -30.2500 158.3301 45 374 -34.4500 148.4500 46 430 18.3200 133.0701 47 435 -50.9900 137.6899 48 364 -111.1000 176.6000
1.1072952863e+000 -1.5932264715e+000 3.2914800511e+000
176 32 38
4 41 885 33.0800 250.5901 43 813 -6.0300 284.0100 46 969 49.2500 268.5300 47 925 -23.4300 266.7900
1.2385733368e+000 -1.6460439494e+000 3.3065992539e+000
112 53 58
2 41 955 111.7600 -366.7500 43 841 75.4900 -318.4100
1.2248347280e+000 -1.6250260419e+000 3.3056270051e+000
84 33 28
2 41 1105 121.1700 -223.6899 43 990 84.9100 -181.5500
1.1988917140e+000 -1.6128421819e+000 3.3021610323e+000
160 147 115
6 41 1463 109.4500 -61.6800 43 1409 70.6000 -23.1900 45 1247 70.9700 -41.0300 46 1413 125.6900 -75.3199 47 1369 54.9500 -66.6200 48 1354 -6.7000 -30.3700
1.1551752664e+000 -1.6825455513e+000 3.2942709113e+000
178 143 116
6 41 1465 7.7500 -168.7300 43 1413 -33.3600 -116.0500 45 1251 -34.4800 -130.0699 46 1396 10.4600 -164.5601 47 1342 -51.3600 -145.7400 48 1331 -106.3200 -103.2000
1.1685456193e+000 -1.7009662384e+000 3.2951135607e+000
155 25 35
2 41 1469 6.9300 -259.0200 43 1416 -34.4400 -201.5900
1.2454109836e+000 -1.5756664506e+000 3.3126951817e+000
90 35 18
3 43 94 203.4900 -50.1700 45 79 213.8100 -72.2200 46 102 285.2600 -113.1300
1.2219615235e+000 -1.6277736910e+000 3.3043128285e+000
210 142 99
3 43 130 81.9400 -177.9600 45 113 84.8700 -197.9200 46 133 138.3100 -241.5400
1.2290793828e+000 -1.6181666106e+000 3.3065970506e+000
206 135 97
5 43 132 100.5800 -174.6000 45 120 104.8600 -195.0100 46 130 160.2300 -239.1600 47 122 94.3000 -225.7900 48 92 34.9400 -190.4100
1.2306062036e+000 -1.6203557343e+000 3.3065356081e+000
237 134 100
5 43 134 100.8200 -190.3000 45 125 104.8800 -211.1100 46 153 159.8400 -256.5100 47 128 94.1200 -242.5601 48 110 35.0600 -206.6000
1.2306062036e+000 -1.6203557343e+000 3.3065356081e+000
237 134 100
5 43 135 100.8200 -190.3000 45 126 104.8800 -211.1100 46 154 159.8400 -256.5100 47 127 94.1200 -242.5601 48 109 35.0600 -206.6000
1.2384239219e+000 -1.6054517055e+000 3.3087521771e+000
207 140 88
4 43 136 135.5000 -167.4000 46 142 200.8400 -234.7200 47 108 134.4200 -224.0699 48 96 74.3800 -191.2000
1.2394143239e+000 -1.6079774104e+000 3.3082785185e+000
208 131 79
4 43 138 135.6000 -183.0900 45 128 141.8800 -205.6700 46 467 200.7400 -252.0300 47 137 134.4500 -240.6300
1.2251676873e+000 -1.6279503650e+000 3.3055339918e+000
221 117 81
5 43 146 81.9500 -193.7800 45 118 85.0400 -214.0000 46 151 138.1100 -258.7400 47 125 72.5600 -243.1899 48 106 14.0100 -206.2900
1.2251676873e+000 -1.6279503650e+000 3.3055339918e+000
221 117 81
5 43 147 81.9500 -193.7800 45 119 85.0400 -214.0000 46 152 138.1100 -258.7400 47 126 72.5600 -243.1899 48 107 14.0100 -206.2900
1.2510088129e+000 -1.6056869118e+000 3.3095517178e+000
125 155 149
3 43 167 164.8400 -237.1400 46 172 233.2700 -313.0100 47 171 168.6600 -301.7600
1.2557342739e+000 -1.5972723961e+000 3.3110513127e+000
37 58 59
5 43 168 190.0000 -227.8000 45 134 200.9700 -253.4900 46 177 264.0200 -305.6700 47 177 199.7100 -296.4900 48 150 140.8100 -267.3900
1.2545682310e+000 -1.6037469498e+000 3.3107199702e+000
47 15 26
2 43 169 172.6000 -250.4000 46 185 243.0700 -328.1801
1.2226657315e+000 -1.6716079774e+000 3.3029465976e+000
70 25 23
3 43 191 31.6200 -318.7200 46 212 77.3200 -386.9301 47 202 15.4900 -363.6100
1.2499945550e+000 -1.6228649832e+000 3.3091260704e+000
144 83 83
5 43 193 127.5100 -300.9700 45 180 134.2400 -324.5300 46 193 188.5000 -377.4000 47 212 124.7300 -361.9900 48 438 66.9300 -329.2800
1.2499945550e+000 -1.6228649832e+000 3.3091260704e+000
144 83 83
5 43 194 127.5100 -300.9700 45 181 134.2400 -324.5300 46 192 188.5000 -377.4000 47 211 124.7300 -361.9900 48 439 66.9300 -329.2800
1.2519175488e+000 -1.6193649589e+000 3.3093135192e+000
148 84 84
5 43 195 138.2300 -298.6200 45 182 145.8000 -322.1000 46 195 200.9200 -376.2800 47 216 137.3900 -361.1100 48 199 79.7200 -328.9800
1.2519175488e+000 -1.6193649589e+000 3.3093135192e+000
148 84 84
5 43 196 138.2300 -298.6200 45 183 145.8000 -322.1000 46 194 200.9200 -376.2800 47 215 137.3900 -361.1100 48 198 79.7200 -328.9800
1.2201526921e+000 -1.6858511054e+000 3.3021910078e+000
45 26 19
4 43 213 15.3000 -344.1100 45 198 16.0800 -362.8600 46 209 58.5500 -411.5100 47 226 -1.3300 -386.4600
1.2435980264e+000 -1.6484132002e+000 3.3065602666e+000
148 114 108
2 43 219 81.6700 -349.5601 46 550 134.0500 -424.9800
1.2535186330e+000 -1.6288635846e+000 3.3096409376e+000
64 50 45
5 43 221 121.4900 -341.1200 45 205 127.6900 -366.5800 46 242 180.1300 -420.6899 47 241 117.5800 -404.5500 48 220 60.9100 -370.5200
1.2535186330e+000 -1.6288635846e+000 3.3096409376e+000
64 50 45
5 43 222 121.4900 -341.1200 45 204 127.6900 -366.5800 46 241 180.1300 -420.6899 47 240 117.5800 -404.5500 48 219 60.9100 -370.5200
1.2414618566e+000 -1.6579521933e+000 3.3060636652e+000
65 44 43
4 43 236 66.0200 -366.3400 45 218 69.4300 -387.2800 46 239 115.8500 -440.8900 47 248 54.4100 -418.6700
1.2525768771e+000 -1.5762893622e+000 3.3130717440e+000
199 132 93
2 43 457 225.5800 -96.2100 45 381 238.2100 -120.2500
1.2316944167e+000 -1.6207588649e+000 3.3065073508e+000
141 23 24
4 43 475 102.2900 -197.1200 45 394 107.0600 -218.3000 46 468 162.2800 -263.5800 47 454 96.3000 -249.8000
1.2488734745e+000 -1.6075460293e+000 3.3100013650e+000
35 49 57
5 43 481 151.8800 -233.6500 45 416 159.4600 -258.0500 46 480 218.4100 -308.4301 47 468 153.5300 -296.7300 48 403 94.6100 -265.2200
1.2119845252e+000 -1.6882787313e+000 3.3011499435e+000
161 84 64
5 43 495 5.8400 -318.2400 45 434 6.0300 -336.0900 46 500 48.6100 -383.4301 47 496 -11.6900 -358.1801 48 423 -65.7000 -316.5400
1.2265820205e+000 -1.6880087571e+000 3.3033460212e+000
115 79 62
3 43 529 17.3100 -375.0100 45 465 18.1500 -394.3800 46 545 60.2000 -444.9500
1.2540690921e+000 -1.6346544149e+000 3.3091439826e+000
78 57 52
4 43 533 113.9500 -362.5200 45 468 122.0500 -387.2200 46 760 170.4700 -443.2500 48 629 52.8000 -390.3800
1.1959103407e+000 -1.5553042403e+000 3.3145553970e+000
152 22 20
4 43 652 84.6300 283.9800 46 675 155.1200 264.6200 47 623 80.6200 260.7700 48 556 14.5100 291.1300
1.2528735148e+000 -1.5573002773e+000 3.3165566291e+000
59 61 37
4 43 671 263.1400 30.8500 45 572 279.0600 8.7200 46 710 361.0400 -27.5300 47 804 293.7500 -30.4100
1.2528735148e+000 -1.5573002773e+000 3.3165566291e+000
59 61 37
4 43 672 263.1400 30.8500 45 573 279.0600 8.7200 46 711 361.0400 -27.5300 47 805 293.7500 -30.4100
1.2416265624e+000 -1.6197193680e+000 3.3075706328e+000
22 59 78
2 43 699 121.9000 -242.8300 45 593 127.7400 -265.4000
1.2138075143e+000 -1.6895589342e+000 3.3013902524e+000
166 84 63
5 43 710 6.1000 -328.4301 45 602 6.4900 -346.3000 46 744 48.7900 -393.5200 47 692 -11.6000 -368.9100 48 612 -65.2300 -326.7700
1.2521045391e+000 -1.6345625959e+000 3.3115243645e+000
79 59 55
3 43 718 95.9000 -355.1200 45 612 102.0200 -379.2100 46 758 152.1000 -434.2600
1.2412784552e+000 -1.6036675358e+000 3.3086531793e+000
141 22 23
4 43 833 147.8300 -173.4200 46 1001 214.9200 -243.4600 47 963 147.6400 -232.2000 48 880 87.9300 -199.9600
1.2576813706e+000 -1.6034732790e+000 3.3110791270e+000
182 94 58
5 43 839 180.2800 -268.3900 45 720 190.0200 -294.5699 46 881 251.4100 -348.1300 47 977 186.8700 -337.1899 48 753 129.5200 -308.6500
1.2564058207e+000 -1.6074203731e+000 3.3105977121e+000
70 55 57
3 43 840 170.7100 -276.8700 45 719 179.4600 -302.4500 48 752 115.6800 -315.0400
1.2198247248e+000 -1.5881715469e+000 3.3062816672e+000
165 144 56
2 43 972 134.9700 5.8300 46 988 205.1700 -43.9500
1.2471274236e+000 -1.5802251194e+000 3.3108067177e+000
162 139 95
5 43 978 209.9600 -85.9200 45 835 220.1800 -109.1100 46 994 290.6600 -151.8000 47 955 222.3100 -148.4700 48 872 159.9000 -120.6700
1.2467983498e+000 -1.5835403290e+000 3.3107986819e+000
162 99 63
2 43 984 199.3800 -103.4500 45 837 209.5900 -126.2400
1.2296364834e+000 -1.6188753209e+000 3.3061699533e+000
102 36 18
3 43 994 103.1700 -179.6400 46 1121 162.7600 -244.8700 47 1085 97.0300 -231.4399
1.2250773237e+000 -1.6508696370e+000 3.3045719088e+000
22 62 74
4 43 1005 53.3600 -270.9000 45 1011 56.3000 -290.9200 46 1130 103.9500 -338.4200 48 1016 -16.5900 -279.5200
1.2560731871e+000 -1.6343948391e+000 3.3095206659e+000
128 97 76
2 43 1013 116.5900 -373.2300 46 1026 174.1300 -454.1200
1.2560731871e+000 -1.6343948391e+000 3.3095206659e+000
128 97 76
2 43 1014 116.5900 -373.2300 46 1025 174.1300 -454.1200
1.2161682272e+000 -1.6200414624e+000 3.3025645747e+000
157 142 101
5 43 1159 89.8400 -123.8800 45 990 93.2000 -141.9700 46 1236 149.4000 -179.2800 47 1202 82.6500 -167.3400 48 1154 22.7800 -131.7600
1.2573291847e+000 -1.5783971385e+000 3.3138098739e+000
138 23 25
5 43 1162 231.7600 -139.2300 45 1129 244.8200 -165.6000 46 1242 316.3900 -213.3800 47 1207 252.4000 -210.0900 48 1157 191.6100 -185.9399
1.2135728423e+000 -1.6109259251e+000 3.3041958605e+000
156 139 96
5 43 1267 91.4500 -74.2200 45 1108 94.1000 -93.2600 46 1229 151.6600 -129.3700 47 1190 83.3600 -119.0200 48 1138 21.7800 -83.9600
1.2135728423e+000 -1.6109259251e+000 3.3041958605e+000
156 139 96
5 43 1268 91.4500 -74.2200 45 1109 94.1000 -93.2600 46 1230 151.6600 -129.3700 47 1191 83.3600 -119.0200 48 1137 21.7800 -83.9600
1.2040932443e+000 -1.6334768523e+000 3.3018597736e+000
160 141 99
5 43 1271 51.8700 -124.8600 45 1119 53.0600 -143.2100 46 1332 105.0800 -180.5800 47 1201 39.2500 -166.5100 48 1151 -20.3200 -128.2100
1.2040932443e+000 -1.6334768523e+000 3.3018597736e+000
160 141 99
5 43 1272 51.8700 -124.8600 45 1120 53.0600 -143.2100 46 1333 105.0800 -180.5800 47 1200 39.2500 -166.5100 48 1152 -20.3200 -128.2100
1.2262756993e+000 -1.6015044347e+000 3.3067773022e+000
153 139 95
5 43 1412 123.1700 -87.9100 45 1250 129.8400 -109.9500 46 1415 188.7000 -146.9000 47 1371 121.0200 -137.9700 48 1332 55.8500 -106.0000
1.2315826175e+000 -1.6286062008e+000 3.3030661995e+000
29 41 51
2 43 1437 108.2600 -223.1700 46 1416 165.1900 -292.5200
1.2315826175e+000 -1.6286062008e+000 3.3030661995e+000
29 41 51
2 43 1438 108.2600 -223.1700 46 1417 165.1900 -292.5200
1.2536204737e+000 -1.5505296789e+000 3.3232792982e+000
137 138 39
3 43 1462 234.4000 76.9199 45 1297 253.2400 59.5100 46 1448 336.1000 29.6400
1.2434692283e+000 -1.7617245278e+000 3.3107220992e+000
150 139 171
2 38 408 114.0900 -635.0500 41 350 -17.5300 -624.0601
9.7649695643e-001 -2.9067468068e+000 3.2378340099e+000
113 59 19
2 38 451 -35.9900 -765.3101 36 809 10.2200 -818.2900
1.0943116085e+000 -2.3714658753e+000 3.2722810985e+000
192 165 146
2 38 837 -18.1300 -741.6500 36 802 36.5200 -791.8000
1.2003034112e+000 -1.6061668281e+000 3.3612223492e+000
177 154 141
2 38 950 -109.9600 -46.5800 36 1188 -60.4900 -75.5100
1.2481295714e+000 -1.6006406711e+000 3.3672676080e+000
160 102 86
2 38 984 -105.6400 -243.6899 36 1228 -59.1500 -283.8101
1.2481295714e+000 -1.6006406711e+000 3.3672676080e+000
160 102 86
2 38 985 -105.6400 -243.6899 36 1229 -59.1500 -283.8101
1.2164880375e+000 -1.6104086421e+000 3.3618813859e+000
195 125 96
2 38 1361 -100.3000 -133.6200 36 1424 -52.6700 -166.7300
1.2021277039e+000 -1.6065890700e+000 3.3608426236e+000
172 132 124
2 38 1738 -107.1200 -55.6100 36 1765 -55.7900 -84.9900
1.2637002039e+000 -1.6528078318e+000 3.3044459456e+000
141 84 83
2 40 327 194.0500 -475.5300 41 303 162.8700 -506.3000
1.2672102987e+000 -1.6370416670e+000 3.3066298181e+000
114 57 46
2 40 685 216.0100 -448.9000 41 813 189.0300 -480.5699
1.2435613405e+000 -1.7233925356e+000 3.3040468023e+000
117 78 80
2 41 338 40.9500 -569.3700 42 283 57.0500 -537.5800
1.1673022946e+000 -1.6256120921e+000 3.2972927929e+000
128 108 38
2 45 971 20.0600 13.8200 48 986 -54.2500 33.4300
1.1984634972e+000 -1.5897216324e+000 3.3033240649e+000
22 38 12
2 45 1086 96.7500 65.2200 48 1108 28.3700 77.6599
1.2429174115e+000 -1.5208967246e+000 3.3451624114e+000
165 129 80
2 47 24 87.9000 465.9900 48 27 26.1200 490.9100
1.2244827285e+000 -1.6437759222e+000 3.3063560017e+000
76 110 104
2 47 154 40.8100 -295.4000 48 131 -15.7600 -256.9301
1.2220803600e+000 -1.6829602480e+000 3.3011128957e+000
60 30 20
2 47 229 10.1100 -386.6700 48 192 -44.2600 -345.3600
1.2341879647e+000 -1.6655283470e+000 3.3046451656e+000
54 32 29
2 47 233 36.5300 -401.2800 48 211 -17.6700 -361.9800
1.2442745417e+000 -1.6426564236e+000 3.3077946391e+000
46 28 26
2 47 236 77.9500 -392.8400 48 216 21.7100 -356.1801
1.2442745417e+000 -1.6426564236e+000 3.3077946391e+000
46 28 26
2 47 237 77.9500 -392.8400 48 215 21.7100 -356.1801
1.2771473987e+000 -1.5917721176e+000 3.3184421671e+000
26 41 39
2 47 258 248.8800 -448.1801 48 235 196.0700 -425.0800
1.2406522828e+000 -1.6812925847e+000 3.3050883506e+000
103 72 46
2 47 272 25.1600 -467.2400 48 226 -27.9900 -427.0500
1.2354075795e+000 -1.5234814589e+000 3.3446002387e+000
166 133 83
2 47 384 43.3700 456.4299 48 23 -17.7800 482.8000
1.2231915057e+000 -1.6303620545e+000 3.3073128977e+000
94 12 13
2 47 452 54.3900 -244.1600 48 379 -3.9500 -206.8700
1.2533071713e+000 -1.5999494880e+000 3.3121348926e+000
35 43 38
2 47 470 174.7800 -294.7600 48 406 115.5600 -264.8700
1.2265366149e+000 -1.6692554734e+000 3.3033795922e+000
60 29 24
2 47 506 23.6400 -374.7300 48 187 -30.6300 -334.6100
1.2456944753e+000 -1.6399452763e+000 3.3080351217e+000
56 32 28
2 47 519 84.6800 -392.6500 48 452 28.7700 -356.4100
1.2456944753e+000 -1.6399452763e+000 3.3080351217e+000
56 32 28
2 47 520 84.6800 -392.6500 48 453 28.7700 -356.4100
1.2482736660e+000 -1.6407878104e+000 3.3086561318e+000
57 37 36
2 47 522 86.1200 -410.0100 48 455 29.7200 -374.0000
1.2482736660e+000 -1.6407878104e+000 3.3086561318e+000
57 37 36
2 47 523 86.1200 -410.0100 48 456 29.7200 -374.0000
1.2757735687e+000 -1.5935060478e+000 3.3182196614e+000
45 67 64
2 47 535 239.1200 -443.8400 48 479 183.4000 -420.2800
1.2459727903e+000 -1.5196689687e+000 3.3444820997e+000
121 92 64
2 47 609 122.5800 470.2400 48 541 60.7200 494.1600
1.2239804743e+000 -1.6826055358e+000 3.3015462565e+000
51 24 6
2 47 705 11.5700 -394.1500 48 621 -42.5300 -353.0300
1.2471198387e+000 -1.6978646209e+000 3.3116443072e+000
109 72 54
2 47 729 -13.9400 -533.2200 48 646 -64.7700 -490.1500
1.2653573088e+000 -1.6415247738e+000 3.3172508965e+000
97 69 51
2 47 732 75.8100 -522.4600 48 648 21.4700 -486.5100
1.2592435897e+000 -1.5794688968e+000 3.3118505785e+000
118 99 53
2 47 825 269.5200 -228.6400 48 742 211.1100 -204.1000
1.2265582625e+000 -1.6308427143e+000 3.3062857499e+000
162 57 43
2 47 828 66.4400 -261.4100 48 744 8.5400 -224.0400
1.2432170804e+000 -1.6164506615e+000 3.3092373630e+000
15 42 49
2 47 831 119.4500 -298.9800 48 748 61.2400 -264.8300
1.2462346400e+000 -1.5180167462e+000 3.3394379403e+000
154 125 81
2 47 920 199.4100 477.3000 48 845 137.5900 498.5601
1.2735885526e+000 -1.5919375597e+000 3.3169419595e+000
11 38 47
2 47 986 245.4800 -416.1100 48 1028 190.5400 -392.7900
1.2599146168e+000 -1.6616782244e+000 3.3163452835e+000
57 37 27
2 47 1004 32.4900 -534.6600 48 904 -19.4000 -495.3500
1.2225541945e+000 -1.5762565265e+000 3.3025934823e+000
123 103 46
2 47 1174 195.4300 17.0600 48 1227 130.5800 46.0400
1.2387830872e+000 -1.5845571482e+000 3.3051043961e+000
94 40 20
2 47 1194 215.9400 -117.3800 48 998 150.3000 -87.9200
