# Bundle file v0.3
60 91
0 0 0
0 0 0
0 0 0
0 0 0
0 0 0
0 0 0
0 0 0
0 0 0
0 0 0
0 0 0
0 0 0
0 0 0
0 0 0
0 0 0
0 0 0
0 0 0
0 0 0
0 0 0
0 0 0
0 0 0
0 0 0
0 0 0
0 0 0
0 0 0
0 0 0
0 0 0
0 0 0
0 0 0
0 0 0
0 0 0
0 0 0
0 0 0
0 0 0
0 0 0
0 0 0
0 0 0
0 0 0
0 0 0
0 0 0
0 0 0
0 0 0
0 0 0
0 0 0
0 0 0
0 0 0
0 0 0
0 0 0
0 0 0
0 0 0
0 0 0
0 0 0
0 0 0
0 0 0
0 0 0
0 0 0
0 0 0
0 0 0
0 0 0
0 0 0
0 0 0
0 0 0
0 0 0
0 0 0
0 0 0
0 0 0
0 0 0
0 0 0
0 0 0
0 0 0
0 0 0
0 0 0
0 0 0
0 0 0
0 0 0
0 0 0
0 0 0
0 0 0
0 0 0
0 0 0
0 0 0
0 0 0
0 0 0
0 0 0
0 0 0
0 0 0
0 0 0
0 0 0
0 0 0
0 0 0
0 0 0
0 0 0
0 0 0
0 0 0
0 0 0
0 0 0
0 0 0
0 0 0
0 0 0
0 0 0
0 0 0
0 0 0
0 0 0
0 0 0
0 0 0
0 0 0
0 0 0
0 0 0
0 0 0
0 0 0
0 0 0
0 0 0
0 0 0
0 0 0
0 0 0
0 0 0
0 0 0
0 0 0
0 0 0
0 0 0
0 0 0
0 0 0
0 0 0
0 0 0
0 0 0
0 0 0
0 0 0
0 0 0
0 0 0
0 0 0
0 0 0
0 0 0
0 0 0
0 0 0
0 0 0
0 0 0
0 0 0
0 0 0
0 0 0
0 0 0
0 0 0
0 0 0
0 0 0
0 0 0
0 0 0
0 0 0
0 0 0
0 0 0
0 0 0
0 0 0
0 0 0
0 0 0
0 0 0
0 0 0
0 0 0
0 0 0
0 0 0
0 0 0
0 0 0
0 0 0
0 0 0
0 0 0
0 0 0
0 0 0
0 0 0
0 0 0
0 0 0
0 0 0
0 0 0
0 0 0
0 0 0
0 0 0
0 0 0
0 0 0
0 0 0
0 0 0
0 0 0
0 0 0
0 0 0
0 0 0
0 0 0
0 0 0
0 0 0
0 0 0
0 0 0
0 0 0
-1.0873757827e+003 -6.3522398873e-001 1.8431868141e-001
8.8049637422e-001 -3.1672539903e-001 3.5271965722e-001
9.0390696845e-002 8.4257114617e-001 5.3094574634e-001
-4.6535540923e-001 -4.3561322896e-001 7.7050986876e-001
-2.5473185154e+000 -3.5376944402e-001 -2.2526435709e+000
6.8967740233e+002 -2.9191444629e-001 4.6405689851e-002
6.5128825996e-001 -1.0135145906e-001 -7.5203157127e-001
-3.0367941000e-003 9.9068430538e-001 -1.3614472061e-001
7.5882434089e-001 9.0953223226e-002 6.4491327391e-001
1.5317847182e+000 2.1089322888e+000 -2.9879967630e+000
-2.4457765681e+002 -4.9117375528e-002 1.4288111769e-003
9.8813650158e-001 -1.5309077192e-001 1.2225783853e-002
1.4854398570e-001 9.7292790640e-001 1.7704794056e-001
-3.8999212176e-002 -1.7313146593e-001 9.8412629116e-001
-1.3586985855e+000 9.2006580147e-001 -3.2355855920e+000
7.1383211598e+002 -3.2600215234e-001 4.3411095550e-002
6.2847247256e-001 2.2598165366e-003 -7.7782854439e-001
-1.1813928379e-001 9.8867165806e-001 -9.2582191470e-002
7.6880781790e-001 1.5007746593e-001 6.2161989460e-001
1.7893416418e+000 2.1050598190e+000 -2.8340051199e+000
0 0 0
0 0 0
0 0 0
0 0 0
0 0 0
0 0 0
0 0 0
0 0 0
0 0 0
0 0 0
0 0 0
0 0 0
0 0 0
0 0 0
0 0 0
0 0 0
0 0 0
0 0 0
0 0 0
0 0 0
0 0 0
0 0 0
0 0 0
0 0 0
0 0 0
0 0 0
0 0 0
0 0 0
0 0 0
0 0 0
0 0 0
0 0 0
0 0 0
0 0 0
0 0 0
0 0 0
0 0 0
0 0 0
0 0 0
0 0 0
0 0 0
0 0 0
0 0 0
0 0 0
0 0 0
0 0 0
0 0 0
0 0 0
0 0 0
0 0 0
0 0 0
0 0 0
0 0 0
0 0 0
0 0 0
0 0 0
0 0 0
0 0 0
0 0 0
0 0 0
0 0 0
0 0 0
0 0 0
0 0 0
0 0 0
0 0 0
0 0 0
0 0 0
0 0 0
0 0 0
0 0 0
0 0 0
0 0 0
0 0 0
0 0 0
0 0 0
0 0 0
0 0 0
0 0 0
0 0 0
0 0 0
0 0 0
0 0 0
0 0 0
0 0 0
0 0 0
0 0 0
0 0 0
0 0 0
0 0 0
0 0 0
0 0 0
0 0 0
0 0 0
0 0 0
8.3256215630e-001 -2.3206407835e+000 3.1353174377e+000
152 24 38
3 37 1630 25.9900 -560.1899 39 1310 -104.6900 -490.5800 40 1287 -114.6500 -500.6600
7.1123309117e-001 -2.7524703562e+000 3.1466403540e+000
117 77 60
2 37 1322 38.7600 -592.3600 39 996 -94.1200 -522.3400
9.9974999299e-001 -1.6448245517e+000 3.1199717479e+000
36 52 23
2 37 1002 -126.2500 16.4900 39 118 -229.2300 61.3700
9.3335158482e-001 -2.0929350232e+000 3.1420278218e+000
208 53 72
2 37 338 62.3400 -499.6000 39 320 -80.1200 -436.2100
9.6001195662e-001 -2.0642081406e+000 3.1416500452e+000
179 121 99
4 37 1106 87.1800 -487.9000 39 719 -61.5300 -427.7600 38 761 5.2300 -482.6000 40 671 -73.5500 -443.0800
9.2573965909e-001 -2.1053534535e+000 3.1407506519e+000
137 34 44
2 37 804 56.6300 -505.6801 39 321 -84.1200 -441.5200
9.7428411142e-001 -2.0822997166e+000 3.1351188475e+000
148 21 33
3 37 1498 107.9600 -502.8199 39 1148 -43.6000 -443.3600 38 1398 25.8900 -499.0900
8.2788973019e-001 -2.4512019600e+000 3.1223964961e+000
181 125 94
3 37 1631 50.8700 -584.3600 39 1313 -84.4000 -516.3300 38 1400 -21.4600 -574.6600
9.4477813969e-001 -2.7249647997e+000 3.1553020539e+000
119 74 32
2 37 850 168.5400 -571.1100 39 762 14.1400 -517.9399
7.1123309117e-001 -2.7524703562e+000 3.1466403540e+000
117 77 60
2 37 1321 38.7600 -592.3600 39 995 -94.1200 -522.3400
9.4040569143e-001 -2.1125725003e+000 3.1388255396e+000
122 30 39
3 37 342 76.9300 -510.4600 39 326 -69.5800 -447.9399 38 321 -2.8200 -503.6600
9.2362852476e-001 -2.0633366277e+000 3.1506008166e+000
181 126 96
3 37 1096 42.6000 -476.0300 39 709 -96.4600 -412.2700 40 670 -106.6700 -424.1100
9.3095611434e-001 -2.0661744778e+000 3.1485583261e+000
179 120 103
3 37 786 52.3800 -480.2900 39 318 -89.1200 -416.6500 40 275 -99.3800 -429.6899
1.0879455487e+000 -1.9029648512e+000 3.1318660885e+000
78 29 35
3 37 757 230.7000 -383.2400 39 678 73.7700 -345.2500 38 720 147.5900 -390.5200
9.8564007679e-001 -3.1114781152e+000 3.1865307187e+000
60 21 38
2 37 852 203.2800 -568.6100 39 404 50.1800 -521.6100
1.0810914282e+000 -1.9136998353e+000 3.1330383688e+000
166 84 82
3 37 1076 222.5500 -391.9800 39 958 63.5100 -353.7100 40 1091 49.7400 -377.6600
1.0558212291e+000 -2.1053121753e+000 3.1111779859e+000
56 16 24
3 37 832 203.9300 -525.9500 39 978 49.3000 -480.1500 38 1043 122.9900 -530.3600
9.3473267574e-001 -2.9313891023e+000 3.1754779012e+000
161 114 64
2 37 851 176.5000 -570.9000 39 763 21.3700 -519.1400
8.1780353948e-001 -2.2067103619e+000 3.1420585532e+000
133 33 41
2 37 817 -24.3200 -531.2600 39 341 -143.1100 -457.8101
1.0732040435e+000 -1.9122322191e+000 3.1353534952e+000
101 48 49
3 37 1492 210.7700 -389.1400 39 1298 50.7500 -349.1000 40 1433 35.8800 -370.2100
9.3433241232e-001 -2.1084030672e+000 3.1409490171e+000
152 21 37
3 37 1105 67.9600 -506.2900 39 720 -75.0700 -443.4800 38 1037 -9.7400 -499.8800
1.0688057210e+000 -2.0219559520e+000 3.1190461865e+000
66 29 29
4 37 1705 214.3300 -485.4399 39 1605 59.0900 -442.8500 38 1638 132.8900 -491.2100 40 1552 45.8600 -466.7500
1.0070819322e+000 -1.6341583213e+000 3.1206820607e+000
143 146 128
2 37 1599 -112.7800 48.6800 39 1095 -222.7800 93.6200
-6.2313935572e-001 -8.1333640203e+000 3.5059397951e+000
178 123 93
2 37 1840 83.9200 -623.6400 39 1736 -60.7500 -558.3199
1.0674924885e+000 -1.9519405482e+000 3.1306112298e+000
73 32 30
4 37 276 207.0300 -429.1500 39 711 47.9000 -387.2800 38 266 122.0400 -435.7000 40 653 33.4400 -411.1300
1.1094290188e+000 -1.9162277855e+000 3.1218952905e+000
126 91 95
3 37 257 260.6100 -403.8900 39 702 113.9400 -371.6100 40 665 104.9900 -397.6500
1.1209985443e+000 -1.7742484277e+000 3.1469379801e+000
178 37 45
4 37 1028 268.3400 -182.5900 39 918 111.5500 -157.8800 38 976 185.3200 -195.2200 40 854 101.8600 -180.6700
1.1209985443e+000 -1.7742484277e+000 3.1469379801e+000
178 37 45
4 37 1029 268.3400 -182.5900 39 917 111.5500 -157.8800 38 975 185.3200 -195.2200 40 853 101.8600 -180.6700
1.1314560462e+000 -1.8171308490e+000 3.1240825685e+000
35 71 98
2 37 1289 293.5600 -283.9200 39 1294 154.0400 -261.8600
1.1125637300e+000 -1.9044877975e+000 3.1199031239e+000
62 40 40
2 37 1080 266.4900 -398.3300 39 960 121.4600 -365.9600
9.4799845074e-001 -2.1356501682e+000 3.1303053810e+000
123 29 35
2 37 372 89.2300 -526.3300 39 368 -58.1900 -464.9399
8.4808866979e-001 -2.1948549767e+000 3.1357223581e+000
183 52 63
2 37 820 -1.6200 -534.9600 39 346 -124.2300 -464.4700
1.1143388494e+000 -1.7559760026e+000 3.1554122176e+000
131 82 67
3 37 1267 252.4000 -141.7800 39 1122 90.3300 -116.3700 40 1068 78.5700 -136.9600
8.3587864992e-001 -2.2339574723e+000 3.1321049249e+000
206 74 87
2 37 841 0.1200 -547.0900 39 736 -124.8300 -475.1899
1.1281060310e+000 -1.7677393275e+000 3.1459537594e+000
178 42 49
4 37 1477 279.6200 -169.8400 39 1437 127.0800 -147.4301 38 1533 199.2600 -184.0000 40 1412 118.8500 -170.2500
-8.1925280129e-002 -4.9506382309e+000 3.3488078227e+000
182 126 102
2 37 1320 28.4100 -598.5699 39 994 -102.0600 -526.6600
1.1010128365e+000 -1.8693220070e+000 3.1340776632e+000
179 105 80
4 37 1622 247.9200 -340.1300 39 1600 91.7400 -309.1700 38 1549 165.0300 -352.4900 40 1549 80.5800 -333.2900
1.1041751935e+000 -1.9706063080e+000 3.1135960887e+000
141 113 99
2 37 1623 254.7800 -458.6000 39 1606 111.1300 -422.3199
1.0801786996e+000 -2.0848447715e+000 3.1096747517e+000
139 105 95
2 37 1629 229.0600 -515.7400 39 1478 79.0900 -474.8600
1.0913099827e+000 -2.1221090495e+000 3.1004772487e+000
75 36 39
3 37 1501 239.7200 -530.9000 39 1479 92.5100 -492.6300 38 1561 163.7400 -540.5699
-7.0131099097e-001 -7.0931721805e+000 3.5235068078e+000
187 126 100
2 37 1323 42.8600 -604.0300 39 1157 -89.5000 -533.0200
1.0857621814e+000 -1.8832978448e+000 3.1365119643e+000
172 130 80
3 37 1699 224.9600 -356.4800 39 1598 67.0500 -319.3300 40 1547 53.1200 -342.5000
4.5196772576e-001 -5.3291577769e+000 3.2745264572e+000
69 20 26
2 37 1761 143.1500 -633.5200 39 1664 -8.6400 -574.0200
1.0089822146e+000 -2.1157937816e+000 3.1216833665e+000
42 15 24
4 37 1804 154.3800 -527.2700 39 1689 -0.1400 -471.8400 38 1750 71.8100 -525.7800 40 1646 -14.4700 -490.6500
1.1098174341e+000 -1.8823243802e+000 3.1281759015e+000
71 34 30
4 37 238 260.7200 -362.1200 39 681 111.8100 -330.4200 38 703 183.5900 -372.4700 40 635 103.3500 -355.6600
1.1139992921e+000 -1.8800730173e+000 3.1265974659e+000
164 85 88
3 37 239 266.5600 -360.7000 39 682 119.0400 -330.8600 40 636 110.3700 -356.1500
9.4468623623e-001 -2.1453116081e+000 3.1331214613e+000
123 29 35
3 37 371 89.2300 -526.3300 39 367 -58.1900 -464.9399 38 352 9.1900 -520.6500
9.7075188614e-001 -2.7893777710e+000 3.1634000978e+000
128 83 40
2 37 395 186.3800 -566.7500 39 403 30.5700 -516.6100
1.0818531773e+000 -1.9309913000e+000 3.1297472701e+000
64 22 29
3 37 767 225.5300 -411.5200 39 698 67.2500 -373.0400 40 898 54.0600 -397.2500
1.0836241715e+000 -2.0032902357e+000 3.1174341371e+000
165 116 112
4 37 788 230.9300 -475.7800 39 973 78.9000 -434.9800 38 765 151.6200 -482.9900 40 681 66.5700 -460.1300
8.8740043878e-001 -2.1404916975e+000 3.1474971639e+000
126 26 31
4 37 802 25.5400 -509.2200 39 317 -107.0900 -441.8000 38 319 -46.0100 -499.2400 40 299 -115.3600 -454.2900
9.4755967687e-001 -2.0676604383e+000 3.1445970761e+000
179 117 103
3 37 805 72.5100 -485.7400 39 319 -72.3400 -424.2400 40 281 -84.1900 -438.9000
9.6263009393e-001 -2.0973373744e+000 3.1355008019e+000
186 52 59
3 37 344 97.5600 -508.3000 39 329 -51.5500 -447.8101 38 322 16.8500 -503.2000
9.2100941683e-001 -2.1630401827e+000 3.1363742356e+000
188 59 70
3 37 826 68.4300 -528.5699 39 362 -74.1400 -464.7800 38 780 -9.6100 -520.9301
1.1148457471e+000 -1.9744431011e+000 3.1081297413e+000
28 15 13
2 37 1100 268.5800 -464.4399 39 1149 128.8500 -432.3000
9.2296141629e-001 -2.0747026518e+000 3.1468916370e+000
137 25 34
2 37 1103 44.1000 -485.7400 39 971 -93.1800 -422.3400
1.1143388494e+000 -1.7559760026e+000 3.1554122176e+000
131 82 67
3 37 1266 252.4000 -141.7800 39 1121 90.3300 -116.3700 40 1069 78.5700 -136.9600
1.0413694862e+000 -2.0368069887e+000 3.1242956623e+000
112 57 27
3 37 1312 180.2900 -491.3400 39 972 25.3200 -441.1899 38 1038 98.1200 -492.8800
1.1200051959e+000 -1.8330774124e+000 3.1276307520e+000
18 73 104
2 37 1490 274.5200 -303.4700 39 1459 128.1800 -277.1200
9.7370849687e-001 -3.4427890366e+000 3.1887096083e+000
81 52 56
2 37 1503 206.7300 -586.7400 39 1314 55.5800 -539.5500
9.2220265734e-001 -2.0530462990e+000 3.1522302799e+000
176 124 102
3 37 1701 36.3500 -468.1200 39 1470 -100.6700 -404.7400 40 1280 -109.2800 -417.2200
1.0885609553e+000 -1.8576445712e+000 3.1405843238e+000
13 74 108
3 37 1798 227.4300 -322.4700 39 1687 66.0300 -284.5200 40 1643 52.2100 -307.0300
1.1175401060e+000 -1.8521789768e+000 3.1256400960e+000
191 117 93
2 37 215 272.4500 -331.3700 39 667 125.1500 -304.5200
1.1200737645e+000 -1.8525767852e+000 3.1237677637e+000
76 34 42
2 37 216 275.9100 -335.3300 39 216 131.9300 -307.4700
1.0811623437e+000 -1.9053332886e+000 3.1342678562e+000
172 85 84
3 37 232 221.4800 -383.2600 39 675 62.4600 -343.8199 40 623 48.6600 -367.4301
1.0956101173e+000 -1.8963406247e+000 3.1306221114e+000
71 33 28
3 37 233 241.7800 -376.6200 39 679 86.7600 -341.3700 38 238 160.3500 -385.2100
1.1045046856e+000 -1.8904237245e+000 3.1290758253e+000
162 83 81
3 37 234 254.3200 -370.7600 39 683 103.3900 -337.7700 38 702 175.7900 -381.2700
1.1000479225e+000 -1.8999811512e+000 3.1284401961e+000
77 35 33
4 37 235 247.9500 -382.3500 39 234 95.6600 -347.7100 38 245 168.4200 -391.0800 40 633 84.6800 -372.4000
1.0706705877e+000 -1.9131467189e+000 3.1361437648e+000
73 20 20
3 37 249 207.2800 -389.5200 39 230 46.0200 -348.1600 40 892 32.2300 -369.9800
1.0980223844e+000 -1.9062358032e+000 3.1283416311e+000
162 79 81
3 37 251 245.6500 -388.3900 39 273 93.3800 -354.2000 38 246 166.0600 -398.1200
1.0824533802e+000 -1.9384743766e+000 3.1280303193e+000
127 58 68
4 37 277 226.7700 -420.4600 39 275 69.7200 -381.0200 38 269 143.5900 -427.6000 40 659 56.5500 -405.4000
8.9695756202e-001 -2.0923028771e+000 3.1521051545e+000
232 73 90
3 37 337 21.4800 -486.9500 39 309 -111.3200 -420.7100 38 289 -50.7200 -476.6801
1.0037785744e+000 -2.2082600036e+000 3.1117453514e+000
120 73 33
3 37 394 159.7200 -555.6899 39 387 5.1900 -500.3000 38 377 77.0800 -555.5800
1.1125511423e+000 -1.7621392287e+000 3.1542005159e+000
187 147 124
3 37 672 250.7000 -155.5699 39 911 88.3300 -127.9301 40 844 76.9700 -149.1899
1.1125511423e+000 -1.7621392287e+000 3.1542005159e+000
187 147 124
3 37 673 250.7000 -155.5699 39 910 88.3300 -127.9301 40 845 76.9700 -149.1899
1.1093933809e+000 -1.7641780174e+000 3.1550693490e+000
186 149 125
3 37 674 245.3800 -158.6200 39 624 81.9400 -130.8900 40 564 69.7400 -152.0000
1.1093933809e+000 -1.7641780174e+000 3.1550693490e+000
186 149 125
3 37 675 245.3800 -158.6200 39 625 81.9400 -130.8900 40 565 69.7400 -152.0000
1.1294664831e+000 -1.7946674870e+000 3.1313353133e+000
202 82 77
2 37 697 287.2200 -238.7700 39 930 143.2200 -214.9000
1.0727679468e+000 -1.9451699659e+000 3.1299767374e+000
147 75 81
3 37 777 213.4400 -424.3300 39 700 55.5200 -383.2600 40 657 41.6000 -406.3400
1.1113747673e+000 -1.9985798217e+000 3.1068917905e+000
26 22 20
2 37 789 263.7300 -479.1600 39 726 122.6800 -445.7300
9.1468649382e-001 -2.1656856927e+000 3.1327680858e+000
143 27 40
2 37 825 61.3500 -533.2600 39 361 -81.1600 -467.3300
1.0164971241e+000 -2.1141295593e+000 3.1223468287e+000
86 35 44
3 37 831 163.9600 -523.7200 39 744 7.1900 -471.9900 40 916 -8.4000 -494.1700
1.0601548667e+000 -2.2093533210e+000 3.1109028082e+000
73 37 41
2 37 834 213.9500 -544.1300 39 394 61.6300 -499.6100
-2.2626096945e-001 -6.0292203200e+000 3.4302549784e+000
184 127 100
2 37 858 62.1900 -602.0500 39 402 -75.8000 -533.6600
6.9531158010e-001 -2.6217095333e+000 3.1385099846e+000
186 126 107
2 37 1123 0.7700 -588.6100 39 761 -121.7700 -514.7100
-1.1328634431e+000 -6.9476114885e+000 3.5378593710e+000
187 116 96
2 37 1124 -13.2600 -600.2200 39 992 -133.1900 -523.5100
1.1314824257e+000 -1.8373554802e+000 3.1195059289e+000
76 52 65
2 37 1297 294.4100 -320.0800 39 1464 158.0700 -297.0200
1.0300682309e+000 -2.2453071592e+000 3.1139191782e+000
150 98 51
2 37 1316 189.2700 -552.5300 39 1152 34.8400 -504.0699
1.1338947756e+000 -1.7583621682e+000 3.1454232219e+000
168 155 121
4 37 1473 287.9400 -153.0500 39 1439 139.2800 -129.3500 38 1531 210.2500 -165.2000 40 1409 133.4800 -151.8600
1.1338947756e+000 -1.7583621682e+000 3.1454232219e+000
168 155 121
4 37 1474 287.9400 -153.0500 39 1440 139.2800 -129.3500 38 1532 210.2500 -165.2000 40 1410 133.4800 -151.8600
1.1361101033e+000 -1.7938086404e+000 3.1251222210e+000
19 72 104
2 37 1485 298.5900 -246.9800 39 1445 164.1600 -223.2300
