# Bundle file v0.3
60 92
0 0 0
0 0 0
0 0 0
0 0 0
0 0 0
0 0 0
0 0 0
0 0 0
0 0 0
0 0 0
0 0 0
0 0 0
0 0 0
0 0 0
0 0 0
0 0 0
0 0 0
0 0 0
0 0 0
0 0 0
0 0 0
0 0 0
0 0 0
0 0 0
0 0 0
0 0 0
0 0 0
0 0 0
0 0 0
0 0 0
0 0 0
0 0 0
0 0 0
0 0 0
0 0 0
0 0 0
0 0 0
0 0 0
0 0 0
0 0 0
0 0 0
0 0 0
0 0 0
0 0 0
0 0 0
0 0 0
0 0 0
0 0 0
0 0 0
0 0 0
0 0 0
0 0 0
0 0 0
0 0 0
0 0 0
0 0 0
0 0 0
0 0 0
0 0 0
0 0 0
0 0 0
0 0 0
0 0 0
0 0 0
0 0 0
0 0 0
0 0 0
0 0 0
0 0 0
0 0 0
0 0 0
0 0 0
0 0 0
0 0 0
0 0 0
0 0 0
0 0 0
0 0 0
0 0 0
0 0 0
0 0 0
0 0 0
0 0 0
0 0 0
0 0 0
0 0 0
0 0 0
0 0 0
0 0 0
0 0 0
0 0 0
0 0 0
0 0 0
0 0 0
0 0 0
0 0 0
0 0 0
0 0 0
0 0 0
0 0 0
0 0 0
0 0 0
0 0 0
0 0 0
0 0 0
0 0 0
0 0 0
0 0 0
0 0 0
0 0 0
0 0 0
0 0 0
0 0 0
0 0 0
0 0 0
0 0 0
0 0 0
0 0 0
0 0 0
0 0 0
0 0 0
0 0 0
0 0 0
0 0 0
0 0 0
0 0 0
0 0 0
0 0 0
0 0 0
0 0 0
0 0 0
0 0 0
0 0 0
0 0 0
0 0 0
0 0 0
0 0 0
0 0 0
0 0 0
0 0 0
0 0 0
0 0 0
0 0 0
0 0 0
0 0 0
0 0 0
0 0 0
0 0 0
0 0 0
0 0 0
0 0 0
0 0 0
0 0 0
0 0 0
0 0 0
0 0 0
0 0 0
0 0 0
0 0 0
0 0 0
0 0 0
0 0 0
0 0 0
0 0 0
0 0 0
0 0 0
0 0 0
0 0 0
0 0 0
0 0 0
0 0 0
0 0 0
0 0 0
0 0 0
0 0 0
0 0 0
0 0 0
0 0 0
0 0 0
0 0 0
0 0 0
0 0 0
0 0 0
0 0 0
0 0 0
-9.4780507044e+002 -5.1837050551e-001 1.3419678409e-001
9.1007571011e-001 -3.0949832686e-001 2.7563197843e-001
1.4999714350e-001 8.6595584420e-001 4.7709677513e-001
-3.8634577622e-001 -3.9285017700e-001 8.3450924478e-001
-2.2041797040e+000 -3.3882654084e-001 -2.1088684689e+000
0 0 0
0 0 0
0 0 0
0 0 0
0 0 0
-2.6608455516e+002 -6.0682857913e-002 2.3336994765e-003
9.8796332429e-001 -1.4837491256e-001 -4.3741915670e-002
1.5370540197e-001 9.7344618179e-001 1.6963838177e-001
1.7410320731e-002 -1.7431986831e-001 9.8453515135e-001
-1.1616520771e+000 7.4717963446e-001 -3.0499451797e+000
0 0 0
0 0 0
0 0 0
0 0 0
0 0 0
0 0 0
0 0 0
0 0 0
0 0 0
0 0 0
0 0 0
0 0 0
0 0 0
0 0 0
0 0 0
0 0 0
0 0 0
0 0 0
0 0 0
0 0 0
0 0 0
0 0 0
0 0 0
0 0 0
0 0 0
0 0 0
0 0 0
0 0 0
0 0 0
0 0 0
0 0 0
0 0 0
0 0 0
0 0 0
0 0 0
0 0 0
0 0 0
0 0 0
0 0 0
0 0 0
0 0 0
0 0 0
0 0 0
0 0 0
0 0 0
0 0 0
0 0 0
0 0 0
0 0 0
0 0 0
0 0 0
0 0 0
0 0 0
0 0 0
0 0 0
0 0 0
0 0 0
0 0 0
0 0 0
0 0 0
0 0 0
0 0 0
0 0 0
0 0 0
0 0 0
0 0 0
0 0 0
0 0 0
0 0 0
0 0 0
0 0 0
0 0 0
0 0 0
0 0 0
0 0 0
0 0 0
0 0 0
0 0 0
0 0 0
0 0 0
0 0 0
0 0 0
0 0 0
0 0 0
0 0 0
0 0 0
0 0 0
0 0 0
0 0 0
0 0 0
0 0 0
0 0 0
0 0 0
0 0 0
0 0 0
0 0 0
0 0 0
0 0 0
0 0 0
0 0 0
6.8962485809e-001 -2.5387388309e+000 3.0373089057e+000
152 24 38
2 37 1630 25.9900 -560.1899 39 1310 -104.6900 -490.5800
2.0778147811e-001 -4.1282523452e+000 3.2312411943e+000
117 77 60
2 37 1322 38.7600 -592.3600 39 996 -94.1200 -522.3400
9.6245223571e-001 -1.4035743918e+000 2.9786635841e+000
36 52 23
2 37 1002 -126.2500 16.4900 39 118 -229.2300 61.3700
8.6320908480e-001 -2.1322202226e+000 3.0280296455e+000
208 53 72
2 37 338 62.3400 -499.6000 39 320 -80.1200 -436.2100
9.0683856708e-001 -2.0841282904e+000 3.0239547343e+000
179 121 99
2 37 1106 87.1800 -487.9000 39 719 -61.5300 -427.7600
8.4987238261e-001 -2.1553917870e+000 3.0275716370e+000
137 34 44
2 37 804 56.6300 -505.6801 39 321 -84.1200 -441.5200
9.2588855550e-001 -2.1254604825e+000 3.0157240672e+000
148 21 33
2 37 1498 107.9600 -502.8199 39 1148 -43.6000 -443.3600
5.1478823221e-001 -3.2884282504e+000 3.1159731971e+000
181 125 94
2 37 1631 50.8700 -584.3600 39 1313 -84.4000 -516.3300
8.9375553234e-001 -3.1162964254e+000 3.0721133366e+000
119 74 32
2 37 850 168.5400 -571.1100 39 762 14.1400 -517.9399
2.0778147811e-001 -4.1282523452e+000 3.2312411943e+000
117 77 60
2 37 1321 38.7600 -592.3600 39 995 -94.1200 -522.3400
8.7488352609e-001 -2.1645314792e+000 3.0215325761e+000
122 30 39
2 37 342 76.9300 -510.4600 39 326 -69.5800 -447.9399
8.4990431202e-001 -2.0757897669e+000 3.0414618885e+000
181 126 96
2 37 1096 42.6000 -476.0300 39 709 -96.4600 -412.2700
8.6053916100e-001 -2.0836052668e+000 3.0383931942e+000
179 120 103
2 37 786 52.3800 -480.2900 39 318 -89.1200 -416.6500
1.1093311759e+000 -1.8145099564e+000 2.9899225949e+000
78 29 35
2 37 757 230.7000 -383.2400 39 678 73.7700 -345.2500
9.9786069566e-001 -3.1424874978e+000 3.0585927129e+000
60 21 38
2 37 852 203.2800 -568.6100 39 404 50.1800 -521.6100
1.0992418792e+000 -1.8318806641e+000 2.9925182018e+000
166 84 82
2 37 1076 222.5500 -391.9800 39 958 63.5100 -353.7100
1.0533906933e+000 -2.2239918265e+000 2.9797520117e+000
56 16 24
2 37 832 203.9300 -525.9500 39 978 49.3000 -480.1500
9.1224738942e-001 -3.1563660700e+000 3.0738325489e+000
161 114 64
2 37 851 176.5000 -570.9000 39 763 21.3700 -519.1400
6.5657870075e-001 -2.3597913709e+000 3.0528454990e+000
133 33 41
2 37 817 -24.3200 -531.2600 39 341 -143.1100 -457.8101
1.0872812907e+000 -1.8328707851e+000 2.9986096951e+000
101 48 49
2 37 1492 210.7700 -389.1400 39 1298 50.7500 -349.1000
8.6755992826e-001 -2.1493727073e+000 3.0231697470e+000
152 21 37
2 37 1105 67.9600 -506.2900 39 720 -75.0700 -443.4800
1.0786776738e+000 -2.0271748054e+000 2.9772988917e+000
66 29 29
2 37 1705 214.3300 -485.4399 39 1605 59.0900 -442.8500
9.7545531441e-001 -1.3864703212e+000 2.9772325680e+000
143 146 128
2 37 1599 -112.7800 48.6800 39 1095 -222.7800 93.6200
-3.3972814070e-001 -7.0902986150e+000 3.4996986885e+000
178 123 93
2 37 1840 83.9200 -623.6400 39 1736 -60.7500 -558.3199
1.0776006303e+000 -1.8991943766e+000 2.9926352813e+000
73 32 30
2 37 276 207.0300 -429.1500 39 711 47.9000 -387.2800
1.1402749657e+000 -1.8238528517e+000 2.9665713682e+000
126 91 95
2 37 257 260.6100 -403.8900 39 702 113.9400 -371.6100
1.1597650764e+000 -1.6056101395e+000 3.0059838907e+000
178 37 45
2 37 1028 268.3400 -182.5900 39 918 111.5500 -157.8800
1.1597650764e+000 -1.6056101395e+000 3.0059838907e+000
178 37 45
2 37 1029 268.3400 -182.5900 39 917 111.5500 -157.8800
1.1739797289e+000 -1.6707825458e+000 2.9664775476e+000
35 71 98
2 37 1289 293.5600 -283.9200 39 1294 154.0400 -261.8600
1.1465495002e+000 -1.8130966715e+000 2.9652175410e+000
62 40 40
2 37 1080 266.4900 -398.3300 39 960 121.4600 -365.9600
8.8055920386e-001 -2.2233081112e+000 3.0125969674e+000
123 29 35
2 37 372 89.2300 -526.3300 39 368 -58.1900 -464.9399
7.0784306432e-001 -2.3387003934e+000 3.0381183402e+000
183 52 63
2 37 820 -1.6200 -534.9600 39 346 -124.2300 -464.4700
1.1508006520e+000 -1.5805128623e+000 3.0242438932e+000
131 82 67
2 37 1267 252.4000 -141.7800 39 1122 90.3300 -116.3700
6.7458176723e-001 -2.4357105224e+000 3.0418104980e+000
206 74 87
2 37 841 0.1200 -547.0900 39 736 -124.8300 -475.1899
1.1698916133e+000 -1.5913843701e+000 2.9992423549e+000
178 42 49
2 37 1477 279.6200 -169.8400 39 1437 127.0800 -147.4301
-2.1844933577e-001 -5.2601973662e+000 3.3872632357e+000
182 126 102
2 37 1320 28.4100 -598.5699 39 994 -102.0600 -526.6600
1.1295453791e+000 -1.7517722865e+000 2.9866242383e+000
179 105 80
2 37 1622 247.9200 -340.1300 39 1600 91.7400 -309.1700
1.1344109499e+000 -1.9273979252e+000 2.9588008316e+000
141 113 99
2 37 1623 254.7800 -458.6000 39 1606 111.1300 -422.3199
1.0969788652e+000 -2.1561502123e+000 2.9659968156e+000
139 105 95
2 37 1629 229.0600 -515.7400 39 1478 79.0900 -474.8600
1.1150537298e+000 -2.3146667394e+000 2.9686667693e+000
75 36 39
2 37 1501 239.7200 -530.9000 39 1479 92.5100 -492.6300
-3.6084270425e-001 -6.0168123858e+000 3.4684592501e+000
187 126 100
2 37 1323 42.8600 -604.0300 39 1157 -89.5000 -533.0200
1.1066121672e+000 -1.7804376677e+000 2.9960152168e+000
172 130 80
2 37 1699 224.9600 -356.4800 39 1598 67.0500 -319.3300
4.4096052483e-001 -5.4439082642e+000 3.2480211818e+000
69 20 26
2 37 1761 143.1500 -633.5200 39 1664 -8.6400 -574.0200
9.7653116583e-001 -2.2246087660e+000 2.9987987153e+000
42 15 24
2 37 1804 154.3800 -527.2700 39 1689 -0.1400 -471.8400
1.1417982774e+000 -1.7676743071e+000 2.9743370887e+000
71 34 30
2 37 238 260.7200 -362.1200 39 681 111.8100 -330.4200
1.1472586169e+000 -1.7631582721e+000 2.9710560099e+000
164 85 88
2 37 239 266.5600 -360.7000 39 682 119.0400 -330.8600
8.8055920386e-001 -2.2233081112e+000 3.0125969674e+000
123 29 35
2 37 371 89.2300 -526.3300 39 367 -58.1900 -464.9399
9.5126872544e-001 -3.0486279009e+000 3.0608816788e+000
128 83 40
2 37 395 186.3800 -566.7500 39 403 30.5700 -516.6100
1.1001481932e+000 -1.8611791133e+000 2.9877935781e+000
64 22 29
2 37 767 225.5300 -411.5200 39 698 67.2500 -373.0400
1.1021086630e+000 -1.9912591860e+000 2.9715840000e+000
165 116 112
2 37 788 230.9300 -475.7800 39 973 78.9000 -434.9800
7.9524882955e-001 -2.1913670764e+000 3.0369062198e+000
126 26 31
2 37 802 25.5400 -509.2200 39 317 -107.0900 -441.8000
8.8844184542e-001 -2.0837909850e+000 3.0284313864e+000
179 117 103
2 37 805 72.5100 -485.7400 39 319 -72.3400 -424.2400
9.0828749203e-001 -2.1464938186e+000 3.0160815089e+000
186 52 59
2 37 344 97.5600 -508.3000 39 329 -51.5500 -447.8101
8.4576459929e-001 -2.2430067771e+000 3.0174839354e+000
188 59 70
2 37 826 68.4300 -528.5699 39 362 -74.1400 -464.7800
1.1510697186e+000 -1.9352767348e+000 2.9487443991e+000
28 15 13
2 37 1100 268.5800 -464.4399 39 1149 128.8500 -432.3000
8.4898434534e-001 -2.0957265223e+000 3.0349830996e+000
137 25 34
2 37 1103 44.1000 -485.7400 39 971 -93.1800 -422.3400
1.1508006520e+000 -1.5805128623e+000 3.0242438932e+000
131 82 67
2 37 1266 252.4000 -141.7800 39 1121 90.3300 -116.3700
1.0332671786e+000 -2.0572793837e+000 2.9918513073e+000
112 57 27
2 37 1312 180.2900 -491.3400 39 972 25.3200 -441.1899
1.1572271890e+000 -1.6966891761e+000 2.9745151803e+000
18 73 104
2 37 1490 274.5200 -303.4700 39 1459 128.1800 -277.1200
9.8608608660e-001 -3.5137321476e+000 3.0735698248e+000
81 52 56
2 37 1503 206.7300 -586.7400 39 1314 55.5800 -539.5500
1.1831341533e+000 -1.5846948202e+000 2.9867930179e+000
168 151 121
2 37 1617 296.9400 -168.9700 39 1594 152.3500 -149.9600
8.4709490788e-001 -2.0573879392e+000 3.0446332088e+000
176 124 102
2 37 1701 36.3500 -468.1200 39 1470 -100.6700 -404.7400
1.1108698005e+000 -1.7472700281e+000 3.0070477610e+000
13 74 108
2 37 1798 227.4300 -322.4700 39 1687 66.0300 -284.5200
1.1536414989e+000 -1.7273416127e+000 2.9721930271e+000
191 117 93
2 37 215 272.4500 -331.3700 39 667 125.1500 -304.5200
1.1573212896e+000 -1.7277469289e+000 2.9686897464e+000
76 34 42
2 37 216 275.9100 -335.3300 39 216 131.9300 -307.4700
1.0992345141e+000 -1.8206194115e+000 2.9956373396e+000
172 85 84
2 37 232 221.4800 -383.2600 39 675 62.4600 -343.8199
1.1213441410e+000 -1.7989848104e+000 2.9842870128e+000
71 33 28
2 37 233 241.7800 -376.6200 39 679 86.7600 -341.3700
1.1348873886e+000 -1.7826786082e+000 2.9770289242e+000
162 83 81
2 37 234 254.3200 -370.7600 39 683 103.3900 -337.7700
1.1277438723e+000 -1.8018772884e+000 2.9790252022e+000
77 35 33
2 37 235 247.9500 -382.3500 39 234 95.6600 -347.7100
1.0827102407e+000 -1.8379408753e+000 3.0023513274e+000
73 20 20
2 37 249 207.2800 -389.5200 39 230 46.0200 -348.1600
1.1251435930e+000 -1.8101815965e+000 2.9780429894e+000
162 79 81
2 37 251 245.6500 -388.3900 39 273 93.3800 -354.2000
1.1009599242e+000 -1.8753449605e+000 2.9857676513e+000
127 58 68
2 37 277 226.7700 -420.4600 39 275 69.7200 -381.0200
8.0906563767e-001 -2.1203463062e+000 3.0451309608e+000
232 73 90
2 37 337 21.4800 -486.9500 39 309 -111.3200 -420.7100
9.4325221755e-001 -2.5423568206e+000 3.0160664195e+000
120 73 33
2 37 394 159.7200 -555.6899 39 387 5.1900 -500.3000
1.1480158367e+000 -1.5914042630e+000 3.0238730878e+000
187 147 124
2 37 672 250.7000 -155.5699 39 911 88.3300 -127.9301
1.1480158367e+000 -1.5914042630e+000 3.0238730878e+000
187 147 124
2 37 673 250.7000 -155.5699 39 910 88.3300 -127.9301
1.1432307251e+000 -1.5961945457e+000 3.0275698297e+000
186 149 125
2 37 674 245.3800 -158.6200 39 624 81.9400 -130.8900
1.1432307251e+000 -1.5961945457e+000 3.0275698297e+000
186 149 125
2 37 675 245.3800 -158.6200 39 625 81.9400 -130.8900
1.1713569273e+000 -1.6359824255e+000 2.9782819037e+000
202 82 77
2 37 697 287.2200 -238.7700 39 930 143.2200 -214.9000
1.0860454930e+000 -1.8865405581e+000 2.9901953378e+000
147 75 81
2 37 777 213.4400 -424.3300 39 700 55.5200 -383.2600
1.1462463574e+000 -1.9809920161e+000 2.9489954734e+000
26 22 20
2 37 789 263.7300 -479.1600 39 726 122.6800 -445.7300
8.2295734086e-001 -2.2819723263e+000 3.0230143590e+000
143 27 40
2 37 825 61.3500 -533.2600 39 361 -81.1600 -467.3300
9.9319235343e-001 -2.2001822413e+000 2.9929983885e+000
86 35 44
2 37 831 163.9600 -523.7200 39 744 7.1900 -471.9900
1.0603877614e+000 -2.4722590208e+000 2.9930837902e+000
73 37 41
2 37 834 213.9500 -544.1300 39 394 61.6300 -499.6100
-3.8355687438e-002 -5.3563692993e+000 3.3694452626e+000
184 127 100
2 37 858 62.1900 -602.0500 39 402 -75.8000 -533.6600
1.1900194404e-001 -3.9264724762e+000 3.2238823080e+000
186 126 107
2 37 1123 0.7700 -588.6100 39 761 -121.7700 -514.7100
-1.1669951748e+000 -6.9759014086e+000 3.6650966431e+000
187 116 96
2 37 1124 -13.2600 -600.2200 39 992 -133.1900 -523.5100
1.1739535040e+000 -1.7025983568e+000 2.9594248283e+000
76 52 65
2 37 1297 294.4100 -320.0800 39 1464 158.0700 -297.0200
1.0029516310e+000 -2.5619927337e+000 3.0075104930e+000
150 98 51
2 37 1316 189.2700 -552.5300 39 1152 34.8400 -504.0699
1.1779170064e+000 -1.5745977405e+000 2.9951048081e+000
168 155 121
2 37 1473 287.9400 -153.0500 39 1439 139.2800 -129.3500
1.1779170064e+000 -1.5745977405e+000 2.9951048081e+000
168 155 121
2 37 1474 287.9400 -153.0500 39 1440 139.2800 -129.3500
1.1805741400e+000 -1.6337803267e+000 2.9666784660e+000
19 72 104
2 37 1485 298.5900 -246.9800 39 1445 164.1600 -223.2300
