# Bundle file v0.3
60 200
0 0 0
0 0 0
0 0 0
0 0 0
0 0 0
0 0 0
0 0 0
0 0 0
0 0 0
0 0 0
0 0 0
0 0 0
0 0 0
0 0 0
0 0 0
0 0 0
0 0 0
0 0 0
0 0 0
0 0 0
0 0 0
0 0 0
0 0 0
0 0 0
0 0 0
0 0 0
0 0 0
0 0 0
0 0 0
0 0 0
0 0 0
0 0 0
0 0 0
0 0 0
0 0 0
0 0 0
0 0 0
0 0 0
0 0 0
0 0 0
0 0 0
0 0 0
0 0 0
0 0 0
0 0 0
0 0 0
0 0 0
0 0 0
0 0 0
0 0 0
0 0 0
0 0 0
0 0 0
0 0 0
0 0 0
0 0 0
0 0 0
0 0 0
0 0 0
0 0 0
0 0 0
0 0 0
0 0 0
0 0 0
0 0 0
0 0 0
0 0 0
0 0 0
0 0 0
0 0 0
0 0 0
0 0 0
0 0 0
0 0 0
0 0 0
0 0 0
0 0 0
0 0 0
0 0 0
0 0 0
0 0 0
0 0 0
0 0 0
0 0 0
0 0 0
0 0 0
0 0 0
0 0 0
0 0 0
0 0 0
0 0 0
0 0 0
0 0 0
0 0 0
0 0 0
0 0 0
0 0 0
0 0 0
0 0 0
0 0 0
0 0 0
0 0 0
0 0 0
0 0 0
0 0 0
0 0 0
0 0 0
0 0 0
0 0 0
0 0 0
0 0 0
0 0 0
0 0 0
0 0 0
0 0 0
0 0 0
0 0 0
0 0 0
0 0 0
0 0 0
0 0 0
0 0 0
0 0 0
0 0 0
0 0 0
0 0 0
0 0 0
0 0 0
0 0 0
0 0 0
0 0 0
0 0 0
0 0 0
0 0 0
0 0 0
0 0 0
0 0 0
0 0 0
0 0 0
0 0 0
0 0 0
0 0 0
0 0 0
0 0 0
0 0 0
0 0 0
0 0 0
0 0 0
0 0 0
0 0 0
0 0 0
0 0 0
0 0 0
0 0 0
0 0 0
0 0 0
0 0 0
0 0 0
0 0 0
0 0 0
0 0 0
0 0 0
0 0 0
0 0 0
0 0 0
0 0 0
0 0 0
0 0 0
0 0 0
0 0 0
0 0 0
0 0 0
0 0 0
0 0 0
0 0 0
0 0 0
0 0 0
0 0 0
0 0 0
0 0 0
1.1738839920e+003 -7.9111591998e-001 5.6347101410e-001
1.8584379106e-001 -5.3983859395e-002 -9.8109521875e-001
-4.6369631418e-001 8.7549262890e-001 -1.3600876791e-001
8.6628391047e-001 4.8020662184e-001 1.3767275258e-001
2.8908676548e+000 2.5738369356e+000 -6.6432279212e-001
-1.0948224994e+003 -6.1914241507e-001 2.5105237750e-001
4.2505943335e-001 -2.1097825585e-001 8.8023443109e-001
-4.0791384981e-001 8.2346467957e-001 3.9435036786e-001
-8.0804131655e-001 -5.2668215943e-001 2.6396047751e-001
-3.6979086918e+000 6.9796516995e-001 -7.9546080025e-001
9.4303912919e+002 -4.3890989061e-001 1.2945346618e-001
2.1669866668e-001 2.0828485391e-003 -9.7623631852e-001
-4.5284574332e-001 8.8611681550e-001 -9.8629214924e-002
8.6485398803e-001 4.6345728069e-001 1.9296354154e-001
2.9387649857e+000 2.4604106256e+000 -8.5447409602e-001
-6.8700965056e+002 -2.9035791745e-001 7.8743690349e-002
5.5845719326e-001 -8.9798064826e-002 8.2465863898e-001
-3.3323775635e-001 8.8609707931e-001 3.2215611710e-001
-7.5965660731e-001 -4.5471779556e-001 4.6492318222e-001
-3.4607327557e+000 9.6346502532e-001 -1.3987049339e+000
9.3128846185e+002 -4.8171685961e-001 1.4918543399e-001
2.0546241916e-001 9.8857747609e-002 -9.7365925254e-001
-4.9707685715e-001 8.6754367175e-001 -1.6809987883e-002
8.4303012544e-001 4.8743730196e-001 2.2738752001e-001
3.1140544063e+000 2.2130317560e+000 -8.9713510161e-001
9.1360244116e+002 -3.4516909423e-001 -1.6215970287e-002
2.3909909059e-001 1.2550415890e-001 -9.6285010826e-001
-5.0321493633e-001 8.6407329582e-001 -1.2331557452e-002
8.3042540467e-001 4.8746902010e-001 2.6975470656e-001
3.0847719194e+000 2.1976871476e+000 -1.0152430733e+000
7.3577069579e+002 -4.4744809204e-002 -2.7652351049e-001
2.2538546037e-001 1.1384797027e-001 -9.6759497411e-001
-4.9357771156e-001 8.6960966606e-001 -1.2651930476e-002
8.3998954571e-001 4.8043487421e-001 2.5219019556e-001
3.0968387897e+000 2.1978796280e+000 -9.7122040055e-001
0 0 0
0 0 0
0 0 0
0 0 0
0 0 0
0 0 0
0 0 0
0 0 0
0 0 0
0 0 0
0 0 0
0 0 0
0 0 0
0 0 0
0 0 0
0 0 0
0 0 0
0 0 0
0 0 0
0 0 0
0 0 0
0 0 0
0 0 0
0 0 0
0 0 0
0 0 0
0 0 0
0 0 0
0 0 0
0 0 0
0 0 0
0 0 0
0 0 0
0 0 0
0 0 0
0 0 0
0 0 0
0 0 0
0 0 0
0 0 0
0 0 0
0 0 0
0 0 0
0 0 0
0 0 0
0 0 0
0 0 0
0 0 0
0 0 0
0 0 0
0 0 0
0 0 0
0 0 0
0 0 0
0 0 0
0 0 0
0 0 0
0 0 0
0 0 0
0 0 0
0 0 0
0 0 0
0 0 0
0 0 0
0 0 0
0 0 0
0 0 0
0 0 0
0 0 0
0 0 0
0 0 0
0 0 0
0 0 0
0 0 0
0 0 0
0 0 0
0 0 0
0 0 0
0 0 0
0 0 0
0 0 0
0 0 0
0 0 0
0 0 0
0 0 0
7.9099808297e-001 -2.6428292534e+000 3.2149785457e+000
152 24 38
5 37 1630 25.9900 -560.1899 39 1310 -104.6900 -490.5800 40 1287 -114.6500 -500.6600 41 981 -148.7000 -508.3800 42 716 -113.3100 -464.8900
1.1288244527e+000 -1.8221070061e+000 3.2066438013e+000
36 52 23
2 37 1002 -126.2500 16.4900 39 118 -229.2300 61.3700
9.8955670746e-001 -2.1739514146e+000 3.2335133293e+000
208 53 72
3 37 338 62.3400 -499.6000 39 320 -80.1200 -436.2100 36 288 45.8800 -531.0900
1.0369825934e+000 -2.0884650903e+000 3.2339282249e+000
179 121 99
4 37 1106 87.1800 -487.9000 39 719 -61.5300 -427.7600 38 761 5.2300 -482.6000 40 671 -73.5500 -443.0800
1.0096917381e+000 -2.1408593322e+000 3.2263775278e+000
137 34 44
2 37 804 56.6300 -505.6801 39 321 -84.1200 -441.5200
1.0616863808e+000 -2.0631194982e+000 3.2324251218e+000
148 21 33
4 37 1498 107.9600 -502.8199 39 1148 -43.6000 -443.3600 38 1398 25.8900 -499.0900 36 1453 92.3200 -532.0200
8.6266606190e-001 -2.5813650426e+000 3.2165680628e+000
181 125 94
3 37 1631 50.8700 -584.3600 39 1313 -84.4000 -516.3300 38 1400 -21.4600 -574.6600
1.0707347625e+000 -2.1572844186e+000 3.2455347268e+000
119 74 32
2 37 850 168.5400 -571.1100 39 762 14.1400 -517.9399
1.0140899014e+000 -2.1469748586e+000 3.2321655169e+000
122 30 39
4 37 342 76.9300 -510.4600 39 326 -69.5800 -447.9399 38 321 -2.8200 -503.6600 36 291 60.4100 -541.2400
9.6305022856e-001 -2.1860340329e+000 3.2345922735e+000
181 126 96
4 37 1096 42.6000 -476.0300 39 709 -96.4600 -412.2700 40 670 -106.6700 -424.1100 41 595 -145.0400 -430.6100
9.8080239408e-001 -2.1643579002e+000 3.2346001094e+000
179 120 103
3 37 786 52.3800 -480.2900 39 318 -89.1200 -416.6500 40 275 -99.3800 -429.6899
1.1360003987e+000 -1.9033006535e+000 3.2353016891e+000
78 29 35
3 37 757 230.7000 -383.2400 39 678 73.7700 -345.2500 38 720 147.5900 -390.5200
1.1061938639e+000 -2.0820979873e+000 3.2444619457e+000
60 21 38
2 37 852 203.2800 -568.6100 39 404 50.1800 -521.6100
1.1327522828e+000 -1.9099223265e+000 3.2355221240e+000
166 84 82
4 37 1076 222.5500 -391.9800 39 958 63.5100 -353.7100 40 1091 49.7400 -377.6600 41 961 1.3300 -396.8199
1.1320175880e+000 -1.9670798832e+000 3.2307863518e+000
56 16 24
5 37 832 203.9300 -525.9500 39 978 49.3000 -480.1500 38 1043 122.9900 -530.3600 41 820 -11.3600 -522.5300 42 725 7.3700 -488.2100
1.0767287873e+000 -2.1473928872e+000 3.2465909973e+000
161 114 64
2 37 851 176.5000 -570.9000 39 763 21.3700 -519.1400
1.1275278467e+000 -1.9145283619e+000 3.2361010273e+000
101 48 49
5 37 1492 210.7700 -389.1400 39 1298 50.7500 -349.1000 40 1433 35.8800 -370.2100 41 1240 -12.6200 -386.6500 42 1154 7.7900 -358.8800
1.0016463088e+000 -2.1628211350e+000 3.2321981197e+000
152 21 37
6 37 1105 67.9600 -506.2900 39 720 -75.0700 -443.4800 38 1037 -9.7400 -499.8800 36 1034 51.4500 -537.2700 41 606 -127.7100 -465.8700 42 221 -95.8500 -427.3400
1.1345437273e+000 -1.9416586375e+000 3.2322500727e+000
66 29 29
7 37 1705 214.3300 -485.4399 39 1605 59.0900 -442.8500 38 1638 132.8900 -491.2100 40 1552 45.8600 -466.7500 36 1585 197.8700 -508.6500 41 1342 -1.4900 -487.0100 42 1272 17.1100 -455.9900
1.1301091643e+000 -1.8188606724e+000 3.2080763182e+000
143 146 128
2 37 1599 -112.7800 48.6800 39 1095 -222.7800 93.6200
1.1280883305e+000 -1.9275781319e+000 3.2346262654e+000
73 32 30
7 37 276 207.0300 -429.1500 39 711 47.9000 -387.2800 38 266 122.0400 -435.7000 40 653 33.4400 -411.1300 36 239 189.8800 -453.8600 41 597 -14.9100 -427.9800 42 543 4.5300 -397.4000
1.1484734663e+000 -1.8945664057e+000 3.2332620814e+000
126 91 95
4 37 257 260.6100 -403.8900 39 702 113.9400 -371.6100 40 665 104.9900 -397.6500 41 801 61.1800 -419.8500
1.1416045768e+000 -1.8579190931e+000 3.2384839685e+000
178 37 45
6 37 1028 268.3400 -182.5900 39 918 111.5500 -157.8800 38 976 185.3200 -195.2200 40 854 101.8600 -180.6700 41 938 56.3200 -200.0601 42 823 74.9100 -186.1000
1.1416045768e+000 -1.8579190931e+000 3.2384839685e+000
178 37 45
6 37 1029 268.3400 -182.5900 39 917 111.5500 -157.8800 38 975 185.3200 -195.2200 40 853 101.8600 -180.6700 41 937 56.3200 -200.0601 42 824 74.9100 -186.1000
1.1543763748e+000 -1.8620036652e+000 3.2333739627e+000
35 71 98
2 37 1289 293.5600 -283.9200 39 1294 154.0400 -261.8600
1.1500398598e+000 -1.8908112484e+000 3.2331577947e+000
62 40 40
3 37 1080 266.4900 -398.3300 39 960 121.4600 -365.9600 41 965 71.0100 -414.8500
1.0383237907e+000 -2.1227424761e+000 3.2290000363e+000
123 29 35
2 37 372 89.2300 -526.3300 39 368 -58.1900 -464.9399
1.1356988192e+000 -1.8559637600e+000 3.2402168883e+000
131 82 67
5 37 1267 252.4000 -141.7800 39 1122 90.3300 -116.3700 40 1068 78.5700 -136.9600 41 1088 29.9000 -153.8400 42 972 50.2500 -140.7200
1.1445866508e+000 -1.8537837474e+000 3.2381302644e+000
178 42 49
7 37 1477 279.6200 -169.8400 39 1437 127.0800 -147.4301 38 1533 199.2600 -184.0000 40 1412 118.8500 -170.2500 36 1210 253.1100 -187.0000 41 1325 74.0800 -190.1600 42 1247 92.9100 -177.1700
1.1402389750e+000 -1.8883349352e+000 3.2358548271e+000
179 105 80
6 37 1622 247.9200 -340.1300 39 1600 91.7400 -309.1700 38 1549 165.0300 -352.4900 40 1549 80.5800 -333.2900 36 1445 226.9900 -360.4200 41 1339 34.1600 -353.5100
1.1504895466e+000 -1.9071583745e+000 3.2313494099e+000
141 113 99
4 37 1623 254.7800 -458.6000 39 1606 111.1300 -422.3199 41 1410 62.0000 -469.9399 42 1330 79.6200 -443.7400
1.1436738854e+000 -1.9425650888e+000 3.2305987413e+000
139 105 95
4 37 1629 229.0600 -515.7400 39 1478 79.0900 -474.8600 41 1248 21.6000 -521.0800 42 1016 37.6100 -488.7900
1.1487747338e+000 -1.9430276988e+000 3.2301541209e+000
75 36 39
3 37 1501 239.7200 -530.9000 39 1479 92.5100 -492.6300 38 1561 163.7400 -540.5699
1.1326332538e+000 -1.8999571869e+000 3.2364348472e+000
172 130 80
5 37 1699 224.9600 -356.4800 39 1598 67.0500 -319.3300 40 1547 53.1200 -342.5000 41 1405 5.4100 -360.5200 42 1266 24.0600 -335.7700
1.1022477012e+000 -2.0153442073e+000 3.2309020132e+000
42 15 24
7 37 1804 154.3800 -527.2700 39 1689 -0.1400 -471.8400 38 1750 71.8100 -525.7800 40 1646 -14.4700 -490.6500 36 1780 139.4300 -555.3101 41 1449 -60.5300 -504.9000 42 1374 -37.7200 -467.7300
1.1456875935e+000 -1.8873861501e+000 3.2348278311e+000
71 34 30
6 37 238 260.7200 -362.1200 39 681 111.8100 -330.4200 38 703 183.5900 -372.4700 40 635 103.3500 -355.6600 36 204 238.5000 -381.3400 42 523 77.1000 -355.1400
1.1476735101e+000 -1.8849879811e+000 3.2345220159e+000
164 85 88
6 37 239 266.5600 -360.7000 39 682 119.0400 -330.8600 40 636 110.3700 -356.1500 36 206 244.7900 -378.5400 41 552 67.2200 -379.0200 42 524 84.4600 -357.7200
1.0317732341e+000 -2.1356844238e+000 3.2305081877e+000
123 29 35
4 37 371 89.2300 -526.3300 39 367 -58.1900 -464.9399 38 352 9.1900 -520.6500 36 315 74.7700 -557.5000
1.0869308869e+000 -2.1207759755e+000 3.2465825182e+000
128 83 40
2 37 395 186.3800 -566.7500 39 403 30.5700 -516.6100
1.1349900740e+000 -1.9130340498e+000 3.2346075332e+000
64 22 29
5 37 767 225.5300 -411.5200 39 698 67.2500 -373.0400 40 898 54.0600 -397.2500 36 647 207.2200 -433.2500 42 544 24.8600 -388.2500
1.1413678016e+000 -1.9274637779e+000 3.2321456001e+000
165 116 112
4 37 788 230.9300 -475.7800 39 973 78.9000 -434.9800 38 765 151.6200 -482.9900 40 681 66.5700 -460.1300
8.6078306143e-001 -2.3957314758e+000 3.2320419240e+000
126 26 31
5 37 802 25.5400 -509.2200 39 317 -107.0900 -441.8000 38 319 -46.0100 -499.2400 40 299 -115.3600 -454.2900 36 696 8.0500 -542.6200
1.0170083966e+000 -2.1162679874e+000 3.2340368417e+000
179 117 103
3 37 805 72.5100 -485.7400 39 319 -72.3400 -424.2400 40 281 -84.1900 -438.9000
1.0486131810e+000 -2.0886488762e+000 3.2320482934e+000
186 52 59
4 37 344 97.5600 -508.3000 39 329 -51.5500 -447.8101 38 322 16.8500 -503.2000 36 702 82.6900 -537.6700
9.8867380047e-001 -2.2124843564e+000 3.2304811705e+000
188 59 70
4 37 826 68.4300 -528.5699 39 362 -74.1400 -464.7800 38 780 -9.6100 -520.9301 36 723 51.6700 -560.4600
1.1557165400e+000 -1.9030792487e+000 3.2307765317e+000
28 15 13
4 37 1100 268.5800 -464.4399 39 1149 128.8500 -432.3000 41 1134 81.7800 -484.6899 42 1011 98.3500 -459.7900
9.5041467273e-001 -2.2183721980e+000 3.2358367740e+000
137 25 34
3 37 1103 44.1000 -485.7400 39 971 -93.1800 -422.3400 36 1032 25.8700 -517.5800
1.1356988192e+000 -1.8559637600e+000 3.2402168883e+000
131 82 67
5 37 1266 252.4000 -141.7800 39 1121 90.3300 -116.3700 40 1069 78.5700 -136.9600 41 1087 29.9000 -153.8400 42 971 50.2500 -140.7200
1.1190020572e+000 -1.9671459172e+000 3.2324079739e+000
112 57 27
4 37 1312 180.2900 -491.3400 39 972 25.3200 -441.1899 38 1038 98.1200 -492.8800 36 1271 163.4500 -517.3900
1.1481524426e+000 -1.8725472978e+000 3.2352691624e+000
18 73 104
3 37 1490 274.5200 -303.4700 39 1459 128.1800 -277.1200 41 1336 78.5500 -325.1700
1.0984662149e+000 -2.1383423590e+000 3.2503844828e+000
81 52 56
2 37 1503 206.7300 -586.7400 39 1314 55.5800 -539.5500
9.5890739208e-001 -2.1854243844e+000 3.2342914644e+000
176 124 102
5 37 1701 36.3500 -468.1200 39 1470 -100.6700 -404.7400 40 1280 -109.2800 -417.2200 41 1124 -146.1400 -424.9000 42 839 -111.5800 -386.6000
1.1320921082e+000 -1.8917264602e+000 3.2372063278e+000
13 74 108
3 37 1798 227.4300 -322.4700 39 1687 66.0300 -284.5200 40 1643 52.2100 -307.0300
1.1485528478e+000 -1.8775648866e+000 3.2346543411e+000
191 117 93
3 37 215 272.4500 -331.3700 39 667 125.1500 -304.5200 41 782 76.3900 -351.4200
1.1500680782e+000 -1.8766362650e+000 3.2343387545e+000
76 34 42
3 37 216 275.9100 -335.3300 39 216 131.9300 -307.4700 41 202 83.8700 -355.9700
1.1318400277e+000 -1.9080750898e+000 3.2359050713e+000
172 85 84
5 37 232 221.4800 -383.2600 39 675 62.4600 -343.8199 40 623 48.6600 -367.4301 41 565 0.2600 -385.7900 42 508 19.0500 -359.5300
1.1395219834e+000 -1.8976936399e+000 3.2352253086e+000
71 33 28
4 37 233 241.7800 -376.6200 39 679 86.7600 -341.3700 38 238 160.3500 -385.2100 42 515 46.5500 -361.3000
1.1436179853e+000 -1.8919010602e+000 3.2350594248e+000
162 83 81
3 37 234 254.3200 -370.7600 39 683 103.3900 -337.7700 38 702 175.7900 -381.2700
1.1423108296e+000 -1.8958898777e+000 3.2346674098e+000
77 35 33
6 37 235 247.9500 -382.3500 39 234 95.6600 -347.7100 38 245 168.4200 -391.0800 40 633 84.6800 -372.4000 41 576 39.1800 -393.1801 42 521 57.1900 -368.7500
1.1259029086e+000 -1.9166467416e+000 3.2362725087e+000
73 20 20
5 37 249 207.2800 -389.5200 39 230 46.0200 -348.1600 40 892 32.2300 -369.9800 41 564 -16.8200 -386.3000 42 179 2.0400 -359.7800
1.1416051112e+000 -1.8987374948e+000 3.2348008670e+000
162 79 81
3 37 251 245.6500 -388.3900 39 273 93.3800 -354.2000 38 246 166.0600 -398.1200
1.1360654033e+000 -1.9144854713e+000 3.2342812467e+000
127 58 68
4 37 277 226.7700 -420.4600 39 275 69.7200 -381.0200 38 269 143.5900 -427.6000 40 659 56.5500 -405.4000
8.7436177783e-001 -2.3358274523e+000 3.2351095202e+000
232 73 90
3 37 337 21.4800 -486.9500 39 309 -111.3200 -420.7100 38 289 -50.7200 -476.6801
1.1059113440e+000 -2.0347592367e+000 3.2293137537e+000
120 73 33
4 37 394 159.7200 -555.6899 39 387 5.1900 -500.3000 38 377 77.0800 -555.5800 41 631 -55.9200 -536.5100
1.1354927588e+000 -1.8580508795e+000 3.2399969338e+000
187 147 124
4 37 672 250.7000 -155.5699 39 911 88.3300 -127.9301 40 844 76.9700 -149.1899 42 679 47.8900 -153.1000
1.1354927588e+000 -1.8580508795e+000 3.2399969338e+000
187 147 124
4 37 673 250.7000 -155.5699 39 910 88.3300 -127.9301 40 845 76.9700 -149.1899 42 680 47.8900 -153.1000
1.1338038560e+000 -1.8598169467e+000 3.2402789993e+000
186 149 125
5 37 674 245.3800 -158.6200 39 624 81.9400 -130.8900 40 564 69.7400 -152.0000 41 758 20.3200 -169.1801 42 443 40.7100 -154.5300
1.1338743375e+000 -1.8597216968e+000 3.2402210693e+000
186 149 125
4 37 675 245.3800 -158.6200 39 625 81.9400 -130.8900 40 565 69.7400 -152.0000 42 444 40.7100 -154.5300
1.1494276680e+000 -1.8602237094e+000 3.2361168230e+000
202 82 77
3 37 697 287.2200 -238.7700 39 930 143.2200 -214.9000 41 942 95.8900 -263.2800
1.1305735462e+000 -1.9225649957e+000 3.2347187745e+000
147 75 81
4 37 777 213.4400 -424.3300 39 700 55.5200 -383.2600 40 657 41.6000 -406.3400 41 598 -7.7200 -424.0699
1.1550987472e+000 -1.9091363773e+000 3.2305046142e+000
26 22 20
4 37 789 263.7300 -479.1600 39 726 122.6800 -445.7300 41 811 73.9200 -497.7100 42 720 90.5300 -471.2700
1.1074564515e+000 -2.0070023348e+000 3.2315638862e+000
86 35 44
5 37 831 163.9600 -523.7200 39 744 7.1900 -471.9900 40 916 -8.4000 -494.1700 41 614 -54.4100 -510.0601 42 561 -33.3100 -472.5800
1.1241244278e+000 -2.0097304529e+000 3.2385121741e+000
73 37 41
2 37 834 213.9500 -544.1300 39 394 61.6300 -499.6100
1.1574398440e+000 -1.8642033328e+000 3.2313912544e+000
76 52 65
2 37 1297 294.4100 -320.0800 39 1464 158.0700 -297.0200
1.1048923261e+000 -2.0553987022e+000 3.2399517256e+000
150 98 51
2 37 1316 189.2700 -552.5300 39 1152 34.8400 -504.0699
1.1464758930e+000 -1.8498719041e+000 3.2380693537e+000
168 155 121
4 37 1473 287.9400 -153.0500 39 1439 139.2800 -129.3500 38 1531 210.2500 -165.2000 40 1409 133.4800 -151.8600
1.1464758930e+000 -1.8498719041e+000 3.2380693537e+000
168 155 121
4 37 1474 287.9400 -153.0500 39 1440 139.2800 -129.3500 38 1532 210.2500 -165.2000 40 1410 133.4800 -151.8600
1.1556045953e+000 -1.8544466775e+000 3.2330883234e+000
19 72 104
2 37 1485 298.5900 -246.9800 39 1445 164.1600 -223.2300
1.1316194209e+000 -1.8086476419e+000 3.2759865048e+000
156 53 49
2 38 39 -195.0800 242.5000 36 509 -168.7400 221.2600
1.1177554727e+000 -1.8431859999e+000 3.2299011670e+000
29 37 9
2 38 95 185.6300 20.9100 36 91 244.2600 19.1100
1.1501072769e+000 -1.8412721622e+000 3.2434619934e+000
197 135 117
3 38 112 189.8400 -126.4600 41 505 61.4600 -131.8700 42 438 80.9000 -121.2900
1.1378522619e+000 -1.8988228075e+000 3.2354549708e+000
179 97 81
4 38 206 154.8300 -382.8199 40 629 68.5600 -362.1600 41 546 21.2900 -382.1000 42 514 39.7400 -357.5000
1.1387698727e+000 -1.9011771976e+000 3.2393607911e+000
96 44 42
2 38 233 131.3500 -402.8101 41 214 -5.5000 -397.4800
1.1274894788e+000 -1.8058676969e+000 3.2765742062e+000
165 55 57
2 38 518 -202.6100 278.0901 36 850 -178.9900 258.8301
1.1657587446e+000 -1.8015874811e+000 3.2476894376e+000
45 88 114
2 38 550 273.4300 250.0601 40 797 214.3700 259.0300
1.1691327458e+000 -1.8052325459e+000 3.2521044437e+000
63 99 101
3 38 564 230.8000 184.6100 40 520 162.5500 193.2900 41 81 122.8600 174.2500
1.0861019273e+000 -1.9123980546e+000 3.2546474978e+000
129 78 70
3 38 638 -36.3300 -247.5601 40 578 -111.8100 -210.9301 41 511 -151.9900 -218.5400
1.1823116415e+000 -1.7897696273e+000 3.2625850328e+000
200 176 150
2 38 881 159.0400 443.8900 40 768 87.1700 456.5800
1.1064536674e+000 -1.8877991670e+000 3.2267922810e+000
179 157 130
2 38 974 149.3400 -194.5900 36 567 215.5600 -202.8101
1.0681949814e+000 -1.9577102412e+000 3.2498148243e+000
98 56 42
3 38 1006 -25.5400 -331.8500 40 877 -102.6600 -293.7000 41 775 -144.6900 -300.0200
1.1230270662e+000 -1.9821868273e+000 3.2305148082e+000
150 106 57
3 38 1703 105.3300 -531.5699 40 1606 17.2200 -500.5900 41 1412 -29.4400 -516.4600
1.1933938989e+000 -1.7956630666e+000 3.2648017295e+000
212 151 112
2 40 37 108.0700 263.8000 41 44 58.2400 249.5901
1.1109275241e+000 -1.8146787075e+000 3.2341950472e+000
134 57 45
2 40 39 112.7900 259.6500 42 35 86.5500 236.5801
1.1896244834e+000 -1.7969658194e+000 3.2641049484e+000
158 34 36
2 40 67 86.0000 252.1899 41 443 33.1200 237.4000
1.1919501538e+000 -1.7962903380e+000 3.2640440905e+000
209 132 102
2 40 69 115.0000 253.0400 41 51 66.2100 238.0901
1.1901703655e+000 -1.7969768574e+000 3.2620205326e+000
234 139 107
2 40 79 155.9700 242.0200 41 63 113.2800 225.7900
1.1901703655e+000 -1.7969768574e+000 3.2620205326e+000
234 139 107
2 40 80 155.9700 242.0200 41 64 113.2800 225.7900
1.1549656588e+000 -1.8210404315e+000 3.2467232885e+000
127 145 51
2 40 143 128.5300 57.0400 41 103 83.4500 39.4200
1.1549656588e+000 -1.8210404315e+000 3.2467232885e+000
127 145 51
2 40 144 128.5300 57.0400 41 102 83.4500 39.4200
1.1683009335e+000 -1.8268254072e+000 3.2382224557e+000
191 138 114
2 40 158 268.8400 -94.5000 41 122 245.9500 -122.1899
1.1410895303e+000 -1.8484070890e+000 3.2410535837e+000
189 139 122
2 40 161 94.1000 -113.2900 42 102 66.0700 -121.1500
1.1537725969e+000 -1.8522731512e+000 3.2389215538e+000
226 148 121
2 40 177 140.5700 -215.8500 42 128 118.0200 -225.7300
1.1538944540e+000 -1.8528356088e+000 3.2383865142e+000
146 32 37
2 40 178 144.3700 -220.1600 42 130 122.4000 -229.7800
1.1584987410e+000 -1.8459333513e+000 3.2383084044e+000
225 141 103
3 40 179 173.1200 -200.4100 41 145 136.2300 -224.3300 42 120 155.4500 -214.4500
1.1578818619e+000 -1.8463603123e+000 3.2350077201e+000
233 132 103
2 40 183 200.4800 -194.5500 41 147 167.3800 -220.3900
1.1578818619e+000 -1.8463603123e+000 3.2350077201e+000
233 132 103
2 40 184 200.4800 -194.5500 41 146 167.3800 -220.3900
1.1566684188e+000 -1.8517523800e+000 3.2378892947e+000
159 47 51
2 40 189 158.9600 -230.3700 42 131 139.6200 -241.6500
1.1494278029e+000 -1.8673990404e+000 3.2356246155e+000
32 60 70
3 40 195 129.0900 -280.9500 41 184 86.9300 -302.9600 42 143 105.6200 -285.5699
1.1542891004e+000 -1.8610748152e+000 3.2354595104e+000
47 74 91
2 40 199 153.6300 -273.2800 42 482 133.6800 -281.5300
1.1540519001e+000 -1.8613420838e+000 3.2352741569e+000
47 74 91
3 40 200 153.6300 -273.2800 41 189 114.9300 -297.4200 42 483 133.6800 -281.5300
1.1571768886e+000 -1.8559002624e+000 3.2359192713e+000
138 174 194
3 40 201 168.0000 -259.9100 41 170 131.1600 -284.5200 42 146 149.9800 -271.4399
1.1571768886e+000 -1.8559002624e+000 3.2359192713e+000
138 174 194
3 40 202 168.0000 -259.9100 41 171 131.1600 -284.5200 42 145 149.9800 -271.4399
1.1643870513e+000 -1.8494657370e+000 3.2317455748e+000
163 48 53
2 40 204 242.9500 -257.0400 41 177 218.3900 -287.1500
1.1394329652e+000 -1.8944575169e+000 3.2347612724e+000
85 33 25
3 40 242 79.7900 -352.5100 41 544 34.2300 -372.8900 42 499 51.3200 -349.2400
1.1599363265e+000 -1.9212852283e+000 3.2320841909e+000
71 37 35
2 40 366 96.6700 -518.4900 41 313 54.7800 -542.0300
1.1912392560e+000 -1.7963060964e+000 3.2644127119e+000
201 155 116
2 40 499 94.8500 259.9600 41 444 42.9400 246.1899
1.1120552498e+000 -1.8115169191e+000 3.2308663261e+000
174 38 39
2 40 500 140.8300 280.4199 42 373 120.9600 255.5400
1.1454877336e+000 -1.8161647149e+000 3.2476074302e+000
71 108 100
3 40 526 95.2200 160.0801 41 473 44.6800 144.3700 42 423 66.7500 141.1699
1.1606923570e+000 -1.8448946661e+000 3.2374182769e+000
147 33 38
3 40 585 191.3800 -206.2700 41 523 157.1800 -231.7900 42 465 176.0300 -222.4100
1.1677979760e+000 -1.8485545377e+000 3.2343122958e+000
143 30 40
2 40 593 236.9800 -280.6100 42 696 231.0700 -302.4301
1.1453104668e+000 -1.8739057875e+000 3.2365741302e+000
33 62 81
3 40 603 103.3800 -292.8300 41 533 58.7000 -314.2000 42 492 77.1900 -294.5400
1.1453104668e+000 -1.8739057875e+000 3.2365741302e+000
33 62 81
3 40 604 103.3800 -292.8300 41 534 58.7000 -314.2000 42 493 77.1900 -294.5400
1.1351916091e+000 -1.9005702687e+000 3.2345690165e+000
98 39 43
3 40 624 66.2400 -355.9301 41 787 21.4700 -374.2100 42 498 40.6700 -349.5100
1.1168605649e+000 -1.8166276291e+000 3.2384569964e+000
171 43 39
2 40 798 94.4600 234.0000 42 660 65.3000 213.2400
1.1715060845e+000 -1.8232736497e+000 3.2414144038e+000
183 150 118
2 40 833 267.3800 -81.8800 42 818 269.4200 -108.3400
1.1428818154e+000 -1.8472303431e+000 3.2402541462e+000
179 150 120
3 40 837 107.0800 -114.5400 41 751 61.0200 -132.9301 42 437 80.9000 -121.2900
1.1436832890e+000 -1.8466552563e+000 3.2406556697e+000
179 150 120
2 40 838 107.0800 -114.5400 41 752 61.0200 -132.9301
1.0965618593e+000 -1.8908170516e+000 3.2518193108e+000
18 55 90
2 40 841 -81.2800 -159.6400 41 756 -128.0600 -168.4600
1.1381462584e+000 -1.8538584824e+000 3.2402199258e+000
178 153 126
3 40 843 87.2800 -135.7700 41 753 39.0600 -153.0800 42 442 57.7400 -140.8500
1.1510164493e+000 -1.8481798930e+000 3.2398800627e+000
154 35 41
3 40 852 131.4600 -169.5900 41 760 88.3900 -190.7800 42 682 107.5200 -179.0500
1.1511315637e+000 -1.8538509282e+000 3.2328203584e+000
150 31 35
2 40 856 180.5800 -203.8400 41 767 144.9600 -226.6801
1.0529453295e+000 -1.9625697041e+000 3.2477070088e+000
197 126 102
3 40 869 -102.6800 -262.3600 41 771 -143.9700 -269.8199 42 470 -109.0400 -240.5100
1.0553438357e+000 -2.0048997891e+000 3.2457542429e+000
199 141 107
2 40 889 -97.5000 -362.2400 42 162 -103.6300 -336.4200
1.1985730380e+000 -1.7941781844e+000 3.2662069156e+000
175 35 46
2 40 1012 131.6100 275.4700 41 876 85.4100 260.5801
1.1961223107e+000 -1.7950019930e+000 3.2649442114e+000
184 39 44
2 40 1016 143.3900 262.0601 41 892 98.3500 246.0100
1.1687247567e+000 -1.8268822851e+000 3.2390951386e+000
166 117 100
3 40 1064 261.6200 -99.2300 41 929 237.4600 -126.3500 42 966 261.2600 -125.3700
1.1687247567e+000 -1.8268822851e+000 3.2390951386e+000
166 117 100
3 40 1065 261.6200 -99.2300 41 930 237.4600 -126.3500 42 967 261.2600 -125.3700
1.1535109293e+000 -1.8619669707e+000 3.2358163166e+000
141 164 173
3 40 1082 147.0300 -274.4200 41 945 107.1900 -297.6801 42 827 125.8500 -282.5601
1.1537020683e+000 -1.8618093187e+000 3.2359469360e+000
141 164 173
2 40 1083 147.0300 -274.4200 42 828 125.8500 -282.5601
1.1549237068e+000 -1.8433390524e+000 3.2397571302e+000
183 36 37
2 40 1254 154.3400 -156.8101 42 978 132.9200 -168.4700
1.1482390532e+000 -1.8871612164e+000 3.2319073306e+000
89 44 44
2 40 1274 122.8300 -364.4200 42 1000 98.4700 -366.9600
1.1482390532e+000 -1.8871612164e+000 3.2319073306e+000
89 44 44
2 40 1275 122.8300 -364.4200 42 1001 98.4700 -366.9600
1.1473283387e+000 -1.8162196302e+000 3.2453254662e+000
167 159 66
3 40 1376 124.7400 151.2100 41 1193 78.4400 134.6599 42 1091 100.6100 131.4500
1.1523549053e+000 -1.8184853025e+000 3.2449233187e+000
37 60 35
3 40 1379 143.3200 101.6400 41 1199 100.3300 83.9399 42 1098 122.2800 82.3000
1.1523549053e+000 -1.8184853025e+000 3.2449233187e+000
37 60 35
3 40 1380 143.3200 101.6400 41 1200 100.3300 83.9399 42 1099 122.2800 82.3000
1.1468327873e+000 -1.8260912804e+000 3.2503138837e+000
174 163 61
3 40 1391 55.5200 44.7100 41 1204 1.8900 29.8500 42 1101 23.6400 34.5700
1.1572289564e+000 -1.8206989188e+000 3.2436375453e+000
177 162 80
3 40 1393 173.3300 49.3600 41 1207 134.1500 29.5200 42 1108 155.7100 28.9300
1.1521073901e+000 -1.8165988092e+000 3.2448698418e+000
174 160 99
3 40 1503 146.1400 124.6100 41 1291 103.9100 107.7800 42 1205 126.9000 105.0000
1.1405735463e+000 -1.8307006460e+000 3.2459581488e+000
29 60 37
3 40 1523 75.2700 33.8400 41 1384 24.7600 17.6700 42 1224 43.8700 21.0800
1.1405735463e+000 -1.8307006460e+000 3.2459581488e+000
29 60 37
3 40 1524 75.2700 33.8400 41 1385 24.7600 17.6700 42 1225 43.8700 21.0800
1.1604238184e+000 -1.8242239871e+000 3.2444996648e+000
34 58 35
3 40 1527 168.4800 -12.6500 41 1392 130.2700 -33.7000 42 1230 152.6300 -31.4400
1.1478098406e+000 -1.8508871863e+000 3.2397863415e+000
180 40 47
3 40 1539 119.0900 -169.4800 41 1326 74.0800 -190.1600 42 1248 92.9100 -177.1700
1.1639445009e+000 -1.8233468668e+000 3.2432792833e+000
173 157 124
2 40 1639 204.7400 -24.5200 42 1366 189.8600 -47.1600
1.1663183726e+000 -1.8216606838e+000 3.2415573283e+000
173 157 124
3 40 1669 237.8600 -22.8100 41 1462 210.0000 -45.4300 42 1387 234.4300 -45.5200
1.1316996030e+000 -1.8614357501e+000 3.2410949315e+000
190 155 125
2 40 1670 57.2200 -152.3199 42 1389 27.4200 -154.0500
1.1442632246e+000 -1.8099671419e+000 3.2479377865e+000
224 139 108
2 41 49 49.4900 224.1500 42 63 72.0600 217.8401
1.1434167664e+000 -1.8097185392e+000 3.2459922752e+000
221 138 110
2 41 57 68.8200 228.8700 42 65 91.9300 221.2000
1.1576866698e+000 -1.8459158901e+000 3.2396705107e+000
215 144 112
2 41 141 117.8600 -220.9301 42 119 137.3400 -209.7600
1.1548596932e+000 -1.8506739811e+000 3.2380569359e+000
120 30 28
2 41 159 113.0600 -235.4000 42 117 131.9500 -221.6400
1.1548596932e+000 -1.8506739811e+000 3.2380569359e+000
120 30 28
2 41 160 113.0600 -235.4000 42 118 131.9500 -221.6400
1.1638712933e+000 -1.8420268055e+000 3.2376049257e+000
222 87 83
2 41 162 174.5200 -234.0500 42 132 195.2900 -226.6400
1.1534553354e+000 -1.8627383199e+000 3.2366684679e+000
35 64 81
2 41 185 97.4700 -304.0601 42 144 115.8700 -287.5699
1.1416889168e+000 -1.8075227331e+000 3.2414008230e+000
162 36 45
2 41 434 116.1900 256.2500 42 388 140.2500 245.9900
1.1416889168e+000 -1.8075227331e+000 3.2414008230e+000
162 36 45
2 41 435 116.1900 256.2500 42 389 140.2500 245.9900
1.1437060960e+000 -1.8100252748e+000 3.2455780223e+000
170 38 46
2 41 446 74.3500 223.8600 42 403 96.8300 216.5300
1.1445768744e+000 -1.8079216984e+000 3.2425463080e+000
153 40 40
2 41 451 115.5000 243.3600 42 390 139.6500 235.4800
1.1451108324e+000 -1.8094422930e+000 3.2437807447e+000
201 145 107
2 41 454 100.9300 224.7400 42 407 124.7900 217.2100
1.1622260703e+000 -1.8427479883e+000 3.2370206825e+000
146 25 36
2 41 525 171.5700 -226.1200 42 466 191.0300 -218.2900
1.1441383487e+000 -1.8086807513e+000 3.2413463045e+000
169 34 41
2 41 727 125.2500 235.1699 42 657 149.2100 226.2300
1.1514208736e+000 -1.8156494584e+000 3.2449787158e+000
28 50 30
2 41 744 101.7100 123.9500 42 664 124.6000 120.9900
1.1614097407e+000 -1.8422261035e+000 3.2379447137e+000
158 32 43
2 41 761 159.6300 -216.9900 42 685 179.5900 -208.0400
1.1611958802e+000 -1.8456770881e+000 3.2379314250e+000
222 89 88
2 41 768 149.6200 -243.6600 42 690 169.6000 -233.5500
1.1611958802e+000 -1.8456770881e+000 3.2379314250e+000
222 89 88
2 41 769 149.6200 -243.6600 42 691 169.6000 -233.5500
1.1468503449e+000 -1.8116388087e+000 3.2529062218e+000
177 31 44
2 41 900 -4.2900 197.1699 42 795 18.2900 193.3401
1.1527374500e+000 -1.8212979222e+000 3.2460459087e+000
168 152 45
2 41 1077 82.6000 49.6300 42 956 104.3300 50.1700
1.1521604456e+000 -1.8223428406e+000 3.2445426235e+000
32 56 29
2 41 1078 95.6000 41.5600 42 957 116.8800 41.2100
1.1472994517e+000 -1.8343179632e+000 3.2462734125e+000
162 150 87
2 41 1081 36.1700 -53.6300 42 1118 57.7000 -47.2900
1.1472994517e+000 -1.8343179632e+000 3.2462734125e+000
162 150 87
2 41 1082 36.1700 -53.6300 42 1119 57.7000 -47.2900
1.1618068755e+000 -1.8284433100e+000 3.2392791204e+000
160 148 111
2 41 1084 186.7500 -88.2000 42 962 208.3500 -86.2200
1.1573488181e+000 -1.8331467232e+000 3.2415069274e+000
157 146 118
2 41 1085 127.4200 -105.8600 42 963 147.2400 -100.7000
1.1628073617e+000 -1.8334163471e+000 3.2387152364e+000
159 146 114
2 41 1089 182.9800 -148.1500 42 973 204.4900 -142.1000
1.1615166069e+000 -1.8402139681e+000 3.2401545514e+000
146 30 36
2 41 1106 141.5600 -203.5400 42 984 163.0000 -194.0699
1.1612077471e+000 -1.8403010893e+000 3.2386336539e+000
152 26 37
2 41 1107 156.8700 -199.4000 42 1139 176.7200 -191.4500
1.1493796383e+000 -1.8143193390e+000 3.2451311502e+000
28 54 29
2 41 1191 93.7700 150.0400 42 1089 116.8600 145.5300
1.1618918324e+000 -1.8285896792e+000 3.2392992034e+000
166 146 113
2 41 1215 186.5100 -90.5400 42 1123 208.1400 -88.2900
1.1568274112e+000 -1.8459202893e+000 3.2402653990e+000
151 30 46
2 41 1225 108.6500 -215.2400 42 1142 128.2400 -203.8500
1.1637938061e+000 -1.8136108922e+000 3.2621253690e+000
80 113 122
2 41 1294 -93.9400 81.1699 42 1208 -65.9400 87.7200
1.1513684323e+000 -1.8183195197e+000 3.2463441594e+000
167 147 111
2 41 1295 79.8200 92.1899 42 1212 101.6000 91.0701
1.1513684323e+000 -1.8183195197e+000 3.2463441594e+000
167 147 111
2 41 1296 79.8200 92.1899 42 1213 101.6000 91.0701
1.1553490804e+000 -1.8176401618e+000 3.2398815503e+000
170 153 99
2 41 1298 175.8700 78.7100 42 1215 199.2900 74.7100
1.1536501784e+000 -1.8590632759e+000 3.2378339100e+000
18 72 100
2 41 1332 94.7200 -283.8400 42 1259 113.2700 -268.3400
1.1538470368e+000 -1.8178904737e+000 3.2532087323e+000
162 147 109
2 41 1378 4.3800 83.9299 42 1309 26.3400 86.3500
1.1538470368e+000 -1.8178904737e+000 3.2532087323e+000
162 147 109
2 41 1379 4.3800 83.9299 42 1308 26.3400 86.3500
1.1410738238e+000 -1.8445253817e+000 3.2418546623e+000
159 145 118
2 41 1393 45.7100 -103.0100 42 1319 65.7100 -91.8900
1.1536625953e+000 -1.8204489640e+000 3.2494823517e+000
164 147 112
2 41 1435 46.5400 53.1000 42 1310 68.1500 56.2800
1.1396698735e+000 -1.8371698995e+000 3.2446453567e+000
28 55 30
2 41 1438 27.0000 -35.2800 42 1364 46.8200 -29.1700
1.1351181068e+000 -1.8731858808e+000 3.2412842724e+000
154 24 35
2 41 1443 2.4400 -255.0900 42 1369 22.2700 -235.8500
1.1351181068e+000 -1.8731858808e+000 3.2412842724e+000
154 24 35
2 41 1444 2.4400 -255.0900 42 1370 22.2700 -235.8500
1.1329299334e+000 -1.8894413205e+000 3.2383251896e+000
19 74 113
2 41 1471 4.2600 -320.8000 42 1392 23.3900 -297.1899
1.1454327836e+000 -1.8101861129e+000 3.2575237980e+000
88 120 127
2 41 1485 -66.0000 223.6500 42 1413 -39.4400 219.0801
