# Bundle file v0.3
60 323
0 0 0
0 0 0
0 0 0
0 0 0
0 0 0
0 0 0
0 0 0
0 0 0
0 0 0
0 0 0
0 0 0
0 0 0
0 0 0
0 0 0
0 0 0
0 0 0
0 0 0
0 0 0
0 0 0
0 0 0
0 0 0
0 0 0
0 0 0
0 0 0
0 0 0
0 0 0
0 0 0
0 0 0
0 0 0
0 0 0
0 0 0
0 0 0
0 0 0
0 0 0
0 0 0
0 0 0
0 0 0
0 0 0
0 0 0
0 0 0
0 0 0
0 0 0
0 0 0
0 0 0
0 0 0
0 0 0
0 0 0
0 0 0
0 0 0
0 0 0
0 0 0
0 0 0
0 0 0
0 0 0
0 0 0
0 0 0
0 0 0
0 0 0
0 0 0
0 0 0
0 0 0
0 0 0
0 0 0
0 0 0
0 0 0
0 0 0
0 0 0
0 0 0
0 0 0
0 0 0
0 0 0
0 0 0
0 0 0
0 0 0
0 0 0
0 0 0
0 0 0
0 0 0
0 0 0
0 0 0
0 0 0
0 0 0
0 0 0
0 0 0
0 0 0
0 0 0
0 0 0
0 0 0
0 0 0
0 0 0
0 0 0
0 0 0
0 0 0
0 0 0
0 0 0
0 0 0
0 0 0
0 0 0
0 0 0
0 0 0
0 0 0
0 0 0
0 0 0
0 0 0
0 0 0
5.3200000000e+002 0.0000000000e+000 0.0000000000e+000
1.0000000000e+000 0.0000000000e+000 0.0000000000e+000
0.0000000000e+000 1.0000000000e+000 0.0000000000e+000
0.0000000000e+000 0.0000000000e+000 1.0000000000e+000
-0.0000000000e+000 -0.0000000000e+000 -0.0000000000e+000
0 0 0
0 0 0
0 0 0
0 0 0
0 0 0
0 0 0
0 0 0
0 0 0
0 0 0
0 0 0
5.3200000000e+002 0.0000000000e+000 0.0000000000e+000
1.0000000000e+000 0.0000000000e+000 0.0000000000e+000
0.0000000000e+000 1.0000000000e+000 0.0000000000e+000
0.0000000000e+000 0.0000000000e+000 1.0000000000e+000
-0.0000000000e+000 -0.0000000000e+000 -0.0000000000e+000
0 0 0
0 0 0
0 0 0
0 0 0
0 0 0
0 0 0
0 0 0
0 0 0
0 0 0
0 0 0
0 0 0
0 0 0
0 0 0
0 0 0
0 0 0
0 0 0
0 0 0
0 0 0
0 0 0
0 0 0
0 0 0
0 0 0
0 0 0
0 0 0
0 0 0
0 0 0
0 0 0
0 0 0
0 0 0
0 0 0
0 0 0
0 0 0
0 0 0
0 0 0
0 0 0
0 0 0
0 0 0
0 0 0
0 0 0
0 0 0
0 0 0
0 0 0
0 0 0
0 0 0
0 0 0
0 0 0
0 0 0
0 0 0
0 0 0
0 0 0
0 0 0
0 0 0
0 0 0
0 0 0
0 0 0
0 0 0
0 0 0
0 0 0
0 0 0
0 0 0
0 0 0
0 0 0
0 0 0
0 0 0
0 0 0
0 0 0
0 0 0
0 0 0
0 0 0
0 0 0
0 0 0
0 0 0
0 0 0
0 0 0
0 0 0
0 0 0
0 0 0
0 0 0
0 0 0
0 0 0
0 0 0
0 0 0
0 0 0
0 0 0
0 0 0
0 0 0
0 0 0
0 0 0
0 0 0
0 0 0
0 0 0
0 0 0
0 0 0
0 0 0
0 0 0
0 0 0
0 0 0
0 0 0
0 0 0
0 0 0
0 0 0
0 0 0
0 0 0
0 0 0
0 0 0
0 0 0
0 0 0
0 0 0
0 0 0
0 0 0
0 0 0
0 0 0
0 0 0
0 0 0
0 0 0
0 0 0
0 0 0
0 0 0
0 0 0
0 0 0
0 0 0
0 0 0
0 0 0
0 0 0
0 0 0
0 0 0
0 0 0
0 0 0
0 0 0
0 0 0
0 0 0
0 0 0
0 0 0
0 0 0
0 0 0
0 0 0
0 0 0
0 0 0
0 0 0
0 0 0
0 0 0
0 0 0
0 0 0
0 0 0
0 0 0
0 0 0
0 0 0
0 0 0
0 0 0
0 0 0
0 0 0
0 0 0
0 0 0
0 0 0
0 0 0
0 0 0
0 0 0
0 0 0
0 0 0
0 0 0
0 0 0
0 0 0
0 0 0
0 0 0
0 0 0
0 0 0
0 0 0
0 0 0
0 0 0
0 0 0
0 0 0
0 0 0
0 0 0
0 0 0
0 0 0
-5.9328942550e-001 3.3242488087e-001 3.0000000000e+000
34 64 36
2 21 865 -105.2100 58.9500 24 984 -197.1000 47.4300
-5.9328942550e-001 3.3242488087e-001 3.0000000000e+000
34 64 36
2 21 866 -105.2100 58.9500 24 983 -197.1000 47.4300
-6.5937965795e-001 1.6824246744e+000 3.0000000000e+000
172 41 52
2 21 337 -116.9300 298.3500 24 419 -215.5100 291.2500
-5.5714278831e-001 1.6088913079e+000 3.0000000000e+000
183 33 40
2 21 689 -98.8000 285.3101 24 752 162.9500 270.2700
-1.7255642540e-001 1.5418416647e+000 3.0000000000e+000
174 31 40
2 21 514 -30.6000 273.4199 24 750 -148.4200 261.6599
-4.2343982897e-001 1.2914662756e+000 3.0000000000e+000
154 166 178
2 21 967 -75.0900 229.0200 24 1253 -179.0300 219.2700
-4.2343982897e-001 1.2914662756e+000 3.0000000000e+000
154 166 178
2 21 968 -75.0900 229.0200 24 1252 -179.0300 219.2700
4.5338221959e-002 4.4334583713e-001 3.0000000000e+000
158 163 156
2 21 1007 8.0400 78.6200 24 1155 -113.4500 62.1000
-1.5879701313e-001 7.0375967384e-001 3.0000000000e+000
164 162 167
2 21 1150 -28.1600 124.8000 24 1376 -140.3300 110.9299
-4.9539477126e-001 -4.8535683998e-001 3.0000000000e+000
160 161 166
2 21 1113 -87.8500 -86.0699 24 1300 -181.8500 -97.4600
9.6992550040e-002 -3.7359022556e-001 3.0000000000e+000
171 161 170
2 21 885 17.2000 -66.2500 24 1171 -100.7600 -88.8300
-3.8458687919e-002 2.2203382908e+000 3.0000000000e+000
134 147 171
2 21 955 -6.8200 393.7400 24 1243 -135.1900 384.8800
-5.5325179710e-001 8.0120344807e-001 3.0000000000e+000
162 174 74
2 21 853 -98.1100 142.0801 24 971 -193.5300 132.4800
3.8063909774e-002 6.9389125279e-001 3.0000000000e+000
158 162 163
2 21 1097 6.7500 123.0500 24 1278 -115.4700 104.8900
-1.5005630837e-001 -7.8885346606e-001 3.0000000000e+000
224 150 141
2 21 109 -26.6100 -139.8900 24 125 -131.5000 -159.7000
2.9695473578e-001 -2.7504134788e+000 3.0000000000e+000
121 68 48
2 21 787 52.6600 -487.7400 24 1075 -56.5100 -520.5000
-2.1772548131e-001 9.5672882768e-001 3.0000000000e+000
161 164 157
2 21 1076 -38.6100 169.6599 24 1364 -146.8000 156.7200
-4.6409664297e-002 2.8381588584e-001 3.0000000000e+000
150 169 133
2 21 867 -8.2300 50.3300 24 985 -123.6600 31.2500
-1.5879701313e-001 7.0375967384e-001 3.0000000000e+000
164 162 167
2 21 1149 -28.1600 124.8000 24 1375 -140.3300 110.9299
-4.1616534470e-001 4.7768774965e-001 3.0000000000e+000
26 65 36
2 21 1101 -73.8000 84.7100 24 1284 -173.2900 72.3101
-6.1415415599e-001 1.6726126994e+000 3.0000000000e+000
169 44 47
2 21 338 -108.9100 296.6100 24 12 -208.3400 288.8700
-1.3804500264e-001 1.4948689167e+000 3.0000000000e+000
151 169 194
2 21 44 -24.4800 265.0901 24 48 -143.4200 252.8301
1.9155998517e-001 5.9452968970e-001 3.0000000000e+000
140 162 52
2 21 362 33.9700 105.4299 24 87 -94.0300 84.7300
-8.3255647358e-001 1.8430832024e+000 3.0000000000e+000
220 161 156
2 21 326 -147.6400 326.8401 24 8 -238.3200 322.0701
-3.7415416976e-001 1.6430074362e+000 3.0000000000e+000
160 35 42
2 21 341 -66.3500 291.3600 24 40 190.8100 284.1500
-5.4343982209e-001 -4.0956769671e-001 3.0000000000e+000
170 36 45
2 21 562 -96.3700 -72.6300 24 498 -187.3600 -83.4600
-5.5437968548e-001 1.8381200805e+000 3.0000000000e+000
171 35 40
2 21 682 -98.3100 325.9600 24 738 162.3000 304.2400
-5.0013159271e-001 1.7396052081e+000 3.0000000000e+000
180 39 47
2 21 686 -88.6900 308.4900 24 741 171.4900 293.2500
1.4035722546e-001 1.2738736949e-001 3.0000000000e+000
27 63 37
2 21 869 24.8900 22.5900 24 987 -98.2300 0.4200
-3.8515133965e-002 7.7221771470e-001 3.0000000000e+000
29 64 34
2 21 857 -6.8300 136.9399 24 773 -125.1600 118.7800
1.0060165520e-001 1.0022367320e+000 3.0000000000e+000
28 61 30
2 21 847 17.8400 177.7300 24 1132 -108.2800 159.9199
-5.2979330192e-001 9.0310164143e-001 3.0000000000e+000
25 65 38
2 21 1084 -93.9500 160.1500 24 1360 -193.7400 150.5701
-4.1673014935e-002 5.1310144869e-001 3.0000000000e+000
149 174 116
2 21 864 -7.3900 90.9900 24 777 -125.0800 75.7100
-2.0751838397e-002 -2.1320298274e+000 3.0000000000e+000
95 31 29
2 21 1035 -3.6800 -378.0800 24 1199 -106.6200 -400.3400
6.1748189137e-002 -2.3387593434e+000 3.0000000000e+000
106 18 19
2 21 913 10.9500 -414.7400 24 1066 -94.6000 -438.8700
-2.1772548131e-001 9.5672882768e-001 3.0000000000e+000
161 164 157
2 21 1077 -38.6100 169.6599 24 1365 -146.8000 156.7200
-6.3231205761e-001 1.7875843478e-002 3.0000000000e+000
170 41 42
2 21 1014 -112.1300 3.1700 24 1160 -201.0700 -5.9000
-5.2618419676e-001 1.7859012919e-001 3.0000000000e+000
164 161 171
2 21 1204 -93.3100 31.6700 24 1459 -189.3800 21.9500
-5.5714278831e-001 1.6088913079e+000 3.0000000000e+000
183 33 40
2 21 688 -98.8000 285.3101 24 751 162.9500 270.2700
4.3624051890e-001 -2.2267669448e+000 3.0000000000e+000
55 134 202
2 21 443 77.3600 -394.8800 24 229 -39.0600 -429.1200
1.9155998517e-001 5.9452968970e-001 3.0000000000e+000
140 162 52
2 21 363 33.9700 105.4299 24 88 -94.0300 84.7300
-3.4268790797e-001 2.1224436366e+000 3.0000000000e+000
158 172 195
2 21 499 -60.7700 376.3800 24 412 -174.4200 366.2400
3.5486837975e-001 9.1578892299e-002 3.0000000000e+000
23 61 36
2 21 1015 62.9300 16.2400 24 1163 -67.2500 -10.0200
2.2404124324e-001 -5.7834619508e-001 3.0000000000e+000
106 72 75
2 21 1022 39.7300 -102.5601 24 1302 -84.2900 -126.8700
7.1954942287e-002 -2.0874815059e+000 3.0000000000e+000
185 135 112
2 21 907 12.7600 -370.1801 24 1058 -94.4200 -395.8101
-5.9052632267e-001 1.2240228868e+000 3.0000000000e+000
135 175 122
2 21 975 -104.7200 217.0601 24 1119 -201.9000 207.9399
-2.5054507148e-001 1.1628381256e+000 3.0000000000e+000
137 171 124
2 21 978 -44.4300 206.2100 24 1121 -155.1800 193.1500
-2.6515031399e-001 2.5979327438e-001 3.0000000000e+000
23 63 37
2 21 1109 -47.0200 46.0700 24 1382 -154.6000 31.9000
2.3503755268e-001 -2.5794363380e+000 3.0000000000e+000
146 63 41
2 21 1163 41.6800 -457.4200 24 1400 -66.5900 -488.3500
6.0620300752e-002 -6.5847755375e-001 3.0000000000e+000
162 163 168
2 21 1152 10.7500 -116.7700 24 1386 -106.5300 -138.3000
-3.0620293868e-001 -1.1045300477e+000 3.0000000000e+000
101 142 186
2 21 394 -54.3000 -195.8700 24 136 -151.7800 -212.2700
2.8387233189e-001 -2.1790603982e+000 3.0000000000e+000
20 83 142
2 21 779 50.3400 -386.4200 24 887 -62.3500 -416.8199
-6.1404143599e-001 -3.6654135338e-001 3.0000000000e+000
169 37 48
2 21 1020 -108.8900 -65.0000 24 996 -196.9100 -74.7300
4.6184224294e-001 -2.0164847697e+000 3.0000000000e+000
127 183 235
2 21 430 81.9000 -357.5900 24 194 -36.5900 -391.3700
5.1056378587e-001 4.7255666632e-002 3.0000000000e+000
79 100 95
2 21 539 90.5400 8.3800 24 780 -42.2300 -18.8700
-3.4268790797e-001 2.1224436366e+000 3.0000000000e+000
158 172 195
2 21 498 -60.7700 376.3800 24 413 -174.4200 366.2400
-3.5898498306e-001 -1.1299059875e+000 3.0000000000e+000
23 80 140
2 21 751 -63.6600 -200.3700 24 1020 -159.8600 -214.4700
3.8780086202e-001 -2.0026128095e+000 3.0000000000e+000
16 82 152
2 21 909 68.7700 -355.1300 24 1200 -47.4900 -387.4100
4.3765029334e-001 1.3139090861e-001 3.0000000000e+000
137 153 157
2 21 871 77.6100 23.3000 24 1164 -54.6500 -2.9200
-2.4941735519e-001 4.9150326377e-001 3.0000000000e+000
28 60 31
2 21 1006 -44.2300 87.1599 24 1287 -152.5000 72.4399
1.6618404532e-001 -1.2425750503e+000 3.0000000000e+000
33 82 138
2 21 1116 29.4700 -220.3500 24 1308 -85.9500 -246.2900
1.6618404532e-001 -1.2425750503e+000 3.0000000000e+000
33 82 138
2 21 1117 29.4700 -220.3500 24 1309 -85.9500 -246.2900
4.6793222069e-001 -2.0966168167e+000 3.0000000000e+000
124 183 239
2 21 165 82.9800 -371.8000 24 198 -35.2500 -406.0000
3.5785726676e-001 -2.1785523838e+000 3.0000000000e+000
36 82 127
2 21 197 63.4600 -386.3300 24 225 -51.3200 -418.7800
3.5785726676e-001 -2.1785523838e+000 3.0000000000e+000
36 82 127
2 21 198 63.4600 -386.3300 24 226 -51.3200 -418.7800
-1.9511281637e-001 -1.1123120301e+000 3.0000000000e+000
23 82 142
2 21 583 -34.6000 -197.2500 24 520 -136.1200 -215.5500
4.4678560415e-001 -1.0046618469e+000 3.0000000000e+000
166 161 170
2 21 747 79.2300 -178.1600 24 807 -45.7100 -209.3600
6.7105400831e-002 -1.2068798094e+000 3.0000000000e+000
111 158 205
2 21 1029 11.9000 -214.0200 24 1191 -101.1200 -237.1801
6.7105400831e-002 -1.2068798094e+000 3.0000000000e+000
111 158 205
2 21 1028 11.9000 -214.0200 24 1190 -101.1200 -237.1801
1.7216181934e-001 -1.8979508249e+000 3.0000000000e+000
121 22 27
2 21 1159 30.5300 -336.5699 24 1442 -79.2200 -362.6300
3.0597749868e-001 -2.0886090501e+000 3.0000000000e+000
34 80 128
2 21 429 54.2600 -370.3800 24 193 -61.2700 -401.0200
3.8266909033e-001 -2.1122929853e+000 3.0000000000e+000
32 85 128
2 21 164 67.8600 -374.5800 24 196 -49.5900 -406.7800
-5.1783827014e-001 1.1413535211e+000 3.0000000000e+000
29 61 40
2 21 977 -91.8300 202.4000 24 1251 -193.1300 192.3700
2.3543233083e-001 -2.1429700350e+000 3.0000000000e+000
27 82 144
2 21 428 41.7500 -380.0200 24 192 -70.5200 -408.4100
-1.9511281637e-001 -1.1123120301e+000 3.0000000000e+000
23 82 142
2 21 584 -34.6000 -197.2500 24 521 -136.1200 -215.5500
5.3949238483e-001 -3.0943419951e+000 3.0000000000e+000
129 71 33
2 21 921 95.6700 -548.7300 24 1209 -16.2300 -588.6300
-6.5159767552e-001 8.3250002753e-001 3.0000000000e+000
165 166 163
2 21 994 -115.5500 147.6300 24 1131 -207.0500 138.3201
-6.5159767552e-001 8.3250002753e-001 3.0000000000e+000
165 166 163
2 21 993 -115.5500 147.6300 24 1130 -207.0500 138.3201
4.5338221959e-002 4.4334583713e-001 3.0000000000e+000
158 163 156
2 21 1008 8.0400 78.6200 24 1154 -113.4500 62.1000
-4.1932322567e-001 8.0385365881e-001 3.0000000000e+000
162 165 163
2 21 1148 -74.3600 142.5500 24 1363 -176.7400 131.0100
9.3078945992e-001 -1.6189848247e+000 3.0000000000e+000
138 34 30
2 21 602 165.0600 -287.1000 24 853 46.4900 -329.3900
5.9374047760e-001 -1.6969739871e+000 3.0000000000e+000
150 51 46
2 21 138 105.2900 -300.9301 24 170 -16.2100 -336.8900
6.4043237213e-001 -1.7076877221e+000 3.0000000000e+000
225 108 95
2 21 139 113.5700 -302.8300 24 171 -8.9700 -339.8500
5.0847734724e-001 -1.0489286265e+000 3.0000000000e+000
174 48 50
2 21 578 90.1700 -186.0100 24 808 -35.4900 -217.8000
6.6727453246e-001 -3.2184585915e+000 3.0000000000e+000
149 70 43
2 21 656 118.3300 -570.7400 24 1084 6.1400 -613.3300
6.6090232448e-001 -3.7749250598e+000 3.0000000000e+000
180 138 110
2 21 923 117.2000 -669.4200 24 1216 6.5500 -714.6300
5.3847738854e-001 -2.0958837065e+000 3.0000000000e+000
18 79 142
2 21 910 95.4900 -371.6700 24 1202 -23.0500 -408.4600
5.0588358255e-001 -2.2495491200e+000 3.0000000000e+000
19 87 142
2 21 1036 89.7100 -398.9200 24 1316 -28.4600 -435.6000
-3.3045116224e-001 5.8054483744e-001 3.0000000000e+000
135 172 120
2 21 1001 -58.6000 102.9500 24 1147 -163.2000 89.6699
3.2171045748e-001 -8.8601501006e-001 3.0000000000e+000
158 25 30
2 21 1155 57.0500 -157.1200 24 1435 -68.6000 -184.7700
-3.1336470296e-001 1.6272748216e+000 3.0000000000e+000
156 38 44
2 21 27 -55.5700 288.5701 24 31 -166.6300 278.1300
1.0741352282e+000 -2.9413518691e-001 3.0000000000e+000
159 21 26
2 21 877 190.4800 -52.1600 24 1173 70.1200 -86.4800
1.1890600678e+000 -8.3362757174e-001 3.0000000000e+000
167 112 89
2 21 741 210.8600 -147.8300 24 1016 96.7200 -189.8101
1.1890600678e+000 -8.3362757174e-001 3.0000000000e+000
167 112 89
2 21 742 210.8600 -147.8300 24 1017 96.7200 -189.8101
5.0836479933e-001 -1.6421614339e+000 3.0000000000e+000
195 75 74
2 21 136 90.1500 -291.2100 24 168 -31.6000 -325.3400
-3.7691727258e-001 1.5725751604e+000 3.0000000000e+000
175 38 44
2 21 349 -66.8400 278.8700 24 436 -175.7400 268.7100
1.1554512655e+000 -3.1313926295e-001 3.0000000000e+000
213 134 88
2 21 879 204.9000 -55.5300 24 1174 85.0800 -93.2300
4.2817665043e-001 -2.0593417748e+000 3.0000000000e+000
18 83 141
2 21 634 75.9300 -365.1899 24 583 -41.2200 -399.0601
-3.1015037594e-002 -2.0522929027e+000 3.0000000000e+000
176 137 119
2 21 633 -5.5000 -363.9399 24 580 -108.2200 -387.6400
4.1041369904e-001 -2.9905260129e+000 3.0000000000e+000
146 104 59
2 21 471 72.7800 -530.3199 24 660 -37.3000 -567.2400
-3.1234970666e-001 -7.5975552896e-001 3.0000000000e+000
189 140 132
2 21 569 -55.3900 -134.7300 24 795 -154.1800 -150.7100
9.8780065551e-001 -1.8958079403e+000 3.0000000000e+000
193 126 92
2 21 905 175.1700 -336.1899 24 1196 59.3100 -381.9800
1.4284962819e+000 1.8243045663e+000 3.0000000000e+000
165 32 30
2 21 330 253.3200 323.5100 24 740 136.5500 300.1300
-3.8515133965e-002 7.7221771470e-001 3.0000000000e+000
29 64 34
2 21 858 -6.8300 136.9399 24 772 -125.1600 118.7800
7.3189837233e-001 -3.7221989452e+000 3.0000000000e+000
72 25 19
2 21 1129 129.7900 -660.0699 24 1411 20.3200 -708.3199
-2.3627816107e-001 -9.7832701260e-001 3.0000000000e+000
92 23 45
2 21 1025 -41.9000 -173.4900 24 1305 -141.9400 -191.6000
-5.6757515355e-001 6.9129748811e-001 3.0000000000e+000
28 63 40
2 21 1094 -100.6500 122.5901 24 1276 -194.6500 113.7800
4.1334579583e-001 -3.3521049327e+000 3.0000000000e+000
42 13 18
2 21 1166 73.3000 -594.4399 24 1409 -34.4800 -632.3400
5.7203008896e-001 -3.7797181553e+000 3.0000000000e+000
174 143 122
2 21 1261 101.4400 -670.2700 24 1547 7.8000 -709.4500
1.1988720428e+000 6.7562063117e-001 3.0000000000e+000
36 47 17
2 21 526 212.6000 119.8101 24 977 89.3200 90.2800
1.4597367595e+000 6.0586433124e-001 3.0000000000e+000
38 49 6
2 21 529 258.8600 107.4399 24 981 150.9800 75.1400
1.2994172519e+000 -1.9624053267e-001 3.0000000000e+000
155 24 21
2 21 731 230.4300 -34.8000 24 1176 119.5500 -73.1600
-2.5843977390e-001 -7.7345883936e-001 3.0000000000e+000
142 27 30
2 21 383 -45.8300 -137.1600 24 120 -146.4100 -152.3199
3.8362798476e-001 -3.0843606820e+000 3.0000000000e+000
161 102 58
2 21 477 68.0300 -546.9600 24 665 -41.4500 -581.5200
1.3596427745e+000 9.0693653078e-001 3.0000000000e+000
32 52 23
2 21 849 241.1100 160.8301 24 1272 129.0400 130.7800
1.3313347379e+000 6.7454884465e-001 3.0000000000e+000
30 54 27
2 21 1003 236.0900 119.6200 24 1381 118.5100 86.5100
-4.4644744414e-001 7.1323297257e-001 3.0000000000e+000
166 172 61
2 21 712 -79.1700 126.4800 24 770 -179.2700 115.2500
6.4201114052e-001 -2.2067478725e+000 3.0000000000e+000
176 143 108
2 21 914 113.8500 -391.3300 24 1203 -4.6900 -429.8900
1.2421806163e+000 1.4496432426e+000 3.0000000000e+000
32 54 16
2 21 966 220.2800 257.0701 24 1346 91.3500 230.3301
1.2306766367e+000 1.0185338071e+000 3.0000000000e+000
29 54 25
2 21 987 218.2400 180.6200 24 1368 92.6000 150.9800
9.9936073705e-001 -1.2491165964e+000 3.0000000000e+000
189 125 89
2 21 1031 177.2200 -221.5100 24 1313 57.2700 -263.7200
9.9845863285e-001 -1.7671804787e+000 3.0000000000e+000
189 123 88
2 21 1034 177.0600 -313.3800 24 1315 60.4000 -357.9399
2.1535715662e-001 -2.1041165689e+000 3.0000000000e+000
51 122 191
2 21 908 38.1900 -373.1300 24 1059 -73.3300 -402.0000
5.6052645346e-002 -1.4453574733e+000 3.0000000000e+000
193 134 105
2 21 897 9.9400 -256.3101 24 1034 -99.9100 -281.1500
-1.9054516097e-001 1.0727818998e+000 3.0000000000e+000
26 61 37
2 21 986 -33.7900 190.2400 24 1261 -148.6700 176.4399
6.6541353383e-001 -4.0840036493e+000 3.0000000000e+000
181 141 116
2 21 1169 118.0000 -724.2300 24 1449 10.0600 -769.5601
7.0471787990e-001 -3.3110528243e+000 3.0000000000e+000
42 13 18
2 21 1167 124.9700 -587.1600 24 1446 14.2600 -632.1300
1.4887231812e-001 -3.9191798160e-002 3.0000000000e+000
163 162 168
2 21 1219 26.4000 -6.9500 24 1482 -98.4800 -25.2200
7.8580813300e-001 -2.0218987716e+000 3.0000000000e+000
130 22 28
2 21 1224 139.3500 -358.5500 24 1507 22.0800 -398.9301
1.6336449645e-001 -2.2790979371e+000 3.0000000000e+000
71 13 20
2 21 1225 28.9700 -404.1600 24 1486 -78.8800 -432.6500
6.6484976173e-001 -7.9325212751e-001 3.0000000000e+000
165 164 160
2 21 1249 117.9000 -140.6700 24 1532 -5.7700 -176.0300
9.1443593878e-001 -1.5353572530e+000 3.0000000000e+000
189 97 70
2 21 130 162.1600 -272.2700 24 545 42.3400 -313.8900
7.5208643863e-001 -3.6367107191e+000 3.0000000000e+000
178 136 103
2 21 313 133.3700 -644.9100 24 374 22.6600 -690.6400
1.2884209425e+000 3.7387245580e-001 3.0000000000e+000
31 47 13
2 21 718 228.4800 66.3000 24 1158 111.9300 32.9500
1.1447932882e+000 -2.4558263793e-001 3.0000000000e+000
148 24 27
2 21 553 203.0100 -43.5500 24 1001 84.5000 -80.4900
1.2647931092e+000 9.3885332839e-001 3.0000000000e+000
136 139 31
2 21 701 224.2900 166.4900 24 1133 101.9200 135.9199
-6.0845861220e-001 7.6635352113e-001 3.0000000000e+000
31 60 30
2 21 523 -107.9000 135.9000 24 469 -201.6000 127.1500
1.3727255226e+000 -1.6020661548e-001 3.0000000000e+000
147 24 25
2 21 548 243.4300 -28.4100 24 1002 136.4900 -67.6200
1.1486278333e+000 -1.5323683660e+000 3.0000000000e+000
187 124 85
2 21 765 203.6900 -271.7400 24 1044 92.5700 -317.1100
-5.5437968548e-001 1.8381200805e+000 3.0000000000e+000
171 35 40
2 21 683 -98.3100 325.9600 24 727 -199.6400 318.2000
1.4491352282e+000 1.2468043736e+000 3.0000000000e+000
29 53 21
2 21 843 256.9800 221.1000 24 1264 142.4300 191.5400
1.4912030213e+000 9.2960512548e-001 3.0000000000e+000
32 53 10
2 21 850 264.4400 164.8500 24 1273 155.1800 131.1899
1.2121805750e+000 -2.3148489357e-001 3.0000000000e+000
154 24 24
2 21 878 214.9600 -41.0500 24 1175 100.2800 -78.7400
1.2765225289e+000 -2.7372168061e-001 3.0000000000e+000
175 97 66
2 21 880 226.3700 -48.5400 24 1177 113.3200 -87.6200
-3.6631574129e-001 -4.7588354125e-001 3.0000000000e+000
172 34 40
2 21 733 -64.9600 -84.3900 24 787 -163.1400 -98.6100
9.8509399873e-001 -2.0716353108e+000 3.0000000000e+000
197 123 87
2 21 778 174.6900 -367.3700 24 1060 59.7900 -412.7600
9.9281953510e-001 -1.5768044837e+000 3.0000000000e+000
192 124 87
2 21 901 176.0600 -279.6200 24 1195 58.3400 -323.6801
1.2726879837e+000 -2.2522557768e+000 3.0000000000e+000
157 23 27
2 21 1037 225.6900 -399.4000 24 1322 125.4800 -451.7400
1.2108833485e+000 1.8874057397e+000 3.0000000000e+000
137 143 123
2 21 1135 214.7300 334.7000 24 1425 87.2600 312.0400
7.7199261888e-001 -1.5711653860e+000 3.0000000000e+000
188 94 74
2 21 1118 136.9000 -278.6200 24 1393 14.4600 -316.9800
-5.6757515355e-001 6.9129748811e-001 3.0000000000e+000
28 63 40
2 21 1093 -100.6500 122.5901 24 1275 -194.6500 113.7800
1.0590789336e+000 -4.2468078154e-001 3.0000000000e+000
103 28 41
2 21 1184 187.8100 -75.3101 24 1463 63.3200 -110.8800
9.0699263264e-001 -5.7124087685e-001 3.0000000000e+000
157 155 143
2 21 1153 160.8400 -101.3000 24 1464 33.7800 -139.6600
1.0438533009e+000 -7.0263144127e-001 3.0000000000e+000
14 79 117
2 21 1185 185.1100 -124.6000 24 1466 60.6100 -164.2900
2.3503755268e-001 -2.5794363380e+000 3.0000000000e+000
146 63 41
2 21 1162 41.6800 -457.4200 24 1399 -66.5900 -488.3500
1.9776319920e-001 2.0300751880e+000 3.0000000000e+000
135 150 173
2 21 1198 35.0700 360.0000 24 1476 -98.9800 349.3500
1.3939833103e-001 -9.5875950863e-001 3.0000000000e+000
158 22 32
2 21 1240 24.7200 -170.0200 24 1516 -94.9100 -193.8199
1.7341918945e+000 1.9060714836e+000 3.0000000000e+000
174 43 41
2 21 335 307.5300 338.0100 24 744 212.1000 314.2200
1.5219361728e+000 1.7037970751e+000 3.0000000000e+000
141 46 27
2 21 36 269.8900 302.1400 24 35 159.2200 277.9800
1.3400752706e+000 1.5466918945e+000 3.0000000000e+000
70 100 105
2 21 45 237.6400 274.2800 24 51 114.4600 249.4099
1.5493985513e+000 9.0688008473e-001 3.0000000000e+000
144 153 40
2 21 72 274.7600 160.8201 24 465 169.8800 128.4500
1.5493985513e+000 9.0688008473e-001 3.0000000000e+000
144 153 40
2 21 71 274.7600 160.8201 24 464 169.8800 128.4500
1.3751502933e+000 -1.1558456995e+000 3.0000000000e+000
125 78 51
2 21 400 243.8600 -204.9700 24 824 143.1800 -251.2700
1.3751502933e+000 -1.1558456995e+000 3.0000000000e+000
125 78 51
2 21 401 243.8600 -204.9700 24 823 143.1800 -251.2700
5.9374047760e-001 -1.6969739871e+000 3.0000000000e+000
150 51 46
2 21 137 105.2900 -300.9301 24 169 -16.2100 -336.8900
1.0563158308e+000 -2.0612595637e+000 3.0000000000e+000
192 120 91
2 21 169 187.3200 -365.5300 24 587 74.7600 -412.2600
1.2384021730e+000 -1.9690604533e+000 3.0000000000e+000
198 115 76
2 21 152 219.6100 -349.1801 24 588 114.9500 -399.1100
1.2193419951e+000 -2.0676882177e+000 3.0000000000e+000
223 85 76
2 21 172 216.2300 -366.6700 24 612 111.1100 -416.7800
1.3523684624e+000 -1.9918983861e+000 3.0000000000e+000
204 68 54
2 21 186 239.8200 -353.2300 24 589 142.5500 -405.5800
1.0467292958e+000 -2.1874625988e+000 3.0000000000e+000
131 29 31
2 21 199 185.6200 -387.9100 24 233 74.2000 -435.1899
1.2421806163e+000 -2.1859399322e+000 3.0000000000e+000
208 57 59
2 21 213 220.2800 -387.6400 24 615 119.9500 -438.6300
1.3979885704e+000 -2.2444737943e+000 3.0000000000e+000
196 65 51
2 21 221 247.9100 -398.0200 24 634 154.8400 -452.8500
1.3529322345e+000 -2.3408457821e+000 3.0000000000e+000
202 66 51
2 21 227 239.9200 -415.1100 24 637 145.3600 -469.5200
1.3529322345e+000 -2.3408457821e+000 3.0000000000e+000
202 66 51
2 21 226 239.9200 -415.1100 24 636 145.3600 -469.5200
1.2816543005e+000 -3.1215228317e+000 3.0000000000e+000
172 130 72
2 21 296 227.2800 -553.5500 24 680 135.2200 -610.9200
1.3779133962e+000 1.8137030351e+000 3.0000000000e+000
175 33 32
2 21 329 244.3500 321.6300 24 736 124.7400 298.1000
1.4863534798e+000 1.8418985238e+000 3.0000000000e+000
180 38 26
2 21 331 263.5800 326.6300 24 426 151.5900 303.5000
1.6850752293e+000 1.8867297639e+000 3.0000000000e+000
164 37 32
2 21 336 298.8200 334.5801 24 745 198.9000 311.1400
-3.3936086095e-001 -8.0097766389e-001 3.0000000000e+000
121 26 31
2 21 380 -60.1800 -142.0400 24 119 -158.5000 -156.5699
1.2413346140e+000 -1.1145678068e+000 3.0000000000e+000
108 65 42
2 21 398 220.1300 -197.6500 24 822 110.2400 -242.1700
1.2669924399e+000 -1.3168422154e+000 3.0000000000e+000
101 63 37
2 21 402 224.6800 -233.5200 24 834 117.3400 -279.7700
1.1530261506e+000 -1.4749627364e+000 3.0000000000e+000
95 50 24
2 21 604 204.4700 -261.5601 24 843 93.5900 -306.8199
1.2707705390e+000 -1.6346616817e+000 3.0000000000e+000
120 68 41
2 21 615 225.3500 -289.8800 24 860 121.2200 -338.1100
1.2707705390e+000 -1.6346616817e+000 3.0000000000e+000
120 68 41
2 21 616 225.3500 -289.8800 24 861 121.2200 -338.1100
1.2520490374e+000 -1.6863160098e+000 3.0000000000e+000
193 124 83
2 21 617 222.0300 -299.0400 24 858 116.0400 -347.2800
1.2881390564e+000 -1.7181763613e+000 3.0000000000e+000
128 87 59
2 21 620 228.4300 -304.6899 24 868 125.1100 -354.0400
1.2881390564e+000 -1.7181763613e+000 3.0000000000e+000
128 87 59
2 21 619 228.4300 -304.6899 24 867 125.1100 -354.0400
1.5195114021e+000 -1.7265792502e+000 3.0000000000e+000
191 121 81
2 21 623 269.4600 -306.1801 24 871 180.3000 -359.5400
5.0165425924e-001 -2.1658644138e+000 3.0000000000e+000
69 137 207
2 21 432 88.9600 -384.0800 24 604 -28.9100 -419.8400
5.0165425924e-001 -2.1658644138e+000 3.0000000000e+000
69 137 207
2 21 431 88.9600 -384.0800 24 605 -28.9100 -419.8400
1.4537593297e+000 -2.4792859070e+000 3.0000000000e+000
191 119 86
2 21 457 257.8000 -439.6600 24 907 173.2900 -495.8800
1.1893983999e+000 -2.6573119199e+000 3.0000000000e+000
192 126 91
2 21 464 210.9200 -471.2300 24 912 109.0600 -524.7100
1.6049999725e+000 -3.0562216393e+000 3.0000000000e+000
151 118 72
2 21 655 284.6200 -541.9700 24 1212 216.9100 -606.6801
1.1988720428e+000 6.7562063117e-001 3.0000000000e+000
36 47 17
2 21 527 212.6000 119.8101 24 978 89.3200 90.2800
-1.3364668538e-001 2.9024419569e-001 3.0000000000e+000
30 60 31
2 21 365 -23.7000 51.4700 24 90 -135.5800 35.6500
-7.2687966483e-001 -1.5958742988e-002 3.0000000000e+000
158 158 162
2 21 545 -128.9000 -2.8300 24 491 -212.4600 -10.2700
1.0573872731e+000 -5.0830835328e-001 3.0000000000e+000
11 52 77
2 21 564 187.5100 -90.1400 24 1010 64.7200 -127.9000
1.2411652759e+000 -1.2733649921e+000 3.0000000000e+000
191 122 85
2 21 595 220.1000 -225.8101 24 1038 112.3900 -271.0300
9.8374067034e-001 -1.5022557768e+000 3.0000000000e+000
189 124 94
2 21 601 174.4500 -266.4000 24 1042 56.5500 -308.0300
1.1486278333e+000 -1.5323683660e+000 3.0000000000e+000
187 124 85
2 21 766 203.6900 -271.7400 24 1045 92.5700 -317.1100
1.4519547771e+000 -1.8341165414e+000 3.0000000000e+000
191 122 76
2 21 631 257.4800 -325.2500 24 873 164.6300 -378.9000
1.2558271365e+000 -2.6106764715e+000 3.0000000000e+000
198 122 85
2 21 650 222.7000 -462.9600 24 1077 124.1200 -516.6100
2.4682341841e-001 -2.7634965710e+000 3.0000000000e+000
179 136 111
2 21 652 43.7700 -490.0601 24 656 -64.4900 -521.3000
1.4829133686e+000 -3.0129137541e+000 3.0000000000e+000
147 84 38
2 21 653 262.9700 -534.2900 24 1081 182.9000 -595.5400
6.4810146246e-001 -3.6625939850e+000 3.0000000000e+000
179 138 108
2 21 659 114.9300 -649.5000 24 1089 3.2900 -694.6100
1.2031013661e+000 -3.6896054834e+000 3.0000000000e+000
158 122 87
2 21 661 213.3500 -654.2900 24 929 125.5700 -712.6899
1.2803006280e+000 1.3703571979e+000 3.0000000000e+000
113 134 68
2 21 840 227.0400 243.0100 24 1255 103.3300 214.7500
1.2803006280e+000 1.3703571979e+000 3.0000000000e+000
113 134 68
2 21 839 227.0400 243.0100 24 1256 103.3300 214.7500
1.5177068495e+000 1.4274812856e+000 3.0000000000e+000
29 56 12
2 21 841 269.1400 253.1400 24 1115 156.9800 226.3000
1.4937406841e+000 1.0100187144e+000 3.0000000000e+000
123 121 20
2 21 702 264.8900 179.1100 24 973 156.7200 149.0000
1.6387216668e+000 7.6088307316e-001 3.0000000000e+000
158 161 73
2 21 708 290.6000 134.9299 24 1143 192.6700 100.8600
1.7220112507e+000 8.3870289738e-001 3.0000000000e+000
131 139 59
2 21 862 305.3700 148.7300 24 1281 215.1000 115.4399
1.6104136302e+000 -6.7838511073e-002 3.0000000000e+000
155 25 31
2 21 726 285.5800 -12.0300 24 1167 191.7200 -53.4900
1.5984023245e+000 -1.3612790215e-001 3.0000000000e+000
226 127 85
2 21 727 283.4500 -24.1400 24 1179 187.4500 -67.0699
1.5315788097e+000 -4.1870300752e-001 3.0000000000e+000
12 50 69
2 21 735 271.6000 -74.2500 24 1013 173.2500 -117.6000
1.0465038558e+000 -1.8310147622e+000 3.0000000000e+000
89 57 42
2 21 774 185.5800 -324.7000 24 1052 69.6400 -370.3800
1.0848496516e+000 -3.2794175686e+000 3.0000000000e+000
179 137 89
2 21 795 192.3800 -581.5500 24 1214 90.4300 -635.4200
8.8793245473e-001 -3.9618048417e+000 3.0000000000e+000
192 158 129
2 21 797 157.4600 -702.5601 24 1217 51.5900 -753.8700
1.3316730700e+000 1.7123679254e+000 3.0000000000e+000
213 132 84
2 21 828 236.1500 303.6599 24 1247 112.2000 280.3401
1.6966917569e+000 1.6074815334e+000 3.0000000000e+000
25 81 105
2 21 834 300.8800 285.0601 24 1249 207.8700 259.5200
1.4035722546e-001 1.2738736949e-001 3.0000000000e+000
27 63 37
2 21 870 24.8900 22.5900 24 988 -98.2300 0.4200
1.3748119612e+000 -2.3238734195e-001 3.0000000000e+000
232 124 86
2 21 881 243.8000 -41.2100 24 1178 135.2100 -81.1500
1.4555074362e+000 -1.1395486244e+000 3.0000000000e+000
190 121 80
2 21 896 258.1100 -202.0800 24 1310 160.2700 -251.2900
1.3805639511e+000 7.9466121358e-001 3.0000000000e+000
129 132 110
2 21 995 244.8200 140.9199 24 1377 130.8600 109.0701
-3.3045116224e-001 5.8054483744e-001 3.0000000000e+000
135 172 120
2 21 1002 -58.6000 102.9500 24 1148 -163.2000 89.6699
1.3786465064e+000 -2.6712403262e+000 3.0000000000e+000
188 128 80
2 21 1038 244.4800 -473.7000 24 1444 152.9000 -531.4800
1.1394925225e+000 -3.0360903632e+000 3.0000000000e+000
178 137 91
2 21 1126 202.0700 -538.4000 24 1405 100.7000 -591.2000
-5.3176650427e-002 6.1172921317e-001 3.0000000000e+000
27 60 41
2 21 1095 -9.4300 108.4800 24 1286 -127.0500 92.1400
-5.3176650427e-002 6.1172921317e-001 3.0000000000e+000
27 60 41
2 21 1096 -9.4300 108.4800 24 1285 -127.0500 92.1400
-7.0731198877e-001 3.6642846129e-001 3.0000000000e+000
168 162 166
2 21 1107 -125.4300 64.9800 24 1153 -211.9900 59.5600
8.6255651488e-001 -3.9103198518e+000 3.0000000000e+000
193 162 132
2 21 1168 152.9600 -693.4301 24 1448 45.8200 -743.3101
8.8821434078e-001 -1.7154132585e+000 3.0000000000e+000
168 32 33
2 21 1158 157.5100 -304.2000 24 1394 39.6100 -347.1899
-1.5637781817e+000 4.4881015864e+000 3.0000000000e+000
210 176 115
2 21 1170 -277.3100 795.8900 24 1451 67.1700 813.8400
7.6635352113e-001 -2.3125938473e+000 3.0000000000e+000
176 143 108
2 21 1226 135.9000 -410.1000 24 1488 22.7200 -450.4700
7.6325174203e-001 -1.2530636895e+000 3.0000000000e+000
167 37 37
2 21 1221 135.3500 -222.2100 24 1518 11.1000 -261.3400
1.3022932469e+000 1.7655456084e+000 3.0000000000e+000
229 147 105
2 21 29 230.9400 313.0901 24 422 105.4900 289.4099
1.3022932469e+000 1.7655456084e+000 3.0000000000e+000
229 147 105
2 21 30 230.9400 313.0901 24 423 105.4900 289.4099
1.3583458922e+000 1.7778384560e+000 3.0000000000e+000
233 149 105
2 21 31 240.8800 315.2700 24 424 118.8200 291.7000
1.3583458922e+000 1.7778384560e+000 3.0000000000e+000
233 149 105
2 21 32 240.8800 315.2700 24 425 118.8200 291.7000
1.6125565149e+000 1.7310901154e+000 3.0000000000e+000
151 43 41
2 21 34 285.9600 306.9800 24 38 179.4700 281.4199
1.7321051117e+000 1.7145114985e+000 3.0000000000e+000
150 48 34
2 21 40 307.1600 304.0400 24 446 212.9900 279.1799
1.5708270539e+000 9.6710526316e-001 3.0000000000e+000
147 159 40
2 21 73 278.5600 171.5000 24 463 174.6400 139.3900
1.4906392492e+000 3.0327084190e-001 3.0000000000e+000
77 43 29
2 21 82 264.3400 53.7800 24 487 159.9600 17.2000
1.6586842931e+000 1.7639114265e-001 3.0000000000e+000
173 151 114
2 21 86 294.1400 31.2800 24 494 200.8100 -9.1000
1.1353760913e+000 -2.8573298634e-001 3.0000000000e+000
238 147 103
2 21 95 201.3400 -50.6700 24 107 80.9400 -88.1400
1.1353760913e+000 -2.8573298634e-001 3.0000000000e+000
238 147 103
2 21 96 201.3400 -50.6700 24 108 80.9400 -88.1400
6.8650370433e-001 -1.5666538325e+000 3.0000000000e+000
190 89 73
2 21 129 121.7400 -277.8199 24 154 -0.3300 -315.1600
1.4798683798e+000 -1.7521238399e+000 3.0000000000e+000
191 123 80
2 21 145 262.4300 -310.7100 24 574 172.8000 -362.6300
1.5065976480e+000 -1.7743422429e+000 3.0000000000e+000
128 80 58
2 21 146 267.1700 -314.6500 24 576 177.0100 -368.5200
1.5382332479e+000 -1.9003194938e+000 3.0000000000e+000
152 39 32
2 21 156 272.7800 -336.9900 24 595 187.1900 -392.0800
1.5121241978e+000 -1.9251316616e+000 3.0000000000e+000
145 36 32
2 21 157 268.1500 -341.3900 24 207 180.5400 -396.1300
1.0987780578e+000 -2.1653006417e+000 3.0000000000e+000
145 25 32
2 21 171 194.8500 -383.9800 24 609 85.9100 -432.3101
1.1167106915e+000 -2.1221614063e+000 3.0000000000e+000
216 94 73
2 21 176 198.0300 -376.3300 24 231 89.2700 -424.4301
1.1167106915e+000 -2.1221614063e+000 3.0000000000e+000
216 94 73
2 21 177 198.0300 -376.3300 24 232 89.2700 -424.4301
1.0975940676e+000 -2.2015603431e+000 3.0000000000e+000
215 68 64
2 21 200 194.6400 -390.4100 24 235 84.5700 -438.9900
1.0872744223e+000 -2.2759397120e+000 3.0000000000e+000
205 62 63
2 21 203 192.8100 -403.6000 24 263 84.2400 -452.0000
1.1657705666e+000 -2.2006578947e+000 3.0000000000e+000
143 33 36
2 21 209 206.7300 -390.2500 24 614 100.5400 -440.1400
1.2799058498e+000 -2.3917105539e+000 3.0000000000e+000
192 65 48
2 21 240 226.9700 -424.1300 24 631 128.4300 -477.3101
1.2799058498e+000 -2.3917105539e+000 3.0000000000e+000
192 65 48
2 21 241 226.9700 -424.1300 24 632 128.4300 -477.3101
1.2041728084e+000 -2.4312406841e+000 3.0000000000e+000
192 60 53
2 21 242 213.5400 -431.1400 24 648 110.4600 -482.8900
1.4463156793e+000 -2.5245673388e+000 3.0000000000e+000
129 79 46
2 21 246 256.4800 -447.6899 24 654 170.0400 -504.9800
1.4888911427e+000 -2.4955265361e+000 3.0000000000e+000
107 55 26
2 21 251 264.0300 -442.5400 24 652 179.8900 -499.8101
1.1199811204e+000 -2.6412970751e+000 3.0000000000e+000
55 29 10
2 21 261 198.6100 -468.3900 24 299 93.3400 -519.2900
1.5116165276e+000 -3.0452256740e+000 3.0000000000e+000
194 149 87
2 21 287 268.0600 -540.0200 24 672 192.7600 -601.3300
1.1367294197e+000 -3.2292859070e+000 3.0000000000e+000
172 134 87
2 21 299 201.5800 -572.6600 24 365 101.3600 -627.1899
1.3400752706e+000 -3.0811466991e+000 3.0000000000e+000
174 132 81
2 21 300 237.6400 -546.3900 24 670 147.0200 -605.7500
1.7891166515e+000 -3.1860902256e+000 3.0000000000e+000
183 104 56
2 21 302 317.2700 -565.0000 24 922 277.0200 -630.2400
1.2775939712e+000 1.7924999725e+000 3.0000000000e+000
171 43 34
2 21 346 226.5600 317.8700 24 733 99.2300 294.6799
-5.1879768085e-002 1.5039470931e+000 3.0000000000e+000
25 52 28
2 21 353 -9.2000 266.7000 24 50 -131.7800 253.7400
-5.1879768085e-002 1.5039470931e+000 3.0000000000e+000
25 52 28
2 21 354 -9.2000 266.7000 24 49 -131.7800 253.7400
1.5364286953e+000 9.8244344381e-001 3.0000000000e+000
34 50 15
2 21 359 272.4600 174.2200 24 768 166.3200 141.3201
1.6986653034e+000 2.0385352113e-001 3.0000000000e+000
175 153 115
2 21 366 301.2300 36.1500 24 493 211.8000 -3.8500
1.1467103886e+000 -8.7727413321e-001 3.0000000000e+000
189 116 89
2 21 385 203.3500 -155.5699 24 809 87.1700 -197.8500
1.5217668347e+000 -8.2409782696e-001 3.0000000000e+000
189 118 81
2 21 386 269.8600 -146.1400 24 804 175.7300 -191.9700
1.4277067256e+000 -1.9733455342e+000 3.0000000000e+000
137 32 26
2 21 423 253.1800 -349.9399 24 592 160.0300 -403.4301
1.0688909086e+000 -2.1490600127e+000 3.0000000000e+000
216 96 79
2 21 436 189.5500 -381.1000 24 888 79.0200 -428.6200
3.2904121571e-001 -2.2028572255e+000 3.0000000000e+000
65 130 198
2 21 440 58.3500 -390.6400 24 223 -55.7400 -422.8800
1.0946051806e+000 -2.4620863836e+000 3.0000000000e+000
141 31 29
2 21 454 194.1100 -436.6100 24 646 85.5700 -487.2400
1.0633647030e+000 -2.5157142582e+000 3.0000000000e+000
209 68 60
2 21 455 188.5700 -446.1200 24 644 81.2400 -494.8700
1.1123684761e+000 -2.4210900328e+000 3.0000000000e+000
197 59 55
2 21 456 197.2600 -429.3400 24 630 91.4700 -478.8900
1.6322369109e+000 -2.9266352833e+000 3.0000000000e+000
193 110 38
2 21 472 289.4500 -518.9900 24 919 223.9400 -581.7600
1.5788344763e+000 -3.4028010548e+000 3.0000000000e+000
141 75 20
2 21 484 279.9800 -603.4301 24 1087 218.5800 -668.9900
2.6663346828e+000 -4.1909207222e+000 3.0000000000e+000
134 111 94
2 21 491 472.8300 -743.1899 24 700 375.9200 -849.3700
-7.5998114105e-001 1.7048688616e+000 3.0000000000e+000
168 43 50
2 21 510 -134.7700 302.3301 24 416 -229.1300 295.3900
-5.1118417611e-001 7.4498112040e-001 3.0000000000e+000
25 58 36
2 21 524 -90.6500 132.1100 24 470 -189.0500 123.0100
3.2763144127e-002 5.2855252144e-001 3.0000000000e+000
29 58 30
2 21 533 5.8100 93.7300 24 89 -114.2300 73.5701
-2.1563904268e-001 3.1494347135e-001 3.0000000000e+000
25 54 34
2 21 534 -38.2400 55.8500 24 485 -146.7500 41.6500
-2.1563904268e-001 3.1494347135e-001 3.0000000000e+000
25 54 34
2 21 535 -38.2400 55.8500 24 486 -146.7500 41.6500
1.2082331378e+000 -3.6078936355e-001 3.0000000000e+000
150 20 20
2 21 554 214.2600 -63.9800 24 1011 96.9500 -103.4700
1.5890976755e+000 -2.9407908504e-001 3.0000000000e+000
12 52 67
2 21 558 281.8000 -52.1500 24 792 185.8000 -96.1100
8.1451129196e-001 -1.6037030901e+000 3.0000000000e+000
185 98 70
2 21 600 144.4400 -284.3900 24 852 22.1700 -323.2800
1.4052632267e+000 -1.9150374563e+000 3.0000000000e+000
143 23 27
2 21 632 249.2000 -339.6000 24 1063 156.4100 -391.7900
1.4066165551e+000 -2.4627066017e+000 3.0000000000e+000
134 82 61
2 21 645 249.4400 -436.7200 24 903 159.4900 -492.6100
1.4043046765e+000 -2.5127253712e+000 3.0000000000e+000
188 123 86
2 21 646 249.0300 -445.5900 24 904 160.3500 -501.5900
1.3373682696e+000 -3.2078006142e+000 3.0000000000e+000
182 149 99
2 21 657 237.1600 -568.8500 24 1085 150.6000 -627.2100
1.2837407392e+000 1.5412785810e+000 3.0000000000e+000
130 126 63
2 21 690 227.6500 273.3201 24 1114 104.7800 249.1000
1.2664286678e+000 1.0969174034e+000 3.0000000000e+000
122 142 50
2 21 698 224.5800 194.5200 24 1125 102.4500 168.2500
1.2664286678e+000 1.0969174034e+000 3.0000000000e+000
122 142 50
2 21 699 224.5800 194.5200 24 1124 102.4500 168.2500
7.6184265596e-002 -5.3503762152e-001 3.0000000000e+000
165 160 163
2 21 734 13.5100 -94.8800 24 1007 -103.6900 -118.7800
1.0820865488e+000 -1.1217295711e+000 3.0000000000e+000
186 126 89
2 21 755 191.8900 -198.9200 24 1029 73.5400 -241.3900
1.0820865488e+000 -1.1217295711e+000 3.0000000000e+000
186 126 89
2 21 756 191.8900 -198.9200 24 1030 73.5400 -241.3900
1.0734585640e+000 -1.8775937647e+000 3.0000000000e+000
194 122 79
2 21 776 190.3600 -332.9600 24 1054 77.6600 -379.1801
1.0734585640e+000 -1.8775937647e+000 3.0000000000e+000
194 122 79
2 21 777 190.3600 -332.9600 24 1055 77.6600 -379.1801
2.9695473578e-001 -2.7504134788e+000 3.0000000000e+000
121 68 48
2 21 786 52.6600 -487.7400 24 1074 -56.5100 -520.5000
1.0934772922e+000 -3.1603756094e+000 3.0000000000e+000
181 136 91
2 21 794 193.9100 -560.4399 24 1213 90.6100 -613.7900
2.9439476988e+000 -3.8705074913e+000 3.0000000000e+000
130 107 91
2 21 799 522.0601 -686.3700 24 1220 452.4300 -796.5500
2.7694172106e+000 -4.0847932055e+000 3.0000000000e+000
143 116 97
2 21 801 491.1100 -724.3700 24 1224 403.7900 -833.2800
-7.6483085460e-001 3.7569359801e+000 3.0000000000e+000
129 102 82
2 21 806 -135.6300 666.2300 24 1329 192.2200 683.8000
1.6574435127e+000 1.3110337795e+000 3.0000000000e+000
34 56 13
2 21 842 293.9200 232.4900 24 1258 192.0100 201.9099
1.5941165551e+000 8.2381628510e-001 3.0000000000e+000
33 55 14
2 21 861 282.6900 146.0901 24 1280 179.4300 110.9800
1.5232330552e+000 -1.0595852271e-001 3.0000000000e+000
150 28 24
2 21 873 270.1200 -18.7900 24 1166 172.3100 -59.1700
1.7525189622e+000 -4.5800735359e-001 3.0000000000e+000
189 120 81
2 21 888 310.7800 -81.2200 24 1387 236.0400 -129.3500
-6.8768803876e-001 -9.0546962193e-001 3.0000000000e+000
101 139 199
2 21 892 -121.9500 -160.5699 24 796 -198.8200 -170.1000
9.9806385471e-001 -1.1382517420e+000 3.0000000000e+000
193 121 96
2 21 895 176.9900 -201.8500 24 1192 56.0400 -243.6500
9.5943617283e-001 -2.1477066843e+000 3.0000000000e+000
134 23 30
2 21 912 170.1400 -380.8600 24 1204 56.6900 -426.9100
9.7229313671e-001 -2.5748118924e+000 3.0000000000e+000
157 30 25
2 21 918 172.4200 -456.6000 24 1069 60.1200 -504.0601
1.5025941089e+000 1.7731575643e+000 3.0000000000e+000
187 99 62
2 21 964 266.4600 314.4399 24 1343 152.5600 290.5000
1.6240601504e+000 1.0845681097e+000 3.0000000000e+000
79 106 96
2 21 981 288.0000 192.3301 24 1352 185.3900 160.6599
2.3791354760e-001 4.2665363971e-001 3.0000000000e+000
115 135 168
2 21 1010 42.1900 75.6599 24 1156 -87.3500 57.1500
1.3987781267e+000 1.0162780303e+000 3.0000000000e+000
110 127 110
2 21 1079 248.0500 180.2200 24 1370 131.3200 152.1799
1.1277066568e+000 -9.4922907550e-001 3.0000000000e+000
187 123 87
2 21 1115 199.9800 -168.3300 24 1390 83.6200 -210.1400
1.2010713735e+000 -2.7413910600e+000 3.0000000000e+000
188 124 86
2 21 1123 212.9900 -486.1400 24 1443 106.1700 -540.4700
2.9622196972e-001 1.3117104437e+000 3.0000000000e+000
110 138 172
2 21 1232 52.5300 232.6100 24 1515 -71.6400 217.5500
