# Bundle file v0.3
60 320
0 0 0
0 0 0
0 0 0
0 0 0
0 0 0
0 0 0
0 0 0
0 0 0
0 0 0
0 0 0
0 0 0
0 0 0
0 0 0
0 0 0
0 0 0
0 0 0
0 0 0
0 0 0
0 0 0
0 0 0
0 0 0
0 0 0
0 0 0
0 0 0
0 0 0
0 0 0
0 0 0
0 0 0
0 0 0
0 0 0
0 0 0
0 0 0
0 0 0
0 0 0
0 0 0
0 0 0
0 0 0
0 0 0
0 0 0
0 0 0
0 0 0
0 0 0
0 0 0
0 0 0
0 0 0
0 0 0
0 0 0
0 0 0
0 0 0
0 0 0
0 0 0
0 0 0
0 0 0
0 0 0
0 0 0
0 0 0
0 0 0
0 0 0
0 0 0
0 0 0
0 0 0
0 0 0
0 0 0
0 0 0
0 0 0
0 0 0
0 0 0
0 0 0
0 0 0
0 0 0
0 0 0
0 0 0
0 0 0
0 0 0
0 0 0
0 0 0
0 0 0
0 0 0
0 0 0
0 0 0
0 0 0
0 0 0
0 0 0
0 0 0
0 0 0
0 0 0
0 0 0
0 0 0
0 0 0
0 0 0
0 0 0
0 0 0
0 0 0
0 0 0
0 0 0
0 0 0
0 0 0
0 0 0
0 0 0
0 0 0
4.6285170764e+003 -1.9057565477e+000 -2.7879908248e-002
9.5344819570e-001 -2.7617352628e-002 -3.0028956018e-001
2.3466610181e-002 9.9957282146e-001 -1.7421045036e-002
3.0064240606e-001 9.5632859065e-003 9.5368898874e-001
3.3373948036e-001 5.9678958256e-001 -6.7652046060e+000
-5.3074362445e+003 4.3082898748e-001 -1.5158205853e-002
9.8543171235e-001 8.6451232660e-003 -1.6985170632e-001
-1.7629390281e-002 9.9851954153e-001 -5.1458039025e-002
1.6915538683e-001 5.3702765531e-002 9.8412522988e-001
-8.4481224938e-002 7.4960973317e-001 1.6355266142e+000
0 0 0
0 0 0
0 0 0
0 0 0
0 0 0
5.0520775575e+003 7.0321705441e-001 3.1522598448e-003
-9.9427576570e-001 -5.8987798356e-002 -8.9085023308e-002
5.4827446459e-002 -9.9731972366e-001 4.8449147631e-002
-9.1704159379e-002 4.3287509013e-002 9.9484498225e-001
8.8701978254e-001 -7.1602198492e-001 1.5647432908e+000
-4.8243145451e+003 6.8216442783e-001 4.2517208178e-002
9.7799641923e-001 9.4445696553e-002 1.8601885489e-001
-8.8188770201e-002 9.9523276568e-001 -4.1647123986e-002
-1.8906545105e-001 2.4325964083e-002 9.8166313096e-001
-1.1366238173e+000 7.4492882654e-001 1.3323098590e+000
3.8480115307e+004 -3.0135798927e-002 -1.1793501855e-005
9.6011352977e-001 1.2820455296e-001 2.4848662450e-001
-1.3271083195e-001 9.9115381482e-001 1.3965884786e-003
-2.4610941680e-001 -3.4317750159e-002 9.6863432057e-001
-1.2426785493e+000 6.5405462344e-001 -3.3694593394e+001
0 0 0
0 0 0
0 0 0
0 0 0
0 0 0
0 0 0
0 0 0
0 0 0
0 0 0
0 0 0
0 0 0
0 0 0
0 0 0
0 0 0
0 0 0
0 0 0
0 0 0
0 0 0
0 0 0
0 0 0
0 0 0
0 0 0
0 0 0
0 0 0
0 0 0
0 0 0
0 0 0
0 0 0
0 0 0
0 0 0
0 0 0
0 0 0
0 0 0
0 0 0
0 0 0
0 0 0
0 0 0
0 0 0
0 0 0
0 0 0
0 0 0
0 0 0
0 0 0
0 0 0
0 0 0
0 0 0
0 0 0
0 0 0
0 0 0
0 0 0
0 0 0
0 0 0
0 0 0
0 0 0
0 0 0
0 0 0
0 0 0
0 0 0
0 0 0
0 0 0
0 0 0
0 0 0
0 0 0
0 0 0
0 0 0
0 0 0
0 0 0
0 0 0
0 0 0
0 0 0
0 0 0
0 0 0
0 0 0
0 0 0
0 0 0
0 0 0
0 0 0
0 0 0
0 0 0
0 0 0
0 0 0
0 0 0
0 0 0
0 0 0
0 0 0
0 0 0
0 0 0
0 0 0
0 0 0
0 0 0
0 0 0
0 0 0
0 0 0
0 0 0
0 0 0
0 0 0
0 0 0
0 0 0
0 0 0
0 0 0
0 0 0
0 0 0
0 0 0
0 0 0
0 0 0
0 0 0
0 0 0
0 0 0
0 0 0
0 0 0
0 0 0
0 0 0
0 0 0
0 0 0
0 0 0
0 0 0
0 0 0
0 0 0
0 0 0
0 0 0
0 0 0
0 0 0
0 0 0
0 0 0
0 0 0
0 0 0
0 0 0
0 0 0
0 0 0
0 0 0
0 0 0
0 0 0
0 0 0
0 0 0
0 0 0
0 0 0
0 0 0
0 0 0
0 0 0
0 0 0
0 0 0
0 0 0
0 0 0
0 0 0
0 0 0
0 0 0
0 0 0
0 0 0
0 0 0
0 0 0
0 0 0
0 0 0
0 0 0
0 0 0
0 0 0
0 0 0
0 0 0
0 0 0
0 0 0
0 0 0
0 0 0
0 0 0
0 0 0
0 0 0
0 0 0
0 0 0
0 0 0
0 0 0
0 0 0
0 0 0
4.9637823172e-001 -5.4298541930e-001 2.8880663587e+000
34 64 36
4 21 865 -105.2100 58.9500 24 984 -197.1000 47.4300 20 849 -54.8600 18.0600 23 875 -194.3500 9.2800
4.9637823172e-001 -5.4298541930e-001 2.8880663587e+000
34 64 36
4 21 866 -105.2100 58.9500 24 983 -197.1000 47.4300 20 848 -54.8600 18.0600 23 874 -194.3500 9.2800
4.7581339799e-001 -3.4547984799e-001 2.8253772450e+000
172 41 52
2 21 337 -116.9300 298.3500 24 419 -215.5100 291.2500
6.3698196575e-001 -2.5474610422e-001 3.7809276302e+000
183 33 40
2 21 689 -98.8000 285.3101 24 752 162.9500 270.2700
5.4357782093e-001 -3.6839129994e-001 2.7878755943e+000
174 31 40
3 21 514 -30.6000 273.4199 24 750 -148.4200 261.6599 23 621 -141.6900 217.5100
5.1143893791e-001 -4.0142624027e-001 2.8290637487e+000
154 166 178
5 21 967 -75.0900 229.0200 24 1253 -179.0300 219.2700 20 1087 -21.0000 190.1799 23 1122 -175.0000 176.2600 25 1118 -125.8300 237.1100
5.1186076656e-001 -4.0101710956e-001 2.8315837431e+000
154 166 178
4 21 968 -75.0900 229.0200 24 1252 -179.0300 219.2700 20 1086 -21.0000 190.1799 23 1123 -175.0000 176.2600
5.8206869722e-001 -5.2795326510e-001 2.8131915292e+000
158 163 156
5 21 1007 8.0400 78.6200 24 1155 -113.4500 62.1000 20 1112 69.2600 38.6000 23 1156 -103.6700 24.4700 25 1159 -66.3700 74.1599
5.5311413139e-001 -4.8914594866e-001 2.8289837932e+000
164 162 167
4 21 1150 -28.1600 124.8000 24 1376 -140.3300 110.9299 20 1180 29.3500 84.9399 23 1246 -133.2500 71.3500
5.1667886996e-001 -6.6443286996e-001 2.9127873552e+000
160 161 166
5 21 1113 -87.8500 -86.0699 24 1300 -181.8500 -97.4600 20 1130 -36.1600 -128.9500 23 1166 -176.5700 -133.0000 25 1300 -132.8000 -85.2100
5.9735059021e-001 -6.5044497831e-001 2.8491696709e+000
171 161 170
5 21 885 17.2000 -66.2500 24 1171 -100.7600 -88.8300 20 1016 78.2300 -107.9600 23 1042 -90.2600 -120.8900 25 972 -56.0300 -81.2200
5.5543760232e-001 -2.7293929343e-001 2.7435924503e+000
134 147 171
3 21 955 -6.8200 393.7400 24 1243 -135.1900 384.8800 23 985 -126.9300 334.3101
4.9810905965e-001 -4.7343181792e-001 2.8649807040e+000
162 174 74
5 21 853 -98.1100 142.0801 24 971 -193.5300 132.4800 20 837 -47.2100 102.2800 23 864 -190.8000 92.2600 25 947 -140.4300 149.2900
5.7960125120e-001 -4.9229552801e-001 2.8054924698e+000
158 162 163
4 21 1097 6.7500 123.0500 24 1278 -115.4700 104.8900 20 1106 68.1400 84.0701 23 1140 -105.8000 66.5500
5.6783536190e-001 -7.1172634703e-001 2.8956242513e+000
224 150 141
4 21 109 -26.6100 -139.8900 24 125 -131.5000 -159.7000 20 98 30.2500 -183.2700 23 113 -122.9600 -191.3101
6.4952007422e-001 -1.0074311473e+000 2.9506533867e+000
121 68 48
4 21 787 52.6600 -487.7400 24 1075 -56.5100 -520.5000 20 907 113.0800 -532.1300 23 947 -43.5000 -542.2400
5.4340483467e-001 -4.5119117484e-001 2.8284862913e+000
161 164 157
5 21 1076 -38.6100 169.6599 24 1364 -146.8000 156.7200 20 1095 16.8400 130.4500 23 1232 -140.7500 116.1599 25 1342 -96.0400 172.2400
5.7174633654e-001 -5.5262832956e-001 2.8330494536e+000
150 169 133
5 21 867 -8.2300 50.3300 24 985 -123.6600 31.2500 20 850 51.1700 10.1900 23 878 -114.9800 -4.6000 25 954 -76.2000 42.7800
5.5267452708e-001 -4.8889800017e-001 2.8272138655e+000
164 162 167
5 21 1149 -28.1600 124.8000 24 1375 -140.3300 110.9299 20 1179 29.3500 84.9399 23 1245 -133.2500 71.3500 25 1349 -90.9600 125.6100
5.1983937368e-001 -5.2207925385e-001 2.8661191911e+000
26 65 36
5 21 1101 -73.8000 84.7100 24 1284 -173.2900 72.3101 20 1110 -21.1800 44.1600 23 1146 -168.8000 33.7800 25 1289 -122.0500 87.0400
4.8242477365e-001 -3.4700342224e-001 2.8238242325e+000
169 44 47
2 21 338 -108.9100 296.6100 24 12 -208.3400 288.8700
5.4851567673e-001 -3.7530727981e-001 2.7865003004e+000
151 169 194
2 21 44 -24.4800 265.0901 24 48 -143.4200 252.8301
6.0133622216e-001 -5.0759233529e-001 2.7930388427e+000
140 162 52
3 21 362 33.9700 105.4299 24 87 -94.0300 84.7300 20 335 97.8300 65.9000
4.5118406932e-001 -3.2073089757e-001 2.8372462555e+000
220 161 156
2 21 326 -147.6400 326.8401 24 8 -238.3200 322.0701
6.6743092323e-001 -2.4485134442e-001 3.7625409727e+000
160 35 42
2 21 341 -66.3500 291.3600 24 40 190.8100 284.1500
5.0934364898e-001 -6.5310729396e-001 2.9136757417e+000
170 36 45
4 21 562 -96.3700 -72.6300 24 498 -187.3600 -83.4600 20 557 -45.3900 -115.6100 23 668 -183.9200 -118.8700
6.3504892502e-001 -2.1832231042e-001 3.7661581155e+000
171 35 40
2 21 682 -98.3100 325.9600 24 738 162.3000 304.2400
6.4539704018e-001 -2.3198199154e-001 3.7689126433e+000
180 39 47
2 21 686 -88.6900 308.4900 24 741 171.4900 293.2500
5.9876410154e-001 -5.7675023726e-001 2.8207441588e+000
27 63 37
4 21 869 24.8900 22.5900 24 987 -98.2300 0.4200 20 855 87.4600 -17.8000 23 882 -87.3000 -34.4100
5.6843590354e-001 -4.8073899665e-001 2.8101210403e+000
29 64 34
5 21 857 -6.8300 136.9399 24 773 -125.1600 118.7800 20 839 53.1400 97.8700 23 866 -116.7600 80.4500 25 766 -76.2500 131.3900
5.8556662109e-001 -4.4729260449e-001 2.7864604049e+000
28 61 30
4 21 847 17.8400 177.7300 24 1132 -108.2800 159.9199 20 975 80.3100 138.7500 23 1010 -98.3200 120.1799
5.0036251522e-001 -4.5807945859e-001 2.8474491316e+000
25 65 38
4 21 1084 -93.9500 160.1500 24 1360 -193.7400 150.5701 20 983 -36.6000 122.5801 23 1230 -190.1300 109.3101
5.6981436721e-001 -5.1737213793e-001 2.8206409080e+000
149 174 116
5 21 864 -7.3900 90.9900 24 777 -125.0800 75.7100 20 847 52.2100 51.1200 23 869 -116.1300 37.1300 25 775 -76.9500 88.6200
5.9824978984e-001 -9.1316898509e-001 2.9464037982e+000
95 31 29
3 21 1035 -3.6800 -378.0800 24 1199 -106.6200 -400.3400 23 1075 -96.1000 -427.2700
6.1153240039e-001 -9.4432196921e-001 2.9476956702e+000
106 18 19
3 21 913 10.9500 -414.7400 24 1066 -94.6000 -438.8700 23 941 -82.8800 -464.6100
5.4340483467e-001 -4.5119117484e-001 2.8284862913e+000
161 164 157
5 21 1077 -38.6100 169.6599 24 1365 -146.8000 156.7200 20 1096 16.8400 130.4500 23 1233 -140.7500 116.1599 25 1343 -96.0400 172.2400
4.9399494322e-001 -5.8927335432e-001 2.9067922441e+000
170 41 42
5 21 1014 -112.1300 3.1700 24 1160 -201.0700 -5.9000 20 1000 -62.6500 -38.8800 23 1029 -198.5700 -43.6500 25 1170 -149.1500 8.7500
5.0659296089e-001 -5.6492541793e-001 2.8819567975e+000
164 161 171
4 21 1204 -93.3100 31.6700 24 1459 -189.3800 21.9500 23 1357 -185.6100 -15.6500 25 1429 -139.0800 37.8800
6.3698196575e-001 -2.5474610422e-001 3.7809276302e+000
183 33 40
2 21 688 -98.8000 285.3101 24 751 162.9500 270.2700
6.6372041438e-001 -9.2757501292e-001 2.9141807426e+000
55 134 202
5 21 443 77.3600 -394.8800 24 229 -39.0600 -429.1200 20 456 140.2500 -438.4600 23 510 -25.4100 -451.8500 25 259 -0.8900 -430.3600
6.0133622216e-001 -5.0759233529e-001 2.7930388427e+000
140 162 52
3 21 363 33.9700 105.4299 24 88 -94.0300 84.7300 20 336 97.8300 65.9000
5.1592627146e-001 -2.8473360663e-001 2.7791414302e+000
158 172 195
3 21 499 -60.7700 376.3800 24 412 -174.4200 366.2400 23 598 -169.5100 319.9700
6.2897778437e-001 -5.8310728859e-001 2.8030345747e+000
23 61 36
4 21 1015 62.9300 16.2400 24 1163 -67.2500 -10.0200 20 998 128.5100 -23.6600 23 1031 -54.5800 -43.7100
6.1506956248e-001 -6.8072943848e-001 2.8397098492e+000
106 72 75
5 21 1022 39.7300 -102.5601 24 1302 -84.2900 -126.8700 20 874 104.1600 -144.3400 23 1050 -79.1700 -156.0601 25 1190 -39.6700 -120.9301
6.1054278910e-001 -9.0674190163e-001 2.9339766688e+000
185 135 112
4 21 907 12.7600 -370.1801 24 1058 -94.4200 -395.8101 20 1035 71.3500 -414.1400 23 933 -82.8900 -422.4800
4.8891614320e-001 -4.1127687079e-001 2.8481806046e+000
135 175 122
5 21 975 -104.7200 217.0601 24 1119 -201.9000 207.9399 20 968 -53.4700 178.5701 23 990 -199.4800 165.2700 25 1116 -147.4200 226.2300
5.3611229395e-001 -4.2133842695e-001 2.8170946020e+000
137 171 124
5 21 978 -44.4300 206.2100 24 1121 -155.1800 193.1500 20 971 11.9900 167.9299 23 997 -149.4400 151.7500 25 1122 -103.4600 209.6300
5.4183078401e-001 -5.5475760869e-001 2.8536982321e+000
23 63 37
5 21 1109 -47.0200 46.0700 24 1382 -154.6000 31.9000 20 1121 10.3200 5.7600 23 1253 -148.1800 -5.5600 25 1360 -104.1300 44.7100
6.3895696394e-001 -9.8159465974e-001 2.9486979703e+000
146 63 41
3 21 1163 41.6800 -457.4200 24 1400 -66.5900 -488.3500 23 1315 -54.2900 -509.8900
5.9362894602e-001 -6.9206659141e-001 2.8637548288e+000
162 163 168
5 21 1152 10.7500 -116.7700 24 1386 -106.5300 -138.3000 20 1188 69.4700 -158.6600 23 1258 -95.3500 -169.8300 25 1367 -62.9500 -130.6600
5.4861553608e-001 -7.5791949497e-001 2.9234712038e+000
101 142 186
4 21 394 -54.3000 -195.8700 24 136 -151.7800 -212.2700 20 383 -0.4300 -239.5800 23 132 -144.8100 -243.3800
6.4160387727e-001 -9.2067087293e-001 2.9236869038e+000
20 83 142
4 21 779 50.3400 -386.4200 24 887 -62.3500 -416.8199 20 766 111.4800 -430.7100 23 769 -49.9800 -440.1400
4.9933573902e-001 -6.4643907606e-001 2.9193616455e+000
169 37 48
4 21 1020 -108.8900 -65.0000 24 996 -196.9100 -74.7300 20 1009 -59.2600 -107.5100 23 1039 -193.6500 -111.2000
6.6524520801e-001 -8.9592162712e-001 2.9021669470e+000
127 183 235
5 21 430 81.9000 -357.5900 24 194 -36.5900 -391.3700 20 444 145.4000 -400.6801 23 472 -22.5800 -414.9100 25 236 2.1400 -392.1400
6.5189691518e-001 -5.8942416741e-001 2.7946170957e+000
79 100 95
4 21 539 90.5400 8.3800 24 780 -42.2300 -18.8700 20 543 158.2900 -31.4900 23 656 -29.2400 -51.6300
5.1592627146e-001 -2.8473360663e-001 2.7791414302e+000
158 172 195
3 21 498 -60.7700 376.3800 24 413 -174.4200 366.2400 23 599 -169.5100 319.9700
5.4105551716e-001 -7.6139185284e-001 2.9269601928e+000
23 80 140
4 21 751 -63.6600 -200.3700 24 1020 -159.8600 -214.4700 20 878 -10.0700 -244.7800 23 910 -153.4600 -246.7300
6.5480033101e-001 -8.9367850945e-001 2.9067035397e+000
16 82 152
5 21 909 68.7700 -355.1300 24 1200 -47.4900 -387.4100 20 897 132.0400 -398.2500 23 1071 -34.3900 -411.2300 25 1207 -8.1900 -387.7400
6.4045521581e-001 -5.7633118177e-001 2.7942144040e+000
137 153 157
3 21 871 77.6100 23.3000 24 1164 -54.6500 -2.9200 20 999 144.8600 -14.7800
5.4197937181e-001 -5.2079909565e-001 2.8441373449e+000
28 60 31
5 21 1006 -44.2300 87.1599 24 1287 -152.5000 72.4399 20 996 12.1500 47.3900 23 1147 -146.2100 34.2800 25 1157 -102.7300 85.8900
6.1552386596e-001 -7.7984889778e-001 2.8839825758e+000
33 82 138
5 21 1116 29.4700 -220.3500 24 1308 -85.9500 -246.2900 20 1132 91.6600 -263.5000 23 1175 -74.2500 -274.6400 25 1304 -44.0300 -242.2400
6.1552386596e-001 -7.7984889778e-001 2.8839825758e+000
33 82 138
5 21 1117 29.4700 -220.3500 24 1309 -85.9500 -246.2900 20 1133 91.6600 -263.5000 23 1176 -74.2500 -274.6400 25 1305 -44.0300 -242.2400
6.6693957034e-001 -9.0784037905e-001 2.9055798650e+000
124 183 239
5 21 165 82.9800 -371.8000 24 198 -35.2500 -406.0000 20 446 146.3000 -414.5699 23 187 -20.6500 -428.7100 25 239 3.1500 -407.2000
6.5173435378e-001 -9.1986506056e-001 2.9184037216e+000
36 82 127
4 21 197 63.4600 -386.3300 24 225 -51.3200 -418.7800 20 174 124.6400 -430.3101 25 256 -12.4200 -419.1200
6.5212380666e-001 -9.2060391770e-001 2.9186464925e+000
36 82 127
2 21 198 63.4600 -386.3300 24 226 -51.3200 -418.7800
5.6437285456e-001 -7.5954995084e-001 2.9142056435e+000
23 82 142
4 21 583 -34.6000 -197.2500 24 520 -136.1200 -215.5500 20 581 21.2000 -241.0000 23 413 -128.1100 -246.9600
6.5332393314e-001 -7.4425342655e-001 2.8525568579e+000
166 161 170
5 21 747 79.2300 -178.1600 24 807 -45.7100 -209.3600 20 876 144.8300 -218.5200 23 1059 -30.4300 -234.0900 25 1199 -2.9600 -204.6200
6.0118770452e-001 -7.7403090717e-001 2.8906088554e+000
111 158 205
3 21 1029 11.9000 -214.0200 24 1191 -101.1200 -237.1801 23 1064 -89.4100 -266.8199
6.0118770452e-001 -7.7403090717e-001 2.8906088554e+000
111 158 205
3 21 1028 11.9000 -214.0200 24 1190 -101.1200 -237.1801 23 1063 -89.4100 -266.8199
6.2368855825e-001 -8.7765050112e-001 2.9221745633e+000
121 22 27
4 21 1159 30.5300 -336.5699 24 1442 -79.2200 -362.6300 20 1195 90.5500 -381.5601 23 1312 -67.2300 -387.3500
6.4301725943e-001 -9.0559497082e-001 2.9127237880e+000
34 80 128
3 21 429 54.2600 -370.3800 24 193 -61.2700 -401.0200 25 235 -21.8900 -400.5300
6.5462939792e-001 -9.1064882309e-001 2.9093421692e+000
32 85 128
3 21 164 67.8600 -374.5800 24 196 -49.5900 -406.7800 20 171 131.6000 -418.1600
4.9911835625e-001 -4.2386335430e-001 2.8402904339e+000
29 61 40
5 21 977 -91.8300 202.4000 24 1251 -193.1300 192.3700 20 970 -38.3300 164.3000 23 1128 -189.7200 150.1000 25 1254 -140.0500 209.9700
6.3417283186e-001 -9.1508869044e-001 2.9239623126e+000
27 82 144
4 21 428 41.7500 -380.0200 24 192 -70.5200 -408.4100 20 450 102.7800 -424.4000 23 186 -57.8300 -433.5400
5.6437285456e-001 -7.5954995084e-001 2.9142056435e+000
23 82 142
4 21 584 -34.6000 -197.2500 24 521 -136.1200 -215.5500 20 580 21.2000 -241.0000 23 412 -128.1100 -246.9600
6.8818931958e-001 -1.0585783030e+000 2.9532331423e+000
129 71 33
5 21 921 95.6700 -548.7300 24 1209 -16.2300 -588.6300 20 910 157.5700 -592.6100 23 1082 -1.8600 -606.6300 25 1215 19.6700 -593.3101
4.8449538315e-001 -4.6908736489e-001 2.8727283253e+000
165 166 163
5 21 994 -115.5500 147.6300 24 1131 -207.0500 138.3201 20 980 -65.5200 107.6500 23 1009 -205.2900 97.5400 25 1141 -153.0900 155.5601
4.8449538315e-001 -4.6908736489e-001 2.8727283253e+000
165 166 163
5 21 993 -115.5500 147.6300 24 1130 -207.0500 138.3201 20 981 -65.5200 107.6500 23 1008 -205.2900 97.5400 25 1140 -153.0900 155.5601
5.8206869722e-001 -5.2795326510e-001 2.8131915292e+000
158 163 156
5 21 1008 8.0400 78.6200 24 1154 -113.4500 62.1000 20 1111 69.2600 38.6000 23 1155 -103.6700 24.4700 25 1158 -66.3700 74.1599
5.1606528487e-001 -4.7386753968e-001 2.8487664849e+000
162 165 163
5 21 1148 -74.3600 142.5500 24 1363 -176.7400 131.0100 20 1176 -20.7700 103.2300 23 1242 -172.2600 90.5300 25 1346 -124.5700 146.6200
7.3371742369e-001 -8.3622889026e-001 2.8825631925e+000
138 34 30
4 21 602 165.0600 -287.1000 24 853 46.4900 -329.3900 20 612 229.1900 -326.2400 23 738 58.1700 -349.3700
6.8172040750e-001 -8.4851937082e-001 2.8830417780e+000
150 51 46
5 21 138 105.2900 -300.9301 24 170 -16.2100 -336.8900 20 137 169.6000 -343.5100 23 165 -2.1500 -359.6300 25 194 23.1400 -338.3500
6.8853088789e-001 -8.5014210238e-001 2.8809580768e+000
225 108 95
5 21 139 113.5700 -302.8300 24 171 -8.9700 -339.8500 20 139 178.1000 -344.3700 23 459 4.9400 -362.5400 25 195 30.8900 -341.7100
6.6196142207e-001 -7.5108411561e-001 2.8513138124e+000
174 48 50
4 21 578 90.1700 -186.0100 24 808 -35.4900 -217.8000 23 698 -21.4700 -244.9399 25 804 5.2300 -215.2800
7.0889461571e-001 -1.0781648808e+000 2.9564452483e+000
149 70 43
4 21 656 118.3300 -570.7400 24 1084 6.1400 -613.3300 20 775 181.0600 -613.1801 23 965 19.8000 -628.7700
7.1276189815e-001 -1.1635615990e+000 2.9827124306e+000
180 138 110
3 21 923 117.2000 -669.4200 24 1216 6.5500 -714.6300 23 1087 21.5600 -729.3300
6.7766757697e-001 -9.0820867806e-001 2.9037912670e+000
18 79 142
5 21 910 95.4900 -371.6700 24 1202 -23.0500 -408.4600 20 898 159.1400 -413.6100 23 1076 -8.8300 -429.6600 25 1209 15.6200 -410.8000
6.7394141666e-001 -9.3146404827e-001 2.9103123076e+000
19 87 142
5 21 1036 89.7100 -398.9200 24 1316 -28.4600 -435.6000 20 1038 153.2800 -442.0000 23 1186 -14.0800 -456.8800 25 1313 9.3400 -437.9399
5.3023518117e-001 -5.0718584852e-001 2.8501946016e+000
135 172 120
5 21 1001 -58.6000 102.9500 24 1147 -163.2000 89.6699 20 994 -4.0000 63.0100 23 1022 -158.1600 50.8300 25 1149 -112.5800 104.2500
6.3284466706e-001 -7.2742516097e-001 2.8493418555e+000
158 25 30
4 21 1155 57.0500 -157.1200 24 1435 -68.6000 -184.7700 20 1190 121.6900 -199.0900 23 1310 -54.5300 -213.8500
5.2453752642e-001 -3.5484785576e-001 2.8007804844e+000
156 38 44
3 21 27 -55.5700 288.5701 24 31 -166.6300 278.1300 23 27 -160.5100 233.6200
7.4413950638e-001 -6.3714385924e-001 2.8257330525e+000
159 21 26
4 21 877 190.4800 -52.1600 24 1173 70.1200 -86.4800 20 862 255.5400 -88.8400 23 1043 78.2800 -114.7000
7.6884600784e-001 -7.1754022757e-001 2.8646012872e+000
167 112 89
5 21 741 210.8600 -147.8300 24 1016 96.7200 -189.8101 20 746 272.8500 -184.0601 23 905 105.0800 -211.3600 25 1200 143.9000 -193.0601
7.6845022443e-001 -7.1740260011e-001 2.8622755397e+000
167 112 89
4 21 742 210.8600 -147.8300 24 1017 96.7200 -189.8101 20 747 272.8500 -184.0601 23 906 105.0800 -211.3600
6.6821570886e-001 -8.4027395206e-001 2.8824264282e+000
195 75 74
5 21 136 90.1500 -291.2100 24 168 -31.6000 -325.3400 20 420 154.0200 -333.8199 23 153 -17.5700 -349.5100 25 552 8.6400 -325.5100
5.1564422679e-001 -3.6264362319e-001 2.8062936156e+000
175 38 44
3 21 349 -66.8400 278.8700 24 436 -175.7400 268.7100 23 336 -171.8100 224.5801
7.5695290578e-001 -6.4014931305e-001 2.8279533673e+000
213 134 88
4 21 879 204.9000 -55.5300 24 1174 85.0800 -93.2300 20 864 269.2500 -91.3700 23 1044 93.9200 -118.8800
6.6121842248e-001 -9.0256211180e-001 2.9056606732e+000
18 83 141
5 21 634 75.9300 -365.1899 24 583 -41.2200 -399.0601 20 445 140.3000 -409.0000 23 492 -27.4800 -422.0300 25 573 -2.5000 -399.5699
5.9609851915e-001 -9.0181263743e-001 2.9436319599e+000
176 137 119
2 21 633 -5.5000 -363.9399 24 580 -108.2200 -387.6400
6.6890396291e-001 -1.0445760729e+000 2.9565243857e+000
146 104 59
4 21 471 72.7800 -530.3199 24 660 -37.3000 -567.2400 20 476 134.4200 -575.2900 23 557 -22.7000 -587.4399
5.4489646545e-001 -7.0627095143e-001 2.9102560930e+000
189 140 132
5 21 569 -55.3900 -134.7300 24 795 -154.1800 -150.7100 20 565 -1.4100 -178.4100 23 684 -147.6200 -183.6899 25 792 -107.0800 -140.5699
7.4596433586e-001 -8.7837138458e-001 2.8970273350e+000
193 126 92
5 21 905 175.1700 -336.1899 24 1196 59.3100 -381.9800 20 896 238.9800 -374.6899 23 1072 71.3300 -399.2700 25 1312 100.1300 -388.4200
7.8001596168e-001 -3.2209049336e-001 2.7605958562e+000
165 32 30
3 21 330 253.3200 323.5100 24 740 136.5500 300.1300 23 319 137.7800 261.7400
5.6843590354e-001 -4.8073899665e-001 2.8101210403e+000
29 64 34
5 21 858 -6.8300 136.9399 24 772 -125.1600 118.7800 20 840 53.1400 97.8700 23 865 -116.7600 80.4500 25 765 -76.2500 131.3900
7.2399580015e-001 -1.1563039997e+000 2.9826523325e+000
72 25 19
3 21 1129 129.7900 -660.0699 24 1411 20.3200 -708.3199 23 1278 35.2600 -721.3600
5.5766031586e-001 -7.3912473995e-001 2.9148082488e+000
92 23 45
5 21 1025 -41.9000 -173.4900 24 1305 -141.9400 -191.6000 20 1021 12.4700 -216.7400 23 1172 -134.3800 -223.2300 25 1196 -95.9800 -182.9500
4.9722659580e-001 -4.8988892700e-001 2.8707709383e+000
28 63 40
4 21 1094 -100.6500 122.5901 24 1276 -194.6500 113.7800 20 1102 -49.3700 81.8900 25 1273 -142.0000 130.2300
7.5297219378e-001 -4.9177163575e-001 2.7903775101e+000
36 47 17
3 21 526 212.6000 119.8101 24 977 89.3200 90.2800 23 870 96.4000 58.6000
8.0011910166e-001 -5.0030653023e-001 2.8120157903e+000
38 49 6
4 21 529 258.8600 107.4399 24 981 150.9800 75.1400 20 339 319.1400 74.7300 23 873 152.8700 45.9800
7.8204913847e-001 -6.2075444092e-001 2.8461584633e+000
155 24 21
5 21 731 230.4300 -34.8000 24 1176 119.5500 -73.1600 20 737 292.4000 -69.0601 23 894 124.7600 -98.2200 25 1185 170.0200 -74.1000
5.5237386573e-001 -7.0789478517e-001 2.9064174656e+000
142 27 30
5 21 383 -45.8300 -137.1600 24 120 -146.4100 -152.3199 20 566 8.5900 -181.4200 23 110 -139.4200 -185.7900 25 170 -100.1300 -143.1200
6.6569778865e-001 -1.0579823691e+000 2.9617906542e+000
161 102 58
4 21 477 68.0300 -546.9600 24 665 -41.4500 -581.5200 20 643 129.7300 -591.8800 23 558 -27.0700 -601.6801
7.8019900311e-001 -4.5545410561e-001 2.8035420560e+000
32 52 23
3 21 849 241.1100 160.8301 24 1272 129.0400 130.7800 23 1015 132.3600 99.0200
7.7556073345e-001 -4.9153632753e-001 2.8005483235e+000
30 54 27
3 21 1003 236.0900 119.6200 24 1381 118.5100 86.5100 23 1252 124.3100 56.7600
5.1387527931e-001 -4.8662728931e-001 2.8542010755e+000
166 172 61
3 21 712 -79.1700 126.4800 24 770 -179.2700 115.2500 23 638 -175.0900 75.9600
6.9496919509e-001 -9.2539888639e-001 2.9083478106e+000
176 143 108
4 21 914 113.8500 -391.3300 24 1203 -4.6900 -429.8900 20 901 178.1700 -433.7800 23 1187 10.9000 -451.8900
7.5041466467e-001 -3.8080178855e-001 2.7517030046e+000
32 54 16
3 21 966 220.2800 257.0701 24 1346 91.3500 230.3301 23 1117 97.7600 193.5000
7.5390348635e-001 -4.4278218883e-001 2.7734415237e+000
29 54 25
3 21 987 218.2400 180.6200 24 1368 92.6000 150.9800 23 1234 99.6300 117.6899
7.4082550988e-001 -7.8057579226e-001 2.8651309716e+000
189 125 89
4 21 1031 177.2200 -221.5100 24 1313 57.2700 -263.7200 20 1030 241.9000 -258.6899 23 1178 69.0500 -284.4200
7.4627657563e-001 -8.5882571635e-001 2.8915634149e+000
189 123 88
5 21 1034 177.0600 -313.3800 24 1315 60.4000 -357.9399 20 1032 240.9000 -351.9700 23 1183 72.5200 -376.7000 25 1311 102.0500 -363.9600
6.3133271875e-001 -9.0957188868e-001 2.9246953957e+000
51 122 191
4 21 908 38.1900 -373.1300 24 1059 -73.3300 -402.0000 20 900 99.0500 -417.8199 23 934 -60.0800 -426.9000
6.0218597972e-001 -8.0981203890e-001 2.9057543821e+000
193 134 105
5 21 897 9.9400 -256.3101 24 1034 -99.9100 -281.1500 20 886 69.0700 -299.5400 23 918 -88.9100 -309.1200 25 1011 -57.8100 -276.3300
5.4449765616e-001 -4.3497294490e-001 2.8095341555e+000
26 61 37
5 21 986 -33.7900 190.2400 24 1261 -148.6700 176.4399 20 974 25.0200 152.2400 23 1129 -141.6200 135.3800 25 1255 -98.0400 192.3600
7.1729532346e-001 -1.2107619725e+000 3.0010470027e+000
181 141 116
3 21 1169 118.0000 -724.2300 24 1449 10.0600 -769.5601 23 1280 26.1000 -784.5601
7.1604155929e-001 -1.0918307877e+000 2.9612867226e+000
42 13 18
5 21 1167 124.9700 -587.1600 24 1446 14.2600 -632.1300 20 1203 187.1000 -629.4700 23 1320 28.8100 -647.3600 25 1414 50.4000 -640.1700
6.0017997343e-001 -5.9945830032e-001 2.8222034267e+000
163 162 168
5 21 1219 26.4000 -6.9500 24 1482 -98.4800 -25.2200 20 1262 89.3600 -48.7500 23 1386 -85.9600 -61.0700 25 1453 -53.0300 -15.3300
7.1546079579e-001 -8.9686349023e-001 2.9019400192e+000
130 22 28
5 21 1224 139.3500 -358.5500 24 1507 22.0800 -398.9301 20 1272 203.0700 -399.1801 23 1390 34.9700 -417.9900 25 1474 62.3000 -405.4100
6.2597193441e-001 -9.3608655599e-001 2.9386035036e+000
71 13 20
4 21 1225 28.9700 -404.1600 24 1486 -78.8800 -432.6500 20 1275 88.7900 -449.8500 23 1363 -66.8600 -456.8101
6.8481452384e-001 -7.1372099366e-001 2.8464946861e+000
165 164 160
4 21 1249 117.9000 -140.6700 24 1532 -5.7700 -176.0300 20 1303 181.3800 -179.0100 23 1413 6.4000 -203.0900
7.3025522403e-001 -8.2415618053e-001 2.8771602818e+000
189 97 70
5 21 130 162.1600 -272.2700 24 545 42.3400 -313.8900 20 403 226.9400 -311.9000 23 156 54.6400 -334.2600 25 535 83.8600 -318.3500
7.2593974957e-001 -1.1418798898e+000 2.9770912133e+000
178 136 103
3 21 313 133.3700 -644.9100 24 374 22.6600 -690.6400 23 581 38.3700 -704.5100
7.7218288976e-001 -5.3411950717e-001 2.8201161774e+000
31 47 13
4 21 718 228.4800 66.3000 24 1158 111.9300 32.9500 23 876 117.5100 3.8900 25 1167 163.5900 35.9700
7.5526988102e-001 -6.3004351855e-001 2.8282531044e+000
148 24 27
4 21 553 203.0100 -43.5500 24 1001 84.5000 -80.4900 20 554 266.9600 -79.6801 23 669 92.4100 -106.9000
7.6105262112e-001 -4.5394280219e-001 2.7822547677e+000
136 139 31
3 21 701 224.2900 166.4900 24 1133 101.9200 135.9199 23 1011 107.8900 102.8900
4.9050887393e-001 -4.7844423273e-001 2.8703888769e+000
31 60 30
5 21 523 -107.9000 135.9000 24 469 -201.6000 127.1500 20 530 -57.6300 95.6400 23 360 -199.2600 86.4399 25 97 -148.3800 144.6100
7.9451942709e-001 -6.1481350412e-001 2.8535567830e+000
147 24 25
5 21 548 243.4300 -28.4100 24 1002 136.4900 -67.6200 20 548 304.0400 -62.1300 23 885 140.3300 -91.9500 25 974 188.1300 -69.0300
7.6944014218e-001 -8.2273646506e-001 2.8942474416e+000
187 124 85
5 21 765 203.6900 -271.7400 24 1044 92.5700 -317.1100 20 605 265.9200 -308.5300 23 923 101.2500 -335.7600 25 1037 136.6000 -323.9200
4.8978436492e-001 -3.2312451803e-001 2.8143068065e+000
171 35 40
2 21 683 -98.3100 325.9600 24 727 -199.6400 318.2000
7.8920651504e-001 -4.0626341852e-001 2.7844937052e+000
29 53 21
3 21 843 256.9800 221.1000 24 1264 142.4300 191.5400 23 1002 144.5200 158.4900
8.0080564226e-001 -4.5237976681e-001 2.8057811959e+000
32 53 10
3 21 850 264.4400 164.8500 24 1273 155.1800 131.1899 23 1134 156.6000 101.1799
7.6692439723e-001 -6.2725772304e-001 2.8351179874e+000
154 24 24
4 21 878 214.9600 -41.0500 24 1175 100.2800 -78.7400 20 863 278.1400 -76.2500 23 1045 106.7100 -104.3800
7.7793565856e-001 -6.3303862855e-001 2.8404929626e+000
175 97 66
4 21 880 226.3700 -48.5400 24 1177 113.3200 -87.6200 20 865 289.1300 -82.6899 23 1046 120.3800 -111.8000
5.3488494242e-001 -6.6381232280e-001 2.9006862516e+000
172 34 40
4 21 733 -64.9600 -84.3900 24 787 -163.1400 -98.6100 20 739 -10.7300 -127.3199 25 784 -115.3900 -87.0300
7.4725548401e-001 -9.0444332673e-001 2.9059561667e+000
197 123 87
5 21 778 174.6900 -367.3700 24 1060 59.7900 -412.7600 20 764 238.0000 -406.7600 23 936 71.9300 -430.1100 25 1062 100.2500 -419.6700
7.4347601039e-001 -8.3073838096e-001 2.8817447734e+000
192 124 87
5 21 901 176.0600 -279.6200 24 1195 58.3400 -323.6801 20 888 240.4600 -317.9800 23 1068 70.1200 -344.2500 25 1204 100.0700 -329.3400
7.9975531643e-001 -9.3261991781e-001 2.9431880888e+000
157 23 27
4 21 1037 225.6900 -399.4000 24 1322 125.4800 -451.7400 23 1189 133.9600 -464.6000 25 1315 170.1000 -463.0601
7.4288557310e-001 -3.1711068672e-001 2.7409549771e+000
137 143 123
3 21 1135 214.7300 334.7000 24 1425 87.2600 312.0400 23 1299 92.6800 271.1400
7.0763204107e-001 -8.2952719780e-001 2.8729971779e+000
188 94 74
5 21 1118 136.9000 -278.6200 24 1393 14.4600 -316.9800 20 1135 202.5700 -319.2200 23 1265 27.8700 -340.0900 25 1374 54.2000 -319.6801
4.9728799713e-001 -4.8948140338e-001 2.8706182927e+000
28 63 40
5 21 1093 -100.6500 122.5901 24 1275 -194.6500 113.7800 20 1103 -49.3700 81.8900 23 1240 -192.1400 73.4700 25 1272 -142.0000 130.2300
7.4074472193e-001 -6.5613536908e-001 2.8279380617e+000
103 28 41
3 21 1184 187.8100 -75.3101 24 1463 63.3200 -110.8800 23 1334 74.1400 -137.6500
7.1799638828e-001 -6.7995822436e-001 2.8294460746e+000
157 155 143
2 21 1153 160.8400 -101.3000 24 1464 33.7800 -139.6600
7.4101399648e-001 -6.9927376342e-001 2.8331159413e+000
14 79 117
4 21 1185 185.1100 -124.6000 24 1466 60.6100 -164.2900 20 1189 250.7600 -161.0800 23 1308 71.0600 -188.6100
6.3895696394e-001 -9.8159465974e-001 2.9486979703e+000
146 63 41
3 21 1162 41.6800 -457.4200 24 1399 -66.5900 -488.3500 23 1314 -54.2900 -509.8900
5.8958502841e-001 -3.0008325370e-001 2.7359940928e+000
135 150 173
3 21 1198 35.0700 360.0000 24 1476 -98.9800 349.3500 23 1349 -89.2300 301.3101
6.0755150780e-001 -7.3721363275e-001 2.8631694321e+000
158 22 32
5 21 1240 24.7200 -170.0200 24 1516 -94.9100 -193.8199 20 1291 88.6100 -211.9000 23 1397 -83.3700 -224.0601 25 1484 -53.3300 -188.3400
8.3415891251e-001 -3.0339748137e-001 2.7950290115e+000
174 43 41
3 21 335 307.5300 338.0100 24 744 212.1000 314.2200 23 326 205.2200 277.8201
7.9794614745e-001 -3.3752906784e-001 2.7760093286e+000
141 46 27
2 21 36 269.8900 302.1400 24 35 159.2200 277.9800
7.6629890610e-001 -3.6430597776e-001 2.7580040489e+000
70 100 105
3 21 45 237.6400 274.2800 24 51 114.4600 249.4099 23 43 117.8200 211.9399
8.1195087669e-001 -4.5403549557e-001 2.8151513865e+000
144 153 40
2 21 72 274.7600 160.8201 24 465 169.8800 128.4500
8.1195087669e-001 -4.5403549557e-001 2.8151513865e+000
144 153 40
2 21 71 274.7600 160.8201 24 464 169.8800 128.4500
8.0545312679e-001 -7.6450362624e-001 2.9032808336e+000
125 78 51
5 21 400 243.8600 -204.9700 24 824 143.1800 -251.2700 20 121 303.4500 -238.8900 23 712 147.1600 -269.4399 25 825 191.9400 -258.4900
8.0572558347e-001 -7.6450145338e-001 2.9036095988e+000
125 78 51
4 21 401 243.8600 -204.9700 24 823 143.1800 -251.2700 20 122 303.4500 -238.8900 25 824 191.9400 -258.4900
6.8172040750e-001 -8.4851937082e-001 2.8830417780e+000
150 51 46
5 21 137 105.2900 -300.9301 24 169 -16.2100 -336.8900 20 138 169.6000 -343.5100 23 166 -2.1500 -359.6300 25 193 23.1400 -338.3500
7.5903149757e-001 -9.0275644978e-001 2.9094849448e+000
192 120 91
5 21 169 187.3200 -365.5300 24 587 74.7600 -412.2600 20 155 249.7600 -403.9800 23 496 87.0900 -428.7100 25 593 115.0100 -420.3800
7.8968670051e-001 -8.8835036065e-001 2.9227437994e+000
198 115 76
5 21 152 219.6100 -349.1801 24 588 114.9500 -399.1100 20 157 280.3700 -384.9500 23 479 122.9200 -414.3900 25 577 159.8200 -408.8600
7.8671427295e-001 -9.0214611936e-001 2.9233905205e+000
223 85 76
3 21 172 216.2300 -366.6700 24 612 111.1100 -416.7800 20 160 276.5500 -402.8400
8.1144687593e-001 -8.9305394907e-001 2.9404526456e+000
204 68 54
3 21 186 239.8200 -353.2300 24 589 142.5500 -405.5800 25 598 189.8900 -416.2400
7.5921569967e-001 -9.2180452286e-001 2.9159674994e+000
131 29 31
5 21 199 185.6200 -387.9100 24 233 74.2000 -435.1899 20 181 248.3900 -426.4100 23 201 86.1900 -451.4900 25 263 114.7000 -443.4700
7.9449868474e-001 -9.2198352932e-001 2.9402433320e+000
208 57 59
3 21 213 220.2800 -387.6400 24 615 119.9500 -438.6300 23 515 128.7100 -452.0400
8.2229643786e-001 -9.3182119589e-001 2.9559918187e+000
196 65 51
3 21 221 247.9100 -398.0200 24 634 154.8400 -452.8500 25 624 200.9100 -465.8800
8.1538688575e-001 -9.4605517441e-001 2.9562804101e+000
202 66 51
2 21 227 239.9200 -415.1100 24 637 145.3600 -469.5200
8.1538688575e-001 -9.4605517441e-001 2.9562804101e+000
202 66 51
2 21 226 239.9200 -415.1100 24 636 145.3600 -469.5200
8.1206666169e-001 -1.0661006051e+000 2.9914424556e+000
172 130 72
2 21 296 227.2800 -553.5500 24 680 135.2200 -610.9200
7.7118928605e-001 -3.2480066088e-001 2.7556861885e+000
175 33 32
3 21 329 244.3500 321.6300 24 736 124.7400 298.1000 23 318 126.2400 259.2800
7.9028889668e-001 -3.1811910219e-001 2.7681155219e+000
180 38 26
3 21 331 263.5800 326.6300 24 426 151.5900 303.5000 23 320 150.1800 264.9000
8.2552078471e-001 -3.0770027782e-001 2.7886696924e+000
164 37 32
2 21 336 298.8200 334.5801 24 745 198.9000 311.1400
5.4091384138e-001 -7.1255653294e-001 2.9110267336e+000
121 26 31
3 21 380 -60.1800 -142.0400 24 119 -158.5000 -156.5699 20 374 -6.2300 -185.5601
7.8061409452e-001 -7.5890401876e-001 2.8809342041e+000
108 65 42
3 21 398 220.1300 -197.6500 24 822 110.2400 -242.1700 20 387 281.8100 -233.0699
7.8754253777e-001 -7.8979612951e-001 2.8962806668e+000
101 63 37
4 21 402 224.6800 -233.5200 24 834 117.3400 -279.7700 20 395 285.0500 -269.2800 25 826 164.0400 -286.5800
7.6960208154e-001 -8.1361789829e-001 2.8907458309e+000
95 50 24
4 21 604 204.4700 -261.5601 24 843 93.5900 -306.8199 20 405 267.2900 -298.3199 23 741 102.0700 -325.5300
7.9212041098e-001 -8.3743354257e-001 2.9123551140e+000
120 68 41
4 21 615 225.3500 -289.8800 24 860 121.2200 -338.1100 20 425 285.8900 -324.9600 25 847 166.8700 -346.9301
7.9212041098e-001 -8.3743354257e-001 2.9123551140e+000
120 68 41
4 21 616 225.3500 -289.8800 24 861 121.2200 -338.1100 20 426 285.8900 -324.9600 25 848 166.8700 -346.9301
7.8900413190e-001 -8.4541891726e-001 2.9108491810e+000
193 124 83
5 21 617 222.0300 -299.0400 24 858 116.0400 -347.2800 20 427 282.9100 -334.5699 23 749 124.8600 -363.3800 25 855 161.5500 -355.8300
7.9525207458e-001 -8.4892442821e-001 2.9147394946e+000
128 87 59
3 21 620 228.4300 -304.6899 24 868 125.1100 -354.0400 20 431 288.6300 -339.2200
7.9569996820e-001 -8.5011991423e-001 2.9162700189e+000
128 87 59
5 21 619 228.4300 -304.6899 24 867 125.1100 -354.0400 20 432 288.6300 -339.2200 23 752 132.4200 -369.3900 25 857 170.3700 -363.4000
8.3854924335e-001 -8.5204497748e-001 2.9465754997e+000
191 121 81
4 21 623 269.4600 -306.1801 24 871 180.3000 -359.5400 23 753 183.0900 -371.9399 25 861 230.9100 -371.4500
6.7303738847e-001 -9.1835485819e-001 2.9067318938e+000
69 137 207
4 21 432 88.9600 -384.0800 24 604 -28.9100 -419.8400 20 454 154.1000 -427.1300 25 590 9.6600 -421.6100
6.7303738847e-001 -9.1835485819e-001 2.9067318938e+000
69 137 207
4 21 431 88.9600 -384.0800 24 605 -28.9100 -419.8400 20 455 154.1000 -427.1300 25 591 9.6600 -421.6100
8.3700575267e-001 -9.6735844110e-001 2.9820589628e+000
191 119 86
2 21 457 257.8000 -439.6600 24 907 173.2900 -495.8800
7.8912138037e-001 -9.9478488917e-001 2.9526732379e+000
192 126 91
4 21 464 210.9200 -471.2300 24 912 109.0600 -524.7100 23 797 118.3300 -537.3199 25 1070 149.8100 -537.5500
8.7352094632e-001 -1.0579321316e+000 3.0372515366e+000
151 118 72
3 21 655 284.6200 -541.9700 24 1212 216.9100 -606.6801 23 968 216.5000 -610.3101
7.5297219378e-001 -4.9177163575e-001 2.7903775101e+000
36 47 17
3 21 527 212.6000 119.8101 24 978 89.3200 90.2800 23 871 96.4000 58.6000
5.5978947210e-001 -5.5093242705e-001 2.8418185739e+000
30 60 31
5 21 365 -23.7000 51.4700 24 90 -135.5800 35.6500 20 537 34.4800 9.1500 23 375 -127.2500 -2.3600 25 124 -87.2900 48.2300
4.8101316204e-001 -5.9345668765e-001 2.9161896430e+000
158 158 162
4 21 545 -128.9000 -2.8300 24 491 -212.4600 -10.2700 20 545 -80.7500 -45.1500 23 651 -211.5400 -48.0200
7.4280833310e-001 -6.6973286549e-001 2.8318454217e+000
11 52 77
4 21 564 187.5100 -90.1400 24 1010 64.7200 -127.9000 20 558 252.4100 -127.3400 23 899 76.6400 -152.6300
7.8296171789e-001 -7.8319355444e-001 2.8934094076e+000
191 122 85
5 21 595 220.1000 -225.8101 24 1038 112.3900 -271.0300 20 593 280.8000 -261.7800 23 721 119.9100 -289.7000 25 1020 158.6800 -277.5200
7.4124023278e-001 -8.1803684921e-001 2.8798072650e+000
189 124 94
3 21 601 174.4500 -266.4000 24 1042 56.5500 -308.0300 20 600 238.4400 -304.7700
7.6944014218e-001 -8.2273646506e-001 2.8942474416e+000
187 124 85
5 21 766 203.6900 -271.7400 24 1045 92.5700 -317.1100 20 606 265.9200 -308.5300 23 924 101.2500 -335.7600 25 1038 136.6000 -323.9200
8.2713253455e-001 -8.6821684224e-001 2.9399721044e+000
191 122 76
3 21 631 257.4800 -325.2500 24 873 164.6300 -378.9000 23 764 169.4400 -390.9399
8.0056555535e-001 -9.8687135713e-001 2.9570844947e+000
198 122 85
4 21 650 222.7000 -462.9600 24 1077 124.1200 -516.6100 23 951 132.7000 -527.9500 25 1075 166.1300 -529.0800
6.4215556577e-001 -1.0094412559e+000 2.9553548990e+000
179 136 111
2 21 652 43.7700 -490.0601 24 656 -64.4900 -521.3000
8.4784399119e-001 -1.0499844288e+000 3.0099739846e+000
147 84 38
3 21 653 262.9700 -534.2900 24 1081 182.9000 -595.5400 23 959 185.9000 -601.4200
7.0982025806e-001 -1.1464944925e+000 2.9771631169e+000
179 138 108
3 21 659 114.9300 -649.5000 24 1089 3.2900 -694.6100 23 830 19.4900 -708.9000
8.0614889456e-001 -1.1537839099e+000 3.0224142028e+000
158 122 87
3 21 661 213.3500 -654.2900 24 929 125.5700 -712.6899 23 975 132.3300 -720.1600
7.5906165040e-001 -3.9115065729e-001 2.7645399678e+000
113 134 68
3 21 840 227.0400 243.0100 24 1255 103.3300 214.7500 23 991 108.4000 179.8301
7.5906165040e-001 -3.9115065729e-001 2.7645399678e+000
113 134 68
3 21 839 227.0400 243.0100 24 1256 103.3300 214.7500 23 992 108.4000 179.8301
7.9909748472e-001 -3.7843546624e-001 2.7824418315e+000
29 56 12
2 21 841 269.1400 253.1400 24 1115 156.9800 226.3000
8.0086625065e-001 -4.3914258152e-001 2.8051448896e+000
123 121 20
3 21 702 264.8900 179.1100 24 973 156.7200 149.0000 23 858 157.5000 116.6599
8.2992188235e-001 -4.7572374198e-001 2.8248238059e+000
158 161 73
4 21 708 290.6000 134.9299 24 1143 192.6700 100.8600 20 719 347.9600 104.3101 23 1019 190.4200 72.6400
8.4521781512e-001 -4.6248533472e-001 2.8380367996e+000
131 139 59
4 21 862 305.3700 148.7300 24 1281 215.1000 115.4399 20 720 360.0900 118.5400 23 1143 210.9800 87.4500
8.3538780381e-001 -5.9863532204e-001 2.8813062244e+000
155 25 31
5 21 726 285.5800 -12.0300 24 1167 191.7200 -53.4900 20 734 341.3800 -43.3500 23 886 190.0900 -75.9700 25 1178 248.9000 -55.7700
8.3330767407e-001 -6.0969000017e-001 2.8784803830e+000
226 127 85
5 21 727 283.4500 -24.1400 24 1179 187.4500 -67.0699 20 736 340.0800 -55.6400 23 1036 187.3200 -88.6899 25 1187 243.4500 -69.8900
8.2457075686e-001 -6.5233122057e-001 2.8836367112e+000
12 50 69
5 21 735 271.6000 -74.2500 24 1013 173.2500 -117.6000 20 740 329.4200 -106.0400 23 900 175.6400 -138.0699 25 986 227.1800 -121.9399
7.5471712480e-001 -8.6808654355e-001 2.8946928220e+000
89 57 42
4 21 774 185.5800 -324.7000 24 1052 69.6400 -370.3800 20 762 250.0200 -362.2900 25 1046 112.0600 -377.3199
7.7798808027e-001 -1.0872814701e+000 2.9718432908e+000
179 137 89
5 21 795 192.3800 -581.5500 24 1214 90.4300 -635.4200 20 776 252.5700 -620.1700 23 970 101.6700 -646.2000 25 1223 129.0700 -647.9900
7.5142812667e-001 -1.1923193283e+000 2.9975255605e+000
192 158 129
3 21 797 157.4600 -702.5601 24 1217 51.5900 -753.8700 23 1088 65.9200 -764.4100
7.6396570659e-001 -3.4022478132e-001 2.7524384107e+000
213 132 84
3 21 828 236.1500 303.6599 24 1247 112.2000 280.3401 23 1113 117.9000 241.5000
8.3290026362e-001 -3.4633549890e-001 2.8121407743e+000
25 81 105
3 21 834 300.8800 285.0601 24 1249 207.8700 259.5200 23 989 202.4500 224.9199
5.9876410154e-001 -5.7675023726e-001 2.8207441588e+000
27 63 37
4 21 870 24.8900 22.5900 24 988 -98.2300 0.4200 20 856 87.4600 -17.8000 23 883 -87.3000 -34.4100
7.9462569123e-001 -6.2580163996e-001 2.8526611446e+000
232 124 86
5 21 881 243.8000 -41.2100 24 1178 135.2100 -81.1500 20 866 304.5000 -74.7200 23 1047 139.8700 -104.8900 25 1186 186.0500 -82.7800
8.1887699283e-001 -7.6240276553e-001 2.9111152755e+000
190 121 80
5 21 896 258.1100 -202.0800 24 1310 160.2700 -251.2900 20 880 315.6100 -235.7100 23 1179 163.7000 -267.6200 25 1309 210.9800 -259.1500
7.8329836086e-001 -4.7272456789e-001 2.8027136403e+000
129 132 110
3 21 995 244.8200 140.9199 24 1377 130.8600 109.0701 23 1247 134.4300 78.3500
5.3023518117e-001 -5.0718584852e-001 2.8501946016e+000
135 172 120
5 21 1002 -58.6000 102.9500 24 1148 -163.2000 89.6699 20 995 -4.0000 63.0100 23 1023 -158.1600 50.8300 25 1150 -112.5800 104.2500
8.2339275270e-001 -9.9729939097e-001 2.9757830106e+000
188 128 80
4 21 1038 244.4800 -473.7000 24 1444 152.9000 -531.4800 23 1316 158.0400 -541.6300 25 1383 199.0100 -545.3400
7.8478836753e-001 -1.0513500373e+000 2.9669414962e+000
178 137 91
4 21 1126 202.0700 -538.4000 24 1405 100.7000 -591.2000 23 1275 111.2100 -603.7000 25 1411 140.2600 -604.5900
5.6782778837e-001 -5.0365357557e-001 2.8195398187e+000
27 60 41
4 21 1095 -9.4300 108.4800 24 1286 -127.0500 92.1400 20 1104 49.8900 68.8201 23 1149 -118.4500 53.7100
5.6738413030e-001 -5.0334543931e-001 2.8177825687e+000
27 60 41
5 21 1096 -9.4300 108.4800 24 1285 -127.0500 92.1400 20 1105 49.8900 68.8201 23 1148 -118.4500 53.7100 25 1287 -78.6200 105.6699
4.8102459234e-001 -5.3658104236e-001 2.9002718574e+000
168 162 166
5 21 1107 -125.4300 64.9800 24 1153 -211.9900 59.5600 20 1116 -76.9800 22.5900 23 1152 -210.2400 18.9600 25 1156 -158.0500 75.1899
7.4655593445e-001 -1.1843152890e+000 2.9932808336e+000
193 162 132
3 21 1168 152.9600 -693.4301 24 1448 45.8200 -743.3101 23 1321 60.5100 -755.5900
7.2822618263e-001 -8.5146721176e-001 2.8881140842e+000
168 32 33
5 21 1158 157.5100 -304.2000 24 1394 39.6100 -347.1899 20 1194 221.1600 -345.3600 23 1266 51.9800 -365.6500 25 1407 79.7600 -351.1000
4.6322408218e-001 2.9324567103e-001 3.8985758367e+000
210 176 115
2 21 1170 -277.3100 795.8900 24 1451 67.1700 813.8400
7.1681532222e-001 -9.3958359408e-001 2.9191111037e+000
176 143 108
4 21 1226 135.9000 -410.1000 24 1488 22.7200 -450.4700 20 1252 200.0200 -449.5900 23 1364 35.7900 -467.9700
7.0313877632e-001 -7.8312335878e-001 2.8613343239e+000
167 37 37
4 21 1221 135.3500 -222.2100 24 1518 11.1000 -261.3400 20 1270 199.4900 -263.5400 23 1388 24.5900 -286.0601
7.5813297687e-001 -3.3343799557e-001 2.7472810530e+000
229 147 105
3 21 29 230.9400 313.0901 24 422 105.4900 289.4099 23 30 110.0400 250.6799
7.5825753522e-001 -3.3333362899e-001 2.7475511730e+000
229 147 105
2 21 30 230.9400 313.0901 24 423 105.4900 289.4099
7.6776277084e-001 -3.3036891118e-001 2.7527532937e+000
233 149 105
3 21 31 240.8800 315.2700 24 424 118.8200 291.7000 23 31 122.1500 253.5500
7.6792773042e-001 -3.3041610659e-001 2.7530950814e+000
233 149 105
2 21 32 240.8800 315.2700 24 425 118.8200 291.7000
8.1311580671e-001 -3.3273631302e-001 2.7819403545e+000
151 43 41
2 21 34 285.9600 306.9800 24 38 179.4700 281.4199
8.3687348757e-001 -3.3120641980e-001 2.8056617790e+000
150 48 34
2 21 40 307.1600 304.0400 24 446 212.9900 279.1799
8.1474660745e-001 -4.4472403614e-001 2.8139942470e+000
147 159 40
3 21 73 278.5600 171.5000 24 463 174.6400 139.3900 23 357 174.0200 108.9199
8.0919379102e-001 -5.4264956446e-001 2.8472679857e+000
77 43 29
4 21 82 264.3400 53.7800 24 487 159.9600 17.2000 23 73 161.8600 -9.4000 25 473 215.5800 18.4200
8.4060697809e-001 -5.6156545584e-001 2.8632886977e+000
173 151 114
2 21 86 294.1400 31.2800 24 494 200.8100 -9.1000
7.5293148458e-001 -6.3529691681e-001 2.8306601619e+000
238 147 103
2 21 95 201.3400 -50.6700 24 107 80.9400 -88.1400
7.5291670082e-001 -6.3543572626e-001 2.8306183771e+000
238 147 103
3 21 96 201.3400 -50.6700 24 108 80.9400 -88.1400 23 96 89.9400 -113.7600
6.9414698980e-001 -8.2845793901e-001 2.8746053670e+000
190 89 73
3 21 129 121.7400 -277.8199 24 154 -0.3300 -315.1600 25 190 38.4600 -316.6000
8.3259983136e-001 -8.5576100000e-001 2.9460070697e+000
191 123 80
3 21 145 262.4300 -310.7100 24 574 172.8000 -362.6300 25 567 222.5800 -373.8900
8.3634289201e-001 -8.5918377345e-001 2.9428231642e+000
128 80 58
2 21 146 267.1700 -314.6500 24 576 177.0100 -368.5200
8.4456591892e-001 -8.7847244928e-001 2.9569594777e+000
152 39 32
2 21 156 272.7800 -336.9900 24 595 187.1900 -392.0800
8.3975277958e-001 -8.8226640337e-001 2.9538481949e+000
145 36 32
2 21 157 268.1500 -341.3900 24 207 180.5400 -396.1300
7.6826763515e-001 -9.1882481481e-001 2.9225615763e+000
145 25 32
3 21 171 194.8500 -383.9800 24 609 85.9100 -432.3101 23 498 97.0000 -447.3400
7.7043218296e-001 -9.1235977082e-001 2.9204862276e+000
216 94 73
3 21 176 198.0300 -376.3300 24 231 89.2700 -424.4301 23 189 99.0700 -440.6100
7.7058723946e-001 -9.1210802300e-001 2.9208458989e+000
216 94 73
2 21 177 198.0300 -376.3300 24 232 89.2700 -424.4301
7.6770888106e-001 -9.2461293473e-001 2.9210125704e+000
215 68 64
3 21 200 194.6400 -390.4100 24 235 84.5700 -438.9900 23 202 95.4800 -454.9200
7.6742908405e-001 -9.3555669251e-001 2.9272191253e+000
205 62 63
2 21 203 192.8100 -403.6000 24 263 84.2400 -452.0000
7.7994096693e-001 -9.2476172952e-001 2.9297902152e+000
143 33 36
4 21 209 206.7300 -390.2500 24 614 100.5400 -440.1400 23 208 109.9500 -454.6700 25 617 143.6800 -450.2700
8.0266036956e-001 -9.5367536659e-001 2.9505178703e+000
192 65 48
2 21 240 226.9700 -424.1300 24 631 128.4300 -477.3101
8.0271343404e-001 -9.5373107174e-001 2.9509100880e+000
192 65 48
3 21 241 226.9700 -424.1300 24 632 128.4300 -477.3101 25 641 172.6300 -488.7100
7.8918432726e-001 -9.5946830019e-001 2.9430978591e+000
192 60 53
2 21 242 213.5400 -431.1400 24 648 110.4600 -482.8900
8.3530080561e-001 -9.7460545526e-001 2.9794043685e+000
129 79 46
2 21 246 256.4800 -447.6899 24 654 170.0400 -504.9800
8.4273898191e-001 -9.6992654677e-001 2.9827324962e+000
107 55 26
2 21 251 264.0300 -442.5400 24 652 179.8900 -499.8101
7.7681097498e-001 -9.9113071954e-001 2.9461200588e+000
55 29 10
3 21 261 198.6100 -468.3900 24 299 93.3400 -519.2900 25 650 134.0500 -530.0500
8.5482318193e-001 -1.0552757131e+000 3.0212141569e+000
194 149 87
3 21 287 268.0600 -540.0200 24 672 192.7600 -601.3300 23 563 193.9500 -607.6600
7.8643234614e-001 -1.0805642168e+000 2.9764336863e+000
172 134 87
3 21 299 201.5800 -572.6600 24 365 101.3600 -627.1899 25 354 140.8600 -640.5000
8.2117194096e-001 -1.0598337034e+000 2.9895560523e+000
174 132 81
4 21 300 237.6400 -546.3900 24 670 147.0200 -605.7500 23 571 153.8500 -613.8800 25 680 189.5400 -621.7000
9.1835075756e-001 -1.0799703661e+000 3.1029517295e+000
183 104 56
2 21 302 317.2700 -565.0000 24 922 277.0200 -630.2400
7.5354779221e-001 -3.2991571589e-001 2.7432161037e+000
171 43 34
2 21 346 226.5600 317.8700 24 733 99.2300 294.6799
5.6005230624e-001 -3.7446388309e-001 2.7780700736e+000
25 52 28
2 21 353 -9.2000 266.7000 24 50 -131.7800 253.7400
5.6005230624e-001 -3.7446388309e-001 2.7780700736e+000
25 52 28
2 21 354 -9.2000 266.7000 24 49 -131.7800 253.7400
8.0856148084e-001 -4.4334137103e-001 2.8097133918e+000
34 50 15
3 21 359 272.4600 174.2200 24 768 166.3200 141.3201 23 355 166.7600 111.5601
8.4801991521e-001 -5.5603858827e-001 2.8693390813e+000
175 153 115
3 21 366 301.2300 36.1500 24 493 211.8000 -3.8500 23 380 209.1000 -26.8400
7.6161419261e-001 -7.2416001263e-001 2.8603596097e+000
189 116 89
3 21 385 203.3500 -155.5699 24 809 87.1700 -197.8500 23 403 96.9100 -219.2700
8.2853109826e-001 -7.1357107066e-001 2.9041485985e+000
189 118 81
4 21 386 269.8600 -146.1400 24 804 175.7300 -191.9700 23 407 176.8100 -210.7000 25 809 228.3600 -198.7900
8.2444849427e-001 -8.9000002696e-001 2.9456794950e+000
137 32 26
4 21 423 253.1800 -349.9399 24 592 160.0300 -403.4301 23 482 165.1300 -415.5900 25 871 206.8800 -415.5300
7.6252795317e-001 -9.1670622700e-001 2.9189574001e+000
216 96 79
4 21 436 189.5500 -381.1000 24 888 79.0200 -428.6200 23 772 89.2300 -444.8500 25 595 120.7500 -436.9000
6.4818443897e-001 -9.2444542849e-001 2.9212765962e+000
65 130 198
2 21 440 58.3500 -390.6400 24 223 -55.7400 -422.8800
7.6986839981e-001 -9.6474715342e-001 2.9332825512e+000
141 31 29
4 21 454 194.1100 -436.6100 24 646 85.5700 -487.2400 23 531 95.9500 -501.4301 25 635 126.0100 -497.3101
7.6589864555e-001 -9.7206942043e-001 2.9381782885e+000
209 68 60
4 21 455 188.5700 -446.1200 24 644 81.2400 -494.8700 23 532 90.8200 -509.7300 25 636 121.9200 -504.8199
7.7382938231e-001 -9.5775813388e-001 2.9387970839e+000
197 59 55
3 21 456 197.2600 -429.3400 24 630 91.4700 -478.8900 25 637 133.8900 -488.7700
8.7814813908e-001 -1.0379316323e+000 3.0379428248e+000
193 110 38
2 21 472 289.4500 -518.9900 24 919 223.9400 -581.7600
8.7579783794e-001 -1.1122240671e+000 3.0656066105e+000
141 75 20
3 21 484 279.9800 -603.4301 24 1087 218.5800 -668.9900 23 823 217.8400 -671.1300
1.0279242334e+000 -1.2282944873e+000 2.9788906105e+000
134 111 94
2 21 491 472.8300 -743.1899 24 700 375.9200 -849.3700
4.6185875430e-001 -3.4196171494e-001 2.8338365019e+000
168 43 50
2 21 510 -134.7700 302.3301 24 416 -229.1300 295.3900
5.0448311750e-001 -4.8159511611e-001 2.8565007542e+000
25 58 36
4 21 524 -90.6500 132.1100 24 470 -189.0500 123.0100 23 362 -185.3600 82.6100 25 98 -136.4900 140.0300
5.8028548959e-001 -5.1729593894e-001 2.8128844957e+000
29 58 30
4 21 533 5.8100 93.7300 24 89 -114.2300 73.5701 23 366 -105.1800 37.0700 25 119 -66.9600 85.6300
5.4855895209e-001 -5.4610241052e-001 2.8481255727e+000
25 54 34
4 21 534 -38.2400 55.8500 24 485 -146.7500 41.6500 23 371 -139.7100 3.8300 25 122 -97.5000 55.1600
5.4855895209e-001 -5.4610241052e-001 2.8481255727e+000
25 54 34
4 21 535 -38.2400 55.8500 24 486 -146.7500 41.6500 23 372 -139.7100 3.8300 25 121 -97.5000 55.1600
7.6595845067e-001 -6.4631284666e-001 2.8387459475e+000
150 20 20
2 21 554 214.2600 -63.9800 24 1011 96.9500 -103.4700
8.3361605534e-001 -6.3276366716e-001 2.8835538157e+000
12 52 67
4 21 558 281.8000 -52.1500 24 792 185.8000 -96.1100 23 671 186.6000 -116.2800 25 987 241.8100 -99.0200
7.1463061093e-001 -8.3406781997e-001 2.8769719533e+000
185 98 70
4 21 600 144.4400 -284.3900 24 852 22.1700 -323.2800 23 737 37.2700 -346.3199 25 842 63.1900 -326.8900
8.2035330208e-001 -8.8046788885e-001 2.9432854068e+000
143 23 27
3 21 632 249.2000 -339.6000 24 1063 156.4100 -391.7900 23 932 160.3300 -405.2600
8.2691281945e-001 -9.6481823710e-001 2.9700350618e+000
134 82 61
2 21 645 249.4400 -436.7200 24 903 159.4900 -492.6100
8.2724210322e-001 -9.7235077818e-001 2.9739871076e+000
188 123 86
3 21 646 249.0300 -445.5900 24 904 160.3500 -501.5900 23 790 164.5900 -511.8101
8.2375031461e-001 -1.0784803153e+000 3.0021256088e+000
182 149 99
4 21 657 237.1600 -568.8500 24 1085 150.6000 -627.2100 23 966 156.4500 -636.1000 25 1083 193.9800 -643.2100
7.5854455229e-001 -3.6487129875e-001 2.7606868108e+000
130 126 63
2 21 690 227.6500 273.3201 24 1114 104.7800 249.1000
7.5995811946e-001 -4.2903392568e-001 2.7773162412e+000
122 142 50
3 21 698 224.5800 194.5200 24 1125 102.4500 168.2500 23 1000 107.9900 133.8301
7.5995811946e-001 -4.2903392568e-001 2.7773162412e+000
122 142 50
3 21 699 224.5800 194.5200 24 1124 102.4500 168.2500 23 999 107.9900 133.8301
5.9584772957e-001 -6.7448558145e-001 2.8572356673e+000
165 160 163
2 21 734 13.5100 -94.8800 24 1007 -103.6900 -118.7800
7.5256589433e-001 -7.6120868345e-001 2.8645573214e+000
186 126 89
3 21 755 191.8900 -198.9200 24 1029 73.5400 -241.3900 23 914 83.5500 -262.5601
7.5256589433e-001 -7.6120868345e-001 2.8645573214e+000
186 126 89
3 21 756 191.8900 -198.9200 24 1030 73.5400 -241.3900 23 915 83.5500 -262.5601
7.6017626037e-001 -8.7566045493e-001 2.9054223897e+000
194 122 79
4 21 776 190.3600 -332.9600 24 1054 77.6600 -379.1801 23 929 88.0900 -396.7100 25 1056 120.4900 -386.4500
7.6034602530e-001 -8.7561061486e-001 2.9053803441e+000
194 122 79
3 21 777 190.3600 -332.9600 24 1055 77.6600 -379.1801 25 1055 120.4900 -386.4500
6.4949744008e-001 -1.0078606687e+000 2.9525350890e+000
121 68 48
3 21 786 52.6600 -487.7400 24 1074 -56.5100 -520.5000 23 946 -43.5000 -542.2400
7.7775683493e-001 -1.0698848711e+000 2.9678434124e+000
181 136 91
3 21 794 193.9100 -560.4399 24 1213 90.6100 -613.7900 25 1219 129.4600 -626.0400
1.0820211752e+000 -1.1825784215e+000 3.0159984155e+000
130 107 91
3 21 799 522.0601 -686.3700 24 1220 452.4300 -796.5500 23 1092 451.4500 -781.0200
1.0480882025e+000 -1.2139569438e+000 2.9925287662e+000
143 116 97
2 21 801 491.1100 -724.3700 24 1224 403.7900 -833.2800
8.2555393556e-001 -3.9320361978e-001 2.8045798292e+000
34 56 13
3 21 842 293.9200 232.4900 24 1258 192.0100 201.9099 23 995 189.9500 170.8101
8.1997353878e-001 -4.6631658337e-001 2.8201201306e+000
33 55 14
3 21 861 282.6900 146.0901 24 1280 179.4300 110.9800 23 1142 179.3100 83.0000
8.2081703338e-001 -6.0415032584e-001 2.8736798693e+000
150 28 24
4 21 873 270.1200 -18.7900 24 1166 172.3100 -59.1700 23 1035 172.5600 -82.3300 25 1177 227.9600 -61.2900
8.6968751946e-001 -6.5547555419e-001 2.9238746492e+000
189 120 81
3 21 888 310.7800 -81.2200 24 1387 236.0400 -129.3500 23 1170 230.5400 -145.2100
4.9550235380e-001 -7.2702604555e-001 2.9620502744e+000
101 139 199
3 21 892 -121.9500 -160.5699 24 796 -198.8200 -170.1000 23 902 -197.7900 -204.0100
7.3907811998e-001 -7.6418396534e-001 2.8612515970e+000
193 121 96
3 21 895 176.9900 -201.8500 24 1192 56.0400 -243.6500 23 1066 67.8700 -265.1700
7.4464288101e-001 -9.1633682193e-001 2.9136807175e+000
134 23 30
2 21 912 170.1400 -380.8600 24 1204 56.6900 -426.9100
7.5056706346e-001 -9.8068304279e-001 2.9303251918e+000
157 30 25
4 21 918 172.4200 -456.6000 24 1069 60.1200 -504.0601 23 1080 73.3700 -518.8300 25 1214 99.3300 -512.7600
7.9322938705e-001 -3.2832283785e-001 2.7678627058e+000
187 99 62
3 21 964 266.4600 314.4399 24 1343 152.5600 290.5000 23 1115 154.8300 252.7000
8.2224908798e-001 -4.2664696460e-001 2.8115808961e+000
79 106 96
3 21 981 288.0000 192.3301 24 1352 185.3900 160.6599 23 1225 184.0300 130.8201
6.0799653921e-001 -5.3046736339e-001 2.7962566702e+000
115 135 168
4 21 1010 42.1900 75.6599 24 1156 -87.3500 57.1500 23 1157 -75.0900 18.7300 25 1160 -41.6800 68.6300
7.8295624328e-001 -4.3947094047e-001 2.7893667789e+000
110 127 110
3 21 1079 248.0500 180.2200 24 1370 131.3200 152.1799 23 1235 135.8900 118.8800
7.5902944400e-001 -7.3493244276e-001 2.8623429778e+000
187 123 87
3 21 1115 199.9800 -168.3300 24 1390 83.6200 -210.1400 23 1261 92.8600 -232.1200
7.8918471521e-001 -1.0070190889e+000 2.9461975257e+000
188 124 86
4 21 1123 212.9900 -486.1400 24 1443 106.1700 -540.4700 23 1272 116.2400 -551.4000 25 1410 146.6700 -552.6600
6.1293831392e-001 -4.0098227614e-001 2.7787782995e+000
110 138 172
3 21 1232 52.5300 232.6100 24 1515 -71.6400 217.5500 23 1395 -63.4400 174.9099
