# Bundle file v0.3
60 508
0 0 0
0 0 0
0 0 0
0 0 0
0 0 0
0 0 0
0 0 0
0 0 0
0 0 0
0 0 0
0 0 0
0 0 0
0 0 0
0 0 0
0 0 0
0 0 0
0 0 0
0 0 0
0 0 0
0 0 0
0 0 0
0 0 0
0 0 0
0 0 0
0 0 0
0 0 0
0 0 0
0 0 0
0 0 0
0 0 0
0 0 0
0 0 0
0 0 0
0 0 0
0 0 0
0 0 0
0 0 0
0 0 0
0 0 0
0 0 0
0 0 0
0 0 0
0 0 0
0 0 0
0 0 0
0 0 0
0 0 0
0 0 0
0 0 0
0 0 0
0 0 0
0 0 0
0 0 0
0 0 0
0 0 0
0 0 0
0 0 0
0 0 0
0 0 0
0 0 0
0 0 0
0 0 0
0 0 0
0 0 0
0 0 0
0 0 0
0 0 0
0 0 0
0 0 0
0 0 0
0 0 0
0 0 0
0 0 0
0 0 0
0 0 0
0 0 0
0 0 0
0 0 0
0 0 0
0 0 0
0 0 0
0 0 0
0 0 0
0 0 0
0 0 0
0 0 0
0 0 0
0 0 0
0 0 0
0 0 0
0 0 0
0 0 0
0 0 0
0 0 0
0 0 0
0 0 0
0 0 0
0 0 0
0 0 0
0 0 0
0 0 0
0 0 0
0 0 0
0 0 0
0 0 0
0 0 0
0 0 0
0 0 0
0 0 0
0 0 0
0 0 0
0 0 0
0 0 0
0 0 0
0 0 0
0 0 0
0 0 0
0 0 0
0 0 0
0 0 0
0 0 0
0 0 0
0 0 0
0 0 0
0 0 0
0 0 0
0 0 0
0 0 0
0 0 0
0 0 0
0 0 0
0 0 0
0 0 0
0 0 0
0 0 0
0 0 0
0 0 0
0 0 0
0 0 0
0 0 0
0 0 0
0 0 0
0 0 0
0 0 0
0 0 0
0 0 0
0 0 0
0 0 0
0 0 0
0 0 0
0 0 0
0 0 0
0 0 0
0 0 0
0 0 0
0 0 0
0 0 0
0 0 0
0 0 0
0 0 0
0 0 0
0 0 0
0 0 0
0 0 0
0 0 0
0 0 0
0 0 0
0 0 0
0 0 0
0 0 0
0 0 0
0 0 0
0 0 0
0 0 0
0 0 0
6.1335098594e+004 -4.7824116532e-002 -8.5701787252e-006
8.2628264232e-001 -1.7794090572e-001 -5.3440998220e-001
-5.5184503162e-002 9.1864816498e-001 -3.9120355264e-001
5.6054586397e-001 3.5273585451e-001 7.4924345264e-001
1.0629302269e+000 1.8821419682e+000 -4.5366706344e+001
5.6151612687e+004 3.1736596149e-002 1.1991732939e-005
9.0094708290e-001 -5.3932427811e-002 -4.3056433555e-001
-1.2132138605e-001 9.2136780305e-001 -3.6927292453e-001
4.1662390126e-001 3.8493202612e-001 8.2356047754e-001
8.9756982896e-001 1.8028899925e+000 -4.2185844583e+001
-4.2864740131e+003 1.2795677720e+000 2.3710391472e-002
9.2368904779e-001 1.1071627075e-002 -3.8298297883e-001
-1.6333889660e-001 9.1557691272e-001 -3.6747696766e-001
3.4658180544e-001 4.0199046752e-001 8.4751679403e-001
8.3917973881e-001 1.8195901127e+000 1.0554930752e+000
-4.4298027615e+003 1.4366602578e+000 -3.2040214749e-002
9.7430196198e-001 1.6406304729e-001 -1.5433406425e-001
-2.0922342916e-001 9.1297562564e-001 -3.5028711607e-001
8.3434067177e-002 3.7357572660e-001 9.2383977665e-001
2.7462753036e-001 1.7802818462e+000 1.0753433726e+000
6.1741844758e+004 5.9508137532e-003 1.3433980441e-006
9.6834301298e-001 2.4784256105e-001 -2.9763638073e-002
-2.4370734772e-001 9.1284465729e-001 -3.2759938999e-001
-5.4023493817e-002 3.2448219764e-001 9.4434779903e-001
-3.8471601463e-002 1.7582274456e+000 -4.9486272242e+001
0 0 0
0 0 0
0 0 0
0 0 0
0 0 0
0 0 0
0 0 0
0 0 0
0 0 0
0 0 0
0 0 0
0 0 0
0 0 0
0 0 0
0 0 0
0 0 0
0 0 0
0 0 0
0 0 0
0 0 0
0 0 0
0 0 0
0 0 0
0 0 0
0 0 0
0 0 0
0 0 0
0 0 0
0 0 0
0 0 0
0 0 0
0 0 0
0 0 0
0 0 0
0 0 0
0 0 0
0 0 0
0 0 0
0 0 0
0 0 0
0 0 0
0 0 0
0 0 0
0 0 0
0 0 0
0 0 0
0 0 0
0 0 0
0 0 0
0 0 0
0 0 0
0 0 0
0 0 0
0 0 0
0 0 0
0 0 0
0 0 0
0 0 0
0 0 0
0 0 0
0 0 0
0 0 0
0 0 0
0 0 0
0 0 0
0 0 0
0 0 0
0 0 0
0 0 0
0 0 0
0 0 0
0 0 0
0 0 0
0 0 0
0 0 0
0 0 0
0 0 0
0 0 0
0 0 0
0 0 0
0 0 0
0 0 0
0 0 0
0 0 0
0 0 0
0 0 0
0 0 0
0 0 0
0 0 0
0 0 0
0 0 0
0 0 0
0 0 0
0 0 0
0 0 0
0 0 0
0 0 0
0 0 0
0 0 0
0 0 0
1.3382613692e-001 -6.9435338421e-001 2.6559599581e+000
172 39 52
3 37 811 -85.9300 259.4299 38 383 -162.5100 253.5200 36 691 -123.2200 235.3401
1.6716006674e-001 -8.1932045931e-001 2.7537239086e+000
37 55 32
4 37 1063 -95.7300 41.6600 38 732 -163.1600 43.5000 35 1355 -176.6300 60.4000 36 1136 -130.0600 15.3700
1.5615817982e-001 -8.2800373140e-001 2.7866661363e+000
38 52 27
5 37 1068 -126.5400 18.1700 38 736 -185.7400 22.6200 35 1353 -212.6300 32.8000 36 953 -162.7800 -10.1500 39 83 -229.2100 61.4100
1.2499205542e-001 -7.5064536028e-001 2.7471804633e+000
28 55 40
5 37 1475 -143.6700 142.7700 38 1221 -201.4300 143.0801 35 1598 -239.7100 159.1300 36 1379 -184.0300 115.3301 39 984 -243.2400 179.0701
1.3003842055e-001 -7.6043542224e-001 2.7476684462e+000
135 139 46
4 37 1239 -138.3400 127.2400 38 907 -197.2200 128.5701 35 1335 -230.6400 143.3101 36 1113 -177.2100 99.8101
1.7459731871e-001 -8.8835877676e-001 2.8351709776e+000
151 32 42
4 37 1268 -129.1000 -85.6600 38 930 -182.7000 -78.1700 35 1372 -212.5000 -76.9600 36 1152 -163.6200 -117.3199
1.4811767099e-001 -6.9364108286e-001 2.6356206758e+000
164 37 42
3 37 812 -57.2400 268.3600 38 378 -139.9800 260.6300 36 689 -92.4700 245.2900
9.6177596632e-002 -6.6719801305e-001 2.6856962740e+000
173 37 49
3 37 803 -149.0000 286.2500 38 367 -211.1200 280.8301 36 681 -190.7900 261.8000
1.8688114872e-001 -8.2303666840e-001 2.7260579759e+000
146 150 114
5 37 1404 -56.7800 47.3000 38 1245 -132.7400 48.2100 35 1519 -131.7600 69.7500 36 1285 -88.4300 20.7400 39 1008 -187.1400 87.6699
1.7698453971e-001 -8.1135528477e-001 2.7306278343e+000
28 58 35
4 37 1403 -71.4600 61.5600 38 1096 -144.3900 62.5300 35 1518 -149.6400 82.8101 36 1276 -104.3600 34.6700
1.5263035773e-001 -7.7975431795e-001 2.7271896777e+000
35 54 33
4 37 520 -99.8500 108.9099 38 72 -168.6200 108.4700 35 888 -183.3100 127.9399 36 402 -135.7000 81.8101
2.1857327634e-001 -8.8229041937e-001 2.7533509161e+000
155 144 131
4 37 1077 -31.8500 -48.4800 38 739 -110.0500 -45.9300 35 1160 -100.1000 -26.0700 36 957 -60.4600 -75.4000
2.0841402987e-001 -7.7286632483e-001 2.6452153763e+000
30 53 25
5 37 1232 13.5600 147.2000 38 908 -76.9000 141.5100 35 1333 -57.7000 179.6100 36 1116 -16.5700 124.4500 39 845 -141.2300 176.6699
2.6146480909e-001 -8.5597182174e-001 2.6834073334e+000
28 51 29
5 37 1263 59.5700 10.0400 38 1102 -33.1700 7.0800 35 1363 -3.6000 43.9000 36 1292 33.7800 -12.4700 39 864 -101.5400 44.3600
2.1558075149e-001 -8.3575904231e-001 2.7055345278e+000
113 124 81
5 37 1254 -9.8600 35.1700 38 921 -93.6200 33.4500 35 1359 -79.5300 62.8000 36 1140 -38.9800 10.1800 39 862 -154.4700 72.5701
2.1558075149e-001 -8.3575904231e-001 2.7055345278e+000
113 124 81
5 37 1255 -9.8600 35.1700 38 922 -93.6200 33.4500 35 1360 -79.5300 62.8000 36 1141 -38.9800 10.1800 39 863 -154.4700 72.5701
2.0516375035e-001 -7.8289520778e-001 2.6563327382e+000
143 155 38
5 37 1390 3.1400 129.7600 38 1086 -86.0500 125.1400 35 1601 -66.4200 159.5100 36 1265 -27.6500 106.3500 39 989 -148.1400 160.8201
2.2977154218e-001 -8.1613235644e-001 2.6734151583e+000
29 54 40
4 37 1397 25.3100 72.7000 38 1239 -64.2600 69.0400 36 1279 -3.1300 48.8900 39 1005 -128.5400 107.9900
3.8726608982e-001 -1.2497940666e+000 2.9890657736e+000
123 39 29
5 37 1161 52.7000 -667.1700 38 1005 -18.3100 -655.8800 35 1258 10.3000 -646.8500 36 1044 38.3500 -702.4500 39 789 -82.0800 -593.9100
3.6232986757e-001 -1.2630857214e+000 3.0333648389e+000
146 70 35
4 37 1163 -2.3200 -696.3400 38 848 -63.4200 -680.5200 35 1260 -48.2300 -687.2500 36 1045 -19.6800 -735.3000
4.1641850177e-001 -1.3343521515e+000 3.0697165856e+000
138 75 37
5 37 1177 45.1000 -819.1500 38 864 -16.3600 -805.8900 35 1425 5.9200 -805.5100 36 1208 32.2500 -856.8800 39 616 -74.7300 -742.0300
3.3868239603e-001 -1.1406440170e+000 2.9183965996e+000
140 25 37
5 37 1308 29.2700 -482.1600 38 983 -42.9100 -473.1500 35 1409 -19.9800 -462.5300 36 1190 11.4300 -515.8400 39 911 -105.3200 -416.4900
3.5902335548e-001 -1.2705589244e+000 3.0484911487e+000
37 27 21
4 37 1166 -14.9300 -711.3101 38 849 -72.6300 -693.8000 35 1419 -61.8900 -705.9301 36 1048 -31.3500 -752.4500
1.6358599982e-001 -7.6124257433e-001 2.6851063111e+000
24 57 45
5 37 1387 -64.1900 151.8700 38 1075 -141.9500 148.7400 35 1504 -143.7100 177.1000 36 1264 -97.8800 126.7500 39 986 -195.5900 184.7800
1.6275897004e-001 -7.8421201215e-001 2.7041320252e+000
72 111 134
5 37 1478 -75.4100 113.7400 38 1349 -150.9700 112.3201 35 1686 -153.6700 135.2400 36 1441 -108.3100 86.5400 39 1121 -205.2800 150.1300
1.6547848220e-001 -7.1929795196e-001 2.6372640452e+000
175 35 40
4 37 821 -36.6000 228.6300 38 396 -122.8600 222.9099 35 873 -114.2800 258.5200 36 697 -70.3600 206.0801
2.3902143603e-001 -8.5045400355e-001 2.6979607301e+000
30 56 21
5 37 1262 23.4600 15.1100 38 923 -64.5700 13.0700 35 1362 -42.4000 45.1500 36 1146 -3.7800 -8.9100 39 687 -128.9200 51.1200
1.2788061039e-001 -6.8388279113e-001 2.6548247644e+000
178 41 55
3 37 810 -92.6700 274.7300 38 374 -168.0500 268.2400 36 688 -130.8400 251.0701
2.0224503361e-001 -7.9927510399e-001 2.6775314807e+000
131 139 34
5 37 1051 -11.9700 98.4700 38 914 -97.9100 95.6599 35 1150 -82.9800 127.1200 36 942 -41.4300 74.3700 39 674 -158.2300 132.3401
3.5642553364e-001 -1.1347759806e+000 2.8958052697e+000
185 121 98
5 37 941 63.6800 -468.4200 38 801 -14.6600 -461.5900 35 1012 16.6400 -442.9200 36 848 46.9000 -499.3700 39 520 -79.6600 -407.3900
3.6556446461e-001 -1.2059811429e+000 2.9634004141e+000
116 75 60
4 37 1157 38.7400 -592.3300 38 839 -32.7700 -581.2300 35 1248 -5.8600 -573.2100 36 1035 23.0500 -626.9900
3.3577076857e-001 -1.1977732736e+000 2.9810532147e+000
182 127 106
5 37 1152 -7.7500 -584.0200 38 824 -72.5700 -569.0900 35 1247 -56.1700 -573.1899 36 1032 -26.1400 -621.1700 39 774 -129.0400 -509.1200
3.2337359527e-001 -1.1905876771e+000 2.9932215358e+000
187 114 101
4 37 958 -29.4500 -575.3800 38 822 -89.5300 -559.4500 35 1048 -82.1500 -567.9100 36 874 -49.1800 -613.2000
4.3987693318e-001 -1.3492790104e+000 3.0615465864e+000
146 76 51
4 37 1178 78.9400 -841.5500 38 867 12.5000 -830.5400 35 1270 43.6100 -821.2700 36 1064 68.4500 -876.7000
2.0888433825e-001 -7.8908553805e-001 2.6617265485e+000
49 97 110
5 37 839 5.2700 118.1599 38 419 -83.3500 113.5701 35 891 -65.6100 148.6500 36 712 -24.7400 93.9700 39 72 -146.2000 150.5300
2.0887429174e-001 -7.8900520701e-001 2.6617046968e+000
49 97 110
4 37 840 5.2700 118.1599 38 420 -83.3500 113.5701 35 890 -65.6100 148.6500 39 73 -146.2000 150.5300
1.5950975589e-001 -7.0086670718e-001 2.6245428948e+000
173 39 40
2 37 1028 -37.2500 264.5901 38 681 -123.3400 256.9700
1.4001665405e-001 -7.0918900659e-001 2.6615559045e+000
165 44 55
3 37 488 -80.7900 235.5200 38 37 -158.6500 230.8301 36 385 -117.9300 212.2500
4.5879573876e-001 -1.3608575101e+000 3.0551284844e+000
151 80 56
4 37 1180 106.4800 -859.0400 38 1018 35.6300 -850.0699 35 1271 74.2500 -833.4100 36 1210 97.2000 -894.1300
1.4039199450e-001 -7.7178360792e-001 2.7469104946e+000
31 58 33
3 37 1392 -124.0500 110.9399 38 1229 -186.5200 111.7100 35 1507 -215.0400 128.2300
1.5163918978e-001 -6.9825845333e-001 2.6342794009e+000
222 135 101
3 37 23 -52.0000 262.5601 38 38 -136.1000 254.4800 36 380 -86.9300 239.4099
1.6799858125e-001 -7.2680987474e-001 2.6336858656e+000
146 162 155
5 37 38 -30.4400 221.0200 38 397 -118.1400 215.1300 35 484 -108.1700 251.3700 36 387 -64.5400 198.6000 39 35 -178.2900 247.1000
2.7500977053e-001 -9.4233531968e-001 2.7664390385e+000
204 138 106
3 37 111 31.5400 -143.5300 38 102 -52.3700 -141.8199 36 428 7.6900 -170.3101
2.2826578719e-001 -9.2720562550e-001 2.7921366866e+000
193 126 106
4 37 547 -40.6200 -126.0601 38 96 -114.7900 -120.2100 35 533 -106.7700 -107.2100 36 425 -67.9200 -155.5200
3.8332029074e-001 -1.1695576620e+000 2.9121422605e+000
128 32 36
4 37 710 89.0400 -526.4500 38 266 8.4600 -520.1801 35 718 43.7400 -497.5100 36 248 74.5000 -557.5800
3.7938640799e-001 -1.2577820561e+000 3.0089879686e+000
123 65 27
4 37 398 32.0300 -683.6801 38 314 -35.2900 -670.2500 35 800 -11.2600 -666.8900 36 627 16.2300 -719.5601
4.4779202273e-001 -1.3497766121e+000 3.0524199462e+000
164 91 57
5 37 782 94.0600 -839.7700 38 658 24.8000 -830.8500 35 1095 59.8700 -815.8400 36 900 84.2600 -875.3400 39 341 -40.3400 -766.3199
2.1886474381e-001 -7.9087794698e-001 2.6554963347e+000
27 52 33
4 37 1052 21.0100 116.5200 38 720 -70.2900 112.6300 35 1145 -48.3500 148.6400 36 943 -8.2600 93.1100
2.0049996682e-001 -7.9138348332e-001 2.6723853461e+000
34 59 38
5 37 1049 -11.0600 111.9000 38 718 -96.9200 107.7300 35 1142 -83.0200 140.3500 36 941 -41.7100 88.7500 39 671 -158.2200 143.6300
2.3053192811e-001 -8.0920360147e-001 2.6622346412e+000
148 153 33
5 37 850 32.2000 87.1200 38 729 -59.2600 82.8301 35 898 -35.5800 119.8000 36 713 3.9200 64.2600 39 409 -125.0900 119.6000
2.3053192811e-001 -8.0920360147e-001 2.6622346412e+000
148 153 33
5 37 851 32.2000 87.1200 38 730 -59.2600 82.8301 35 899 -35.5800 119.8000 36 714 3.9200 64.2600 39 410 -125.0900 119.6000
1.5950975589e-001 -7.0086670718e-001 2.6245428948e+000
173 39 40
2 37 1027 -37.2500 264.5901 38 680 -123.3400 256.9700
2.6865800934e-001 -9.4471976372e-001 2.7724160613e+000
177 112 87
4 37 1093 20.5600 -147.7600 38 1117 -62.2800 -144.8700 35 1172 -40.0300 -122.0800 36 968 -4.2100 -174.4200
2.9357184418e-001 -9.7706767286e-001 2.7843879724e+000
13 50 79
5 37 1108 45.0500 -200.6100 38 952 -38.6700 -198.3400 35 1187 -12.2000 -172.4000 36 981 23.0700 -227.8199 39 711 -104.1400 -150.8800
2.0707277940e-001 -8.1445654700e-001 2.6894858187e+000
92 109 53
5 37 1058 -12.4000 72.1599 38 916 -96.5500 70.1200 35 1347 -82.8000 99.4900 36 1130 -41.0600 46.6600 39 678 -157.9600 108.9399
2.0707277940e-001 -8.1445654700e-001 2.6894858187e+000
92 109 53
5 37 1057 -12.4000 72.1599 38 915 -96.5500 70.1200 35 1346 -82.8000 99.4900 36 1129 -41.0600 46.6600 39 677 -157.9600 108.9399
1.2327286581e-001 -7.4437663746e-001 2.7337901853e+000
124 137 92
5 37 1229 -139.5200 158.6100 38 712 -200.1900 156.4399 35 1328 -232.6900 176.4900 36 1104 -179.1500 131.8401 39 393 -242.8100 190.8301
2.2198242399e-001 -8.7751644212e-001 2.7456047405e+000
108 28 39
4 37 87 -23.5600 -39.1500 38 90 -103.0500 -37.5300 35 524 -91.5000 -15.3800 36 100 -51.7200 -66.4399
4.4244968465e-001 -1.3067038379e+000 3.0198844898e+000
94 73 70
4 37 994 107.6200 -767.1500 38 652 34.7600 -760.6100 35 1083 64.5700 -739.6700 39 613 -32.4300 -698.7700
4.6494183181e-001 -1.3568842797e+000 3.0472662925e+000
171 91 54
5 37 785 118.5500 -850.7800 38 356 46.7300 -843.5699 35 841 85.9600 -822.7400 36 671 109.9800 -884.3800 39 347 -21.2400 -781.4301
3.5091082081e-001 -1.1414977072e+000 2.9040405486e+000
177 117 95
5 37 943 52.5200 -479.9399 38 560 -24.6100 -471.8500 35 1020 6.0600 -456.2400 36 845 34.6800 -511.5400 39 522 -89.2500 -416.2800
3.6508742600e-001 -1.2056611797e+000 2.9623205862e+000
116 75 60
5 37 1156 38.7400 -592.3300 38 838 -32.7700 -581.2300 35 1249 -5.8600 -573.2100 36 1036 23.0500 -626.9900 39 781 -93.9600 -522.5500
4.1217715525e-001 -1.3052182691e+000 3.0323991859e+000
180 145 132
4 37 992 60.0200 -763.6200 38 650 -8.1200 -752.2700 35 1080 21.5600 -744.1400 36 889 47.8000 -800.0900
2.0928331696e-001 -7.6625934132e-001 2.6372894777e+000
110 125 47
4 37 1037 18.6700 160.6799 38 715 -72.3400 153.4800 36 935 -10.8000 137.9099 39 668 -137.7500 188.2000
3.1546312492e-001 -1.1859828044e+000 2.9960455704e+000
183 115 104
4 37 957 -40.7800 -568.7100 38 614 -98.9600 -552.6899 35 1047 -94.5400 -562.9600 36 864 -61.5600 -606.8900
4.2715028880e-001 -1.3369979963e+000 3.0603975791e+000
155 87 48
4 37 1003 64.0800 -823.0300 38 865 -1.2200 -807.6500 35 1269 25.8600 -803.0800 36 1061 52.1300 -857.9301
1.8672921379e-001 -8.1572328731e-001 2.7077836124e+000
28 55 36
5 37 1395 -47.2700 65.7900 38 1090 -127.2400 65.3000 35 1521 -120.0200 90.7100 36 1277 -78.5600 40.2400 39 1004 -185.0700 103.2700
2.0469296077e-001 -8.7276960045e-001 2.7630836707e+000
172 136 127
3 37 1415 -54.2400 -37.9000 38 1263 -127.7100 -35.7600 35 1525 -125.9500 -18.3200
4.5994497714e-001 -1.3432183519e+000 3.0366858216e+000
171 90 43
4 37 1524 117.7300 -827.8800 38 1390 45.1400 -820.6000 35 1647 84.1900 -799.2500 36 1418 109.1300 -861.5699
1.4832586638e-001 -7.9965228503e-001 2.7629166442e+000
29 55 35
5 37 1482 -123.6800 67.5801 38 1238 -185.0800 70.0100 35 1606 -210.8900 83.3600 36 1386 -160.9000 39.6200 39 1001 -229.3200 108.5701
3.2956602442e-001 -9.9728422386e-001 2.7707832511e+000
8 72 110
5 37 1588 98.5700 -228.0200 38 1465 7.3800 -227.8101 35 1746 45.0700 -194.3500 36 1494 77.6800 -253.0200 39 1387 -65.0600 -180.5900
3.7437126811e-001 -1.1467712320e+000 2.8957220011e+000
177 122 101
5 37 948 87.1200 -487.9200 38 811 6.6500 -482.4000 35 680 40.7500 -459.4500 36 550 69.5100 -517.9800 39 538 -61.2200 -427.7300
3.9871059398e-001 -1.2728480637e+000 3.0035184427e+000
83 21 6
4 37 766 58.1300 -706.0500 38 642 -11.8900 -695.0300 36 636 45.9200 -741.7200 39 314 -75.1300 -633.1300
2.2382373903e-001 -8.9173771154e-001 2.7571562712e+000
169 136 122
4 37 540 -27.4200 -63.4500 38 438 -105.8900 -60.0300 35 906 -94.2300 -41.4800 36 733 -55.6000 -90.4900
4.4779202273e-001 -1.3497766121e+000 3.0524199462e+000
164 91 57
5 37 781 94.0600 -839.7700 38 659 24.8000 -830.8500 35 1096 59.8700 -815.8400 36 901 84.2600 -875.3400 39 340 -40.3400 -766.3199
3.2368401994e-001 -1.0493884213e+000 2.8366214506e+000
177 110 93
5 37 1131 54.8600 -323.9399 38 964 -25.9800 -320.0699 35 1401 1.7900 -297.0400 36 1182 34.4400 -352.7600 39 899 -91.5000 -269.4900
3.9013373912e-001 -1.1564235806e+000 2.8933729202e+000
144 23 34
5 37 1429 107.2300 -503.2200 38 1148 25.4700 -499.1700 35 1411 63.4500 -471.0400 36 1191 92.2500 -532.0200 39 912 -43.8600 -443.5100
1.4887542768e-001 -7.7328363072e-001 2.7261406738e+000
116 133 63
3 37 1241 -104.5000 118.4600 38 1080 -171.5100 117.6699 36 1269 -140.6400 91.9399
1.4887542768e-001 -7.7328363072e-001 2.7261406738e+000
116 133 63
3 37 1240 -104.5000 118.4600 38 1079 -171.5100 117.6699 36 1270 -140.6400 91.9399
3.5724843795e-001 -1.2645952755e+000 3.0443880786e+000
184 135 100
4 37 393 -14.9200 -701.6000 38 316 -72.4500 -684.8199 35 385 -62.7800 -695.1400 36 633 -31.6100 -741.6200
4.2057738649e-001 -1.3149560398e+000 3.0358975924e+000
27 21 17
4 37 431 68.5600 -780.1300 38 334 -0.0100 -769.3101 35 422 31.2900 -759.4301 36 343 57.1600 -816.1700
3.1601105721e-001 -1.0206612104e+000 2.8096079593e+000
53 20 11
5 37 584 59.7100 -273.0300 38 135 -24.0900 -269.5699 35 562 6.3200 -244.9200 36 468 38.8100 -300.3199 39 126 -90.8400 -221.6500
3.6825407005e-001 -1.1646939292e+000 2.9194546057e+000
129 31 40
3 37 313 65.7700 -520.9600 38 265 -10.9700 -513.4301 39 254 -74.7500 -458.1400
4.5035182076e-001 -1.3153903955e+000 3.0136730114e+000
178 142 144
4 37 998 118.4500 -778.8400 38 862 43.9200 -772.5400 35 1086 82.8100 -748.1300 36 896 108.1000 -811.3600
1.6456091805e-001 -7.5442900784e-001 2.6764176020e+000
154 156 34
4 37 504 -58.6400 163.6699 38 400 -138.7300 160.4399 35 884 -136.9300 190.0701 36 705 -91.9600 139.5200
3.6592590813e-001 -1.1571650030e+000 2.9098949481e+000
137 26 39
4 37 947 67.7900 -506.3300 38 810 -9.9900 -499.5000 35 1236 23.0300 -480.9900 39 760 -75.1000 -443.4200
3.4705580278e-001 -1.1797457367e+000 2.9533474691e+000
142 27 40
4 37 727 21.3400 -550.8400 38 598 -48.4600 -539.7900 35 739 -26.7600 -533.6400 39 576 -107.8500 -481.2300
4.3763602898e-001 -1.3153088048e+000 3.0241441212e+000
176 147 142
5 37 1171 96.6800 -779.6200 38 1014 25.1000 -770.6600 35 1265 60.2400 -754.8600 36 1056 85.9400 -814.0800 39 938 -40.7400 -707.8500
3.3643055890e-001 -1.0860110956e+000 2.8639934656e+000
179 121 99
5 37 1135 55.2700 -386.5601 38 966 -22.9500 -381.0100 35 1220 4.9400 -360.9500 36 1010 37.7500 -416.3800 39 742 -88.2900 -328.5601
2.3628937246e-001 -1.0544590177e+000 2.9452176734e+000
182 121 110
4 37 904 -110.8500 -359.6000 38 492 -161.2900 -343.1300 35 1218 -182.5400 -359.3700 36 800 -138.7600 -397.3199
2.1566124822e-001 -8.1274595749e-001 2.6818270699e+000
32 57 38
5 37 1060 2.6500 76.8500 38 728 -83.6400 72.8900 35 1152 -66.8900 106.4700 36 946 -26.6600 52.7600 39 412 -145.9100 108.9000
2.1566124822e-001 -8.1274595749e-001 2.6818270699e+000
32 57 38
5 37 1059 2.6500 76.8500 38 727 -83.6400 72.8900 35 1151 -66.8900 106.4700 36 947 -26.6600 52.7600 39 411 -145.9100 108.9000
2.4915094151e-001 -9.7728966352e-001 2.8252344278e+000
5 40 72
3 37 1290 -31.3600 -210.3400 38 1126 -105.4800 -202.4600 35 1396 -94.8600 -192.5300
1.4281349573e-001 -7.1888215814e-001 2.6707736794e+000
17 85 136
4 37 1380 -82.6400 216.5200 38 1063 -159.3600 212.7100 35 1491 -167.9700 242.2000 36 1252 -117.3500 191.7000
1.4082950125e-001 -7.3800433704e-001 2.6968028767e+000
67 98 55
4 37 1225 -98.5300 179.1400 38 903 -170.1200 176.3700 35 1494 -184.4000 201.9900 36 1106 -135.5700 154.2400
1.5799156151e-001 -7.8853726829e-001 2.7281807008e+000
23 56 32
5 37 1393 -93.5800 96.7900 38 1081 -163.2200 97.2400 35 1605 -176.4000 116.2900 36 1271 -128.4700 69.9900 39 848 -212.9600 134.9600
3.0402911873e-001 -9.5566690356e-001 2.7538502801e+000
227 134 117
4 37 121 74.7500 -160.6000 38 108 -14.4800 -160.6400 35 104 18.2200 -128.0500 36 133 52.5100 -185.4500
3.8452166231e-001 -1.1776537995e+000 2.9157329983e+000
140 27 44
5 37 716 88.3400 -539.1801 38 606 8.8200 -533.4500 35 720 44.5300 -510.7800 36 581 74.1900 -570.6801 39 562 -59.2600 -476.7000
2.4472879031e-001 -9.3529057660e-001 2.7850985839e+000
204 135 120
4 37 104 -16.2800 -136.1700 38 99 -93.9300 -132.3101 35 535 -80.1700 -114.4800 36 427 -42.4000 -165.4500
3.7156498255e-001 -1.1603892935e+000 2.9072981308e+000
130 32 37
5 37 288 76.5800 -510.4600 38 241 -2.6400 -503.7000 35 708 32.6200 -483.1801 36 233 60.0800 -541.2500 39 238 -69.2000 -447.9900
3.8748186977e-001 -1.2705262007e+000 3.0166371557e+000
190 111 66
4 37 765 37.6600 -705.2200 38 321 -29.3300 -692.3101 35 814 -4.4600 -688.5400 36 635 23.5000 -741.8101
4.0998790607e-001 -1.2769498413e+000 3.0003593797e+000
66 14 4
5 37 767 74.7900 -712.7400 38 326 2.6900 -702.7800 35 816 35.8700 -689.6000 36 638 62.0000 -746.7900 39 318 -62.3100 -641.0900
4.6891476489e-001 -1.3580847017e+000 3.0448946693e+000
44 17 9
4 37 786 124.8900 -852.9900 38 664 52.6000 -847.6899 35 842 92.5100 -821.6400 39 348 -15.9500 -783.8600
4.5726032091e-001 -1.2785329300e+000 2.9757442931e+000
177 96 31
5 37 1167 147.1300 -713.6100 38 1008 69.2600 -711.2900 35 1262 111.0400 -677.6100 36 1204 136.4100 -744.5500 39 931 -1.7100 -652.4700
4.2423969084e-001 -1.2782512131e+000 2.9920129788e+000
190 92 44
4 37 986 97.2600 -714.0100 38 646 22.2600 -706.2600 35 1070 59.2900 -685.6700 36 888 85.0200 -747.0800
3.6358495397e-001 -1.2589240389e+000 3.0257882417e+000
167 81 41
4 37 755 2.9000 -688.3000 38 309 -59.6600 -672.1200 35 811 -42.4600 -678.1801 36 626 -12.7100 -726.1400
3.1514418654e-001 -1.0250472000e+000 2.8178387602e+000
176 115 95
5 37 1120 54.0500 -282.1801 38 957 -27.3700 -278.9500 35 1194 -0.1600 -254.8900 36 994 33.4200 -310.2100 39 728 -94.1000 -229.5000
1.6718821695e-001 -8.1949187588e-001 2.7537196404e+000
37 55 32
4 37 1064 -95.7300 41.6600 38 733 -163.1600 43.5000 35 1356 -176.6300 60.4000 36 949 -129.8900 14.5000
1.0579286370e-001 -6.7963459487e-001 2.6859807685e+000
202 139 122
3 37 1377 -136.8900 268.1599 38 1061 -201.2800 262.4299 36 1248 -177.9700 244.0200
1.0579286370e-001 -6.7963459487e-001 2.6859807685e+000
202 139 122
3 37 1378 -136.8900 268.1599 38 1062 -201.2800 262.4299 36 1249 -177.9700 244.0200
1.3736043692e-001 -7.6337266147e-001 2.7297880919e+000
110 130 131
4 37 1477 -119.9200 131.0000 38 1224 -185.6800 130.3201 35 1599 -207.2200 149.7400 36 1381 -157.9400 105.0601
3.9398543131e-001 -1.2639565134e+000 3.0002142489e+000
132 50 28
5 37 402 54.6100 -692.2800 38 322 -15.5400 -680.1600 35 804 14.0400 -672.0100 36 631 40.8700 -727.1400 39 310 -77.9300 -618.9700
3.9151092181e-001 -1.2934939993e+000 3.0417594724e+000
174 138 123
3 37 417 29.5900 -746.4800 38 328 -34.4700 -732.4200 35 409 -12.4400 -733.7600
4.4559602222e-001 -1.1939761505e+000 2.9105058685e+000
126 82 36
5 37 960 168.5100 -570.8101 38 831 85.6600 -572.4100 35 1038 124.0400 -531.3101 36 871 154.9100 -597.3000 39 593 13.9500 -517.5800
1.1514741633e-001 -6.7666089003e-001 2.6680749478e+000
162 42 42
3 37 808 -115.9600 279.6100 38 372 -185.3600 273.4700 36 686 -155.3500 255.5100
4.6843442360e-001 -1.2292796163e+000 2.9367856163e+000
28 26 42
5 37 1318 182.5300 -633.6899 38 1158 102.9900 -635.3400 35 1253 140.3700 -592.3199 36 1201 170.0700 -660.4399 39 1063 30.2900 -580.4500
4.0372312390e-001 -1.2997879392e+000 3.0329774071e+000
179 147 136
4 37 769 48.9000 -754.5800 38 649 -18.1200 -741.8400 35 1078 10.2200 -737.5800 36 645 36.3200 -791.6300
4.6097440206e-001 -1.3178480567e+000 3.0096067092e+000
22 11 14
4 37 1000 133.6500 -782.5200 38 655 58.3300 -777.8700 35 1088 99.3600 -750.0400 36 897 124.3300 -814.6400
1.9136616747e-001 -8.9980574237e-001 2.8201095344e+000
137 30 40
5 37 1085 -100.7000 -96.3900 38 740 -162.2900 -89.4500 35 1163 -177.9800 -84.4600 36 960 -133.2800 -127.0699 39 696 -208.8500 -45.1000
3.6003839668e-001 -1.2091728176e+000 2.9680755451e+000
187 125 104
4 37 1155 29.7900 -599.1500 38 840 -41.1500 -586.6801 35 1252 -15.3000 -581.7200 39 779 -101.6100 -527.0100
1.4794540746e-001 -7.4836471829e-001 2.6913710030e+000
25 55 35
4 37 1226 -87.4700 167.0300 38 905 -162.0600 164.3800 35 1330 -169.2000 191.3600 36 1107 -122.3300 142.6400
1.7865792358e-001 -8.0449648903e-001 2.7145543306e+000
95 120 49
3 37 1247 -60.9700 77.7700 38 1089 -137.8900 77.2900 35 1513 -136.9700 100.9000
1.7865703698e-001 -8.0459213235e-001 2.7146393352e+000
95 120 49
4 37 1246 -60.9700 77.7700 38 1088 -137.8900 77.2900 35 1514 -136.9700 100.9000 36 1126 -93.6100 51.8400
3.7098099132e-001 -1.2694394923e+000 3.0207696651e+000
148 74 39
3 37 1321 13.4100 -704.9800 38 1006 -50.8900 -689.2200 39 928 -108.3900 -625.9100
4.4130001615e-001 -1.3383210733e+000 3.0411071121e+000
170 87 41
5 37 1441 92.5700 -817.6899 38 1309 20.7800 -809.3300 35 1646 57.9200 -794.0601 36 1417 81.8300 -853.6500 39 1203 -44.5000 -745.9900
4.3163891352e-001 -1.2742174850e+000 2.9823848380e+000
177 86 40
5 37 1563 110.6200 -705.5400 38 1441 35.0100 -699.4200 35 1757 75.5000 -676.8700 36 1468 99.7700 -737.7800 39 1320 -32.6900 -638.7900
4.3377188849e-001 -1.2494773051e+000 2.9610232414e+000
88 18 32
5 37 1628 125.9900 -664.5699 38 1517 48.6700 -658.4900 35 1810 86.3900 -634.2100 36 1545 114.2200 -695.1200 39 1443 -22.1800 -598.6400
2.3293710542e-001 -8.3035330839e-001 2.6871432307e+000
33 54 35
3 37 1652 22.9600 46.9700 38 1538 -67.4000 42.8800 35 1845 -46.7500 78.7700
4.5392419950e-001 -1.0835712581e+000 2.8296184141e+000
168 85 86
5 37 919 222.4700 -392.1100 38 972 138.0600 -399.7100 35 603 168.2600 -344.2900 36 811 204.5300 -413.1100 39 907 63.5900 -353.6899
4.0716234170e-001 -1.2731503956e+000 3.0004347365e+000
172 69 42
4 37 411 70.5500 -706.4200 38 324 -0.8600 -696.2700 35 398 31.9700 -683.7700 36 325 58.4400 -741.3500
2.0883736678e-001 -7.8334855393e-001 2.6598775841e+000
148 148 17
4 37 60 5.8000 126.0901 38 77 -82.8600 121.3500 35 510 -65.0600 157.8000 36 66 -24.2800 102.4199
4.2750713498e-001 -1.0372094959e+000 2.7914613555e+000
162 147 118
5 37 595 210.7700 -309.5699 38 777 121.3900 -315.1500 35 578 154.7700 -263.7100 36 786 190.8400 -329.7500 39 458 46.7300 -272.0500
4.2955215889e-001 -1.0462789206e+000 2.7977453157e+000
170 126 90
5 37 901 209.4500 -324.3199 38 784 121.1300 -331.2600 35 581 154.6500 -278.0300 36 787 190.4200 -345.4700 39 735 45.9800 -285.7900
3.3189864427e-001 -1.0906495199e+000 2.8694401295e+000
86 53 40
5 37 646 47.4100 -394.4000 38 525 -31.4500 -387.3800 35 989 -3.0200 -369.9100 36 515 28.2300 -424.3400 39 479 -95.4100 -334.8900
3.8087723397e-001 -1.2552200894e+000 3.0033465672e+000
180 104 45
5 37 758 36.8600 -678.8400 38 312 -30.9300 -666.5400 35 798 -6.7400 -661.2300 36 629 22.1600 -715.6500 39 303 -92.1900 -604.3101
3.1287896743e-001 -1.2333580450e+000 3.0672624137e+000
159 137 113
4 37 979 -80.8100 -659.4800 38 843 -126.3800 -637.8800 35 1059 -140.4500 -665.0800 36 611 -103.8100 -703.7700
3.5213984006e-001 -1.2619774453e+000 3.0480353648e+000
182 142 108
2 37 757 -22.9300 -698.1899 38 639 -79.1900 -680.2500
4.5851445207e-001 -1.3221567201e+000 3.0156028354e+000
176 141 140
5 37 999 127.4600 -789.3700 38 863 52.6600 -783.9700 35 1089 93.2400 -757.9500 36 898 117.9900 -822.1700 39 791 -16.3200 -722.8800
3.6353515098e-001 -1.2687423904e+000 3.0414016515e+000
186 142 106
4 37 984 -5.3700 -707.4000 38 850 -64.9000 -691.0300 35 1067 -52.1400 -698.8500 36 1049 -21.5100 -747.3101
3.9202477177e-001 -1.2840743742e+000 3.0268303809e+000
194 104 52
5 37 1322 37.5200 -729.2000 38 1163 -27.6200 -716.5500 35 1420 -3.8800 -712.8199 36 1203 24.4400 -766.7200 39 929 -88.2400 -653.6500
3.1916559947e-001 -8.2943344189e-001 2.6223218232e+000
149 146 131
5 37 1256 166.9100 62.9100 38 1249 61.8600 51.6100 35 1515 104.1700 105.9000 36 1282 141.6700 42.4000 39 1011 -16.1100 88.1300
1.4059745661e-001 -7.4416005847e-001 2.7121706434e+000
25 55 38
4 37 1383 -106.8500 163.5701 38 1067 -174.0500 161.9800 35 1502 -194.9600 184.8000 36 1256 -144.4000 137.6100
2.9739802306e-001 -9.5049469084e-001 2.7543920868e+000
201 142 110
4 37 114 66.2200 -152.5000 38 103 -22.2400 -152.3800 35 103 8.6600 -121.1899 36 132 43.5100 -178.3101
4.4810056366e-001 -1.0748214456e+000 2.8236469776e+000
88 43 38
4 37 633 218.0300 -377.1100 38 787 134.0400 -383.2900 35 600 163.5300 -330.4900 39 745 58.8400 -337.4301
4.5990837738e-001 -1.0759374194e+000 2.8288412602e+000
80 30 32
5 37 638 230.7100 -383.2100 38 531 147.6100 -390.4600 35 156 174.0100 -335.8300 36 176 211.6700 -403.7400 39 487 73.7100 -345.2800
4.5816265080e-001 -1.1900399362e+000 2.9067504442e+000
132 89 44
5 37 336 186.2600 -566.5699 38 282 104.6000 -569.0400 35 283 140.9600 -524.4399 36 263 172.0700 -592.3900 39 594 30.8500 -516.3300
4.7276330283e-001 -1.1887044550e+000 2.9086305366e+000
63 25 40
4 37 735 203.1500 -567.9500 38 620 123.0500 -572.2100 35 284 156.3900 -524.6801 39 596 50.1400 -520.6899
4.8737275568e-001 -1.2129526724e+000 2.9321963324e+000
32 28 43
5 37 740 208.9900 -613.7800 38 631 132.2700 -617.9500 35 298 161.6300 -569.3400 36 607 194.6900 -638.6100 39 599 60.1000 -565.8500
4.9273742931e-001 -1.2104293868e+000 2.9326999749e+000
29 26 36
4 37 741 215.2100 -610.4800 38 632 139.9100 -615.0400 36 608 201.5200 -633.9700 39 600 67.3100 -563.7300
4.2057738649e-001 -1.3149560398e+000 3.0358975924e+000
27 21 17
4 37 432 68.5600 -780.1300 38 335 -0.0100 -769.3101 35 423 31.2900 -759.4301 36 344 57.1600 -816.1700
1.6954307501e-001 -7.6736137163e-001 2.6856720892e+000
141 151 58
4 37 512 -57.4800 141.6400 38 412 -136.4900 139.0500 35 501 -135.0700 167.0801 36 397 -89.9500 116.7300
2.7466918512e-001 -9.4281453292e-001 2.7654465552e+000
204 138 106
3 37 110 31.5400 -143.5300 38 101 -52.3700 -141.8199 35 536 -27.9600 -116.4800
4.6223204100e-001 -1.0272822923e+000 2.7988995486e+000
131 157 154
3 37 1129 250.3600 -306.9900 38 961 167.9300 -317.3900 36 1002 229.1500 -325.9600
3.8380512906e-001 -1.1614214868e+000 2.9080112734e+000
132 28 35
4 37 709 91.9500 -514.2800 38 247 12.0600 -508.4800 35 715 45.5300 -484.7700 36 552 76.4100 -544.1500
3.8278194765e-001 -1.1692760934e+000 2.9117614457e+000
128 32 36
3 37 711 89.0400 -526.4500 38 267 8.4600 -520.1801 35 719 43.7400 -497.5100
3.8436298345e-001 -8.6985157585e-001 2.6603422193e+000
33 59 34
5 37 1267 228.5700 -22.6700 38 1264 130.8300 -32.6600 35 1157 162.1800 23.1800 36 1148 203.7100 -40.9500 39 1146 52.3900 3.8000
4.3661718092e-001 -9.4426687582e-001 2.7359036967e+000
152 104 89
5 37 1105 252.7200 -165.0500 38 951 165.8100 -176.4600 35 918 184.7400 -115.9200 36 971 228.0900 -183.1700 39 890 90.9000 -138.3300
3.8919068969e-001 -1.1758798852e+000 2.9128036354e+000
230 82 98
5 37 315 95.9000 -537.0500 38 607 16.2700 -531.6400 35 1026 52.2400 -507.2300 36 579 80.7000 -566.9800 39 565 -52.5100 -474.6801
3.0797759902e-001 -1.1801211218e+000 3.0038323760e+000
183 120 101
3 37 956 -53.3000 -561.9100 38 593 -109.1300 -544.1899 35 1045 -110.2400 -558.4000
3.0276117554e-001 -1.1811217273e+000 3.0066976477e+000
127 82 72
4 37 720 -61.7100 -563.8600 38 271 -116.4600 -546.0000 35 752 -119.1100 -562.3400 36 588 -83.8200 -603.7600
4.3174376964e-001 -1.3187690641e+000 3.0287798050e+000
29 22 20
5 37 996 86.7900 -785.1400 38 654 15.8600 -775.5500 35 1084 50.6300 -760.9600 36 894 75.7600 -820.1300 39 614 -49.6600 -712.1700
5.0891244295e-001 2.0217463282e-001 3.1031081544e+000
51 35 46
2 37 1204 140.5900 894.1100 38 878 376.0000 891.9301
4.5028474027e-001 -1.1871217768e+000 2.9041360985e+000
124 78 36
5 37 1149 177.3700 -560.3300 38 997 94.7200 -561.5699 35 1039 133.2700 -518.4800 36 870 163.7800 -586.1200 39 1053 22.5000 -509.1200
3.3822127420e-001 -1.2133100781e+000 2.9979130870e+000
165 81 51
2 37 976 -13.6000 -610.4301 38 836 -76.4500 -595.1600
4.4598455438e-001 1.9367588038e-001 3.1256313564e+000
71 59 59
2 37 1203 64.2300 886.9600 38 1030 297.2800 883.5601
4.8158899139e-001 1.5199529588e-001 3.1416811376e+000
80 71 66
2 37 1210 93.5000 823.2900 38 1034 324.6000 820.0100
1.0629021707e-001 -7.0252251416e-001 2.6927574265e+000
120 130 91
3 37 1223 -143.1800 239.1000 38 898 -204.2100 235.4399 39 650 -248.8000 268.4700
2.0054071924e-001 -7.9146035848e-001 2.6724777997e+000
34 59 38
4 37 1050 -11.0600 111.9000 38 719 -96.9200 107.7300 35 1342 -83.1800 141.1000 39 672 -158.2200 143.6300
2.8647041822e-001 -9.4106665136e-001 2.7562564313e+000
141 23 37
4 37 1281 51.4800 -138.9900 38 1118 -34.7700 -138.6801 35 1389 -7.7700 -109.2300 36 1166 27.6400 -164.8101
4.5175360559e-001 -1.1114994140e+000 2.8460526242e+000
86 40 43
4 37 1305 211.0800 -435.8800 38 1289 126.4700 -442.7400 35 1405 159.7500 -389.5000 36 1189 194.1900 -458.0800
4.9106698453e-001 1.0802840698e-001 3.1674853700e+000
83 74 57
2 37 1361 90.9400 759.6400 38 1185 319.7800 754.9800
2.9004162424e-001 -9.5114327621e-001 2.7593603159e+000
131 71 53
4 37 1282 54.4200 -154.3300 38 1119 -33.0000 -153.2300 35 1526 -3.3500 -124.4000 36 1300 30.8700 -180.0900
4.6578574396e-001 -1.1386661696e+000 2.8725166019e+000
75 30 33
5 37 1505 214.1000 -485.7700 38 1372 132.7200 -491.1100 35 1534 163.2400 -439.0500 36 1309 197.7300 -508.6400 39 1312 58.9600 -442.7800
4.7095331690e-001 2.0153214420e-001 3.1161382268e+000
100 85 52
2 37 1448 94.8600 894.4700 38 1317 329.3600 892.2900
4.7095331690e-001 2.0153214420e-001 3.1161382268e+000
100 85 52
2 37 1449 94.8600 894.4700 38 1318 329.3600 892.2900
1.4907545461e-001 -7.8908808998e-001 2.7463888477e+000
120 136 131
4 37 1480 -114.1200 87.5801 38 1237 -178.7100 89.5701 35 1603 -200.1100 105.1899 36 1387 -150.4700 60.2300
1.5685923195e-001 -8.1288284726e-001 2.7624351624e+000
148 146 130
5 37 1401 -112.9200 48.6900 38 1094 -176.6000 53.2900 35 1611 -197.2600 63.0100 36 1283 -148.4000 20.3400 39 860 -222.8300 93.5400
5.0754504560e-001 2.2945644133e-001 3.0863757094e+000
70 53 54
2 37 1527 147.6200 933.8199 38 1446 384.7700 934.1000
2.7523279550e-001 -8.2829993192e-001 2.6447622542e+000
55 102 128
5 37 1546 98.4600 62.6700 38 1355 -0.8800 54.2300 35 1688 35.2700 101.2700 36 1445 71.8700 40.2100 39 1282 -73.2200 90.6100
2.9648595461e-001 -1.1241889215e+000 2.9422424458e+000
151 34 45
4 37 1501 -35.2300 -461.3199 38 1288 -99.8500 -447.0300 35 1627 -91.7600 -451.4700 36 1403 -57.1200 -496.9500
3.3709392231e-001 -8.0028383411e-001 2.6017439642e+000
161 153 130
5 37 1608 201.6400 106.4900 38 1483 97.1500 94.1899 35 1772 133.7000 151.5500 36 1516 174.5900 87.0400 39 1417 17.1300 128.4299
3.1685910517e-001 -9.6352205712e-001 2.7510119039e+000
139 24 38
4 37 1610 92.5200 -172.7900 38 1462 1.9900 -173.8000 35 1779 37.3200 -137.9200 39 1385 -68.9100 -130.3400
4.3104165240e-001 -6.3443390284e-001 2.5681101089e+000
167 150 130
3 37 469 343.5000 313.8301 38 679 269.1400 293.9800 36 16 298.7000 300.6300
3.5395814472e-001 -7.0371917856e-001 2.5475283296e+000
197 151 106
2 37 477 258.7000 256.7200 38 696 154.5900 239.0200
4.3284787535e-001 -6.6086685148e-001 2.5871330598e+000
162 43 46
3 37 482 334.4800 269.2100 38 700 260.6800 251.1000 36 382 290.8200 254.9600
5.0982607286e-001 -9.4814573583e-001 2.7931716237e+000
207 73 77
4 37 876 313.2500 -211.5500 38 956 247.2900 -228.2100 35 109 227.7000 -159.5000 36 446 282.9200 -226.5000
3.1466789590e-001 -1.0234555581e+000 2.8138195425e+000
177 111 94
4 37 150 55.6000 -277.7800 38 134 -27.9400 -273.9500 35 129 2.7200 -250.4200 36 149 34.4500 -305.2300
4.6413322700e-001 -1.0590114162e+000 2.8191206221e+000
169 93 74
4 37 634 241.6800 -357.9600 38 509 159.5200 -366.5300 35 147 181.7600 -309.4700 36 170 221.2600 -377.6801
4.5481112169e-001 -1.0903426102e+000 2.8349999547e+000
173 92 99
5 37 649 221.0000 -403.1000 38 532 136.5900 -410.8700 35 166 166.7800 -356.6700 36 517 202.8800 -424.8101 39 505 62.2100 -364.1100
4.9287071361e-001 -1.0797849266e+000 2.8493246590e+000
121 86 90
5 37 212 260.5900 -403.8900 38 538 184.9100 -414.3199 35 169 197.8500 -353.0400 36 189 240.1900 -422.5500 39 508 113.7500 -371.5400
4.5655940437e-001 -1.1390712928e+000 2.8683174582e+000
77 41 37
4 37 292 204.7200 -483.0100 38 249 122.1100 -487.6000 35 190 155.6800 -438.1400 36 214 189.0100 -506.4900
3.6095550340e-001 -1.1820860698e+000 2.9422342364e+000
206 54 69
3 37 330 44.3100 -551.2000 38 263 -28.8500 -541.0400 35 276 -0.9300 -530.0200
4.8095258854e-001 -1.1874435910e+000 2.9085713466e+000
69 34 40
4 37 338 214.6900 -569.3101 38 622 135.2000 -574.7700 35 286 164.6900 -523.9700 36 268 198.9100 -593.6100
5.0234359101e-001 -1.3424424448e+000 3.0246482482e+000
159 63 43
5 37 778 177.7800 -829.9200 38 662 103.7300 -828.9301 35 440 143.3300 -789.4800 36 662 168.7000 -859.0800 39 622 33.0800 -770.2400
4.5511940053e-001 -1.3518907465e+000 3.0453000605e+000
163 84 47
3 37 450 107.2600 -843.0400 38 352 35.9200 -835.3101 35 444 74.1400 -815.9700
3.4763256519e-001 -7.0180284925e-001 2.5435672541e+000
169 41 43
2 37 813 253.0000 263.2800 38 694 147.4600 245.3900
3.5094180213e-001 -7.4407911036e-001 2.5551300427e+000
155 163 143
4 37 497 245.8000 201.3301 38 405 141.1300 185.7800 35 485 170.7500 250.1400 36 391 216.4500 185.7900
3.5066018458e-001 -7.4457264899e-001 2.5556133479e+000
155 163 143
3 37 498 245.8000 201.3301 38 404 141.1300 185.7800 35 486 170.7500 250.1400
1.8118869120e-001 -7.6557225279e-001 2.6616960485e+000
35 57 29
5 37 511 -29.9000 154.4299 38 413 -114.7800 150.4700 35 503 -103.8800 182.8101 36 396 -61.6200 130.5500 39 61 -174.0100 184.5000
3.4240522849e-001 -7.7967919651e-001 2.5858211517e+000
81 105 112
4 37 516 217.6100 139.1699 38 423 112.6700 126.0801 35 504 147.9200 186.2600 39 675 31.3800 158.1699
2.2826578719e-001 -9.2720562550e-001 2.7921366866e+000
193 126 106
4 37 548 -40.6200 -126.0601 38 95 -114.7900 -120.2100 35 534 -106.7700 -107.2100 36 426 -67.9200 -155.5200
4.5493342039e-001 -9.5019340686e-001 2.7493303847e+000
175 41 48
5 37 873 268.2100 -182.8400 38 761 185.3000 -195.3500 35 542 197.3200 -132.5699 36 744 243.3800 -199.3800 39 714 111.5800 -157.9100
4.5493342039e-001 -9.5019340686e-001 2.7493303847e+000
175 41 48
5 37 874 268.2100 -182.8400 38 762 185.3000 -195.3500 35 543 197.3200 -132.5699 36 743 243.3800 -199.3800 39 715 111.5800 -157.9100
4.4886647155e-001 -1.0694502514e+000 2.8210416112e+000
179 125 83
3 37 632 220.6700 -369.0800 38 510 136.6700 -375.8000 35 601 164.8900 -322.8199
4.7232703173e-001 -1.0813906781e+000 2.8343936050e+000
71 37 36
4 37 922 243.3600 -395.5800 38 794 162.4000 -405.3300 35 605 185.0800 -346.2000 36 816 224.2200 -415.5800
5.3657059865e-001 -1.0845176010e+000 2.8821803314e+000
34 22 18
3 37 935 294.9800 -428.4301 38 981 231.8700 -442.8500 39 1050 166.1300 -403.4600
4.5441218497e-001 -1.1276158110e+000 2.8610368979e+000
70 35 41
5 37 667 206.0500 -463.8400 38 805 122.8000 -467.8700 35 640 155.8600 -418.6200 36 533 190.0100 -487.0800 39 541 48.2100 -420.6000
4.6517483731e-001 -1.1636426294e+000 2.8892713514e+000
60 22 29
5 37 718 203.8300 -525.7200 38 819 123.1000 -529.9399 35 681 156.2000 -480.2700 36 583 189.1500 -550.0100 39 767 49.3800 -479.9000
3.5900659788e-001 -1.1566677934e+000 2.9129402227e+000
131 32 41
4 37 686 57.4400 -505.7300 38 240 -19.1200 -497.9000 35 706 12.4300 -481.6100 39 235 -84.1500 -441.7200
3.7206904580e-001 -1.1604393427e+000 2.9083377001e+000
130 32 37
4 37 289 76.5800 -510.4600 38 242 -2.6400 -503.7000 35 707 32.6200 -483.1801 36 232 60.0800 -541.2500
3.7243709530e-001 -1.1813961753e+000 2.9351372496e+000
142 28 44
3 37 730 62.8300 -550.0000 38 603 -12.3400 -541.0200 35 740 17.4000 -525.6700
3.5877979293e-001 -1.2347106877e+000 3.0029411157e+000
192 121 68
3 37 746 8.9400 -644.9700 38 298 -55.6700 -630.8700 35 783 -35.9500 -632.7000
4.8653772394e-001 -1.2779137308e+000 2.9752916401e+000
138 65 41
4 37 987 184.7100 -718.5100 38 860 108.0100 -720.0800 35 817 144.4300 -676.9800 39 611 35.8300 -663.1500
4.3450055993e-001 -1.3371945919e+000 3.0543037392e+000
154 89 48
4 37 441 76.2200 -820.8101 38 346 10.0600 -811.1500 35 834 39.1300 -798.8500 39 336 -52.6100 -747.5000
1.8039726842e-001 -7.2623117807e-001 2.6306424852e+000
31 55 37
4 37 824 -14.2200 220.6799 38 705 -103.1300 212.8401 35 875 -90.1000 252.2900 36 698 -46.9400 197.6400
4.3165915408e-001 -9.3079191483e-001 2.7256799202e+000
138 97 79
5 37 1096 252.2400 -142.0000 38 943 164.3800 -153.6801 35 912 183.4600 -92.4700 36 964 226.8200 -160.1200 39 1027 89.6300 -115.7000
4.3050602542e-001 -9.3203569763e-001 2.7235340297e+000
138 97 79
4 37 1097 252.2400 -142.0000 38 944 164.3800 -153.6801 35 913 183.4600 -92.4700 36 965 226.8200 -160.1200
2.0875457643e-001 -9.3401226279e-001 2.8258447175e+000
13 56 101
4 37 868 -82.2400 -146.8400 38 751 -147.6500 -137.6400 35 921 -153.3000 -134.6300 36 967 -112.5700 -176.7400
4.5087190848e-001 -1.0559857431e+000 2.8117356814e+000
177 123 73
4 37 902 228.4600 -347.4100 38 786 143.0200 -355.2800 35 957 171.0900 -300.1600 39 738 69.7400 -310.5601
3.4571194882e-001 -1.1049941613e+000 2.8762301181e+000
82 48 38
4 37 928 60.9200 -418.0500 38 792 -18.3000 -412.2700 35 1000 11.9700 -391.6600 36 827 42.1700 -448.1500
3.4571194882e-001 -1.1049941613e+000 2.8762301181e+000
82 48 38
4 37 929 60.9200 -418.0500 38 793 -18.3000 -412.2700 35 1001 11.9700 -391.6600 36 828 42.1700 -448.1500
3.0291200721e-001 -1.1186571844e+000 2.9353531814e+000
184 119 94
5 37 1139 -24.0900 -453.5000 38 978 -88.6700 -440.6400 35 1009 -80.3500 -442.6400 36 1017 -44.9700 -488.9700 39 908 -143.2800 -384.9600
3.5642553364e-001 -1.1347759806e+000 2.8958052697e+000
185 121 98
5 37 942 63.6800 -468.4200 38 802 -14.6600 -461.5900 35 1011 16.6400 -442.9200 36 847 46.9000 -499.3700 39 521 -79.6600 -407.3900
4.4044313122e-001 -1.1456453945e+000 2.8752135568e+000
108 58 28
5 37 1143 180.0600 -491.4600 38 813 97.8900 -492.9700 35 1014 134.7900 -448.4200 36 1022 163.8700 -517.0699 39 761 24.6500 -441.4600
3.0959889435e-001 -1.1373862655e+000 2.9446602729e+000
131 26 40
3 37 678 -20.2000 -482.1700 38 556 -86.1900 -468.3199 35 1018 -74.2000 -470.1801
3.4733004531e-001 -1.1764895886e+000 2.9469859588e+000
205 55 72
5 37 951 25.0900 -543.8600 38 816 -46.9100 -532.2100 35 1032 -22.4800 -525.8900 36 866 7.7900 -578.0800 39 557 -105.9300 -474.6200
3.5492925589e-001 -1.2511113197e+000 3.0281531626e+000
99 38 14
4 37 752 -9.3700 -676.5500 38 308 -69.2300 -660.2800 35 1060 -56.0600 -668.4900 36 624 -26.0100 -715.7000
3.8188832578e-001 -1.2859187520e+000 3.0403673299e+000
172 84 38
5 37 763 17.8500 -735.0000 38 645 -44.6300 -720.7700 35 1076 -25.1400 -724.2400 36 643 3.0600 -773.6700 39 610 -101.2500 -656.3000
3.6112713990e-001 2.2935953171e-001 3.1276751529e+000
91 63 56
2 37 1008 -25.9700 946.5699 38 872 208.7600 943.4399
2.8756543936e-001 1.8632913332e-001 3.1787781706e+000
70 51 57
2 37 1017 -126.8600 888.5300 38 874 107.5000 883.0900
2.9806876709e-001 1.8169201646e-001 3.1729259224e+000
93 62 70
2 37 1019 -113.2600 884.9800 38 875 119.4800 878.6200
4.2898701759e-001 -7.5030883248e-001 2.6373250463e+000
168 161 83
4 37 1236 300.1600 128.8900 38 1231 218.9300 113.3700 36 1118 264.3900 112.7200 39 1123 148.9300 141.9199
3.8418883906e-001 -8.3122474055e-001 2.6287749123e+000
166 156 56
4 37 1257 246.3600 43.8800 38 1257 148.2300 29.2000 35 1154 175.3900 93.5801 36 1142 219.4700 27.6300
4.0961176516e-001 -9.4679286478e-001 2.7199930996e+000
159 108 89
5 37 1094 227.0200 -155.5400 38 948 133.7000 -165.1300 35 1174 165.2800 -107.7100 36 970 205.4300 -173.7000 39 883 56.3000 -125.8700
4.6405397010e-001 -9.3888136509e-001 2.7499452151e+000
176 43 48
5 37 1286 279.6000 -169.8500 38 1272 199.1700 -183.9000 35 1177 204.9200 -119.7200 36 1170 252.9300 -186.9700 39 1156 126.9700 -147.3400
3.6257307724e-001 -1.0409677648e+000 2.8021864817e+000
163 142 118
5 37 1126 121.7500 -306.3199 38 1135 34.1100 -304.7100 35 1206 71.7100 -270.3700 36 1180 103.8000 -330.2200 39 900 -38.0300 -258.6500
4.4357721397e-001 -1.0837609581e+000 2.8275937688e+000
103 48 48
5 37 1302 210.7500 -389.8500 38 1140 124.9200 -394.5000 35 1214 157.8800 -343.9700 36 1184 192.9300 -411.4900 39 1176 50.4200 -348.5400
4.4654931917e-001 -1.0949593765e+000 2.8362846470e+000
96 43 48
5 37 1304 209.9200 -408.4399 38 1142 124.5500 -413.3700 35 1223 157.3500 -363.5601 36 1185 192.4900 -431.2400 39 1046 50.0400 -366.6100
4.9947628497e-001 -1.1957304880e+000 2.9271624780e+000
161 124 90
4 37 1316 226.6800 -589.8400 38 1155 152.0800 -596.0800 36 1038 211.9000 -612.5100 39 1061 81.7100 -545.5400
4.9947628497e-001 -1.1957304880e+000 2.9271624780e+000
161 124 90
4 37 1317 226.6800 -589.8400 38 1156 152.0800 -596.0800 36 1037 211.9000 -612.5100 39 1060 81.7100 -545.5400
3.7291694407e-001 2.2707103623e-001 3.1293657428e+000
136 102 92
2 37 1191 -14.2200 940.5900 38 1023 221.1800 935.5601
3.1164298529e-001 2.2057258472e-001 3.1542247756e+000
117 60 65
2 37 1190 -90.4600 934.5100 38 1022 145.9000 928.5900
3.0486243090e-001 2.0895097721e-001 3.1621629982e+000
95 44 49
2 37 1196 -101.2000 919.1100 38 1026 134.4600 912.4900
3.3800169327e-001 1.8208201230e-001 3.1689186705e+000
71 42 51
2 37 1202 -68.8800 876.5100 38 1029 164.5200 870.7100
3.8418947950e-001 1.9019699661e-001 3.1507519381e+000
132 97 93
2 37 1349 -12.0300 883.7200 38 1177 221.3900 879.1500
4.3406070756e-001 2.0513503630e-001 3.1322388302e+000
70 54 55
2 37 1016 48.9000 897.3300 38 877 284.3900 894.8800
3.4564763774e-001 1.4132668974e-001 3.1886415499e+000
47 29 29
2 37 1207 -69.5500 819.5300 38 1032 160.9100 812.8800
3.5827813138e-001 1.5092331088e-001 3.1829759431e+000
59 42 48
2 37 1208 -53.6900 829.2900 38 879 177.8200 823.4500
3.5626768282e-001 1.3417083574e-001 3.1913517659e+000
104 88 65
2 37 1209 -59.5200 806.7300 38 1033 170.5600 801.6799
2.2227291199e-001 -9.2122742652e-001 2.7946693461e+000
147 27 42
5 37 1274 -48.9900 -118.4600 38 939 -121.8200 -113.2200 35 1383 -117.4900 -100.1700 36 1159 -77.4100 -147.9200 39 876 -176.4400 -68.0699
2.5497517124e-001 -9.3989080141e-001 2.7784814547e+000
214 137 117
5 37 1279 0.2600 -141.9200 38 1116 -79.7100 -138.3300 35 1386 -62.0400 -117.8800 36 1164 -25.4300 -169.5900 39 878 -140.7600 -92.9600
4.6625754129e-001 -1.0488545699e+000 2.8133750535e+000
174 100 76
5 37 1424 247.4000 -341.4000 38 1368 164.4900 -352.6400 35 1402 186.3500 -292.2000 36 1307 226.4600 -361.0200 39 1304 91.4300 -309.4900
5.2296352761e-001 -1.1339124895e+000 2.8933068168e+000
129 99 91
2 37 1430 273.0000 -496.1000 38 1373 203.4600 -508.6200
3.7045924838e-001 -1.2129027552e+000 2.9631104308e+000
181 125 99
5 37 1158 44.4900 -603.6801 38 1000 -27.3500 -592.3900 35 1412 1.9400 -583.7700 36 1198 30.0500 -637.8300 39 919 -89.5200 -532.9900
4.0202188508e-001 1.8920259848e-001 3.1418072629e+000
148 66 45
2 37 1350 10.6600 884.2700 38 1178 243.2600 878.7200
3.4637608825e-001 1.2487660327e-001 3.1978509956e+000
67 40 36
2 37 1355 -72.7800 795.6100 38 1180 156.5500 790.7100
4.0717377667e-001 1.2933908834e-001 3.1821847867e+000
130 105 101
2 37 1357 -2.2700 793.7300 38 1181 227.6200 789.2700
4.2301403761e-001 1.2861472914e-001 3.1775743235e+000
52 30 19
2 37 1358 16.2100 792.2500 38 1035 246.0600 786.8101
4.2974868723e-001 1.0447409173e-001 3.1895326550e+000
110 54 39
2 37 1360 17.7400 757.4399 38 1184 245.9300 753.5000
3.1407758943e-001 7.6501432858e-002 3.2405946855e+000
83 60 70
2 37 1362 -124.9300 728.6100 38 1186 103.5500 723.3600
3.1407758943e-001 7.6501432858e-002 3.2405946855e+000
83 60 70
2 37 1363 -124.9300 728.6100 38 1187 103.5500 723.3600
3.4547176249e-001 6.6467794390e-002 3.2365597376e+000
164 94 62
2 37 1364 -90.4200 712.4299 38 1188 136.5100 707.4200
1.6795573737e-001 -7.3164652544e-001 2.6456732086e+000
13 80 122
4 37 1381 -37.7500 208.0701 38 1217 -123.8900 202.5801 35 1492 -114.9900 237.5400 36 1254 -71.2900 184.8401
1.6789879242e-001 -7.5293246490e-001 2.6705489069e+000
47 82 51
4 37 1384 -51.2900 167.9199 38 1071 -132.8400 164.0100 35 1496 -128.5800 195.5000 36 1258 -84.8500 143.8301
1.6667087200e-001 -7.5481416528e-001 2.6681477234e+000
47 82 51
5 37 1385 -51.2900 167.9199 38 1070 -132.8400 164.0100 35 1497 -128.5800 195.5000 36 1259 -84.8500 143.8301 39 983 -189.4800 198.3401
4.1241604028e-001 -8.5987132662e-001 2.6672553166e+000
34 59 28
5 37 1489 260.4100 -18.5800 38 1425 167.8600 -32.7900 35 1524 187.3000 30.5800 36 1395 233.5300 -34.7800 39 1356 91.1400 1.7300
4.5800149414e-001 1.6799540187e-001 3.1413758913e+000
131 116 111
2 37 1450 69.3100 846.3300 38 1319 301.5000 842.9800
4.1359329303e-001 1.4373444296e-001 3.1692217501e+000
21 10 16
2 37 1533 10.2700 814.7500 38 1398 240.5200 811.1500
3.2038276180e-001 1.0655073977e-001 3.2184938384e+000
33 19 32
2 37 1452 -108.9800 771.4399 38 1183 120.4300 765.4600
1.3724829400e-001 -7.6490609276e-001 2.7293928430e+000
110 130 131
5 37 1476 -119.9200 131.0000 38 1223 -185.6800 130.3201 35 1600 -207.2200 149.7400 36 1380 -157.9400 105.0601 39 1114 -231.4600 166.0601
2.1931877247e-001 -8.2242344632e-001 2.6841773732e+000
78 110 105
5 37 1487 6.2300 61.7000 38 1246 -81.0300 59.6500 35 1609 -62.1300 90.2000 36 1389 -22.4100 37.0000 39 1126 -144.7400 98.9600
4.5014706188e-001 -1.0612803861e+000 2.8165894166e+000
171 127 80
5 37 1500 225.0900 -356.4800 38 1367 140.5000 -364.1100 35 1623 168.1400 -309.3700 36 1402 205.9100 -377.1700 39 1308 66.6100 -319.0800
4.8106673611e-001 -1.2466473693e+000 2.9539237508e+000
16 64 104
5 37 1558 189.3600 -666.8900 38 1439 111.9800 -668.0601 35 1634 146.4000 -626.0800 36 1461 177.0300 -693.3000 39 1367 40.2100 -612.7600
5.0281236671e-001 -1.2552731655e+000 2.9617683231e+000
156 120 85
3 37 1560 211.9900 -685.7400 38 1442 138.9100 -690.5800 36 1462 199.5900 -709.9301
4.1313417063e-001 2.3069076810e-001 3.1174720584e+000
39 55 44
2 37 1526 33.8200 940.4500 38 1392 269.8500 937.5200
4.1313417063e-001 2.3069076810e-001 3.1174720584e+000
39 55 44
2 37 1525 33.8200 940.4500 38 1391 269.8500 937.5200
3.6559174018e-001 2.1746307259e-001 3.1388542543e+000
134 106 89
2 37 1528 -26.2600 925.9200 38 1394 208.8400 920.8900
4.2907401889e-001 2.1417619542e-001 3.1221814289e+000
169 115 68
2 37 1529 48.2900 915.5200 38 1395 283.2700 912.1500
4.2907401889e-001 2.1417619542e-001 3.1221814289e+000
169 115 68
2 37 1530 48.2900 915.5200 38 1396 283.2700 912.1500
4.4106446707e-001 2.2668402196e-001 3.1040280470e+000
34 33 32
2 37 1444 69.4000 937.5500 38 1393 304.0300 935.2500
3.7321391023e-001 -8.2007780482e-001 2.6191835925e+000
30 59 29
5 37 1547 237.6700 64.7100 38 1461 136.0500 50.1700 35 1689 167.9100 113.4099 36 1446 210.9000 47.9100 39 1382 56.4600 82.9700
4.4428606167e-001 -1.0420732994e+000 2.7992669758e+000
15 74 108
5 37 1591 227.4900 -322.3700 38 1468 140.9100 -329.9100 35 1695 169.8400 -276.4700 36 1496 207.4900 -343.5800 39 1391 66.0600 -284.7800
4.5256465578e-001 -1.1675934444e+000 2.8909998173e+000
154 110 63
4 37 1556 187.5400 -529.5400 38 1432 105.4400 -530.8900 35 1704 141.0600 -488.3300 36 1456 172.9100 -555.0200
3.5467624745e-001 -1.2192373141e+000 2.9879367074e+000
176 127 95
5 37 1516 9.6800 -617.9800 38 1377 -54.2000 -605.3800 35 1706 -32.4500 -605.6899 36 1458 -4.5100 -655.8800 39 1314 -111.8500 -545.6801
4.3884848034e-001 -1.2321455969e+000 2.9400496111e+000
67 19 27
5 37 1557 143.3100 -633.4301 38 1435 62.9100 -630.9000 35 1707 103.9900 -596.5300 36 1459 131.5300 -661.9200 39 1366 -8.6000 -574.1100
3.2589722077e-001 -1.2251144889e+000 3.0330729992e+000
156 120 96
4 37 1515 -47.9900 -637.4399 38 1298 -101.7100 -618.2700 35 1708 -100.4900 -636.5000 36 1412 -66.9500 -678.8700
3.9070065657e-001 -1.3145739659e+000 3.0689991252e+000
167 129 107
5 37 1440 13.7400 -787.1801 38 1305 -45.3000 -771.2500 35 1711 -29.2700 -777.7800 36 1416 -1.3500 -826.5699 39 1066 -100.5400 -707.4500
4.9282090045e-001 -1.3696253921e+000 3.0479782457e+000
176 80 40
4 37 1568 153.1800 -875.9301 38 1445 81.2400 -873.1100 35 1713 120.8000 -841.0000 36 1474 145.4300 -907.9500
4.3112033980e-001 1.7856700778e-001 3.1380039005e+000
25 16 21
2 37 1572 42.8600 866.9100 38 1447 274.5000 863.1400
3.8229693642e-001 1.2562114989e-001 3.1905218160e+000
30 19 27
2 37 1574 -31.9200 791.4700 38 1449 197.6800 786.4399
4.2802510576e-001 -1.1685192617e+000 2.8958137499e+000
41 15 23
5 37 1592 154.4200 -527.1899 38 1469 71.9200 -525.6300 35 1755 109.1100 -491.9800 36 1503 139.2300 -555.8800 39 1393 -0.0800 -471.7500
3.1543765190e-001 -1.2463124077e+000 3.0827152148e+000
79 63 56
3 37 1595 -84.9700 -682.1100 38 1436 -129.9100 -657.6500 35 1788 -144.3300 -690.8300
3.3327285158e-001 -1.2489620038e+000 3.0524984539e+000
167 139 110
4 37 1596 -49.7000 -679.7400 38 1438 -100.5800 -659.8900 35 1789 -101.2100 -677.3500 36 1527 -67.5500 -720.2700
4.4434913893e-001 1.5044196089e-001 3.1574880349e+000
156 116 86
2 37 1622 47.5900 821.6200 38 1497 278.7800 817.2200
3.8136509163e-001 2.1028084774e-001 3.1386092350e+000
120 83 75
2 37 1631 -9.4400 913.1400 38 1495 225.0100 910.0000
3.8946032607e-001 1.5674604315e-001 3.1671711044e+000
25 15 24
2 37 1632 -14.0000 836.4700 38 1520 216.8900 831.9399
4.8549345291e-001 -1.3158679517e+000 3.0131793713e+000
174 92 36
4 37 1669 165.5600 -786.5800 38 1558 89.0200 -786.8900 35 1856 118.0300 -751.7400 36 1584 157.3900 -813.2600
4.2073402201e-001 -7.0959981904e-001 2.6024545704e+000
69 98 116
3 37 500 309.2100 201.7500 38 711 229.2000 184.9199 36 61 271.5500 187.9000
4.3622301106e-001 -7.8978536852e-001 2.6576670542e+000
50 56 22
4 37 530 297.3600 68.1300 38 735 215.3500 51.1300 36 83 263.8700 53.4500 39 685 144.0300 80.4700
4.4739622489e-001 -8.8931101419e-001 2.7108360581e+000
149 55 55
3 37 542 281.1200 -85.7900 38 749 197.8900 -101.8400 36 113 252.6900 -101.6300
4.4739622489e-001 -8.8931101419e-001 2.7108360581e+000
149 55 55
3 37 543 281.1200 -85.7900 38 750 197.8900 -101.8400 36 114 252.6900 -101.6300
4.8228345711e-001 -1.0091606321e+000 2.8046320116e+000
36 72 102
4 37 166 272.4600 -289.5699 38 488 195.5500 -302.3900 36 156 248.7900 -307.6400 39 460 124.6100 -262.6300
4.8480085892e-001 -1.0551994400e+000 2.8324021408e+000
73 31 28
4 37 195 260.8500 -362.1300 38 515 183.3600 -372.5400 36 172 238.3500 -381.4200 39 488 111.6800 -330.4700
4.6373894446e-001 -1.0638210334e+000 2.8266505300e+000
85 33 31
3 37 635 237.9500 -366.6200 38 511 155.7200 -374.7700 36 174 216.4500 -388.5300
5.0753375365e-001 -1.0743735719e+000 2.8589121245e+000
110 77 84
4 37 213 274.0000 -403.0400 38 540 202.4800 -415.1899 36 190 252.1700 -420.8700 39 511 133.8200 -373.2800
5.0824698763e-001 -1.1881460729e+000 2.9258254072e+000
109 50 35
4 37 350 239.0500 -579.7300 38 626 165.7900 -588.2000 36 271 222.3600 -604.1600 39 598 94.8400 -538.7800
4.9824133742e-001 -1.2366154075e+000 2.9510391390e+000
25 58 90
4 37 387 212.7500 -653.6100 38 315 137.1300 -658.6500 36 302 199.3400 -678.1000 39 307 65.2900 -605.5601
1.1444784024e-001 -6.9021509264e-001 2.6806081475e+000
148 45 50
3 37 472 -122.9700 255.5500 38 32 -191.3300 250.8800 36 372 -163.3100 230.9500
1.4539322062e-001 -7.0675631396e-001 2.6506726609e+000
146 49 49
3 37 486 -68.3600 243.4099 38 39 -149.1200 238.0100 36 386 -104.5500 220.3401
3.5490649419e-001 -7.3445993344e-001 2.5571692265e+000
179 37 39
3 37 826 251.4400 211.1899 38 706 146.8500 195.5801 36 388 220.3600 193.5300
3.7208984592e-001 -7.7730946770e-001 2.5949298258e+000
76 106 114
3 37 517 250.9700 131.2200 38 723 151.1700 117.3201 36 401 222.1300 115.1000
3.6696497590e-001 -1.1606758914e+000 2.9196004989e+000
197 59 74
3 37 708 64.3200 -513.9399 38 580 -11.9500 -506.9399 36 573 47.5000 -545.7400
3.8182610654e-001 -1.1729975154e+000 2.9147739728e+000
208 70 81
4 37 714 84.8600 -532.1801 38 604 6.2100 -525.8800 36 578 70.7200 -563.2600 39 257 -60.5500 -469.8300
3.2628514517e-001 -1.1738741606e+000 2.9641104611e+000
184 61 71
4 37 703 -11.4600 -544.1700 38 261 -76.1100 -530.0100 36 591 -29.7400 -580.3900 39 248 -132.2200 -471.3700
3.3974608465e-001 -1.1940318099e+000 2.9755988747e+000
112 76 54
3 37 723 0.0100 -576.1100 38 277 -65.7200 -562.5300 36 605 -18.2400 -613.0500
5.1378150078e-001 -1.3300810759e+000 3.0218803163e+000
132 75 61
4 37 776 194.7400 -811.5000 38 660 121.9700 -813.9600 36 660 184.7900 -839.0800 39 618 50.9800 -756.7800
4.5530716452e-001 -1.3534166262e+000 3.0564663268e+000
36 13 8
3 37 784 101.7200 -847.6400 38 353 31.9400 -839.4700 36 668 92.4900 -883.7300
4.6832140485e-001 -1.3531768414e+000 3.0454564482e+000
48 16 7
4 37 452 124.6200 -844.7300 38 355 52.2500 -838.8101 36 669 115.8400 -878.7900 39 346 -16.1000 -776.2200
1.0879628826e-001 -6.7411202047e-001 2.6729063056e+000
175 37 47
3 37 807 -126.4900 281.5400 38 371 -193.9900 275.9800 36 683 -166.5500 257.3201
1.3214562959e-001 -7.0498277647e-001 2.6684329887e+000
173 41 52
3 37 820 -94.2900 239.0100 38 385 -169.3000 234.5200 36 696 -132.4400 215.3700
1.6327626523e-001 -7.5751360094e-001 2.6729768158e+000
154 156 34
4 37 503 -58.6400 163.6699 38 401 -138.7300 160.4399 36 704 -91.9600 139.5200 39 388 -194.2300 195.1200
1.9866515804e-001 -8.7579225852e-001 2.7679707599e+000
158 146 134
4 37 860 -64.8100 -43.5300 38 435 -137.0300 -38.7500 36 729 -95.0400 -71.5300 39 90 -190.5900 3.7000
1.9866515804e-001 -8.7579225852e-001 2.7679707599e+000
158 146 134
4 37 861 -64.8100 -43.5300 38 434 -137.0300 -38.7500 36 730 -95.0400 -71.5300 39 89 -190.5900 3.7000
3.2764688281e-001 -1.0192279392e+000 2.7985230069e+000
178 112 91
4 37 887 80.6300 -269.3101 38 772 -6.0200 -267.2700 36 774 60.0700 -295.6000 39 722 -75.4400 -218.5900
4.7380619366e-001 -1.0810165434e+000 2.8381258419e+000
71 37 36
4 37 921 243.3600 -395.5800 38 795 162.4000 -405.3300 36 815 224.2200 -415.5800 39 752 89.2100 -360.6899
4.9789936537e-001 -1.0739845862e+000 2.8517234717e+000
59 39 38
4 37 923 266.1500 -397.7200 38 974 192.3400 -408.7100 36 817 244.4100 -416.1000 39 753 121.5500 -365.9700
3.4350613242e-001 -1.1384722931e+000 2.9058836115e+000
181 125 99
4 37 939 42.3100 -475.8700 38 800 -34.6200 -466.5000 36 844 24.3100 -507.7800 39 755 -97.2600 -411.2200
5.1426970267e-001 -1.1122897252e+000 2.8853880837e+000
25 16 16
4 37 944 268.5700 -464.3700 38 986 197.9200 -475.8700 36 850 247.1200 -485.1801 39 914 128.8000 -432.3300
3.6436169968e-001 -1.1676034371e+000 2.9243377454e+000
189 45 60
4 37 952 58.4300 -525.8800 38 599 -17.5100 -517.2900 36 859 41.7000 -558.0300 39 558 -81.1200 -461.4800
4.5208167036e-001 -1.1944890720e+000 2.9091912766e+000
162 116 66
3 37 961 177.0400 -572.0500 38 832 94.7200 -572.8700 36 872 164.2000 -598.6200
5.0353827947e-001 -9.7137969614e-001 2.8043797428e+000
28 69 100
4 37 1293 299.0400 -246.8300 38 1276 230.0500 -260.3800 36 990 271.7200 -261.8800 39 1160 164.2800 -223.5800
4.3670605286e-001 -1.0929720820e+000 2.8323221820e+000
168 126 90
3 37 1303 199.3900 -402.0000 38 1141 113.1100 -407.1400 36 1013 183.1600 -424.3400
3.4564763774e-001 1.4132668974e-001 3.1886415499e+000
47 29 29
2 37 1206 -69.5500 819.5300 38 1031 160.9100 812.8800
1.7675537884e-001 -7.6463743339e-001 2.6602328222e+000
29 56 36
4 37 1231 -34.7700 158.2200 38 1076 -119.7400 153.7800 36 1109 -66.7300 135.1500 39 988 -179.4000 188.0500
4.4057784866e-001 -7.3089452167e-001 2.6338124102e+000
39 62 33
4 37 1235 316.8500 153.5400 38 1228 239.1000 134.4500 36 1111 279.1700 139.8800 39 1271 170.0600 160.5500
4.0822036180e-001 -7.6088255993e-001 2.6182456390e+000
42 59 35
4 37 1234 284.3000 130.6300 38 1230 194.1800 113.4700 36 1117 251.9900 116.5701 39 1270 119.6700 142.6200
4.7299764292e-001 -7.4469254699e-001 2.6676418936e+000
169 157 85
4 37 1245 337.9700 110.9000 38 1242 270.0200 92.9099 36 1119 299.1600 98.3201 39 1129 205.2500 118.1699
4.3067014601e-001 -8.0219435113e-001 2.6566674994e+000
36 61 35
4 37 1258 290.6800 54.9300 38 1250 205.9200 37.1000 36 1132 258.6900 40.8200 39 1285 132.8000 66.0200
4.1938217096e-001 -9.0406692003e-001 2.7033078857e+000
42 57 22
4 37 1088 249.6500 -97.5800 38 1266 159.1800 -106.4900 36 1153 224.7100 -114.1899 39 1154 83.0600 -68.8900
4.1938217096e-001 -9.0406692003e-001 2.7033078857e+000
42 57 22
4 37 1087 249.6500 -97.5800 38 1267 159.1800 -106.4900 36 1154 224.7100 -114.1899 39 1155 83.0600 -68.8900
2.9929561747e-001 -9.5311904425e-001 2.7507587313e+000
123 61 43
4 37 1283 70.5700 -155.6700 38 1120 -18.6700 -155.6700 36 1168 48.5000 -180.9000 39 1026 -88.0500 -110.7300
2.8635401598e-001 -1.1763659655e+000 3.0198430146e+000
179 124 108
3 37 1312 -89.4800 -560.7600 38 989 -137.2100 -541.4800 36 1196 -114.7400 -601.3300
2.4959162053e-001 2.0946388812e-001 3.1715240846e+000
110 86 74
2 37 1342 -164.8500 930.1000 38 1171 71.3900 922.2400
2.5536628085e-001 1.8870530971e-001 3.1801460038e+000
104 85 71
2 37 1345 -162.2600 900.9000 38 1174 72.2100 892.5500
3.0435028383e-001 1.0570921595e-001 3.2239167599e+000
78 71 87
2 37 1354 -128.1600 771.3900 38 1182 101.7100 765.7800
4.1895446859e-001 -7.8454810905e-001 2.6347162049e+000
38 62 29
3 37 1398 288.1000 90.3800 38 1352 201.9900 74.9399 36 1272 255.9200 75.9299
4.6648426218e-001 -7.5698224287e-001 2.6722983338e+000
169 160 92
4 37 1399 327.7400 94.8500 38 1353 257.5300 76.8401 36 1274 288.7000 81.2800 39 1279 192.8600 103.8900
2.0287005525e-001 -8.0553635993e-001 2.6891000438e+000
29 55 34
4 37 1396 -16.5100 85.0500 38 1091 -100.8100 82.5100 36 1278 -48.2200 59.7000 39 1003 -159.6500 120.2400
4.9476646651e-001 -7.9770267970e-001 2.7117447801e+000
48 60 30
4 37 1413 340.3600 18.5100 38 1262 276.7200 -0.0800 36 1291 302.2700 5.3700 39 1294 213.1200 27.0500
4.8238146776e-001 -9.3009649275e-001 2.7609215084e+000
167 154 122
4 37 1420 296.9700 -168.8101 38 1363 221.8000 -184.5500 36 1301 268.7000 -183.4100 39 1300 152.1700 -149.9399
4.7080576774e-001 -1.3564787426e+000 3.0470411243e+000
69 28 16
3 37 1443 126.7300 -852.5000 38 1312 53.9100 -845.3900 36 1324 117.8400 -885.2400
2.6677353058e-001 2.0345546846e-001 3.1706543474e+000
164 146 126
2 37 1446 -145.8900 919.2600 38 1313 89.4800 911.3800
3.1434576207e-001 1.9476076115e-001 3.1660749334e+000
134 84 83
2 37 1346 -92.8600 899.7300 38 1175 141.5000 891.2200
4.5111090516e-001 2.0650401205e-001 3.1170594165e+000
41 30 29
2 37 1347 73.7000 904.7100 38 1314 307.8300 901.8300
2.7217218221e-001 1.8232734796e-001 3.1841764089e+000
139 120 106
2 37 1447 -145.7200 886.0400 38 1315 88.7300 878.8800
3.4007811256e-001 -1.1323350352e+000 2.9094715173e+000
177 124 101
4 37 1502 35.7200 -467.7500 38 1290 -38.0300 -460.2300 36 1404 17.3100 -499.8500 39 1181 -99.8900 -404.9500
3.3946824776e-001 -1.1664715708e+000 2.9457031347e+000
154 22 37
3 37 1508 16.6100 -527.6899 38 1374 -54.1500 -515.6700 36 1407 -3.3900 -561.5900
3.2734375069e-001 1.4295661820e-001 3.1944933108e+000
142 46 57
2 37 1532 -91.3400 822.4200 38 1397 139.8600 815.9100
1.6255074731e-001 -7.8534948137e-001 2.7022001368e+000
72 111 134
4 37 1479 -75.4100 113.7400 38 1348 -150.9700 112.3201 36 1442 -108.3100 86.5400 39 1122 -205.2800 150.1300
3.9977210174e-001 -1.2744838210e+000 3.0096683838e+000
165 73 45
3 37 1562 56.5700 -710.8101 38 1383 -12.8600 -698.0601 36 1467 43.7600 -745.9700
4.3112033980e-001 1.7856700778e-001 3.1380039005e+000
25 16 21
2 37 1573 42.8600 866.9100 38 1448 274.5000 863.1400
2.8927950658e-001 1.5458094952e-001 3.1989795832e+000
19 14 21
2 37 1621 -133.6000 842.2400 38 1496 99.3600 835.6400
3.9719031519e-001 -1.2277090025e+000 2.9523129683e+000
179 123 94
4 37 1627 83.4000 -623.5200 38 1516 7.5100 -616.1899 36 1542 71.9600 -655.6100 39 1440 -61.3500 -558.1500
3.6448821887e-001 -6.9614175008e-001 2.5502884904e+000
224 142 104
2 37 24 270.4600 262.0200 38 387 169.7900 243.9299
4.2548181269e-001 -6.6133559713e-001 2.5812082579e+000
230 125 104
2 37 27 328.2100 271.7100 38 394 250.8600 252.8301
3.6293377681e-001 -7.5764451380e-001 2.5893507890e+000
136 141 21
3 37 45 245.8100 159.5100 38 415 143.2200 143.5901 39 399 63.0700 174.4000
1.6233958718e-001 -7.9291668576e-001 2.7177633472e+000
29 54 25
2 37 63 -83.8400 94.4800 38 80 -156.9200 94.9500
5.2734968738e-001 -9.6367618167e-001 2.8114200300e+000
127 168 199
3 37 138 320.9400 -242.9700 38 473 260.0700 -259.2600 39 733 196.8100 -224.9700
5.1103718418e-001 -9.8222324149e-001 2.8079255486e+000
131 161 176
3 37 154 303.6500 -262.1600 38 475 236.5400 -276.3400 39 729 170.1300 -240.1500
4.7510851060e-001 -1.0126161806e+000 2.7968040451e+000
120 166 191
2 37 164 266.2700 -289.2600 38 146 188.1100 -301.0300
3.2293268074e-001 -1.0520827058e+000 2.8385814563e+000
178 110 91
2 37 180 53.0700 -328.9800 38 154 -28.7000 -323.8000
4.6902622560e-001 -1.0704135385e+000 2.8291975277e+000
73 31 28
3 37 191 241.7700 -376.6600 38 195 160.3400 -385.2700 39 173 86.7300 -341.4301
4.7089844142e-001 -1.0653669248e+000 2.8253069228e+000
163 82 78
2 37 192 245.8900 -368.8700 38 513 165.2000 -378.8500
4.7643802186e-001 -1.0718440998e+000 2.8343085866e+000
74 36 35
3 37 193 248.0800 -382.2800 38 200 168.4500 -391.0000 39 174 95.5300 -347.6801
4.9036379020e-001 -1.0548445208e+000 2.8321229961e+000
154 85 83
3 37 196 266.1500 -361.3900 38 516 190.3000 -372.5800 39 489 118.9100 -330.9800
4.9238102014e-001 -1.0613849099e+000 2.8371189473e+000
146 83 84
3 37 198 265.9300 -372.3700 38 518 190.4800 -383.4100 39 492 119.1100 -341.6700
4.7589988221e-001 -1.0760212930e+000 2.8377084608e+000
149 81 83
3 37 208 245.5800 -388.4399 38 201 166.0000 -398.0300 39 208 93.3800 -354.0800
4.7875158434e-001 -1.0774755680e+000 2.8339087668e+000
82 42 40
2 37 209 251.0100 -390.0800 38 203 171.0600 -399.8500
4.7679378664e-001 -1.0862805154e+000 2.8401282757e+000
149 103 108
2 37 211 245.2100 -403.7700 38 209 165.2300 -413.0900
4.5929224771e-001 -1.1131669688e+000 2.8522993963e+000
105 52 62
2 37 230 217.1200 -441.4100 38 219 133.9900 -447.1899
4.6151931717e-001 -1.1532893485e+000 2.8805677278e+000
58 17 26
2 37 293 204.6900 -506.1801 38 251 122.1700 -511.5500
3.6120487773e-001 -1.1816566591e+000 2.9435471432e+000
206 54 69
2 37 331 44.3100 -551.2000 38 264 -28.8500 -541.0400
4.7705285869e-001 -1.2271037984e+000 2.9392908409e+000
147 143 157
2 37 365 192.5500 -632.2500 38 301 114.1000 -635.0900
4.7471881022e-001 -1.2301633648e+000 2.9410022285e+000
31 31 52
2 37 367 188.7300 -636.5100 38 304 110.0000 -639.3400
3.9114559334e-001 -1.2935109077e+000 3.0406433709e+000
174 138 123
2 37 418 29.5900 -746.4800 38 327 -34.4700 -732.4200
4.4235470521e-001 -1.3442304408e+000 3.0549915863e+000
45 17 10
2 37 442 86.4300 -832.2600 38 347 18.2600 -823.3800
4.5187182463e-001 -1.3479736437e+000 3.0505696340e+000
39 6 5
2 37 449 100.9200 -838.0300 38 349 30.9300 -830.2300
4.0961371341e-001 -6.5163996374e-001 2.5693750190e+000
169 43 42
2 37 468 315.5900 294.6300 38 691 234.9800 276.3500
4.1508933260e-001 -6.7366520478e-001 2.5776509389e+000
158 44 48
2 37 481 317.4800 261.2000 38 393 235.3300 242.2400
3.8728238444e-001 -6.9707040859e-001 2.5688791284e+000
155 50 47
2 37 491 287.9700 243.8301 38 389 195.3700 225.9700
4.5526317813e-001 -9.4096870342e-001 2.7467387720e+000
178 148 122
3 37 556 269.7800 -171.3400 38 758 187.6300 -183.2300 39 713 114.9900 -146.5500
4.9538638353e-001 -9.6720867940e-001 2.7878331917e+000
200 76 76
3 37 567 295.9300 -230.9399 38 767 224.0300 -245.0601 39 725 156.0300 -208.5800
4.7155408626e-001 -1.0601343510e+000 2.8252911893e+000
82 32 32
3 37 636 246.8300 -362.6700 38 788 166.6900 -370.9301 39 746 93.4600 -327.9200
3.3227496039e-001 -1.0901697113e+000 2.8706415018e+000
86 53 40
2 37 645 47.4100 -394.4000 38 524 -31.4500 -387.3800
4.4908060413e-001 -1.1084254713e+000 2.8477807384e+000
84 43 44
3 37 657 207.1300 -430.2000 38 548 122.2400 -436.2600 39 523 48.2400 -388.6400
5.1286402453e-001 -1.1243517610e+000 2.8881133155e+000
26 22 19
3 37 668 263.7400 -479.1100 38 584 192.5300 -490.1400 39 546 122.6500 -445.7100
5.5489560854e-001 -1.1061044430e+000 2.9085899586e+000
120 81 82
3 37 670 302.8300 -470.0900 38 586 244.6200 -486.4600 39 763 181.7000 -446.0000
3.0057817292e-001 -1.1385735176e+000 2.9538966927e+000
139 37 43
2 37 674 -36.7700 -486.0900 38 224 -99.4600 -471.5200
3.0057817292e-001 -1.1385735176e+000 2.9538966927e+000
139 37 43
2 37 675 -36.7700 -486.0900 38 223 -99.4600 -471.5200
3.4042038270e-001 -1.1762752828e+000 2.9513923697e+000
135 28 38
3 37 724 13.0900 -545.2300 38 262 -55.9300 -532.5800 39 250 -114.6200 -475.0000
1.0169251553e-001 -6.7471353115e-001 2.6745610044e+000
170 40 53
2 37 805 -138.0000 283.6599 38 369 -202.5900 278.2000
3.9207745060e-001 -6.6703323545e-001 2.5623345764e+000
170 44 45
2 37 817 297.9400 283.9000 38 686 210.0600 266.2700
3.9207745060e-001 -6.6703323545e-001 2.5623345764e+000
170 44 45
2 37 818 297.9400 283.9000 38 687 210.0600 266.2700
3.9991838625e-001 -6.9526949554e-001 2.5772088400e+000
167 46 51
2 37 823 298.7800 238.1599 38 710 210.4800 219.8700
3.7529584704e-001 -7.1818544093e-001 2.5648931015e+000
173 42 43
2 37 827 275.3500 222.8900 38 709 175.7500 204.7800
1.7593341203e-001 -7.7418002981e-001 2.6795153540e+000
49 91 115
3 37 832 -46.8800 136.1100 38 714 -126.1900 133.8401 39 666 -184.0800 169.9199
2.1748567193e-001 -7.9053588540e-001 2.6538098007e+000
28 54 29
3 37 841 20.7300 118.1200 38 421 -70.7400 114.1000 39 404 -135.3400 150.2000
2.1772286539e-001 -7.9069291930e-001 2.6542811565e+000
28 54 29
3 37 842 20.7300 118.1200 38 721 -70.2900 112.6300 39 405 -135.3400 150.2000
1.5397137358e-001 -8.0569036258e-001 2.7522244390e+000
38 53 26
2 37 852 -112.2800 62.2900 38 424 -176.4600 64.7900
5.2749105109e-001 -8.3245433728e-001 2.7423547337e+000
147 106 87
2 37 863 357.6000 -48.1800 38 1112 305.3500 -68.4000
3.4450970347e-001 -1.0885475265e+000 2.8642260436e+000
176 121 90
2 37 915 66.2600 -391.4500 38 790 -13.8600 -386.7800
4.5948247243e-001 -1.1082045772e+000 2.8487411122e+000
73 31 37
2 37 934 219.2700 -433.0100 38 798 136.0600 -439.8500
5.1105879530e-001 -1.1534444927e+000 2.9051443473e+000
83 52 50
3 37 954 252.6500 -523.7300 38 992 180.7300 -534.1300 39 918 109.9700 -487.6200
5.1315026528e-001 -1.1836311943e+000 2.9181556492e+000
162 118 85
2 37 962 248.3000 -570.7800 38 842 175.1000 -580.3800
2.8420725340e-001 -1.1882349519e+000 3.0371683705e+000
168 134 109
2 37 963 -100.7100 -581.3800 38 612 -146.9100 -560.4600
3.4266251942e-001 -1.2009387953e+000 2.9817699038e+000
180 129 102
2 37 967 0.6000 -588.4800 38 825 -64.7700 -574.3600
3.7642733320e-001 -1.2667142687e+000 3.0120050463e+000
184 113 59
3 37 981 25.1500 -699.0200 38 852 -41.2800 -683.6000 39 608 -100.6400 -621.2500
2.2790848778e-002 -1.2528779334e+000 3.2159974667e+000
50 38 48
2 37 982 -527.0800 -704.5601 38 1157 -524.0800 -637.6700
5.1574422987e-001 -1.3127951979e+000 3.0162939165e+000
192 130 96
3 37 1001 201.8100 -783.5000 38 1015 130.6500 -785.8300 39 1067 56.9000 -733.4900
3.5783570820e-001 -6.9501514085e-001 2.5492399697e+000
174 43 39
2 37 1030 262.5700 265.5601 38 900 161.2900 248.0801
2.0932749469e-001 -7.6629072176e-001 2.6382658225e+000
110 125 47
3 37 1038 18.6700 160.6799 38 716 -72.3400 153.4800 39 667 -137.7500 188.2000
4.6499090566e-001 -7.9325504664e-001 2.6720481239e+000
41 57 31
2 37 1067 322.9800 48.6100 38 1103 250.7100 30.6400
3.3807623263e-001 -1.0027571897e+000 2.7726829469e+000
12 71 105
3 37 1117 108.1700 -240.0500 38 1128 16.1800 -238.5699 39 1036 -55.3700 -192.5500
4.6213197938e-001 -1.0281643536e+000 2.7972292230e+000
131 157 154
2 37 1128 250.3600 -306.9900 38 962 167.9300 -317.3900
5.1218618135e-001 -1.0214982315e+000 2.8277728246e+000
80 54 64
3 37 1130 294.7900 -319.3900 38 1138 225.4800 -334.9100 39 1175 157.9100 -297.0900
4.4704145446e-001 -1.1220982987e+000 2.8577123868e+000
168 124 87
2 37 1142 198.9100 -453.1801 38 984 114.7900 -457.2900
1.8429988672e-001 -1.3892928598e+000 3.1253012953e+000
50 39 49
3 37 1181 -289.0900 -894.3500 38 1017 -343.7900 -839.8400 39 940 -388.0300 -753.0800
2.7936327469e-001 2.1417572851e-001 3.1627583859e+000
62 45 53
2 37 1187 -128.8900 931.5601 38 1172 107.0300 925.1100
3.9563171279e-001 2.2609936306e-001 3.1256850487e+000
160 109 84
2 37 1192 11.5200 935.5400 38 1024 247.3000 930.9600
3.8826065169e-001 2.0516568319e-001 3.1386013503e+000
108 60 53
2 37 1197 -2.1400 904.8400 38 1028 231.6200 903.6801
6.8437519968e-001 -3.4931435049e-002 3.1720689300e+000
64 60 75
2 37 1217 284.0200 566.3101 38 1047 506.9399 560.9399
3.6828265829e-001 -7.5709686233e-001 2.5918037006e+000
103 122 53
3 37 1233 251.0400 158.2800 38 1225 149.8600 141.2200 39 1117 70.0000 171.7100
4.6987668635e-001 -9.2370848971e-001 2.7459744048e+000
170 154 121
3 37 1284 287.9700 -153.2300 38 1270 210.3000 -165.3199 39 1158 139.2900 -129.2500
3.3637975819e-001 -1.1867037753e+000 2.9736079536e+000
182 122 93
2 37 1313 -2.8400 -564.6300 38 996 -68.0800 -551.2900
3.8129103731e-002 -1.2676702525e+000 3.2035839693e+000
50 40 49
2 37 1320 -503.1800 -722.4600 38 1159 -507.8800 -657.2200
1.9868045986e-001 -1.3990693959e+000 3.1225853596e+000
47 35 46
3 37 1339 -268.8100 -908.6400 38 1168 -326.8600 -856.5400 39 941 -374.1400 -769.9399
5.3019516800e-001 1.4660793551e-001 3.1361849209e+000
46 36 44
2 37 1353 146.2100 809.0601 38 1321 379.3900 805.6600
5.0048168393e-001 -1.1130513216e+000 2.8764167681e+000
139 111 99
3 37 1427 254.7200 -458.4600 38 1369 181.0700 -467.7100 39 1313 111.6100 -421.7000
3.8999483218e-001 -1.1561372766e+000 2.8932837065e+000
144 23 34
3 37 1428 107.2300 -503.2200 38 1149 25.4700 -499.1700 39 913 -43.8600 -443.5100
5.3180278457e-001 -1.2270571452e+000 2.9594973183e+000
155 117 80
3 37 1436 249.4600 -647.9700 38 1379 181.5800 -657.1700 39 1195 109.7100 -605.8800
7.8815024471e-002 -1.3126957952e+000 3.1842463225e+000
135 120 123
2 37 1439 -445.8600 -784.6400 38 1302 -467.4900 -721.7300
1.4875985175e-001 -1.3559467483e+000 3.1600431923e+000
43 33 42
2 37 1442 -346.1300 -847.5500 38 1304 -386.6000 -790.7900
3.5686646713e-001 -7.3820662755e-001 2.5679125169e+000
117 125 109
2 37 1472 250.0400 199.9800 38 1344 145.7100 183.6599
2.9892334769e-001 -1.1856861033e+000 3.0199301868e+000
179 125 105
2 37 1510 -73.5500 -574.0400 38 1295 -124.4900 -555.2200
4.0270452818e-001 -1.2012777646e+000 2.9293979024e+000
147 23 41
3 37 1512 104.0900 -580.2400 38 1376 24.1300 -574.8199 39 1190 -43.7900 -518.6000
1.2958371766e-001 -1.3561717498e+000 3.1662829396e+000
133 115 120
2 37 1567 -374.7000 -848.3500 38 1386 -412.7100 -788.1500
1.0270189860e-001 -1.3368839246e+000 3.1781478885e+000
132 113 117
2 37 1600 -413.9300 -821.0900 38 1443 -443.2600 -758.2100
5.8122428029e-001 2.2613006744e-001 3.0645904188e+000
103 80 66
2 37 1602 235.1300 926.4000 38 1477 475.2300 927.1100
2.9064372403e-001 -1.1737065363e+000 3.0606708287e+000
123 95 81
2 37 1664 -103.6800 -570.5300 38 1542 -139.1200 -551.4301
2.6160761766e-001 -1.0304524504e+000 2.9266089889e+000
181 118 103
2 37 1675 -69.1300 -325.7800 38 1555 -119.2500 -313.9301
2.1295487684e-001 -8.7401854010e-001 2.7554884854e+000
85 48 40
2 35 78 -110.2000 -14.3500 36 91 -69.7500 -64.4200
2.2545228267e-001 -8.8949530323e-001 2.7532720940e+000
92 33 34
2 35 90 -90.1300 -35.0400 36 104 -51.3900 -84.4399
1.7136991460e-001 -8.8054703599e-001 2.8541617103e+000
213 122 114
2 35 92 -231.7600 -75.7900 36 109 -181.1100 -115.2100
3.1514683938e-001 -1.0111521914e+000 2.8027968970e+000
51 20 15
2 35 130 7.6600 -226.4700 36 142 40.8900 -282.9100
4.6215881990e-001 -1.0240731772e+000 2.7898829405e+000
82 129 148
2 35 134 192.4000 -249.0400 36 470 235.3800 -317.1100
2.2591814392e-001 -9.9912368798e-001 2.9109180634e+000
179 118 105
2 35 137 -181.3600 -266.6899 36 146 -137.4700 -305.7100
4.7787941266e-001 -1.0792250956e+000 2.8308552325e+000
128 83 86
2 35 158 193.8500 -343.4399 36 181 234.6200 -413.6600
3.4572142971e-001 -1.1263901925e+000 2.8967337773e+000
91 54 34
2 35 187 1.4100 -430.5800 36 213 31.5600 -485.8500
3.7857765084e-001 -1.1583183930e+000 2.9014195261e+000
195 63 72
3 35 227 44.1700 -477.5699 36 551 72.9700 -536.8500 39 239 -59.3200 -445.7200
3.5475608311e-001 -1.1737858354e+000 2.9481373606e+000
143 26 34
2 35 275 -14.9600 -521.6500 36 243 15.5600 -575.4700
1.6067407391e-001 -7.8347374342e-001 2.7210066310e+000
26 51 27
2 35 515 -167.7500 126.4700 36 405 -121.6900 78.4000
4.8600805600e-001 -9.5906784596e-001 2.7646348365e+000
137 44 39
2 35 544 222.9500 -154.8000 36 438 276.1800 -222.0200
4.9394209575e-001 -9.5078288452e-001 2.7662751948e+000
134 47 37
2 35 545 228.9200 -146.0100 36 745 284.6900 -213.1400
2.3340597904e-001 -1.0077696648e+000 2.9003121525e+000
182 116 97
2 35 575 -162.3800 -272.1100 36 148 -121.0000 -313.0699
2.2658781974e-001 -1.0151749495e+000 2.9179138401e+000
112 68 53
2 35 585 -181.8400 -291.6899 36 474 -139.6000 -329.9200
4.6400577571e-001 -1.0635418116e+000 2.8139065985e+000
93 44 40
2 35 589 186.3900 -313.2100 36 797 226.1600 -381.4200
4.8962714626e-001 -1.0768173745e+000 2.8392349946e+000
61 39 41
2 35 607 200.6500 -346.8900 36 818 244.4100 -416.1000
2.8083027104e-001 -1.1139412943e+000 2.9615027308e+000
137 32 37
2 35 653 -126.6900 -448.7600 36 208 -89.9700 -489.2100
3.1541692601e-001 -1.1410771434e+000 2.9358596376e+000
135 35 41
2 35 670 -59.9600 -470.7400 36 221 -28.9600 -518.3300
3.1286730541e-001 -1.1446865962e+000 2.9475111492e+000
134 33 41
2 35 697 -70.8300 -481.5300 36 540 -38.9700 -528.8900
3.0165189420e-001 -5.6911981309e-001 2.4808122874e+000
199 172 135
2 35 851 123.2400 518.7300 36 678 184.7700 460.4200
1.8873455589e-001 -9.4913299281e-001 2.9215488927e+000
166 69 71
2 35 926 -245.4700 -206.0000 36 440 -194.5100 -239.2200
2.3475569241e-001 -1.0134819090e+000 2.8997389230e+000
122 79 67
2 35 939 -158.9400 -279.4800 36 464 -118.4900 -320.1801
2.5736888163e-001 -1.0429527553e+000 2.8995154574e+000
180 115 93
2 35 953 -124.9500 -319.0300 36 492 -87.6300 -362.2800
3.2832984682e-001 -1.0576152885e+000 2.8431203887e+000
84 54 39
2 35 956 4.2900 -310.1801 36 796 36.7400 -366.0800
3.3050872478e-001 -1.0775177210e+000 2.8539394227e+000
180 122 96
2 35 972 3.6600 -342.3199 36 808 34.4900 -397.5900
4.6366713778e-001 -1.0775720614e+000 2.8241745175e+000
158 83 78
2 35 973 181.8100 -336.5300 36 813 220.5400 -405.4000
4.6366713778e-001 -1.0775720614e+000 2.8241745175e+000
158 83 78
2 35 974 181.8100 -336.5300 36 814 220.5400 -405.4000
3.4766342285e-001 -1.1026505250e+000 2.8700565896e+000
179 124 90
2 35 1002 17.8600 -384.9600 36 829 48.2800 -441.7100
3.4984049313e-001 -1.1756929848e+000 2.9510785754e+000
199 62 70
2 35 1033 -22.4800 -525.8900 36 867 7.7900 -578.0800
1.7863843732e-001 -7.2708570873e-001 2.6266611263e+000
30 51 31
2 35 1134 -89.7800 250.4099 36 931 -46.5500 195.9099
1.3772574265e-001 -7.7926083071e-001 2.7783687568e+000
29 54 24
2 35 1148 -238.9700 101.3800 36 718 -185.5100 58.9400
2.7532116514e-001 -9.3886128967e-001 2.7613102065e+000
143 23 35
2 35 1173 -25.6600 -106.8700 36 969 10.2500 -161.1700
4.5438811829e-001 -1.0222053588e+000 2.7870207549e+000
23 67 97
2 35 1198 184.9700 -244.7000 36 1177 227.1700 -311.5500
2.3514410705e-001 -1.0443398421e+000 2.9586360367e+000
177 121 106
2 35 1216 -195.4100 -353.3900 36 799 -151.2000 -389.8900
3.4188870942e-001 -1.0980789889e+000 2.8749640273e+000
179 124 94
2 35 1221 6.2400 -381.6700 36 1011 37.7400 -437.0400
3.4188870942e-001 -1.0980789889e+000 2.8749640273e+000
179 124 94
2 35 1222 6.2400 -381.6700 36 1012 37.7400 -437.0400
2.4778921356e-001 -1.0983083901e+000 3.0166879858e+000
141 33 49
2 35 1231 -211.1000 -457.2500 36 839 -166.2800 -491.8800
4.8443395405e-001 -1.1417413334e+000 2.8774285924e+000
65 36 31
2 35 1234 182.1500 -450.4500 36 1193 219.5200 -520.5300
1.6391354366e-001 -6.9856188188e-001 2.6143590690e+000
154 87 80
2 35 1319 -104.7900 295.1500 36 1098 -59.8100 241.4399
1.2684232096e-001 -7.3886190321e-001 2.7399647377e+000
121 136 99
2 35 1329 -232.6900 176.4900 36 1105 -179.1500 131.8401
1.8662415945e-001 -8.1175812321e-001 2.7228059535e+000
22 51 23
2 35 1349 -131.8300 86.3101 36 1128 -87.9000 37.1800
1.7311162206e-001 -8.8642263944e-001 2.8531030034e+000
192 119 109
2 35 1371 -227.4700 -83.4301 36 1151 -177.7600 -122.0601
2.3972031057e-001 -9.3565291564e-001 2.7922116595e+000
188 120 96
2 35 1385 -91.3100 -117.4600 36 1163 -53.4100 -166.5500
2.9479642174e-001 -9.4362936968e-001 2.7537063435e+000
146 22 38
2 35 1390 3.9800 -110.3400 36 1167 39.7200 -166.7300
4.3896067465e-001 -9.3925669495e-001 2.7252911874e+000
172 149 118
2 35 1391 192.5500 -102.5601 36 1169 238.6400 -168.8300
4.1063471210e-001 -9.6453016499e-001 2.7208930492e+000
144 100 75
2 35 1394 169.1500 -128.7800 36 1173 207.1100 -196.0900
3.9133038091e-001 -1.1560660148e+000 2.8950991659e+000
144 23 30
2 35 1410 63.4500 -471.0400 36 1192 92.2500 -532.0200
1.3176351112e-001 -7.5009162728e-001 2.7393690870e+000
26 55 35
2 35 1500 -223.7000 161.5400 36 1260 -171.6900 117.1799
1.4217102749e-001 -7.4229857930e-001 2.7148190108e+000
22 55 26
2 35 1501 -194.9600 184.8000 36 1257 -144.4000 137.6100
1.7252880194e-001 -7.9502220865e-001 2.7096249823e+000
23 56 25
2 35 1512 -142.4500 116.8500 36 1121 -99.0200 67.3800
2.7563916765e-001 -1.1001825447e+000 2.9499512806e+000
177 120 98
2 35 1533 -127.4300 -423.4100 36 1308 -90.6600 -465.1200
3.8247341894e-001 -1.1807603673e+000 2.9249429673e+000
152 22 34
2 35 1630 36.7500 -519.4100 36 1409 65.0000 -577.6200
2.2238496224e-001 -8.8902634992e-001 2.7542566642e+000
154 114 104
2 35 1741 -94.5500 -34.5100 36 1489 -55.9100 -84.0500
2.6948378776e-001 -1.0180774428e+000 2.7998930855e+000
178 113 91
2 35 1780 -41.5900 -229.0601 36 1539 -14.5300 -283.4900
2.6392334656e-001 -1.0841943942e+000 2.9507835608e+000
181 121 102
2 35 1782 -145.7900 -402.5900 36 1519 -107.1200 -442.5300
2.5979369314e-001 -1.0298934102e+000 2.9224832013e+000
181 119 96
2 35 1861 -142.9000 -316.4600 36 1590 -99.3000 -356.6100
3.1790793861e-001 -9.9906383602e-001 2.7819927635e+000
10 50 85
2 36 1304 56.2100 -258.7900 39 1033 -79.7700 -184.3199
