# Bundle file v0.3
60 456
0 0 0
0 0 0
0 0 0
0 0 0
0 0 0
0 0 0
0 0 0
0 0 0
0 0 0
0 0 0
0 0 0
0 0 0
0 0 0
0 0 0
0 0 0
0 0 0
0 0 0
0 0 0
0 0 0
0 0 0
0 0 0
0 0 0
0 0 0
0 0 0
0 0 0
0 0 0
0 0 0
0 0 0
0 0 0
0 0 0
0 0 0
0 0 0
0 0 0
0 0 0
0 0 0
0 0 0
0 0 0
0 0 0
0 0 0
0 0 0
0 0 0
0 0 0
0 0 0
0 0 0
0 0 0
0 0 0
0 0 0
0 0 0
0 0 0
0 0 0
0 0 0
0 0 0
0 0 0
0 0 0
0 0 0
0 0 0
0 0 0
0 0 0
0 0 0
0 0 0
0 0 0
0 0 0
0 0 0
0 0 0
0 0 0
0 0 0
0 0 0
0 0 0
0 0 0
0 0 0
0 0 0
0 0 0
0 0 0
0 0 0
0 0 0
0 0 0
0 0 0
0 0 0
0 0 0
0 0 0
0 0 0
0 0 0
0 0 0
0 0 0
0 0 0
0 0 0
0 0 0
0 0 0
0 0 0
0 0 0
0 0 0
0 0 0
0 0 0
0 0 0
0 0 0
0 0 0
0 0 0
0 0 0
0 0 0
0 0 0
0 0 0
0 0 0
0 0 0
0 0 0
0 0 0
0 0 0
0 0 0
0 0 0
0 0 0
0 0 0
0 0 0
0 0 0
0 0 0
0 0 0
0 0 0
0 0 0
0 0 0
0 0 0
0 0 0
0 0 0
0 0 0
0 0 0
0 0 0
0 0 0
0 0 0
0 0 0
0 0 0
0 0 0
0 0 0
0 0 0
0 0 0
0 0 0
0 0 0
0 0 0
0 0 0
0 0 0
0 0 0
0 0 0
0 0 0
0 0 0
0 0 0
0 0 0
0 0 0
0 0 0
0 0 0
0 0 0
0 0 0
0 0 0
0 0 0
0 0 0
0 0 0
0 0 0
0 0 0
0 0 0
0 0 0
0 0 0
0 0 0
0 0 0
0 0 0
0 0 0
0 0 0
0 0 0
0 0 0
0 0 0
0 0 0
0 0 0
0 0 0
0 0 0
0 0 0
0 0 0
0 0 0
0 0 0
0 0 0
0 0 0
0 0 0
0 0 0
0 0 0
0 0 0
0 0 0
0 0 0
0 0 0
0 0 0
0 0 0
0 0 0
0 0 0
5.3200000000e+002 0.0000000000e+000 0.0000000000e+000
1.0000000000e+000 0.0000000000e+000 0.0000000000e+000
0.0000000000e+000 1.0000000000e+000 0.0000000000e+000
0.0000000000e+000 0.0000000000e+000 1.0000000000e+000
-0.0000000000e+000 -0.0000000000e+000 -0.0000000000e+000
5.3200000000e+002 0.0000000000e+000 0.0000000000e+000
1.0000000000e+000 0.0000000000e+000 0.0000000000e+000
0.0000000000e+000 1.0000000000e+000 0.0000000000e+000
0.0000000000e+000 0.0000000000e+000 1.0000000000e+000
-0.0000000000e+000 -0.0000000000e+000 -0.0000000000e+000
0 0 0
0 0 0
0 0 0
0 0 0
0 0 0
0 0 0
0 0 0
0 0 0
0 0 0
0 0 0
0 0 0
0 0 0
0 0 0
0 0 0
0 0 0
0 0 0
0 0 0
0 0 0
0 0 0
0 0 0
0 0 0
0 0 0
0 0 0
0 0 0
0 0 0
0 0 0
0 0 0
0 0 0
0 0 0
0 0 0
0 0 0
0 0 0
0 0 0
0 0 0
0 0 0
0 0 0
0 0 0
0 0 0
0 0 0
0 0 0
0 0 0
0 0 0
0 0 0
0 0 0
0 0 0
0 0 0
0 0 0
0 0 0
0 0 0
0 0 0
0 0 0
0 0 0
0 0 0
0 0 0
0 0 0
0 0 0
0 0 0
0 0 0
0 0 0
0 0 0
0 0 0
0 0 0
0 0 0
0 0 0
0 0 0
0 0 0
0 0 0
0 0 0
0 0 0
0 0 0
0 0 0
0 0 0
0 0 0
0 0 0
0 0 0
0 0 0
0 0 0
0 0 0
0 0 0
0 0 0
0 0 0
0 0 0
0 0 0
0 0 0
0 0 0
0 0 0
0 0 0
0 0 0
0 0 0
0 0 0
0 0 0
0 0 0
0 0 0
0 0 0
0 0 0
0 0 0
0 0 0
0 0 0
0 0 0
0 0 0
0 0 0
0 0 0
0 0 0
0 0 0
0 0 0
-4.8456762787e-001 1.4629507423e+000 3.0000000000e+000
172 39 52
2 37 811 -85.9300 259.4299 38 383 -162.5100 253.5200
-5.3983088902e-001 2.3492466059e-001 3.0000000000e+000
37 55 32
2 37 1063 -95.7300 41.6600 38 732 -163.1600 43.5000
-7.1357147676e-001 1.0246230964e-001 3.0000000000e+000
38 52 27
2 37 1068 -126.5400 18.1700 38 736 -185.7400 22.6200
-8.1016924865e-001 8.0509409510e-001 3.0000000000e+000
28 55 40
2 37 1475 -143.6700 142.7700 38 1221 -201.4300 143.0801
-7.8011276130e-001 7.1751874192e-001 3.0000000000e+000
135 139 46
2 37 1239 -138.3400 127.2400 38 907 -197.2200 128.5701
-7.2800755322e-001 -4.8304530552e-001 3.0000000000e+000
151 32 42
2 37 1268 -129.1000 -85.6600 38 930 -182.7000 -78.1700
-3.2278189982e-001 1.5133081881e+000 3.0000000000e+000
164 37 42
2 37 812 -57.2400 268.3600 38 378 -139.9800 260.6300
-8.4022556391e-001 1.6141917293e+000 3.0000000000e+000
173 37 49
2 37 803 -149.0000 286.2500 38 367 -211.1200 280.8301
-3.2018796304e-001 2.6672925447e-001 3.0000000000e+000
146 150 114
2 37 1404 -56.7800 47.3000 38 1245 -132.7400 48.2100
-4.0296987663e-001 3.4714284338e-001 3.0000000000e+000
28 58 35
2 37 1403 -71.4600 61.5600 38 1096 -144.3900 62.5300
-5.6306394419e-001 6.1415363971e-001 3.0000000000e+000
35 54 33
2 37 520 -99.8500 108.9099 38 72 -168.6200 108.4700
-1.7960529758e-001 -2.7338334851e-001 3.0000000000e+000
155 144 131
2 37 1077 -31.8500 -48.4800 38 739 -110.0500 -45.9300
7.6466151646e-002 8.3007491262e-001 3.0000000000e+000
30 53 25
2 37 1232 13.5600 147.2000 38 908 -76.9000 141.5100
3.3592109393e-001 5.6616417447e-002 3.0000000000e+000
28 51 29
2 37 1263 59.5700 10.0400 38 1102 -33.1700 7.0800
-5.5601421155e-002 1.9832697130e-001 3.0000000000e+000
113 124 81
2 37 1254 -9.8600 35.1700 38 921 -93.6200 33.4500
-5.5601421155e-002 1.9832697130e-001 3.0000000000e+000
113 124 81
2 37 1255 -9.8600 35.1700 38 922 -93.6200 33.4500
1.7706849521e-002 7.3172937838e-001 3.0000000000e+000
143 155 38
2 37 1390 3.1400 129.7600 38 1086 -86.0500 125.1400
1.4272555014e-001 4.0996213067e-001 3.0000000000e+000
29 54 40
2 37 1397 25.3100 72.7000 38 1239 -64.2600 69.0400
2.9718051996e-001 -3.7622370899e+000 3.0000000000e+000
123 39 29
2 37 1161 52.7000 -667.1700 38 1005 -18.3100 -655.8800
-1.3082748069e-002 -3.9267291306e+000 3.0000000000e+000
146 70 35
2 37 1163 -2.3200 -696.3400 38 848 -63.4200 -680.5200
2.5432317060e-001 -4.6192670550e+000 3.0000000000e+000
138 75 37
2 37 1177 45.1000 -819.1500 38 864 -16.3600 -805.8900
1.6505650112e-001 -2.7189475612e+000 3.0000000000e+000
140 25 37
2 37 1308 29.2700 -482.1600 38 983 -42.9100 -473.1500
-8.4191688021e-002 -4.0111469470e+000 3.0000000000e+000
37 27 21
2 37 1166 -14.9300 -711.3101 38 849 -72.6300 -693.8000
-3.6197369798e-001 8.5640974690e-001 3.0000000000e+000
24 57 45
2 37 1387 -64.1900 151.8700 38 1075 -141.9500 148.7400
-4.2524438155e-001 6.4139092237e-001 3.0000000000e+000
72 111 134
2 37 1478 -75.4100 113.7400 38 1349 -150.9700 112.3201
-2.0639101186e-001 1.2892669448e+000 3.0000000000e+000
175 35 40
2 37 821 -36.6000 228.6300 38 396 -122.8600 222.9099
1.3229335699e-001 8.5206684313e-002 3.0000000000e+000
30 56 21
2 37 1262 23.4600 15.1100 38 923 -64.5700 13.0700
-5.2257526369e-001 1.5492292132e+000 3.0000000000e+000
178 41 55
2 37 810 -92.6700 274.7300 38 374 -168.0500 268.2400
-6.7499834792e-002 5.5528178968e-001 3.0000000000e+000
131 139 34
2 37 1051 -11.9700 98.4700 38 914 -97.9100 95.6599
3.5909770306e-001 -2.6414664132e+000 3.0000000000e+000
185 121 98
2 37 941 63.6800 -468.4200 38 801 -14.6600 -461.5900
2.1845859155e-001 -3.3402065191e+000 3.0000000000e+000
116 75 60
2 37 1157 38.7400 -592.3300 38 839 -32.7700 -581.2300
-4.3703007519e-002 -3.2933459748e+000 3.0000000000e+000
182 127 106
2 37 1152 -7.7500 -584.0200 38 824 -72.5700 -569.0900
-1.6607149741e-001 -3.2446240877e+000 3.0000000000e+000
187 114 101
2 37 958 -29.4500 -575.3800 38 822 -89.5300 -559.4500
4.4515038971e-001 -4.7455829821e+000 3.0000000000e+000
146 76 51
2 37 1178 78.9400 -841.5500 38 867 12.5000 -830.5400
2.9718155251e-002 6.6631529385e-001 3.0000000000e+000
49 97 110
2 37 839 5.2700 118.1599 38 419 -83.3500 113.5701
2.9718155251e-002 6.6631529385e-001 3.0000000000e+000
49 97 110
2 37 840 5.2700 118.1599 38 420 -83.3500 113.5701
-2.1005639098e-001 1.4920493678e+000 3.0000000000e+000
173 39 40
2 37 1028 -37.2500 264.5901 38 681 -123.3400 256.9700
-4.5558275495e-001 1.3281204109e+000 3.0000000000e+000
165 44 55
2 37 488 -80.7900 235.5200 38 37 -158.6500 230.8301
6.0045101768e-001 -4.8442107466e+000 3.0000000000e+000
151 80 56
2 37 1180 106.4800 -859.0400 38 1018 35.6300 -850.0699
-6.9953000635e-001 6.2560117334e-001 3.0000000000e+000
31 58 33
2 37 1392 -124.0500 110.9399 38 1229 -186.5200 111.7100
-2.9323308271e-001 1.4806018342e+000 3.0000000000e+000
222 135 101
2 37 23 -52.0000 262.5601 38 38 -136.1000 254.4800
-1.7165414911e-001 1.2463534936e+000 3.0000000000e+000
146 162 155
2 37 38 -30.4400 221.0200 38 397 -118.1400 215.1300
1.7785701895e-001 -8.0937986446e-001 3.0000000000e+000
204 138 106
2 37 111 31.5400 -143.5300 38 102 -52.3700 -141.8199
-2.2906012284e-001 -7.1086499207e-001 3.0000000000e+000
193 126 106
2 37 547 -40.6200 -126.0601 38 96 -114.7900 -120.2100
5.0210513925e-001 -2.9687027322e+000 3.0000000000e+000
128 32 36
2 37 710 89.0400 -526.4500 38 266 8.4600 -520.1801
1.8062046596e-001 -3.8553386487e+000 3.0000000000e+000
123 65 27
2 37 398 32.0300 -683.6801 38 314 -35.2900 -670.2500
5.3041352007e-001 -4.7355452229e+000 3.0000000000e+000
164 91 57
2 37 782 94.0600 -839.7700 38 658 24.8000 -830.8500
1.1847749868e-001 6.5706777931e-001 3.0000000000e+000
27 52 33
2 37 1052 21.0100 116.5200 38 720 -70.2900 112.6300
-6.2368407285e-002 6.3101517527e-001 3.0000000000e+000
34 59 38
2 37 1049 -11.0600 111.9000 38 718 -96.9200 107.7300
1.8157901621e-001 4.9127816795e-001 3.0000000000e+000
148 153 33
2 37 850 32.2000 87.1200 38 729 -59.2600 82.8301
1.8157901621e-001 4.9127816795e-001 3.0000000000e+000
148 153 33
2 37 851 32.2000 87.1200 38 730 -59.2600 82.8301
-2.1005639098e-001 1.4920493678e+000 3.0000000000e+000
173 39 40
2 37 1027 -37.2500 264.5901 38 680 -123.3400 256.9700
1.1593983586e-001 -8.3323313778e-001 3.0000000000e+000
177 112 87
2 37 1093 20.5600 -147.7600 38 1117 -62.2800 -144.8700
2.5404128455e-001 -1.1312593159e+000 3.0000000000e+000
13 50 79
2 37 1108 45.0500 -200.6100 38 952 -38.6700 -198.3400
-6.9924949703e-002 4.0691679761e-001 3.0000000000e+000
92 109 53
2 37 1058 -12.4000 72.1599 38 916 -96.5500 70.1200
-6.9924949703e-002 4.0691679761e-001 3.0000000000e+000
92 109 53
2 37 1057 -12.4000 72.1599 38 915 -96.5500 70.1200
-7.8676685534e-001 8.9441721063e-001 3.0000000000e+000
124 137 92
2 37 1229 -139.5200 158.6100 38 712 -200.1900 156.4399
-1.3285712909e-001 -2.2077081437e-001 3.0000000000e+000
108 28 39
2 37 87 -23.5600 -39.1500 38 90 -103.0500 -37.5300
6.0687967171e-001 -4.3260339723e+000 3.0000000000e+000
94 73 70
2 37 994 107.6200 -767.1500 38 652 34.7600 -760.6100
6.6851496876e-001 -4.7976317442e+000 3.0000000000e+000
171 91 54
2 37 785 118.5500 -850.7800 38 356 46.7300 -843.5699
2.9616552367e-001 -2.7064282410e+000 3.0000000000e+000
177 117 95
2 37 943 52.5200 -479.9399 38 560 -24.6100 -471.8500
2.1845859155e-001 -3.3402065191e+000 3.0000000000e+000
116 75 60
2 37 1156 38.7400 -592.3300 38 838 -32.7700 -581.2300
3.3845875676e-001 -4.3061277920e+000 3.0000000000e+000
180 145 132
2 37 992 60.0200 -763.6200 38 650 -8.1200 -752.2700
1.0528185852e-001 9.0608984008e-001 3.0000000000e+000
110 125 47
2 37 1037 18.6700 160.6799 38 715 -72.3400 153.4800
-2.2996239913e-001 -3.2070110579e+000 3.0000000000e+000
183 115 104
2 37 957 -40.7800 -568.7100 38 614 -98.9600 -552.6899
3.6135347983e-001 -4.6411467817e+000 3.0000000000e+000
155 87 48
2 37 1003 64.0800 -823.0300 38 865 -1.2200 -807.6500
-2.6656008842e-001 3.7099646088e-001 3.0000000000e+000
28 55 36
2 37 1395 -47.2700 65.7900 38 1090 -127.2400 65.3000
-3.0586460658e-001 -2.1372194218e-001 3.0000000000e+000
172 136 127
2 37 1415 -54.2400 -37.9000 38 1263 -127.7100 -35.7600
6.6389086730e-001 -4.6684962681e+000 3.0000000000e+000
171 90 43
2 37 1524 117.7300 -827.8800 38 1390 45.1400 -820.6000
-6.9744356772e-001 3.8109066612e-001 3.0000000000e+000
29 55 35
2 37 1482 -123.6800 67.5801 38 1238 -185.0800 70.0100
5.5584590596e-001 -1.2858271778e+000 3.0000000000e+000
8 72 110
2 37 1588 98.5700 -228.0200 38 1465 7.3800 -227.8101
4.9127816795e-001 -2.7514288192e+000 3.0000000000e+000
177 122 101
2 37 948 87.1200 -487.9200 38 811 6.6500 -482.4000
3.2780077941e-001 -3.9814852378e+000 3.0000000000e+000
83 21 6
2 37 766 58.1300 -706.0500 38 642 -11.8900 -695.0300
-1.5462396378e-001 -3.5780082072e-001 3.0000000000e+000
169 136 122
2 37 540 -27.4200 -63.4500 38 438 -105.8900 -60.0300
5.3041352007e-001 -4.7355452229e+000 3.0000000000e+000
164 91 57
2 37 781 94.0600 -839.7700 38 659 24.8000 -830.8500
3.0936081965e-001 -1.8267289929e+000 3.0000000000e+000
177 110 93
2 37 1131 54.8600 -323.9399 38 964 -25.9800 -320.0699
6.0468034099e-001 -2.8377066017e+000 3.0000000000e+000
144 23 34
2 37 1429 107.2300 -503.2200 38 1148 25.4700 -499.1700
-5.8928571429e-001 6.6800729852e-001 3.0000000000e+000
116 133 63
2 37 1241 -104.5000 118.4600 38 1080 -171.5100 117.6699
-5.8928571429e-001 6.6800729852e-001 3.0000000000e+000
116 133 63
2 37 1240 -104.5000 118.4600 38 1079 -171.5100 117.6699
-8.4135241975e-002 -3.9563908398e+000 3.0000000000e+000
184 135 100
2 37 393 -14.9200 -701.6000 38 316 -72.4500 -684.8199
3.8661652759e-001 -4.3992293508e+000 3.0000000000e+000
27 21 17
2 37 431 68.5600 -780.1300 38 334 -0.0100 -769.3101
3.3671065022e-001 -1.5396430224e+000 3.0000000000e+000
53 20 11
2 37 584 59.7100 -273.0300 38 135 -24.0900 -269.5699
3.7088356879e-001 -2.9377441406e+000 3.0000000000e+000
129 31 40
2 37 313 65.7700 -520.9600 38 265 -10.9700 -513.4301
6.6795119666e-001 -4.3919546945e+000 3.0000000000e+000
178 142 144
2 37 998 118.4500 -778.8400 38 862 43.9200 -772.5400
-3.3067677433e-001 9.2295068727e-001 3.0000000000e+000
154 156 34
2 37 504 -58.6400 163.6699 38 400 -138.7300 160.4399
3.8227431218e-001 -2.8552441131e+000 3.0000000000e+000
137 26 39
2 37 947 67.7900 -506.3300 38 810 -9.9900 -499.5000
1.2033849731e-001 -3.1062404088e+000 3.0000000000e+000
142 27 40
2 37 727 21.3400 -550.8400 38 598 -48.4600 -539.7900
5.4518792862e-001 -4.3963533559e+000 3.0000000000e+000
176 147 142
2 37 1171 96.6800 -779.6200 38 1014 25.1000 -770.6600
3.1167304247e-001 -2.1798499545e+000 3.0000000000e+000
179 121 99
2 37 1135 55.2700 -386.5601 38 966 -22.9500 -381.0100
-6.2509401938e-001 -2.0278194112e+000 3.0000000000e+000
182 121 110
2 37 904 -110.8500 -359.6000 38 492 -161.2900 -343.1300
1.4943746696e-002 4.3336452398e-001 3.0000000000e+000
32 57 38
2 37 1060 2.6500 76.8500 38 728 -83.6400 72.8900
1.4943746696e-002 4.3336452398e-001 3.0000000000e+000
32 57 38
2 37 1059 2.6500 76.8500 38 727 -83.6400 72.8900
-1.7684202266e-001 -1.1861276268e+000 3.0000000000e+000
5 40 72
2 37 1290 -31.3600 -210.3400 38 1126 -105.4800 -202.4600
-4.6601512020e-001 1.2209775537e+000 3.0000000000e+000
17 85 136
2 37 1380 -82.6400 216.5200 38 1063 -159.3600 212.7100
-5.5562029387e-001 1.0101880525e+000 3.0000000000e+000
67 98 55
2 37 1225 -98.5300 179.1400 38 903 -170.1200 176.3700
-5.2770669120e-001 5.4580849095e-001 3.0000000000e+000
23 56 32
2 37 1393 -93.5800 96.7900 38 1081 -163.2200 97.2400
4.2152255639e-001 -9.0563896007e-001 3.0000000000e+000
227 134 117
2 37 121 74.7500 -160.6000 38 108 -14.4800 -160.6400
4.9815804618e-001 -3.0404890247e+000 3.0000000000e+000
140 27 44
2 37 716 88.3400 -539.1801 38 606 8.8200 -533.4500
-9.1804676486e-002 -7.6787618766e-001 3.0000000000e+000
204 135 120
2 37 104 -16.2800 -136.1700 38 99 -93.9300 -132.3101
4.3184220163e-001 -2.8785336143e+000 3.0000000000e+000
130 32 37
2 37 288 76.5800 -510.4600 38 241 -2.6400 -503.7000
2.1236826961e-001 -3.9768043461e+000 3.0000000000e+000
190 111 66
2 37 765 37.6600 -705.2200 38 321 -29.3300 -692.3101
4.2174799639e-001 -4.0192104712e+000 3.0000000000e+000
66 14 4
2 37 767 74.7900 -712.7400 38 326 2.6900 -702.7800
7.0426699990e-001 -4.8100939299e+000 3.0000000000e+000
44 17 9
2 37 786 124.8900 -852.9900 38 664 52.6000 -847.6899
8.2968047866e-001 -4.0241164587e+000 3.0000000000e+000
177 96 31
2 37 1167 147.1300 -713.6100 38 1008 69.2600 -711.2900
5.4845870169e-001 -4.0263722355e+000 3.0000000000e+000
190 92 44
2 37 986 97.2600 -714.0100 38 646 22.2600 -706.2600
1.6353521132e-002 -3.8813912528e+000 3.0000000000e+000
167 81 41
2 37 755 2.9000 -688.3000 38 309 -59.6600 -672.1200
3.0479316425e-001 -1.5912409044e+000 3.0000000000e+000
176 115 95
2 37 1120 54.0500 -282.1801 38 957 -27.3700 -278.9500
-5.3983088902e-001 2.3492466059e-001 3.0000000000e+000
37 55 32
2 37 1064 -95.7300 41.6600 38 733 -163.1600 43.5000
-7.7193617283e-001 1.5121799555e+000 3.0000000000e+000
202 139 122
2 37 1377 -136.8900 268.1599 38 1061 -201.2800 262.4299
-7.7193617283e-001 1.5121799555e+000 3.0000000000e+000
202 139 122
2 37 1378 -136.8900 268.1599 38 1062 -201.2800 262.4299
-6.7624067722e-001 7.3872180451e-001 3.0000000000e+000
110 130 131
2 37 1477 -119.9200 131.0000 38 1224 -185.6800 130.3201
3.0795104522e-001 -3.9038347517e+000 3.0000000000e+000
132 50 28
2 37 402 54.6100 -692.2800 38 322 -15.5400 -680.1600
1.6686105370e-001 -4.2094735741e+000 3.0000000000e+000
174 138 123
2 37 417 29.5900 -746.4800 38 328 -34.4700 -732.4200
9.5024441597e-001 -3.2188537139e+000 3.0000000000e+000
126 82 36
2 37 960 168.5100 -570.8101 38 831 85.6600 -572.4100
-6.5390972625e-001 1.5767480377e+000 3.0000000000e+000
162 42 42
2 37 808 -115.9600 279.6100 38 372 -185.3600 273.4700
1.0293046765e+000 -3.5734395192e+000 3.0000000000e+000
28 26 42
2 37 1318 182.5300 -633.6899 38 1158 102.9900 -635.3400
2.7575201737e-001 -4.2551501281e+000 3.0000000000e+000
179 147 136
2 37 769 48.9000 -754.5800 38 649 -18.1200 -741.8400
7.5366555121e-001 -4.4127068771e+000 3.0000000000e+000
22 11 14
2 37 1000 133.6500 -782.5200 38 655 58.3300 -777.8700
-5.6785721169e-001 -5.4355271418e-001 3.0000000000e+000
137 30 40
2 37 1085 -100.7000 -96.3900 38 740 -162.2900 -89.4500
1.6798859790e-001 -3.3786655512e+000 3.0000000000e+000
187 125 104
2 37 1155 29.7900 -599.1500 38 840 -41.1500 -586.6801
-4.9325188658e-001 9.4189866145e-001 3.0000000000e+000
25 55 35
2 37 1226 -87.4700 167.0300 38 905 -162.0600 164.3800
-3.4381579636e-001 4.3855274172e-001 3.0000000000e+000
95 120 49
2 37 1247 -60.9700 77.7700 38 1089 -137.8900 77.2900
-3.4381579636e-001 4.3855274172e-001 3.0000000000e+000
95 120 49
2 37 1246 -60.9700 77.7700 38 1088 -137.8900 77.2900
7.5620149311e-002 -3.9754510177e+000 3.0000000000e+000
148 74 39
2 37 1321 13.4100 -704.9800 38 1006 -50.8900 -689.2200
5.2201131950e-001 -4.6110335042e+000 3.0000000000e+000
170 87 41
2 37 1441 92.5700 -817.6899 38 1309 20.7800 -809.3300
6.2379696495e-001 -3.9786092428e+000 3.0000000000e+000
177 86 40
2 37 1563 110.6200 -705.5400 38 1441 35.0100 -699.4200
7.1046986974e-001 -3.7475748851e+000 3.0000000000e+000
88 18 32
2 37 1628 125.9900 -664.5699 38 1517 48.6700 -658.4900
1.2947380812e-001 2.6486825584e-001 3.0000000000e+000
33 54 35
2 37 1652 22.9600 46.9700 38 1538 -67.4000 42.8800
1.2545299100e+000 -2.2111465339e+000 3.0000000000e+000
168 85 86
2 37 919 222.4700 -392.1100 38 972 138.0600 -399.7100
3.9783827703e-001 -3.9835716764e+000 3.0000000000e+000
172 69 42
2 37 411 70.5500 -706.4200 38 324 -0.8600 -696.2700
3.2706698081e-002 7.1103433021e-001 3.0000000000e+000
148 148 17
2 37 60 5.8000 126.0901 38 77 -82.8600 121.3500
1.1885527417e+000 -1.7456951858e+000 3.0000000000e+000
162 147 118
2 37 595 210.7700 -309.5699 38 777 121.3900 -315.1500
1.1811090914e+000 -1.8288718776e+000 3.0000000000e+000
170 126 90
2 37 901 209.4500 -324.3199 38 784 121.1300 -331.2600
2.6734947262e-001 -2.2240602880e+000 3.0000000000e+000
86 53 40
2 37 646 47.4100 -394.4000 38 525 -31.4500 -387.3800
2.0785706025e-001 -3.8280449200e+000 3.0000000000e+000
180 104 45
2 37 758 36.8600 -678.8400 38 312 -30.9300 -666.5400
-4.5569547495e-001 -3.7188720703e+000 3.0000000000e+000
159 137 113
2 37 979 -80.8100 -659.4800 38 843 -126.3800 -637.8800
-1.2930446998e-001 -3.9371613237e+000 3.0000000000e+000
182 142 108
2 37 757 -22.9300 -698.1899 38 639 -79.1900 -680.2500
7.1875952240e-001 -4.4513345589e+000 3.0000000000e+000
176 141 140
2 37 999 127.4600 -789.3700 38 863 52.6600 -783.9700
-3.0281927353e-002 -3.9890978820e+000 3.0000000000e+000
186 142 106
2 37 984 -5.3700 -707.4000 38 850 -64.9000 -691.0300
2.1157905751e-001 -4.1120297998e+000 3.0000000000e+000
194 104 52
2 37 1322 37.5200 -729.2000 38 1163 -27.6200 -716.5500
9.4122165307e-001 3.5475548766e-001 3.0000000000e+000
149 146 131
2 37 1256 166.9100 62.9100 38 1249 61.8600 51.6100
-6.0253762840e-001 9.2238760353e-001 3.0000000000e+000
25 55 38
2 37 1383 -106.8500 163.5701 38 1067 -174.0500 161.9800
3.7342088742e-001 -8.5996240602e-001 3.0000000000e+000
201 142 110
2 37 114 66.2200 -152.5000 38 103 -22.2400 -152.3800
1.2294926464e+000 -2.1265600678e+000 3.0000000000e+000
88 43 38
2 37 633 218.0300 -377.1100 38 787 134.0400 -383.2900
1.3009963645e+000 -2.1609584263e+000 3.0000000000e+000
80 30 32
2 37 638 230.7100 -383.2100 38 531 147.6100 -390.4600
1.0503384009e+000 -3.1949433061e+000 3.0000000000e+000
132 89 44
2 37 336 186.2600 -566.5699 38 282 104.6000 -569.0400
1.1455828444e+000 -3.2027252886e+000 3.0000000000e+000
63 25 40
2 37 735 203.1500 -567.9500 38 620 123.0500 -572.2100
1.1785149825e+000 -3.4611655787e+000 3.0000000000e+000
32 28 43
2 37 740 208.9900 -613.7800 38 631 132.2700 -617.9500
1.2135903495e+000 -3.4425562808e+000 3.0000000000e+000
29 26 36
2 37 741 215.2100 -610.4800 38 632 139.9100 -615.0400
3.8661652759e-001 -4.3992293508e+000 3.0000000000e+000
27 21 17
2 37 432 68.5600 -780.1300 38 335 -0.0100 -769.3101
1.0981578397e+000 -4.5761278195e+000 3.0000000000e+000
132 75 61
2 37 777 194.7400 -811.5000 38 661 121.9700 -813.9600
-3.2413540030e-001 7.9872188712e-001 3.0000000000e+000
141 151 58
2 37 512 -57.4800 141.6400 38 412 -136.4900 139.0500
1.7785701895e-001 -8.0937986446e-001 3.0000000000e+000
204 138 106
2 37 110 31.5400 -143.5300 38 101 -52.3700 -141.8199
1.4118044287e+000 -1.7311465615e+000 3.0000000000e+000
131 157 154
2 37 1129 250.3600 -306.9900 38 961 167.9300 -317.3900
5.1851510643e-001 -2.9000753532e+000 3.0000000000e+000
132 28 35
2 37 709 91.9500 -514.2800 38 247 12.0600 -508.4800
5.0210513925e-001 -2.9687027322e+000 3.0000000000e+000
128 32 36
2 37 711 89.0400 -526.4500 38 267 8.4600 -520.1801
1.2889286127e+000 -1.2783824949e-001 3.0000000000e+000
33 59 34
2 37 1267 228.5700 -22.6700 38 1264 130.8300 -32.6600
1.4251126167e+000 -9.3073335805e-001 3.0000000000e+000
152 104 89
2 37 1105 252.7200 -165.0500 38 951 165.8100 -176.4600
5.4078961136e-001 -3.0284777190e+000 3.0000000000e+000
230 82 98
2 37 315 95.9000 -537.0500 38 607 16.2700 -531.6400
-3.0056384094e-001 -3.1686656063e+000 3.0000000000e+000
183 120 101
2 37 956 -53.3000 -561.9100 38 593 -109.1300 -544.1899
-3.4798867362e-001 -3.1796615715e+000 3.0000000000e+000
127 82 72
2 37 720 -61.7100 -563.8600 38 271 -116.4600 -546.0000
4.8941716933e-001 -4.4274812856e+000 3.0000000000e+000
29 22 20
2 37 996 86.7900 -785.1400 38 654 15.8600 -775.5500
7.9280090332e-001 5.0419736016e+000 3.0000000000e+000
51 35 46
2 37 1204 140.5900 894.1100 38 878 376.0000 891.9301
1.0002067394e+000 -3.1597553913e+000 3.0000000000e+000
124 78 36
2 37 1149 177.3700 -560.3300 38 997 94.7200 -561.5699
-7.6691591650e-002 -3.4422747390e+000 3.0000000000e+000
165 81 51
2 37 976 -13.6000 -610.4301 38 836 -76.4500 -595.1600
3.6219913798e-001 5.0016539151e+000 3.0000000000e+000
71 59 59
2 37 1203 64.2300 886.9600 38 1030 297.2800 883.5601
5.2725563910e-001 4.6426130022e+000 3.0000000000e+000
80 71 66
2 37 1210 93.5000 823.2900 38 1034 324.6000 820.0100
-8.0740597374e-001 1.3483081330e+000 3.0000000000e+000
120 130 91
2 37 1223 -143.1800 239.1000 38 898 -204.2100 235.4399
-6.2368407285e-002 6.3101517527e-001 3.0000000000e+000
34 59 38
2 37 1050 -11.0600 111.9000 38 719 -96.9200 107.7300
2.9030064174e-001 -7.8377814042e-001 3.0000000000e+000
141 23 37
2 37 1281 51.4800 -138.9900 38 1118 -34.7700 -138.6801
1.1903008483e+000 -2.4579699523e+000 3.0000000000e+000
86 40 43
2 37 1305 211.0800 -435.8800 38 1289 126.4700 -442.7400
5.1281956264e-001 4.2836842931e+000 3.0000000000e+000
83 74 57
2 37 1361 90.9400 759.6400 38 1185 319.7800 754.9800
3.0687960288e-001 -8.7028170708e-001 3.0000000000e+000
131 71 53
2 37 1282 54.4200 -154.3300 38 1119 -33.0000 -153.2300
1.2073306894e+000 -2.7393046214e+000 3.0000000000e+000
75 30 33
2 37 1505 214.1000 -485.7700 38 1372 132.7200 -491.1100
5.3492472943e-001 5.0440035942e+000 3.0000000000e+000
100 85 52
2 37 1448 94.8600 894.4700 38 1317 329.3600 892.2900
5.3492472943e-001 5.0440035942e+000 3.0000000000e+000
100 85 52
2 37 1449 94.8600 894.4700 38 1318 329.3600 892.2900
-6.4353380705e-001 4.9387262101e-001 3.0000000000e+000
120 136 131
2 37 1480 -114.1200 87.5801 38 1237 -178.7100 89.5701
-6.3676699301e-001 2.7456768294e-001 3.0000000000e+000
148 146 130
2 37 1401 -112.9200 48.6900 38 1094 -176.6000 53.2900
8.3244358149e-001 5.2659019528e+000 3.0000000000e+000
70 53 54
2 37 1527 147.6200 933.8199 38 1446 384.7700 934.1000
5.5522568782e-001 3.5340215927e-001 3.0000000000e+000
55 102 128
2 37 1546 98.4600 62.6700 38 1355 -0.8800 54.2300
-1.9866547549e-001 -2.6014282685e+000 3.0000000000e+000
151 34 45
2 37 1501 -35.2300 -461.3199 38 1288 -99.8500 -447.0300
1.1370677518e+000 6.0050746373e-001 3.0000000000e+000
161 153 130
2 37 1608 201.6400 106.4900 38 1483 97.1500 94.1899
5.2172943345e-001 -9.7437991953e-001 3.0000000000e+000
139 24 38
2 37 1610 92.5200 -172.7900 38 1462 1.9900 -173.8000
1.9370300752e+000 1.7697184857e+000 3.0000000000e+000
167 150 130
2 37 469 343.5000 313.8301 38 679 269.1400 293.9800
1.4588346553e+000 1.4476690077e+000 3.0000000000e+000
197 151 106
2 37 477 258.7000 256.7200 38 696 154.5900 239.0200
1.8861653034e+000 1.5181012835e+000 3.0000000000e+000
162 43 46
2 37 482 334.4800 269.2100 38 700 260.6800 251.1000
1.6744736980e+000 1.1112973780e+000 3.0000000000e+000
66 97 115
2 37 499 296.9400 197.0701 38 406 212.4400 180.3301
1.7664473684e+000 -1.1929514032e+000 3.0000000000e+000
207 73 77
2 37 876 313.2500 -211.5500 38 956 247.2900 -228.2100
3.1353369691e-001 -1.5664287366e+000 3.0000000000e+000
177 111 94
2 37 150 55.6000 -277.7800 38 134 -27.9400 -273.9500
1.3628571016e+000 -2.0185712083e+000 3.0000000000e+000
169 93 74
2 37 634 241.6800 -357.9600 38 509 159.5200 -366.5300
1.2462406015e+000 -2.2731201631e+000 3.0000000000e+000
173 92 99
2 37 649 221.0000 -403.1000 38 532 136.5900 -410.8700
1.4694926326e+000 -2.2775752706e+000 3.0000000000e+000
121 86 90
2 37 212 260.5900 -403.8900 38 538 184.9100 -414.3199
1.1544359250e+000 -2.7237406566e+000 3.0000000000e+000
77 41 37
2 37 292 204.7200 -483.0100 38 249 122.1100 -487.6000
2.4986840729e-001 -3.1082704013e+000 3.0000000000e+000
206 54 69
2 37 330 44.3100 -551.2000 38 263 -28.8500 -541.0400
1.2106579085e+000 -3.2103950673e+000 3.0000000000e+000
69 34 40
2 37 338 214.6900 -569.3101 38 622 135.2000 -574.7700
1.0025189622e+000 -4.6800002478e+000 3.0000000000e+000
159 63 43
2 37 778 177.7800 -829.9200 38 662 103.7300 -828.9301
6.0484967913e-001 -4.7539851827e+000 3.0000000000e+000
163 84 47
2 37 450 107.2600 -843.0400 38 352 35.9200 -835.3101
1.4266917293e+000 1.4846618193e+000 3.0000000000e+000
169 41 43
2 37 813 253.0000 263.2800 38 694 147.4600 245.3900
1.7425940951e+000 1.3767294059e+000 3.0000000000e+000
172 41 46
2 37 822 309.0200 244.1400 38 698 223.6300 224.9199
1.3860901567e+000 1.1353199894e+000 3.0000000000e+000
155 163 143
2 37 497 245.8000 201.3301 38 405 141.1300 185.7800
1.3860901567e+000 1.1353199894e+000 3.0000000000e+000
155 163 143
2 37 498 245.8000 201.3301 38 404 141.1300 185.7800
-1.6860898814e-001 8.7084547918e-001 3.0000000000e+000
35 57 29
2 37 511 -29.9000 154.4299 38 413 -114.7800 150.4700
1.2271239775e+000 7.8479279253e-001 3.0000000000e+000
81 105 112
2 37 516 217.6100 139.1699 38 423 112.6700 126.0801
-2.2906012284e-001 -7.1086499207e-001 3.0000000000e+000
193 126 106
2 37 548 -40.6200 -126.0601 38 95 -114.7900 -120.2100
1.5124625299e+000 -1.0310524388e+000 3.0000000000e+000
175 41 48
2 37 873 268.2100 -182.8400 38 761 185.3000 -195.3500
1.5124625299e+000 -1.0310524388e+000 3.0000000000e+000
175 41 48
2 37 874 268.2100 -182.8400 38 762 185.3000 -195.3500
1.2443796029e+000 -2.0812779477e+000 3.0000000000e+000
179 125 83
2 37 632 220.6700 -369.0800 38 510 136.6700 -375.8000
1.3723307445e+000 -2.2307140379e+000 3.0000000000e+000
71 37 36
2 37 922 243.3600 -395.5800 38 794 162.4000 -405.3300
1.6634209425e+000 -2.4159589495e+000 3.0000000000e+000
34 22 18
2 37 935 294.9800 -428.4301 38 981 231.8700 -442.8500
1.1619360214e+000 -2.6156389050e+000 3.0000000000e+000
70 35 41
2 37 667 206.0500 -463.8400 38 805 122.8000 -467.8700
1.1494173896e+000 -2.9645863010e+000 3.0000000000e+000
60 22 29
2 37 718 203.8300 -525.7200 38 819 123.1000 -529.9399
3.2390978820e-001 -2.8518607921e+000 3.0000000000e+000
131 32 41
2 37 686 57.4400 -505.7300 38 240 -19.1200 -497.9000
4.3184220163e-001 -2.8785336143e+000 3.0000000000e+000
130 32 37
2 37 289 76.5800 -510.4600 38 242 -2.6400 -503.7000
3.5430460765e-001 -3.1015037594e+000 3.0000000000e+000
142 28 44
2 37 730 62.8300 -550.0000 38 603 -12.3400 -541.0200
5.0413547602e-002 -3.6370487070e+000 3.0000000000e+000
192 121 68
2 37 746 8.9400 -644.9700 38 298 -55.6700 -630.8700
1.0415978683e+000 -4.0517481754e+000 3.0000000000e+000
138 65 41
2 37 987 184.7100 -718.5100 38 860 108.0100 -720.0800
4.2981186487e-001 -4.6286281500e+000 3.0000000000e+000
154 89 48
2 37 441 76.2200 -820.8101 38 346 10.0600 -811.1500
-8.0187804717e-002 1.2444357047e+000 3.0000000000e+000
31 55 37
2 37 824 -14.2200 220.6799 38 705 -103.1300 212.8401
1.4224059600e+000 -8.0075187970e-001 3.0000000000e+000
138 97 79
2 37 1096 252.2400 -142.0000 38 943 164.3800 -153.6801
1.4224059600e+000 -8.0075187970e-001 3.0000000000e+000
138 97 79
2 37 1097 252.2400 -142.0000 38 944 164.3800 -153.6801
-4.6375934343e-001 -8.2804492004e-001 3.0000000000e+000
13 56 101
2 37 868 -82.2400 -146.8400 38 751 -147.6500 -137.6400
1.2883083946e+000 -1.9590791401e+000 3.0000000000e+000
177 123 73
2 37 902 228.4600 -347.4100 38 786 143.0200 -355.2800
3.4353373822e-001 -2.3574250874e+000 3.0000000000e+000
82 48 38
2 37 928 60.9200 -418.0500 38 792 -18.3000 -412.2700
3.4353373822e-001 -2.3574250874e+000 3.0000000000e+000
82 48 38
2 37 929 60.9200 -418.0500 38 793 -18.3000 -412.2700
-1.3584601610e-001 -2.5573308271e+000 3.0000000000e+000
184 119 94
2 37 1139 -24.0900 -453.5000 38 978 -88.6700 -440.6400
3.5909770306e-001 -2.6414664132e+000 3.0000000000e+000
185 121 98
2 37 942 63.6800 -468.4200 38 802 -14.6600 -461.5900
1.0153759261e+000 -2.7713907572e+000 3.0000000000e+000
108 58 28
2 37 1143 180.0600 -491.4600 38 813 97.8900 -492.9700
-1.1390984327e-001 -2.7190040072e+000 3.0000000000e+000
131 26 40
2 37 678 -20.2000 -482.1700 38 556 -86.1900 -468.3199
1.4148511385e-001 -3.0668796166e+000 3.0000000000e+000
205 55 72
2 37 951 25.0900 -543.8600 38 816 -46.9100 -532.2100
-5.2838318330e-002 -3.8151318543e+000 3.0000000000e+000
99 38 14
2 37 752 -9.3700 -676.5500 38 308 -69.2300 -660.2800
1.0065775706e-001 -4.1447368421e+000 3.0000000000e+000
172 84 38
2 37 763 17.8500 -735.0000 38 645 -44.6300 -720.7700
-1.4644720321e-001 5.3378004490e+000 3.0000000000e+000
91 63 56
2 37 1008 -25.9700 946.5699 38 872 208.7600 943.4399
-7.1537585725e-001 5.0105076840e+000 3.0000000000e+000
70 51 57
2 37 1017 -126.8600 888.5300 38 874 107.5000 883.0900
-6.3868426560e-001 4.9904886117e+000 3.0000000000e+000
93 62 70
2 37 1019 -113.2600 884.9800 38 875 119.4800 878.6200
1.7193045939e+000 1.0681010081e+000 3.0000000000e+000
158 158 111
2 37 1227 304.8900 189.4099 38 1219 223.5200 170.8500
1.6926314275e+000 7.2682339087e-001 3.0000000000e+000
168 161 83
2 37 1236 300.1600 128.8900 38 1231 218.9300 113.3700
1.3892480377e+000 2.4744363656e-001 3.0000000000e+000
166 156 56
2 37 1257 246.3600 43.8800 38 1257 148.2300 29.2000
1.2801880801e+000 -8.7710548344e-001 3.0000000000e+000
159 108 89
2 37 1094 227.0200 -155.5400 38 948 133.7000 -165.1300
1.5766915917e+000 -9.5780061421e-001 3.0000000000e+000
176 43 48
2 37 1286 279.6000 -169.8500 38 1272 199.1700 -183.9000
6.8656015038e-001 -1.7273681182e+000 3.0000000000e+000
163 142 118
2 37 1126 121.7500 -306.3199 38 1135 34.1100 -304.7100
1.1884398496e+000 -2.1984021180e+000 3.0000000000e+000
103 48 48
2 37 1302 210.7500 -389.8500 38 1140 124.9200 -394.5000
1.1837593021e+000 -2.3032327523e+000 3.0000000000e+000
96 43 48
2 37 1304 209.9200 -408.4399 38 1142 124.5500 -413.3700
1.2782706354e+000 -3.3261652208e+000 3.0000000000e+000
161 124 90
2 37 1316 226.6800 -589.8400 38 1155 152.0800 -596.0800
1.2782706354e+000 -3.3261652208e+000 3.0000000000e+000
161 124 90
2 37 1317 226.6800 -589.8400 38 1156 152.0800 -596.0800
-8.0187804717e-002 5.3040787546e+000 3.0000000000e+000
136 102 92
2 37 1191 -14.2200 940.5900 38 1023 221.1800 935.5601
-5.1011273377e-001 5.2697932882e+000 3.0000000000e+000
117 60 65
2 37 1190 -90.4600 934.5100 38 1022 145.9000 928.5900
-5.7067676057e-001 5.1829510452e+000 3.0000000000e+000
95 44 49
2 37 1196 -101.2000 919.1100 38 1026 134.4600 912.4900
-3.8842108017e-001 4.9427256190e+000 3.0000000000e+000
71 42 51
2 37 1202 -68.8800 876.5100 38 1029 164.5200 870.7100
-6.7838511073e-002 4.9833832934e+000 3.0000000000e+000
132 97 93
2 37 1349 -12.0300 883.7200 38 1177 221.3900 879.1500
2.7575201737e-001 5.0601313311e+000 3.0000000000e+000
70 54 55
2 37 1016 48.9000 897.3300 38 877 284.3900 894.8800
-3.9219917928e-001 4.6214099396e+000 3.0000000000e+000
47 29 29
2 37 1207 -69.5500 819.5300 38 1032 160.9100 812.8800
-3.0276317166e-001 4.6764475887e+000 3.0000000000e+000
59 42 48
2 37 1208 -53.6900 829.2900 38 879 177.8200 823.4500
-3.3563903579e-001 4.5492292132e+000 3.0000000000e+000
104 88 65
2 37 1209 -59.5200 806.7300 38 1033 170.5600 801.6799
-2.7625934343e-001 -6.6800729852e-001 3.0000000000e+000
147 27 42
2 37 1274 -48.9900 -118.4600 38 939 -121.8200 -113.2200
1.4662204828e-003 -8.0030099969e-001 3.0000000000e+000
214 137 117
2 37 1279 0.2600 -141.9200 38 1116 -79.7100 -138.3300
1.3951129196e+000 -1.9251881076e+000 3.0000000000e+000
174 100 76
2 37 1424 247.4000 -341.4000 38 1368 164.4900 -352.6400
1.5394736842e+000 -2.7975562533e+000 3.0000000000e+000
129 99 91
2 37 1430 273.0000 -496.1000 38 1373 203.4600 -508.6200
2.5088340358e-001 -3.4042108292e+000 3.0000000000e+000
181 125 99
2 37 1158 44.4900 -603.6801 38 1000 -27.3500 -592.3900
6.0112630514e-002 4.9864850725e+000 3.0000000000e+000
148 66 45
2 37 1350 10.6600 884.2700 38 1178 243.2600 878.7200
-4.1041352695e-001 4.4865224738e+000 3.0000000000e+000
67 40 36
2 37 1355 -72.7800 795.6100 38 1180 156.5500 790.7100
-1.2800862018e-002 4.4759209425e+000 3.0000000000e+000
130 105 101
2 37 1357 -2.2700 793.7300 38 1181 227.6200 789.2700
9.1409898342e-002 4.4675751880e+000 3.0000000000e+000
52 30 19
2 37 1358 16.2100 792.2500 38 1035 246.0600 786.8101
1.0003753892e-001 4.2712778651e+000 3.0000000000e+000
110 54 39
2 37 1360 17.7400 757.4399 38 1184 245.9300 753.5000
-7.0449243990e-001 4.1087029249e+000 3.0000000000e+000
83 60 70
2 37 1362 -124.9300 728.6100 38 1186 103.5500 723.3600
-7.0449243990e-001 4.1087029249e+000 3.0000000000e+000
83 60 70
2 37 1363 -124.9300 728.6100 38 1187 103.5500 723.3600
-5.0988729377e-001 4.0174620205e+000 3.0000000000e+000
164 94 62
2 37 1364 -90.4200 712.4299 38 1188 136.5100 707.4200
-2.1287593985e-001 1.1733274532e+000 3.0000000000e+000
13 80 122
2 37 1381 -37.7500 208.0701 38 1217 -123.8900 202.5801
-2.8922937149e-001 9.4691685268e-001 3.0000000000e+000
47 82 51
2 37 1384 -51.2900 167.9199 38 1071 -132.8400 164.0100
-2.8922937149e-001 9.4691685268e-001 3.0000000000e+000
47 82 51
2 37 1385 -51.2900 167.9199 38 1070 -132.8400 164.0100
1.5559397533e+000 3.9191729323e-001 3.0000000000e+000
165 157 112
2 37 1484 275.9200 69.5000 38 1422 183.8500 54.5000
1.4684772922e+000 -1.0477453246e-001 3.0000000000e+000
34 59 28
2 37 1489 260.4100 -18.5800 38 1425 167.8600 -32.7900
3.9084585089e-001 4.7725373462e+000 3.0000000000e+000
131 116 111
2 37 1450 69.3100 846.3300 38 1319 301.5000 842.9800
5.7913643973e-002 4.5944548872e+000 3.0000000000e+000
21 10 16
2 37 1533 10.2700 814.7500 38 1398 240.5200 811.1500
-6.1454893413e-001 4.3502252335e+000 3.0000000000e+000
33 19 32
2 37 1452 -108.9800 771.4399 38 1183 120.4300 765.4600
1.4230826242e+000 9.9637185004e-001 3.0000000000e+000
33 58 37
2 37 1474 252.3600 176.6899 38 1345 153.6600 161.7600
-6.7624067722e-001 7.3872180451e-001 3.0000000000e+000
110 130 131
2 37 1476 -119.9200 131.0000 38 1223 -185.6800 130.3201
3.5131468809e-002 3.4793239966e-001 3.0000000000e+000
78 110 105
2 37 1487 6.2300 61.7000 38 1246 -81.0300 59.6500
1.2693046627e+000 -2.0102254538e+000 3.0000000000e+000
171 127 80
2 37 1500 225.0900 -356.4800 38 1367 140.5000 -364.1100
1.0678194663e+000 -3.7606579773e+000 3.0000000000e+000
16 64 104
2 37 1558 189.3600 -666.8900 38 1439 111.9800 -668.0601
1.1954322758e+000 -3.8669548321e+000 3.0000000000e+000
156 120 85
2 37 1560 211.9900 -685.7400 38 1442 138.9100 -690.5800
1.9071432702e-001 5.3032891983e+000 3.0000000000e+000
39 55 44
2 37 1526 33.8200 940.4500 38 1392 269.8500 937.5200
1.9071432702e-001 5.3032891983e+000 3.0000000000e+000
39 55 44
2 37 1525 33.8200 940.4500 38 1391 269.8500 937.5200
-1.4808276184e-001 5.2213536313e+000 3.0000000000e+000
134 106 89
2 37 1528 -26.2600 925.9200 38 1394 208.8400 920.8900
2.7231190617e-001 5.1627068771e+000 3.0000000000e+000
169 115 68
2 37 1529 48.2900 915.5200 38 1395 283.2700 912.1500
2.7231190617e-001 5.1627068771e+000 3.0000000000e+000
169 115 68
2 37 1530 48.2900 915.5200 38 1396 283.2700 912.1500
3.9135352113e-001 5.2869363656e+000 3.0000000000e+000
34 33 32
2 37 1444 69.4000 937.5500 38 1393 304.0300 935.2500
1.3402442645e+000 3.6490579476e-001 3.0000000000e+000
30 59 29
2 37 1547 237.6700 64.7100 38 1461 136.0500 50.1700
1.2828382908e+000 -1.8178759123e+000 3.0000000000e+000
15 74 108
2 37 1591 227.4900 -322.3700 38 1468 140.9100 -329.9100
1.0575562671e+000 -2.9861280398e+000 3.0000000000e+000
154 110 63
2 37 1556 187.5400 -529.5400 38 1432 105.4400 -530.8900
5.4586424863e-002 -3.4848495139e+000 3.0000000000e+000
176 127 95
2 37 1516 9.6800 -617.9800 38 1377 -54.2000 -605.3800
8.0813908398e-001 -3.5719739871e+000 3.0000000000e+000
67 19 27
2 37 1557 143.3100 -633.4301 38 1435 62.9100 -630.9000
-2.7062024568e-001 -3.5945861357e+000 3.0000000000e+000
156 120 96
2 37 1515 -47.9900 -637.4399 38 1298 -101.7100 -618.2700
7.7481147938e-002 -4.4389852653e+000 3.0000000000e+000
167 129 107
2 37 1440 13.7400 -787.1801 38 1305 -45.3000 -771.2500
8.6379695118e-001 -4.9394551901e+000 3.0000000000e+000
176 80 40
2 37 1568 153.1800 -875.9301 38 1445 81.2400 -873.1100
2.4169164672e-001 4.8885904183e+000 3.0000000000e+000
25 16 21
2 37 1572 42.8600 866.9100 38 1447 274.5000 863.1400
-1.8000007572e-001 4.4631765265e+000 3.0000000000e+000
30 19 27
2 37 1574 -31.9200 791.4700 38 1449 197.6800 786.4399
8.7078937731e-001 -2.9728756094e+000 3.0000000000e+000
41 15 23
2 37 1592 154.4200 -527.1899 38 1469 71.9200 -525.6300
-4.7915414222e-001 -3.8464848798e+000 3.0000000000e+000
79 63 56
2 37 1595 -84.9700 -682.1100 38 1436 -129.9100 -657.6500
-2.8026322673e-001 -3.8331202457e+000 3.0000000000e+000
167 139 110
2 37 1596 -49.7000 -679.7400 38 1438 -100.5800 -659.8900
2.6836481309e-001 4.6331954612e+000 3.0000000000e+000
156 116 86
2 37 1622 47.5900 821.6200 38 1497 278.7800 817.2200
-5.3233096474e-002 5.1492857969e+000 3.0000000000e+000
120 83 75
2 37 1631 -9.4400 913.1400 38 1495 225.0100 910.0000
-7.8947368421e-002 4.7169359250e+000 3.0000000000e+000
25 15 24
2 37 1632 -14.0000 836.4700 38 1520 216.8900 831.9399
9.3360900879e-001 -4.4356012559e+000 3.0000000000e+000
174 92 36
2 37 1669 165.5600 -786.5800 38 1558 89.0200 -786.8900
1.7436655374e+000 1.1376879699e+000 3.0000000000e+000
69 98 116
2 37 500 309.2100 201.7500 38 711 229.2000 184.9199
1.6768420227e+000 3.8419175686e-001 3.0000000000e+000
50 56 22
2 37 530 297.3600 68.1300 38 735 215.3500 51.1300
1.5852631304e+000 -4.8377841577e-001 3.0000000000e+000
149 55 55
2 37 542 281.1200 -85.7900 38 749 197.8900 -101.8400
1.5852631304e+000 -4.8377841577e-001 3.0000000000e+000
149 55 55
2 37 543 281.1200 -85.7900 38 750 197.8900 -101.8400
1.5364286953e+000 -1.6329132310e+000 3.0000000000e+000
36 72 102
2 37 166 272.4600 -289.5699 38 488 195.5500 -302.3900
1.4709585089e+000 -2.0420864937e+000 3.0000000000e+000
73 31 28
2 37 195 260.8500 -362.1300 38 515 183.3600 -372.5400
1.3418233771e+000 -2.0674059875e+000 3.0000000000e+000
85 33 31
2 37 635 237.9500 -366.6200 38 511 155.7200 -374.7700
1.5451127820e+000 -2.2727821752e+000 3.0000000000e+000
110 77 84
2 37 213 274.0000 -403.0400 38 540 202.4800 -415.1899
1.3480262470e+000 -3.2691540252e+000 3.0000000000e+000
109 50 35
2 37 350 239.0500 -579.7300 38 626 165.7900 -588.2000
1.1997180451e+000 -3.6857705941e+000 3.0000000000e+000
25 58 90
2 37 387 212.7500 -653.6100 38 315 137.1300 -658.6500
-6.9343985651e-001 1.4410717039e+000 3.0000000000e+000
148 45 50
2 37 472 -122.9700 255.5500 38 32 -191.3300 250.8800
-3.8548863920e-001 1.3726122863e+000 3.0000000000e+000
146 49 49
2 37 486 -68.3600 243.4099 38 39 -149.1200 238.0100
1.4178947506e+000 1.1909207222e+000 3.0000000000e+000
179 37 39
2 37 826 251.4400 211.1899 38 706 146.8500 195.5801
1.4152441957e+000 7.3996224081e-001 3.0000000000e+000
76 106 114
2 37 517 250.9700 131.2200 38 723 151.1700 117.3201
3.6270680822e-001 -2.8981575643e+000 3.0000000000e+000
197 59 74
2 37 708 64.3200 -513.9399 38 580 -11.9500 -506.9399
4.7853375198e-001 -3.0010153405e+000 3.0000000000e+000
208 70 81
2 37 714 84.8600 -532.1801 38 604 6.2100 -525.8800
-6.4624184056e-002 -3.0686280674e+000 3.0000000000e+000
184 61 71
2 37 703 -11.4600 -544.1700 38 261 -76.1100 -530.0100
5.6446046758e-005 -3.2487405189e+000 3.0000000000e+000
112 76 54
2 37 723 0.0100 -576.1100 38 277 -65.7200 -562.5300
1.0981578397e+000 -4.5761278195e+000 3.0000000000e+000
132 75 61
2 37 776 194.7400 -811.5000 38 660 121.9700 -813.9600
5.7360885735e-001 -4.7799248946e+000 3.0000000000e+000
36 13 8
2 37 784 101.7200 -847.6400 38 353 31.9400 -839.4700
7.0274433337e-001 -4.7635149275e+000 3.0000000000e+000
48 16 7
2 37 452 124.6200 -844.7300 38 355 52.2500 -838.8101
-7.1328941861e-001 1.5876317992e+000 3.0000000000e+000
175 37 47
2 37 807 -126.4900 281.5400 38 371 -193.9900 275.9800
-5.3171057450e-001 1.3478008069e+000 3.0000000000e+000
173 41 52
2 37 820 -94.2900 239.0100 38 385 -169.3000 234.5200
-3.3067677433e-001 9.2295068727e-001 3.0000000000e+000
154 156 34
2 37 503 -58.6400 163.6699 38 401 -138.7300 160.4399
-3.6546991104e-001 -2.4547009002e-001 3.0000000000e+000
158 146 134
2 37 860 -64.8100 -43.5300 38 435 -137.0300 -38.7500
-3.6546991104e-001 -2.4547009002e-001 3.0000000000e+000
158 146 134
2 37 861 -64.8100 -43.5300 38 434 -137.0300 -38.7500
4.5468047866e-001 -1.5186657439e+000 3.0000000000e+000
178 112 91
2 37 887 80.6300 -269.3101 38 772 -6.0200 -267.2700
1.3723307445e+000 -2.2307140379e+000 3.0000000000e+000
71 37 36
2 37 921 243.3600 -395.5800 38 795 162.4000 -405.3300
1.5008460023e+000 -2.2427817897e+000 3.0000000000e+000
59 39 38
2 37 923 266.1500 -397.7200 38 974 192.3400 -408.7100
2.3859021180e-001 -2.6834774161e+000 3.0000000000e+000
181 125 99
2 37 939 42.3100 -475.8700 38 800 -34.6200 -466.5000
1.5144925225e+000 -2.6186277920e+000 3.0000000000e+000
25 16 16
2 37 944 268.5700 -464.3700 38 986 197.9200 -475.8700
3.2949243990e-001 -2.9654887493e+000 3.0000000000e+000
189 45 60
2 37 952 58.4300 -525.8800 38 599 -17.5100 -517.2900
9.9834574076e-001 -3.2258461400e+000 3.0000000000e+000
162 116 66
2 37 961 177.0400 -572.0500 38 832 94.7200 -572.8700
1.6863156656e+000 -1.3918982484e+000 3.0000000000e+000
28 69 100
2 37 1293 299.0400 -246.8300 38 1276 230.0500 -260.3800
1.1243797819e+000 -2.2669172932e+000 3.0000000000e+000
168 126 90
2 37 1303 199.3900 -402.0000 38 1141 113.1100 -407.1400
-3.9219917928e-001 4.6214099396e+000 3.0000000000e+000
47 29 29
2 37 1206 -69.5500 819.5300 38 1031 160.9100 812.8800
-1.9607136662e-001 8.9221787990e-001 3.0000000000e+000
29 56 36
2 37 1231 -34.7700 158.2200 38 1076 -119.7400 153.7800
1.7867479826e+000 8.6582728795e-001 3.0000000000e+000
39 62 33
2 37 1235 316.8500 153.5400 38 1228 239.1000 134.4500
1.6031954199e+000 7.3663536588e-001 3.0000000000e+000
42 59 35
2 37 1234 284.3000 130.6300 38 1230 194.1800 113.4700
1.9058456995e+000 6.2537607752e-001 3.0000000000e+000
169 157 85
2 37 1245 337.9700 110.9000 38 1242 270.0200 92.9099
1.6391728910e+000 3.0975559780e-001 3.0000000000e+000
36 61 35
2 37 1258 290.6800 54.9300 38 1250 205.9200 37.1000
1.4078008896e+000 -5.5026291008e-001 3.0000000000e+000
42 57 22
2 37 1088 249.6500 -97.5800 38 1266 159.1800 -106.4900
1.4078008896e+000 -5.5026291008e-001 3.0000000000e+000
42 57 22
2 37 1087 249.6500 -97.5800 38 1267 159.1800 -106.4900
3.9795116912e-001 -8.7783859368e-001 3.0000000000e+000
123 61 43
2 37 1283 70.5700 -155.6700 38 1120 -18.6700 -155.6700
-5.0458652812e-001 -3.1621805062e+000 3.0000000000e+000
179 124 108
2 37 1312 -89.4800 -560.7600 38 989 -137.2100 -541.4800
-9.2960529758e-001 5.2449246744e+000 3.0000000000e+000
110 86 74
2 37 1342 -164.8500 930.1000 38 1171 71.3900 922.2400
-9.1500005507e-001 5.0802632956e+000 3.0000000000e+000
104 85 71
2 37 1345 -162.2600 900.9000 38 1174 72.2100 892.5500
-7.2270678757e-001 4.3499436916e+000 3.0000000000e+000
78 71 87
2 37 1354 -128.1600 771.3900 38 1182 101.7100 765.7800
1.6246239225e+000 5.0966168167e-001 3.0000000000e+000
38 62 29
2 37 1398 288.1000 90.3800 38 1352 201.9900 74.9399
1.8481578397e+000 5.3486828338e-001 3.0000000000e+000
169 160 92
2 37 1399 327.7400 94.8500 38 1353 257.5300 76.8401
-9.3101558829e-002 4.7960553850e-001 3.0000000000e+000
29 55 34
2 37 1396 -16.5100 85.0500 38 1091 -100.8100 82.5100
1.9193232257e+000 1.0437975432e-001 3.0000000000e+000
48 60 30
2 37 1413 340.3600 18.5100 38 1262 276.7200 -0.0800
1.6746426919e+000 -9.5193642064e-001 3.0000000000e+000
167 154 122
2 37 1420 296.9700 -168.8101 38 1363 221.8000 -184.5500
7.1464274700e-001 -4.8073308271e+000 3.0000000000e+000
69 28 16
2 37 1443 126.7300 -852.5000 38 1312 53.9100 -845.3900
-8.2268805253e-001 5.1837970476e+000 3.0000000000e+000
164 146 126
2 37 1446 -145.8900 919.2600 38 1313 89.4800 911.3800
-5.2364653394e-001 5.0736653034e+000 3.0000000000e+000
134 84 83
2 37 1346 -92.8600 899.7300 38 1175 141.5000 891.2200
4.1560157260e-001 5.1017479000e+000 3.0000000000e+000
41 30 29
2 37 1347 73.7000 904.7100 38 1314 307.8300 901.8300
-8.2172933019e-001 4.9964663857e+000 3.0000000000e+000
139 120 106
2 37 1447 -145.7200 886.0400 38 1315 88.7300 878.8800
2.0142840622e-001 -2.6376879699e+000 3.0000000000e+000
177 124 101
2 37 1502 35.7200 -467.7500 38 1290 -38.0300 -460.2300
9.3665330930e-002 -2.9756951583e+000 3.0000000000e+000
154 22 37
2 37 1508 16.6100 -527.6899 38 1374 -54.1500 -515.6700
-5.1507516732e-001 4.6377070147e+000 3.0000000000e+000
142 46 57
2 37 1532 -91.3400 822.4200 38 1397 139.8600 815.9100
-4.2524438155e-001 6.4139092237e-001 3.0000000000e+000
72 111 134
2 37 1479 -75.4100 113.7400 38 1348 -150.9700 112.3201
3.1900380070e-001 -4.0083273981e+000 3.0000000000e+000
165 73 45
2 37 1562 56.5700 -710.8101 38 1383 -12.8600 -698.0601
2.4169164672e-001 4.8885904183e+000 3.0000000000e+000
25 16 21
2 37 1573 42.8600 866.9100 38 1448 274.5000 863.1400
-7.5338349306e-001 4.7494736291e+000 3.0000000000e+000
19 14 21
2 37 1621 -133.6000 842.2400 38 1496 99.3600 835.6400
4.7030088955e-001 -3.5160903357e+000 3.0000000000e+000
179 123 94
2 37 1627 83.4000 -623.5200 38 1516 7.5100 -616.1899
1.5251504998e+000 1.4775565011e+000 3.0000000000e+000
224 142 104
2 37 24 270.4600 262.0200 38 387 169.7900 243.9299
1.8508083946e+000 1.5321990278e+000 3.0000000000e+000
230 125 104
2 37 27 328.2100 271.7100 38 394 250.8600 252.8301
1.3861466028e+000 8.9949253627e-001 3.0000000000e+000
136 141 21
2 37 45 245.8100 159.5100 38 415 143.2200 143.5901
-4.7278193424e-001 5.3278184475e-001 3.0000000000e+000
29 54 25
2 37 63 -83.8400 94.4800 38 80 -156.9200 94.9500
1.8098120438e+000 -1.3701314137e+000 3.0000000000e+000
127 168 199
2 37 138 320.9400 -242.9700 38 473 260.0700 -259.2600
1.7123121677e+000 -1.4783460574e+000 3.0000000000e+000
131 161 176
2 37 154 303.6500 -262.1600 38 475 236.5400 -276.3400
1.5015226665e+000 -1.6311654686e+000 3.0000000000e+000
120 166 191
2 37 164 266.2700 -289.2600 38 146 188.1100 -301.0300
2.9926695860e-001 -1.8551502658e+000 3.0000000000e+000
178 110 91
2 37 180 53.0700 -328.9800 38 154 -28.7000 -323.8000
1.3633647718e+000 -2.1240227491e+000 3.0000000000e+000
73 31 28
2 37 191 241.7700 -376.6600 38 195 160.3400 -385.2700
1.3865978270e+000 -2.0800939574e+000 3.0000000000e+000
163 82 78
2 37 192 245.8900 -368.8700 38 513 165.2000 -378.8500
1.3989474648e+000 -2.1557144509e+000 3.0000000000e+000
74 36 35
2 37 193 248.0800 -382.2800 38 200 168.4500 -391.0000
1.5008460023e+000 -2.0379136164e+000 3.0000000000e+000
154 85 83
2 37 196 266.1500 -361.3900 38 516 190.3000 -372.5800
1.4996052219e+000 -2.0998307995e+000 3.0000000000e+000
146 83 84
2 37 198 265.9300 -372.3700 38 518 190.4800 -383.4100
1.3848497204e+000 -2.1904507974e+000 3.0000000000e+000
149 81 83
2 37 208 245.5800 -388.4399 38 201 166.0000 -398.0300
1.4154699799e+000 -2.1996990003e+000 3.0000000000e+000
82 42 40
2 37 209 251.0100 -390.0800 38 203 171.0600 -399.8500
1.3827632818e+000 -2.2768986064e+000 3.0000000000e+000
149 103 108
2 37 211 245.2100 -403.7700 38 209 165.2300 -413.0900
1.2243608747e+000 -2.4891543281e+000 3.0000000000e+000
105 52 62
2 37 230 217.1200 -441.4100 38 219 133.9900 -447.1899
1.1542669311e+000 -2.8543987991e+000 3.0000000000e+000
58 17 26
2 37 293 204.6900 -506.1801 38 251 122.1700 -511.5500
2.4986840729e-001 -3.1082704013e+000 3.0000000000e+000
206 54 69
2 37 331 44.3100 -551.2000 38 264 -28.8500 -541.0400
1.0858082018e+000 -3.5653195489e+000 3.0000000000e+000
147 143 157
2 37 365 192.5500 -632.2500 38 301 114.1000 -635.0900
1.0642668072e+000 -3.5893421603e+000 3.0000000000e+000
31 31 52
2 37 367 188.7300 -636.5100 38 304 110.0000 -639.3400
1.6686105370e-001 -4.2094735741e+000 3.0000000000e+000
174 138 123
2 37 418 29.5900 -746.4800 38 327 -34.4700 -732.4200
4.8738717674e-001 -4.6931955438e+000 3.0000000000e+000
45 17 10
2 37 442 86.4300 -832.2600 38 347 18.2600 -823.3800
5.6909764799e-001 -4.7257332479e+000 3.0000000000e+000
39 6 5
2 37 449 100.9200 -838.0300 38 349 30.9300 -830.2300
1.7796430086e+000 1.6614473960e+000 3.0000000000e+000
169 43 42
2 37 468 315.5900 294.6300 38 691 234.9800 276.3500
1.7903006417e+000 1.4729320555e+000 3.0000000000e+000
158 44 48
2 37 481 317.4800 261.2000 38 393 235.3300 242.2400
1.6238908122e+000 1.3749816436e+000 3.0000000000e+000
155 50 47
2 37 491 287.9700 243.8301 38 389 195.3700 225.9700
1.5213159547e+000 -9.6620281478e-001 3.0000000000e+000
178 148 122
2 37 556 269.7800 -171.3400 38 758 187.6300 -183.2300
1.6687781542e+000 -1.3022929027e+000 3.0000000000e+000
200 76 76
2 37 567 295.9300 -230.9399 38 767 224.0300 -245.0601
1.3918985926e+000 -2.0451318268e+000 3.0000000000e+000
82 32 32
2 37 636 246.8300 -362.6700 38 788 166.6900 -370.9301
2.6734947262e-001 -2.2240602880e+000 3.0000000000e+000
86 53 40
2 37 645 47.4100 -394.4000 38 524 -31.4500 -387.3800
1.1680263433e+000 -2.4259395743e+000 3.0000000000e+000
84 43 44
2 37 657 207.1300 -430.2000 38 548 122.2400 -436.2600
1.4872555840e+000 -2.7017480377e+000 3.0000000000e+000
26 22 19
2 37 668 263.7400 -479.1100 38 584 192.5300 -490.1400
1.7076880663e+000 -2.6508832659e+000 3.0000000000e+000
120 81 82
2 37 670 302.8300 -470.0900 38 586 244.6200 -486.4600
-2.0734956211e-001 -2.7411088298e+000 3.0000000000e+000
139 37 43
2 37 674 -36.7700 -486.0900 38 224 -99.4600 -471.5200
-2.0734956211e-001 -2.7411088298e+000 3.0000000000e+000
139 37 43
2 37 675 -36.7700 -486.0900 38 223 -99.4600 -471.5200
7.3815940914e-002 -3.0746051530e+000 3.0000000000e+000
135 28 38
2 37 724 13.0900 -545.2300 38 262 -55.9300 -532.5800
-7.7819548872e-001 1.5995859705e+000 3.0000000000e+000
170 40 53
2 37 805 -138.0000 283.6599 38 369 -202.5900 278.2000
1.6801127957e+000 1.6009399873e+000 3.0000000000e+000
170 44 45
2 37 817 297.9400 283.9000 38 686 210.0600 266.2700
1.6801127957e+000 1.6009399873e+000 3.0000000000e+000
170 44 45
2 37 818 297.9400 283.9000 38 687 210.0600 266.2700
1.6848497893e+000 1.3430070232e+000 3.0000000000e+000
167 46 51
2 37 823 298.7800 238.1599 38 710 210.4800 219.8700
1.5527254262e+000 1.2568985788e+000 3.0000000000e+000
173 42 43
2 37 827 275.3500 222.8900 38 709 175.7500 204.7800
-2.6436092979e-001 7.6753751138e-001 3.0000000000e+000
49 91 115
2 37 832 -46.8800 136.1100 38 714 -126.1900 133.8401
1.1689838610e-001 6.6609019803e-001 3.0000000000e+000
28 54 29
2 37 841 20.7300 118.1200 38 421 -70.7400 114.1000
1.1689838610e-001 6.6609019803e-001 3.0000000000e+000
28 54 29
2 37 842 20.7300 118.1200 38 721 -70.2900 112.6300
-6.3315788785e-001 3.5125927459e-001 3.0000000000e+000
38 53 26
2 37 852 -112.2800 62.2900 38 424 -176.4600 64.7900
2.0165412157e+000 -2.7169168802e-001 3.0000000000e+000
147 106 87
2 37 863 357.6000 -48.1800 38 1112 305.3500 -68.4000
3.7364667161e-001 -2.2074245367e+000 3.0000000000e+000
176 121 90
2 37 915 66.2600 -391.4500 38 790 -13.8600 -386.7800
1.2364850725e+000 -2.4417857694e+000 3.0000000000e+000
73 31 37
2 37 934 219.2700 -433.0100 38 798 136.0600 -439.8500
1.4247181828e+000 -2.9533645515e+000 3.0000000000e+000
83 52 50
2 37 954 252.6500 -523.7300 38 992 180.7300 -534.1300
1.4001879011e+000 -3.2186843757e+000 3.0000000000e+000
162 118 85
2 37 962 248.3000 -570.7800 38 842 175.1000 -580.3800
-5.6791348565e-001 -3.2784586742e+000 3.0000000000e+000
168 134 109
2 37 963 -100.7100 -581.3800 38 612 -146.9100 -560.4600
3.3833209733e-003 -3.3184961305e+000 3.0000000000e+000
180 129 102
2 37 967 0.6000 -588.4800 38 825 -64.7700 -574.3600
1.4182344594e-001 -3.9418422154e+000 3.0000000000e+000
184 113 59
2 37 981 25.1500 -699.0200 38 852 -41.2800 -683.6000
-2.9722557355e+000 -3.9730830372e+000 3.0000000000e+000
50 38 48
2 37 982 -527.0800 -704.5601 38 1157 -524.0800 -637.6700
1.1380263020e+000 -4.4182330827e+000 3.0000000000e+000
192 130 96
2 37 1001 201.8100 -783.5000 38 1015 130.6500 -785.8300
1.4806579360e+000 1.4975191274e+000 3.0000000000e+000
174 43 39
2 37 1030 262.5700 265.5601 38 900 161.2900 248.0801
1.0528185852e-001 9.0608984008e-001 3.0000000000e+000
110 125 47
2 37 1038 18.6700 160.6799 38 716 -72.3400 153.4800
1.8213156793e+000 2.7411645875e-001 3.0000000000e+000
41 57 31
2 37 1067 322.9800 48.6100 38 1103 250.7100 30.6400
6.0998110664e-001 -1.3536656889e+000 3.0000000000e+000
12 71 105
2 37 1117 108.1700 -240.0500 38 1128 16.1800 -238.5699
1.4118044287e+000 -1.7311465615e+000 3.0000000000e+000
131 157 154
2 37 1128 250.3600 -306.9900 38 962 167.9300 -317.3900
1.6623495002e+000 -1.8010715112e+000 3.0000000000e+000
80 54 64
2 37 1130 294.7900 -319.3900 38 1138 225.4800 -334.9100
1.1216727809e+000 -2.5555266187e+000 3.0000000000e+000
168 124 87
2 37 1142 198.9100 -453.1801 38 984 114.7900 -457.2900
-1.6302067463e+000 -5.0433269300e+000 3.0000000000e+000
50 39 49
2 37 1181 -289.0900 -894.3500 38 1017 -343.7900 -839.8400
-7.2682339087e-001 5.2531582252e+000 3.0000000000e+000
62 45 53
2 37 1187 -128.8900 931.5601 38 1172 107.0300 925.1100
6.4962516154e-002 5.2756017240e+000 3.0000000000e+000
160 109 84
2 37 1192 11.5200 935.5400 38 1024 247.3000 930.9600
-1.2067751777e-002 5.1024810103e+000 3.0000000000e+000
108 60 53
2 37 1197 -2.1400 904.8400 38 1028 231.6200 903.6801
1.6016166515e+000 3.1934777740e+000 3.0000000000e+000
64 60 75
2 37 1217 284.0200 566.3101 38 1047 506.9399 560.9399
1.4156389738e+000 8.9255655619e-001 3.0000000000e+000
103 122 53
2 37 1233 251.0400 158.2800 38 1225 149.8600 141.2200
1.6238908122e+000 -8.6407883723e-001 3.0000000000e+000
170 154 121
2 37 1284 287.9700 -153.2300 38 1270 210.3000 -165.3199
-1.6015189035e-002 -3.1840037869e+000 3.0000000000e+000
182 122 93
2 37 1313 -2.8400 -564.6300 38 996 -68.0800 -551.2900
-2.8374811617e+000 -4.0740223361e+000 3.0000000000e+000
50 40 49
2 37 1320 -503.1800 -722.4600 38 1159 -507.8800 -657.2200
-1.5158458509e+000 -5.1239098570e+000 3.0000000000e+000
47 35 46
2 37 1339 -268.8100 -908.6400 38 1168 -326.8600 -856.5400
8.2449260511e-001 4.5623687515e+000 3.0000000000e+000
46 36 44
2 37 1353 146.2100 809.0601 38 1321 379.3900 805.6600
1.4363908122e+000 -2.5853005316e+000 3.0000000000e+000
139 111 99
2 37 1427 254.7200 -458.4600 38 1369 181.0700 -467.7100
6.0468034099e-001 -2.8377066017e+000 3.0000000000e+000
144 23 34
2 37 1428 107.2300 -503.2200 38 1149 25.4700 -499.1700
1.4067294472e+000 -3.6539660002e+000 3.0000000000e+000
155 117 80
2 37 1436 249.4600 -647.9700 38 1379 181.5800 -657.1700
-2.5142480377e+000 -4.4246617367e+000 3.0000000000e+000
135 120 123
2 37 1439 -445.8600 -784.6400 38 1302 -467.4900 -721.7300
-1.9518609298e+000 -4.7794175686e+000 3.0000000000e+000
43 33 42
2 37 1442 -346.1300 -847.5500 38 1304 -386.6000 -790.7900
1.4099998761e+000 1.1277066568e+000 3.0000000000e+000
117 125 109
2 37 1472 250.0400 199.9800 38 1344 145.7100 183.6599
-4.1475557026e-001 -3.2370678895e+000 3.0000000000e+000
179 125 105
2 37 1510 -73.5500 -574.0400 38 1295 -124.4900 -555.2200
5.8697383565e-001 -3.2720300201e+000 3.0000000000e+000
147 23 41
2 37 1512 104.0900 -580.2400 38 1376 24.1300 -574.8199
-2.1129699936e+000 -4.7839284338e+000 3.0000000000e+000
133 115 120
2 37 1567 -374.7000 -848.3500 38 1386 -412.7100 -788.1500
-2.3341916880e+000 -4.6302065742e+000 3.0000000000e+000
132 113 117
2 37 1600 -413.9300 -821.0900 38 1443 -443.2600 -758.2100
1.3259210802e+000 5.2240602880e+000 3.0000000000e+000
103 80 66
2 37 1602 235.1300 926.4000 38 1477 475.2300 927.1100
-5.8466161283e-001 -3.2172746013e+000 3.0000000000e+000
123 95 81
2 37 1664 -103.6800 -570.5300 38 1542 -139.1200 -551.4301
-3.8983085460e-001 -1.8371054284e+000 3.0000000000e+000
181 118 103
2 37 1675 -69.1300 -325.7800 38 1555 -119.2500 -313.9301
