# Bundle file v0.3
60 456
0 0 0
0 0 0
0 0 0
0 0 0
0 0 0
0 0 0
0 0 0
0 0 0
0 0 0
0 0 0
0 0 0
0 0 0
0 0 0
0 0 0
0 0 0
0 0 0
0 0 0
0 0 0
0 0 0
0 0 0
0 0 0
0 0 0
0 0 0
0 0 0
0 0 0
0 0 0
0 0 0
0 0 0
0 0 0
0 0 0
0 0 0
0 0 0
0 0 0
0 0 0
0 0 0
0 0 0
0 0 0
0 0 0
0 0 0
0 0 0
0 0 0
0 0 0
0 0 0
0 0 0
0 0 0
0 0 0
0 0 0
0 0 0
0 0 0
0 0 0
0 0 0
0 0 0
0 0 0
0 0 0
0 0 0
0 0 0
0 0 0
0 0 0
0 0 0
0 0 0
0 0 0
0 0 0
0 0 0
0 0 0
0 0 0
0 0 0
0 0 0
0 0 0
0 0 0
0 0 0
0 0 0
0 0 0
0 0 0
0 0 0
0 0 0
0 0 0
0 0 0
0 0 0
0 0 0
0 0 0
0 0 0
0 0 0
0 0 0
0 0 0
0 0 0
0 0 0
0 0 0
0 0 0
0 0 0
0 0 0
0 0 0
0 0 0
0 0 0
0 0 0
0 0 0
0 0 0
0 0 0
0 0 0
0 0 0
0 0 0
0 0 0
0 0 0
0 0 0
0 0 0
0 0 0
0 0 0
0 0 0
0 0 0
0 0 0
0 0 0
0 0 0
0 0 0
0 0 0
0 0 0
0 0 0
0 0 0
0 0 0
0 0 0
0 0 0
0 0 0
0 0 0
0 0 0
0 0 0
0 0 0
0 0 0
0 0 0
0 0 0
0 0 0
0 0 0
0 0 0
0 0 0
0 0 0
0 0 0
0 0 0
0 0 0
0 0 0
0 0 0
0 0 0
0 0 0
0 0 0
0 0 0
0 0 0
0 0 0
0 0 0
0 0 0
0 0 0
0 0 0
0 0 0
0 0 0
0 0 0
0 0 0
0 0 0
0 0 0
0 0 0
0 0 0
0 0 0
0 0 0
0 0 0
0 0 0
0 0 0
0 0 0
0 0 0
0 0 0
0 0 0
0 0 0
0 0 0
0 0 0
0 0 0
0 0 0
0 0 0
0 0 0
0 0 0
0 0 0
0 0 0
0 0 0
0 0 0
0 0 0
0 0 0
0 0 0
0 0 0
0 0 0
0 0 0
0 0 0
0 0 0
0 0 0
-3.2087049174e+003 5.9412262607e-002 1.8996522094e-002
9.3040246306e-001 -7.0503925763e-003 -3.6647175702e-001
-1.3284771232e-001 9.2534932746e-001 -3.5507760772e-001
3.4161783042e-001 3.7905001535e-001 8.6001066493e-001
9.9055998877e-001 1.4408396173e+000 1.0355632877e+001
-3.3919246420e+003 7.3045640773e-002 -6.7621438047e-003
9.7857850049e-001 1.3525022691e-001 -1.5521435016e-001
-1.8176033157e-001 9.2163920269e-001 -3.4284743243e-001
9.6681436894e-002 3.6371493807e-001 9.2647943506e-001
3.3577169011e-001 1.3987761764e+000 1.1226000643e+001
0 0 0
0 0 0
0 0 0
0 0 0
0 0 0
0 0 0
0 0 0
0 0 0
0 0 0
0 0 0
0 0 0
0 0 0
0 0 0
0 0 0
0 0 0
0 0 0
0 0 0
0 0 0
0 0 0
0 0 0
0 0 0
0 0 0
0 0 0
0 0 0
0 0 0
0 0 0
0 0 0
0 0 0
0 0 0
0 0 0
0 0 0
0 0 0
0 0 0
0 0 0
0 0 0
0 0 0
0 0 0
0 0 0
0 0 0
0 0 0
0 0 0
0 0 0
0 0 0
0 0 0
0 0 0
0 0 0
0 0 0
0 0 0
0 0 0
0 0 0
0 0 0
0 0 0
0 0 0
0 0 0
0 0 0
0 0 0
0 0 0
0 0 0
0 0 0
0 0 0
0 0 0
0 0 0
0 0 0
0 0 0
0 0 0
0 0 0
0 0 0
0 0 0
0 0 0
0 0 0
0 0 0
0 0 0
0 0 0
0 0 0
0 0 0
0 0 0
0 0 0
0 0 0
0 0 0
0 0 0
0 0 0
0 0 0
0 0 0
0 0 0
0 0 0
0 0 0
0 0 0
0 0 0
0 0 0
0 0 0
0 0 0
0 0 0
0 0 0
0 0 0
0 0 0
0 0 0
0 0 0
0 0 0
0 0 0
0 0 0
0 0 0
0 0 0
0 0 0
0 0 0
0 0 0
-6.9417600316e-001 5.2079101104e-002 1.7928188504e+000
172 39 52
2 37 811 -85.9300 259.4299 38 383 -162.5100 253.5200
-5.3998355945e-001 -5.7952591523e-001 2.3153325323e+000
37 55 32
2 37 1063 -95.7300 41.6600 38 732 -163.1600 43.5000
-6.0526334389e-001 -6.2102723366e-001 2.4738917521e+000
38 52 27
2 37 1068 -126.5400 18.1700 38 736 -185.7400 22.6200
-7.5260552833e-001 -2.2444074016e-001 2.2567806973e+000
28 55 40
2 37 1475 -143.6700 142.7700 38 1221 -201.4300 143.0801
-7.2634035369e-001 -2.7664052888e-001 2.2705537954e+000
135 139 46
2 37 1239 -138.3400 127.2400 38 907 -197.2200 128.5701
-5.1497552024e-001 -9.2844312032e-001 2.7519442622e+000
151 32 42
2 37 1268 -129.1000 -85.6600 38 930 -182.7000 -78.1700
-6.1940213272e-001 5.3928560771e-002 1.6948349490e+000
164 37 42
2 37 812 -57.2400 268.3600 38 378 -139.9800 260.6300
-8.8942603803e-001 1.9328544421e-001 1.9339917636e+000
173 37 49
2 37 803 -149.0000 286.2500 38 367 -211.1200 280.8301
-4.3447010386e-001 -5.9152811877e-001 2.1840917568e+000
146 150 114
2 37 1404 -56.7800 47.3000 38 1245 -132.7400 48.2100
-4.8655251272e-001 -5.3573257422e-001 2.1998734035e+000
28 58 35
2 37 1403 -71.4600 61.5600 38 1096 -144.3900 62.5300
-6.0896152013e-001 -3.7639759361e-001 2.1721599791e+000
35 54 33
2 37 520 -99.8500 108.9099 38 72 -168.6200 108.4700
-2.8156683773e-001 -8.9862252195e-001 2.3283015001e+000
155 144 131
2 37 1077 -31.8500 -48.4800 38 739 -110.0500 -45.9300
-3.0732849296e-001 -3.3422122238e-001 1.7946202909e+000
30 53 25
2 37 1232 13.5600 147.2000 38 908 -76.9000 141.5100
-4.9853123160e-002 -7.5772569420e-001 1.9949545902e+000
28 51 29
2 37 1263 59.5700 10.0400 38 1102 -33.1700 7.0800
-2.8426531183e-001 -6.5603484653e-001 2.0928436260e+000
113 124 81
2 37 1254 -9.8600 35.1700 38 921 -93.6200 33.4500
-2.8426531183e-001 -6.5603484653e-001 2.0928436260e+000
113 124 81
2 37 1255 -9.8600 35.1700 38 922 -93.6200 33.4500
-3.2793733029e-001 -3.8472699135e-001 1.8466098943e+000
143 155 38
2 37 1390 3.1400 129.7600 38 1086 -86.0500 125.1400
-2.0696765900e-001 -5.5627865843e-001 1.9355879613e+000
29 54 40
2 37 1397 25.3100 72.7000 38 1239 -64.2600 69.0400
5.5620058615e-001 -2.9042887484e+000 3.6099626454e+000
123 39 29
2 37 1161 52.7000 -667.1700 38 1005 -18.3100 -655.8800
4.1804520259e-001 -2.9862662040e+000 3.8467239136e+000
146 70 35
2 37 1163 -2.3200 -696.3400 38 848 -63.4200 -680.5200
7.0689534577e-001 -3.4123822306e+000 4.0740316405e+000
138 75 37
2 37 1177 45.1000 -819.1500 38 864 -16.3600 -805.8900
3.1137000347e-001 -2.2813451476e+000 3.2297535883e+000
140 25 37
2 37 1308 29.2700 -482.1600 38 983 -42.9100 -473.1500
3.9854279801e-001 -3.0303327098e+000 3.9342071219e+000
37 27 21
2 37 1166 -14.9300 -711.3101 38 849 -72.6300 -693.8000
-5.4362417634e-001 -2.7823742755e-001 1.9699088076e+000
24 57 45
2 37 1387 -64.1900 151.8700 38 1075 -141.9500 148.7400
-5.4955787163e-001 -3.8945000554e-001 2.0719791280e+000
72 111 134
2 37 1478 -75.4100 113.7400 38 1349 -150.9700 112.3201
-5.3122925401e-001 -7.7730137378e-002 1.7175626933e+000
175 35 40
2 37 821 -36.6000 228.6300 38 396 -122.8600 222.9099
-1.6530026934e-001 -7.2952150966e-001 2.0619992583e+000
30 56 21
2 37 1262 23.4600 15.1100 38 923 -64.5700 13.0700
-7.2466124962e-001 1.0288438826e-001 1.7811910131e+000
178 41 55
2 37 810 -92.6700 274.7300 38 374 -168.0500 268.2400
-3.4742796098e-001 -4.6916050310e-001 1.9494354338e+000
131 139 34
2 37 1051 -11.9700 98.4700 38 914 -97.9100 95.6599
4.0039304987e-001 -2.2498066110e+000 3.0973526618e+000
185 121 98
2 37 941 63.6800 -468.4200 38 801 -14.6600 -461.5900
4.3859360935e-001 -2.6509635966e+000 3.4573595393e+000
116 75 60
2 37 1157 38.7400 -592.3300 38 839 -32.7700 -581.2300
2.8522715865e-001 -2.6087338052e+000 3.5596770235e+000
182 127 106
2 37 1152 -7.7500 -584.0200 38 824 -72.5700 -569.0900
2.1826894582e-001 -2.5681964713e+000 3.6207449708e+000
187 114 101
2 37 958 -29.4500 -575.3800 38 822 -89.5300 -559.4500
8.3012094873e-001 -3.4984378476e+000 4.0238031598e+000
146 76 51
2 37 1178 78.9400 -841.5500 38 867 12.5000 -830.5400
-3.0917497554e-001 -4.1713724131e-001 1.8735850393e+000
49 97 110
2 37 839 5.2700 118.1599 38 419 -83.3500 113.5701
-3.0917497554e-001 -4.1713724131e-001 1.8735850393e+000
49 97 110
2 37 840 5.2700 118.1599 38 420 -83.3500 113.5701
-5.5736807142e-001 3.1903292453e-002 1.6546942010e+000
173 39 40
2 37 1028 -37.2500 264.5901 38 681 -123.3400 256.9700
-6.6420318318e-001 -2.6034456088e-002 1.8197828574e+000
165 44 55
2 37 488 -80.7900 235.5200 38 37 -158.6500 230.8301
9.2658355969e-001 -3.5666624956e+000 3.9754048571e+000
151 80 56
2 37 1180 106.4800 -859.0400 38 1018 35.6300 -850.0699
-6.7542489630e-001 -3.4370273463e-001 2.2534027404e+000
31 58 33
2 37 1392 -124.0500 110.9399 38 1229 -186.5200 111.7100
-6.0168279708e-001 2.9616313795e-002 1.6880609435e+000
222 135 101
2 37 23 -52.0000 262.5601 38 38 -136.1000 254.4800
-5.0936901965e-001 -1.0736026842e-001 1.7125222984e+000
146 162 155
2 37 38 -30.4400 221.0200 38 397 -118.1400 215.1300
9.4881683496e-004 -1.2118451186e+000 2.4077269175e+000
204 138 106
2 37 111 31.5400 -143.5300 38 102 -52.3700 -141.8199
-2.3980898552e-001 -1.1295826599e+000 2.5311703461e+000
193 126 106
2 37 547 -40.6200 -126.0601 38 96 -114.7900 -120.2100
5.3138985653e-001 -2.4481483256e+000 3.1668577752e+000
128 32 36
2 37 710 89.0400 -526.4500 38 266 8.4600 -520.1801
5.0880406476e-001 -2.9536205385e+000 3.7092630099e+000
123 65 27
2 37 398 32.0300 -683.6801 38 314 -35.2900 -670.2500
8.7204973845e-001 -3.4980290717e+000 3.9693317744e+000
164 91 57
2 37 782 94.0600 -839.7700 38 658 24.8000 -830.8500
-2.6238429813e-001 -4.2942378949e-001 1.8365294147e+000
27 52 33
2 37 1052 21.0100 116.5200 38 720 -70.2900 112.6300
-3.5281605822e-001 -4.2794827007e-001 1.9256892034e+000
34 59 38
2 37 1049 -11.0600 111.9000 38 718 -96.9200 107.7300
-2.0051394101e-001 -5.1910112447e-001 1.8832814753e+000
148 153 33
2 37 850 32.2000 87.1200 38 729 -59.2600 82.8301
-2.0051394101e-001 -5.1910112447e-001 1.8832814753e+000
148 153 33
2 37 851 32.2000 87.1200 38 730 -59.2600 82.8301
-5.5736807142e-001 3.1903292453e-002 1.6546942010e+000
173 39 40
2 37 1027 -37.2500 264.5901 38 680 -123.3400 256.9700
-3.2476486215e-002 -1.2228394918e+000 2.4347127297e+000
177 112 87
2 37 1093 20.5600 -147.7600 38 1117 -62.2800 -144.8700
9.5676215964e-002 -1.3918993753e+000 2.5121954439e+000
13 50 79
2 37 1108 45.0500 -200.6100 38 952 -38.6700 -198.3400
-3.2221533829e-001 -5.4177696532e-001 2.0195599270e+000
92 109 53
2 37 1058 -12.4000 72.1599 38 916 -96.5500 70.1200
-3.2221533829e-001 -5.4177696532e-001 2.0195599270e+000
92 109 53
2 37 1057 -12.4000 72.1599 38 915 -96.5500 70.1200
-7.5943748304e-001 -1.9294154424e-001 2.1907501065e+000
124 137 92
2 37 1229 -139.5200 158.6100 38 712 -200.1900 156.4399
-2.6280550770e-001 -8.7300697899e-001 2.2910559676e+000
108 28 39
2 37 87 -23.5600 -39.1500 38 90 -103.0500 -37.5300
8.4394931174e-001 -3.2509831285e+000 3.7552875806e+000
94 73 70
2 37 994 107.6200 -767.1500 38 652 34.7600 -760.6100
9.6185163603e-001 -3.5392796603e+000 3.9353880922e+000
171 91 54
2 37 785 118.5500 -850.7800 38 356 46.7300 -843.5699
3.7263061930e-001 -2.2860108929e+000 3.1434770476e+000
177 117 95
2 37 943 52.5200 -479.9399 38 560 -24.6100 -471.8500
4.3859360935e-001 -2.6509635966e+000 3.4573595393e+000
116 75 60
2 37 1156 38.7400 -592.3300 38 838 -32.7700 -581.2300
6.8074729281e-001 -3.2316005528e+000 3.8488031947e+000
180 145 132
2 37 992 60.0200 -763.6200 38 650 -8.1200 -752.2700
-3.0010034483e-001 -2.9525716789e-001 1.7615673216e+000
110 125 47
2 37 1037 18.6700 160.6799 38 715 -72.3400 153.4800
1.7845357579e-001 -2.5421006131e+000 3.6405378571e+000
183 115 104
2 37 957 -40.7800 -568.7100 38 614 -98.9600 -552.6899
7.5974586752e-001 -3.4270211605e+000 4.0047916187e+000
155 87 48
2 37 1003 64.0800 -823.0300 38 865 -1.2200 -807.6500
-4.2958053949e-001 -5.5229440435e-001 2.0974392941e+000
28 55 36
2 37 1395 -47.2700 65.7900 38 1090 -127.2400 65.3000
-3.5188781351e-001 -8.5009966061e-001 2.3773789822e+000
172 136 127
2 37 1415 -54.2400 -37.9000 38 1263 -127.7100 -35.7600
9.3466273502e-001 -3.4602371188e+000 3.8763737350e+000
171 90 43
2 37 1524 117.7300 -827.8800 38 1390 45.1400 -820.6000
-6.3890831913e-001 -4.7465549023e-001 2.3497399900e+000
29 55 35
2 37 1482 -123.6800 67.5801 38 1238 -185.0800 70.0100
2.7981887770e-001 -1.5004603742e+000 2.4384228977e+000
8 72 110
2 37 1588 98.5700 -228.0200 38 1465 7.3800 -227.8101
4.9441875120e-001 -2.3185785787e+000 3.0924365595e+000
177 122 101
2 37 948 87.1200 -487.9200 38 811 6.6500 -482.4000
6.1507664235e-001 -3.0358274991e+000 3.7019508812e+000
83 21 6
2 37 766 58.1300 -706.0500 38 642 -11.8900 -695.0300
-2.5545536980e-001 -9.4528828477e-001 2.3508930259e+000
169 136 122
2 37 540 -27.4200 -63.4500 38 438 -105.8900 -60.0300
8.7204973845e-001 -3.4980290717e+000 3.9693317744e+000
164 91 57
2 37 781 94.0600 -839.7700 38 659 24.8000 -830.8500
2.4165074973e-001 -1.7813277434e+000 2.7838904002e+000
177 110 93
2 37 1131 54.8600 -323.9399 38 964 -25.9800 -320.0699
5.7684519849e-001 -2.3714597905e+000 3.0919980491e+000
144 23 34
2 37 1429 107.2300 -503.2200 38 1148 25.4700 -499.1700
-6.2561106789e-001 -3.3846161445e-001 2.1772204525e+000
116 133 63
2 37 1241 -104.5000 118.4600 38 1080 -171.5100 117.6699
-6.2561106789e-001 -3.3846161445e-001 2.1772204525e+000
116 133 63
2 37 1240 -104.5000 118.4600 38 1079 -171.5100 117.6699
3.9210852844e-001 -2.9966336625e+000 3.9171057560e+000
184 135 100
2 37 393 -14.9200 -701.6000 38 316 -72.4500 -684.8199
7.2561304556e-001 -3.2893656807e+000 3.8714537326e+000
27 21 17
2 37 431 68.5600 -780.1300 38 334 -0.0100 -769.3101
2.0535882442e-001 -1.6239487856e+000 2.6423245223e+000
53 20 11
2 37 584 59.7100 -273.0300 38 135 -24.0900 -269.5699
4.5865973479e-001 -2.4210320074e+000 3.2234056867e+000
129 31 40
2 37 313 65.7700 -520.9600 38 265 -10.9700 -513.4301
8.8545482507e-001 -3.2938320925e+000 3.7465306523e+000
178 142 144
2 37 998 118.4500 -778.8400 38 862 43.9200 -772.5400
-5.4137983879e-001 -2.5195263201e-001 1.9179947801e+000
154 156 34
2 37 504 -58.6400 163.6699 38 400 -138.7300 160.4399
4.4938423252e-001 -2.3752974193e+000 3.1790880357e+000
137 26 39
2 37 947 67.7900 -506.3300 38 810 -9.9900 -499.5000
3.4723706099e-001 -2.5076666509e+000 3.4071806578e+000
142 27 40
2 37 727 21.3400 -550.8400 38 598 -48.4600 -539.7900
8.1781398631e-001 -3.2906067797e+000 3.8053275188e+000
176 147 142
2 37 1171 96.6800 -779.6200 38 1014 25.1000 -770.6600
3.0509720930e-001 -1.9775618684e+000 2.9408157924e+000
179 121 99
2 37 1135 55.2700 -386.5601 38 966 -22.9500 -381.0100
-2.2441285742e-001 -1.8148962746e+000 3.3422784794e+000
182 121 110
2 37 904 -110.8500 -359.6000 38 492 -161.2900 -343.1300
-2.7868794372e-001 -5.3515235997e-001 1.9790943036e+000
32 57 38
2 37 1060 2.6500 76.8500 38 728 -83.6400 72.8900
-2.7868794372e-001 -5.3515235997e-001 1.9790943036e+000
32 57 38
2 37 1059 2.6500 76.8500 38 727 -83.6400 72.8900
-1.4198039542e-001 -1.3998549893e+000 2.6918556836e+000
5 40 72
2 37 1290 -31.3600 -210.3400 38 1126 -105.4800 -202.4600
-6.5330643453e-001 -7.8339502630e-002 1.8687035392e+000
17 85 136
2 37 1380 -82.6400 216.5200 38 1063 -159.3600 212.7100
-6.6509481816e-001 -1.7216367629e-001 2.0051861538e+000
67 98 55
2 37 1225 -98.5300 179.1400 38 903 -170.1200 176.3700
-5.8070953519e-001 -4.1567078553e-001 2.1816992029e+000
23 56 32
2 37 1393 -93.5800 96.7900 38 1081 -163.2200 97.2400
1.4986370034e-001 -1.2798467028e+000 2.3490776940e+000
227 134 117
2 37 121 74.7500 -160.6000 38 108 -14.4800 -160.6400
5.4525678357e-001 -2.4888867473e+000 3.2083885247e+000
140 27 44
2 37 716 88.3400 -539.1801 38 606 8.8200 -533.4500
-1.5554428384e-001 -1.1728073942e+000 2.4967809088e+000
204 135 120
2 37 104 -16.2800 -136.1700 38 99 -93.9300 -132.3101
4.7833908478e-001 -2.3919232068e+000 3.1615594232e+000
130 32 37
2 37 288 76.5800 -510.4600 38 241 -2.6400 -503.7000
5.5075835180e-001 -3.0271965168e+000 3.7562635697e+000
190 111 66
2 37 765 37.6600 -705.2200 38 321 -29.3300 -692.3101
6.7386150649e-001 -3.0620560327e+000 3.6746020399e+000
66 14 4
2 37 767 74.7900 -712.7400 38 326 2.6900 -702.7800
9.8691988166e-001 -3.5495713239e+000 3.9309976111e+000
44 17 9
2 37 786 124.8900 -852.9900 38 664 52.6000 -847.6899
9.2405537964e-001 -3.0737706641e+000 3.5423802031e+000
177 96 31
2 37 1167 147.1300 -713.6100 38 1008 69.2600 -711.2900
7.4627604217e-001 -3.0718724831e+000 3.6209814276e+000
190 92 44
2 37 986 97.2600 -714.0100 38 646 22.2600 -706.2600
4.2346061445e-001 -2.9601805179e+000 3.8038697110e+000
167 81 41
2 37 755 2.9000 -688.3000 38 309 -59.6600 -672.1200
2.0354497491e-001 -1.6461834258e+000 2.6946089763e+000
176 115 95
2 37 1120 54.0500 -282.1801 38 957 -27.3700 -278.9500
-5.3998355945e-001 -5.7952591523e-001 2.3153325323e+000
37 55 32
2 37 1064 -95.7300 41.6600 38 733 -163.1600 43.5000
-8.4046910430e-001 1.2815631755e-001 1.9376188560e+000
202 139 122
2 37 1377 -136.8900 268.1599 38 1061 -201.2800 262.4299
-8.4046910430e-001 1.2815631755e-001 1.9376188560e+000
202 139 122
2 37 1378 -136.8900 268.1599 38 1062 -201.2800 262.4299
-6.8760465896e-001 -2.9885700663e-001 2.1739475667e+000
110 130 131
2 37 1477 -119.9200 131.0000 38 1224 -185.6800 130.3201
5.8850178058e-001 -2.9874114358e+000 3.6717977279e+000
132 50 28
2 37 402 54.6100 -692.2800 38 322 -15.5400 -680.1600
5.6929078437e-001 -3.1646133698e+000 3.8907309994e+000
174 138 123
2 37 417 29.5900 -746.4800 38 328 -34.4700 -732.4200
8.6086802080e-001 -2.5973803120e+000 3.1668632104e+000
126 82 36
2 37 960 168.5100 -570.8101 38 831 85.6600 -572.4100
-7.9030246471e-001 1.4361099910e-001 1.8500239338e+000
162 42 42
2 37 808 -115.9600 279.6100 38 372 -185.3600 273.4700
9.8524097449e-001 -2.7992770780e+000 3.3242821300e+000
28 26 42
2 37 1318 182.5300 -633.6899 38 1158 102.9900 -635.3400
6.3534805327e-001 -3.1977326459e+000 3.8522322495e+000
179 147 136
2 37 769 48.9000 -754.5800 38 649 -18.1200 -741.8400
9.4343118504e-001 -3.3074002635e+000 3.7312135565e+000
22 11 14
2 37 1000 133.6500 -782.5200 38 655 58.3300 -777.8700
-4.3353972474e-001 -9.9322325718e-001 2.6589653093e+000
137 30 40
2 37 1085 -100.7000 -96.3900 38 740 -162.2900 -89.4500
4.1160900291e-001 -2.6733057048e+000 3.4838979437e+000
187 125 104
2 37 1155 29.7900 -599.1500 38 840 -41.1500 -586.6801
-6.2792718465e-001 -2.2250989676e-001 1.9881471901e+000
25 55 35
2 37 1226 -87.4700 167.0300 38 905 -162.0600 164.3800
-4.7595092145e-001 -5.0344846890e-001 2.1172805543e+000
95 120 49
2 37 1247 -60.9700 77.7700 38 1089 -137.8900 77.2900
-4.7595092145e-001 -5.0344846890e-001 2.1172805543e+000
95 120 49
2 37 1246 -60.9700 77.7700 38 1088 -137.8900 77.2900
4.6885495358e-001 -3.0213503495e+000 3.8076057538e+000
148 74 39
2 37 1321 13.4100 -704.9800 38 1006 -50.8900 -689.2200
8.3284452591e-001 -3.4272532347e+000 3.8887521080e+000
170 87 41
2 37 1441 92.5700 -817.6899 38 1309 20.7800 -809.3300
7.8831799956e-001 -3.0430187240e+000 3.5853395884e+000
177 86 40
2 37 1563 110.6200 -705.5400 38 1441 35.0100 -699.4200
8.0336865269e-001 -2.9017627871e+000 3.4617688492e+000
88 18 32
2 37 1628 125.9900 -664.5699 38 1517 48.6700 -658.4900
-2.0052357317e-001 -6.4382444127e-001 1.9768212347e+000
33 54 35
2 37 1652 22.9600 46.9700 38 1538 -67.4000 42.8800
9.1251643386e-001 -1.9940113012e+000 2.7397991358e+000
168 85 86
2 37 919 222.4700 -392.1100 38 972 138.0600 -399.7100
6.5613928448e-001 -3.0389204971e+000 3.6742274483e+000
172 69 42
2 37 411 70.5500 -706.4200 38 324 -0.8600 -696.2700
-3.1302731525e-001 -3.9235332937e-001 1.8580993825e+000
148 148 17
2 37 60 5.8000 126.0901 38 77 -82.8600 121.3500
7.7307715235e-001 -1.7384299518e+000 2.5261252998e+000
162 147 118
2 37 595 210.7700 -309.5699 38 777 121.3900 -315.1500
7.8678134387e-001 -1.7853868543e+000 2.5709596387e+000
170 126 90
2 37 901 209.4500 -324.3199 38 784 121.1300 -331.2600
2.7693883664e-001 -2.0068090431e+000 2.9520995254e+000
86 53 40
2 37 646 47.4100 -394.4000 38 525 -31.4500 -387.3800
5.2184896076e-001 -2.9384146437e+000 3.6906763139e+000
180 104 45
2 37 758 36.8600 -678.8400 38 312 -30.9300 -666.5400
1.5750586679e-001 -2.8243725485e+000 4.0352073282e+000
159 137 113
2 37 979 -80.8100 -659.4800 38 843 -126.3800 -637.8800
3.6384588476e-001 -2.9815027292e+000 3.9316165342e+000
182 142 108
2 37 757 -22.9300 -698.1899 38 639 -79.1900 -680.2500
9.2795019124e-001 -3.3305340451e+000 3.7577373698e+000
176 141 140
2 37 999 127.4600 -789.3700 38 863 52.6600 -783.9700
4.2361715639e-001 -3.0206992957e+000 3.8944364124e+000
186 142 106
2 37 984 -5.3700 -707.4000 38 850 -64.9000 -691.0300
5.8091733401e-001 -3.1065980824e+000 3.8344661296e+000
194 104 52
2 37 1322 37.5200 -729.2000 38 1163 -27.6200 -716.5500
2.4608856459e-001 -6.3095809840e-001 1.6862391511e+000
149 146 131
2 37 1256 166.9100 62.9100 38 1249 61.8600 51.6100
-6.6710749521e-001 -1.9780477757e-001 2.0896779951e+000
25 55 38
2 37 1383 -106.8500 163.5701 38 1067 -174.0500 161.9800
1.1570522447e-001 -1.2525895002e+000 2.3485197587e+000
201 142 110
2 37 114 66.2200 -152.5000 38 103 -22.2400 -152.3800
8.8552615448e-001 -1.9409545964e+000 2.7178407507e+000
88 43 38
2 37 633 218.0300 -377.1100 38 787 134.0400 -383.2900
9.4341930723e-001 -1.9566248605e+000 2.7286715979e+000
80 30 32
2 37 638 230.7100 -383.2100 38 531 147.6100 -390.4600
9.3194925551e-001 -2.5759172392e+000 3.1565487803e+000
132 89 44
2 37 336 186.2600 -566.5699 38 282 104.6000 -569.0400
1.0072620415e+000 -2.5741968695e+000 3.1642229461e+000
63 25 40
2 37 735 203.1500 -567.9500 38 620 123.0500 -572.2100
1.0877660667e+000 -2.7194570058e+000 3.2953209711e+000
32 28 43
2 37 740 208.9900 -613.7800 38 631 132.2700 -617.9500
1.1175577980e+000 -2.7027629183e+000 3.3006299251e+000
29 26 36
2 37 741 215.2100 -610.4800 38 632 139.9100 -615.0400
7.2561304556e-001 -3.2893656807e+000 3.8714537326e+000
27 21 17
2 37 432 68.5600 -780.1300 38 335 -0.0100 -769.3101
1.2231680681e+000 -3.3992059906e+000 3.7740115573e+000
132 75 61
2 37 777 194.7400 -811.5000 38 661 121.9700 -813.9600
-5.1695206395e-001 -3.1376780698e-001 1.9711372312e+000
141 151 58
2 37 512 -57.4800 141.6400 38 412 -136.4900 139.0500
9.4881683496e-004 -1.2118451186e+000 2.4077269175e+000
204 138 106
2 37 110 31.5400 -143.5300 38 101 -52.3700 -141.8199
9.6039248691e-001 -1.6993249361e+000 2.5684549525e+000
131 157 154
2 37 1129 250.3600 -306.9900 38 961 167.9300 -317.3900
5.3694320062e-001 -2.4041975657e+000 3.1493026403e+000
132 28 35
2 37 709 91.9500 -514.2800 38 247 12.0600 -508.4800
5.3138985653e-001 -2.4481483256e+000 3.1668577752e+000
128 32 36
2 37 711 89.0400 -526.4500 38 267 8.4600 -520.1801
5.7070702025e-001 -8.4580176439e-001 1.8682160828e+000
33 59 34
2 37 1267 228.5700 -22.6700 38 1264 130.8300 -32.6600
8.3005267726e-001 -1.2509417341e+000 2.2375516774e+000
152 104 89
2 37 1105 252.7200 -165.0500 38 951 165.8100 -176.4600
5.7199691854e-001 -2.4803008570e+000 3.1966015788e+000
230 82 98
2 37 315 95.9000 -537.0500 38 607 16.2700 -531.6400
1.3499955671e-001 -2.5118728602e+000 3.6641309172e+000
183 120 101
2 37 956 -53.3000 -561.9100 38 593 -109.1300 -544.1899
1.0892629572e-001 -2.5176111108e+000 3.6885184604e+000
127 82 72
2 37 720 -61.7100 -563.8600 38 271 -116.4600 -546.0000
7.8749615079e-001 -3.3100333591e+000 3.8343751846e+000
29 22 20
2 37 996 86.7900 -785.1400 38 654 15.8600 -775.5500
1.6310918383e+000 5.5985892322e+000 4.7035604478e+000
51 35 46
2 37 1204 140.5900 894.1100 38 878 376.0000 891.9301
8.8662147496e-001 -2.5581786948e+000 3.1383274110e+000
124 78 36
2 37 1149 177.3700 -560.3300 38 997 94.7200 -561.5699
2.9420221484e-001 -2.6953391116e+000 3.6468362495e+000
165 81 51
2 37 976 -13.6000 -610.4301 38 836 -76.4500 -595.1600
1.2469811546e+000 5.5437404409e+000 4.8354477469e+000
71 59 59
2 37 1203 64.2300 886.9600 38 1030 297.2800 883.5601
1.4476665084e+000 5.2568921064e+000 4.9246636733e+000
80 71 66
2 37 1210 93.5000 823.2900 38 1034 324.6000 820.0100
-8.3088062425e-001 5.7263003732e-002 2.0337413778e+000
120 130 91
2 37 1223 -143.1800 239.1000 38 898 -204.2100 235.4399
-3.5281605822e-001 -4.2794827007e-001 1.9256892034e+000
34 59 38
2 37 1050 -11.0600 111.9000 38 719 -96.9200 107.7300
6.1387582741e-002 -1.2030921319e+000 2.3588720735e+000
141 23 37
2 37 1281 51.4800 -138.9900 38 1118 -34.7700 -138.6801
9.0391279101e-001 -2.1434557741e+000 2.8358067792e+000
86 40 43
2 37 1305 211.0800 -435.8800 38 1289 126.4700 -442.7400
1.4899475285e+000 4.9629221780e+000 5.0713768947e+000
83 74 57
2 37 1361 90.9400 759.6400 38 1185 319.7800 754.9800
7.7711187052e-002 -1.2563089723e+000 2.3716908654e+000
131 71 53
2 37 1282 54.4200 -154.3300 38 1119 -33.0000 -153.2300
9.7395962348e-001 -2.2973886811e+000 2.9708363574e+000
75 30 33
2 37 1505 214.1000 -485.7700 38 1372 132.7200 -491.1100
1.4007609725e+000 5.5965059594e+000 4.7813000845e+000
100 85 52
2 37 1448 94.8600 894.4700 38 1317 329.3600 892.2900
1.4007609725e+000 5.5965059594e+000 4.7813000845e+000
100 85 52
2 37 1449 94.8600 894.4700 38 1318 329.3600 892.2900
-6.3055858499e-001 -4.2417717248e-001 2.2680027279e+000
120 136 131
2 37 1480 -114.1200 87.5801 38 1237 -178.7100 89.5701
-5.9504322984e-001 -5.3986881175e-001 2.3523336683e+000
148 146 130
2 37 1401 -112.9200 48.6900 38 1094 -176.6000 53.2900
1.6333161046e+000 5.7883026746e+000 4.6070474986e+000
70 53 54
2 37 1527 147.6200 933.8199 38 1446 384.7700 934.1000
2.4729403989e-002 -6.1988943831e-001 1.7997862360e+000
55 102 128
2 37 1546 98.4600 62.6700 38 1355 -0.8800 54.2300
8.1425598260e-002 -2.1955881397e+000 3.3232517850e+000
151 34 45
2 37 1501 -35.2300 -461.3199 38 1288 -99.8500 -447.0300
3.4204827383e-001 -4.8290381920e-001 1.5833324182e+000
161 153 130
2 37 1608 201.6400 106.4900 38 1483 97.1500 94.1899
2.1919724054e-001 -1.3210631775e+000 2.3451201560e+000
139 24 38
2 37 1610 92.5200 -172.7900 38 1462 1.9900 -173.8000
8.5580190120e-001 3.5773733853e-001 1.3771546998e+000
167 150 130
2 37 469 343.5000 313.8301 38 679 269.1400 293.9800
4.3791972809e-001 -8.1385373102e-003 1.2666032076e+000
197 151 106
2 37 477 258.7000 256.7200 38 696 154.5900 239.0200
8.6113551648e-001 2.2202293311e-001 1.4748244914e+000
162 43 46
2 37 482 334.4800 269.2100 38 700 260.6800 251.1000
7.2284861343e-001 -7.2784107443e-002 1.5375530635e+000
66 97 115
2 37 499 296.9400 197.0701 38 406 212.4400 180.3301
1.2176990693e+000 -1.3054655005e+000 2.5096793088e+000
207 73 77
2 37 876 313.2500 -211.5500 38 956 247.2900 -228.2100
1.9464119407e-001 -1.6393604226e+000 2.6574632665e+000
177 111 94
2 37 150 55.6000 -277.7800 38 134 -27.9400 -273.9500
9.7002990486e-001 -1.8677575877e+000 2.6797290323e+000
169 93 74
2 37 634 241.6800 -357.9600 38 509 159.5200 -366.5300
9.1604641573e-001 -2.0315036165e+000 2.7635189320e+000
173 92 99
2 37 649 221.0000 -403.1000 38 532 136.5900 -410.8700
1.1180060754e+000 -1.9959101310e+000 2.8318564938e+000
121 86 90
2 37 212 260.5900 -403.8900 38 538 184.9100 -414.3199
9.2879317004e-001 -2.2934822798e+000 2.9587727972e+000
77 41 37
2 37 292 204.7200 -483.0100 38 249 122.1100 -487.6000
4.1846808742e-001 -2.5146510303e+000 3.3464446304e+000
206 54 69
2 37 330 44.3100 -551.2000 38 263 -28.8500 -541.0400
1.0562722948e+000 -2.5759977106e+000 3.1640037646e+000
69 34 40
2 37 338 214.6900 -569.3101 38 622 135.2000 -574.7700
1.1629797799e+000 -3.4658213936e+000 3.8079884518e+000
159 63 43
2 37 778 177.7800 -829.9200 38 662 103.7300 -828.9301
9.1422522753e-001 -3.5128798848e+000 3.9361127236e+000
163 84 47
2 37 450 107.2600 -843.0400 38 352 35.9200 -835.3101
4.0568804384e-001 2.2334423654e-003 1.2460068633e+000
169 41 43
2 37 813 253.0000 263.2800 38 694 147.4600 245.3900
7.2571329775e-001 6.8451328614e-002 1.4301379352e+000
172 41 46
2 37 822 309.0200 244.1400 38 698 223.6300 224.9199
4.2964291282e-001 -1.8210077923e-001 1.3712647926e+000
155 163 143
2 37 497 245.8000 201.3301 38 405 141.1300 185.7800
4.2964291282e-001 -1.8210077923e-001 1.3712647926e+000
155 163 143
2 37 498 245.8000 201.3301 38 404 141.1300 185.7800
-4.4875516349e-001 -2.9631620261e-001 1.8667571913e+000
35 57 29
2 37 511 -29.9000 154.4299 38 413 -114.7800 150.4700
3.7302084313e-001 -3.8011733587e-001 1.5053077191e+000
81 105 112
2 37 516 217.6100 139.1699 38 423 112.6700 126.0801
-2.3980898552e-001 -1.1295826599e+000 2.5311703461e+000
193 126 106
2 37 548 -40.6200 -126.0601 38 95 -114.7900 -120.2100
9.2457402017e-001 -1.2894356782e+000 2.3025430086e+000
175 41 48
2 37 873 268.2100 -182.8400 38 761 185.3000 -195.3500
9.2457402017e-001 -1.2894356782e+000 2.3025430086e+000
175 41 48
2 37 874 268.2100 -182.8400 38 762 185.3000 -195.3500
8.8913275666e-001 -1.9142926396e+000 2.6997193248e+000
179 125 83
2 37 632 220.6700 -369.0800 38 510 136.6700 -375.8000
1.0147355751e+000 -1.9908970398e+000 2.7690863900e+000
71 37 36
2 37 922 243.3600 -395.5800 38 794 162.4000 -405.3300
1.3481578130e+000 -2.0305921822e+000 3.0018834338e+000
34 22 18
2 37 935 294.9800 -428.4301 38 981 231.8700 -442.8500
9.1401029882e-001 -2.2297134021e+000 2.9098582794e+000
70 35 41
2 37 667 206.0500 -463.8400 38 805 122.8000 -467.8700
9.7132419193e-001 -2.4317610697e+000 3.0693683148e+000
60 22 29
2 37 718 203.8300 -525.7200 38 819 123.1000 -529.9399
4.1532890512e-001 -2.3705468212e+000 3.2005798420e+000
131 32 41
2 37 686 57.4400 -505.7300 38 240 -19.1200 -497.9000
4.7833908478e-001 -2.3919232068e+000 3.1615594232e+000
130 32 37
2 37 289 76.5800 -510.4600 38 242 -2.6400 -503.7000
4.7845782277e-001 -2.5135836475e+000 3.3042244587e+000
142 28 44
2 37 730 62.8300 -550.0000 38 603 -12.3400 -541.0200
4.0174483964e-001 -2.8160783779e+000 3.6816161121e+000
192 121 68
2 37 746 8.9400 -644.9700 38 298 -55.6700 -630.8700
1.0812961436e+000 -3.0843388578e+000 3.5352484965e+000
138 65 41
2 37 987 184.7100 -718.5100 38 860 108.0100 -720.0800
8.0494383431e-001 -3.4269639238e+000 3.9886576563e+000
154 89 48
2 37 441 76.2200 -820.8101 38 346 10.0600 -811.1500
-4.5404708489e-001 -1.1111874824e-001 1.6926539401e+000
31 55 37
2 37 824 -14.2200 220.6799 38 705 -103.1300 212.8401
8.0480444277e-001 -1.1805206678e+000 2.1830806397e+000
138 97 79
2 37 1096 252.2400 -142.0000 38 943 164.3800 -153.6801
8.0480444277e-001 -1.1805206678e+000 2.1830806397e+000
138 97 79
2 37 1097 252.2400 -142.0000 38 944 164.3800 -153.6801
-3.4370975261e-001 -1.1673620393e+000 2.7002689920e+000
13 56 101
2 37 868 -82.2400 -146.8400 38 751 -147.6500 -137.6400
8.9280975574e-001 -1.8475094325e+000 2.6325485040e+000
177 123 73
2 37 902 228.4600 -347.4100 38 786 143.0200 -355.2800
3.4588180805e-001 -2.0853469981e+000 2.9871083162e+000
82 48 38
2 37 928 60.9200 -418.0500 38 792 -18.3000 -412.2700
3.4588180805e-001 -2.0853469981e+000 2.9871083162e+000
82 48 38
2 37 929 60.9200 -418.0500 38 793 -18.3000 -412.2700
1.1984500363e-001 -2.1668408253e+000 3.3029684064e+000
184 119 94
2 37 1139 -24.0900 -453.5000 38 978 -88.6700 -440.6400
4.0039304987e-001 -2.2498066110e+000 3.0973526618e+000
185 121 98
2 37 942 63.6800 -468.4200 38 802 -14.6600 -461.5900
8.4380489013e-001 -2.3219233183e+000 3.0024152957e+000
108 58 28
2 37 1143 180.0600 -491.4600 38 813 97.8900 -492.9700
1.4960742724e-001 -2.2675760694e+000 3.3394693162e+000
131 26 40
2 37 678 -20.2000 -482.1700 38 556 -86.1900 -468.3199
3.4366713759e-001 -2.4892058135e+000 3.3588475344e+000
205 55 72
2 37 951 25.0900 -543.8600 38 816 -46.9100 -532.2100
3.8068177308e-001 -2.9143901311e+000 3.8262306880e+000
99 38 14
2 37 752 -9.3700 -676.5500 38 308 -69.2300 -660.2800
5.2268527656e-001 -3.1228946496e+000 3.8978939483e+000
172 84 38
2 37 763 17.8500 -735.0000 38 645 -44.6300 -720.7700
7.4521010961e-001 5.8055410357e+000 4.8572458657e+000
91 63 56
2 37 1008 -25.9700 946.5699 38 872 208.7600 943.4399
2.9387239513e-001 5.5348786968e+000 5.1684485647e+000
70 51 57
2 37 1017 -126.8600 888.5300 38 874 107.5000 883.0900
3.5557764207e-001 5.4961316274e+000 5.1269326724e+000
93 62 70
2 37 1019 -113.2600 884.9800 38 875 119.4800 878.6200
7.7524431488e-001 -8.0720272086e-002 1.5773744416e+000
158 158 111
2 37 1227 304.8900 189.4099 38 1219 223.5200 170.8500
8.0507800667e-001 -2.6835951844e-001 1.6945661392e+000
168 161 83
2 37 1236 300.1600 128.8900 38 1231 218.9300 113.3700
5.8400468851e-001 -6.3910002762e-001 1.7268726358e+000
166 156 56
2 37 1257 246.3600 43.8800 38 1257 148.2300 29.2000
6.9159335353e-001 -1.2524510852e+000 2.1703260426e+000
159 108 89
2 37 1094 227.0200 -155.5400 38 948 133.7000 -165.1300
9.7119492416e-001 -1.2353389289e+000 2.2949945704e+000
176 43 48
2 37 1286 279.6000 -169.8500 38 1272 199.1700 -183.9000
4.4504442481e-001 -1.7336336086e+000 2.6143675533e+000
163 142 118
2 37 1126 121.7500 -306.3199 38 1135 34.1100 -304.7100
8.5700987848e-001 -1.9902068066e+000 2.7261116920e+000
103 48 48
2 37 1302 210.7500 -389.8500 38 1140 124.9200 -394.5000
8.7173982744e-001 -2.0513959467e+000 2.7699959169e+000
96 43 48
2 37 1304 209.9200 -408.4399 38 1142 124.5500 -413.3700
1.1491466643e+000 -2.6292131862e+000 3.2568306478e+000
161 124 90
2 37 1316 226.6800 -589.8400 38 1155 152.0800 -596.0800
1.1491466643e+000 -2.6292131862e+000 3.2568306478e+000
161 124 90
2 37 1317 226.6800 -589.8400 38 1156 152.0800 -596.0800
8.1606079287e-001 5.7882127643e+000 4.8677698743e+000
136 102 92
2 37 1191 -14.2200 940.5900 38 1023 221.1800 935.5601
4.4517630346e-001 5.7621768131e+000 5.0244227983e+000
117 60 65
2 37 1190 -90.4600 934.5100 38 1022 145.9000 928.5900
4.0195445130e-001 5.6837232625e+000 5.0703448367e+000
95 44 49
2 37 1196 -101.2000 919.1100 38 1026 134.4600 912.4900
5.9553952413e-001 5.4894697025e+000 5.1021172457e+000
71 42 51
2 37 1202 -68.8800 876.5100 38 1029 164.5200 870.7100
8.7461716349e-001 5.5327944526e+000 4.9905302667e+000
132 97 93
2 37 1349 -12.0300 883.7200 38 1177 221.3900 879.1500
1.1797638425e+000 5.6287304458e+000 4.8827938064e+000
70 54 55
2 37 1016 48.9000 897.3300 38 877 284.3900 894.8800
6.3211657240e-001 5.2112019611e+000 5.2101785213e+000
47 29 29
2 37 1207 -69.5500 819.5300 38 1032 160.9100 812.8800
7.0993524468e-001 5.2738051239e+000 5.1790310555e+000
59 42 48
2 37 1208 -53.6900 829.2900 38 879 177.8200 823.4500
6.9397615639e-001 5.1614302837e+000 5.2250618584e+000
104 88 65
2 37 1209 -59.5200 806.7300 38 1033 170.5600 801.6799
-2.7070842417e-001 -1.1025149329e+000 2.5379263179e+000
147 27 42
2 37 1274 -48.9900 -118.4600 38 939 -121.8200 -113.2200
-9.9739170572e-002 -1.1967088306e+000 2.4701181166e+000
214 137 117
2 37 1279 0.2600 -141.9200 38 1116 -79.7100 -138.3300
9.7494435380e-001 -1.8181412274e+000 2.6351366718e+000
174 100 76
2 37 1424 247.4000 -341.4000 38 1368 164.4900 -352.6400
1.2806944438e+000 -2.2886855015e+000 3.0838006461e+000
129 99 91
2 37 1430 273.0000 -496.1000 38 1373 203.4600 -508.6200
4.6805504984e-001 -2.6891997209e+000 3.4717414705e+000
181 125 99
2 37 1158 44.4900 -603.6801 38 1000 -27.3500 -592.3900
9.8103797914e-001 5.5201004296e+000 4.9330814344e+000
148 66 45
2 37 1350 10.6600 884.2700 38 1178 243.2600 878.7200
6.3293401382e-001 5.1016412437e+000 5.2622274482e+000
67 40 36
2 37 1355 -72.7800 795.6100 38 1180 156.5500 790.7100
9.9618954242e-001 5.1180996889e+000 5.1665940411e+000
130 105 101
2 37 1357 -2.2700 793.7300 38 1181 227.6200 789.2700
1.0903582431e+000 5.1099232448e+000 5.1377837266e+000
52 30 19
2 37 1358 16.2100 792.2500 38 1035 246.0600 786.8101
1.1236342983e+000 4.9485011063e+000 5.2038306108e+000
110 54 39
2 37 1360 17.7400 757.4399 38 1184 245.9300 753.5000
4.3226149991e-001 4.7972696483e+000 5.5156063290e+000
83 60 70
2 37 1362 -124.9300 728.6100 38 1186 103.5500 723.3600
4.3226149991e-001 4.7972696483e+000 5.5156063290e+000
83 60 70
2 37 1363 -124.9300 728.6100 38 1187 103.5500 723.3600
6.1559331472e-001 4.7211007456e+000 5.4840255132e+000
164 94 62
2 37 1364 -90.4200 712.4299 38 1188 136.5100 707.4200
-5.2063394865e-001 -1.4144772201e-001 1.7574105383e+000
13 80 122
2 37 1381 -37.7500 208.0701 38 1217 -123.8900 202.5801
-5.2314245295e-001 -2.4458111359e-001 1.8901886654e+000
47 82 51
2 37 1384 -51.2900 167.9199 38 1071 -132.8400 164.0100
-5.2314245295e-001 -2.4458111359e-001 1.8901886654e+000
47 82 51
2 37 1385 -51.2900 167.9199 38 1070 -132.8400 164.0100
7.0362418601e-001 -5.2010305999e-001 1.7146067484e+000
165 157 112
2 37 1484 275.9200 69.5000 38 1422 183.8500 54.5000
7.1285840317e-001 -8.0599363514e-001 1.8897234544e+000
34 59 28
2 37 1489 260.4100 -18.5800 38 1425 167.8600 -32.7900
1.3114825164e+000 5.3686306651e+000 4.9270143862e+000
131 116 111
2 37 1450 69.3100 846.3300 38 1319 301.5000 842.9800
1.0381416192e+000 5.2118797123e+000 5.0902997902e+000
21 10 16
2 37 1533 10.2700 814.7500 38 1398 240.5200 811.1500
4.7501935002e-001 4.9899891790e+000 5.3867426992e+000
33 19 32
2 37 1452 -108.9800 771.4399 38 1183 120.4300 765.4600
5.0210232126e-001 -2.2314710368e-001 1.4709098895e+000
33 58 37
2 37 1474 252.3600 176.6899 38 1345 153.6600 161.7600
-6.8760465896e-001 -2.9885700663e-001 2.1739475667e+000
110 130 131
2 37 1476 -119.9200 131.0000 38 1223 -185.6800 130.3201
-2.5964296279e-001 -5.8405147389e-001 1.9928042289e+000
78 110 105
2 37 1487 6.2300 61.7000 38 1246 -81.0300 59.6500
8.9246934072e-001 -1.8748262692e+000 2.6640883820e+000
171 127 80
2 37 1500 225.0900 -356.4800 38 1367 140.5000 -364.1100
1.0513996982e+000 -2.9051730191e+000 3.4129566708e+000
16 64 104
2 37 1558 189.3600 -666.8900 38 1439 111.9800 -668.0601
1.1824990890e+000 -2.9585697397e+000 3.4901705835e+000
156 120 85
2 37 1560 211.9900 -685.7400 38 1442 138.9100 -690.5800
1.0604789029e+000 5.8066636497e+000 4.7960761733e+000
39 55 44
2 37 1526 33.8200 940.4500 38 1392 269.8500 937.5200
1.0604789029e+000 5.8066636497e+000 4.7960761733e+000
39 55 44
2 37 1525 33.8200 940.4500 38 1391 269.8500 937.5200
7.6956584376e-001 5.7241272755e+000 4.9246840784e+000
134 106 89
2 37 1528 -26.2600 925.9200 38 1394 208.8400 920.8900
1.1517991026e+000 5.6891377079e+000 4.8207434764e+000
169 115 68
2 37 1529 48.2900 915.5200 38 1395 283.2700 912.1500
1.1517991026e+000 5.6891377079e+000 4.8207434764e+000
169 115 68
2 37 1530 48.2900 915.5200 38 1396 283.2700 912.1500
1.2276089186e+000 5.7714116034e+000 4.7097982080e+000
34 33 32
2 37 1444 69.4000 937.5500 38 1393 304.0300 935.2500
5.1837049651e-001 -5.9314991902e-001 1.6592383788e+000
30 59 29
2 37 1547 237.6700 64.7100 38 1461 136.0500 50.1700
8.6229668812e-001 -1.7684234954e+000 2.5700256471e+000
15 74 108
2 37 1591 227.4900 -322.3700 38 1468 140.9100 -329.9100
9.0311986467e-001 -2.4490212407e+000 3.0723629412e+000
154 110 63
2 37 1556 187.5400 -529.5400 38 1432 105.4400 -530.8900
3.8786833895e-001 -2.7216603507e+000 3.6367338283e+000
176 127 95
2 37 1516 9.6800 -617.9800 38 1377 -54.2000 -605.3800
8.2819437198e-001 -2.8044674253e+000 3.3456084755e+000
67 19 27
2 37 1557 143.3100 -633.4301 38 1435 62.9100 -630.9000
2.2774560283e-001 -2.7653898229e+000 3.8513275347e+000
156 120 96
2 37 1515 -47.9900 -637.4399 38 1298 -101.7100 -618.2700
5.6850908113e-001 -3.2970869254e+000 4.0608220486e+000
167 129 107
2 37 1440 13.7400 -787.1801 38 1305 -45.3000 -771.2500
1.1195496712e+000 -3.6269338597e+000 3.9594618680e+000
176 80 40
2 37 1568 153.1800 -875.9301 38 1445 81.2400 -873.1100
1.1526563909e+000 5.4418764424e+000 4.9065430620e+000
25 16 21
2 37 1572 42.8600 866.9100 38 1447 274.5000 863.1400
8.4700323130e-001 5.0984392176e+000 5.2167882381e+000
30 19 27
2 37 1574 -31.9200 791.4700 38 1449 197.6800 786.4399
7.7219158766e-001 -2.4463576929e+000 3.0913742922e+000
41 15 23
2 37 1592 154.4200 -527.1899 38 1469 71.9200 -525.6300
1.6069628479e-001 -2.8999342338e+000 4.0911827204e+000
79 63 56
2 37 1595 -84.9700 -682.1100 38 1436 -129.9100 -657.6500
2.7082698542e-001 -2.9053925847e+000 3.9848748010e+000
167 139 110
2 37 1596 -49.7000 -679.7400 38 1438 -100.5800 -659.8900
1.2241940533e+000 5.2523480411e+000 5.0210226465e+000
156 116 86
2 37 1622 47.5900 821.6200 38 1497 278.7800 817.2200
8.6285236400e-001 5.6711002700e+000 4.9211465523e+000
120 83 75
2 37 1631 -9.4400 913.1400 38 1495 225.0100 910.0000
8.9730275907e-001 5.3036675096e+000 5.0811842657e+000
25 15 24
2 37 1632 -14.0000 836.4700 38 1520 216.8900 831.9399
1.0653982355e+000 -3.3244646127e+000 3.6989140571e+000
174 92 36
2 37 1669 165.5600 -786.5800 38 1558 89.0200 -786.8900
7.8807996005e-001 -3.0143211958e-002 1.5627410120e+000
69 98 116
2 37 500 309.2100 201.7500 38 711 229.2000 184.9199
8.3881011359e-001 -4.7008896859e-001 1.8045501392e+000
50 56 22
2 37 530 297.3600 68.1300 38 735 215.3500 51.1300
8.9424001858e-001 -9.7589508587e-001 2.1010271346e+000
149 55 55
2 37 542 281.1200 -85.7900 38 749 197.8900 -101.8400
8.9424001858e-001 -9.7589508587e-001 2.1010271346e+000
149 55 55
2 37 543 281.1200 -85.7900 38 750 197.8900 -101.8400
1.0622223827e+000 -1.6170088526e+000 2.5781983901e+000
36 72 102
2 37 166 272.4600 -289.5699 38 488 195.5500 -302.3900
1.0736182247e+000 -1.8618042924e+000 2.7256717937e+000
73 31 28
2 37 195 260.8500 -362.1300 38 515 183.3600 -372.5400
9.6255561041e-001 -1.8972681365e+000 2.6996255453e+000
85 33 31
2 37 635 237.9500 -366.6200 38 511 155.7200 -374.7700
1.1939876186e+000 -1.9767897769e+000 2.8681095037e+000
110 77 84
2 37 213 274.0000 -403.0400 38 540 202.4800 -415.1899
1.1972338899e+000 -2.5906484345e+000 3.2425708529e+000
109 50 35
2 37 350 239.0500 -579.7300 38 626 165.7900 -588.2000
1.1426156082e+000 -2.8543965816e+000 3.3892070635e+000
25 58 90
2 37 387 212.7500 -653.6100 38 315 137.1300 -658.6500
-7.9606269067e-001 7.2938175824e-002 1.9090891113e+000
148 45 50
2 37 472 -122.9700 255.5500 38 32 -191.3300 250.8800
-6.3556499373e-001 -1.3709729206e-002 1.7669846856e+000
146 49 49
2 37 486 -68.3600 243.4099 38 39 -149.1200 238.0100
4.4278021080e-001 -1.4982754815e-001 1.3490018446e+000
179 37 39
2 37 826 251.4400 211.1899 38 706 146.8500 195.5801
5.2517646966e-001 -3.7016924087e-001 1.5429619236e+000
76 106 114
2 37 517 250.9700 131.2200 38 723 151.1700 117.3201
4.5044940413e-001 -2.3966602116e+000 3.2172334162e+000
197 59 74
2 37 708 64.3200 -513.9399 38 580 -11.9500 -506.9399
5.3086951307e-001 -2.4621640088e+000 3.2074846867e+000
208 70 81
2 37 714 84.8600 -532.1801 38 604 6.2100 -525.8800
2.4014945311e-001 -2.4726034003e+000 3.4817917827e+000
184 61 71
2 37 703 -11.4600 -544.1700 38 261 -76.1100 -530.0100
3.0514811355e-001 -2.5839422089e+000 3.5272943401e+000
112 76 54
2 37 723 0.0100 -576.1100 38 277 -65.7200 -562.5300
1.2231680681e+000 -3.3992059906e+000 3.7740115573e+000
132 75 61
2 37 776 194.7400 -811.5000 38 660 121.9700 -813.9600
9.0584556903e-001 -3.5263113269e+000 3.9727963230e+000
36 13 8
2 37 784 101.7200 -847.6400 38 353 31.9400 -839.4700
9.7789732925e-001 -3.5196241919e+000 3.9111625269e+000
48 16 7
2 37 452 124.6200 -844.7300 38 355 52.2500 -838.8101
-8.2344508327e-001 1.5676987928e-001 1.8720143222e+000
175 37 47
2 37 807 -126.4900 281.5400 38 371 -193.9900 275.9800
-7.0499650612e-001 -4.4311837757e-003 1.8515836522e+000
173 41 52
2 37 820 -94.2900 239.0100 38 385 -169.3000 234.5200
-5.4137983879e-001 -2.5195263201e-001 1.9179947801e+000
154 156 34
2 37 503 -58.6400 163.6699 38 401 -138.7300 160.4399
-3.8324973595e-001 -8.6247697970e-001 2.4062066046e+000
158 146 134
2 37 860 -64.8100 -43.5300 38 435 -137.0300 -38.7500
-3.8324973595e-001 -8.6247697970e-001 2.4062066046e+000
158 146 134
2 37 861 -64.8100 -43.5300 38 434 -137.0300 -38.7500
2.6716424423e-001 -1.6192489399e+000 2.5860377680e+000
178 112 91
2 37 887 80.6300 -269.3101 38 772 -6.0200 -267.2700
1.0147355751e+000 -1.9908970398e+000 2.7690863900e+000
71 37 36
2 37 921 243.3600 -395.5800 38 795 162.4000 -405.3300
1.1454485004e+000 -1.9674286016e+000 2.8367979191e+000
59 39 38
2 37 923 266.1500 -397.7200 38 974 192.3400 -408.7100
3.3051066112e-001 -2.2727524815e+000 3.1434368556e+000
181 125 99
2 37 939 42.3100 -475.8700 38 800 -34.6200 -466.5000
1.2298634847e+000 -2.1830596136e+000 3.0089581778e+000
25 16 16
2 37 944 268.5700 -464.3700 38 986 197.9200 -475.8700
4.3816284230e-001 -2.4356434263e+000 3.2482893820e+000
189 45 60
2 37 952 58.4300 -525.8800 38 599 -17.5100 -517.2900
8.9660353370e-001 -2.5965631619e+000 3.1660951325e+000
162 116 66
2 37 961 177.0400 -572.0500 38 832 94.7200 -572.8700
1.1739654480e+000 -1.4352577575e+000 2.5573969508e+000
28 69 100
2 37 1293 299.0400 -246.8300 38 1276 230.0500 -260.3800
8.2222763719e-001 -2.0361453453e+000 2.7572539539e+000
168 126 90
2 37 1303 199.3900 -402.0000 38 1141 113.1100 -407.1400
6.3211657240e-001 5.2112019611e+000 5.2101785213e+000
47 29 29
2 37 1206 -69.5500 819.5300 38 1031 160.9100 812.8800
-4.6972918316e-001 -2.8795080232e-001 1.8614361731e+000
29 56 36
2 37 1231 -34.7700 158.2200 38 1076 -119.7400 153.7800
8.6681082725e-001 -1.7315300663e-001 1.6696988770e+000
39 62 33
2 37 1235 316.8500 153.5400 38 1228 239.1000 134.4500
6.9813518950e-001 -3.1744542866e-001 1.6149204366e+000
42 59 35
2 37 1234 284.3000 130.6300 38 1230 194.1800 113.4700
1.0331303791e+000 -2.5023050257e-001 1.8303948207e+000
169 157 85
2 37 1245 337.9700 110.9000 38 1242 270.0200 92.9099
8.0989076844e-001 -5.2965832972e-001 1.8075985208e+000
36 61 35
2 37 1258 290.6800 54.9300 38 1250 205.9200 37.1000
7.4441485360e-001 -1.0446639800e+000 2.0682168494e+000
42 57 22
2 37 1088 249.6500 -97.5800 38 1266 159.1800 -106.4900
7.4441485360e-001 -1.0446639800e+000 2.0682168494e+000
42 57 22
2 37 1087 249.6500 -97.5800 38 1267 159.1800 -106.4900
1.3045826373e-001 -1.2652352779e+000 2.3423670782e+000
123 61 43
2 37 1283 70.5700 -155.6700 38 1120 -18.6700 -155.6700
3.2315012439e-002 -2.4894957869e+000 3.7966197413e+000
179 124 108
2 37 1312 -89.4800 -560.7600 38 989 -137.2100 -541.4800
6.8744666418e-002 5.7057396072e+000 5.1323419788e+000
110 86 74
2 37 1342 -164.8500 930.1000 38 1171 71.3900 922.2400
1.0034992693e-001 5.5598615779e+000 5.1779026768e+000
104 85 71
2 37 1345 -162.2600 900.9000 38 1174 72.2100 892.5500
3.7981862139e-001 4.9904723505e+000 5.4220009970e+000
78 71 87
2 37 1354 -128.1600 771.3900 38 1182 101.7100 765.7800
7.6437610711e-001 -4.2009920181e-001 1.7272113141e+000
38 62 29
2 37 1398 288.1000 90.3800 38 1352 201.9900 74.9399
9.9576196377e-001 -3.1630210295e-001 1.8486237759e+000
169 160 92
2 37 1399 327.7400 94.8500 38 1353 257.5300 76.8401
-3.4731684828e-001 -5.0421723551e-001 1.9960282564e+000
29 55 34
2 37 1396 -16.5100 85.0500 38 1091 -100.8100 82.5100
1.1427482431e+000 -5.2865703038e-001 2.0532370263e+000
48 60 30
2 37 1413 340.3600 18.5100 38 1262 276.7200 -0.0800
1.0661000026e+000 -1.2068426414e+000 2.3357829554e+000
167 154 122
2 37 1420 296.9700 -168.8101 38 1363 221.8000 -184.5500
9.8872908179e-001 -3.5457111312e+000 3.9165664518e+000
69 28 16
2 37 1443 126.7300 -852.5000 38 1312 53.9100 -845.3900
1.7134692075e-001 5.6572951896e+000 5.1229261476e+000
164 146 126
2 37 1446 -145.8900 919.2600 38 1313 89.4800 911.3800
4.5593925375e-001 5.5816991373e+000 5.0882315064e+000
134 84 83
2 37 1346 -92.8600 899.7300 38 1175 141.5000 891.2200
1.2821994037e+000 5.6318532424e+000 4.7866127117e+000
41 30 29
2 37 1347 73.7000 904.7100 38 1314 307.8300 901.8300
2.0063968076e-001 5.5125371832e+000 5.2013949068e+000
139 120 106
2 37 1447 -145.7200 886.0400 38 1315 88.7300 878.8800
3.1719781112e-001 -2.2382580384e+000 3.1767307351e+000
177 124 101
2 37 1502 35.7200 -467.7500 38 1290 -38.0300 -460.2300
3.0443730834e-001 -2.4315214247e+000 3.3475403422e+000
154 22 37
2 37 1508 16.6100 -527.6899 38 1374 -54.1500 -515.6700
5.2353257864e-001 5.2286266948e+000 5.2487979532e+000
142 46 57
2 37 1532 -91.3400 822.4200 38 1397 139.8600 815.9100
-5.4955787163e-001 -3.8945000554e-001 2.0719791280e+000
72 111 134
2 37 1479 -75.4100 113.7400 38 1348 -150.9700 112.3201
6.1503643993e-001 -3.0485580719e+000 3.7182370214e+000
165 73 45
2 37 1562 56.5700 -710.8101 38 1383 -12.8600 -698.0601
1.1526563909e+000 5.4418764424e+000 4.9065430620e+000
25 16 21
2 37 1573 42.8600 866.9100 38 1448 274.5000 863.1400
2.9866287798e-001 5.3203188842e+000 5.2842132169e+000
19 14 21
2 37 1621 -133.6000 842.2400 38 1496 99.3600 835.6400
6.1404276001e-001 -2.7652847757e+000 3.4327701748e+000
179 123 94
2 37 1627 83.4000 -623.5200 38 1516 7.5100 -616.1899
4.9343890198e-001 2.9951249939e-002 1.2806752807e+000
224 142 104
2 37 24 270.4600 262.0200 38 387 169.7900 243.9299
8.1711947602e-001 2.0640629096e-001 1.4410163250e+000
230 125 104
2 37 27 328.2100 271.7100 38 394 250.8600 252.8301
4.7168603661e-001 -3.0128437577e-001 1.4687392698e+000
136 141 21
2 37 45 245.8100 159.5100 38 415 143.2200 143.5901
-5.5736282683e-001 -4.3789652366e-001 2.1405390368e+000
29 54 25
2 37 63 -83.8400 94.4800 38 80 -156.9200 94.9500
1.3039481653e+000 -1.3864192379e+000 2.6231223254e+000
127 168 199
2 37 138 320.9400 -242.9700 38 473 260.0700 -259.2600
1.2156659890e+000 -1.4787045973e+000 2.6055523458e+000
131 161 176
2 37 154 303.6500 -262.1600 38 475 236.5400 -276.3400
1.0309898130e+000 -1.6209197085e+000 2.5684065478e+000
120 166 191
2 37 164 266.2700 -289.2600 38 146 188.1100 -301.0300
2.3312713680e-001 -1.8006258497e+000 2.7817084631e+000
178 110 91
2 37 180 53.0700 -328.9800 38 154 -28.7000 -323.8000
9.8990914598e-001 -1.9276764915e+000 2.7257505162e+000
73 31 28
2 37 191 241.7700 -376.6600 38 195 160.3400 -385.2700
1.0041325656e+000 -1.8997665327e+000 2.7166008120e+000
163 82 78
2 37 192 245.8900 -368.8700 38 513 165.2000 -378.8500
1.0287477042e+000 -1.9383048251e+000 2.7520048523e+000
74 36 35
2 37 193 248.0800 -382.2800 38 200 168.4500 -391.0000
1.1031225401e+000 -1.8528393769e+000 2.7391261362e+000
154 85 83
2 37 196 266.1500 -361.3900 38 516 190.3000 -372.5800
1.1136818249e+000 -1.8881439312e+000 2.7660380361e+000
146 83 84
2 37 198 265.9300 -372.3700 38 518 190.4800 -383.4100
1.0253571514e+000 -1.9607470574e+000 2.7690308421e+000
149 81 83
2 37 208 245.5800 -388.4399 38 201 166.0000 -398.0300
1.0447038987e+000 -1.9668131599e+000 2.7618028249e+000
82 42 40
2 37 209 251.0100 -390.0800 38 203 171.0600 -399.8500
1.0339089963e+000 -2.0136689797e+000 2.7947779941e+000
149 103 108
2 37 211 245.2100 -403.7700 38 209 165.2300 -413.0900
9.3895024479e-001 -2.1535440936e+000 2.8571222982e+000
105 52 62
2 37 230 217.1200 -441.4100 38 219 133.9900 -447.1899
9.4862053435e-001 -2.3729879414e+000 3.0079682964e+000
58 17 26
2 37 293 204.6900 -506.1801 38 251 122.1700 -511.5500
4.1846808742e-001 -2.5146510303e+000 3.3464446304e+000
206 54 69
2 37 331 44.3100 -551.2000 38 264 -28.8500 -541.0400
1.0294359615e+000 -2.7903925502e+000 3.3268089369e+000
147 143 157
2 37 365 192.5500 -632.2500 38 301 114.1000 -635.0900
1.0168198576e+000 -2.8068492011e+000 3.3361140911e+000
31 31 52
2 37 367 188.7300 -636.5100 38 304 110.0000 -639.3400
5.6929078437e-001 -3.1646133698e+000 3.8907309994e+000
174 138 123
2 37 418 29.5900 -746.4800 38 327 -34.4700 -732.4200
8.4277587834e-001 -3.4709171559e+000 3.9763511510e+000
45 17 10
2 37 442 86.4300 -832.2600 38 347 18.2600 -823.3800
8.9369847911e-001 -3.4935412845e+000 3.9508039177e+000
39 6 5
2 37 449 100.9200 -838.0300 38 349 30.9300 -830.2300
7.3608941951e-001 2.5793787211e-001 1.3790897796e+000
169 43 42
2 37 468 315.5900 294.6300 38 691 234.9800 276.3500
7.6040787800e-001 1.4294642345e-001 1.4228143189e+000
158 44 48
2 37 481 317.4800 261.2000 38 393 235.3300 242.2400
6.1159502479e-001 2.3979130985e-002 1.3779412493e+000
155 50 47
2 37 491 287.9700 243.8301 38 389 195.3700 225.9700
9.2523032917e-001 -1.2468055859e+000 2.2865642106e+000
178 148 122
2 37 556 269.7800 -171.3400 38 758 187.6300 -183.2300
1.1319066306e+000 -1.3964205272e+000 2.4957066819e+000
200 76 76
2 37 567 295.9300 -230.9399 38 767 224.0300 -245.0601
1.0047971883e+000 -1.8739019243e+000 2.7074730892e+000
82 32 32
2 37 636 246.8300 -362.6700 38 788 166.6900 -370.9301
2.7693883664e-001 -2.0068090431e+000 2.9520995254e+000
86 53 40
2 37 645 47.4100 -394.4000 38 524 -31.4500 -387.3800
8.8244833783e-001 -2.1251041766e+000 2.8239634116e+000
84 43 44
2 37 657 207.1300 -430.2000 38 548 122.2400 -436.2600
1.2203043407e+000 -2.2359059254e+000 3.0370960896e+000
26 22 19
2 37 668 263.7400 -479.1100 38 584 192.5300 -490.1400
1.4461454956e+000 -2.1576464440e+000 3.1424398132e+000
120 81 82
2 37 670 302.8300 -470.0900 38 586 244.6200 -486.4600
1.0499095771e-001 -2.2733463694e+000 3.4022047349e+000
139 37 43
2 37 674 -36.7700 -486.0900 38 224 -99.4600 -471.5200
1.0499095771e-001 -2.2733463694e+000 3.4022047349e+000
139 37 43
2 37 675 -36.7700 -486.0900 38 223 -99.4600 -471.5200
3.1389831846e-001 -2.4858499726e+000 3.4093291090e+000
135 28 38
2 37 724 13.0900 -545.2300 38 262 -55.9300 -532.5800
-8.5626617890e-001 1.7559808156e-001 1.9061109174e+000
170 40 53
2 37 805 -138.0000 283.6599 38 369 -202.5900 278.2000
6.4179387037e-001 1.7891261324e-001 1.3428411199e+000
170 44 45
2 37 817 297.9400 283.9000 38 686 210.0600 266.2700
6.4179387037e-001 1.7891261324e-001 1.3428411199e+000
170 44 45
2 37 818 297.9400 283.9000 38 687 210.0600 266.2700
6.7765387189e-001 3.2472471615e-002 1.4214651812e+000
167 46 51
2 37 823 298.7800 238.1599 38 710 210.4800 219.8700
5.4562730887e-001 -8.4155651481e-002 1.3572299233e+000
173 42 43
2 37 827 275.3500 222.8900 38 709 175.7500 204.7800
-4.7486492627e-001 -3.2741789600e-001 1.9728127377e+000
49 91 115
2 37 832 -46.8800 136.1100 38 714 -126.1900 133.8401
-2.6529702139e-001 -4.2565197359e-001 1.8318933923e+000
28 54 29
2 37 841 20.7300 118.1200 38 421 -70.7400 114.1000
-2.6269069239e-001 -4.2549130610e-001 1.8381762529e+000
28 54 29
2 37 842 20.7300 118.1200 38 721 -70.2900 112.6300
-6.0378608127e-001 -5.0171503825e-001 2.3212082614e+000
38 53 26
2 37 852 -112.2800 62.2900 38 424 -176.4600 64.7900
1.3322319561e+000 -6.8994536550e-001 2.2934207920e+000
147 106 87
2 37 863 357.6000 -48.1800 38 1112 305.3500 -68.4000
3.4110652311e-001 -1.9993611891e+000 2.9192028107e+000
176 121 90
2 37 915 66.2600 -391.4500 38 790 -13.8600 -386.7800
9.4035410669e-001 -2.1266155086e+000 2.8385752149e+000
73 31 37
2 37 934 219.2700 -433.0100 38 798 136.0600 -439.8500
1.2112269825e+000 -2.3930811305e+000 3.1317248371e+000
83 52 50
2 37 954 252.6500 -523.7300 38 992 180.7300 -534.1300
1.2256357544e+000 -2.5592864756e+000 3.2156563578e+000
162 118 85
2 37 962 248.3000 -570.7800 38 842 175.1000 -580.3800
1.0966817836e-002 -2.5581929098e+000 3.8668411301e+000
168 134 109
2 37 963 -100.7100 -581.3800 38 612 -146.9100 -560.4600
3.1904051338e-001 -2.6245803718e+000 3.5570634797e+000
180 129 102
2 37 967 0.6000 -588.4800 38 825 -64.7700 -574.3600
4.9806513142e-001 -3.0036616834e+000 3.7560706739e+000
184 113 59
2 37 981 25.1500 -699.0200 38 852 -41.2800 -683.6000
-1.4472338269e+000 -2.9507700665e+000 4.8463501661e+000
50 38 48
2 37 982 -527.0800 -704.5601 38 1157 -524.0800 -637.6700
1.2365524354e+000 -3.2946277661e+000 3.7282447579e+000
192 130 96
2 37 1001 201.8100 -783.5000 38 1015 130.6500 -785.8300
4.5951551991e-001 3.6588361307e-002 1.2755015188e+000
174 43 39
2 37 1030 262.5700 265.5601 38 900 161.2900 248.0801
-3.0010034483e-001 -2.9525716789e-001 1.7615673216e+000
110 125 47
2 37 1038 18.6700 160.6799 38 716 -72.3400 153.4800
1.0035332788e+000 -4.7812215823e-001 1.9197467767e+000
41 57 31
2 37 1067 322.9800 48.6100 38 1103 250.7100 30.6400
3.1995232744e-001 -1.5383849624e+000 2.4431097667e+000
12 71 105
2 37 1117 108.1700 -240.0500 38 1128 16.1800 -238.5699
9.6039248691e-001 -1.6993249361e+000 2.5684549525e+000
131 157 154
2 37 1128 250.3600 -306.9900 38 962 167.9300 -317.3900
1.2175214987e+000 -1.6851776176e+000 2.7061567998e+000
80 54 64
2 37 1130 294.7900 -319.3900 38 1138 225.4800 -334.9100
8.7363723844e-001 -2.1987201186e+000 2.8852609732e+000
168 124 87
2 37 1142 198.9100 -453.1801 38 984 114.7900 -457.2900
-5.6464715736e-001 -3.7064275689e+000 4.4103789356e+000
50 39 49
2 37 1181 -289.0900 -894.3500 38 1017 -343.7900 -839.8400
2.4913997433e-001 5.7274648604e+000 5.0768881173e+000
62 45 53
2 37 1187 -128.8900 931.5601 38 1172 107.0300 925.1100
9.5326518645e-001 5.7778013622e+000 4.8454497896e+000
160 109 84
2 37 1192 11.5200 935.5400 38 1024 247.3000 930.9600
9.0297526193e-001 5.6340802560e+000 4.9194566910e+000
108 60 53
2 37 1197 -2.1400 904.8400 38 1028 231.6200 903.6801
2.5900761118e+000 4.0284740598e+000 5.0740246720e+000
64 60 75
2 37 1217 284.0200 566.3101 38 1047 506.9399 560.9399
4.9901665495e-001 -2.9801883709e-001 1.4814880254e+000
103 122 53
2 37 1233 251.0400 158.2800 38 1225 149.8600 141.2200
1.0037091022e+000 -1.1629728249e+000 2.2827593782e+000
170 154 121
2 37 1284 287.9700 -153.2300 38 1270 210.3000 -165.3199
2.8762288926e-001 -2.5438132388e+000 3.5122978163e+000
182 122 93
2 37 1313 -2.8400 -564.6300 38 996 -68.0800 -551.2900
-1.3634073731e+000 -3.0310210397e+000 4.7711681564e+000
50 40 49
2 37 1320 -503.1800 -722.4600 38 1159 -507.8800 -657.2200
-4.8604355235e-001 -3.7608878696e+000 4.3936226114e+000
47 35 46
2 37 1339 -268.8100 -908.6400 38 1168 -326.8600 -856.5400
1.7393851413e+000 5.2206732602e+000 4.8954701344e+000
46 36 44
2 37 1353 146.2100 809.0601 38 1321 379.3900 805.6600
1.1530011639e+000 -2.1733053304e+000 2.9724913510e+000
139 111 99
2 37 1427 254.7200 -458.4600 38 1369 181.0700 -467.7100
5.7684519849e-001 -2.3714597905e+000 3.0919980491e+000
144 23 34
2 37 1428 107.2300 -503.2200 38 1149 25.4700 -499.1700
1.3288028056e+000 -2.8097367248e+000 3.4427663290e+000
155 117 80
2 37 1436 249.4600 -647.9700 38 1379 181.5800 -657.1700
-1.1465330976e+000 -3.2821006137e+000 4.6573434561e+000
135 120 123
2 37 1439 -445.8600 -784.6400 38 1302 -467.4900 -721.7300
-7.6799871300e-001 -3.5246773548e+000 4.5263541557e+000
43 33 42
2 37 1442 -346.1300 -847.5500 38 1304 -386.6000 -790.7900
4.4771604550e-001 -1.8460963927e-001 1.3737054708e+000
117 125 109
2 37 1472 250.0400 199.9800 38 1344 145.7100 183.6599
8.9831566637e-002 -2.5424987152e+000 3.7706114598e+000
179 125 105
2 37 1510 -73.5500 -574.0400 38 1295 -124.4900 -555.2200
6.3614539174e-001 -2.6266496234e+000 3.2737616868e+000
147 23 41
2 37 1512 104.0900 -580.2400 38 1376 24.1300 -574.8199
-8.7491570326e-001 -3.5273344922e+000 4.5566147669e+000
133 115 120
2 37 1567 -374.7000 -848.3500 38 1386 -412.7100 -788.1500
-1.0201156365e+000 -3.4197547181e+000 4.6225607372e+000
132 113 117
2 37 1600 -413.9300 -821.0900 38 1443 -443.2600 -758.2100
2.0837753668e+000 5.7682283245e+000 4.4796540314e+000
103 80 66
2 37 1602 235.1300 926.4000 38 1477 475.2300 927.1100
4.9207277956e-002 -2.4848102783e+000 4.0090109533e+000
123 95 81
2 37 1664 -103.6800 -570.5300 38 1542 -139.1200 -551.4301
-8.1692885673e-002 -1.6873764177e+000 3.2620286896e+000
181 118 103
2 37 1675 -69.1300 -325.7800 38 1555 -119.2500 -313.9301
