# Bundle file v0.3
2 169
1590.012538 0.0 0.0
0.999962 -0.000873 0.008639
0.000891 0.999997 -0.002066
-0.008637 0.002073 0.999961
-0.291326 0.275354 -1.769219
1593.467513 0.0 0.0
0.998718 0.025980 0.043436
-0.023295 0.997853 -0.061217
-0.044933 0.060127 0.997179
-0.380059 -0.665345 -1.498254
-3.677072 -4.432959 -22.603812
38 53 24
2 0 1036 -272.00 -268.76 1 1117 -339.68 -238.95
-6.433985 1.033867 -18.439262
66 63 36
2 0 1185 -543.21 105.89 1 1042 -618.90 134.26
-2.669927 3.547744 -26.944057
68 57 36
2 0 1681 -176.60 214.91 1 1508 -235.12 260.76
-6.433985 1.033867 -18.439262
66 63 36
2 0 1186 -543.21 105.89 1 1043 -618.90 134.26
-11.084164 -7.568918 -24.479273
190 141 74
2 0 1317 -705.08 -441.61 1 1146 -782.78 -397.94
-6.340743 1.176593 -18.430392
165 118 52
2 0 1386 -536.53 117.27 1 1221 -610.94 145.70
-9.821714 -1.896617 -17.718029
223 203 82
2 0 1231 -843.09 -130.79 1 1085 -930.43 -105.26
-7.911294 -4.788263 -19.891273
203 120 28
2 0 1437 -616.71 -330.20 1 1271 -694.80 -302.76
-1.718279 1.672971 -25.251686
157 128 56
2 0 1684 -131.47 117.73 1 1549 -189.19 155.72
5.248311 -2.270407 -26.454238
122 95 43
2 0 1773 266.16 -108.89 1 1607 206.02 -80.87
-7.388752 7.157499 -27.158530
213 185 172
2 0 4 -436.76 412.83 1 8 -501.65 476.12
-8.962672 4.703520 -25.499839
140 124 98
2 0 49 -554.96 294.20 1 29 -626.59 352.08
-8.501658 5.013982 -25.715828
67 58 39
2 0 51 -524.15 309.95 1 32 -593.49 367.96
-9.330597 4.561346 -25.828261
147 110 60
2 0 59 -570.11 282.55 1 43 -641.93 341.02
-7.473093 4.520925 -29.608173
163 154 148
2 0 89 -407.65 246.55 1 77 -472.37 305.60
-3.840222 2.946379 -25.945259
72 83 53
2 0 107 -250.56 188.05 1 508 -310.46 233.09
-6.716209 1.603388 -16.213125
202 169 129
2 0 114 -635.36 169.39 1 515 -714.92 192.23
-6.716209 1.603388 -16.213125
202 169 129
2 0 115 -635.36 169.39 1 514 -714.92 192.23
-2.495474 2.229675 -28.150362
81 94 61
2 0 140 -161.29 136.24 1 144 -219.39 181.56
-5.803815 1.049409 -20.221340
93 95 56
2 0 159 -454.82 98.74 1 161 -524.77 131.05
8.383652 1.263578 -21.359390
78 69 60
2 0 164 542.19 109.10 1 186 489.94 117.83
3.751935 1.051320 -25.831188
164 135 63
2 0 186 185.69 79.61 1 182 132.92 109.34
-7.282431 -0.363503 -21.027596
200 150 32
2 0 217 -543.16 -3.55 1 222 -616.37 30.80
-8.009551 -0.836741 -22.782492
225 198 70
2 0 238 -552.37 -33.89 1 243 -625.87 5.39
-0.947503 -0.511857 -22.031468
127 97 37
2 0 241 -95.20 -12.83 1 247 -156.29 13.24
-6.613009 -0.979881 -21.740156
180 132 48
2 0 257 -480.89 -45.17 1 258 -552.76 -10.97
-8.429672 -2.482393 -16.725371
196 168 50
2 0 318 -766.56 -188.41 1 321 -850.91 -170.67
-8.002835 -2.610067 -16.985578
179 155 70
2 0 337 -718.88 -196.59 1 323 -802.14 -178.54
-10.466699 -6.004817 -23.214351
201 158 80
2 0 407 -700.29 -364.04 1 386 -779.23 -324.09
-8.643038 5.728510 -25.514378
175 141 63
2 0 488 -535.36 353.99 1 768 -607.01 414.38
-9.232085 4.778622 -25.647719
157 114 55
2 0 503 -567.67 297.01 1 461 -640.13 355.80
-9.312215 4.676784 -25.804477
103 80 45
2 0 504 -569.04 289.42 1 462 -641.78 348.27
-4.658501 3.776714 -26.836002
47 52 38
2 0 532 -288.50 228.55 1 496 -349.69 278.08
-2.432750 1.981769 -27.821304
80 95 59
2 0 566 -160.14 124.41 1 527 -217.28 168.69
-1.208513 1.177944 -22.315519
157 128 53
2 0 581 -111.91 98.98 1 539 -170.32 128.44
-1.080216 1.204646 -22.284278
122 92 33
2 0 582 -103.46 100.87 1 849 -161.81 130.06
-5.968202 0.729729 -19.667550
65 78 36
2 0 592 -478.95 77.47 1 177 -549.34 107.66
2.050722 0.991927 -24.441261
133 104 38
2 0 596 93.68 80.01 1 554 39.03 109.06
-10.641833 0.590714 -23.208122
96 81 47
2 0 604 -713.56 58.04 1 856 -791.50 105.03
7.396011 -0.341650 -28.063700
119 97 49
2 0 631 365.17 -0.09 1 575 308.59 28.81
7.582082 -0.092968 -27.289492
77 67 53
2 0 632 384.97 13.39 1 577 329.68 40.36
-10.642086 -0.414633 -22.735327
182 145 85
2 0 635 -725.93 -6.65 1 568 -806.66 37.67
-7.461255 -0.527605 -21.639774
195 142 26
2 0 641 -540.78 -14.65 1 242 -615.13 21.51
-7.348064 -1.204543 -22.183500
200 163 49
2 0 653 -521.41 -59.29 1 609 -594.48 -23.05
-3.983110 -1.121830 -23.564584
57 64 33
2 0 658 -281.76 -50.35 1 615 -346.15 -16.00
-9.529968 -2.203305 -17.481049
227 200 58
2 0 689 -828.64 -157.93 1 643 -915.82 -134.36
-8.099857 -2.379882 -18.896663
81 79 41
2 0 696 -661.42 -160.15 1 645 -740.19 -134.25
7.040186 -2.948184 -26.916126
102 76 40
2 0 704 361.31 -144.43 1 898 298.11 -117.37
-7.974078 -2.605756 -16.753803
215 200 98
2 0 717 -725.67 -198.67 1 660 -808.55 -181.81
-4.057893 -4.657077 -22.738471
106 133 74
2 0 751 -295.30 -281.90 1 688 -363.65 -251.22
-7.335618 -4.300445 -19.689955
190 145 61
2 0 754 -579.51 -296.87 1 380 -656.31 -270.85
-8.571179 -7.221965 -26.497434
147 149 106
2 0 795 -513.40 -389.35 1 719 -584.95 -344.74
-4.630035 -6.883943 -25.013833
76 82 58
2 0 798 -305.14 -390.19 1 723 -374.94 -352.55
-10.386204 -7.246801 -23.234828
208 185 144
2 0 800 -694.75 -443.09 1 738 -772.80 -402.98
-4.213886 -7.159261 -23.188081
62 72 37
2 0 808 -299.53 -436.55 1 741 -370.95 -403.23
-366.097190 -233.643773 -724.968681
143 134 143
2 0 818 -820.34 -511.25 1 737 -889.95 -399.07
-581.430935 264.462068 -1261.628004
171 35 59
2 0 865 -750.92 338.01 1 983 -822.85 463.08
-8.793347 5.042976 -25.467570
80 70 53
2 0 877 -545.74 314.46 1 777 -616.70 372.92
-8.762157 4.887724 -26.107201
65 60 41
2 0 879 -531.00 298.30 1 779 -602.47 357.08
-916.862186 252.250404 -1856.748325
88 52 74
2 0 896 -804.65 220.24 1 787 -877.05 342.11
-5.671254 1.889148 -18.158918
109 97 49
2 0 926 -489.83 175.88 1 828 -562.17 204.09
8.783607 1.963708 -18.332399
106 99 89
2 0 931 657.57 180.33 1 843 607.67 175.74
-2.036679 1.387320 -24.130329
118 133 97
2 0 947 -155.90 105.12 1 847 -215.10 140.84
-5.812641 0.432011 -19.604975
67 75 31
2 0 956 -468.91 55.50 1 864 -538.52 84.45
-4.778419 -0.836685 -22.950717
81 89 47
2 0 978 -339.42 -33.40 1 882 -406.06 1.06
-4.560924 -0.945715 -22.997182
62 68 35
2 0 987 -325.14 -40.30 1 883 -390.72 -6.26
-7.992373 -2.399466 -17.510113
135 119 67
2 0 1002 -698.94 -173.63 1 1094 -780.68 -153.14
-3.488650 -2.623154 -18.147207
82 95 48
2 0 1009 -314.25 -185.03 1 665 -384.26 -169.99
-3.808654 -2.970355 -17.642918
92 106 52
2 0 1015 -348.74 -218.46 1 913 -419.48 -205.30
-8.440063 -4.097098 -20.273867
223 168 52
2 0 1028 -645.32 -274.37 1 920 -722.94 -244.84
-3.902002 -4.497885 -22.738060
86 113 68
2 0 1035 -285.17 -271.53 1 924 -353.19 -241.06
-7.404905 -4.861718 -21.483791
153 125 85
2 0 1046 -540.91 -312.09 1 928 -614.92 -280.62
-2.714835 -6.756655 -28.016681
72 66 54
2 0 1061 -173.43 -343.29 1 946 -240.20 -301.84
-4.316623 -6.361340 -24.472343
63 68 36
2 0 1069 -292.24 -366.52 1 722 -361.45 -330.71
-3.015427 -7.333037 -28.358519
193 192 189
2 0 1071 -187.24 -369.87 1 953 -255.04 -327.18
-3.015427 -7.333037 -28.358519
193 192 189
2 0 1072 -187.24 -369.87 1 954 -255.04 -327.18
-1658.131551 812.024642 -3710.567516
201 95 115
2 0 1126 -729.09 352.87 1 981 -799.49 478.61
-9.096683 4.858726 -25.561300
95 79 51
2 0 1142 -561.68 302.64 1 995 -633.47 361.26
-9.207681 5.133320 -26.055914
172 131 53
2 0 1143 -557.63 312.99 1 1182 -630.42 373.25
141.116766 -131.594966 693.360543
64 43 88
2 0 1146 -338.84 305.73 1 987 -394.38 419.18
-7.924179 4.580822 -28.886254
126 141 72
2 0 1149 -441.36 255.53 1 1010 -505.83 314.57
-421.118185 129.760796 -850.509251
182 177 217
2 0 1154 -805.43 246.81 1 992 -879.80 369.11
-413.663887 118.960542 -838.797356
204 191 226
2 0 1155 -802.24 229.63 1 993 -876.31 351.10
-474.202867 120.722431 -984.363458
161 65 77
2 0 1162 -783.86 198.91 1 998 -857.13 318.96
-337.751580 57.833505 -652.242425
75 66 121
2 0 1175 -841.10 144.70 1 1015 -917.10 263.79
-6.669628 0.696150 -18.271730
190 141 49
2 0 1196 -567.09 79.92 1 1054 -642.80 107.17
-7.513943 -0.160934 -21.437601
212 157 36
2 0 1208 -550.31 10.55 1 1065 -622.53 46.65
-9.030525 -1.902305 -16.865739
235 220 93
2 0 1236 -811.96 -137.45 1 1086 -900.26 -116.63
-8.170682 -2.035378 -18.125253
55 57 35
2 0 1237 -691.38 -139.02 1 1089 -773.89 -115.03
-4.934377 -2.630651 -20.707529
123 92 33
2 0 1239 -383.30 -164.24 1 1098 -452.57 -137.69
-2.013629 -4.626785 -24.726697
51 58 40
2 0 1273 -150.72 -258.34 1 1113 -217.14 -225.11
-3.564136 -4.495838 -22.940899
57 77 40
2 0 1282 -261.25 -269.07 1 1118 -328.54 -238.50
-8.146253 -4.692354 -19.815824
211 129 32
2 0 1295 -636.42 -324.33 1 1123 -714.91 -296.81
-7.454054 -4.789712 -19.883106
192 127 31
2 0 1297 -583.66 -330.23 1 1124 -659.60 -303.61
-3.798746 -6.059882 -24.332089
89 104 65
2 0 1301 -262.02 -350.01 1 1130 -330.79 -315.22
-1.767357 -5.499265 -23.485722
118 92 59
2 0 1302 -142.28 -326.12 1 1273 -209.33 -295.93
-4.917395 -6.622308 -24.847360
45 49 32
2 0 1306 -323.89 -377.08 1 1133 -394.46 -339.60
-4.126005 -6.558007 -24.603101
34 40 28
2 0 1307 -278.41 -376.58 1 1134 -349.36 -340.44
-3.627705 -8.254634 -27.629785
188 188 185
2 0 1323 -224.42 -429.19 1 1144 -294.14 -386.46
1776.285109 1146.340968 3559.596289
156 150 160
2 0 1329 -811.97 -513.06 1 1145 -881.78 -398.05
-552.884316 227.615408 -1096.611017
150 139 179
2 0 1350 -820.70 334.90 1 1169 -895.64 461.89
-552.884316 227.615408 -1096.611017
150 139 179
2 0 1351 -820.70 334.90 1 1170 -895.64 461.89
-1048.593523 453.521575 -2210.087315
67 43 79
2 0 1352 -773.21 331.09 1 1173 -845.85 457.05
-793.290820 362.906945 -1694.835712
171 127 149
2 0 1353 -762.63 345.28 1 1171 -835.24 471.42
-793.290820 362.906945 -1694.835712
171 127 149
2 0 1354 -762.63 345.28 1 1172 -835.24 471.42
-575.175565 193.343787 -1262.097323
252 208 231
2 0 1364 -742.29 247.69 1 1181 -813.96 368.68
-742.615628 181.942317 -1655.491131
242 179 204
2 0 1374 -731.14 178.49 1 1313 -801.45 296.77
-5.425368 1.543391 -20.410129
62 63 28
2 0 1380 -422.87 133.36 1 1037 -493.05 166.79
-6.492034 0.921919 -18.291339
172 126 46
2 0 1385 -552.51 97.83 1 1222 -627.23 125.35
-6.763282 0.549598 -18.697584
69 53 21
2 0 1388 -563.05 66.91 1 1056 -637.99 95.33
6.884515 0.156567 -26.785993
140 112 54
2 0 1393 353.06 27.40 1 1230 298.86 54.24
-6.645116 -0.523448 -21.625661
161 119 32
2 0 1395 -485.17 -14.32 1 1344 -557.54 20.39
-7.817189 -0.906759 -22.527051
241 204 72
2 0 1400 -544.98 -38.91 1 1343 -619.07 -0.57
-7.005414 -1.176165 -22.477663
158 95 22
2 0 1401 -492.77 -56.61 1 1239 -564.37 -20.19
-3.088938 -2.190003 -19.481765
46 53 35
2 0 1413 -265.74 -140.64 1 1250 -332.74 -120.83
-7.837032 -2.310656 -16.836181
210 208 104
2 0 1417 -710.27 -172.45 1 1352 -793.38 -154.93
7.427776 -5.642655 -31.684876
138 119 109
2 0 1428 326.46 -251.22 1 1266 259.66 -213.75
-3.634057 -4.643077 -22.719863
72 94 46
2 0 1430 -268.18 -281.11 1 1269 -335.51 -251.05
-8.714897 -9.279546 -28.098537
151 161 108
2 0 1452 -493.54 -478.26 1 1286 -566.09 -429.53
-583.797441 274.351424 -1233.568931
64 46 90
2 0 1466 -771.20 358.57 1 1297 -843.57 485.15
-8.789394 5.414481 -24.046079
215 196 64
2 0 1467 -575.33 354.75 1 1303 -647.39 412.80
85.417325 -87.281081 424.303225
54 34 59
2 0 1469 -335.69 331.42 1 1301 -390.19 446.98
-329.247977 131.539223 -701.373739
224 47 78
2 0 1471 -763.31 302.49 1 1302 -837.40 425.70
-6.089855 1.423922 -18.730462
60 54 28
2 0 1484 -509.53 134.88 1 1325 -581.96 164.35
-2.824568 1.821943 -26.007315
38 46 23
2 0 1488 -191.61 123.14 1 1405 -250.91 164.68
-11.207862 0.776104 -22.125627
239 198 56
2 0 1489 -783.29 72.89 1 1327 -865.70 119.29
-7.723828 0.274315 -20.406892
167 144 78
2 0 1493 -590.60 42.22 1 1332 -664.73 76.85
7.585856 0.229654 -27.504402
154 142 128
2 0 1494 382.25 30.81 1 1337 327.63 58.34
7.365123 -0.188201 -27.356552
62 52 43
2 0 1499 372.49 8.18 1 1231 316.57 35.57
7.818791 -0.341559 -28.097129
160 148 135
2 0 1500 387.77 -0.03 1 1232 329.90 28.34
-7.959905 -1.686354 -23.909303
88 101 47
2 0 1507 -525.97 -84.98 1 1245 -597.38 -44.47
-8.432636 -1.551275 -17.587177
193 162 95
2 0 1509 -731.98 -103.11 1 1417 -817.03 -79.77
-3.250545 -4.022295 -21.574704
35 38 23
2 0 1517 -253.51 -252.73 1 1265 -322.41 -226.33
-2.678095 -4.993298 -24.516415
52 60 40
2 0 1518 -192.32 -282.72 1 1270 -259.20 -249.15
-7.246220 -4.974537 -20.504563
159 124 65
2 0 1524 -551.55 -334.20 1 1366 -628.70 -305.61
-5.074105 -8.833929 -24.216309
70 81 51
2 0 1539 -341.36 -522.05 1 1383 -413.22 -483.87
-7.329546 0.368708 -20.149417
235 199 78
2 0 1563 -568.59 49.57 1 1227 -641.80 82.93
-6.770533 -1.310318 -22.597572
176 133 39
2 0 1567 -474.60 -65.11 1 1413 -546.32 -28.87
-4.193172 -6.056890 -24.264976
117 118 86
2 0 1586 -287.00 -350.81 1 1428 -355.79 -315.77
-4.193172 -6.056890 -24.264976
117 118 86
2 0 1587 -287.00 -350.81 1 1427 -355.79 -315.77
-4.630512 -7.169092 -24.724660
48 54 40
2 0 1590 -308.30 -411.65 1 1433 -378.56 -374.43
-346.246400 143.812060 -721.723695
68 47 86
2 0 1608 -780.19 321.30 1 1444 -854.69 445.89
-1319.915641 576.388649 -2990.640493
230 51 81
2 0 1612 -719.27 310.89 1 1447 -790.75 434.61
-517.696390 155.031240 -1019.933663
58 40 80
2 0 1620 -826.11 246.04 1 1451 -900.44 369.06
-6.596052 0.653876 -18.671159
61 55 31
2 0 1633 -550.32 75.10 1 1462 -625.36 103.43
-3.041329 1.250225 -25.444219
63 73 46
2 0 1634 -207.62 92.15 1 1461 -268.65 132.16
-2.051282 1.086448 -25.800709
43 46 29
2 0 1635 -148.23 81.58 1 1407 -207.19 120.44
-7.842940 -0.312542 -21.942270
248 211 71
2 0 1638 -560.46 0.10 1 1463 -634.18 37.92
-5.338679 -1.593860 -21.086008
156 121 38
2 0 1641 -405.51 -89.22 1 1523 -474.58 -59.88
-5.774687 -2.093169 -20.695580
60 65 28
2 0 1643 -443.50 -126.30 1 1469 -513.85 -98.01
-5.210763 -1.933116 -20.529652
61 74 27
2 0 1644 -405.53 -115.82 1 1470 -476.19 -88.66
-5.210763 -1.933116 -20.529652
61 74 27
2 0 1645 -405.53 -115.82 1 1471 -476.19 -88.66
-5.379878 -2.313848 -20.622709
163 138 46
2 0 1648 -416.02 -142.44 1 1472 -487.04 -115.10
-3.016864 -2.395884 -19.797933
42 51 30
2 0 1649 -256.44 -153.73 1 1473 -323.84 -133.01
8.514531 -6.083941 -33.132818
159 149 143
2 0 1655 362.05 -260.64 1 1479 293.83 -221.58
-4.037628 -4.879927 -22.689299
151 145 121
2 0 1658 -294.28 -297.00 1 1484 -363.33 -266.41
-7.434602 -5.006111 -20.535898
177 139 59
2 0 1659 -565.44 -335.91 1 1486 -640.73 -307.22
-635.615829 219.952520 -1381.316088
246 184 211
2 0 1676 -749.53 257.38 1 1503 -821.43 379.07
-5.954533 1.095606 -19.410440
154 139 91
2 0 1683 -483.28 105.90 1 1516 -554.45 136.26
7.543954 0.527248 -26.999856
171 158 142
2 0 1687 386.50 47.69 1 1518 333.29 74.22
-7.097376 -0.130998 -21.074955
191 121 32
2 0 1688 -528.69 12.67 1 1464 -602.06 47.34
-7.890228 -2.158308 -19.346665
65 66 33
2 0 1691 -631.51 -139.87 1 1554 -709.15 -112.45
-7.989410 -4.897171 -19.761516
205 131 35
2 0 1699 -625.97 -340.35 1 1530 -704.82 -313.19
-8.207329 -0.702672 -22.051778
82 74 71
2 0 1712 -582.85 -26.00 1 1552 -656.65 11.94
-6.441160 0.877532 -19.124258
52 50 29
2 0 1726 -527.70 90.73 1 1562 -599.62 120.53
-9.294413 0.499415 -20.658887
72 66 40
2 0 1728 -695.93 57.68 1 1550 -776.00 96.69
-8.032328 -1.994631 -18.189654
57 57 35
2 0 1730 -678.48 -135.21 1 1564 -759.56 -111.29
-0.586480 -5.960857 -27.445507
119 95 59
2 0 1734 -60.97 -306.39 1 1568 -125.65 -268.52
-3.082291 -1.198578 -20.989342
36 40 21
2 0 1774 -247.53 -61.81 1 1608 -314.68 -35.88
